Bandwidth: 100 Mbit/s
RTT: 1000 ms
BDP: 12500000 B/s
Max In-Flight Packets: 9765
[server] starting server with pid 971003, port 18080, cc cubic, iw 32
[server][session 0] open
[client] connection establishment time: 2.005772 s
[server][session 0][stream 0] open
[client] time to first byte: 3.006748 s
[client] second 0.100250: 1275144.151479 bit/s, bytes received: 15979 B, packets received: 21
[client] second 0.200411: 392168.549810 bit/s, bytes received: 4910 B, packets received: 4
[client] second 0.300486: 392350.010184 bit/s, bytes received: 4908 B, packets received: 4
[client] second 0.400627: 392083.519781 bit/s, bytes received: 4908 B, packets received: 4
[client] second 0.501654: 388650.444886 bit/s, bytes received: 4908 B, packets received: 4
[client] second 0.601885: 293800.093699 bit/s, bytes received: 3681 B, packets received: 3
[client] second 0.702423: 0.000000 bit/s, bytes received: 0 B, packets received: 0
[client] second 0.803024: 0.000000 bit/s, bytes received: 0 B, packets received: 0
[client] second 0.903285: 0.000000 bit/s, bytes received: 0 B, packets received: 0
[client] second 1.004079: 973857.356823 bit/s, bytes received: 12270 B, packets received: 10
[client] second 1.104638: 488070.878472 bit/s, bytes received: 6135 B, packets received: 5
[client] second 1.205297: 585102.222115 bit/s, bytes received: 7362 B, packets received: 6
[client] second 1.305905: 623174.922764 bit/s, bytes received: 7837 B, packets received: 7
[client] second 1.406144: 685484.365755 bit/s, bytes received: 8589 B, packets received: 7
[client] second 1.507122: 777672.750715 bit/s, bytes received: 9816 B, packets received: 8
[client] second 1.608158: 777224.964821 bit/s, bytes received: 9816 B, packets received: 8
[client] second 1.708383: 783517.672874 bit/s, bytes received: 9816 B, packets received: 8
[client] second 1.808887: 683671.547043 bit/s, bytes received: 8589 B, packets received: 7
[client] second 1.909086: 0.000000 bit/s, bytes received: 0 B, packets received: 0
[client] second 2.009749: 1015277.754612 bit/s, bytes received: 12775 B, packets received: 11
[client] second 2.110320: 976027.012641 bit/s, bytes received: 12270 B, packets received: 10
[client] second 2.211109: 973912.818472 bit/s, bytes received: 12270 B, packets received: 10
[client] second 2.311452: 1076064.482508 bit/s, bytes received: 13497 B, packets received: 11
[client] second 2.412428: 1166535.881322 bit/s, bytes received: 14724 B, packets received: 12
[client] second 2.512703: 1312873.680416 bit/s, bytes received: 16456 B, packets received: 14
[client] second 2.612968: 1369974.895729 bit/s, bytes received: 17170 B, packets received: 14
[client] second 2.713301: 1467502.942680 bit/s, bytes received: 18405 B, packets received: 15
[client] second 2.814155: 1557267.306426 bit/s, bytes received: 19632 B, packets received: 16
[client] second 2.915137: 1693137.101632 bit/s, bytes received: 21372 B, packets received: 18
[client] second 3.015756: 1365304.138999 bit/s, bytes received: 17172 B, packets received: 14
[client] second 3.115804: 1766041.112811 bit/s, bytes received: 22086 B, packets received: 18
[client] second 3.216723: 1888561.401195 bit/s, bytes received: 23824 B, packets received: 20
[client] second 3.317039: 2054865.023730 bit/s, bytes received: 25767 B, packets received: 21
[client] second 3.417750: 2184379.407456 bit/s, bytes received: 27499 B, packets received: 23
[client] second 3.518300: 2440015.085798 bit/s, bytes received: 30668 B, packets received: 25
[client] second 3.619330: 2526145.175965 bit/s, bytes received: 31902 B, packets received: 26
[client] second 3.719536: 2685755.401140 bit/s, bytes received: 33641 B, packets received: 28
[client] second 3.819695: 2882440.144369 bit/s, bytes received: 36088 B, packets received: 30
[client] second 3.920679: 3109973.534685 bit/s, bytes received: 39257 B, packets received: 32
[client] second 4.021143: 3265065.705088 bit/s, bytes received: 41003 B, packets received: 34
[client] second 4.122097: 3499765.207707 bit/s, bytes received: 44164 B, packets received: 36
[client] second 4.223043: 3735747.847362 bit/s, bytes received: 47139 B, packets received: 39
[client] second 4.323473: 4046934.692317 bit/s, bytes received: 50804 B, packets received: 42
[client] second 4.424331: 4225096.880743 bit/s, bytes received: 53267 B, packets received: 45
[client] second 4.524592: 4544492.367829 bit/s, bytes received: 56954 B, packets received: 47
[client] second 4.624608: 4653143.250797 bit/s, bytes received: 58174 B, packets received: 49
[client] second 4.725194: 0.000000 bit/s, bytes received: 0 B, packets received: 0
[client] second 4.825247: 1667271.960935 bit/s, bytes received: 20852 B, packets received: 18
[client] second 4.925843: 5993027.684600 bit/s, bytes received: 75359 B, packets received: 62
[client] second 5.026792: 2762648.897358 bit/s, bytes received: 34861 B, packets received: 31
[client] second 5.127532: 0.000000 bit/s, bytes received: 0 B, packets received: 1
[client] second 5.228354: 7828784.526056 bit/s, bytes received: 98665 B, packets received: 81
[client] second 5.329313: 2567948.066703 bit/s, bytes received: 32407 B, packets received: 28
[client] second 5.429818: 3710201.038042 bit/s, bytes received: 46612 B, packets received: 39
[client] second 5.530750: 8736798.823064 bit/s, bytes received: 110227 B, packets received: 91
[client] second 5.631506: 9140549.294442 bit/s, bytes received: 115121 B, packets received: 96
[client] second 5.732123: 9641013.840988 bit/s, bytes received: 121256 B, packets received: 99
[client] second 5.832936: 9581587.677545 bit/s, bytes received: 120744 B, packets received: 100
[client] second 5.933366: 10148192.320384 bit/s, bytes received: 127398 B, packets received: 104
[client] second 6.033893: 8575519.636568 bit/s, bytes received: 107759 B, packets received: 91
[client] second 6.134253: 10937195.938099 bit/s, bytes received: 137207 B, packets received: 114
[client] second 6.234953: 2477073.096626 bit/s, bytes received: 31180 B, packets received: 27
[client] second 6.335121: 0.000000 bit/s, bytes received: 0 B, packets received: 1
[client] second 6.435518: 0.000000 bit/s, bytes received: 0 B, packets received: 1
[client] second 6.536021: 4589606.649123 bit/s, bytes received: 57659 B, packets received: 50
[client] second 6.637071: 14399576.287456 bit/s, bytes received: 181884 B, packets received: 149
[client] second 6.737723: 3452294.457906 bit/s, bytes received: 43435 B, packets received: 38
[client] second 6.837896: 16683384.584856 bit/s, bytes received: 208903 B, packets received: 172
[client] second 6.938867: 17812438.450641 bit/s, bytes received: 224817 B, packets received: 185
[client] second 7.039494: 18988289.433221 bit/s, bytes received: 238843 B, packets received: 197
[client] second 7.139697: 20242343.833867 bit/s, bytes received: 253544 B, packets received: 209
[client] second 7.239901: 21419672.013518 bit/s, bytes received: 268290 B, packets received: 221
[client] second 7.340490: 21141423.527621 bit/s, bytes received: 265825 B, packets received: 220
[client] second 7.440783: 21301776.681898 bit/s, bytes received: 267052 B, packets received: 219
[client] second 7.541234: 6920804.336039 bit/s, bytes received: 86900 B, packets received: 73
[client] second 7.641380: 0.000000 bit/s, bytes received: 0 B, packets received: 4
[client] second 7.742429: 0.000000 bit/s, bytes received: 0 B, packets received: 1
[client] second 7.843443: 0.000000 bit/s, bytes received: 0 B, packets received: 2
[client] second 7.943494: 25571531.088088 bit/s, bytes received: 319806 B, packets received: 264
[client] second 8.044062: 16266219.437511 bit/s, bytes received: 204482 B, packets received: 172
[client] second 8.144074: 22833649.623019 bit/s, bytes received: 285457 B, packets received: 235
[client] second 8.244634: 34600200.742087 bit/s, bytes received: 434924 B, packets received: 358
[client] second 8.345092: 37355668.707675 bit/s, bytes received: 469083 B, packets received: 388
[client] second 8.445412: 40104742.313570 bit/s, bytes received: 502914 B, packets received: 414
[client] second 8.546136: 42129685.953414 bit/s, bytes received: 530433 B, packets received: 437
[client] second 8.646204: 42445950.198652 bit/s, bytes received: 530928 B, packets received: 438
[client] second 8.746220: 42131887.488435 bit/s, bytes received: 526742 B, packets received: 433
[client] second 8.846275: 31145855.097534 bit/s, bytes received: 389535 B, packets received: 322
[client] second 8.946583: 0.000000 bit/s, bytes received: 0 B, packets received: 3
[client] second 9.046785: 0.000000 bit/s, bytes received: 0 B, packets received: 2
[client] second 9.147079: 0.000000 bit/s, bytes received: 0 B, packets received: 3
[client] second 9.247115: 25771671.673893 bit/s, bytes received: 322260 B, packets received: 267
[client] second 9.347184: 57436327.990390 bit/s, bytes received: 718449 B, packets received: 592
[client] second 9.447273: 17716431.274046 bit/s, bytes received: 221653 B, packets received: 188
[client] second 9.547472: 67140822.150815 bit/s, bytes received: 840925 B, packets received: 692
[client] second 9.647571: 72502273.748080 bit/s, bytes received: 907176 B, packets received: 747
[client] second 9.747589: 77647532.757779 bit/s, bytes received: 970777 B, packets received: 800
[client] second 9.847600: 19201939.943793 bit/s, bytes received: 240051 B, packets received: 199
[client] second 9.947664: 84715943.970325 bit/s, bytes received: 1059626 B, packets received: 873
[client] second 10.047675: 80834468.286859 bit/s, bytes received: 1010539 B, packets received: 834
[client] second 10.148179: 0.000000 bit/s, bytes received: 0 B, packets received: 0
[client] second 10.248551: 0.000000 bit/s, bytes received: 0 B, packets received: 3
[client] second 10.349342: 0.000000 bit/s, bytes received: 0 B, packets received: 8
[client] second 10.449997: 0.000000 bit/s, bytes received: 0 B, packets received: 2
[client] second 10.550013: 61391602.691918 bit/s, bytes received: 767512 B, packets received: 635
[client] second 10.650971: 63816219.885892 bit/s, bytes received: 805352 B, packets received: 665
[client] second 10.751401: 0.000000 bit/s, bytes received: 0 B, packets received: 0
[client] second 10.851445: 54073658.916530 bit/s, bytes received: 676219 B, packets received: 557
[client] second 10.951483: 94826421.048481 bit/s, bytes received: 1185783 B, packets received: 977
[client] second 11.052042: 60417514.534179 bit/s, bytes received: 759438 B, packets received: 627
[client] second 11.152114: 54843253.078638 bit/s, bytes received: 686035 B, packets received: 565
[client] second 11.252137: 94743480.107634 bit/s, bytes received: 1184556 B, packets received: 977
[client] second 11.352576: 18045551.395156 bit/s, bytes received: 226561 B, packets received: 187
[client] second 11.452721: 0.000000 bit/s, bytes received: 0 B, packets received: 0
[client] second 11.553603: 0.000000 bit/s, bytes received: 0 B, packets received: 8
[client] second 11.653624: 9363641.781594 bit/s, bytes received: 117070 B, packets received: 100
[client] second 11.753683: 94806709.729662 bit/s, bytes received: 1185783 B, packets received: 977
[client] second 11.854211: 21487373.166124 bit/s, bytes received: 270011 B, packets received: 231
[client] second 11.954566: 0.000000 bit/s, bytes received: 0 B, packets received: 1
[client] second 12.054588: 12838721.943702 bit/s, bytes received: 160520 B, packets received: 132
[client] second 12.154620: 94734845.992825 bit/s, bytes received: 1184556 B, packets received: 977
[client] second 12.254668: 94816659.609089 bit/s, bytes received: 1185783 B, packets received: 976
[client] second 12.354696: 62307912.029933 bit/s, bytes received: 779070 B, packets received: 643
[client] second 12.454726: 94736448.432273 bit/s, bytes received: 1184556 B, packets received: 976
[client] second 12.555467: 17796630.022319 bit/s, bytes received: 224107 B, packets received: 186
[client] second 12.656130: 0.000000 bit/s, bytes received: 0 B, packets received: 1
[client] second 12.756416: 0.000000 bit/s, bytes received: 0 B, packets received: 9
[client] second 12.856448: 51390270.833289 bit/s, bytes received: 642585 B, packets received: 529
[client] second 12.957204: 73864248.274514 bit/s, bytes received: 930279 B, packets received: 768
[client] second 13.058011: 0.000000 bit/s, bytes received: 0 B, packets received: 2
[client] second 13.158097: 0.000000 bit/s, bytes received: 0 B, packets received: 8
[client] second 13.258703: 0.000000 bit/s, bytes received: 0 B, packets received: 0
[client] second 13.358800: 67265874.421322 bit/s, bytes received: 841647 B, packets received: 694
[client] second 13.458815: 94848172.808202 bit/s, bytes received: 1185783 B, packets received: 976
[client] second 13.558843: 94778612.107654 bit/s, bytes received: 1185061 B, packets received: 978
[client] second 13.658933: 94679568.522562 bit/s, bytes received: 1184556 B, packets received: 976
[client] second 13.759477: 25584331.435985 bit/s, bytes received: 321545 B, packets received: 266
[client] second 13.860338: 0.000000 bit/s, bytes received: 0 B, packets received: 7
[client] second 13.960638: 0.000000 bit/s, bytes received: 0 B, packets received: 4
[client] second 14.060754: 94850902.898375 bit/s, bytes received: 1187010 B, packets received: 978
[client] second 14.160935: 30812554.206894 bit/s, bytes received: 385854 B, packets received: 319
[client] second 14.261168: 0.000000 bit/s, bytes received: 0 B, packets received: 0
[client] second 14.361533: 0.000000 bit/s, bytes received: 0 B, packets received: 8
[client] second 14.462142: 0.000000 bit/s, bytes received: 0 B, packets received: 3
[client] second 14.562351: 0.000000 bit/s, bytes received: 0 B, packets received: 0
[client] second 14.662572: 0.000000 bit/s, bytes received: 0 B, packets received: 0
[client] second 14.762626: 48435463.662523 bit/s, bytes received: 605775 B, packets received: 499
[client] second 14.862655: 94737719.436391 bit/s, bytes received: 1184556 B, packets received: 977
[client] second 14.962755: 94767736.745391 bit/s, bytes received: 1185783 B, packets received: 977
[client] second 15.062812: 94808019.203976 bit/s, bytes received: 1185783 B, packets received: 976
[client] second 15.162821: 85939610.042129 bit/s, bytes received: 1074343 B, packets received: 891
[client] second 15.263627: 83742963.236567 bit/s, bytes received: 1055216 B, packets received: 871
[client] second 15.363832: 0.000000 bit/s, bytes received: 0 B, packets received: 0
[client] second 15.464300: 0.000000 bit/s, bytes received: 0 B, packets received: 0
[client] second 15.564792: 0.000000 bit/s, bytes received: 0 B, packets received: 0
[client] second 15.664979: 0.000000 bit/s, bytes received: 0 B, packets received: 0
[client] second 15.765958: 0.000000 bit/s, bytes received: 0 B, packets received: 6
[client] second 15.865981: 0.000000 bit/s, bytes received: 0 B, packets received: 7
[client] second 15.966212: 0.000000 bit/s, bytes received: 0 B, packets received: 0
[client] second 16.066685: 0.000000 bit/s, bytes received: 0 B, packets received: 0
[client] second 16.166913: 0.000000 bit/s, bytes received: 0 B, packets received: 0
[client] second 16.267624: 0.000000 bit/s, bytes received: 0 B, packets received: 0
[client] second 16.367683: 84228750.451507 bit/s, bytes received: 1053484 B, packets received: 868
[client] second 16.467734: 94715738.333896 bit/s, bytes received: 1184556 B, packets received: 976
[client] second 16.567779: 94722254.713294 bit/s, bytes received: 1184556 B, packets received: 976
[client] second 16.667839: 94805474.195170 bit/s, bytes received: 1185783 B, packets received: 977
[client] second 16.767867: 94738069.868263 bit/s, bytes received: 1184556 B, packets received: 976
[client] second 16.868266: 39723106.945996 bit/s, bytes received: 498521 B, packets received: 412
[client] second 16.968459: 0.000000 bit/s, bytes received: 0 B, packets received: 0
[client] second 17.068637: 0.000000 bit/s, bytes received: 0 B, packets received: 0
[client] second 17.168815: 0.000000 bit/s, bytes received: 0 B, packets received: 0
[client] second 17.268989: 0.000000 bit/s, bytes received: 0 B, packets received: 0
[client] second 17.369049: 0.000000 bit/s, bytes received: 0 B, packets received: 10
[client] second 17.469624: 0.000000 bit/s, bytes received: 0 B, packets received: 1
[client] second 17.569851: 0.000000 bit/s, bytes received: 0 B, packets received: 0
[client] second 17.670040: 0.000000 bit/s, bytes received: 0 B, packets received: 0
[client] second 17.770251: 0.000000 bit/s, bytes received: 0 B, packets received: 0
[client] second 17.870273: 32137495.580449 bit/s, bytes received: 401805 B, packets received: 331
[client] second 17.970314: 94725848.904300 bit/s, bytes received: 1184556 B, packets received: 977
[client] second 18.070377: 94802237.702270 bit/s, bytes received: 1185783 B, packets received: 976
[client] second 18.170404: 94739701.778397 bit/s, bytes received: 1184556 B, packets received: 976
[client] second 18.270424: 94843165.852755 bit/s, bytes received: 1185783 B, packets received: 977
[client] second 18.370488: 91859477.999248 bit/s, bytes received: 1148973 B, packets received: 948
[client] second 18.471272: 0.000000 bit/s, bytes received: 0 B, packets received: 0
[client] second 18.572007: 0.000000 bit/s, bytes received: 0 B, packets received: 0
[client] second 18.672449: 0.000000 bit/s, bytes received: 0 B, packets received: 0
[client] second 18.772658: 0.000000 bit/s, bytes received: 0 B, packets received: 0
[client] second 18.872938: 0.000000 bit/s, bytes received: 0 B, packets received: 4
[client] second 18.973673: 0.000000 bit/s, bytes received: 0 B, packets received: 9
[client] second 19.073881: 0.000000 bit/s, bytes received: 0 B, packets received: 0
[client] second 19.174090: 0.000000 bit/s, bytes received: 0 B, packets received: 0
[client] second 19.274530: 0.000000 bit/s, bytes received: 0 B, packets received: 0
[client] second 19.374913: 0.000000 bit/s, bytes received: 0 B, packets received: 0
[client] second 19.474950: 77690619.132358 bit/s, bytes received: 971492 B, packets received: 800
[client] second 19.575003: 94714277.644277 bit/s, bytes received: 1184556 B, packets received: 976
[client] second 19.675029: 94837893.000201 bit/s, bytes received: 1185783 B, packets received: 977
[client] second 19.775044: 94691944.269016 bit/s, bytes received: 1183834 B, packets received: 976
[client] second 19.875146: 94766085.678285 bit/s, bytes received: 1185783 B, packets received: 978
[client] second 19.975437: 46265911.814161 bit/s, bytes received: 580008 B, packets received: 478
[client] second 20.075604: 0.000000 bit/s, bytes received: 0 B, packets received: 0
[client] second 20.175779: 0.000000 bit/s, bytes received: 0 B, packets received: 0
[client] second 20.275957: 0.000000 bit/s, bytes received: 0 B, packets received: 0
[client] second 20.376052: 0.000000 bit/s, bytes received: 0 B, packets received: 0
[client] second 20.476241: 0.000000 bit/s, bytes received: 0 B, packets received: 10
[client] second 20.576941: 0.000000 bit/s, bytes received: 0 B, packets received: 3
[client] second 20.677407: 0.000000 bit/s, bytes received: 0 B, packets received: 0
[client] second 20.777618: 0.000000 bit/s, bytes received: 0 B, packets received: 0
[client] second 20.877827: 0.000000 bit/s, bytes received: 0 B, packets received: 0
[client] second 20.977855: 26893825.676474 bit/s, bytes received: 336269 B, packets received: 277
[client] second 21.077952: 94770543.880867 bit/s, bytes received: 1185783 B, packets received: 978
[client] second 21.178022: 94796447.432616 bit/s, bytes received: 1185783 B, packets received: 976
[client] second 21.278052: 94833921.443569 bit/s, bytes received: 1185783 B, packets received: 977
[client] second 21.378065: 94752884.142039 bit/s, bytes received: 1184556 B, packets received: 976
[client] second 21.478101: 94729900.744331 bit/s, bytes received: 1184556 B, packets received: 976
[client] second 21.579034: 2276841.982284 bit/s, bytes received: 28726 B, packets received: 25
[client] second 21.679273: 0.000000 bit/s, bytes received: 0 B, packets received: 0
[client] second 21.779358: 0.000000 bit/s, bytes received: 0 B, packets received: 0
[client] second 21.879423: 0.000000 bit/s, bytes received: 0 B, packets received: 0
[client] second 21.979474: 0.000000 bit/s, bytes received: 0 B, packets received: 3
[client] second 22.080129: 0.000000 bit/s, bytes received: 0 B, packets received: 8
[client] second 22.180592: 0.000000 bit/s, bytes received: 0 B, packets received: 0
[client] second 22.280800: 0.000000 bit/s, bytes received: 0 B, packets received: 0
[client] second 22.381263: 0.000000 bit/s, bytes received: 0 B, packets received: 0
[client] second 22.481827: 0.000000 bit/s, bytes received: 0 B, packets received: 0
[client] second 22.581889: 71941060.715323 bit/s, bytes received: 899821 B, packets received: 741
[client] second 22.682041: 94718476.584269 bit/s, bytes received: 1185783 B, packets received: 977
[client] second 22.782086: 94722178.022517 bit/s, bytes received: 1184556 B, packets received: 977
[client] second 22.882121: 94828906.513086 bit/s, bytes received: 1185783 B, packets received: 976
[client] second 22.982138: 94789196.179600 bit/s, bytes received: 1185061 B, packets received: 977
[client] second 23.082556: 51819619.800153 bit/s, bytes received: 650452 B, packets received: 537
[client] second 23.182739: 0.000000 bit/s, bytes received: 0 B, packets received: 0
[client] second 23.282926: 0.000000 bit/s, bytes received: 0 B, packets received: 0
[client] second 23.383099: 0.000000 bit/s, bytes received: 0 B, packets received: 0
[client] second 23.483272: 0.000000 bit/s, bytes received: 0 B, packets received: 0
[client] second 23.584148: 0.000000 bit/s, bytes received: 0 B, packets received: 9
[client] second 23.684620: 0.000000 bit/s, bytes received: 0 B, packets received: 4
[client] second 23.784817: 0.000000 bit/s, bytes received: 0 B, packets received: 0
[client] second 23.884953: 0.000000 bit/s, bytes received: 0 B, packets received: 0
[client] second 23.985127: 0.000000 bit/s, bytes received: 0 B, packets received: 0
[client] second 24.085198: 21447084.205851 bit/s, bytes received: 268279 B, packets received: 221
[client] second 24.185232: 94731882.759143 bit/s, bytes received: 1184556 B, packets received: 977
[client] second 24.285321: 94778425.577737 bit/s, bytes received: 1185783 B, packets received: 976
[client] second 24.385429: 94760385.016133 bit/s, bytes received: 1185783 B, packets received: 978
[client] second 24.485494: 94801068.601964 bit/s, bytes received: 1185783 B, packets received: 976
[client] second 24.585515: 94744180.111969 bit/s, bytes received: 1184556 B, packets received: 976
[client] second 24.686117: 7691023.187054 bit/s, bytes received: 96716 B, packets received: 81
[client] second 24.786346: 0.000000 bit/s, bytes received: 0 B, packets received: 0
[client] second 24.886576: 0.000000 bit/s, bytes received: 0 B, packets received: 0
[client] second 24.986804: 0.000000 bit/s, bytes received: 0 B, packets received: 0
[client] second 25.087371: 0.000000 bit/s, bytes received: 0 B, packets received: 2
[client] second 25.188338: 0.000000 bit/s, bytes received: 0 B, packets received: 10
[client] second 25.289031: 0.000000 bit/s, bytes received: 0 B, packets received: 1
[client] second 25.389804: 0.000000 bit/s, bytes received: 0 B, packets received: 0
[client] second 25.490428: 0.000000 bit/s, bytes received: 0 B, packets received: 0
[client] second 25.591060: 0.000000 bit/s, bytes received: 0 B, packets received: 0
[client] second 25.691122: 68213388.191120 bit/s, bytes received: 853195 B, packets received: 703
[client] second 25.791373: 68867313.022317 bit/s, bytes received: 863011 B, packets received: 711
[client] second 25.891802: 0.000000 bit/s, bytes received: 0 B, packets received: 0
[client] second 25.992601: 0.000000 bit/s, bytes received: 0 B, packets received: 0
[client] second 26.093235: 0.000000 bit/s, bytes received: 0 B, packets received: 0
[client] second 26.193449: 0.000000 bit/s, bytes received: 0 B, packets received: 0
[client] second 26.293642: 0.000000 bit/s, bytes received: 0 B, packets received: 0
[client] second 26.393822: 0.000000 bit/s, bytes received: 0 B, packets received: 0
[client] second 26.494004: 0.000000 bit/s, bytes received: 0 B, packets received: 0
[client] second 26.594409: 0.000000 bit/s, bytes received: 0 B, packets received: 0
[client] second 26.694477: 70759683.040955 bit/s, bytes received: 885097 B, packets received: 730
[client] second 26.794498: 94841853.510966 bit/s, bytes received: 1185783 B, packets received: 976
[client] second 26.894553: 94712492.312969 bit/s, bytes received: 1184556 B, packets received: 976
[client] second 26.994580: 94739131.597950 bit/s, bytes received: 1184556 B, packets received: 977
[client] second 27.094630: 94855669.078862 bit/s, bytes received: 1186288 B, packets received: 977
[client] second 27.194692: 53180914.254634 bit/s, bytes received: 665176 B, packets received: 549
[client] second 27.295604: 0.000000 bit/s, bytes received: 0 B, packets received: 0
[client] second 27.395808: 0.000000 bit/s, bytes received: 0 B, packets received: 0
[client] second 27.496016: 0.000000 bit/s, bytes received: 0 B, packets received: 0
[client] second 27.596217: 0.000000 bit/s, bytes received: 0 B, packets received: 0
[client] second 27.696662: 0.000000 bit/s, bytes received: 0 B, packets received: 9
[client] second 27.797451: 0.000000 bit/s, bytes received: 0 B, packets received: 4
[client] second 27.897651: 0.000000 bit/s, bytes received: 0 B, packets received: 0
[client] second 27.998106: 0.000000 bit/s, bytes received: 0 B, packets received: 0
[client] second 28.098502: 0.000000 bit/s, bytes received: 0 B, packets received: 0
[client] second 28.198542: 20374309.627060 bit/s, bytes received: 254782 B, packets received: 210
[client] second 28.298575: 94830720.927643 bit/s, bytes received: 1185783 B, packets received: 977
[client] second 28.398633: 94710064.332538 bit/s, bytes received: 1184556 B, packets received: 976
[client] second 28.498686: 94714370.415188 bit/s, bytes received: 1184556 B, packets received: 976
[client] second 28.598712: 66962058.973502 bit/s, bytes received: 837244 B, packets received: 690
[client] second 28.698954: 0.000000 bit/s, bytes received: 0 B, packets received: 0
[client] second 28.799147: 0.000000 bit/s, bytes received: 0 B, packets received: 0
[client] second 28.899373: 0.000000 bit/s, bytes received: 0 B, packets received: 0
[client] second 28.999601: 0.000000 bit/s, bytes received: 0 B, packets received: 0
[client] second 29.099758: 0.000000 bit/s, bytes received: 0 B, packets received: 0
[client] second 29.199874: 20751086.200281 bit/s, bytes received: 259690 B, packets received: 215
[client] second 29.299891: 94846365.312176 bit/s, bytes received: 1185783 B, packets received: 976
[client] second 29.400432: 15839287.511351 bit/s, bytes received: 199062 B, packets received: 165
[client] second 29.501013: 0.000000 bit/s, bytes received: 0 B, packets received: 0
[client] second 29.601073: 5534025.694179 bit/s, bytes received: 69217 B, packets received: 57
[client] second 29.701098: 94741113.999054 bit/s, bytes received: 1184556 B, packets received: 976
[client] second 29.801195: 94770029.779199 bit/s, bytes received: 1185783 B, packets received: 978
[client] second 29.901206: 94851971.050296 bit/s, bytes received: 1185783 B, packets received: 976
[client] second 30.001579: 81423276.209241 bit/s, bytes received: 1021582 B, packets received: 843
[client] second 30.102068: 0.000000 bit/s, bytes received: 0 B, packets received: 0
[client] second 30.202577: 0.000000 bit/s, bytes received: 0 B, packets received: 2
[client] second 30.303580: 0.000000 bit/s, bytes received: 0 B, packets received: 10
[client] second 30.403642: 57243403.691466 bit/s, bytes received: 715988 B, packets received: 591
[client] second 30.504237: 73844718.441846 bit/s, bytes received: 928547 B, packets received: 766
[client] second 30.604497: 0.000000 bit/s, bytes received: 0 B, packets received: 1
[client] second 30.705566: 0.000000 bit/s, bytes received: 0 B, packets received: 11
[client] second 30.806424: 0.000000 bit/s, bytes received: 0 B, packets received: 1
[client] second 30.906682: 0.000000 bit/s, bytes received: 0 B, packets received: 0
[client] second 31.006918: 0.000000 bit/s, bytes received: 0 B, packets received: 0
[client] second 31.107123: 83028881.977579 bit/s, bytes received: 1039987 B, packets received: 857
[client] second 31.207320: 0.000000 bit/s, bytes received: 0 B, packets received: 0
[client] second 31.307675: 0.000000 bit/s, bytes received: 0 B, packets received: 0
[client] second 31.407721: 60293332.931924 bit/s, bytes received: 754025 B, packets received: 622
[client] second 31.507791: 94796777.095210 bit/s, bytes received: 1185783 B, packets received: 976
[client] second 31.607817: 94739614.640741 bit/s, bytes received: 1184556 B, packets received: 977
[client] second 31.707916: 94768644.667473 bit/s, bytes received: 1185783 B, packets received: 977
[client] second 31.808745: 74687083.568295 bit/s, bytes received: 941322 B, packets received: 776
[client] second 31.909573: 0.000000 bit/s, bytes received: 0 B, packets received: 0
[client] second 32.009798: 0.000000 bit/s, bytes received: 0 B, packets received: 0
[client] second 32.110370: 0.000000 bit/s, bytes received: 0 B, packets received: 10
[client] second 32.210602: 0.000000 bit/s, bytes received: 0 B, packets received: 1
[client] second 32.311274: 0.000000 bit/s, bytes received: 0 B, packets received: 0
[client] second 32.411306: 20964681.740110 bit/s, bytes received: 262144 B, packets received: 222
[client] second 32.511368: 94803345.247715 bit/s, bytes received: 1185783 B, packets received: 976
[client] second 32.611479: 9983949.201623 bit/s, bytes received: 124937 B, packets received: 104
[client] second 32.712091: 0.000000 bit/s, bytes received: 0 B, packets received: 0
[client] second 32.812712: 0.000000 bit/s, bytes received: 0 B, packets received: 0
[client] second 32.912847: 93949679.566978 bit/s, bytes received: 1175967 B, packets received: 969
[client] second 33.012867: 94843306.192033 bit/s, bytes received: 1185783 B, packets received: 977
[client] second 33.112946: 94689640.149115 bit/s, bytes received: 1184556 B, packets received: 977
[client] second 33.213989: 92815022.579396 bit/s, bytes received: 1172286 B, packets received: 966
[client] second 33.314489: 0.000000 bit/s, bytes received: 0 B, packets received: 0
[client] second 33.414858: 0.000000 bit/s, bytes received: 0 B, packets received: 3
[client] second 33.515714: 0.000000 bit/s, bytes received: 0 B, packets received: 9
[client] second 33.615727: 63789699.684277 bit/s, bytes received: 797475 B, packets received: 659
[client] second 33.716341: 61652380.180693 bit/s, bytes received: 775389 B, packets received: 639
[client] second 33.816561: 0.000000 bit/s, bytes received: 0 B, packets received: 0
[client] second 33.916940: 0.000000 bit/s, bytes received: 0 B, packets received: 13
[client] second 34.017157: 0.000000 bit/s, bytes received: 0 B, packets received: 0
[client] second 34.117339: 0.000000 bit/s, bytes received: 0 B, packets received: 0
[client] second 34.217689: 0.000000 bit/s, bytes received: 0 B, packets received: 0
[client] second 34.317717: 76126737.710144 bit/s, bytes received: 951860 B, packets received: 784
[client] second 34.417802: 94683611.674105 bit/s, bytes received: 1184556 B, packets received: 976
[client] second 34.517813: 94754656.784731 bit/s, bytes received: 1184556 B, packets received: 977
[client] second 34.617911: 94769365.147741 bit/s, bytes received: 1185783 B, packets received: 977
[client] second 34.717933: 26936124.154166 bit/s, bytes received: 336774 B, packets received: 289
[client] second 34.817947: 94849794.492332 bit/s, bytes received: 1185783 B, packets received: 977
[client] second 34.917991: 20962225.139751 bit/s, bytes received: 262144 B, packets received: 217
[client] second 35.018170: 0.000000 bit/s, bytes received: 0 B, packets received: 0
[client] second 35.118379: 0.000000 bit/s, bytes received: 0 B, packets received: 0
[client] second 35.218592: 0.000000 bit/s, bytes received: 0 B, packets received: 0
[client] second 35.319322: 0.000000 bit/s, bytes received: 0 B, packets received: 10
[client] second 35.419992: 0.000000 bit/s, bytes received: 0 B, packets received: 3
[client] second 35.520623: 0.000000 bit/s, bytes received: 0 B, packets received: 0
[client] second 35.621252: 0.000000 bit/s, bytes received: 0 B, packets received: 0
[client] second 35.721315: 55730578.560085 bit/s, bytes received: 697078 B, packets received: 574
[client] second 35.821380: 94801295.029999 bit/s, bytes received: 1185783 B, packets received: 977
[client] second 35.921522: 94768254.901783 bit/s, bytes received: 1186288 B, packets received: 978
[client] second 36.021560: 94728968.004474 bit/s, bytes received: 1184556 B, packets received: 977
[client] second 36.122375: 35097591.111429 bit/s, bytes received: 442296 B, packets received: 363
[client] second 36.222520: 0.000000 bit/s, bytes received: 0 B, packets received: 0
[client] second 36.322675: 0.000000 bit/s, bytes received: 0 B, packets received: 0
[client] second 36.422835: 0.000000 bit/s, bytes received: 0 B, packets received: 0
[client] second 36.522948: 0.000000 bit/s, bytes received: 0 B, packets received: 0
[client] second 36.623155: 0.000000 bit/s, bytes received: 0 B, packets received: 0
[client] second 36.723169: 56289068.064087 bit/s, bytes received: 703709 B, packets received: 581
[client] second 36.823552: 71067555.932255 bit/s, bytes received: 891746 B, packets received: 735
[client] second 36.924165: 0.000000 bit/s, bytes received: 0 B, packets received: 0
[client] second 37.024760: 0.000000 bit/s, bytes received: 0 B, packets received: 0
[client] second 37.124832: 37262290.405662 bit/s, bytes received: 466114 B, packets received: 385
[client] second 37.224848: 94847019.644335 bit/s, bytes received: 1185783 B, packets received: 976
[client] second 37.324895: 94720230.497121 bit/s, bytes received: 1184556 B, packets received: 976
[client] second 37.424923: 94737553.692490 bit/s, bytes received: 1184556 B, packets received: 976
[client] second 37.525718: 53573793.889549 bit/s, bytes received: 674992 B, packets received: 557
[client] second 37.626538: 0.000000 bit/s, bytes received: 0 B, packets received: 0
[client] second 37.727300: 0.000000 bit/s, bytes received: 0 B, packets received: 7
[client] second 37.827328: 2297441.747708 bit/s, bytes received: 28726 B, packets received: 30
[client] second 37.927346: 94747642.396470 bit/s, bytes received: 1184556 B, packets received: 976
[client] second 38.028053: 30359278.832777 bit/s, bytes received: 382173 B, packets received: 316
[client] second 38.129027: 0.000000 bit/s, bytes received: 0 B, packets received: 5
[client] second 38.229060: 0.000000 bit/s, bytes received: 0 B, packets received: 8
[client] second 38.329244: 0.000000 bit/s, bytes received: 0 B, packets received: 0
[client] second 38.429345: 0.000000 bit/s, bytes received: 0 B, packets received: 0
[client] second 38.529366: 20378517.717226 bit/s, bytes received: 254782 B, packets received: 210
[client] second 38.629389: 94741644.421445 bit/s, bytes received: 1184556 B, packets received: 976
[client] second 38.729465: 94791309.539571 bit/s, bytes received: 1185783 B, packets received: 977
[client] second 38.829492: 94738237.508210 bit/s, bytes received: 1184556 B, packets received: 977
[client] second 38.930515: 70187990.904950 bit/s, bytes received: 886324 B, packets received: 743
[client] second 39.030550: 42615387.801972 bit/s, bytes received: 532877 B, packets received: 440
[client] second 39.130892: 84716160.852141 bit/s, bytes received: 1062578 B, packets received: 876
[client] second 39.231373: 0.000000 bit/s, bytes received: 0 B, packets received: 0
[client] second 39.331842: 0.000000 bit/s, bytes received: 0 B, packets received: 0
[client] second 39.432111: 0.000000 bit/s, bytes received: 0 B, packets received: 0
[client] second 39.532525: 0.000000 bit/s, bytes received: 0 B, packets received: 2
[client] second 39.633357: 0.000000 bit/s, bytes received: 0 B, packets received: 10
[client] second 39.733664: 0.000000 bit/s, bytes received: 0 B, packets received: 1
[client] second 39.833890: 0.000000 bit/s, bytes received: 0 B, packets received: 0
[client] second 39.933956: 2647687.680862 bit/s, bytes received: 33118 B, packets received: 27
[client] second 40.034010: 94713428.449237 bit/s, bytes received: 1184558 B, packets received: 976
[client] total: bytes received: 140297338 B, packets received: 116016
