Bandwidth: 100 Mbit/s
RTT: 1000 ms
BDP: 12500000 B/s
Max In-Flight Packets: 9765
[server] starting server with pid 170292, port 18080, cc cubic, iw 32
[server][session 0] open
[client] connection establishment time: 2.005787 s
[server][session 0][stream 0] open
[client] time to first byte: 3.006922 s
[client] second 1.000481: 314201.148572 bit/s, bytes received: 39294 B, packets received: 41
[client] second 2.001421: 641236.847491 bit/s, bytes received: 80230 B, packets received: 66
[client] second 3.001740: 1287789.034324 bit/s, bytes received: 161025 B, packets received: 133
[client] second 4.002169: 2541823.311657 bit/s, bytes received: 317864 B, packets received: 263
[client] second 5.002216: 3601132.686916 bit/s, bytes received: 450163 B, packets received: 374
[client] second 6.002594: 6701138.473773 bit/s, bytes received: 837959 B, packets received: 696
[client] second 7.002810: 8626427.038148 bit/s, bytes received: 1078536 B, packets received: 898
[client] second 8.003801: 14014282.256740 bit/s, bytes received: 1753521 B, packets received: 1454
[client] second 9.003861: 29358372.604185 bit/s, bytes received: 3670016 B, packets received: 3032
[client] second 10.004509: 46107454.796321 bit/s, bytes received: 5767168 B, packets received: 4762
[client] second 11.004590: 18275846.176116 bit/s, bytes received: 2284666 B, packets received: 1900
[client] second 12.005145: 44612491.562841 bit/s, bytes received: 5579654 B, packets received: 4618
[client] second 13.005816: 50297874.838068 bit/s, bytes received: 6291456 B, packets received: 5190
[client] second 14.005848: 7585190.601309 bit/s, bytes received: 948179 B, packets received: 793
[client] second 15.006675: 42710896.907177 bit/s, bytes received: 5343277 B, packets received: 4414
[client] second 16.006698: 49704022.424039 bit/s, bytes received: 6213145 B, packets received: 5122
[client] second 17.006901: 626360.475513 bit/s, bytes received: 78311 B, packets received: 76
[client] second 18.007994: 50276708.428525 bit/s, bytes received: 6291456 B, packets received: 5185
[client] second 19.008082: 39058918.259456 bit/s, bytes received: 4882793 B, packets received: 4036
[client] second 20.008368: 11266081.675319 bit/s, bytes received: 1408663 B, packets received: 1175
[client] second 21.009039: 50297872.626446 bit/s, bytes received: 6291456 B, packets received: 5185
[client] second 22.009112: 28456715.627288 bit/s, bytes received: 3557349 B, packets received: 2942
[client] second 23.009960: 21854328.796074 bit/s, bytes received: 2734107 B, packets received: 2265
[client] second 24.010473: 50305838.338111 bit/s, bytes received: 6291456 B, packets received: 5185
[client] second 25.010507: 17772072.014849 bit/s, bytes received: 2221584 B, packets received: 1843
[client] second 26.011349: 32531561.100424 bit/s, bytes received: 4069872 B, packets received: 3368
[client] second 27.012038: 50297023.830577 bit/s, bytes received: 6291456 B, packets received: 5185
[client] second 28.012089: 7208016.960568 bit/s, bytes received: 901048 B, packets received: 755
[client] second 29.012312: 43113652.500993 bit/s, bytes received: 5390408 B, packets received: 4452
[client] second 30.012374: 49256356.400482 bit/s, bytes received: 6157425 B, packets received: 5078
[client] second 31.012714: 1071883.684958 bit/s, bytes received: 134031 B, packets received: 124
[client] second 32.013415: 50296388.471308 bit/s, bytes received: 6291456 B, packets received: 5185
[client] second 33.013521: 38612473.238874 bit/s, bytes received: 4827073 B, packets received: 3988
[client] second 34.014414: 11704616.166994 bit/s, bytes received: 1464383 B, packets received: 1221
[client] second 35.015478: 50278156.717122 bit/s, bytes received: 6291456 B, packets received: 5185
[client] second 36.015516: 28021762.661089 bit/s, bytes received: 3502856 B, packets received: 2900
[client] second 37.016181: 22293982.705686 bit/s, bytes received: 2788600 B, packets received: 2311
[client] second 38.016919: 50294540.687880 bit/s, bytes received: 6291456 B, packets received: 5185
[client] second 39.016950: 17448190.787663 bit/s, bytes received: 2181093 B, packets received: 1810
[client] second 40.018029: 32847466.445131 bit/s, bytes received: 4110363 B, packets received: 3401
[client] total: bytes received: 135266304 B, packets received: 111796
