Bandwidth: 100 Mbit/s
RTT: 1000 ms
BDP: 12500000 B/s
Max In-Flight Packets: 9765
[server] starting server with pid 170484, port 18080, cc cubic, iw 32
[server][session 0] open
[client] connection establishment time: 2.004707 s
[server][session 0][stream 0] open
[client] time to first byte: 3.005779 s
[client] second 1.000188: 314293.314838 bit/s, bytes received: 39294 B, packets received: 41
[client] second 2.000706: 641506.938579 bit/s, bytes received: 80230 B, packets received: 66
[client] second 3.001164: 1287610.273207 bit/s, bytes received: 161025 B, packets received: 133
[client] second 4.002082: 2550388.408844 bit/s, bytes received: 319091 B, packets received: 263
[client] second 5.002286: 3590753.037487 bit/s, bytes received: 448936 B, packets received: 374
[client] second 6.002757: 6710327.408949 bit/s, bytes received: 839186 B, packets received: 697
[client] second 7.002970: 8616636.173963 bit/s, bytes received: 1077309 B, packets received: 896
[client] second 8.003183: 14025181.814389 bit/s, bytes received: 1753521 B, packets received: 1455
[client] second 9.003360: 29354948.730266 bit/s, bytes received: 3670016 B, packets received: 3032
[client] second 10.003607: 46125944.480207 bit/s, bytes received: 5767168 B, packets received: 4762
[client] second 11.003632: 18188526.558557 bit/s, bytes received: 2273623 B, packets received: 1891
[client] second 12.004190: 44700627.506973 bit/s, bytes received: 5590697 B, packets received: 4627
[client] second 13.005209: 50280415.122973 bit/s, bytes received: 6291456 B, packets received: 5189
[client] second 14.005289: 7408153.792387 bit/s, bytes received: 926093 B, packets received: 776
[client] second 15.005363: 30465346.539247 bit/s, bytes received: 3808450 B, packets received: 3138
[client] second 16.005704: 42976952.564624 bit/s, bytes received: 5373952 B, packets received: 4434
[client] second 17.005894: 44375312.924865 bit/s, bytes received: 5547969 B, packets received: 4582
[client] second 18.005922: 40834422.961946 bit/s, bytes received: 5104446 B, packets received: 4225
[client] second 19.006590: 35215808.406017 bit/s, bytes received: 4404914 B, packets received: 3659
[client] second 20.007451: 50288360.282353 bit/s, bytes received: 6291456 B, packets received: 5200
[client] second 21.007512: 45708387.930622 bit/s, bytes received: 5713902 B, packets received: 4728
[client] second 22.007552: 33494203.935509 bit/s, bytes received: 4186942 B, packets received: 3460
[client] second 23.007906: 21448969.532348 bit/s, bytes received: 2682068 B, packets received: 2225
[client] second 24.008384: 17964430.504923 bit/s, bytes received: 2246629 B, packets received: 1851
[client] second 25.009370: 50282053.603761 bit/s, bytes received: 6291456 B, packets received: 5185
[client] second 26.009430: 18129020.128198 bit/s, bytes received: 2266261 B, packets received: 1880
[client] second 27.009677: 32193602.449734 bit/s, bytes received: 4025195 B, packets received: 3331
[client] second 28.010358: 50297381.651315 bit/s, bytes received: 6291456 B, packets received: 5185
[client] second 29.010422: 7486791.033570 bit/s, bytes received: 935909 B, packets received: 784
[client] second 30.011471: 42799483.236838 bit/s, bytes received: 5355547 B, packets received: 4423
[client] second 31.011513: 49585265.634322 bit/s, bytes received: 6198421 B, packets received: 5112
[client] second 32.011762: 744095.213627 bit/s, bytes received: 93035 B, packets received: 90
[client] second 33.012784: 50280214.005923 bit/s, bytes received: 6291456 B, packets received: 5185
[client] second 34.013986: 21974079.876111 bit/s, bytes received: 2750058 B, packets received: 2279
[client] second 35.014082: 42987461.734685 bit/s, bytes received: 5373952 B, packets received: 4443
[client] second 36.014435: 35658635.847225 bit/s, bytes received: 4458902 B, packets received: 3701
[client] second 37.014522: 42375292.730626 bit/s, bytes received: 5297373 B, packets received: 4379
[client] second 38.015407: 29926645.791433 bit/s, bytes received: 3744141 B, packets received: 3113
[client] second 39.015965: 50303571.765669 bit/s, bytes received: 6291456 B, packets received: 5199
[client] second 40.016018: 40260083.004055 bit/s, bytes received: 5032775 B, packets received: 4164
[client] total: bytes received: 145296993 B, packets received: 120158
