Bandwidth: 100 Mbit/s
RTT: 1000 ms
BDP: 12500000 B/s
Max In-Flight Packets: 9765
[server] starting server with pid 969510, port 18080, cc cubic, iw 32
[server][session 0] open
[client] connection establishment time: 2.005844 s
[server][session 0][stream 0] open
[client] time to first byte: 3.032532 s
[client] second 0.100865: 467719.497545 bit/s, bytes received: 5897 B, packets received: 13
[client] second 0.201114: 392299.490576 bit/s, bytes received: 4916 B, packets received: 4
[client] second 0.301505: 391749.193018 bit/s, bytes received: 4916 B, packets received: 4
[client] second 0.401736: 391896.521759 bit/s, bytes received: 4910 B, packets received: 4
[client] second 0.501871: 392108.872847 bit/s, bytes received: 4908 B, packets received: 4
[client] second 0.602732: 389292.446998 bit/s, bytes received: 4908 B, packets received: 4
[client] second 0.703821: 388407.680750 bit/s, bytes received: 4908 B, packets received: 4
[client] second 0.804210: 293339.612921 bit/s, bytes received: 3681 B, packets received: 3
[client] second 0.904613: 0.000000 bit/s, bytes received: 0 B, packets received: 0
[client] second 1.005129: 0.000000 bit/s, bytes received: 0 B, packets received: 0
[client] second 1.105693: 780872.994887 bit/s, bytes received: 9816 B, packets received: 8
[client] second 1.206076: 782286.821985 bit/s, bytes received: 9816 B, packets received: 8
[client] second 1.306647: 740885.962674 bit/s, bytes received: 9314 B, packets received: 8
[client] second 1.407495: 584009.213733 bit/s, bytes received: 7362 B, packets received: 6
[client] second 1.508430: 583503.200604 bit/s, bytes received: 7362 B, packets received: 6
[client] second 1.609221: 681730.403049 bit/s, bytes received: 8589 B, packets received: 7
[client] second 1.710068: 778678.480643 bit/s, bytes received: 9816 B, packets received: 8
[client] second 1.810296: 685560.856367 bit/s, bytes received: 8589 B, packets received: 7
[client] second 1.910915: 682887.972512 bit/s, bytes received: 8589 B, packets received: 7
[client] second 2.011606: 0.000000 bit/s, bytes received: 0 B, packets received: 0
[client] second 2.111956: 1507516.336144 bit/s, bytes received: 18910 B, packets received: 16
[client] second 2.212701: 1071781.880754 bit/s, bytes received: 13497 B, packets received: 11
[client] second 2.313087: 1075607.563222 bit/s, bytes received: 13497 B, packets received: 11
[client] second 2.414001: 1069974.017635 bit/s, bytes received: 13497 B, packets received: 11
[client] second 2.514893: 1264796.133939 bit/s, bytes received: 15951 B, packets received: 13
[client] second 2.615790: 1207490.536598 bit/s, bytes received: 15229 B, packets received: 13
[client] second 2.716590: 1362855.993623 bit/s, bytes received: 17172 B, packets received: 14
[client] second 2.817159: 1464082.139423 bit/s, bytes received: 18405 B, packets received: 15
[client] second 2.917664: 1505671.690381 bit/s, bytes received: 18916 B, packets received: 16
[client] second 3.019011: 1065404.894265 bit/s, bytes received: 13497 B, packets received: 11
[client] second 3.119399: 2248470.336404 bit/s, bytes received: 28215 B, packets received: 24
[client] second 3.219671: 1900752.993064 bit/s, bytes received: 23824 B, packets received: 19
[client] second 3.320059: 1955606.185621 bit/s, bytes received: 24540 B, packets received: 20
[client] second 3.420590: 2148126.637055 bit/s, bytes received: 26994 B, packets received: 22
[client] second 3.521454: 2278381.410514 bit/s, bytes received: 28726 B, packets received: 24
[client] second 3.622389: 2430723.960910 bit/s, bytes received: 30668 B, packets received: 25
[client] second 3.723168: 2573072.522975 bit/s, bytes received: 32414 B, packets received: 27
[client] second 3.823450: 2740742.062934 bit/s, bytes received: 34356 B, packets received: 28
[client] second 3.923849: 3070584.997937 bit/s, bytes received: 38535 B, packets received: 32
[client] second 4.024466: 3121817.086934 bit/s, bytes received: 39264 B, packets received: 32
[client] second 4.125033: 3359369.006609 bit/s, bytes received: 42230 B, packets received: 35
[client] second 4.225382: 3561733.965012 bit/s, bytes received: 44677 B, packets received: 37
[client] second 4.325581: 3820613.520527 bit/s, bytes received: 47853 B, packets received: 39
[client] second 4.426012: 4144632.012610 bit/s, bytes received: 52031 B, packets received: 43
[client] second 4.527002: 4414002.911510 bit/s, bytes received: 55721 B, packets received: 47
[client] second 4.628071: 4702350.105491 bit/s, bytes received: 59408 B, packets received: 49
[client] second 4.728854: 2572417.380257 bit/s, bytes received: 32407 B, packets received: 28
[client] second 4.829499: 0.000000 bit/s, bytes received: 0 B, packets received: 1
[client] second 4.930450: 4277823.183460 bit/s, bytes received: 53981 B, packets received: 44
[client] second 5.031113: 5890892.251428 bit/s, bytes received: 74125 B, packets received: 61
[client] second 5.131147: 237199.748209 bit/s, bytes received: 2966 B, packets received: 5
[client] second 5.231735: 3706861.263362 bit/s, bytes received: 46608 B, packets received: 39
[client] second 5.332175: 7509351.494261 bit/s, bytes received: 94280 B, packets received: 78
[client] second 5.432284: 7883780.347595 bit/s, bytes received: 98655 B, packets received: 81
[client] second 5.532478: 8506870.792069 bit/s, bytes received: 106542 B, packets received: 88
[client] second 5.633368: 9031103.800562 bit/s, bytes received: 113894 B, packets received: 94
[client] second 5.734175: 9582826.415769 bit/s, bytes received: 120751 B, packets received: 99
[client] second 5.834749: 9645088.162233 bit/s, bytes received: 121256 B, packets received: 100
[client] second 5.934911: 9879843.150761 bit/s, bytes received: 123698 B, packets received: 102
[client] second 6.035576: 7297049.663826 bit/s, bytes received: 91820 B, packets received: 77
[client] second 6.135802: 0.000000 bit/s, bytes received: 0 B, packets received: 0
[client] second 6.236282: 0.000000 bit/s, bytes received: 0 B, packets received: 1
[client] second 6.336647: 2444114.898947 bit/s, bytes received: 30663 B, packets received: 27
[client] second 6.436769: 13022200.424669 bit/s, bytes received: 162975 B, packets received: 135
[client] second 6.537535: 5438805.047547 bit/s, bytes received: 68506 B, packets received: 57
[client] second 6.638490: 10386577.738251 bit/s, bytes received: 131072 B, packets received: 110
[client] second 6.738747: 16373553.236879 bit/s, bytes received: 205197 B, packets received: 168
[client] second 6.839268: 17600269.318788 bit/s, bytes received: 221148 B, packets received: 182
[client] second 6.939292: 18807393.129053 bit/s, bytes received: 235150 B, packets received: 195
[client] second 7.039317: 20042740.266234 bit/s, bytes received: 250596 B, packets received: 205
[client] second 7.139657: 20215707.228993 bit/s, bytes received: 253555 B, packets received: 210
[client] second 7.240287: 20449929.493093 bit/s, bytes received: 257236 B, packets received: 211
[client] second 7.340871: 20264324.153150 bit/s, bytes received: 254782 B, packets received: 210
[client] second 7.441870: 2080961.765209 bit/s, bytes received: 26272 B, packets received: 25
[client] second 7.542700: 0.000000 bit/s, bytes received: 0 B, packets received: 2
[client] second 7.643775: 0.000000 bit/s, bytes received: 0 B, packets received: 1
[client] second 7.744502: 11384587.333181 bit/s, bytes received: 143342 B, packets received: 120
[client] second 7.845037: 27636204.604135 bit/s, bytes received: 347302 B, packets received: 286
[client] second 7.945081: 5926635.485559 bit/s, bytes received: 74115 B, packets received: 65
[client] second 8.045106: 32529646.757871 bit/s, bytes received: 406723 B, packets received: 335
[client] second 8.145240: 34789144.950939 bit/s, bytes received: 435449 B, packets received: 358
[client] second 8.245926: 37424407.825232 bit/s, bytes received: 471012 B, packets received: 389
[client] second 8.346491: 40146458.930476 bit/s, bytes received: 504666 B, packets received: 416
[client] second 8.446518: 41440913.783854 bit/s, bytes received: 518153 B, packets received: 426
[client] second 8.546687: 41578139.520875 bit/s, bytes received: 520607 B, packets received: 429
[client] second 8.646815: 41497553.280872 bit/s, bytes received: 519380 B, packets received: 428
[client] second 8.747429: 20160510.036931 bit/s, bytes received: 253555 B, packets received: 211
[client] second 8.848010: 0.000000 bit/s, bytes received: 0 B, packets received: 4
[client] second 8.948201: 0.000000 bit/s, bytes received: 0 B, packets received: 1
[client] second 9.048381: 0.000000 bit/s, bytes received: 0 B, packets received: 4
[client] second 9.148658: 46329723.951061 bit/s, bytes received: 580723 B, packets received: 478
[client] second 9.249429: 37141660.887260 bit/s, bytes received: 467853 B, packets received: 389
[client] second 9.349530: 38918218.173601 bit/s, bytes received: 486966 B, packets received: 403
[client] second 9.449594: 68310689.962321 bit/s, bytes received: 854429 B, packets received: 704
[client] second 9.549641: 73561897.451453 bit/s, bytes received: 919958 B, packets received: 759
[client] second 9.649660: 78922489.788390 bit/s, bytes received: 986721 B, packets received: 812
[client] second 9.749691: 82977483.716262 bit/s, bytes received: 1037533 B, packets received: 856
[client] second 9.850509: 34357565.460770 bit/s, bytes received: 432985 B, packets received: 357
[client] second 9.950685: 0.000000 bit/s, bytes received: 0 B, packets received: 0
[client] second 10.050926: 0.000000 bit/s, bytes received: 0 B, packets received: 0
[client] second 10.151541: 0.000000 bit/s, bytes received: 0 B, packets received: 7
[client] second 10.251560: 35573206.940403 bit/s, bytes received: 444750 B, packets received: 371
[client] second 10.352068: 89792866.283697 bit/s, bytes received: 1128114 B, packets received: 930
[client] second 10.452520: 0.000000 bit/s, bytes received: 0 B, packets received: 9
[client] second 10.552907: 0.000000 bit/s, bytes received: 0 B, packets received: 0
[client] second 10.653123: 0.000000 bit/s, bytes received: 0 B, packets received: 0
[client] second 10.753354: 0.000000 bit/s, bytes received: 0 B, packets received: 0
[client] second 10.853373: 34886319.278796 bit/s, bytes received: 436161 B, packets received: 360
[client] second 10.953421: 94817297.420201 bit/s, bytes received: 1185783 B, packets received: 976
[client] second 11.053448: 94738025.353800 bit/s, bytes received: 1184556 B, packets received: 976
[client] second 11.153557: 94759470.626356 bit/s, bytes received: 1185783 B, packets received: 978
[client] second 11.254312: 57669314.942108 bit/s, bytes received: 726309 B, packets received: 603
[client] second 11.354404: 0.000000 bit/s, bytes received: 0 B, packets received: 7
[client] second 11.454438: 77693111.382319 bit/s, bytes received: 971492 B, packets received: 800
[client] second 11.554702: 47983099.970669 bit/s, bytes received: 601372 B, packets received: 497
[client] second 11.654895: 0.000000 bit/s, bytes received: 0 B, packets received: 0
[client] second 11.755130: 0.000000 bit/s, bytes received: 0 B, packets received: 0
[client] second 11.855860: 0.000000 bit/s, bytes received: 0 B, packets received: 4
[client] second 11.956663: 0.000000 bit/s, bytes received: 0 B, packets received: 7
[client] second 12.056896: 0.000000 bit/s, bytes received: 0 B, packets received: 0
[client] second 12.157143: 0.000000 bit/s, bytes received: 0 B, packets received: 0
[client] second 12.257202: 14894127.484519 bit/s, bytes received: 186287 B, packets received: 154
[client] second 12.357271: 94797172.124959 bit/s, bytes received: 1185783 B, packets received: 976
[client] second 12.457353: 94727377.848539 bit/s, bytes received: 1185061 B, packets received: 978
[client] second 12.557370: 94846170.910883 bit/s, bytes received: 1185783 B, packets received: 976
[client] second 12.657410: 94726791.998535 bit/s, bytes received: 1184556 B, packets received: 976
[client] second 12.757778: 69374427.638485 bit/s, bytes received: 870373 B, packets received: 717
[client] second 12.858005: 0.000000 bit/s, bytes received: 0 B, packets received: 0
[client] second 12.958213: 0.000000 bit/s, bytes received: 0 B, packets received: 0
[client] second 13.058433: 0.000000 bit/s, bytes received: 0 B, packets received: 0
[client] second 13.158638: 0.000000 bit/s, bytes received: 0 B, packets received: 0
[client] second 13.258711: 15619067.303712 bit/s, bytes received: 195381 B, packets received: 162
[client] second 13.359394: 23696655.445269 bit/s, bytes received: 298232 B, packets received: 255
[client] second 13.460471: 0.000000 bit/s, bytes received: 0 B, packets received: 1
[client] second 13.560934: 0.000000 bit/s, bytes received: 0 B, packets received: 0
[client] second 13.661189: 0.000000 bit/s, bytes received: 0 B, packets received: 0
[client] second 13.761218: 4020902.438512 bit/s, bytes received: 50276 B, packets received: 42
[client] second 13.861312: 94776230.321344 bit/s, bytes received: 1185814 B, packets received: 977
[client] second 13.961406: 94773572.744071 bit/s, bytes received: 1185783 B, packets received: 976
[client] second 14.061449: 94763806.523339 bit/s, bytes received: 1185061 B, packets received: 978
[client] second 14.161548: 94769418.166432 bit/s, bytes received: 1185783 B, packets received: 976
[client] second 14.261718: 80273235.806723 bit/s, bytes received: 1005126 B, packets received: 831
[client] second 14.362425: 0.000000 bit/s, bytes received: 0 B, packets received: 3
[client] second 14.462666: 0.000000 bit/s, bytes received: 0 B, packets received: 0
[client] second 14.563231: 0.000000 bit/s, bytes received: 0 B, packets received: 0
[client] second 14.663478: 0.000000 bit/s, bytes received: 0 B, packets received: 0
[client] second 14.763710: 0.000000 bit/s, bytes received: 0 B, packets received: 0
[client] second 14.863760: 14739593.851978 bit/s, bytes received: 184338 B, packets received: 163
[client] second 14.963778: 94846198.411505 bit/s, bytes received: 1185783 B, packets received: 977
[client] second 15.064348: 16127523.598380 bit/s, bytes received: 202743 B, packets received: 168
[client] second 15.164966: 0.000000 bit/s, bytes received: 0 B, packets received: 0
[client] second 15.265614: 0.000000 bit/s, bytes received: 0 B, packets received: 0
[client] second 15.365765: 88601894.976979 bit/s, bytes received: 1109204 B, packets received: 914
[client] second 15.465824: 94708655.876966 bit/s, bytes received: 1184556 B, packets received: 977
[client] second 15.565883: 94806624.454008 bit/s, bytes received: 1185783 B, packets received: 976
[client] second 15.665914: 94735585.646378 bit/s, bytes received: 1184556 B, packets received: 976
[client] second 15.766959: 4314359.644368 bit/s, bytes received: 54493 B, packets received: 46
[client] second 15.867785: 0.000000 bit/s, bytes received: 0 B, packets received: 2
[client] second 15.968816: 0.000000 bit/s, bytes received: 0 B, packets received: 10
[client] second 16.068908: 35587724.774621 bit/s, bytes received: 445255 B, packets received: 368
[client] second 16.169423: 89746469.143635 bit/s, bytes received: 1127609 B, packets received: 930
[client] second 16.269505: 0.000000 bit/s, bytes received: 0 B, packets received: 0
[client] second 16.369700: 0.000000 bit/s, bytes received: 0 B, packets received: 12
[client] second 16.469919: 0.000000 bit/s, bytes received: 0 B, packets received: 0
[client] second 16.570128: 0.000000 bit/s, bytes received: 0 B, packets received: 0
[client] second 16.670336: 0.000000 bit/s, bytes received: 0 B, packets received: 0
[client] second 16.770437: 70539853.335241 bit/s, bytes received: 882643 B, packets received: 727
[client] second 16.870486: 94758576.221729 bit/s, bytes received: 1185061 B, packets received: 978
[client] second 16.970501: 94848364.372678 bit/s, bytes received: 1185783 B, packets received: 976
[client] second 17.070580: 94787983.088760 bit/s, bytes received: 1185783 B, packets received: 977
[client] second 17.170783: 22300473.313818 bit/s, bytes received: 279322 B, packets received: 241
[client] second 17.270854: 76625667.038273 bit/s, bytes received: 958500 B, packets received: 790
[client] second 17.371014: 49070398.812705 bit/s, bytes received: 614364 B, packets received: 507
[client] second 17.471514: 0.000000 bit/s, bytes received: 0 B, packets received: 0
[client] second 17.571741: 0.000000 bit/s, bytes received: 0 B, packets received: 0
[client] second 17.671925: 0.000000 bit/s, bytes received: 0 B, packets received: 0
[client] second 17.772570: 0.000000 bit/s, bytes received: 0 B, packets received: 9
[client] second 17.873273: 0.000000 bit/s, bytes received: 0 B, packets received: 3
[client] second 17.973450: 0.000000 bit/s, bytes received: 0 B, packets received: 0
[client] second 18.073829: 0.000000 bit/s, bytes received: 0 B, packets received: 0
[client] second 18.173865: 50545537.828158 bit/s, bytes received: 632047 B, packets received: 521
[client] second 18.273941: 94790297.940418 bit/s, bytes received: 1185783 B, packets received: 977
[client] second 18.373972: 94735632.999752 bit/s, bytes received: 1184556 B, packets received: 977
[client] second 18.474038: 94799656.056513 bit/s, bytes received: 1185783 B, packets received: 976
[client] second 18.574067: 94736790.330922 bit/s, bytes received: 1184556 B, packets received: 977
[client] second 18.674784: 72975309.787589 bit/s, bytes received: 918731 B, packets received: 757
[client] second 18.775156: 0.000000 bit/s, bytes received: 0 B, packets received: 0
[client] second 18.875384: 0.000000 bit/s, bytes received: 0 B, packets received: 0
[client] second 18.975612: 0.000000 bit/s, bytes received: 0 B, packets received: 0
[client] second 19.075838: 0.000000 bit/s, bytes received: 0 B, packets received: 0
[client] second 19.176315: 0.000000 bit/s, bytes received: 0 B, packets received: 6
[client] second 19.276980: 0.000000 bit/s, bytes received: 0 B, packets received: 7
[client] second 19.377190: 0.000000 bit/s, bytes received: 0 B, packets received: 0
[client] second 19.477399: 0.000000 bit/s, bytes received: 0 B, packets received: 0
[client] second 19.577610: 0.000000 bit/s, bytes received: 0 B, packets received: 0
[client] second 19.678175: 0.000000 bit/s, bytes received: 0 B, packets received: 0
[client] second 19.778275: 94767386.456851 bit/s, bytes received: 1185783 B, packets received: 978
[client] second 19.878292: 94846424.106870 bit/s, bytes received: 1185783 B, packets received: 976
[client] second 19.978362: 94698670.106196 bit/s, bytes received: 1184556 B, packets received: 976
[client] second 20.078376: 94848733.278727 bit/s, bytes received: 1185783 B, packets received: 977
[client] second 20.178394: 94747446.304103 bit/s, bytes received: 1184556 B, packets received: 976
[client] second 20.279256: 28950013.824812 bit/s, bytes received: 364995 B, packets received: 302
[client] second 20.379449: 0.000000 bit/s, bytes received: 0 B, packets received: 0
[client] second 20.479540: 0.000000 bit/s, bytes received: 0 B, packets received: 0
[client] second 20.579688: 0.000000 bit/s, bytes received: 0 B, packets received: 0
[client] second 20.679872: 0.000000 bit/s, bytes received: 0 B, packets received: 0
[client] second 20.780735: 0.000000 bit/s, bytes received: 0 B, packets received: 12
[client] second 20.880769: 0.000000 bit/s, bytes received: 0 B, packets received: 1
[client] second 20.981352: 0.000000 bit/s, bytes received: 0 B, packets received: 0
[client] second 21.081579: 0.000000 bit/s, bytes received: 0 B, packets received: 0
[client] second 21.182036: 0.000000 bit/s, bytes received: 0 B, packets received: 0
[client] second 21.282065: 20376655.049133 bit/s, bytes received: 254782 B, packets received: 210
[client] second 21.382157: 94775173.887523 bit/s, bytes received: 1185783 B, packets received: 977
[client] second 21.482170: 94851098.518332 bit/s, bytes received: 1185783 B, packets received: 977
[client] second 21.582230: 94707620.385949 bit/s, bytes received: 1184556 B, packets received: 976
[client] second 21.682255: 94740100.529931 bit/s, bytes received: 1184556 B, packets received: 977
[client] second 21.782314: 94807258.340041 bit/s, bytes received: 1185783 B, packets received: 976
[client] second 21.883036: 8753804.703275 bit/s, bytes received: 110213 B, packets received: 92
[client] second 21.983270: 0.000000 bit/s, bytes received: 0 B, packets received: 0
[client] second 22.083497: 0.000000 bit/s, bytes received: 0 B, packets received: 0
[client] second 22.183687: 0.000000 bit/s, bytes received: 0 B, packets received: 0
[client] second 22.284404: 0.000000 bit/s, bytes received: 0 B, packets received: 2
[client] second 22.385159: 0.000000 bit/s, bytes received: 0 B, packets received: 9
[client] second 22.485334: 0.000000 bit/s, bytes received: 0 B, packets received: 0
[client] second 22.585542: 0.000000 bit/s, bytes received: 0 B, packets received: 0
[client] second 22.685718: 0.000000 bit/s, bytes received: 0 B, packets received: 0
[client] second 22.785930: 0.000000 bit/s, bytes received: 0 B, packets received: 0
[client] second 22.885982: 65334577.526191 bit/s, bytes received: 817107 B, packets received: 674
[client] second 22.986020: 94867040.804026 bit/s, bytes received: 1186288 B, packets received: 977
[client] second 23.086118: 94672156.659547 bit/s, bytes received: 1184556 B, packets received: 977
[client] second 23.186127: 94853958.965675 bit/s, bytes received: 1185783 B, packets received: 976
[client] second 23.286180: 94713679.370933 bit/s, bytes received: 1184556 B, packets received: 976
[client] second 23.386534: 58446822.444397 bit/s, bytes received: 733166 B, packets received: 605
[client] second 23.486726: 0.000000 bit/s, bytes received: 0 B, packets received: 0
[client] second 23.586905: 0.000000 bit/s, bytes received: 0 B, packets received: 0
[client] second 23.687082: 0.000000 bit/s, bytes received: 0 B, packets received: 0
[client] second 23.787407: 0.000000 bit/s, bytes received: 0 B, packets received: 0
[client] second 23.887900: 0.000000 bit/s, bytes received: 0 B, packets received: 8
[client] second 23.988795: 0.000000 bit/s, bytes received: 0 B, packets received: 5
[client] second 24.088966: 0.000000 bit/s, bytes received: 0 B, packets received: 0
[client] second 24.189176: 0.000000 bit/s, bytes received: 0 B, packets received: 0
[client] second 24.289615: 0.000000 bit/s, bytes received: 0 B, packets received: 0
[client] second 24.389699: 15126978.934677 bit/s, bytes received: 189246 B, packets received: 156
[client] second 24.489829: 94739515.578159 bit/s, bytes received: 1185783 B, packets received: 978
[client] second 24.589894: 94800984.283851 bit/s, bytes received: 1185783 B, packets received: 976
[client] second 24.689923: 94736882.198847 bit/s, bytes received: 1184556 B, packets received: 976
[client] second 24.789990: 94798866.906255 bit/s, bytes received: 1185783 B, packets received: 977
[client] second 24.890020: 94736303.528605 bit/s, bytes received: 1184556 B, packets received: 976
[client] second 24.990095: 14049367.800832 bit/s, bytes received: 175749 B, packets received: 146
[client] second 25.090158: 0.000000 bit/s, bytes received: 0 B, packets received: 0
[client] second 25.190407: 0.000000 bit/s, bytes received: 0 B, packets received: 0
[client] second 25.290646: 0.000000 bit/s, bytes received: 0 B, packets received: 0
[client] second 25.391672: 0.000000 bit/s, bytes received: 0 B, packets received: 2
[client] second 25.492708: 0.000000 bit/s, bytes received: 0 B, packets received: 10
[client] second 25.592827: 0.000000 bit/s, bytes received: 0 B, packets received: 1
[client] second 25.693055: 0.000000 bit/s, bytes received: 0 B, packets received: 0
[client] second 25.793282: 0.000000 bit/s, bytes received: 0 B, packets received: 0
[client] second 25.893510: 0.000000 bit/s, bytes received: 0 B, packets received: 0
[client] second 25.993591: 59586514.222271 bit/s, bytes received: 745436 B, packets received: 614
[client] second 26.093629: 94826569.869353 bit/s, bytes received: 1185783 B, packets received: 977
[client] second 26.193672: 94666205.703945 bit/s, bytes received: 1183834 B, packets received: 977
[client] second 26.293686: 94848903.033374 bit/s, bytes received: 1185783 B, packets received: 976
[client] second 26.393731: 94722148.671759 bit/s, bytes received: 1184556 B, packets received: 976
[client] second 26.494173: 64201087.966726 bit/s, bytes received: 806064 B, packets received: 665
[client] second 26.594359: 0.000000 bit/s, bytes received: 0 B, packets received: 0
[client] second 26.694546: 0.000000 bit/s, bytes received: 0 B, packets received: 0
[client] second 26.794724: 0.000000 bit/s, bytes received: 0 B, packets received: 0
[client] second 26.894904: 0.000000 bit/s, bytes received: 0 B, packets received: 0
[client] second 26.995757: 0.000000 bit/s, bytes received: 0 B, packets received: 7
[client] second 27.096044: 0.000000 bit/s, bytes received: 0 B, packets received: 6
[client] second 27.196230: 0.000000 bit/s, bytes received: 0 B, packets received: 0
[client] second 27.296408: 0.000000 bit/s, bytes received: 0 B, packets received: 0
[client] second 27.396589: 0.000000 bit/s, bytes received: 0 B, packets received: 0
[client] second 27.496607: 8717313.498764 bit/s, bytes received: 108986 B, packets received: 90
[client] second 27.596641: 94830691.540020 bit/s, bytes received: 1185783 B, packets received: 977
[client] second 27.696708: 94700780.467027 bit/s, bytes received: 1184556 B, packets received: 976
[client] second 27.796738: 94735856.508315 bit/s, bytes received: 1184556 B, packets received: 977
[client] second 27.896799: 94804883.916669 bit/s, bytes received: 1185783 B, packets received: 976
[client] second 27.996827: 94738010.199950 bit/s, bytes received: 1184556 B, packets received: 976
[client] second 28.097359: 20470069.706868 bit/s, bytes received: 257236 B, packets received: 213
[client] second 28.197571: 0.000000 bit/s, bytes received: 0 B, packets received: 0
[client] second 28.297787: 0.000000 bit/s, bytes received: 0 B, packets received: 0
[client] second 28.397994: 0.000000 bit/s, bytes received: 0 B, packets received: 0
[client] second 28.498218: 0.000000 bit/s, bytes received: 0 B, packets received: 1
[client] second 28.598594: 0.000000 bit/s, bytes received: 0 B, packets received: 11
[client] second 28.698665: 0.000000 bit/s, bytes received: 0 B, packets received: 1
[client] second 28.798845: 0.000000 bit/s, bytes received: 0 B, packets received: 0
[client] second 28.899022: 0.000000 bit/s, bytes received: 0 B, packets received: 0
[client] second 28.999201: 0.000000 bit/s, bytes received: 0 B, packets received: 0
[client] second 29.099244: 51818015.806283 bit/s, bytes received: 647998 B, packets received: 534
[client] second 29.199349: 94762943.697454 bit/s, bytes received: 1185783 B, packets received: 978
[client] second 29.299366: 94846384.278199 bit/s, bytes received: 1185783 B, packets received: 976
[client] second 29.399435: 94698883.977047 bit/s, bytes received: 1184556 B, packets received: 977
[client] second 29.499506: 94795695.279993 bit/s, bytes received: 1185783 B, packets received: 976
[client] second 29.599704: 71981637.178585 bit/s, bytes received: 901553 B, packets received: 744
[client] second 29.700078: 0.000000 bit/s, bytes received: 0 B, packets received: 0
[client] second 29.800315: 0.000000 bit/s, bytes received: 0 B, packets received: 0
[client] second 29.900525: 0.000000 bit/s, bytes received: 0 B, packets received: 0
[client] second 30.000733: 0.000000 bit/s, bytes received: 0 B, packets received: 0
[client] second 30.101316: 0.000000 bit/s, bytes received: 0 B, packets received: 6
[client] second 30.201907: 0.000000 bit/s, bytes received: 0 B, packets received: 7
[client] second 30.302115: 0.000000 bit/s, bytes received: 0 B, packets received: 0
[client] second 30.402324: 0.000000 bit/s, bytes received: 0 B, packets received: 0
[client] second 30.502532: 0.000000 bit/s, bytes received: 0 B, packets received: 0
[client] second 30.602553: 1469447.330997 bit/s, bytes received: 18372 B, packets received: 15
[client] second 30.702658: 94765960.535061 bit/s, bytes received: 1185816 B, packets received: 977
[client] second 30.802755: 94770247.537973 bit/s, bytes received: 1185783 B, packets received: 978
[client] second 30.902796: 94765934.991356 bit/s, bytes received: 1185061 B, packets received: 976
[client] second 31.002810: 94849547.916901 bit/s, bytes received: 1185783 B, packets received: 977
[client] second 31.102896: 94781896.250403 bit/s, bytes received: 1185783 B, packets received: 977
[client] second 31.203558: 27406935.852270 bit/s, bytes received: 344858 B, packets received: 285
[client] second 31.303743: 0.000000 bit/s, bytes received: 0 B, packets received: 0
[client] second 31.403867: 0.000000 bit/s, bytes received: 0 B, packets received: 0
[client] second 31.504053: 0.000000 bit/s, bytes received: 0 B, packets received: 0
[client] second 31.604235: 0.000000 bit/s, bytes received: 0 B, packets received: 0
[client] second 31.704689: 0.000000 bit/s, bytes received: 0 B, packets received: 11
[client] second 31.805134: 0.000000 bit/s, bytes received: 0 B, packets received: 0
[client] second 31.905350: 0.000000 bit/s, bytes received: 0 B, packets received: 0
[client] second 32.005558: 0.000000 bit/s, bytes received: 0 B, packets received: 0
[client] second 32.105767: 0.000000 bit/s, bytes received: 0 B, packets received: 0
[client] second 32.205880: 45661976.304528 bit/s, bytes received: 571419 B, packets received: 472
[client] second 32.305975: 94772475.362390 bit/s, bytes received: 1185783 B, packets received: 977
[client] second 32.406071: 94771120.476667 bit/s, bytes received: 1185783 B, packets received: 977
[client] second 32.506139: 94798255.868562 bit/s, bytes received: 1185783 B, packets received: 976
[client] second 32.606170: 94735276.903542 bit/s, bytes received: 1184556 B, packets received: 977
[client] second 32.706694: 77842869.646656 bit/s, bytes received: 978132 B, packets received: 806
[client] second 32.807109: 0.000000 bit/s, bytes received: 0 B, packets received: 0
[client] second 32.907317: 0.000000 bit/s, bytes received: 0 B, packets received: 0
[client] second 33.007529: 0.000000 bit/s, bytes received: 0 B, packets received: 0
[client] second 33.107736: 0.000000 bit/s, bytes received: 0 B, packets received: 0
[client] second 33.208118: 0.000000 bit/s, bytes received: 0 B, packets received: 6
[client] second 33.308800: 0.000000 bit/s, bytes received: 0 B, packets received: 7
[client] second 33.408975: 0.000000 bit/s, bytes received: 0 B, packets received: 0
[client] second 33.509181: 0.000000 bit/s, bytes received: 0 B, packets received: 0
[client] second 33.609384: 0.000000 bit/s, bytes received: 0 B, packets received: 0
[client] second 33.709790: 0.000000 bit/s, bytes received: 0 B, packets received: 0
[client] second 33.809838: 90753509.359460 bit/s, bytes received: 1134971 B, packets received: 935
[client] second 33.909875: 94728956.641260 bit/s, bytes received: 1184556 B, packets received: 977
[client] second 34.009940: 94801160.499405 bit/s, bytes received: 1185783 B, packets received: 976
[client] second 34.109982: 94764672.297191 bit/s, bytes received: 1185061 B, packets received: 977
[client] second 34.210009: 94739716.932788 bit/s, bytes received: 1184556 B, packets received: 977
[client] second 34.310638: 33114061.363258 bit/s, bytes received: 416529 B, packets received: 343
[client] second 34.410868: 0.000000 bit/s, bytes received: 0 B, packets received: 0
[client] second 34.511105: 0.000000 bit/s, bytes received: 0 B, packets received: 0
[client] second 34.611333: 0.000000 bit/s, bytes received: 0 B, packets received: 0
[client] second 34.711560: 0.000000 bit/s, bytes received: 0 B, packets received: 0
[client] second 34.811774: 0.000000 bit/s, bytes received: 0 B, packets received: 11
[client] second 34.912291: 0.000000 bit/s, bytes received: 0 B, packets received: 2
[client] second 35.012752: 0.000000 bit/s, bytes received: 0 B, packets received: 0
[client] second 35.112977: 0.000000 bit/s, bytes received: 0 B, packets received: 0
[client] second 35.213203: 0.000000 bit/s, bytes received: 0 B, packets received: 0
[client] second 35.313285: 40339473.032980 bit/s, bytes received: 504656 B, packets received: 416
[client] second 35.413310: 94740655.567344 bit/s, bytes received: 1184556 B, packets received: 976
[client] second 35.513384: 94792732.255816 bit/s, bytes received: 1185783 B, packets received: 977
[client] second 35.613414: 94736348.041449 bit/s, bytes received: 1184556 B, packets received: 977
[client] second 35.713570: 94812697.825362 bit/s, bytes received: 1187010 B, packets received: 977
[client] second 35.813853: 83355610.264667 bit/s, bytes received: 1044895 B, packets received: 862
[client] second 35.914395: 0.000000 bit/s, bytes received: 0 B, packets received: 0
[client] second 36.014592: 0.000000 bit/s, bytes received: 0 B, packets received: 0
[client] second 36.114775: 0.000000 bit/s, bytes received: 0 B, packets received: 0
[client] second 36.214959: 0.000000 bit/s, bytes received: 0 B, packets received: 0
[client] second 36.315150: 0.000000 bit/s, bytes received: 0 B, packets received: 5
[client] second 36.415575: 0.000000 bit/s, bytes received: 0 B, packets received: 8
[client] second 36.515753: 0.000000 bit/s, bytes received: 0 B, packets received: 0
[client] second 36.615936: 0.000000 bit/s, bytes received: 0 B, packets received: 0
[client] second 36.716116: 0.000000 bit/s, bytes received: 0 B, packets received: 0
[client] second 36.816703: 0.000000 bit/s, bytes received: 0 B, packets received: 0
[client] second 36.916745: 84439576.222382 bit/s, bytes received: 1055938 B, packets received: 870
[client] second 37.016779: 94731887.494108 bit/s, bytes received: 1184556 B, packets received: 976
[client] second 37.116847: 94798122.293929 bit/s, bytes received: 1185783 B, packets received: 977
[client] second 37.216876: 94835134.017729 bit/s, bytes received: 1185783 B, packets received: 977
[client] second 37.316900: 94742125.595466 bit/s, bytes received: 1184556 B, packets received: 976
[client] second 37.417231: 39456396.521635 bit/s, bytes received: 494840 B, packets received: 409
[client] second 37.517342: 0.000000 bit/s, bytes received: 0 B, packets received: 0
[client] second 37.617432: 0.000000 bit/s, bytes received: 0 B, packets received: 0
[client] second 37.717622: 0.000000 bit/s, bytes received: 0 B, packets received: 0
[client] second 37.817786: 0.000000 bit/s, bytes received: 0 B, packets received: 0
[client] second 37.917844: 0.000000 bit/s, bytes received: 0 B, packets received: 11
[client] second 38.018235: 0.000000 bit/s, bytes received: 0 B, packets received: 2
[client] second 38.118356: 0.000000 bit/s, bytes received: 0 B, packets received: 0
[client] second 38.218538: 0.000000 bit/s, bytes received: 0 B, packets received: 0
[client] second 38.318720: 0.000000 bit/s, bytes received: 0 B, packets received: 0
[client] second 38.418738: 32433095.881680 bit/s, bytes received: 405486 B, packets received: 334
[client] second 38.518753: 94848643.185725 bit/s, bytes received: 1185783 B, packets received: 977
[client] second 38.618804: 94715684.373724 bit/s, bytes received: 1184556 B, packets received: 976
[client] second 38.718832: 94738139.954948 bit/s, bytes received: 1184556 B, packets received: 976
[client] second 38.818872: 94766824.486291 bit/s, bytes received: 1185061 B, packets received: 977
[client] second 38.919731: 90900540.694955 bit/s, bytes received: 1146014 B, packets received: 945
[client] second 39.020210: 0.000000 bit/s, bytes received: 0 B, packets received: 0
[client] second 39.120419: 0.000000 bit/s, bytes received: 0 B, packets received: 0
[client] second 39.220630: 0.000000 bit/s, bytes received: 0 B, packets received: 0
[client] second 39.320841: 0.000000 bit/s, bytes received: 0 B, packets received: 0
[client] second 39.421810: 0.000000 bit/s, bytes received: 0 B, packets received: 4
[client] second 39.522488: 0.000000 bit/s, bytes received: 0 B, packets received: 9
[client] second 39.622950: 0.000000 bit/s, bytes received: 0 B, packets received: 0
[client] second 39.723178: 0.000000 bit/s, bytes received: 0 B, packets received: 0
[client] second 39.823407: 0.000000 bit/s, bytes received: 0 B, packets received: 0
[client] second 39.923983: 0.000000 bit/s, bytes received: 0 B, packets received: 0
[client] second 40.024040: 78402279.295377 bit/s, bytes received: 980586 B, packets received: 808
[client] total: bytes received: 137197523 B, packets received: 113412
