Bandwidth: 100 Mbit/s
RTT: 1000 ms
BDP: 12500000 B/s
Max In-Flight Packets: 9765
[server] starting server with pid 171929, port 18080, cc cubic, iw 32
[server][session 0] open
[client] connection establishment time: 2.005390 s
[server][session 0][stream 0] open
[client] time to first byte: 3.006495 s
[client] second 1.001149: 323795.975909 bit/s, bytes received: 40521 B, packets received: 42
[client] second 2.002039: 631462.531302 bit/s, bytes received: 79003 B, packets received: 65
[client] second 3.002145: 1288062.858659 bit/s, bytes received: 161025 B, packets received: 133
[client] second 4.002233: 2542688.871423 bit/s, bytes received: 317864 B, packets received: 262
[client] second 5.002516: 3600284.352668 bit/s, bytes received: 450163 B, packets received: 375
[client] second 6.002777: 6692094.440778 bit/s, bytes received: 836730 B, packets received: 695
[client] second 7.002998: 8626401.257422 bit/s, bytes received: 1078538 B, packets received: 897
[client] second 8.003811: 14026577.138620 bit/s, bytes received: 1754748 B, packets received: 1455
[client] second 9.004337: 29344667.439168 bit/s, bytes received: 3670016 B, packets received: 3032
[client] second 10.004946: 46109290.969047 bit/s, bytes received: 5767168 B, packets received: 4762
[client] second 11.005025: 18177734.049450 bit/s, bytes received: 2272396 B, packets received: 1892
[client] second 12.005628: 44708412.976440 bit/s, bytes received: 5591924 B, packets received: 4628
[client] second 13.006395: 50293096.229430 bit/s, bytes received: 6291456 B, packets received: 5191
[client] second 14.006454: 7398491.437216 bit/s, bytes received: 924866 B, packets received: 775
[client] second 15.007522: 42886930.567745 bit/s, bytes received: 5366590 B, packets received: 4432
[client] second 16.007675: 49481613.364054 bit/s, bytes received: 6186151 B, packets received: 5099
[client] second 17.007782: 842349.982269 bit/s, bytes received: 105305 B, packets received: 99
[client] second 18.008674: 50286832.073535 bit/s, bytes received: 6291456 B, packets received: 5185
[client] second 19.008719: 38834800.084592 bit/s, bytes received: 4854572 B, packets received: 4013
[client] second 20.009718: 11483597.268069 bit/s, bytes received: 1436884 B, packets received: 1198
[client] second 21.010271: 50303853.360384 bit/s, bytes received: 6291456 B, packets received: 5185
[client] second 22.010348: 28266046.668552 bit/s, bytes received: 3533531 B, packets received: 2924
[client] second 23.010552: 22058909.335473 bit/s, bytes received: 2757925 B, packets received: 2284
[client] second 24.011488: 50284590.372930 bit/s, bytes received: 6291456 B, packets received: 5185
[client] second 25.011539: 17663798.520061 bit/s, bytes received: 2208087 B, packets received: 1833
[client] second 26.012258: 32643453.968739 bit/s, bytes received: 4083369 B, packets received: 3378
[client] second 27.012285: 50330292.605220 bit/s, bytes received: 6291456 B, packets received: 5185
[client] second 28.012339: 6972428.223155 bit/s, bytes received: 871600 B, packets received: 732
[client] second 29.012697: 43343308.730327 bit/s, bytes received: 5419856 B, packets received: 4476
[client] second 30.012767: 49030210.622873 bit/s, bytes received: 6129204 B, packets received: 5055
[client] second 31.013282: 1297347.631150 bit/s, bytes received: 162252 B, packets received: 146
[client] second 32.014126: 50289236.522090 bit/s, bytes received: 6291456 B, packets received: 5185
[client] second 33.014208: 38407295.375566 bit/s, bytes received: 4801306 B, packets received: 3970
[client] second 34.015015: 11911584.468730 bit/s, bytes received: 1490150 B, packets received: 1241
[client] second 35.015182: 50323240.345266 bit/s, bytes received: 6291456 B, packets received: 5185
[client] second 36.015238: 27785717.113557 bit/s, bytes received: 3473408 B, packets received: 2875
[client] second 37.015287: 22543277.801358 bit/s, bytes received: 2818048 B, packets received: 2336
[client] second 38.015883: 50301667.099772 bit/s, bytes received: 6291456 B, packets received: 5185
[client] second 39.015920: 17061246.225886 bit/s, bytes received: 2132735 B, packets received: 1771
[client] second 40.016158: 33261849.484541 bit/s, bytes received: 4158721 B, packets received: 3440
[client] total: bytes received: 135266304 B, packets received: 111801
