Bandwidth: 100 Mbit/s
RTT: 1000 ms
BDP: 12500000 B/s
Max In-Flight Packets: 9765
[server] starting server with pid 172481, port 18080, cc cubic, iw 32
[server][session 0] open
[client] connection establishment time: 2.005272 s
[server][session 0][stream 0] open
[client] time to first byte: 3.006084 s
[client] second 1.000757: 314114.725589 bit/s, bytes received: 39294 B, packets received: 41
[client] second 2.001588: 651114.449230 bit/s, bytes received: 81457 B, packets received: 67
[client] second 3.001836: 1278066.713548 bit/s, bytes received: 159798 B, packets received: 132
[client] second 4.001946: 2552448.190420 bit/s, bytes received: 319091 B, packets received: 263
[client] second 5.002287: 3590262.352648 bit/s, bytes received: 448936 B, packets received: 374
[client] second 6.002352: 6693419.655973 bit/s, bytes received: 836732 B, packets received: 695
[client] second 7.002565: 8606819.743615 bit/s, bytes received: 1076082 B, packets received: 896
[client] second 8.002768: 14054761.773034 bit/s, bytes received: 1757202 B, packets received: 1457
[client] second 9.003058: 29351641.823964 bit/s, bytes received: 3670016 B, packets received: 3032
[client] second 10.003716: 46107008.032386 bit/s, bytes received: 5767168 B, packets received: 4762
[client] second 11.003862: 18088178.766649 bit/s, bytes received: 2261353 B, packets received: 1885
[client] second 12.004308: 44803738.926420 bit/s, bytes received: 5602967 B, packets received: 4637
[client] second 13.004726: 50310642.602365 bit/s, bytes received: 6291456 B, packets received: 5189
[client] second 14.004754: 7237628.644348 bit/s, bytes received: 904729 B, packets received: 758
[client] second 15.005641: 43055602.043462 bit/s, bytes received: 5386727 B, packets received: 4449
[client] second 16.005753: 49346277.695603 bit/s, bytes received: 6168973 B, packets received: 5088
[client] second 17.006800: 978839.215051 bit/s, bytes received: 122483 B, packets received: 111
[client] second 18.006892: 50327029.639471 bit/s, bytes received: 6291456 B, packets received: 5185
[client] second 19.006967: 38702013.893162 bit/s, bytes received: 4838116 B, packets received: 3997
[client] second 20.007809: 11616942.124366 bit/s, bytes received: 1453340 B, packets received: 1212
[client] second 21.007952: 50324451.502786 bit/s, bytes received: 6291456 B, packets received: 5185
[client] second 22.007979: 28090792.671907 bit/s, bytes received: 3511445 B, packets received: 2907
[client] second 23.008142: 22236467.480601 bit/s, bytes received: 2780011 B, packets received: 2301
[client] second 24.009195: 50278725.669214 bit/s, bytes received: 6291456 B, packets received: 5185
[client] second 25.009288: 17466746.195379 bit/s, bytes received: 2183547 B, packets received: 1811
[client] second 26.009552: 32854597.400648 bit/s, bytes received: 4107909 B, packets received: 3399
[client] second 27.010557: 27667082.688353 bit/s, bytes received: 3461860 B, packets received: 2852
[client] second 28.010801: 30028350.675056 bit/s, bytes received: 3754462 B, packets received: 3095
[client] second 29.011572: 42899638.072799 bit/s, bytes received: 5366590 B, packets received: 4424
[client] second 30.011631: 36972825.420170 bit/s, bytes received: 4621876 B, packets received: 3817
[client] second 31.012269: 41025339.064496 bit/s, bytes received: 5131440 B, packets received: 4248
[client] second 32.012298: 36820947.573822 bit/s, bytes received: 4602749 B, packets received: 3809
[client] second 33.012394: 45320007.986594 bit/s, bytes received: 5665544 B, packets received: 4693
[client] second 34.013066: 41126087.875070 bit/s, bytes received: 5144215 B, packets received: 4267
[client] second 35.013096: 31652635.924015 bit/s, bytes received: 3956700 B, packets received: 3282
[client] second 36.013402: 46358722.435760 bit/s, bytes received: 5796616 B, packets received: 4792
[client] second 37.014005: 50301343.603437 bit/s, bytes received: 6291456 B, packets received: 5194
[client] second 38.014068: 6143829.258236 bit/s, bytes received: 768027 B, packets received: 646
[client] second 39.014893: 44151014.653677 bit/s, bytes received: 5523429 B, packets received: 4558
[client] second 40.014933: 48154030.522582 bit/s, bytes received: 6019496 B, packets received: 4966
[client] total: bytes received: 144748887 B, packets received: 119662
