Bandwidth: 100 Mbit/s
RTT: 1000 ms
BDP: 12500000 B/s
Max In-Flight Packets: 9765
[server] starting server with pid 173632, port 18080, cc cubic, iw 32
[server][session 0] open
[client] connection establishment time: 2.005852 s
[server][session 0][stream 0] open
[client] time to first byte: 3.007043 s
[client] second 1.000603: 314162.734860 bit/s, bytes received: 39294 B, packets received: 40
[client] second 2.001548: 641233.612305 bit/s, bytes received: 80230 B, packets received: 66
[client] second 3.002198: 1297174.617519 bit/s, bytes received: 162252 B, packets received: 134
[client] second 4.003226: 2540297.891213 bit/s, bytes received: 317864 B, packets received: 262
[client] second 5.003721: 3589713.507691 bit/s, bytes received: 448936 B, packets received: 374
[client] second 6.004194: 6720122.982745 bit/s, bytes received: 840413 B, packets received: 697
[client] second 7.004502: 8615815.520064 bit/s, bytes received: 1077309 B, packets received: 896
[client] second 8.005168: 14009020.031396 bit/s, bytes received: 1752294 B, packets received: 1454
[client] second 9.005516: 29349928.929047 bit/s, bytes received: 3670016 B, packets received: 3032
[client] second 10.005539: 47063000.938804 bit/s, bytes received: 5883011 B, packets received: 4857
[client] second 11.005706: 35787069.483746 bit/s, bytes received: 4474131 B, packets received: 3705
[client] second 12.006667: 30359916.613079 bit/s, bytes received: 3798634 B, packets received: 3151
[client] second 13.007036: 50313056.319429 bit/s, bytes received: 6291456 B, packets received: 5200
[client] second 14.007097: 42107351.494063 bit/s, bytes received: 5263739 B, packets received: 4366
[client] second 15.007146: 36017052.064875 bit/s, bytes received: 4502352 B, packets received: 3722
[client] second 16.007537: 22525747.795667 bit/s, bytes received: 2816821 B, packets received: 2339
[client] second 17.008480: 50284240.922774 bit/s, bytes received: 6291456 B, packets received: 5185
[client] second 18.008511: 16218947.122416 bit/s, bytes received: 2027430 B, packets received: 1681
[client] second 19.009549: 34076821.572098 bit/s, bytes received: 4264026 B, packets received: 3528
[client] second 20.010479: 50284896.773777 bit/s, bytes received: 6291456 B, packets received: 5185
[client] second 21.010554: 5576201.574850 bit/s, bytes received: 697078 B, packets received: 587
[client] second 22.010652: 44750670.431027 bit/s, bytes received: 5594378 B, packets received: 4618
[client] second 23.010735: 47623685.329170 bit/s, bytes received: 5953455 B, packets received: 4909
[client] second 24.011289: 2702510.871135 bit/s, bytes received: 338001 B, packets received: 293
[client] second 25.012097: 50291029.695501 bit/s, bytes received: 6291456 B, packets received: 5185
[client] second 26.012184: 37001229.640780 bit/s, bytes received: 4625557 B, packets received: 3822
[client] second 27.013069: 13315398.391860 bit/s, bytes received: 1665899 B, packets received: 1387
[client] second 28.013692: 50300349.814536 bit/s, bytes received: 6291456 B, packets received: 5185
[client] second 29.013762: 26369600.793106 bit/s, bytes received: 3296432 B, packets received: 2728
[client] second 30.013830: 23958551.557975 bit/s, bytes received: 2995024 B, packets received: 2482
[client] second 31.014725: 50286678.735248 bit/s, bytes received: 6291456 B, packets received: 5185
[client] second 32.014816: 15727205.002634 bit/s, bytes received: 1966080 B, packets received: 1633
[client] second 33.015856: 34567044.308833 bit/s, bytes received: 4325376 B, packets received: 3578
[client] second 34.016199: 50314395.847751 bit/s, bytes received: 6291456 B, packets received: 5185
[client] second 35.016276: 5091209.020603 bit/s, bytes received: 636450 B, packets received: 538
[client] second 36.017121: 45201840.014682 bit/s, bytes received: 5655006 B, packets received: 4666
[client] second 37.017198: 47201925.240074 bit/s, bytes received: 5900694 B, packets received: 4870
[client] second 38.017612: 3124802.766002 bit/s, bytes received: 390762 B, packets received: 335
[client] second 39.018279: 50298110.829239 bit/s, bytes received: 6291456 B, packets received: 5185
[client] second 40.018316: 36557322.870396 bit/s, bytes received: 4569837 B, packets received: 3778
[client] total: bytes received: 140360429 B, packets received: 116023
