Bandwidth: 100 Mbit/s
RTT: 1000 ms
BDP: 12500000 B/s
Max In-Flight Packets: 9765
[server] starting server with pid 168714, port 18080, cc cubic, iw 32
[server][session 0] open
[client] connection establishment time: 2.005748 s
[server][session 0][stream 0] open
[client] time to first byte: 3.031758 s
[client] second 1.000823: 312095.293818 bit/s, bytes received: 39044 B, packets received: 40
[client] second 2.001854: 633370.970461 bit/s, bytes received: 79253 B, packets received: 65
[client] second 3.002697: 1267499.789203 bit/s, bytes received: 158571 B, packets received: 131
[client] second 4.003058: 2390704.575526 bit/s, bytes received: 298946 B, packets received: 246
[client] second 5.003293: 3610281.829365 bit/s, bytes received: 451391 B, packets received: 375
[client] second 6.003719: 6459668.053681 bit/s, bytes received: 807803 B, packets received: 672
[client] second 7.003851: 7941798.316633 bit/s, bytes received: 992856 B, packets received: 827
[client] second 8.004046: 13536416.006345 bit/s, bytes received: 1692381 B, packets received: 1402
[client] second 9.004975: 30918185.272591 bit/s, bytes received: 3868363 B, packets received: 3195
[client] second 10.005675: 46105026.174748 bit/s, bytes received: 5767168 B, packets received: 4764
[client] second 11.005770: 12581725.996181 bit/s, bytes received: 1572864 B, packets received: 1316
[client] second 12.006017: 50319213.116055 bit/s, bytes received: 6291456 B, packets received: 5197
[client] second 13.006523: 50306193.669677 bit/s, bytes received: 6291456 B, packets received: 5198
[client] second 14.007325: 0.000000 bit/s, bytes received: 0 B, packets received: 13
[client] second 15.007913: 50302079.481941 bit/s, bytes received: 6291456 B, packets received: 5185
[client] second 16.008000: 41837207.609961 bit/s, bytes received: 5230105 B, packets received: 4320
[client] second 17.008347: 8487859.640100 bit/s, bytes received: 1061351 B, packets received: 887
[client] second 18.009012: 50298219.853384 bit/s, bytes received: 6291456 B, packets received: 5185
[client] second 19.009106: 31185270.316351 bit/s, bytes received: 3898526 B, packets received: 3225
[client] second 20.010111: 19124220.559946 bit/s, bytes received: 2392930 B, packets received: 1986
[client] second 21.010238: 50325259.258662 bit/s, bytes received: 6291456 B, packets received: 5185
[client] second 22.010287: 20573821.143229 bit/s, bytes received: 2571855 B, packets received: 2133
[client] second 23.010703: 29744460.747155 bit/s, bytes received: 3719601 B, packets received: 3075
[client] second 24.011755: 50278709.898299 bit/s, bytes received: 6291456 B, packets received: 5185
[client] second 25.011781: 9961218.965116 bit/s, bytes received: 1245184 B, packets received: 1039
[client] second 26.012467: 40342493.102261 bit/s, bytes received: 5046272 B, packets received: 4171
[client] second 27.013272: 50291139.945217 bit/s, bytes received: 6291456 B, packets received: 5186
[client] second 28.013391: 0.000000 bit/s, bytes received: 0 B, packets received: 13
[client] second 29.014154: 50293308.555902 bit/s, bytes received: 6291456 B, packets received: 5185
[client] second 30.014233: 41415455.495404 bit/s, bytes received: 5177344 B, packets received: 4279
[client] second 31.015193: 8904348.404315 bit/s, bytes received: 1114112 B, packets received: 932
[client] second 32.016080: 50287009.780315 bit/s, bytes received: 6291456 B, packets received: 5185
[client] second 33.016101: 30830161.862322 bit/s, bytes received: 3853849 B, packets received: 3188
[client] second 34.016458: 19493889.410260 bit/s, bytes received: 2437607 B, packets received: 2023
[client] second 35.017458: 50281409.128943 bit/s, bytes received: 6291456 B, packets received: 5185
[client] second 36.017561: 20205522.365776 bit/s, bytes received: 2525951 B, packets received: 2092
[client] second 37.018514: 30095344.841078 bit/s, bytes received: 3765505 B, packets received: 3117
[client] second 38.018872: 50313620.126772 bit/s, bytes received: 6291456 B, packets received: 5185
[client] second 39.018896: 9594018.320613 bit/s, bytes received: 1199280 B, packets received: 1001
[client] second 40.019419: 40716105.862722 bit/s, bytes received: 5092176 B, packets received: 4209
[client] total: bytes received: 135266304 B, packets received: 111797
