Bandwidth: 100 Mbit/s
RTT: 1000 ms
BDP: 12500000 B/s
Max In-Flight Packets: 9765
[server] starting server with pid 174373, port 18080, cc cubic, iw 32
[server][session 0] open
[client] connection establishment time: 2.005039 s
[server][session 0][stream 0] open
[client] time to first byte: 3.031238 s
[client] second 1.000467: 312254.755325 bit/s, bytes received: 39050 B, packets received: 40
[client] second 2.000855: 633729.002220 bit/s, bytes received: 79247 B, packets received: 65
[client] second 3.001324: 1267974.590428 bit/s, bytes received: 158571 B, packets received: 131
[client] second 4.001605: 2381088.404491 bit/s, bytes received: 297720 B, packets received: 245
[client] second 5.001983: 3600001.931671 bit/s, bytes received: 450170 B, packets received: 374
[client] second 6.002167: 7515261.178794 bit/s, bytes received: 939581 B, packets received: 777
[client] second 7.002398: 9694270.306629 bit/s, bytes received: 1212064 B, packets received: 1005
[client] second 8.002655: 13421909.240014 bit/s, bytes received: 1678169 B, packets received: 1394
[client] second 9.003698: 27224757.200331 bit/s, bytes received: 3406645 B, packets received: 2816
[client] second 10.004604: 46095568.508172 bit/s, bytes received: 5767168 B, packets received: 4760
[client] second 11.004640: 30334899.530661 bit/s, bytes received: 3791994 B, packets received: 3144
[client] second 12.004878: 32570825.005940 bit/s, bytes received: 4072326 B, packets received: 3382
[client] second 13.005228: 50314052.069082 bit/s, bytes received: 6291456 B, packets received: 5185
[client] second 14.005331: 19504632.131554 bit/s, bytes received: 2438329 B, packets received: 2022
[client] second 15.006104: 30801198.911339 bit/s, bytes received: 3853127 B, packets received: 3189
[client] second 16.006488: 50312330.278915 bit/s, bytes received: 6291456 B, packets received: 5185
[client] second 17.006542: 8820028.468399 bit/s, bytes received: 1102564 B, packets received: 919
[client] second 18.006970: 41493382.599827 bit/s, bytes received: 5188892 B, packets received: 4288
[client] second 19.007839: 50287967.519397 bit/s, bytes received: 6291456 B, packets received: 5187
[client] second 20.007969: 0.000000 bit/s, bytes received: 0 B, packets received: 11
[client] second 21.008522: 50303826.161042 bit/s, bytes received: 6291456 B, packets received: 5185
[client] second 22.008556: 40207684.190243 bit/s, bytes received: 5026135 B, packets received: 4152
[client] second 23.009405: 10113984.008922 bit/s, bytes received: 1265321 B, packets received: 1055
[client] second 24.010162: 50293584.306589 bit/s, bytes received: 6291456 B, packets received: 5185
[client] second 25.010181: 29575505.140907 bit/s, bytes received: 3697010 B, packets received: 3059
[client] second 26.010601: 20746860.604845 bit/s, bytes received: 2594446 B, packets received: 2152
[client] second 27.011586: 50282122.723787 bit/s, bytes received: 6291456 B, packets received: 5185
[client] second 28.011668: 18970973.044194 bit/s, bytes received: 2371566 B, packets received: 1968
[client] second 29.011915: 31351365.208464 bit/s, bytes received: 3919890 B, packets received: 3243
[client] second 30.012748: 50289796.831077 bit/s, bytes received: 6291456 B, packets received: 5185
[client] second 31.012783: 8325380.078873 bit/s, bytes received: 1040709 B, packets received: 870
[client] second 32.013530: 41974616.721872 bit/s, bytes received: 5250747 B, packets received: 4338
[client] second 33.013685: 50323829.991715 bit/s, bytes received: 6291456 B, packets received: 5188
[client] second 34.014113: 0.000000 bit/s, bytes received: 0 B, packets received: 13
[client] second 35.014279: 50323281.905353 bit/s, bytes received: 6291456 B, packets received: 5185
[client] second 36.015275: 29428977.532960 bit/s, bytes received: 3682286 B, packets received: 3047
[client] second 37.015382: 28852378.505681 bit/s, bytes received: 3606934 B, packets received: 2973
[client] second 38.015466: 37873167.539565 bit/s, bytes received: 4734543 B, packets received: 3902
[client] second 39.016502: 33896339.326057 bit/s, bytes received: 4241435 B, packets received: 3511
[client] second 40.016529: 35224513.532916 bit/s, bytes received: 4403182 B, packets received: 3643
[client] total: bytes received: 136934152 B, packets received: 113158
