Bandwidth: 100 Mbit/s
RTT: 1000 ms
BDP: 12500000 B/s
Max In-Flight Packets: 9765
[server] starting server with pid 174554, port 18080, cc cubic, iw 32
[server][session 0] open
[client] connection establishment time: 2.006037 s
[server][session 0][stream 0] open
[client] time to first byte: 3.032034 s
[client] second 1.000783: 312155.968014 bit/s, bytes received: 39050 B, packets received: 40
[client] second 2.001554: 633486.922756 bit/s, bytes received: 79247 B, packets received: 65
[client] second 3.001635: 1268465.703315 bit/s, bytes received: 158571 B, packets received: 131
[client] second 4.002377: 2389794.106021 bit/s, bytes received: 298946 B, packets received: 246
[client] second 5.002746: 3599952.697440 bit/s, bytes received: 450160 B, packets received: 374
[client] second 6.002921: 7529342.653070 bit/s, bytes received: 941333 B, packets received: 779
[client] second 7.003116: 9710140.901509 bit/s, bytes received: 1214004 B, packets received: 1007
[client] second 8.003371: 13461191.836249 bit/s, bytes received: 1683077 B, packets received: 1397
[client] second 9.004319: 27129265.829536 bit/s, bytes received: 3394375 B, packets received: 2806
[client] second 10.005242: 46094806.145665 bit/s, bytes received: 5767168 B, packets received: 4760
[client] second 11.005280: 30525325.811635 bit/s, bytes received: 3815812 B, packets received: 3166
[client] second 12.006042: 32363417.251231 bit/s, bytes received: 4048508 B, packets received: 3359
[client] second 13.006696: 50298747.287607 bit/s, bytes received: 6291456 B, packets received: 5185
[client] second 14.006787: 19760058.311759 bit/s, bytes received: 2470231 B, packets received: 2049
[client] second 15.007084: 30560710.786202 bit/s, bytes received: 3821225 B, packets received: 3162
[client] second 16.008136: 45594563.914934 bit/s, bytes received: 5705313 B, packets received: 4701
[client] second 17.008204: 18535312.162485 bit/s, bytes received: 2317073 B, packets received: 1916
[client] second 18.008311: 37744688.410594 bit/s, bytes received: 4718592 B, packets received: 3905
[client] second 19.009072: 44344253.481211 bit/s, bytes received: 5547247 B, packets received: 4580
[client] second 20.009126: 32989100.996751 bit/s, bytes received: 4123860 B, packets received: 3418
[client] second 21.009266: 29919491.450714 bit/s, bytes received: 3740460 B, packets received: 3107
[client] second 22.009737: 50307958.837419 bit/s, bytes received: 6291456 B, packets received: 5185
[client] second 23.009817: 19750454.076972 bit/s, bytes received: 2469004 B, packets received: 2047
[client] second 24.010280: 30565450.716954 bit/s, bytes received: 3822452 B, packets received: 3163
[client] second 25.011054: 50292696.105695 bit/s, bytes received: 6291456 B, packets received: 5185
[client] second 26.011074: 9099219.680764 bit/s, bytes received: 1137425 B, packets received: 949
[client] second 27.011837: 41200836.811622 bit/s, bytes received: 5154031 B, packets received: 4258
[client] second 28.012072: 50319822.137320 bit/s, bytes received: 6291456 B, packets received: 5187
[client] second 29.012402: 0.000000 bit/s, bytes received: 0 B, packets received: 13
[client] second 30.012456: 50328902.759670 bit/s, bytes received: 6291456 B, packets received: 5185
[client] second 31.012502: 40495921.795036 bit/s, bytes received: 5062223 B, packets received: 4185
[client] second 32.013270: 9826318.939613 bit/s, bytes received: 1229233 B, packets received: 1026
[client] second 33.014298: 768897.553324 bit/s, bytes received: 96211 B, packets received: 79
[client] second 34.014794: 49537432.580544 bit/s, bytes received: 6195245 B, packets received: 5106
[client] second 35.014821: 30643427.379342 bit/s, bytes received: 3830536 B, packets received: 3169
[client] second 36.015672: 19670633.116471 bit/s, bytes received: 2460920 B, packets received: 2042
[client] second 37.015806: 50324876.435601 bit/s, bytes received: 6291456 B, packets received: 5185
[client] second 38.015861: 19961114.689826 bit/s, bytes received: 2495276 B, packets received: 2069
[client] second 39.016626: 30346225.895845 bit/s, bytes received: 3796180 B, packets received: 3142
[client] second 40.017132: 50306204.982849 bit/s, bytes received: 6291456 B, packets received: 5185
[client] total: bytes received: 136123180 B, packets received: 112513
