Bandwidth: 100 Mbit/s
RTT: 1000 ms
BDP: 12500000 B/s
Max In-Flight Packets: 9765
[server] starting server with pid 175639, port 18080, cc cubic, iw 32
[server][session 0] open
[client] connection establishment time: 2.005531 s
[server][session 0][stream 0] open
[client] time to first byte: 3.006846 s
[client] second 1.001000: 323844.514952 bit/s, bytes received: 40521 B, packets received: 41
[client] second 2.001670: 631600.528267 bit/s, bytes received: 79003 B, packets received: 65
[client] second 3.002190: 1287530.119967 bit/s, bytes received: 161025 B, packets received: 133
[client] second 4.003153: 2550273.843427 bit/s, bytes received: 319091 B, packets received: 263
[client] second 5.003622: 3589800.912035 bit/s, bytes received: 448936 B, packets received: 374
[client] second 6.004070: 6710463.838854 bit/s, bytes received: 839183 B, packets received: 697
[client] second 7.004301: 8606683.378556 bit/s, bytes received: 1076085 B, packets received: 895
[client] second 8.005289: 14024129.800580 bit/s, bytes received: 1754748 B, packets received: 1455
[client] second 9.005707: 29347885.822908 bit/s, bytes received: 3670016 B, packets received: 3032
[client] second 10.006778: 46087985.795085 bit/s, bytes received: 5767168 B, packets received: 4762
[client] second 11.006861: 18275801.806067 bit/s, bytes received: 2284666 B, packets received: 1900
[client] second 12.007804: 44595175.984146 bit/s, bytes received: 5579654 B, packets received: 4618
[client] second 13.008878: 50277632.577384 bit/s, bytes received: 6291456 B, packets received: 5189
[client] second 14.008913: 7545903.840544 bit/s, bytes received: 943271 B, packets received: 791
[client] second 15.009406: 42764415.831045 bit/s, bytes received: 5348185 B, packets received: 4416
[client] second 16.009466: 49496044.833062 bit/s, bytes received: 6187378 B, packets received: 5099
[client] second 17.011701: 830767.565137 bit/s, bytes received: 104078 B, packets received: 98
[client] second 18.012073: 50312927.314440 bit/s, bytes received: 6291456 B, packets received: 5185
[client] second 19.012150: 39000437.829207 bit/s, bytes received: 4875431 B, packets received: 4031
[client] second 20.012202: 11327609.842855 bit/s, bytes received: 1416025 B, packets received: 1180
[client] second 21.013305: 50276190.747244 bit/s, bytes received: 6291456 B, packets received: 5185
[client] second 22.013334: 28330381.371965 bit/s, bytes received: 3541398 B, packets received: 2932
[client] second 23.014039: 21984954.274308 bit/s, bytes received: 2750058 B, packets received: 2277
[client] second 24.014362: 50315420.270654 bit/s, bytes received: 6291456 B, packets received: 5185
[client] second 25.014424: 17712664.937666 bit/s, bytes received: 2214222 B, packets received: 1838
[client] second 26.014636: 32610960.139609 bit/s, bytes received: 4077234 B, packets received: 3373
[client] second 27.014750: 37980041.624271 bit/s, bytes received: 4748040 B, packets received: 3912
[client] second 28.014864: 31699041.203662 bit/s, bytes received: 3962835 B, packets received: 3267
[client] second 29.015638: 31197457.513486 bit/s, bytes received: 3902703 B, packets received: 3228
[client] second 30.015751: 41810794.682952 bit/s, bytes received: 5226938 B, packets received: 4321
[client] second 31.015815: 41979626.245581 bit/s, bytes received: 5247788 B, packets received: 4339
[client] second 32.016477: 16854323.224375 bit/s, bytes received: 2108186 B, packets received: 1762
[client] second 33.016658: 50322567.644926 bit/s, bytes received: 6291456 B, packets received: 5185
[client] second 34.016748: 35183079.016589 bit/s, bytes received: 4398283 B, packets received: 3637
[client] second 35.017537: 15133438.783299 bit/s, bytes received: 1893173 B, packets received: 1574
[client] second 36.018242: 50296230.500998 bit/s, bytes received: 6291456 B, packets received: 5185
[client] second 37.018330: 24570722.424753 bit/s, bytes received: 3071612 B, packets received: 2545
[client] second 38.018924: 25743464.063662 bit/s, bytes received: 3219844 B, packets received: 2666
[client] second 39.019655: 37731047.169975 bit/s, bytes received: 4719828 B, packets received: 3889
[client] second 40.019691: 39094420.183204 bit/s, bytes received: 4886979 B, packets received: 4028
[client] total: bytes received: 138612321 B, packets received: 114553
