Bandwidth: 100 Mbit/s
RTT: 1000 ms
BDP: 12500000 B/s
Max In-Flight Packets: 9765
[server] starting server with pid 977537, port 18080, cc cubic, iw 32
[server][session 0] open
[client] connection establishment time: 2.005607 s
[server][session 0][stream 0] open
[client] time to first byte: 3.032049 s
[client] second 0.100595: 371711.912293 bit/s, bytes received: 4674 B, packets received: 13
[client] second 0.200999: 489620.835076 bit/s, bytes received: 6145 B, packets received: 4
[client] second 0.301475: 391418.071205 bit/s, bytes received: 4916 B, packets received: 4
[client] second 0.402029: 390639.474632 bit/s, bytes received: 4910 B, packets received: 4
[client] second 0.502263: 391717.950784 bit/s, bytes received: 4908 B, packets received: 4
[client] second 0.602704: 390916.752951 bit/s, bytes received: 4908 B, packets received: 4
[client] second 0.703772: 388491.239891 bit/s, bytes received: 4908 B, packets received: 4
[client] second 0.804914: 291162.868785 bit/s, bytes received: 3681 B, packets received: 3
[client] second 0.905574: 0.000000 bit/s, bytes received: 0 B, packets received: 0
[client] second 1.005788: 0.000000 bit/s, bytes received: 0 B, packets received: 0
[client] second 1.106580: 779106.237517 bit/s, bytes received: 9816 B, packets received: 8
[client] second 1.207812: 775725.827151 bit/s, bytes received: 9816 B, packets received: 8
[client] second 1.308547: 739209.933844 bit/s, bytes received: 9308 B, packets received: 8
[client] second 1.409139: 585492.659774 bit/s, bytes received: 7362 B, packets received: 6
[client] second 1.509341: 587772.458647 bit/s, bytes received: 7362 B, packets received: 6
[client] second 1.609439: 686444.634582 bit/s, bytes received: 8589 B, packets received: 7
[client] second 1.709488: 686784.471446 bit/s, bytes received: 8589 B, packets received: 7
[client] second 1.810345: 778606.045914 bit/s, bytes received: 9816 B, packets received: 8
[client] second 1.910615: 685268.466278 bit/s, bytes received: 8589 B, packets received: 7
[client] second 2.011523: 0.000000 bit/s, bytes received: 0 B, packets received: 0
[client] second 2.111698: 1510152.958590 bit/s, bytes received: 18910 B, packets received: 16
[client] second 2.212691: 1165942.147834 bit/s, bytes received: 14719 B, packets received: 12
[client] second 2.313756: 971255.545685 bit/s, bytes received: 12270 B, packets received: 10
[client] second 2.414512: 1169078.760042 bit/s, bytes received: 14724 B, packets received: 12
[client] second 2.514581: 1177105.878261 bit/s, bytes received: 14724 B, packets received: 12
[client] second 2.615176: 1309094.123428 bit/s, bytes received: 16461 B, packets received: 14
[client] second 2.715239: 1275281.686417 bit/s, bytes received: 15951 B, packets received: 13
[client] second 2.816137: 1458809.446098 bit/s, bytes received: 18399 B, packets received: 15
[client] second 2.916621: 1603694.109341 bit/s, bytes received: 20143 B, packets received: 17
[client] second 3.017884: 969349.611639 bit/s, bytes received: 12270 B, packets received: 10
[client] second 3.118466: 2244148.949809 bit/s, bytes received: 28215 B, packets received: 24
[client] second 3.218686: 1901728.647114 bit/s, bytes received: 23824 B, packets received: 19
[client] second 3.319155: 1954044.830996 bit/s, bytes received: 24540 B, packets received: 20
[client] second 3.419865: 2144296.119398 bit/s, bytes received: 26994 B, packets received: 22
[client] second 3.520100: 2292679.455981 bit/s, bytes received: 28726 B, packets received: 24
[client] second 3.620657: 2439929.567907 bit/s, bytes received: 30669 B, packets received: 25
[client] second 3.720697: 2592002.214153 bit/s, bytes received: 32413 B, packets received: 27
[client] second 3.821157: 2735413.024323 bit/s, bytes received: 34350 B, packets received: 28
[client] second 3.921314: 2980373.450466 bit/s, bytes received: 37313 B, packets received: 31
[client] second 4.021731: 3225825.790310 bit/s, bytes received: 40491 B, packets received: 33
[client] second 4.121801: 3278009.822578 bit/s, bytes received: 41004 B, packets received: 34
[client] second 4.221873: 3571600.341183 bit/s, bytes received: 44677 B, packets received: 37
[client] second 4.322599: 3898082.341847 bit/s, bytes received: 49080 B, packets received: 40
[client] second 4.423230: 4038840.128890 bit/s, bytes received: 50804 B, packets received: 42
[client] second 4.523615: 4440593.617098 bit/s, bytes received: 55721 B, packets received: 47
[client] second 4.624022: 4733419.571158 bit/s, bytes received: 59408 B, packets received: 49
[client] second 4.724070: 2787514.006636 bit/s, bytes received: 34861 B, packets received: 30
[client] second 4.825088: 0.000000 bit/s, bytes received: 0 B, packets received: 1
[client] second 4.925614: 3807620.465407 bit/s, bytes received: 47846 B, packets received: 39
[client] second 5.026092: 5999422.438848 bit/s, bytes received: 75351 B, packets received: 62
[client] second 5.127165: 623314.675843 bit/s, bytes received: 7875 B, packets received: 9
[client] second 5.227864: 3313131.360477 bit/s, bytes received: 41704 B, packets received: 35
[client] second 5.328023: 7432151.188593 bit/s, bytes received: 93049 B, packets received: 77
[client] second 5.428470: 7955260.351694 bit/s, bytes received: 99885 B, packets received: 82
[client] second 5.529181: 8462943.226634 bit/s, bytes received: 106539 B, packets received: 88
[client] second 5.629672: 9124490.885326 bit/s, bytes received: 114616 B, packets received: 94
[client] second 5.730054: 9565784.252311 bit/s, bytes received: 120029 B, packets received: 100
[client] second 5.830569: 9748394.435465 bit/s, bytes received: 122483 B, packets received: 100
[client] second 5.931266: 9827597.858463 bit/s, bytes received: 123701 B, packets received: 103
[client] second 6.031954: 7587621.307277 bit/s, bytes received: 95498 B, packets received: 79
[client] second 6.132364: 0.000000 bit/s, bytes received: 0 B, packets received: 0
[client] second 6.233097: 0.000000 bit/s, bytes received: 0 B, packets received: 1
[client] second 6.333707: 2145477.713639 bit/s, bytes received: 26982 B, packets received: 24
[client] second 6.433946: 12908831.343719 bit/s, bytes received: 161747 B, packets received: 133
[client] second 6.534507: 5840469.483373 bit/s, bytes received: 73415 B, packets received: 62
[client] second 6.634533: 9852972.015304 bit/s, bytes received: 123195 B, packets received: 102
[client] second 6.734555: 16257131.385904 bit/s, bytes received: 203258 B, packets received: 169
[client] second 6.835066: 17504235.979779 bit/s, bytes received: 219921 B, packets received: 181
[client] second 6.935826: 18727441.742847 bit/s, bytes received: 235872 B, packets received: 194
[client] second 7.036099: 20033453.779906 bit/s, bytes received: 251101 B, packets received: 206
[client] second 7.136646: 20271665.072521 bit/s, bytes received: 254782 B, packets received: 210
[client] second 7.237420: 20323428.854722 bit/s, bytes received: 256009 B, packets received: 212
[client] second 7.337510: 20364176.850274 bit/s, bytes received: 254782 B, packets received: 209
[client] second 7.438380: 2862138.763091 bit/s, bytes received: 36088 B, packets received: 33
[client] second 7.539006: 0.000000 bit/s, bytes received: 0 B, packets received: 2
[client] second 7.639600: 0.000000 bit/s, bytes received: 0 B, packets received: 1
[client] second 7.740333: 10312023.796318 bit/s, bytes received: 129845 B, packets received: 109
[client] second 7.840794: 27461380.343518 bit/s, bytes received: 344848 B, packets received: 285
[client] second 7.941492: 5790766.666642 bit/s, bytes received: 72890 B, packets received: 62
[client] second 8.041824: 32332365.461530 bit/s, bytes received: 405497 B, packets received: 335
[client] second 8.142443: 34913983.437887 bit/s, bytes received: 439127 B, packets received: 362
[client] second 8.242469: 37573744.031203 bit/s, bytes received: 469795 B, packets received: 387
[client] second 8.343039: 39850946.839326 bit/s, bytes received: 500975 B, packets received: 412
[client] second 8.443060: 41443465.589465 bit/s, bytes received: 518153 B, packets received: 428
[client] second 8.543101: 41689524.541248 bit/s, bytes received: 521329 B, packets received: 428
[client] second 8.643632: 41428448.993360 bit/s, bytes received: 520607 B, packets received: 429
[client] second 8.744645: 21481417.984015 bit/s, bytes received: 271238 B, packets received: 226
[client] second 8.845217: 0.000000 bit/s, bytes received: 0 B, packets received: 4
[client] second 8.945426: 0.000000 bit/s, bytes received: 0 B, packets received: 0
[client] second 9.046394: 0.000000 bit/s, bytes received: 0 B, packets received: 5
[client] second 9.146444: 45257519.790580 bit/s, bytes received: 565999 B, packets received: 466
[client] second 9.247464: 38216404.268606 bit/s, bytes received: 482577 B, packets received: 401
[client] second 9.347531: 37362192.035292 bit/s, bytes received: 467341 B, packets received: 388
[client] second 9.447666: 68261575.472787 bit/s, bytes received: 854422 B, packets received: 703
[client] second 9.547703: 73471065.741240 bit/s, bytes received: 918731 B, packets received: 758
[client] second 9.647739: 78811496.208178 bit/s, bytes received: 985494 B, packets received: 811
[client] second 9.747773: 83072358.516615 bit/s, bytes received: 1038760 B, packets received: 856
[client] second 9.848540: 36031183.522032 bit/s, bytes received: 453844 B, packets received: 375
[client] second 9.948765: 0.000000 bit/s, bytes received: 0 B, packets received: 0
[client] second 10.049118: 0.000000 bit/s, bytes received: 0 B, packets received: 0
[client] second 10.149186: 0.000000 bit/s, bytes received: 0 B, packets received: 6
[client] second 10.249244: 33204993.745560 bit/s, bytes received: 415302 B, packets received: 347
[client] second 10.350136: 91786205.932257 bit/s, bytes received: 1157562 B, packets received: 955
[client] second 10.451202: 0.000000 bit/s, bytes received: 0 B, packets received: 8
[client] second 10.552125: 0.000000 bit/s, bytes received: 0 B, packets received: 1
[client] second 10.652354: 0.000000 bit/s, bytes received: 0 B, packets received: 0
[client] second 10.752569: 0.000000 bit/s, bytes received: 0 B, packets received: 0
[client] second 10.852640: 34181215.494590 bit/s, bytes received: 427572 B, packets received: 352
[client] second 10.952685: 94722664.679677 bit/s, bytes received: 1184556 B, packets received: 977
[client] second 11.052781: 94770717.142907 bit/s, bytes received: 1185783 B, packets received: 977
[client] second 11.152878: 94770841.172407 bit/s, bytes received: 1185783 B, packets received: 977
[client] second 11.253300: 58545278.899725 bit/s, bytes received: 734898 B, packets received: 610
[client] second 11.353655: 0.000000 bit/s, bytes received: 0 B, packets received: 7
[client] second 11.453739: 76772039.521355 bit/s, bytes received: 960449 B, packets received: 791
[client] second 11.553795: 48965579.495918 bit/s, bytes received: 612415 B, packets received: 506
[client] second 11.654025: 0.000000 bit/s, bytes received: 0 B, packets received: 0
[client] second 11.754272: 0.000000 bit/s, bytes received: 0 B, packets received: 0
[client] second 11.855016: 0.000000 bit/s, bytes received: 0 B, packets received: 4
[client] second 11.955220: 0.000000 bit/s, bytes received: 0 B, packets received: 9
[client] second 12.055432: 0.000000 bit/s, bytes received: 0 B, packets received: 0
[client] second 12.155660: 0.000000 bit/s, bytes received: 0 B, packets received: 0
[client] second 12.255697: 14210529.241012 bit/s, bytes received: 177698 B, packets received: 146
[client] second 12.355725: 94737844.455031 bit/s, bytes received: 1184556 B, packets received: 977
[client] second 12.455803: 94788232.383914 bit/s, bytes received: 1185776 B, packets received: 976
[client] second 12.555881: 94731351.557261 bit/s, bytes received: 1185068 B, packets received: 978
[client] second 12.655985: 94764646.721764 bit/s, bytes received: 1185783 B, packets received: 977
[client] second 12.756048: 94802827.947819 bit/s, bytes received: 1185783 B, packets received: 976
[client] second 12.856294: 14906576.977847 bit/s, bytes received: 186792 B, packets received: 155
[client] second 12.956505: 0.000000 bit/s, bytes received: 0 B, packets received: 0
[client] second 13.056734: 0.000000 bit/s, bytes received: 0 B, packets received: 0
[client] second 13.156963: 0.000000 bit/s, bytes received: 0 B, packets received: 0
[client] second 13.257480: 0.000000 bit/s, bytes received: 0 B, packets received: 2
[client] second 13.358323: 0.000000 bit/s, bytes received: 0 B, packets received: 11
[client] second 13.458992: 0.000000 bit/s, bytes received: 0 B, packets received: 0
[client] second 13.559201: 0.000000 bit/s, bytes received: 0 B, packets received: 0
[client] second 13.659411: 0.000000 bit/s, bytes received: 0 B, packets received: 0
[client] second 13.759855: 0.000000 bit/s, bytes received: 0 B, packets received: 0
[client] second 13.859899: 58136594.100111 bit/s, bytes received: 727031 B, packets received: 599
[client] second 13.959933: 94733043.786750 bit/s, bytes received: 1184556 B, packets received: 977
[client] second 14.059947: 94849134.431748 bit/s, bytes received: 1185783 B, packets received: 976
[client] second 14.159980: 94732664.034784 bit/s, bytes received: 1184556 B, packets received: 976
[client] second 14.260031: 94815141.406761 bit/s, bytes received: 1185783 B, packets received: 977
[client] second 14.360480: 65605259.303094 bit/s, bytes received: 823747 B, packets received: 680
[client] second 14.460664: 0.000000 bit/s, bytes received: 0 B, packets received: 0
[client] second 14.561023: 0.000000 bit/s, bytes received: 0 B, packets received: 0
[client] second 14.661237: 0.000000 bit/s, bytes received: 0 B, packets received: 0
[client] second 14.761461: 0.000000 bit/s, bytes received: 0 B, packets received: 0
[client] second 14.862265: 0.000000 bit/s, bytes received: 0 B, packets received: 7
[client] second 14.963259: 0.000000 bit/s, bytes received: 0 B, packets received: 4
[client] second 15.063982: 0.000000 bit/s, bytes received: 0 B, packets received: 0
[client] second 15.164445: 0.000000 bit/s, bytes received: 0 B, packets received: 0
[client] second 15.264674: 0.000000 bit/s, bytes received: 0 B, packets received: 0
[client] second 15.364748: 8966350.723555 bit/s, bytes received: 112162 B, packets received: 92
[client] second 15.464842: 94772415.712518 bit/s, bytes received: 1185783 B, packets received: 977
[client] second 15.564862: 94844517.109671 bit/s, bytes received: 1185783 B, packets received: 977
[client] second 15.664886: 94683809.358649 bit/s, bytes received: 1183834 B, packets received: 977
[client] second 15.764992: 94859847.304703 bit/s, bytes received: 1187010 B, packets received: 977
[client] second 15.865034: 94724667.222366 bit/s, bytes received: 1184556 B, packets received: 976
[client] second 15.965779: 20036941.343768 bit/s, bytes received: 252328 B, packets received: 209
[client] second 16.065951: 0.000000 bit/s, bytes received: 0 B, packets received: 0
[client] second 16.166128: 0.000000 bit/s, bytes received: 0 B, packets received: 0
[client] second 16.266324: 0.000000 bit/s, bytes received: 0 B, packets received: 0
[client] second 16.366924: 0.000000 bit/s, bytes received: 0 B, packets received: 1
[client] second 16.467935: 0.000000 bit/s, bytes received: 0 B, packets received: 10
[client] second 16.568144: 0.000000 bit/s, bytes received: 0 B, packets received: 0
[client] second 16.668603: 0.000000 bit/s, bytes received: 0 B, packets received: 0
[client] second 16.768863: 0.000000 bit/s, bytes received: 0 B, packets received: 0
[client] second 16.869091: 0.000000 bit/s, bytes received: 0 B, packets received: 0
[client] second 16.969109: 54283946.207964 bit/s, bytes received: 678673 B, packets received: 559
[client] second 17.069261: 94718622.229273 bit/s, bytes received: 1185783 B, packets received: 977
[client] second 17.169306: 94721982.035540 bit/s, bytes received: 1184556 B, packets received: 977
[client] second 17.269399: 94872741.967088 bit/s, bytes received: 1187010 B, packets received: 977
[client] second 17.369470: 94697429.485053 bit/s, bytes received: 1184556 B, packets received: 976
[client] second 17.470334: 69073568.014045 bit/s, bytes received: 870878 B, packets received: 719
[client] second 17.570528: 0.000000 bit/s, bytes received: 0 B, packets received: 0
[client] second 17.670699: 0.000000 bit/s, bytes received: 0 B, packets received: 0
[client] second 17.770900: 0.000000 bit/s, bytes received: 0 B, packets received: 0
[client] second 17.871003: 0.000000 bit/s, bytes received: 0 B, packets received: 0
[client] second 17.971960: 0.000000 bit/s, bytes received: 0 B, packets received: 7
[client] second 18.072139: 0.000000 bit/s, bytes received: 0 B, packets received: 6
[client] second 18.172322: 0.000000 bit/s, bytes received: 0 B, packets received: 0
[client] second 18.272545: 0.000000 bit/s, bytes received: 0 B, packets received: 0
[client] second 18.373307: 0.000000 bit/s, bytes received: 0 B, packets received: 0
[client] second 18.473330: 4513584.001887 bit/s, bytes received: 56433 B, packets received: 46
[client] second 18.573391: 94707791.924847 bit/s, bytes received: 1184565 B, packets received: 976
[client] second 18.673459: 94740067.372510 bit/s, bytes received: 1185061 B, packets received: 978
[client] second 18.773481: 94842095.305315 bit/s, bytes received: 1185783 B, packets received: 976
[client] second 18.873515: 94731771.961095 bit/s, bytes received: 1184556 B, packets received: 976
[client] second 18.973554: 94728033.389154 bit/s, bytes received: 1184556 B, packets received: 976
[client] second 19.074156: 24691377.659465 bit/s, bytes received: 310502 B, packets received: 257
[client] second 19.174381: 0.000000 bit/s, bytes received: 0 B, packets received: 0
[client] second 19.274610: 0.000000 bit/s, bytes received: 0 B, packets received: 0
[client] second 19.374838: 0.000000 bit/s, bytes received: 0 B, packets received: 0
[client] second 19.475065: 0.000000 bit/s, bytes received: 0 B, packets received: 0
[client] second 19.575312: 0.000000 bit/s, bytes received: 0 B, packets received: 11
[client] second 19.675549: 0.000000 bit/s, bytes received: 0 B, packets received: 0
[client] second 19.776010: 0.000000 bit/s, bytes received: 0 B, packets received: 0
[client] second 19.876239: 0.000000 bit/s, bytes received: 0 B, packets received: 0
[client] second 19.976467: 0.000000 bit/s, bytes received: 0 B, packets received: 0
[client] second 20.076535: 47447897.715586 bit/s, bytes received: 593505 B, packets received: 489
[client] second 20.176597: 94804157.211499 bit/s, bytes received: 1185783 B, packets received: 977
[client] second 20.276639: 94724808.303035 bit/s, bytes received: 1184556 B, packets received: 977
[client] second 20.376738: 94768346.442973 bit/s, bytes received: 1185783 B, packets received: 977
[client] second 20.476832: 94773762.113627 bit/s, bytes received: 1185783 B, packets received: 977
[client] second 20.577570: 75923295.470761 bit/s, bytes received: 956046 B, packets received: 788
[client] second 20.678002: 0.000000 bit/s, bytes received: 0 B, packets received: 0
[client] second 20.778228: 0.000000 bit/s, bytes received: 0 B, packets received: 0
[client] second 20.878439: 0.000000 bit/s, bytes received: 0 B, packets received: 0
[client] second 20.978650: 0.000000 bit/s, bytes received: 0 B, packets received: 0
[client] second 21.079102: 0.000000 bit/s, bytes received: 0 B, packets received: 6
[client] second 21.179536: 0.000000 bit/s, bytes received: 0 B, packets received: 7
[client] second 21.279718: 0.000000 bit/s, bytes received: 0 B, packets received: 0
[client] second 21.379899: 0.000000 bit/s, bytes received: 0 B, packets received: 0
[client] second 21.480077: 0.000000 bit/s, bytes received: 0 B, packets received: 0
[client] second 21.580626: 0.000000 bit/s, bytes received: 0 B, packets received: 0
[client] second 21.680663: 92529887.200668 bit/s, bytes received: 1157057 B, packets received: 954
[client] second 21.780686: 94841277.002355 bit/s, bytes received: 1185783 B, packets received: 976
[client] second 21.880744: 94709197.294447 bit/s, bytes received: 1184556 B, packets received: 976
[client] second 21.980808: 94802666.884902 bit/s, bytes received: 1185783 B, packets received: 977
[client] second 22.080889: 94727586.078863 bit/s, bytes received: 1185061 B, packets received: 977
[client] second 22.181480: 31272464.115224 bit/s, bytes received: 393216 B, packets received: 325
[client] second 22.281661: 0.000000 bit/s, bytes received: 0 B, packets received: 0
[client] second 22.381737: 0.000000 bit/s, bytes received: 0 B, packets received: 0
[client] second 22.481870: 0.000000 bit/s, bytes received: 0 B, packets received: 0
[client] second 22.582047: 0.000000 bit/s, bytes received: 0 B, packets received: 0
[client] second 22.682675: 0.000000 bit/s, bytes received: 0 B, packets received: 11
[client] second 22.783126: 0.000000 bit/s, bytes received: 0 B, packets received: 0
[client] second 22.883334: 0.000000 bit/s, bytes received: 0 B, packets received: 0
[client] second 22.983542: 0.000000 bit/s, bytes received: 0 B, packets received: 0
[client] second 23.083743: 0.000000 bit/s, bytes received: 0 B, packets received: 0
[client] second 23.183778: 41928248.552476 bit/s, bytes received: 524288 B, packets received: 433
[client] second 23.283843: 94800825.121979 bit/s, bytes received: 1185783 B, packets received: 976
[client] second 23.383875: 94734552.407549 bit/s, bytes received: 1184556 B, packets received: 977
[client] second 23.483937: 94803397.356992 bit/s, bytes received: 1185783 B, packets received: 976
[client] second 23.583958: 94744762.667441 bit/s, bytes received: 1184556 B, packets received: 977
[client] second 23.684823: 81415063.908474 bit/s, bytes received: 1026490 B, packets received: 846
[client] second 23.785199: 0.000000 bit/s, bytes received: 0 B, packets received: 0
[client] second 23.885387: 0.000000 bit/s, bytes received: 0 B, packets received: 0
[client] second 23.985567: 0.000000 bit/s, bytes received: 0 B, packets received: 0
[client] second 24.085750: 0.000000 bit/s, bytes received: 0 B, packets received: 0
[client] second 24.186305: 0.000000 bit/s, bytes received: 0 B, packets received: 5
[client] second 24.286691: 0.000000 bit/s, bytes received: 0 B, packets received: 8
[client] second 24.387162: 0.000000 bit/s, bytes received: 0 B, packets received: 0
[client] second 24.487451: 0.000000 bit/s, bytes received: 0 B, packets received: 0
[client] second 24.588033: 0.000000 bit/s, bytes received: 0 B, packets received: 0
[client] second 24.688301: 0.000000 bit/s, bytes received: 0 B, packets received: 0
[client] second 24.788399: 86647452.841083 bit/s, bytes received: 1084159 B, packets received: 893
[client] second 24.888456: 94710628.483750 bit/s, bytes received: 1184556 B, packets received: 976
[client] second 24.988485: 94736762.865289 bit/s, bytes received: 1184556 B, packets received: 977
[client] second 25.088503: 94845704.351031 bit/s, bytes received: 1185783 B, packets received: 976
[client] second 25.188580: 94691295.938108 bit/s, bytes received: 1184556 B, packets received: 977
[client] second 25.289533: 37074630.160860 bit/s, bytes received: 467846 B, packets received: 386
[client] second 25.389765: 0.000000 bit/s, bytes received: 0 B, packets received: 0
[client] second 25.489998: 0.000000 bit/s, bytes received: 0 B, packets received: 0
[client] second 25.590226: 0.000000 bit/s, bytes received: 0 B, packets received: 0
[client] second 25.690455: 0.000000 bit/s, bytes received: 0 B, packets received: 0
[client] second 25.791202: 0.000000 bit/s, bytes received: 0 B, packets received: 12
[client] second 25.891906: 0.000000 bit/s, bytes received: 0 B, packets received: 2
[client] second 25.992091: 0.000000 bit/s, bytes received: 0 B, packets received: 0
[client] second 26.092271: 0.000000 bit/s, bytes received: 0 B, packets received: 0
[client] second 26.192453: 0.000000 bit/s, bytes received: 0 B, packets received: 0
[client] second 26.292507: 36876476.723966 bit/s, bytes received: 461206 B, packets received: 380
[client] second 26.392615: 94760852.630147 bit/s, bytes received: 1185783 B, packets received: 978
[client] second 26.492703: 94778961.550426 bit/s, bytes received: 1185783 B, packets received: 976
[client] second 26.592803: 94767852.246505 bit/s, bytes received: 1185783 B, packets received: 978
[client] second 26.692906: 94765434.355710 bit/s, bytes received: 1185783 B, packets received: 977
[client] second 26.793046: 86847560.738686 bit/s, bytes received: 1087118 B, packets received: 896
[client] second 26.893911: 0.000000 bit/s, bytes received: 0 B, packets received: 0
[client] second 26.993975: 0.000000 bit/s, bytes received: 0 B, packets received: 0
[client] second 27.094161: 0.000000 bit/s, bytes received: 0 B, packets received: 0
[client] second 27.194344: 0.000000 bit/s, bytes received: 0 B, packets received: 0
[client] second 27.294638: 0.000000 bit/s, bytes received: 0 B, packets received: 4
[client] second 27.395542: 0.000000 bit/s, bytes received: 0 B, packets received: 9
[client] second 27.495771: 0.000000 bit/s, bytes received: 0 B, packets received: 0
[client] second 27.596000: 0.000000 bit/s, bytes received: 0 B, packets received: 0
[client] second 27.696228: 0.000000 bit/s, bytes received: 0 B, packets received: 0
[client] second 27.796833: 0.000000 bit/s, bytes received: 0 B, packets received: 0
[client] second 27.896950: 82375307.192753 bit/s, bytes received: 1030893 B, packets received: 850
[client] second 27.997052: 94765766.642707 bit/s, bytes received: 1185783 B, packets received: 977
[client] second 28.097066: 94849029.164315 bit/s, bytes received: 1185783 B, packets received: 976
[client] second 28.197088: 94686294.272600 bit/s, bytes received: 1183834 B, packets received: 977
[client] second 28.297186: 94769740.066905 bit/s, bytes received: 1185783 B, packets received: 977
[client] second 28.397523: 41410892.087972 bit/s, bytes received: 519380 B, packets received: 428
[client] second 28.497753: 0.000000 bit/s, bytes received: 0 B, packets received: 0
[client] second 28.597987: 0.000000 bit/s, bytes received: 0 B, packets received: 0
[client] second 28.698811: 0.000000 bit/s, bytes received: 0 B, packets received: 0
[client] second 28.799270: 0.000000 bit/s, bytes received: 0 B, packets received: 0
[client] second 28.899308: 0.000000 bit/s, bytes received: 0 B, packets received: 10
[client] second 28.999806: 0.000000 bit/s, bytes received: 0 B, packets received: 3
[client] second 29.100351: 0.000000 bit/s, bytes received: 0 B, packets received: 0
[client] second 29.200578: 0.000000 bit/s, bytes received: 0 B, packets received: 0
[client] second 29.301043: 0.000000 bit/s, bytes received: 0 B, packets received: 0
[client] second 29.401111: 32809084.819709 bit/s, bytes received: 410394 B, packets received: 338
[client] second 29.501146: 94731639.382575 bit/s, bytes received: 1184556 B, packets received: 977
[client] second 29.601166: 94843605.836745 bit/s, bytes received: 1185783 B, packets received: 976
[client] second 29.701199: 94733165.951995 bit/s, bytes received: 1184556 B, packets received: 976
[client] second 29.801235: 94730216.080844 bit/s, bytes received: 1184556 B, packets received: 977
[client] second 29.901638: 90962245.753023 bit/s, bytes received: 1141611 B, packets received: 941
[client] second 30.002194: 0.000000 bit/s, bytes received: 0 B, packets received: 0
[client] second 30.102424: 0.000000 bit/s, bytes received: 0 B, packets received: 0
[client] second 30.202659: 0.000000 bit/s, bytes received: 0 B, packets received: 0
[client] second 30.302888: 0.000000 bit/s, bytes received: 0 B, packets received: 0
[client] second 30.403954: 0.000000 bit/s, bytes received: 0 B, packets received: 4
[client] second 30.503973: 0.000000 bit/s, bytes received: 0 B, packets received: 9
[client] second 30.604183: 0.000000 bit/s, bytes received: 0 B, packets received: 0
[client] second 30.704391: 0.000000 bit/s, bytes received: 0 B, packets received: 0
[client] second 30.804598: 0.000000 bit/s, bytes received: 0 B, packets received: 0
[client] second 30.905168: 0.000000 bit/s, bytes received: 0 B, packets received: 0
[client] second 31.005198: 77696277.213003 bit/s, bytes received: 971492 B, packets received: 801
[client] second 31.105305: 94761394.083719 bit/s, bytes received: 1185783 B, packets received: 977
[client] second 31.205337: 94773933.467505 bit/s, bytes received: 1185061 B, packets received: 977
[client] second 31.305438: 94767235.928246 bit/s, bytes received: 1185783 B, packets received: 977
[client] second 31.405532: 94772983.809586 bit/s, bytes received: 1185783 B, packets received: 977
[client] second 31.506062: 45960856.152787 bit/s, bytes received: 577554 B, packets received: 476
[client] second 31.606300: 0.000000 bit/s, bytes received: 0 B, packets received: 0
[client] second 31.706498: 0.000000 bit/s, bytes received: 0 B, packets received: 0
[client] second 31.806676: 0.000000 bit/s, bytes received: 0 B, packets received: 0
[client] second 31.906854: 0.000000 bit/s, bytes received: 0 B, packets received: 0
[client] second 32.007339: 0.000000 bit/s, bytes received: 0 B, packets received: 10
[client] second 32.108348: 0.000000 bit/s, bytes received: 0 B, packets received: 3
[client] second 32.208556: 0.000000 bit/s, bytes received: 0 B, packets received: 0
[client] second 32.308747: 0.000000 bit/s, bytes received: 0 B, packets received: 0
[client] second 32.409204: 0.000000 bit/s, bytes received: 0 B, packets received: 0
[client] second 32.509226: 27582758.528399 bit/s, bytes received: 344858 B, packets received: 284
[client] second 32.609258: 94733565.595539 bit/s, bytes received: 1184556 B, packets received: 976
[client] second 32.709357: 94769256.270256 bit/s, bytes received: 1185783 B, packets received: 978
[client] second 32.809424: 94798879.221824 bit/s, bytes received: 1185783 B, packets received: 976
[client] second 32.909455: 94734617.753792 bit/s, bytes received: 1184556 B, packets received: 976
[client] second 33.009557: 94766165.200841 bit/s, bytes received: 1185783 B, packets received: 977
[client] second 33.109646: 1609529.611035 bit/s, bytes received: 20137 B, packets received: 18
[client] second 33.209881: 0.000000 bit/s, bytes received: 0 B, packets received: 0
[client] second 33.310121: 0.000000 bit/s, bytes received: 0 B, packets received: 0
[client] second 33.410330: 0.000000 bit/s, bytes received: 0 B, packets received: 0
[client] second 33.511173: 0.000000 bit/s, bytes received: 0 B, packets received: 3
[client] second 33.612189: 0.000000 bit/s, bytes received: 0 B, packets received: 10
[client] second 33.712397: 0.000000 bit/s, bytes received: 0 B, packets received: 0
[client] second 33.812604: 0.000000 bit/s, bytes received: 0 B, packets received: 0
[client] second 33.912812: 0.000000 bit/s, bytes received: 0 B, packets received: 0
[client] second 34.013181: 0.000000 bit/s, bytes received: 0 B, packets received: 0
[client] second 34.113253: 72522876.071975 bit/s, bytes received: 907183 B, packets received: 748
[client] second 34.213296: 94821275.166921 bit/s, bytes received: 1185783 B, packets received: 976
[client] second 34.313390: 94715619.999712 bit/s, bytes received: 1185061 B, packets received: 978
[client] second 34.413400: 94853030.439486 bit/s, bytes received: 1185783 B, packets received: 976
[client] second 34.513447: 94720169.904519 bit/s, bytes received: 1184556 B, packets received: 976
[client] second 34.614216: 51054883.553251 bit/s, bytes received: 643090 B, packets received: 531
[client] second 34.714401: 0.000000 bit/s, bytes received: 0 B, packets received: 0
[client] second 34.814589: 0.000000 bit/s, bytes received: 0 B, packets received: 0
[client] second 34.914769: 0.000000 bit/s, bytes received: 0 B, packets received: 0
[client] second 35.014949: 0.000000 bit/s, bytes received: 0 B, packets received: 0
[client] second 35.115609: 0.000000 bit/s, bytes received: 0 B, packets received: 9
[client] second 35.216008: 0.000000 bit/s, bytes received: 0 B, packets received: 2
[client] second 35.316471: 0.000000 bit/s, bytes received: 0 B, packets received: 0
[client] second 35.416654: 0.000000 bit/s, bytes received: 0 B, packets received: 0
[client] second 35.516837: 0.000000 bit/s, bytes received: 0 B, packets received: 0
[client] second 35.616910: 22427680.340942 bit/s, bytes received: 280549 B, packets received: 232
[client] second 35.716998: 94779017.420720 bit/s, bytes received: 1185783 B, packets received: 976
[client] second 35.817062: 94801764.942677 bit/s, bytes received: 1185783 B, packets received: 977
[client] second 35.917105: 94723764.884140 bit/s, bytes received: 1184556 B, packets received: 977
[client] second 36.017134: 94834979.481535 bit/s, bytes received: 1185783 B, packets received: 976
[client] second 36.117201: 94799591.635591 bit/s, bytes received: 1185783 B, packets received: 977
[client] second 36.217974: 6606479.069422 bit/s, bytes received: 83219 B, packets received: 70
[client] second 36.318182: 0.000000 bit/s, bytes received: 0 B, packets received: 0
[client] second 36.418390: 0.000000 bit/s, bytes received: 0 B, packets received: 0
[client] second 36.518598: 0.000000 bit/s, bytes received: 0 B, packets received: 0
[client] second 36.619363: 0.000000 bit/s, bytes received: 0 B, packets received: 3
[client] second 36.720205: 0.000000 bit/s, bytes received: 0 B, packets received: 9
[client] second 36.820485: 0.000000 bit/s, bytes received: 0 B, packets received: 1
[client] second 36.920703: 0.000000 bit/s, bytes received: 0 B, packets received: 0
[client] second 37.020914: 0.000000 bit/s, bytes received: 0 B, packets received: 0
[client] second 37.121451: 0.000000 bit/s, bytes received: 0 B, packets received: 0
[client] second 37.221485: 67701187.970692 bit/s, bytes received: 846555 B, packets received: 697
[client] second 37.321530: 94664095.597675 bit/s, bytes received: 1183834 B, packets received: 977
[client] second 37.421586: 94809160.049000 bit/s, bytes received: 1185783 B, packets received: 976
[client] second 37.521619: 94831151.316205 bit/s, bytes received: 1185783 B, packets received: 977
[client] second 37.621633: 94751415.674807 bit/s, bytes received: 1184556 B, packets received: 976
[client] second 37.722634: 55837029.805380 bit/s, bytes received: 704945 B, packets received: 582
[client] second 37.822855: 0.000000 bit/s, bytes received: 0 B, packets received: 0
[client] second 37.923063: 0.000000 bit/s, bytes received: 0 B, packets received: 0
[client] second 38.023275: 0.000000 bit/s, bytes received: 0 B, packets received: 0
[client] second 38.123482: 0.000000 bit/s, bytes received: 0 B, packets received: 0
[client] second 38.223941: 0.000000 bit/s, bytes received: 0 B, packets received: 9
[client] second 38.324105: 0.000000 bit/s, bytes received: 0 B, packets received: 4
[client] second 38.424312: 0.000000 bit/s, bytes received: 0 B, packets received: 0
[client] second 38.524751: 0.000000 bit/s, bytes received: 0 B, packets received: 0
[client] second 38.624956: 0.000000 bit/s, bytes received: 0 B, packets received: 0
[client] second 38.725041: 17284660.143887 bit/s, bytes received: 216240 B, packets received: 179
[client] second 38.825060: 94844697.280169 bit/s, bytes received: 1185783 B, packets received: 976
[client] second 38.925137: 94788847.829853 bit/s, bytes received: 1185783 B, packets received: 977
[client] second 39.025200: 94704872.753089 bit/s, bytes received: 1184556 B, packets received: 976
[client] second 39.125280: 94786645.754633 bit/s, bytes received: 1185783 B, packets received: 977
[client] second 39.225396: 94753152.732018 bit/s, bytes received: 1185783 B, packets received: 977
[client] second 39.326439: 11680455.251777 bit/s, bytes received: 147528 B, packets received: 123
[client] second 39.426692: 0.000000 bit/s, bytes received: 0 B, packets received: 0
[client] second 39.527162: 0.000000 bit/s, bytes received: 0 B, packets received: 0
[client] second 39.627398: 0.000000 bit/s, bytes received: 0 B, packets received: 0
[client] second 39.728041: 0.000000 bit/s, bytes received: 0 B, packets received: 2
[client] second 39.828913: 0.000000 bit/s, bytes received: 0 B, packets received: 10
[client] second 39.929243: 0.000000 bit/s, bytes received: 0 B, packets received: 1
[client] second 40.029471: 0.000000 bit/s, bytes received: 0 B, packets received: 0
[client] total: bytes received: 135137686 B, packets received: 111688
