Bandwidth: 100 Mbit/s
RTT: 1000 ms
BDP: 12500000 B/s
Max In-Flight Packets: 9765
[server] starting server with pid 176618, port 18080, cc cubic, iw 32
[server][session 0] open
[client] connection establishment time: 2.005447 s
[server][session 0][stream 0] open
[client] time to first byte: 3.006386 s
[client] second 1.000354: 314240.940338 bit/s, bytes received: 39294 B, packets received: 41
[client] second 2.001092: 641366.274684 bit/s, bytes received: 80230 B, packets received: 66
[client] second 3.001450: 1287740.017978 bit/s, bytes received: 161025 B, packets received: 133
[client] second 4.001508: 2552579.769140 bit/s, bytes received: 319091 B, packets received: 263
[client] second 5.002092: 3589391.780842 bit/s, bytes received: 448936 B, packets received: 374
[client] second 6.002225: 6712592.567002 bit/s, bytes received: 839186 B, packets received: 697
[client] second 7.002367: 8627064.121548 bit/s, bytes received: 1078536 B, packets received: 897
[client] second 8.002736: 14013176.863718 bit/s, bytes received: 1752294 B, packets received: 1454
[client] second 9.003807: 29328742.784429 bit/s, bytes received: 3670016 B, packets received: 3032
[client] second 10.003890: 47099441.333386 bit/s, bytes received: 5887919 B, packets received: 4861
[client] second 11.003972: 35780285.099939 bit/s, bytes received: 4472904 B, packets received: 3705
[client] second 12.004157: 30354028.083153 bit/s, bytes received: 3794953 B, packets received: 3149
[client] second 13.005193: 50279509.455961 bit/s, bytes received: 6291456 B, packets received: 5198
[client] second 14.005257: 42117051.882523 bit/s, bytes received: 5264966 B, packets received: 4364
[client] second 15.005372: 36034292.885687 bit/s, bytes received: 4504806 B, packets received: 3727
[client] second 16.006238: 22485656.033881 bit/s, bytes received: 2813140 B, packets received: 2336
[client] second 17.006983: 50294173.208013 bit/s, bytes received: 6291456 B, packets received: 5185
[client] second 18.007047: 16208591.366853 bit/s, bytes received: 2026203 B, packets received: 1680
[client] second 19.007984: 34090079.958755 bit/s, bytes received: 4265253 B, packets received: 3528
[client] second 20.008656: 50297857.899063 bit/s, bytes received: 6291456 B, packets received: 5185
[client] second 21.008696: 5586211.624496 bit/s, bytes received: 698305 B, packets received: 588
[client] second 22.009690: 44700794.631478 bit/s, bytes received: 5593151 B, packets received: 4617
[client] second 23.009722: 47665373.893833 bit/s, bytes received: 5958363 B, packets received: 4913
[client] second 24.010084: 2663782.374563 bit/s, bytes received: 333093 B, packets received: 289
[client] second 25.010430: 17868680.019919 bit/s, bytes received: 2234359 B, packets received: 1841
[client] second 26.010652: 30441194.377633 bit/s, bytes received: 3805996 B, packets received: 3136
[client] second 27.011736: 50277177.253669 bit/s, bytes received: 6291456 B, packets received: 5186
[client] second 28.011807: 43689478.163512 bit/s, bytes received: 5461574 B, packets received: 4514
[client] second 29.012570: 26502521.228436 bit/s, bytes received: 3315342 B, packets received: 2759
[client] second 30.013099: 50305014.965622 bit/s, bytes received: 6291456 B, packets received: 5199
[client] second 31.013130: 30731613.343383 bit/s, bytes received: 3841570 B, packets received: 3193
[client] second 32.013289: 39574634.168906 bit/s, bytes received: 4947616 B, packets received: 4090
[client] second 33.014333: 30318137.431094 bit/s, bytes received: 3793726 B, packets received: 3147
[client] second 34.014861: 50305090.634722 bit/s, bytes received: 6291456 B, packets received: 5186
[client] second 35.014908: 28168775.870251 bit/s, bytes received: 3521261 B, packets received: 2915
[client] second 36.015878: 22140072.307064 bit/s, bytes received: 2770195 B, packets received: 2296
[client] second 37.016886: 50280984.528023 bit/s, bytes received: 6291456 B, packets received: 5185
[client] second 38.016924: 17644385.555731 bit/s, bytes received: 2205633 B, packets received: 1830
[client] second 39.017362: 32672287.717752 bit/s, bytes received: 4085823 B, packets received: 3381
[client] second 40.018152: 50291917.837536 bit/s, bytes received: 6291456 B, packets received: 5185
[client] total: bytes received: 144316407 B, packets received: 119325
