Bandwidth: 100 Mbit/s
RTT: 1000 ms
BDP: 12500000 B/s
Max In-Flight Packets: 9765
[server] starting server with pid 178481, port 18080, cc cubic, iw 32
[server][session 0] open
[client] connection establishment time: 2.005267 s
[server][session 0][stream 0] open
[client] time to first byte: 3.006668 s
[client] second 1.000929: 333674.325867 bit/s, bytes received: 41748 B, packets received: 43
[client] second 2.001364: 621937.222216 bit/s, bytes received: 77776 B, packets received: 64
[client] second 3.001868: 1297362.902326 bit/s, bytes received: 162252 B, packets received: 134
[client] second 4.002123: 2532448.680793 bit/s, bytes received: 316637 B, packets received: 261
[client] second 5.002600: 3599588.371390 bit/s, bytes received: 450163 B, packets received: 375
[client] second 6.002989: 6710853.055378 bit/s, bytes received: 839183 B, packets received: 696
[client] second 7.003590: 8603503.830973 bit/s, bytes received: 1076085 B, packets received: 895
[client] second 8.004012: 14032061.950671 bit/s, bytes received: 1754748 B, packets received: 1456
[client] second 9.004632: 29341948.315663 bit/s, bytes received: 3670016 B, packets received: 3032
[client] second 10.004927: 46123728.321523 bit/s, bytes received: 5767168 B, packets received: 4762
[client] second 11.004991: 18187828.290827 bit/s, bytes received: 2273623 B, packets received: 1893
[client] second 12.005778: 44690395.854455 bit/s, bytes received: 5590697 B, packets received: 4627
[client] second 13.006894: 50275525.380742 bit/s, bytes received: 6291456 B, packets received: 5189
[client] second 14.006931: 7486996.965166 bit/s, bytes received: 935909 B, packets received: 784
[client] second 15.007652: 42813504.209639 bit/s, bytes received: 5355547 B, packets received: 4422
[client] second 16.007735: 49465459.286616 bit/s, bytes received: 6183697 B, packets received: 5099
[client] second 17.008650: 861284.215196 bit/s, bytes received: 107759 B, packets received: 100
[client] second 18.008782: 50325049.580799 bit/s, bytes received: 6291456 B, packets received: 5185
[client] second 19.008879: 38822950.886174 bit/s, bytes received: 4853345 B, packets received: 4013
[client] second 20.009154: 11501730.694412 bit/s, bytes received: 1438111 B, packets received: 1196
[client] second 21.009428: 50317836.860774 bit/s, bytes received: 6291456 B, packets received: 5185
[client] second 22.009468: 28159157.854760 bit/s, bytes received: 3520034 B, packets received: 2914
[client] second 23.009975: 22160126.190338 bit/s, bytes received: 2771422 B, packets received: 2295
[client] second 24.010008: 50330021.686009 bit/s, bytes received: 6291456 B, packets received: 5185
[client] second 25.010078: 17427880.441401 bit/s, bytes received: 2178639 B, packets received: 1808
[client] second 26.010674: 32882956.895571 bit/s, bytes received: 4112817 B, packets received: 3403
[client] second 27.011395: 50295356.027883 bit/s, bytes received: 6291456 B, packets received: 5185
[client] second 28.011428: 6825338.196985 bit/s, bytes received: 853195 B, packets received: 717
[client] second 29.012433: 43462403.850965 bit/s, bytes received: 5438261 B, packets received: 4489
[client] second 30.012486: 48962328.570836 bit/s, bytes received: 6120615 B, packets received: 5048
[client] second 31.013575: 1365241.387288 bit/s, bytes received: 170841 B, packets received: 155
[client] second 32.013767: 50321991.612386 bit/s, bytes received: 6291456 B, packets received: 5185
[client] second 33.013818: 38280902.756635 bit/s, bytes received: 4785355 B, packets received: 3957
[client] second 34.013980: 12046854.048461 bit/s, bytes received: 1506101 B, packets received: 1254
[client] second 35.015039: 50278383.131189 bit/s, bytes received: 6291456 B, packets received: 5185
[client] second 36.015086: 27664125.119065 bit/s, bytes received: 3458179 B, packets received: 2862
[client] second 37.016100: 22643259.719858 bit/s, bytes received: 2833277 B, packets received: 2349
[client] second 38.016298: 50321663.829645 bit/s, bytes received: 6291456 B, packets received: 5185
[client] second 39.016327: 17061392.931355 bit/s, bytes received: 2132735 B, packets received: 1771
[client] second 40.016715: 33256851.504472 bit/s, bytes received: 4158721 B, packets received: 3440
[client] total: bytes received: 135266304 B, packets received: 111798
