Bandwidth: 100 Mbit/s
RTT: 1000 ms
BDP: 12500000 B/s
Max In-Flight Packets: 9765
[server] starting server with pid 179759, port 18080, cc cubic, iw 32
[server][session 0] open
[client] connection establishment time: 2.005048 s
[server][session 0][stream 0] open
[client] time to first byte: 3.006315 s
[client] second 1.000706: 314130.524159 bit/s, bytes received: 39294 B, packets received: 40
[client] second 2.001409: 651197.969489 bit/s, bytes received: 81457 B, packets received: 67
[client] second 3.001708: 1278002.124019 bit/s, bytes received: 159798 B, packets received: 132
[client] second 4.002564: 2550543.969199 bit/s, bytes received: 319091 B, packets received: 263
[client] second 5.002649: 3591181.869702 bit/s, bytes received: 448936 B, packets received: 374
[client] second 6.003620: 6706975.077832 bit/s, bytes received: 839186 B, packets received: 697
[client] second 7.003826: 8626516.605201 bit/s, bytes received: 1078536 B, packets received: 897
[client] second 8.004886: 14003497.691799 bit/s, bytes received: 1752294 B, packets received: 1454
[client] second 9.005172: 29351755.294395 bit/s, bytes received: 3670016 B, packets received: 3032
[client] second 10.005976: 46100266.293424 bit/s, bytes received: 5767168 B, packets received: 4762
[client] second 11.006068: 18368022.674587 bit/s, bytes received: 2296214 B, packets received: 1914
[client] second 12.006553: 44523248.792499 bit/s, bytes received: 5568106 B, packets received: 4606
[client] second 13.007578: 50280140.069190 bit/s, bytes received: 6291456 B, packets received: 5189
[client] second 14.007627: 7683209.353125 bit/s, bytes received: 960449 B, packets received: 804
[client] second 15.008520: 42610013.651981 bit/s, bytes received: 5331007 B, packets received: 4403
[client] second 16.008544: 49802115.037827 bit/s, bytes received: 6225415 B, packets received: 5134
[client] second 17.008982: 528097.119108 bit/s, bytes received: 66041 B, packets received: 65
[client] second 18.009435: 50308856.327274 bit/s, bytes received: 6291456 B, packets received: 5185
[client] second 19.009492: 39148433.089402 bit/s, bytes received: 4893836 B, packets received: 4045
[client] second 20.010540: 11169254.766205 bit/s, bytes received: 1397620 B, packets received: 1166
[client] second 21.011222: 50297344.356094 bit/s, bytes received: 6291456 B, packets received: 5185
[client] second 22.011254: 28536404.523606 bit/s, bytes received: 3567165 B, packets received: 2952
[client] second 23.011914: 21779965.071354 bit/s, bytes received: 2724291 B, packets received: 2257
[client] second 24.012515: 50301425.092953 bit/s, bytes received: 6291456 B, packets received: 5185
[client] second 25.012628: 17941546.450336 bit/s, bytes received: 2242948 B, packets received: 1862
[client] second 26.013440: 32361788.008036 bit/s, bytes received: 4048508 B, packets received: 3350
[client] second 27.014406: 50283085.350415 bit/s, bytes received: 6291456 B, packets received: 5185
[client] second 28.014441: 7306287.556613 bit/s, bytes received: 913318 B, packets received: 764
[client] second 29.014487: 43023108.114991 bit/s, bytes received: 5378138 B, packets received: 4441
[client] second 30.014728: 11767085.544434 bit/s, bytes received: 1471240 B, packets received: 1216
[client] second 31.015275: 16312728.340195 bit/s, bytes received: 2040205 B, packets received: 1681
[client] second 32.015370: 49170410.256584 bit/s, bytes received: 6146887 B, packets received: 5066
[client] second 33.015809: 1156044.074695 bit/s, bytes received: 144569 B, packets received: 132
[client] second 34.016211: 50311449.814423 bit/s, bytes received: 6291456 B, packets received: 5185
[client] second 35.016247: 38399237.570087 bit/s, bytes received: 4800079 B, packets received: 3969
[client] second 36.016460: 11928474.173367 bit/s, bytes received: 1491377 B, packets received: 1242
[client] second 37.017143: 50297287.156792 bit/s, bytes received: 6291456 B, packets received: 5185
[client] second 38.017201: 27766036.924477 bit/s, bytes received: 3470954 B, packets received: 2873
[client] second 39.017632: 22554282.902202 bit/s, bytes received: 2820502 B, packets received: 2338
[client] second 40.017987: 50313773.126449 bit/s, bytes received: 6291456 B, packets received: 5185
[client] total: bytes received: 132486293 B, packets received: 109482
