Bandwidth: 100 Mbit/s
RTT: 1000 ms
BDP: 12500000 B/s
Max In-Flight Packets: 9765
[server] starting server with pid 179934, port 18080, cc cubic, iw 32
[server][session 0] open
[client] connection establishment time: 2.005549 s
[server][session 0][stream 0] open
[client] time to first byte: 3.006590 s
[client] second 1.000098: 314321.578072 bit/s, bytes received: 39294 B, packets received: 41
[client] second 2.000325: 641693.919663 bit/s, bytes received: 80230 B, packets received: 66
[client] second 3.000925: 1287427.664420 bit/s, bytes received: 161025 B, packets received: 133
[client] second 4.001956: 2550097.576900 bit/s, bytes received: 319091 B, packets received: 263
[client] second 5.002152: 3590786.967070 bit/s, bytes received: 448936 B, packets received: 374
[client] second 6.002545: 6710849.461763 bit/s, bytes received: 839186 B, packets received: 696
[client] second 7.002764: 8616580.160893 bit/s, bytes received: 1077309 B, packets received: 897
[client] second 8.003619: 14016187.705607 bit/s, bytes received: 1753521 B, packets received: 1454
[client] second 9.004127: 29345224.939479 bit/s, bytes received: 3670016 B, packets received: 3032
[client] second 10.004631: 46114106.824886 bit/s, bytes received: 5767168 B, packets received: 4762
[client] second 11.004752: 18377312.376088 bit/s, bytes received: 2297441 B, packets received: 1910
[client] second 12.005240: 44513278.894763 bit/s, bytes received: 5566879 B, packets received: 4607
[client] second 13.005281: 50329616.545687 bit/s, bytes received: 6291456 B, packets received: 5191
[client] second 14.005316: 7536080.814132 bit/s, bytes received: 942044 B, packets received: 789
[client] second 15.006006: 42765810.385011 bit/s, bytes received: 5349412 B, packets received: 4418
[client] second 16.006087: 49612774.493777 bit/s, bytes received: 6202102 B, packets received: 5113
[client] second 17.006408: 714602.724718 bit/s, bytes received: 89354 B, packets received: 85
[client] second 18.007436: 50279956.333333 bit/s, bytes received: 6291456 B, packets received: 5185
[client] second 19.007523: 39000072.855695 bit/s, bytes received: 4875431 B, packets received: 4031
[client] second 20.008564: 11316421.054184 bit/s, bytes received: 1416025 B, packets received: 1180
[client] second 21.008864: 50316515.509227 bit/s, bytes received: 6291456 B, packets received: 5185
[client] second 22.008936: 28338974.471800 bit/s, bytes received: 3542625 B, packets received: 2933
[client] second 23.009389: 21980694.174527 bit/s, bytes received: 2748831 B, packets received: 2275
[client] second 24.010442: 50278688.602557 bit/s, bytes received: 6291456 B, packets received: 5185
[client] second 25.010473: 17732857.589833 bit/s, bytes received: 2216676 B, packets received: 1840
[client] second 26.010721: 32590167.448113 bit/s, bytes received: 4074780 B, packets received: 3371
[client] second 27.011415: 50296741.608653 bit/s, bytes received: 6291456 B, packets received: 5185
[client] second 28.011452: 7109960.995433 bit/s, bytes received: 888778 B, packets received: 746
[client] second 29.012196: 43189301.784041 bit/s, bytes received: 5402678 B, packets received: 4461
[client] second 30.012220: 49218923.787126 bit/s, bytes received: 6152517 B, packets received: 5073
[client] second 31.012299: 1111424.818726 bit/s, bytes received: 138939 B, packets received: 129
[client] second 32.012406: 50326235.614665 bit/s, bytes received: 6291456 B, packets received: 5185
[client] second 33.012518: 38474867.205166 bit/s, bytes received: 4809895 B, packets received: 3977
[client] second 34.012778: 11849410.305264 bit/s, bytes received: 1481561 B, packets received: 1234
[client] second 35.012932: 50323901.440556 bit/s, bytes received: 6291456 B, packets received: 5185
[client] second 36.013007: 27702605.949192 bit/s, bytes received: 3463087 B, packets received: 2867
[client] second 37.013925: 22606189.661592 bit/s, bytes received: 2828369 B, packets received: 2344
[client] second 38.014052: 50325260.516634 bit/s, bytes received: 6291456 B, packets received: 5185
[client] second 39.014184: 17098897.666517 bit/s, bytes received: 2137643 B, packets received: 1774
[client] second 40.015272: 33194373.948814 bit/s, bytes received: 4153813 B, packets received: 3437
[client] total: bytes received: 135266304 B, packets received: 111798
