Bandwidth: 100 Mbit/s
RTT: 1000 ms
BDP: 12500000 B/s
Max In-Flight Packets: 9765
[server] starting server with pid 180838, port 18080, cc cubic, iw 32
[server][session 0] open
[client] connection establishment time: 2.004646 s
[server][session 0][stream 0] open
[client] time to first byte: 3.005653 s
[client] second 1.000315: 314213.256285 bit/s, bytes received: 39289 B, packets received: 41
[client] second 2.000764: 641591.744378 bit/s, bytes received: 80235 B, packets received: 66
[client] second 3.001458: 1287306.259309 bit/s, bytes received: 161025 B, packets received: 133
[client] second 4.001976: 2551407.391534 bit/s, bytes received: 319091 B, packets received: 263
[client] second 5.002489: 3589644.817896 bit/s, bytes received: 448936 B, packets received: 374
[client] second 6.002863: 6710969.969199 bit/s, bytes received: 839184 B, packets received: 696
[client] second 7.003083: 8616586.310785 bit/s, bytes received: 1077311 B, packets received: 897
[client] second 8.003689: 14019674.642767 bit/s, bytes received: 1753521 B, packets received: 1454
[client] second 9.004081: 29348616.768137 bit/s, bytes received: 3670016 B, packets received: 3032
[client] second 10.004160: 46133696.024121 bit/s, bytes received: 5767168 B, packets received: 4762
[client] second 11.004206: 18266679.569145 bit/s, bytes received: 2283439 B, packets received: 1901
[client] second 12.004820: 44619620.542351 bit/s, bytes received: 5580881 B, packets received: 4619
[client] second 13.005180: 50313531.858151 bit/s, bytes received: 6291456 B, packets received: 5190
[client] second 14.005265: 7447376.432689 bit/s, bytes received: 931001 B, packets received: 780
[client] second 15.006055: 42849781.559504 bit/s, bytes received: 5360455 B, packets received: 4427
[client] second 16.006153: 49513838.254024 bit/s, bytes received: 6189832 B, packets received: 5105
[client] second 17.007020: 812287.550120 bit/s, bytes received: 101624 B, packets received: 95
[client] second 18.007088: 50328251.648266 bit/s, bytes received: 6291456 B, packets received: 5185
[client] second 19.007185: 38862246.550773 bit/s, bytes received: 4858253 B, packets received: 4014
[client] second 20.007521: 11461767.333066 bit/s, bytes received: 1433203 B, packets received: 1195
[client] second 21.008315: 50291712.608311 bit/s, bytes received: 6291456 B, packets received: 5185
[client] second 22.008344: 28247790.260595 bit/s, bytes received: 3531077 B, packets received: 2922
[client] second 23.009363: 22060568.869869 bit/s, bytes received: 2760379 B, packets received: 2287
[client] second 24.009561: 50321666.546476 bit/s, bytes received: 6291456 B, packets received: 5185
[client] second 25.009598: 17644405.528430 bit/s, bytes received: 2205633 B, packets received: 1830
[client] second 26.009791: 32680293.337655 bit/s, bytes received: 4085823 B, packets received: 3381
[client] second 27.010561: 50292921.394375 bit/s, bytes received: 6291456 B, packets received: 5185
[client] second 28.010638: 7021340.803154 bit/s, bytes received: 877735 B, packets received: 736
[client] second 29.011440: 43275053.141845 bit/s, bytes received: 5413721 B, packets received: 4471
[client] second 30.011502: 49050205.376343 bit/s, bytes received: 6131658 B, packets received: 5057
[client] second 31.011867: 1277917.423403 bit/s, bytes received: 159798 B, packets received: 143
[client] second 32.012903: 50279577.363532 bit/s, bytes received: 6291456 B, packets received: 5185
[client] second 33.012970: 38417699.003908 bit/s, bytes received: 4802533 B, packets received: 3971
[client] second 34.013172: 11908967.515674 bit/s, bytes received: 1488923 B, packets received: 1240
[client] second 35.013433: 50318558.583037 bit/s, bytes received: 6291456 B, packets received: 5185
[client] second 36.013519: 27692499.220457 bit/s, bytes received: 3461860 B, packets received: 2866
[client] second 37.013916: 22627791.125333 bit/s, bytes received: 2829596 B, packets received: 2344
[client] second 38.014555: 50299481.129721 bit/s, bytes received: 6291456 B, packets received: 5185
[client] second 39.014615: 17080485.394506 bit/s, bytes received: 2135189 B, packets received: 1772
[client] second 40.015322: 33226648.281690 bit/s, bytes received: 4156267 B, packets received: 3439
[client] total: bytes received: 135266304 B, packets received: 111798
