Bandwidth: 100 Mbit/s
RTT: 1000 ms
BDP: 12500000 B/s
Max In-Flight Packets: 9765
[server] starting server with pid 181019, port 18080, cc cubic, iw 32
[server][session 0] open
[client] connection establishment time: 2.006100 s
[server][session 0][stream 0] open
[client] time to first byte: 3.007007 s
[client] second 1.000779: 314107.620816 bit/s, bytes received: 39294 B, packets received: 41
[client] second 2.001324: 641489.815200 bit/s, bytes received: 80230 B, packets received: 66
[client] second 3.002250: 1326236.529631 bit/s, bytes received: 165933 B, packets received: 137
[client] second 4.002360: 2513187.948923 bit/s, bytes received: 314183 B, packets received: 259
[client] second 5.002431: 3591233.895063 bit/s, bytes received: 448936 B, packets received: 374
[client] second 6.002630: 6702334.140380 bit/s, bytes received: 837959 B, packets received: 696
[client] second 7.002819: 8626661.701736 bit/s, bytes received: 1078536 B, packets received: 898
[client] second 8.003732: 14015364.151956 bit/s, bytes received: 1753521 B, packets received: 1454
[client] second 9.004268: 29344411.280040 bit/s, bytes received: 3670016 B, packets received: 3032
[client] second 10.004687: 46118021.194772 bit/s, bytes received: 5767168 B, packets received: 4762
[client] second 11.004741: 18276332.341967 bit/s, bytes received: 2284666 B, packets received: 1903
[client] second 12.004827: 44633413.700725 bit/s, bytes received: 5579654 B, packets received: 4616
[client] second 13.004954: 50325244.364281 bit/s, bytes received: 6291456 B, packets received: 5189
[client] second 14.005014: 7486823.322165 bit/s, bytes received: 935909 B, packets received: 785
[client] second 15.005683: 42815719.053896 bit/s, bytes received: 5355547 B, packets received: 4423
[client] second 16.005766: 49494960.859673 bit/s, bytes received: 6187378 B, packets received: 5101
[client] second 17.006480: 832029.062611 bit/s, bytes received: 104078 B, packets received: 98
[client] second 18.006713: 50319942.776191 bit/s, bytes received: 6291456 B, packets received: 5185
[client] second 19.006810: 38852429.562373 bit/s, bytes received: 4857026 B, packets received: 4015
[client] second 20.007730: 11464898.816616 bit/s, bytes received: 1434430 B, packets received: 1194
[client] second 21.007928: 50321674.193853 bit/s, bytes received: 6291456 B, packets received: 5185
[client] second 22.008024: 28216458.683854 bit/s, bytes received: 3527396 B, packets received: 2919
[client] second 23.008132: 22110093.635484 bit/s, bytes received: 2764060 B, packets received: 2290
[client] second 24.008483: 50313973.154057 bit/s, bytes received: 6291456 B, packets received: 5185
[client] second 25.008516: 17526693.286114 bit/s, bytes received: 2190909 B, packets received: 1818
[client] second 26.008871: 32792736.283842 bit/s, bytes received: 4100547 B, packets received: 3393
[client] second 27.009313: 50309449.860819 bit/s, bytes received: 6291456 B, packets received: 5185
[client] second 28.009406: 6834733.972430 bit/s, bytes received: 854422 B, packets received: 717
[client] second 29.009562: 43489519.773670 bit/s, bytes received: 5437034 B, packets received: 4489
[client] second 30.009631: 48882979.381443 bit/s, bytes received: 6110799 B, packets received: 5040
[client] second 31.009934: 1444819.218147 bit/s, bytes received: 180657 B, packets received: 161
[client] second 32.010736: 50291306.727726 bit/s, bytes received: 6291456 B, packets received: 5185
[client] second 33.010838: 38255272.389102 bit/s, bytes received: 4782396 B, packets received: 3953
[client] second 34.011093: 12069395.400479 bit/s, bytes received: 1509060 B, packets received: 1258
[client] second 35.011379: 50317276.983155 bit/s, bytes received: 6291456 B, packets received: 5185
[client] second 36.011444: 27604736.640452 bit/s, bytes received: 3450817 B, packets received: 2856
[client] second 37.012467: 22701881.165004 bit/s, bytes received: 2840639 B, packets received: 2355
[client] second 38.012704: 50319763.176414 bit/s, bytes received: 6291456 B, packets received: 5185
[client] second 39.012755: 16972656.510885 bit/s, bytes received: 2121692 B, packets received: 1761
[client] second 40.013547: 33331714.781820 bit/s, bytes received: 4169764 B, packets received: 3450
[client] total: bytes received: 135266304 B, packets received: 111798
