Bandwidth: 100 Mbit/s
RTT: 1000 ms
BDP: 12500000 B/s
Max In-Flight Packets: 9765
[server] starting server with pid 181930, port 18080, cc cubic, iw 32
[server][session 0] open
[client] connection establishment time: 2.005754 s
[server][session 0][stream 0] open
[client] time to first byte: 3.006597 s
[client] second 1.000491: 314198.055521 bit/s, bytes received: 39294 B, packets received: 40
[client] second 2.000841: 641614.759214 bit/s, bytes received: 80230 B, packets received: 66
[client] second 3.000887: 1288141.417905 bit/s, bytes received: 161025 B, packets received: 133
[client] second 4.001824: 2550338.694791 bit/s, bytes received: 319091 B, packets received: 263
[client] second 5.002266: 3589901.349761 bit/s, bytes received: 448936 B, packets received: 374
[client] second 6.002561: 6701691.415627 bit/s, bytes received: 837959 B, packets received: 695
[client] second 7.002758: 8626588.881174 bit/s, bytes received: 1078536 B, packets received: 897
[client] second 8.003550: 14017071.945677 bit/s, bytes received: 1753521 B, packets received: 1455
[client] second 9.004052: 29345388.486307 bit/s, bytes received: 3670016 B, packets received: 3032
[client] second 10.004234: 46898519.590405 bit/s, bytes received: 5863379 B, packets received: 4842
[client] second 11.004263: 35817399.315085 bit/s, bytes received: 4477307 B, packets received: 3708
[client] second 12.005051: 30496710.610664 bit/s, bytes received: 3815090 B, packets received: 3167
[client] second 13.005788: 50294550.789632 bit/s, bytes received: 6291456 B, packets received: 5200
[client] second 14.005836: 42019558.624707 bit/s, bytes received: 5252696 B, packets received: 4356
[client] second 15.005944: 35863649.850766 bit/s, bytes received: 4483442 B, packets received: 3708
[client] second 16.007027: 22749564.140845 bit/s, bytes received: 2846774 B, packets received: 2363
[client] second 17.007277: 50319049.871079 bit/s, bytes received: 6291456 B, packets received: 5185
[client] second 18.007358: 16110160.043646 bit/s, bytes received: 2013933 B, packets received: 1671
[client] second 19.008307: 34187743.455362 bit/s, bytes received: 4277523 B, packets received: 3538
[client] second 20.008652: 50314288.664753 bit/s, bytes received: 6291456 B, packets received: 5185
[client] second 21.008677: 5497958.171687 bit/s, bytes received: 687262 B, packets received: 577
[client] second 22.008737: 17677499.375622 bit/s, bytes received: 2209819 B, packets received: 1821
[client] second 23.009614: 44907911.857508 bit/s, bytes received: 5618413 B, packets received: 4637
[client] second 24.009657: 47443131.960103 bit/s, bytes received: 5930647 B, packets received: 4894
[client] second 25.010137: 2885088.677876 bit/s, bytes received: 360809 B, packets received: 310
[client] second 26.010386: 50319111.848708 bit/s, bytes received: 6291456 B, packets received: 5185
[client] second 27.010438: 36790638.465671 bit/s, bytes received: 4599068 B, packets received: 3804
[client] second 28.010558: 13537469.770187 bit/s, bytes received: 1692388 B, packets received: 1407
[client] second 29.011516: 50283469.547338 bit/s, bytes received: 6291456 B, packets received: 5185
[client] second 30.011629: 26181993.617995 bit/s, bytes received: 3273119 B, packets received: 2711
[client] second 31.012188: 24133208.191274 bit/s, bytes received: 3018337 B, packets received: 2500
[client] second 32.012838: 50298941.264340 bit/s, bytes received: 6291456 B, packets received: 5185
[client] second 33.012867: 15512249.685873 bit/s, bytes received: 1939086 B, packets received: 1611
[client] second 34.013337: 34802589.314420 bit/s, bytes received: 4352370 B, packets received: 3600
[client] second 35.013373: 50329817.001257 bit/s, bytes received: 6291456 B, packets received: 5185
[client] second 36.013473: 4839941.244900 bit/s, bytes received: 605053 B, packets received: 513
[client] second 37.014121: 45461773.181406 bit/s, bytes received: 5686403 B, packets received: 4692
[client] second 38.014149: 46929369.844945 bit/s, bytes received: 5866338 B, packets received: 4841
[client] second 39.014405: 3400075.481319 bit/s, bytes received: 425118 B, packets received: 364
[client] second 40.014693: 50317145.592297 bit/s, bytes received: 6291456 B, packets received: 5185
[client] total: bytes received: 138014630 B, packets received: 114085
