Bandwidth: 100 Mbit/s
RTT: 1000 ms
BDP: 12500000 B/s
Max In-Flight Packets: 9765
[server] starting server with pid 182890, port 18080, cc cubic, iw 32
[server][session 0] open
[client] connection establishment time: 2.005233 s
[server][session 0][stream 0] open
[client] time to first byte: 3.006288 s
[client] second 1.000761: 314113.498019 bit/s, bytes received: 39294 B, packets received: 40
[client] second 2.001291: 641499.438853 bit/s, bytes received: 80230 B, packets received: 66
[client] second 3.001325: 1288155.543176 bit/s, bytes received: 161025 B, packets received: 133
[client] second 4.002013: 2550973.843244 bit/s, bytes received: 319091 B, packets received: 263
[client] second 5.002755: 3588825.306952 bit/s, bytes received: 448936 B, packets received: 374
[client] second 6.003156: 6710781.902545 bit/s, bytes received: 839184 B, packets received: 696
[client] second 7.003358: 8616742.463395 bit/s, bytes received: 1077311 B, packets received: 897
[client] second 8.003507: 14026078.394841 bit/s, bytes received: 1753521 B, packets received: 1454
[client] second 9.003716: 29354001.878516 bit/s, bytes received: 3670016 B, packets received: 3032
[client] second 10.003917: 46128053.256537 bit/s, bytes received: 5767168 B, packets received: 4762
[client] second 11.003995: 18177760.259712 bit/s, bytes received: 2272396 B, packets received: 1889
[client] second 12.004499: 44712858.641897 bit/s, bytes received: 5591924 B, packets received: 4627
[client] second 13.005354: 50288625.728669 bit/s, bytes received: 6291456 B, packets received: 5190
[client] second 14.005470: 7496215.920225 bit/s, bytes received: 937136 B, packets received: 786
[client] second 15.005668: 42826087.372526 bit/s, bytes received: 5354320 B, packets received: 4421
[client] second 16.005761: 49514091.048376 bit/s, bytes received: 6189832 B, packets received: 5104
[client] second 17.007623: 811481.279908 bit/s, bytes received: 101624 B, packets received: 95
[client] second 18.008500: 50287532.809255 bit/s, bytes received: 6291456 B, packets received: 5185
[client] second 19.008579: 39010176.695606 bit/s, bytes received: 4876658 B, packets received: 4031
[client] second 20.009535: 11307568.401285 bit/s, bytes received: 1414798 B, packets received: 1180
[client] second 21.010414: 50287481.510739 bit/s, bytes received: 6291456 B, packets received: 5185
[client] second 22.010492: 28436936.629673 bit/s, bytes received: 3554895 B, packets received: 2942
[client] second 23.011191: 21877184.100266 bit/s, bytes received: 2736561 B, packets received: 2268
[client] second 24.012208: 50280544.815191 bit/s, bytes received: 6291456 B, packets received: 5185
[client] second 25.012263: 17854253.498931 bit/s, bytes received: 2231905 B, packets received: 1853
[client] second 26.012300: 32475212.749795 bit/s, bytes received: 4059551 B, packets received: 3358
[client] second 27.013173: 50287741.772658 bit/s, bytes received: 6291456 B, packets received: 5185
[client] second 28.013255: 7188162.901298 bit/s, bytes received: 898594 B, packets received: 754
[client] second 29.013618: 43127238.656006 bit/s, bytes received: 5392862 B, packets received: 4453
[client] second 30.013638: 49258412.861406 bit/s, bytes received: 6157425 B, packets received: 5077
[client] second 31.014021: 1071836.905530 bit/s, bytes received: 134031 B, packets received: 124
[client] second 32.014521: 50306513.407013 bit/s, bytes received: 6291456 B, packets received: 5185
[client] second 33.014602: 38583994.684073 bit/s, bytes received: 4823392 B, packets received: 3987
[client] second 34.015318: 11736114.364200 bit/s, bytes received: 1468064 B, packets received: 1224
[client] second 35.015597: 50317625.433826 bit/s, bytes received: 6291456 B, packets received: 5185
[client] second 36.015637: 27913742.358760 bit/s, bytes received: 3489359 B, packets received: 2886
[client] second 37.016362: 22400528.515858 bit/s, bytes received: 2802097 B, packets received: 2323
[client] second 38.016899: 50304623.903298 bit/s, bytes received: 6291456 B, packets received: 5185
[client] second 39.016992: 17256607.473979 bit/s, bytes received: 2157275 B, packets received: 1791
[client] second 40.017599: 33053390.706718 bit/s, bytes received: 4134181 B, packets received: 3420
[client] total: bytes received: 135266304 B, packets received: 111795
