Bandwidth: 100 Mbit/s
RTT: 1000 ms
BDP: 12500000 B/s
Max In-Flight Packets: 9765
[server] starting server with pid 169681, port 18080, cc cubic, iw 32
[server][session 0] open
[client] connection establishment time: 2.005135 s
[server][session 0][stream 0] open
[client] time to first byte: 3.006265 s
[client] second 1.000661: 314144.500646 bit/s, bytes received: 39294 B, packets received: 40
[client] second 2.000826: 641734.050992 bit/s, bytes received: 80230 B, packets received: 66
[client] second 3.001103: 1287842.731821 bit/s, bytes received: 161025 B, packets received: 133
[client] second 4.002090: 2550210.569837 bit/s, bytes received: 319091 B, packets received: 263
[client] second 5.002121: 3591380.043116 bit/s, bytes received: 448936 B, packets received: 374
[client] second 6.002591: 6710333.753936 bit/s, bytes received: 839186 B, packets received: 696
[client] second 7.002836: 8596733.688489 bit/s, bytes received: 1074855 B, packets received: 895
[client] second 8.003060: 14044650.599460 bit/s, bytes received: 1755975 B, packets received: 1456
[client] second 9.003478: 29347862.442414 bit/s, bytes received: 3670016 B, packets received: 3032
[client] second 10.004000: 46113279.738855 bit/s, bytes received: 5767168 B, packets received: 4763
[client] second 11.004075: 18177803.792181 bit/s, bytes received: 2272396 B, packets received: 1890
[client] second 12.004683: 44708212.402310 bit/s, bytes received: 5591924 B, packets received: 4628
[client] second 13.005523: 50289380.730994 bit/s, bytes received: 6291456 B, packets received: 5189
[client] second 14.005573: 7496717.991987 bit/s, bytes received: 937136 B, packets received: 784
[client] second 15.005877: 42821547.559414 bit/s, bytes received: 5354320 B, packets received: 4422
[client] second 16.005912: 49467847.247142 bit/s, bytes received: 6183697 B, packets received: 5097
[client] second 17.006231: 861796.712829 bit/s, bytes received: 107759 B, packets received: 101
[client] second 18.007195: 50283172.608014 bit/s, bytes received: 6291456 B, packets received: 5185
[client] second 19.007340: 38821141.338572 bit/s, bytes received: 4853345 B, packets received: 4010
[client] second 20.007468: 11503415.010715 bit/s, bytes received: 1438111 B, packets received: 1197
[client] second 21.007670: 50321455.489833 bit/s, bytes received: 6291456 B, packets received: 5185
[client] second 22.007846: 28106271.575567 bit/s, bytes received: 3513899 B, packets received: 2906
[client] second 23.008763: 22200093.519222 bit/s, bytes received: 2777557 B, packets received: 2301
[client] second 24.009711: 50283970.147457 bit/s, bytes received: 6291456 B, packets received: 5185
[client] second 25.009812: 17554946.546635 bit/s, bytes received: 2194590 B, packets received: 1821
[client] second 26.010428: 32754746.032213 bit/s, bytes received: 4096866 B, packets received: 3390
[client] second 27.010659: 50320059.491579 bit/s, bytes received: 6291456 B, packets received: 5185
[client] second 28.010690: 6913682.478700 bit/s, bytes received: 864238 B, packets received: 726
[client] second 29.011609: 43377874.831330 bit/s, bytes received: 5427218 B, packets received: 4480
[client] second 30.011695: 49039276.817192 bit/s, bytes received: 6130431 B, packets received: 5056
[client] second 31.012731: 1286865.966535 bit/s, bytes received: 161025 B, packets received: 147
[client] second 32.012765: 50329954.447363 bit/s, bytes received: 6291456 B, packets received: 5185
[client] second 33.012824: 38388555.106047 bit/s, bytes received: 4798852 B, packets received: 3968
[client] second 34.013082: 11937745.734595 bit/s, bytes received: 1492604 B, packets received: 1243
[client] second 35.013639: 21964576.774025 bit/s, bytes received: 2747099 B, packets received: 2263
[client] second 36.013728: 50327131.089658 bit/s, bytes received: 6291456 B, packets received: 5186
[client] second 37.013823: 27588318.943864 bit/s, bytes received: 3448868 B, packets received: 2856
[client] second 38.014015: 22736334.917673 bit/s, bytes received: 2842588 B, packets received: 2355
[client] second 39.014930: 50285643.927225 bit/s, bytes received: 6291456 B, packets received: 5185
[client] second 40.014965: 16927911.580781 bit/s, bytes received: 2116062 B, packets received: 1757
[client] total: bytes received: 133838009 B, packets received: 110601
