Bandwidth: 100 Mbit/s
RTT: 1000 ms
BDP: 12500000 B/s
Max In-Flight Packets: 9765
[server] starting server with pid 985395, port 18080, cc cubic, iw 32
[server][session 0] open
[client] connection establishment time: 2.004823 s
[server][session 0][stream 0] open
[client] time to first byte: 3.006113 s
[client] second 0.100443: 1174815.679385 bit/s, bytes received: 14750 B, packets received: 21
[client] second 0.200763: 391706.902200 bit/s, bytes received: 4912 B, packets received: 4
[client] second 0.301819: 388532.854167 bit/s, bytes received: 4908 B, packets received: 4
[client] second 0.402809: 388792.424632 bit/s, bytes received: 4908 B, packets received: 4
[client] second 0.503389: 390377.333935 bit/s, bytes received: 4908 B, packets received: 4
[client] second 0.603969: 390375.707686 bit/s, bytes received: 4908 B, packets received: 4
[client] second 0.705000: 0.000000 bit/s, bytes received: 0 B, packets received: 0
[client] second 0.805528: 0.000000 bit/s, bytes received: 0 B, packets received: 0
[client] second 0.905768: 0.000000 bit/s, bytes received: 0 B, packets received: 0
[client] second 1.005822: 981065.829277 bit/s, bytes received: 12270 B, packets received: 10
[client] second 1.106557: 487218.640914 bit/s, bytes received: 6135 B, packets received: 5
[client] second 1.206700: 588121.485792 bit/s, bytes received: 7362 B, packets received: 6
[client] second 1.307460: 622231.680130 bit/s, bytes received: 7837 B, packets received: 7
[client] second 1.408265: 681641.571708 bit/s, bytes received: 8589 B, packets received: 7
[client] second 1.509389: 679475.163780 bit/s, bytes received: 8589 B, packets received: 7
[client] second 1.609563: 783905.844411 bit/s, bytes received: 9816 B, packets received: 8
[client] second 1.709643: 882738.443622 bit/s, bytes received: 11043 B, packets received: 9
[client] second 1.810887: 678674.888663 bit/s, bytes received: 8589 B, packets received: 7
[client] second 1.911094: 0.000000 bit/s, bytes received: 0 B, packets received: 0
[client] second 2.011582: 1017035.382462 bit/s, bytes received: 12775 B, packets received: 11
[client] second 2.112645: 971281.119103 bit/s, bytes received: 12270 B, packets received: 10
[client] second 2.212676: 981297.917249 bit/s, bytes received: 12270 B, packets received: 10
[client] second 2.313500: 1070930.924182 bit/s, bytes received: 13497 B, packets received: 11
[client] second 2.413710: 1175453.416796 bit/s, bytes received: 14724 B, packets received: 12
[client] second 2.513989: 1312819.177467 bit/s, bytes received: 16456 B, packets received: 14
[client] second 2.614991: 1360124.803252 bit/s, bytes received: 17172 B, packets received: 14
[client] second 2.715377: 1466733.801980 bit/s, bytes received: 18405 B, packets received: 15
[client] second 2.816331: 1555719.755891 bit/s, bytes received: 19632 B, packets received: 16
[client] second 2.917156: 1598252.308760 bit/s, bytes received: 20143 B, packets received: 17
[client] second 3.017813: 1462325.928181 bit/s, bytes received: 18399 B, packets received: 15
[client] second 3.118265: 1758931.091380 bit/s, bytes received: 22086 B, packets received: 18
[client] second 3.218333: 2002707.244319 bit/s, bytes received: 25051 B, packets received: 21
[client] second 3.318347: 2061081.939436 bit/s, bytes received: 25767 B, packets received: 21
[client] second 3.419406: 2176863.036781 bit/s, bytes received: 27499 B, packets received: 23
[client] second 3.520378: 2332605.234364 bit/s, bytes received: 29441 B, packets received: 24
[client] second 3.620421: 2551049.604639 bit/s, bytes received: 31902 B, packets received: 26
[client] second 3.720960: 2676869.314961 bit/s, bytes received: 33641 B, packets received: 28
[client] second 3.821811: 2960006.467354 bit/s, bytes received: 37315 B, packets received: 31
[client] second 3.922642: 3114592.349332 bit/s, bytes received: 39256 B, packets received: 32
[client] second 4.023026: 3267787.088856 bit/s, bytes received: 41004 B, packets received: 34
[client] second 4.123659: 3510728.661822 bit/s, bytes received: 44162 B, packets received: 36
[client] second 4.224699: 3635306.738953 bit/s, bytes received: 45914 B, packets received: 38
[client] second 4.325615: 4027334.154185 bit/s, bytes received: 50803 B, packets received: 42
[client] second 4.425962: 4246617.866078 bit/s, bytes received: 53267 B, packets received: 45
[client] second 4.526798: 4615996.991771 bit/s, bytes received: 58182 B, packets received: 48
[client] second 4.627850: 4508334.574444 bit/s, bytes received: 56947 B, packets received: 48
[client] second 4.728188: 0.000000 bit/s, bytes received: 0 B, packets received: 0
[client] second 4.828264: 1764821.418251 bit/s, bytes received: 22077 B, packets received: 19
[client] second 4.929138: 5879282.976340 bit/s, bytes received: 74134 B, packets received: 62
[client] second 5.029640: 2774966.843490 bit/s, bytes received: 34861 B, packets received: 30
[client] second 5.129912: 0.000000 bit/s, bytes received: 0 B, packets received: 1
[client] second 5.230419: 8048723.355441 bit/s, bytes received: 101119 B, packets received: 83
[client] second 5.331459: 2371571.693859 bit/s, bytes received: 29953 B, packets received: 26
[client] second 5.432237: 3894955.628209 bit/s, bytes received: 49066 B, packets received: 41
[client] second 5.532375: 8610291.188635 bit/s, bytes received: 107773 B, packets received: 89
[client] second 5.632714: 9276056.427496 bit/s, bytes received: 116348 B, packets received: 96
[client] second 5.733332: 9543362.917137 bit/s, bytes received: 120029 B, packets received: 99
[client] second 5.833820: 9612533.240918 bit/s, bytes received: 120743 B, packets received: 99
[client] second 5.934729: 10294665.607494 bit/s, bytes received: 129853 B, packets received: 107
[client] second 6.034977: 8403510.972600 bit/s, bytes received: 105305 B, packets received: 90
[client] second 6.135521: 10917184.598950 bit/s, bytes received: 137207 B, packets received: 112
[client] second 6.235748: 2488759.401031 bit/s, bytes received: 31180 B, packets received: 28
[client] second 6.336156: 0.000000 bit/s, bytes received: 0 B, packets received: 1
[client] second 6.437237: 0.000000 bit/s, bytes received: 0 B, packets received: 1
[client] second 6.537889: 4777872.266947 bit/s, bytes received: 60113 B, packets received: 52
[client] second 6.638260: 14399141.345479 bit/s, bytes received: 180657 B, packets received: 148
[client] second 6.738894: 3550855.353432 bit/s, bytes received: 44667 B, packets received: 39
[client] second 6.839053: 16587280.348089 bit/s, bytes received: 207671 B, packets received: 171
[client] second 6.939143: 17871390.776227 bit/s, bytes received: 223593 B, packets received: 184
[client] second 7.039487: 19041710.985909 bit/s, bytes received: 238840 B, packets received: 197
[client] second 7.139847: 20406642.011158 bit/s, bytes received: 256002 B, packets received: 212
[client] second 7.240466: 21233234.680567 bit/s, bytes received: 267059 B, packets received: 220
[client] second 7.341261: 21293134.336473 bit/s, bytes received: 268279 B, packets received: 220
[client] second 7.441847: 21337249.577874 bit/s, bytes received: 268279 B, packets received: 221
[client] second 7.542794: 6497800.294853 bit/s, bytes received: 81992 B, packets received: 69
[client] second 7.643475: 0.000000 bit/s, bytes received: 0 B, packets received: 4
[client] second 7.744512: 0.000000 bit/s, bytes received: 0 B, packets received: 1
[client] second 7.844936: 0.000000 bit/s, bytes received: 0 B, packets received: 2
[client] second 7.945555: 26012339.432824 bit/s, bytes received: 327165 B, packets received: 270
[client] second 8.045911: 15713864.543140 bit/s, bytes received: 197123 B, packets received: 165
[client] second 8.146465: 23296408.740157 bit/s, bytes received: 292819 B, packets received: 243
[client] second 8.246479: 35026630.493367 bit/s, bytes received: 437893 B, packets received: 360
[client] second 8.346863: 37244150.728749 bit/s, bytes received: 467341 B, packets received: 386
[client] second 8.446904: 40454170.298188 bit/s, bytes received: 505883 B, packets received: 417
[client] second 8.546917: 42035646.670718 bit/s, bytes received: 525515 B, packets received: 433
[client] second 8.647436: 42214647.198764 bit/s, bytes received: 530423 B, packets received: 437
[client] second 8.747493: 42311713.799070 bit/s, bytes received: 529196 B, packets received: 435
[client] second 8.848149: 30277185.196030 bit/s, bytes received: 380946 B, packets received: 315
[client] second 8.948529: 0.000000 bit/s, bytes received: 0 B, packets received: 3
[client] second 9.049294: 0.000000 bit/s, bytes received: 0 B, packets received: 2
[client] second 9.150035: 0.000000 bit/s, bytes received: 0 B, packets received: 3
[client] second 9.250083: 27379203.718667 bit/s, bytes received: 342404 B, packets received: 284
[client] second 9.350608: 56198948.744727 bit/s, bytes received: 706172 B, packets received: 583
[client] second 9.450626: 19258427.791764 bit/s, bytes received: 240773 B, packets received: 202
[client] second 9.550657: 67253358.378771 bit/s, bytes received: 840932 B, packets received: 693
[client] second 9.650908: 72433088.805252 bit/s, bytes received: 907688 B, packets received: 747
[client] second 9.751002: 77981364.854916 bit/s, bytes received: 975678 B, packets received: 805
[client] second 9.851043: 82772074.709530 bit/s, bytes received: 1035079 B, packets received: 852
[client] second 9.951455: 57239577.587211 bit/s, bytes received: 718442 B, packets received: 593
[client] second 10.051796: 0.000000 bit/s, bytes received: 0 B, packets received: 0
[client] second 10.152005: 0.000000 bit/s, bytes received: 0 B, packets received: 0
[client] second 10.253051: 0.000000 bit/s, bytes received: 0 B, packets received: 4
[client] second 10.353077: 4219080.210802 bit/s, bytes received: 52752 B, packets received: 50
[client] second 10.453119: 94725335.789686 bit/s, bytes received: 1184565 B, packets received: 976
[client] second 10.553439: 26758083.293104 bit/s, bytes received: 335547 B, packets received: 284
[client] second 10.653721: 0.000000 bit/s, bytes received: 0 B, packets received: 4
[client] second 10.754379: 0.000000 bit/s, bytes received: 0 B, packets received: 0
[client] second 10.854603: 0.000000 bit/s, bytes received: 0 B, packets received: 0
[client] second 10.954688: 9651780.723309 bit/s, bytes received: 120751 B, packets received: 99
[client] second 11.054789: 94865417.565908 bit/s, bytes received: 1187010 B, packets received: 978
[client] second 11.154826: 94671477.595750 bit/s, bytes received: 1183834 B, packets received: 976
[client] second 11.254838: 94850956.259208 bit/s, bytes received: 1185783 B, packets received: 977
[client] second 11.354899: 83246223.259099 bit/s, bytes received: 1041214 B, packets received: 859
[client] second 11.455830: 0.000000 bit/s, bytes received: 0 B, packets received: 10
[client] second 11.555887: 46235414.187222 bit/s, bytes received: 578276 B, packets received: 477
[client] second 11.656874: 78789469.873398 bit/s, bytes received: 994588 B, packets received: 821
[client] second 11.757227: 0.000000 bit/s, bytes received: 0 B, packets received: 0
[client] second 11.857399: 0.000000 bit/s, bytes received: 0 B, packets received: 0
[client] second 11.957901: 0.000000 bit/s, bytes received: 0 B, packets received: 1
[client] second 12.058381: 0.000000 bit/s, bytes received: 0 B, packets received: 9
[client] second 12.158589: 0.000000 bit/s, bytes received: 0 B, packets received: 0
[client] second 12.259205: 0.000000 bit/s, bytes received: 0 B, packets received: 0
[client] second 12.359617: 0.000000 bit/s, bytes received: 0 B, packets received: 0
[client] second 12.459653: 86407225.854424 bit/s, bytes received: 1080478 B, packets received: 891
[client] second 12.559721: 94798098.610523 bit/s, bytes received: 1185783 B, packets received: 976
[client] second 12.659753: 94734112.033047 bit/s, bytes received: 1184556 B, packets received: 977
[client] second 12.759777: 94840277.610942 bit/s, bytes received: 1185783 B, packets received: 976
[client] second 12.859851: 94694363.558503 bit/s, bytes received: 1184556 B, packets received: 977
[client] second 12.960916: 37227256.102179 bit/s, bytes received: 470300 B, packets received: 388
[client] second 13.061094: 0.000000 bit/s, bytes received: 0 B, packets received: 0
[client] second 13.161264: 0.000000 bit/s, bytes received: 0 B, packets received: 0
[client] second 13.261467: 0.000000 bit/s, bytes received: 0 B, packets received: 0
[client] second 13.361662: 0.000000 bit/s, bytes received: 0 B, packets received: 0
[client] second 13.462547: 0.000000 bit/s, bytes received: 0 B, packets received: 11
[client] second 13.562963: 0.000000 bit/s, bytes received: 0 B, packets received: 2
[client] second 13.663172: 0.000000 bit/s, bytes received: 0 B, packets received: 0
[client] second 13.763349: 0.000000 bit/s, bytes received: 0 B, packets received: 0
[client] second 13.863525: 0.000000 bit/s, bytes received: 0 B, packets received: 0
[client] second 13.963540: 35673036.638478 bit/s, bytes received: 445977 B, packets received: 367
[client] second 14.063594: 94712834.985339 bit/s, bytes received: 1184556 B, packets received: 976
[client] second 14.163634: 94727043.872262 bit/s, bytes received: 1184556 B, packets received: 976
[client] second 14.263673: 94767912.932523 bit/s, bytes received: 1185061 B, packets received: 977
[client] second 14.363769: 94771272.911212 bit/s, bytes received: 1185783 B, packets received: 978
[client] second 14.464500: 87800726.121916 bit/s, bytes received: 1105523 B, packets received: 911
[client] second 14.565447: 0.000000 bit/s, bytes received: 0 B, packets received: 0
[client] second 14.665661: 0.000000 bit/s, bytes received: 0 B, packets received: 0
[client] second 14.765891: 0.000000 bit/s, bytes received: 0 B, packets received: 0
[client] second 14.866100: 0.000000 bit/s, bytes received: 0 B, packets received: 0
[client] second 14.966143: 0.000000 bit/s, bytes received: 0 B, packets received: 4
[client] second 15.066663: 0.000000 bit/s, bytes received: 0 B, packets received: 7
[client] second 15.166877: 0.000000 bit/s, bytes received: 0 B, packets received: 0
[client] second 15.267086: 0.000000 bit/s, bytes received: 0 B, packets received: 0
[client] second 15.367295: 0.000000 bit/s, bytes received: 0 B, packets received: 0
[client] second 15.467707: 0.000000 bit/s, bytes received: 0 B, packets received: 0
[client] second 15.567756: 80370837.331256 bit/s, bytes received: 1005126 B, packets received: 828
[client] second 15.667862: 94761390.297309 bit/s, bytes received: 1185783 B, packets received: 978
[client] second 15.767927: 94800964.388588 bit/s, bytes received: 1185783 B, packets received: 976
[client] second 15.867959: 94735005.097864 bit/s, bytes received: 1184556 B, packets received: 977
[client] second 15.968052: 94774101.087023 bit/s, bytes received: 1185783 B, packets received: 977
[client] second 16.068440: 43385673.133092 bit/s, bytes received: 544425 B, packets received: 449
[client] second 16.168633: 0.000000 bit/s, bytes received: 0 B, packets received: 0
[client] second 16.268833: 0.000000 bit/s, bytes received: 0 B, packets received: 0
[client] second 16.369028: 0.000000 bit/s, bytes received: 0 B, packets received: 0
[client] second 16.469223: 0.000000 bit/s, bytes received: 0 B, packets received: 0
[client] second 16.570110: 0.000000 bit/s, bytes received: 0 B, packets received: 10
[client] second 16.670560: 0.000000 bit/s, bytes received: 0 B, packets received: 1
[client] second 16.770764: 0.000000 bit/s, bytes received: 0 B, packets received: 0
[client] second 16.870961: 0.000000 bit/s, bytes received: 0 B, packets received: 0
[client] second 16.971157: 0.000000 bit/s, bytes received: 0 B, packets received: 0
[client] second 17.071212: 30026116.628020 bit/s, bytes received: 375533 B, packets received: 309
[client] second 17.171281: 94796845.301550 bit/s, bytes received: 1185783 B, packets received: 977
[client] second 17.271309: 94738183.522400 bit/s, bytes received: 1184556 B, packets received: 976
[client] second 17.371321: 94851772.832387 bit/s, bytes received: 1185783 B, packets received: 977
[client] second 17.471351: 94678391.278546 bit/s, bytes received: 1183834 B, packets received: 976
[client] second 17.571601: 93842202.701095 bit/s, bytes received: 1175967 B, packets received: 970
[client] second 17.671990: 0.000000 bit/s, bytes received: 0 B, packets received: 0
[client] second 17.772171: 0.000000 bit/s, bytes received: 0 B, packets received: 0
[client] second 17.872286: 0.000000 bit/s, bytes received: 0 B, packets received: 0
[client] second 17.972406: 0.000000 bit/s, bytes received: 0 B, packets received: 0
[client] second 18.072650: 0.000000 bit/s, bytes received: 0 B, packets received: 3
[client] second 18.172830: 0.000000 bit/s, bytes received: 0 B, packets received: 10
[client] second 18.273049: 0.000000 bit/s, bytes received: 0 B, packets received: 0
[client] second 18.373236: 0.000000 bit/s, bytes received: 0 B, packets received: 0
[client] second 18.473420: 0.000000 bit/s, bytes received: 0 B, packets received: 0
[client] second 18.573992: 0.000000 bit/s, bytes received: 0 B, packets received: 0
[client] second 18.674037: 73954837.013758 bit/s, bytes received: 924866 B, packets received: 763
[client] second 18.774094: 94808681.535078 bit/s, bytes received: 1185783 B, packets received: 976
[client] second 18.874137: 94724065.977251 bit/s, bytes received: 1184556 B, packets received: 977
[client] second 18.974196: 94806146.913177 bit/s, bytes received: 1185783 B, packets received: 976
[client] second 19.074235: 94727927.334679 bit/s, bytes received: 1184556 B, packets received: 977
[client] second 19.174415: 49982798.029946 bit/s, bytes received: 625912 B, packets received: 516
[client] second 19.274672: 0.000000 bit/s, bytes received: 0 B, packets received: 0
[client] second 19.374775: 0.000000 bit/s, bytes received: 0 B, packets received: 0
[client] second 19.475347: 0.000000 bit/s, bytes received: 0 B, packets received: 0
[client] second 19.575547: 0.000000 bit/s, bytes received: 0 B, packets received: 0
[client] second 19.676126: 0.000000 bit/s, bytes received: 0 B, packets received: 9
[client] second 19.776549: 0.000000 bit/s, bytes received: 0 B, packets received: 2
[client] second 19.876759: 0.000000 bit/s, bytes received: 0 B, packets received: 0
[client] second 19.976968: 0.000000 bit/s, bytes received: 0 B, packets received: 0
[client] second 20.077321: 0.000000 bit/s, bytes received: 0 B, packets received: 0
[client] second 20.177348: 23517397.327304 bit/s, bytes received: 294046 B, packets received: 243
[client] second 20.277408: 94805520.621881 bit/s, bytes received: 1185783 B, packets received: 976
[client] second 20.377503: 94773181.698331 bit/s, bytes received: 1185783 B, packets received: 977
[client] second 20.477540: 94729652.643206 bit/s, bytes received: 1184556 B, packets received: 976
[client] second 20.577602: 94804211.216585 bit/s, bytes received: 1185783 B, packets received: 977
[client] second 20.677642: 94725811.029422 bit/s, bytes received: 1184556 B, packets received: 976
[client] second 20.778009: 5655197.321144 bit/s, bytes received: 70949 B, packets received: 60
[client] second 20.878631: 0.000000 bit/s, bytes received: 0 B, packets received: 0
[client] second 20.979024: 0.000000 bit/s, bytes received: 0 B, packets received: 0
[client] second 21.079232: 0.000000 bit/s, bytes received: 0 B, packets received: 0
[client] second 21.179659: 0.000000 bit/s, bytes received: 0 B, packets received: 3
[client] second 21.280203: 0.000000 bit/s, bytes received: 0 B, packets received: 10
[client] second 21.380411: 0.000000 bit/s, bytes received: 0 B, packets received: 0
[client] second 21.480619: 0.000000 bit/s, bytes received: 0 B, packets received: 0
[client] second 21.580826: 0.000000 bit/s, bytes received: 0 B, packets received: 0
[client] second 21.681367: 0.000000 bit/s, bytes received: 0 B, packets received: 0
[client] second 21.781422: 68610210.046673 bit/s, bytes received: 858103 B, packets received: 708
[client] second 21.881480: 94807704.623633 bit/s, bytes received: 1185783 B, packets received: 976
[client] second 21.981511: 94734947.327520 bit/s, bytes received: 1184556 B, packets received: 976
[client] second 22.081577: 94800024.583762 bit/s, bytes received: 1185783 B, packets received: 977
[client] second 22.181611: 94732594.903207 bit/s, bytes received: 1184556 B, packets received: 977
[client] second 22.282387: 54987146.330338 bit/s, bytes received: 692675 B, packets received: 571
[client] second 22.382595: 0.000000 bit/s, bytes received: 0 B, packets received: 0
[client] second 22.482807: 0.000000 bit/s, bytes received: 0 B, packets received: 0
[client] second 22.583016: 0.000000 bit/s, bytes received: 0 B, packets received: 0
[client] second 22.683224: 0.000000 bit/s, bytes received: 0 B, packets received: 0
[client] second 22.783857: 0.000000 bit/s, bytes received: 0 B, packets received: 9
[client] second 22.884344: 0.000000 bit/s, bytes received: 0 B, packets received: 2
[client] second 22.984552: 0.000000 bit/s, bytes received: 0 B, packets received: 0
[client] second 23.084761: 0.000000 bit/s, bytes received: 0 B, packets received: 0
[client] second 23.185220: 0.000000 bit/s, bytes received: 0 B, packets received: 0
[client] second 23.285299: 18854949.060414 bit/s, bytes received: 235872 B, packets received: 194
[client] second 23.385400: 94766133.013123 bit/s, bytes received: 1185783 B, packets received: 977
[client] second 23.485446: 94721590.064019 bit/s, bytes received: 1184556 B, packets received: 976
[client] second 23.585461: 94848285.660448 bit/s, bytes received: 1185783 B, packets received: 977
[client] second 23.685542: 94687937.112277 bit/s, bytes received: 1184556 B, packets received: 977
[client] second 23.785579: 94769013.719068 bit/s, bytes received: 1185061 B, packets received: 977
[client] second 23.885979: 10346226.474949 bit/s, bytes received: 129845 B, packets received: 107
[client] second 23.986192: 0.000000 bit/s, bytes received: 0 B, packets received: 0
[client] second 24.086400: 0.000000 bit/s, bytes received: 0 B, packets received: 0
[client] second 24.186609: 0.000000 bit/s, bytes received: 0 B, packets received: 0
[client] second 24.287375: 0.000000 bit/s, bytes received: 0 B, packets received: 2
[client] second 24.388402: 0.000000 bit/s, bytes received: 0 B, packets received: 10
[client] second 24.488979: 0.000000 bit/s, bytes received: 0 B, packets received: 1
[client] second 24.589188: 0.000000 bit/s, bytes received: 0 B, packets received: 0
[client] second 24.689771: 0.000000 bit/s, bytes received: 0 B, packets received: 0
[client] second 24.790481: 0.000000 bit/s, bytes received: 0 B, packets received: 0
[client] second 24.890544: 64934612.495607 bit/s, bytes received: 812199 B, packets received: 670
[client] second 24.990646: 94765753.389050 bit/s, bytes received: 1185783 B, packets received: 977
[client] second 25.090716: 94796466.378680 bit/s, bytes received: 1185783 B, packets received: 976
[client] second 25.190794: 94788778.687871 bit/s, bytes received: 1185783 B, packets received: 977
[client] second 25.290835: 94725279.837445 bit/s, bytes received: 1184556 B, packets received: 977
[client] second 25.391424: 58642792.072508 bit/s, bytes received: 737352 B, packets received: 608
[client] second 25.491610: 0.000000 bit/s, bytes received: 0 B, packets received: 0
[client] second 25.591818: 0.000000 bit/s, bytes received: 0 B, packets received: 0
[client] second 25.692028: 0.000000 bit/s, bytes received: 0 B, packets received: 0
[client] second 25.792236: 0.000000 bit/s, bytes received: 0 B, packets received: 0
[client] second 25.893106: 0.000000 bit/s, bytes received: 0 B, packets received: 8
[client] second 25.994137: 0.000000 bit/s, bytes received: 0 B, packets received: 5
[client] second 26.094346: 0.000000 bit/s, bytes received: 0 B, packets received: 0
[client] second 26.194555: 0.000000 bit/s, bytes received: 0 B, packets received: 0
[client] second 26.294762: 0.000000 bit/s, bytes received: 0 B, packets received: 0
[client] second 26.394793: 15094645.340095 bit/s, bytes received: 188741 B, packets received: 155
[client] second 26.494854: 94804923.710494 bit/s, bytes received: 1185783 B, packets received: 977
[client] second 26.594890: 94770589.157725 bit/s, bytes received: 1185061 B, packets received: 977
[client] second 26.694927: 94729634.651190 bit/s, bytes received: 1184556 B, packets received: 976
[client] second 26.794994: 94798696.383316 bit/s, bytes received: 1185783 B, packets received: 977
[client] second 26.895033: 94727499.331536 bit/s, bytes received: 1184556 B, packets received: 977
[client] second 26.995650: 14071336.262616 bit/s, bytes received: 176976 B, packets received: 146
[client] second 27.095862: 0.000000 bit/s, bytes received: 0 B, packets received: 0
[client] second 27.196080: 0.000000 bit/s, bytes received: 0 B, packets received: 0
[client] second 27.296289: 0.000000 bit/s, bytes received: 0 B, packets received: 0
[client] second 27.396517: 0.000000 bit/s, bytes received: 0 B, packets received: 2
[client] second 27.497576: 0.000000 bit/s, bytes received: 0 B, packets received: 10
[client] second 27.597903: 0.000000 bit/s, bytes received: 0 B, packets received: 1
[client] second 27.698083: 0.000000 bit/s, bytes received: 0 B, packets received: 0
[client] second 27.798255: 0.000000 bit/s, bytes received: 0 B, packets received: 0
[client] second 27.898433: 0.000000 bit/s, bytes received: 0 B, packets received: 0
[client] second 27.998451: 59526172.557485 bit/s, bytes received: 744209 B, packets received: 613
[client] second 28.098513: 94803945.929036 bit/s, bytes received: 1185783 B, packets received: 977
[client] second 28.198559: 94720726.601968 bit/s, bytes received: 1184556 B, packets received: 976
[client] second 28.298573: 94849549.813630 bit/s, bytes received: 1185783 B, packets received: 977
[client] second 28.398653: 94688638.188357 bit/s, bytes received: 1184556 B, packets received: 977
[client] second 28.498999: 64303303.216875 bit/s, bytes received: 806569 B, packets received: 665
[client] second 28.599192: 0.000000 bit/s, bytes received: 0 B, packets received: 0
[client] second 28.699320: 0.000000 bit/s, bytes received: 0 B, packets received: 0
[client] second 28.799409: 0.000000 bit/s, bytes received: 0 B, packets received: 0
[client] second 28.899580: 0.000000 bit/s, bytes received: 0 B, packets received: 0
[client] second 29.000619: 0.000000 bit/s, bytes received: 0 B, packets received: 7
[client] second 29.100655: 0.000000 bit/s, bytes received: 0 B, packets received: 6
[client] second 29.201366: 0.000000 bit/s, bytes received: 0 B, packets received: 0
[client] second 29.301540: 0.000000 bit/s, bytes received: 0 B, packets received: 0
[client] second 29.401712: 0.000000 bit/s, bytes received: 0 B, packets received: 0
[client] second 29.501779: 8966976.336691 bit/s, bytes received: 112162 B, packets received: 93
[client] second 29.601877: 94769851.785815 bit/s, bytes received: 1185783 B, packets received: 977
[client] second 29.701976: 94768418.395379 bit/s, bytes received: 1185783 B, packets received: 977
[client] second 29.802018: 94864192.164667 bit/s, bytes received: 1186288 B, packets received: 977
[client] second 29.902088: 94697521.276656 bit/s, bytes received: 1184556 B, packets received: 976
[client] second 30.002113: 94741248.498456 bit/s, bytes received: 1184556 B, packets received: 977
[client] second 30.102628: 20082652.073990 bit/s, bytes received: 252328 B, packets received: 208
[client] second 30.202771: 0.000000 bit/s, bytes received: 0 B, packets received: 0
[client] second 30.302949: 0.000000 bit/s, bytes received: 0 B, packets received: 0
[client] second 30.403122: 0.000000 bit/s, bytes received: 0 B, packets received: 0
[client] second 30.503899: 0.000000 bit/s, bytes received: 0 B, packets received: 1
[client] second 30.604139: 0.000000 bit/s, bytes received: 0 B, packets received: 11
[client] second 30.704437: 0.000000 bit/s, bytes received: 0 B, packets received: 1
[client] second 30.804649: 0.000000 bit/s, bytes received: 0 B, packets received: 0
[client] second 30.904889: 0.000000 bit/s, bytes received: 0 B, packets received: 0
[client] second 31.005097: 0.000000 bit/s, bytes received: 0 B, packets received: 0
[client] second 31.105182: 53365363.368892 bit/s, bytes received: 667630 B, packets received: 551
[client] second 31.205239: 94808473.075078 bit/s, bytes received: 1185783 B, packets received: 976
[client] second 31.305278: 94727196.322799 bit/s, bytes received: 1184556 B, packets received: 977
[client] second 31.405347: 94797623.997558 bit/s, bytes received: 1185783 B, packets received: 976
[client] second 31.505379: 94733761.630454 bit/s, bytes received: 1184556 B, packets received: 977
[client] second 31.606419: 69924897.271718 bit/s, bytes received: 883148 B, packets received: 728
[client] second 31.707249: 0.000000 bit/s, bytes received: 0 B, packets received: 0
[client] second 31.807430: 0.000000 bit/s, bytes received: 0 B, packets received: 0
[client] second 31.907611: 0.000000 bit/s, bytes received: 0 B, packets received: 0
[client] second 32.007783: 0.000000 bit/s, bytes received: 0 B, packets received: 0
[client] second 32.108527: 0.000000 bit/s, bytes received: 0 B, packets received: 7
[client] second 32.208806: 0.000000 bit/s, bytes received: 0 B, packets received: 6
[client] second 32.309013: 0.000000 bit/s, bytes received: 0 B, packets received: 0
[client] second 32.409221: 0.000000 bit/s, bytes received: 0 B, packets received: 0
[client] second 32.509712: 0.000000 bit/s, bytes received: 0 B, packets received: 0
[client] second 32.609803: 4020197.861545 bit/s, bytes received: 50298 B, packets received: 41
[client] second 32.709861: 94807474.785913 bit/s, bytes received: 1185792 B, packets received: 977
[client] second 32.809959: 94770165.168232 bit/s, bytes received: 1185783 B, packets received: 977
[client] second 32.910045: 94723297.665420 bit/s, bytes received: 1185061 B, packets received: 978
[client] second 33.010139: 94773532.029715 bit/s, bytes received: 1185783 B, packets received: 976
[client] second 33.110238: 94769016.740672 bit/s, bytes received: 1185783 B, packets received: 977
[client] second 33.211005: 24845817.667467 bit/s, bytes received: 312956 B, packets received: 259
[client] second 33.311198: 0.000000 bit/s, bytes received: 0 B, packets received: 0
[client] second 33.411397: 0.000000 bit/s, bytes received: 0 B, packets received: 0
[client] second 33.511595: 0.000000 bit/s, bytes received: 0 B, packets received: 0
[client] second 33.611787: 0.000000 bit/s, bytes received: 0 B, packets received: 0
[client] second 33.712515: 0.000000 bit/s, bytes received: 0 B, packets received: 12
[client] second 33.813148: 0.000000 bit/s, bytes received: 0 B, packets received: 1
[client] second 33.913596: 0.000000 bit/s, bytes received: 0 B, packets received: 0
[client] second 34.013779: 0.000000 bit/s, bytes received: 0 B, packets received: 0
[client] second 34.113953: 0.000000 bit/s, bytes received: 0 B, packets received: 0
[client] second 34.214015: 49217015.964713 bit/s, bytes received: 615591 B, packets received: 508
[client] second 34.314120: 94762377.613989 bit/s, bytes received: 1185783 B, packets received: 977
[client] second 34.414216: 94772431.808507 bit/s, bytes received: 1185783 B, packets received: 976
[client] second 34.514285: 94797083.077198 bit/s, bytes received: 1185783 B, packets received: 977
[client] second 34.614321: 94827939.612058 bit/s, bytes received: 1185783 B, packets received: 977
[client] second 34.715305: 73891869.131966 bit/s, bytes received: 932733 B, packets received: 770
[client] second 34.815773: 0.000000 bit/s, bytes received: 0 B, packets received: 0
[client] second 34.915969: 0.000000 bit/s, bytes received: 0 B, packets received: 0
[client] second 35.016175: 0.000000 bit/s, bytes received: 0 B, packets received: 0
[client] second 35.116370: 0.000000 bit/s, bytes received: 0 B, packets received: 0
[client] second 35.217253: 0.000000 bit/s, bytes received: 0 B, packets received: 6
[client] second 35.318196: 0.000000 bit/s, bytes received: 0 B, packets received: 7
[client] second 35.418644: 0.000000 bit/s, bytes received: 0 B, packets received: 0
[client] second 35.518839: 0.000000 bit/s, bytes received: 0 B, packets received: 0
[client] second 35.619035: 0.000000 bit/s, bytes received: 0 B, packets received: 0
[client] second 35.719198: 0.000000 bit/s, bytes received: 0 B, packets received: 0
[client] second 35.819280: 95078623.088778 bit/s, bytes received: 1189464 B, packets received: 980
[client] second 35.919440: 94808947.353293 bit/s, bytes received: 1187010 B, packets received: 978
[client] second 36.019542: 94766247.563628 bit/s, bytes received: 1185783 B, packets received: 977
[client] second 36.119583: 94725801.560707 bit/s, bytes received: 1184556 B, packets received: 977
[client] second 36.219599: 94846851.793051 bit/s, bytes received: 1185783 B, packets received: 976
[client] second 36.320443: 28468574.764309 bit/s, bytes received: 358860 B, packets received: 297
[client] second 36.420671: 0.000000 bit/s, bytes received: 0 B, packets received: 0
[client] second 36.520880: 0.000000 bit/s, bytes received: 0 B, packets received: 0
[client] second 36.621089: 0.000000 bit/s, bytes received: 0 B, packets received: 0
[client] second 36.721297: 0.000000 bit/s, bytes received: 0 B, packets received: 0
[client] second 36.821566: 0.000000 bit/s, bytes received: 0 B, packets received: 12
[client] second 36.921805: 0.000000 bit/s, bytes received: 0 B, packets received: 1
[client] second 37.021986: 0.000000 bit/s, bytes received: 0 B, packets received: 0
[client] second 37.122170: 0.000000 bit/s, bytes received: 0 B, packets received: 0
[client] second 37.222363: 0.000000 bit/s, bytes received: 0 B, packets received: 0
[client] second 37.322389: 44483784.571203 bit/s, bytes received: 556190 B, packets received: 458
[client] second 37.422421: 94733913.155581 bit/s, bytes received: 1184556 B, packets received: 976
[client] second 37.522488: 94798686.909837 bit/s, bytes received: 1185783 B, packets received: 977
[client] second 37.622517: 94737529.067731 bit/s, bytes received: 1184556 B, packets received: 976
[client] second 37.722575: 94806983.560301 bit/s, bytes received: 1185783 B, packets received: 977
[client] second 37.823600: 78759590.378671 bit/s, bytes received: 994588 B, packets received: 821
[client] second 37.923992: 0.000000 bit/s, bytes received: 0 B, packets received: 0
[client] second 38.024166: 0.000000 bit/s, bytes received: 0 B, packets received: 0
[client] second 38.124344: 0.000000 bit/s, bytes received: 0 B, packets received: 0
[client] second 38.224425: 0.000000 bit/s, bytes received: 0 B, packets received: 0
[client] second 38.324878: 0.000000 bit/s, bytes received: 0 B, packets received: 5
[client] second 38.425736: 0.000000 bit/s, bytes received: 0 B, packets received: 8
[client] second 38.526069: 0.000000 bit/s, bytes received: 0 B, packets received: 0
[client] second 38.626512: 0.000000 bit/s, bytes received: 0 B, packets received: 0
[client] second 38.726900: 0.000000 bit/s, bytes received: 0 B, packets received: 0
[client] second 38.827147: 0.000000 bit/s, bytes received: 0 B, packets received: 0
[client] second 38.927251: 90213139.526718 bit/s, bytes received: 1128836 B, packets received: 931
[client] second 39.027304: 94811967.743839 bit/s, bytes received: 1185783 B, packets received: 976
[client] second 39.127345: 94725356.533245 bit/s, bytes received: 1184556 B, packets received: 977
[client] second 39.227499: 94814505.011348 bit/s, bytes received: 1187010 B, packets received: 977
[client] second 39.327511: 94753350.271477 bit/s, bytes received: 1184556 B, packets received: 976
[client] second 39.428455: 33342406.009265 bit/s, bytes received: 420715 B, packets received: 348
[client] second 39.528669: 0.000000 bit/s, bytes received: 0 B, packets received: 0
[client] second 39.628857: 0.000000 bit/s, bytes received: 0 B, packets received: 0
[client] second 39.729035: 0.000000 bit/s, bytes received: 0 B, packets received: 0
[client] second 39.829213: 0.000000 bit/s, bytes received: 0 B, packets received: 0
[client] second 39.929575: 0.000000 bit/s, bytes received: 0 B, packets received: 11
[client] second 40.030495: 0.000000 bit/s, bytes received: 0 B, packets received: 2
[client] total: bytes received: 135266304 B, packets received: 111800
