Bandwidth: 100 Mbit/s
RTT: 1000 ms
BDP: 12500000 B/s
Max In-Flight Packets: 9765
[server] starting server with pid 184246, port 18080, cc cubic, iw 32
[server][session 0] open
[client] connection establishment time: 2.004380 s
[server][session 0][stream 0] open
[client] time to first byte: 3.005378 s
[client] second 1.000118: 314315.212862 bit/s, bytes received: 39294 B, packets received: 41
[client] second 2.001113: 641201.455043 bit/s, bytes received: 80230 B, packets received: 66
[client] second 3.001706: 1287437.419918 bit/s, bytes received: 161025 B, packets received: 133
[client] second 4.001840: 2552385.656169 bit/s, bytes received: 319091 B, packets received: 263
[client] second 5.002221: 3590118.653353 bit/s, bytes received: 448936 B, packets received: 374
[client] second 6.002264: 6703389.452135 bit/s, bytes received: 837959 B, packets received: 695
[client] second 7.002483: 8626390.685753 bit/s, bytes received: 1078536 B, packets received: 898
[client] second 8.002513: 14027745.442224 bit/s, bytes received: 1753521 B, packets received: 1454
[client] second 9.002803: 29351637.451834 bit/s, bytes received: 3670016 B, packets received: 3032
[client] second 10.003442: 46107851.573819 bit/s, bytes received: 5767168 B, packets received: 4762
[client] second 11.003473: 18178607.589885 bit/s, bytes received: 2272396 B, packets received: 1893
[client] second 12.004015: 44711176.784343 bit/s, bytes received: 5591924 B, packets received: 4628
[client] second 13.004714: 50296491.908975 bit/s, bytes received: 6291456 B, packets received: 5190
[client] second 14.004774: 7496634.003845 bit/s, bytes received: 937136 B, packets received: 784
[client] second 15.005822: 42789739.032056 bit/s, bytes received: 5354320 B, packets received: 4422
[client] second 16.005860: 49595292.237173 bit/s, bytes received: 6199648 B, packets received: 5112
[client] second 17.006622: 733904.839371 bit/s, bytes received: 91808 B, packets received: 87
[client] second 18.007205: 50302306.714796 bit/s, bytes received: 6291456 B, packets received: 5185
[client] second 19.007295: 38970492.032189 bit/s, bytes received: 4871750 B, packets received: 4027
[client] second 20.007363: 11356879.343692 bit/s, bytes received: 1419706 B, packets received: 1184
[client] second 21.007472: 50326137.791173 bit/s, bytes received: 6291456 B, packets received: 5185
[client] second 22.007529: 28247016.456199 bit/s, bytes received: 3531077 B, packets received: 2921
[client] second 23.008317: 22065649.189079 bit/s, bytes received: 2760379 B, packets received: 2287
[client] second 24.008663: 50314228.660581 bit/s, bytes received: 6291456 B, packets received: 5185
[client] second 25.008725: 17634154.805841 bit/s, bytes received: 2204406 B, packets received: 1830
[client] second 26.008837: 32692747.729687 bit/s, bytes received: 4087050 B, packets received: 3381
[client] second 27.009463: 50300159.396016 bit/s, bytes received: 6291456 B, packets received: 5185
[client] second 28.009544: 6923160.310951 bit/s, bytes received: 865465 B, packets received: 726
[client] second 29.009834: 43395343.480577 bit/s, bytes received: 5425991 B, packets received: 4480
[client] second 30.009948: 48969118.066899 bit/s, bytes received: 6121842 B, packets received: 5050
[client] second 31.010837: 1355706.595172 bit/s, bytes received: 169614 B, packets received: 153
[client] second 32.010936: 50326689.311302 bit/s, bytes received: 6291456 B, packets received: 5185
[client] second 33.011011: 38309436.168953 bit/s, bytes received: 4789036 B, packets received: 3959
[client] second 34.011308: 12015788.294914 bit/s, bytes received: 1502420 B, packets received: 1252
[client] second 35.011747: 50309563.258849 bit/s, bytes received: 6291456 B, packets received: 5185
[client] second 36.011785: 27674188.078597 bit/s, bytes received: 3459406 B, packets received: 2864
[client] second 37.011838: 22655193.021937 bit/s, bytes received: 2832050 B, packets received: 2345
[client] second 38.012662: 50290197.360919 bit/s, bytes received: 6291456 B, packets received: 5185
[client] second 39.012721: 16952906.423174 bit/s, bytes received: 2119238 B, packets received: 1759
[client] second 40.013210: 33361428.826762 bit/s, bytes received: 4172218 B, packets received: 3452
[client] total: bytes received: 135266304 B, packets received: 111799
