Bandwidth: 100 Mbit/s
RTT: 1000 ms
BDP: 12500000 B/s
Max In-Flight Packets: 9765
[server] starting server with pid 184984, port 18080, cc cubic, iw 32
[server][session 0] open
[client] connection establishment time: 2.004825 s
[server][session 0][stream 0] open
[client] time to first byte: 3.006386 s
[client] second 1.001099: 314007.220700 bit/s, bytes received: 39294 B, packets received: 42
[client] second 2.001296: 641713.301409 bit/s, bytes received: 80230 B, packets received: 65
[client] second 3.002201: 1287034.637756 bit/s, bytes received: 161025 B, packets received: 133
[client] second 4.002552: 2542020.983515 bit/s, bytes received: 317864 B, packets received: 263
[client] second 5.002767: 3600527.841414 bit/s, bytes received: 450163 B, packets received: 374
[client] second 6.003073: 6691793.395292 bit/s, bytes received: 836730 B, packets received: 695
[client] second 7.003356: 8625865.614431 bit/s, bytes received: 1078538 B, packets received: 898
[client] second 8.003432: 14036910.274622 bit/s, bytes received: 1754748 B, packets received: 1455
[client] second 9.004122: 29339899.371659 bit/s, bytes received: 3670016 B, packets received: 3032
[client] second 10.004859: 46103377.474955 bit/s, bytes received: 5767168 B, packets received: 4762
[client] second 11.004908: 18168457.984688 bit/s, bytes received: 2271169 B, packets received: 1889
[client] second 12.005677: 44710835.025406 bit/s, bytes received: 5593151 B, packets received: 4628
[client] second 13.005761: 50327400.266763 bit/s, bytes received: 6291456 B, packets received: 5189
[client] second 14.005804: 7296418.770476 bit/s, bytes received: 912091 B, packets received: 764
[client] second 15.005860: 43032506.521872 bit/s, bytes received: 5379365 B, packets received: 4443
[client] second 16.005927: 49338649.137088 bit/s, bytes received: 6167746 B, packets received: 5086
[client] second 17.006318: 989292.962871 bit/s, bytes received: 123710 B, packets received: 114
[client] second 18.006908: 50301988.991553 bit/s, bytes received: 6291456 B, packets received: 5185
[client] second 19.006942: 38674153.515209 bit/s, bytes received: 4834435 B, packets received: 3996
[client] second 20.007705: 11647282.241789 bit/s, bytes received: 1457021 B, packets received: 1213
[client] second 21.008639: 50284695.470160 bit/s, bytes received: 6291456 B, packets received: 5185
[client] second 22.008699: 28050620.704729 bit/s, bytes received: 3506537 B, packets received: 2903
[client] second 23.008822: 22276606.363712 bit/s, bytes received: 2784919 B, packets received: 2306
[client] second 24.009777: 50283629.597632 bit/s, bytes received: 6291456 B, packets received: 5185
[client] second 25.009844: 17457376.808829 bit/s, bytes received: 2182320 B, packets received: 1811
[client] second 26.010861: 32839711.195328 bit/s, bytes received: 4109136 B, packets received: 3400
[client] second 27.011182: 50315466.395061 bit/s, bytes received: 6291456 B, packets received: 5185
[client] second 28.011269: 6824966.446318 bit/s, bytes received: 853195 B, packets received: 716
[client] second 29.011473: 43497247.749859 bit/s, bytes received: 5438261 B, packets received: 4490
[client] second 30.011557: 48843025.674274 bit/s, bytes received: 6105891 B, packets received: 5035
[client] second 31.011774: 1484197.065434 bit/s, bytes received: 185565 B, packets received: 166
[client] second 32.012088: 50315842.183863 bit/s, bytes received: 6291456 B, packets received: 5185
[client] second 33.012152: 38129120.536997 bit/s, bytes received: 4766445 B, packets received: 3940
[client] second 34.013239: 12186837.994446 bit/s, bytes received: 1525011 B, packets received: 1271
[client] second 35.014058: 50290468.052559 bit/s, bytes received: 6291456 B, packets received: 5185
[client] second 36.014089: 27605675.144626 bit/s, bytes received: 3450817 B, packets received: 2856
[client] second 37.015043: 22703469.168800 bit/s, bytes received: 2840639 B, packets received: 2355
[client] second 38.015225: 50322452.729180 bit/s, bytes received: 6291456 B, packets received: 5185
[client] second 39.015260: 16953314.736686 bit/s, bytes received: 2119238 B, packets received: 1760
[client] second 40.016158: 33347795.512023 bit/s, bytes received: 4172218 B, packets received: 3451
[client] total: bytes received: 135266304 B, packets received: 111796
