Bandwidth: 100 Mbit/s
RTT: 1000 ms
BDP: 12500000 B/s
Max In-Flight Packets: 9765
[server] starting server with pid 185170, port 18080, cc cubic, iw 32
[server][session 0] open
[client] connection establishment time: 2.005278 s
[server][session 0][stream 0] open
[client] time to first byte: 3.006618 s
[client] second 1.000752: 314115.938103 bit/s, bytes received: 39294 B, packets received: 41
[client] second 2.001885: 650918.550290 bit/s, bytes received: 81457 B, packets received: 67
[client] second 3.002276: 1277884.200321 bit/s, bytes received: 159798 B, packets received: 132
[client] second 4.002800: 2551390.731922 bit/s, bytes received: 319091 B, packets received: 263
[client] second 5.003195: 3590071.903318 bit/s, bytes received: 448936 B, packets received: 374
[client] second 6.003625: 6720409.889083 bit/s, bytes received: 840413 B, packets received: 697
[client] second 7.003905: 8616060.459454 bit/s, bytes received: 1077309 B, packets received: 897
[client] second 8.004332: 14012371.841982 bit/s, bytes received: 1752294 B, packets received: 1453
[client] second 9.004664: 29350375.574606 bit/s, bytes received: 3670016 B, packets received: 3032
[client] second 10.004716: 47061678.206767 bit/s, bytes received: 5883011 B, packets received: 4857
[client] second 11.004739: 35739080.948042 bit/s, bytes received: 4467491 B, packets received: 3699
[client] second 12.004784: 30440833.943075 bit/s, bytes received: 3805274 B, packets received: 3157
[client] second 13.005528: 50294228.188931 bit/s, bytes received: 6291456 B, packets received: 5200
[client] second 14.005609: 42018151.209998 bit/s, bytes received: 5252696 B, packets received: 4354
[client] second 15.005704: 35932846.920106 bit/s, bytes received: 4492031 B, packets received: 3715
[client] second 16.006085: 22696818.621652 bit/s, bytes received: 2838185 B, packets received: 2358
[client] second 17.006821: 50294653.817679 bit/s, bytes received: 6291456 B, packets received: 5185
[client] second 18.006915: 16119767.530572 bit/s, bytes received: 2015160 B, packets received: 1672
[client] second 19.007848: 34178477.805462 bit/s, bytes received: 4276296 B, packets received: 3537
[client] second 20.008202: 50313798.274414 bit/s, bytes received: 6291456 B, packets received: 5185
[client] second 21.008227: 5389987.551836 bit/s, bytes received: 673765 B, packets received: 568
[client] second 22.009206: 44897578.972179 bit/s, bytes received: 5617691 B, packets received: 4636
[client] second 23.009268: 47506897.774141 bit/s, bytes received: 5938731 B, packets received: 4899
[client] second 24.010306: 2818873.946828 bit/s, bytes received: 352725 B, packets received: 304
[client] second 25.011248: 50284280.258281 bit/s, bytes received: 6291456 B, packets received: 5185
[client] second 26.011293: 36992984.711906 bit/s, bytes received: 4624330 B, packets received: 3822
[client] second 27.011414: 13335394.843957 bit/s, bytes received: 1667126 B, packets received: 1389
[client] second 28.012440: 50280066.986560 bit/s, bytes received: 6291456 B, packets received: 5185
[client] second 29.012486: 26360417.509278 bit/s, bytes received: 3295205 B, packets received: 2728
[client] second 30.013537: 23944850.127710 bit/s, bytes received: 2996251 B, packets received: 2470
[client] second 31.013605: 33096596.032037 bit/s, bytes received: 4137357 B, packets received: 3423
[client] second 32.014514: 46962510.638794 bit/s, bytes received: 5875649 B, packets received: 4847
[client] second 33.014574: 45154773.197121 bit/s, bytes received: 5644685 B, packets received: 4672
[client] second 34.015477: 25710198.199834 bit/s, bytes received: 3216677 B, packets received: 2679
[client] second 35.016223: 50294119.634399 bit/s, bytes received: 6291456 B, packets received: 5199
[client] second 36.016257: 36150968.083461 bit/s, bytes received: 4519025 B, packets received: 3750
[client] second 37.016326: 37113905.981654 bit/s, bytes received: 4639559 B, packets received: 3837
[client] second 38.017359: 27366355.731283 bit/s, bytes received: 3424328 B, packets received: 2839
[client] second 39.017729: 40243291.110017 bit/s, bytes received: 5032270 B, packets received: 4147
[client] second 40.018504: 50292658.164124 bit/s, bytes received: 6291456 B, packets received: 5189
[client] total: bytes received: 147114318 B, packets received: 121643
