Bandwidth: 100 Mbit/s
RTT: 1000 ms
BDP: 12500000 B/s
Max In-Flight Packets: 9765
[server] starting server with pid 185890, port 18080, cc cubic, iw 32
[server][session 0] open
[client] connection establishment time: 2.005655 s
[server][session 0][stream 0] open
[client] time to first byte: 3.006690 s
[client] second 1.000752: 314116.029128 bit/s, bytes received: 39294 B, packets received: 41
[client] second 2.001588: 641303.972488 bit/s, bytes received: 80230 B, packets received: 67
[client] second 3.001972: 1287705.539101 bit/s, bytes received: 161025 B, packets received: 132
[client] second 4.002416: 2551594.224622 bit/s, bytes received: 319091 B, packets received: 263
[client] second 5.002769: 3590221.965667 bit/s, bytes received: 448936 B, packets received: 374
[client] second 6.003214: 6720311.982699 bit/s, bytes received: 840413 B, packets received: 697
[client] second 7.003336: 8627231.259070 bit/s, bytes received: 1078536 B, packets received: 898
[client] second 8.004327: 13994676.414197 bit/s, bytes received: 1751067 B, packets received: 1452
[client] second 9.004611: 29351795.847009 bit/s, bytes received: 3670016 B, packets received: 3032
[client] second 10.005308: 46105207.655949 bit/s, bytes received: 5767168 B, packets received: 4762
[client] second 11.005415: 17079680.084753 bit/s, bytes received: 2135189 B, packets received: 1781
[client] second 12.005918: 45810010.878489 bit/s, bytes received: 5729131 B, packets received: 4727
[client] second 13.006021: 38622421.967782 bit/s, bytes received: 4828300 B, packets received: 3986
[client] second 14.006257: 11702481.884357 bit/s, bytes received: 1463156 B, packets received: 1222
[client] second 15.006782: 50305236.593768 bit/s, bytes received: 6291456 B, packets received: 5185
[client] second 16.006822: 7952346.089060 bit/s, bytes received: 994083 B, packets received: 832
[client] second 17.007002: 42371352.876976 bit/s, bytes received: 5297373 B, packets received: 4376
[client] second 18.007027: 29408476.699410 bit/s, bytes received: 3676151 B, packets received: 3032
[client] second 19.007460: 20913384.776266 bit/s, bytes received: 2615305 B, packets received: 2171
[client] second 20.008313: 50288772.446366 bit/s, bytes received: 6291456 B, packets received: 5185
[client] second 21.009187: 0.000000 bit/s, bytes received: 0 B, packets received: 15
[client] second 22.009254: 50328263.675909 bit/s, bytes received: 6291456 B, packets received: 5185
[client] second 23.009478: 18453931.398701 bit/s, bytes received: 2307257 B, packets received: 1914
[client] second 24.010264: 31848548.562657 bit/s, bytes received: 3984199 B, packets received: 3296
[client] second 25.010540: 39913395.272951 bit/s, bytes received: 4990552 B, packets received: 4113
[client] second 26.010820: 10404321.994373 bit/s, bytes received: 1300904 B, packets received: 1087
[client] second 27.011401: 50302415.254399 bit/s, bytes received: 6291456 B, packets received: 5185
[client] second 28.011533: 9265052.524522 bit/s, bytes received: 1158284 B, packets received: 970
[client] second 29.011881: 41051048.732431 bit/s, bytes received: 5133172 B, packets received: 4241
[client] second 30.012065: 30756440.868080 bit/s, bytes received: 3845260 B, packets received: 3172
[client] second 31.012750: 19556179.213912 bit/s, bytes received: 2446196 B, packets received: 2032
[client] second 32.013677: 50285024.228386 bit/s, bytes received: 6291456 B, packets received: 5185
[client] second 33.013726: 78260.101630 bit/s, bytes received: 9783 B, packets received: 23
[client] second 34.014419: 50218767.199394 bit/s, bytes received: 6281673 B, packets received: 5177
[client] second 35.014524: 21640710.997979 bit/s, bytes received: 2705381 B, packets received: 2242
[client] second 36.014958: 28676154.663581 bit/s, bytes received: 3586075 B, packets received: 2971
[client] second 37.015073: 43075024.765188 bit/s, bytes received: 5384995 B, packets received: 4437
[client] second 38.015363: 7249579.503299 bit/s, bytes received: 906461 B, packets received: 763
[client] second 39.015972: 50301008.900963 bit/s, bytes received: 6291456 B, packets received: 5185
[client] second 40.016064: 12351969.138131 bit/s, bytes received: 1544138 B, packets received: 1287
[client] total: bytes received: 124227530 B, packets received: 102695
