Bandwidth: 100 Mbit/s
RTT: 72 ms
BDP: 900000 B/s
Max In-Flight Packets: 703
[server] starting server with pid 1337914, port 18080, cc cubic, iw 32
[server][session 0] open
[client] connection establishment time: 0.147958 s
[server][session 0][stream 0] open
[client] time to first byte: 0.221242 s
[client] second 0.100120: 6217058.697033 bit/s, bytes received: 77806 B, packets received: 70
[client] second 0.200338: 13302922.820952 bit/s, bytes received: 166649 B, packets received: 137
[client] second 0.300802: 32484317.403631 bit/s, bytes received: 407939 B, packets received: 336
[client] second 0.400873: 50135963.640862 bit/s, bytes received: 627146 B, packets received: 523
[client] second 0.500950: 89353154.230343 bit/s, bytes received: 1117773 B, packets received: 927
[client] second 0.601002: 55975725.224665 bit/s, bytes received: 700057 B, packets received: 980
[client] second 0.701420: 127064281.724126 bit/s, bytes received: 1594950 B, packets received: 944
[client] second 0.801449: 67941600.378211 bit/s, bytes received: 849514 B, packets received: 878
[client] second 0.901543: 12241070.596947 bit/s, bytes received: 153158 B, packets received: 980
[client] second 1.001565: 15332124.274804 bit/s, bytes received: 191693 B, packets received: 988
[client] second 1.101627: 273973771.332464 bit/s, bytes received: 3426789 B, packets received: 984
[client] second 1.201659: 94733960.507283 bit/s, bytes received: 1184556 B, packets received: 976
[client] second 1.301733: 94791834.511036 bit/s, bytes received: 1185776 B, packets received: 976
[client] second 1.401774: 94726200.195239 bit/s, bytes received: 1184556 B, packets received: 977
[client] second 1.501792: 94747195.926925 bit/s, bytes received: 1184553 B, packets received: 976
[client] second 1.601807: 94750551.002603 bit/s, bytes received: 1184559 B, packets received: 976
[client] second 1.701888: 94785343.500229 bit/s, bytes received: 1185783 B, packets received: 976
[client] second 1.801955: 94701048.290844 bit/s, bytes received: 1184556 B, packets received: 977
[client] second 1.901983: 94835348.555132 bit/s, bytes received: 1185781 B, packets received: 976
[client] second 2.002007: 94742916.396699 bit/s, bytes received: 1184558 B, packets received: 976
[client] second 2.102108: 94766237.149934 bit/s, bytes received: 1185783 B, packets received: 977
[client] second 2.202162: 94656888.458860 bit/s, bytes received: 1183841 B, packets received: 977
[client] second 2.302182: 94843364.034694 bit/s, bytes received: 1185783 B, packets received: 976
[client] second 2.402204: 94743876.996508 bit/s, bytes received: 1184556 B, packets received: 976
[client] second 2.502263: 94707998.990642 bit/s, bytes received: 1184556 B, packets received: 976
[client] second 2.602305: 94723922.823588 bit/s, bytes received: 1184549 B, packets received: 976
[client] second 2.702344: 94826181.229841 bit/s, bytes received: 1185783 B, packets received: 977
[client] second 2.802363: 94746467.749016 bit/s, bytes received: 1184556 B, packets received: 976
[client] second 2.902418: 94712436.463288 bit/s, bytes received: 1184556 B, packets received: 976
[client] second 3.002454: 94730374.223368 bit/s, bytes received: 1184556 B, packets received: 977
[client] second 3.102471: 94845622.757790 bit/s, bytes received: 1185780 B, packets received: 976
[client] second 3.202484: 94753124.112671 bit/s, bytes received: 1184559 B, packets received: 976
[client] second 3.302584: 94767877.808264 bit/s, bytes received: 1185783 B, packets received: 977
[client] second 3.402605: 94645937.050997 bit/s, bytes received: 1183329 B, packets received: 976
[client] second 3.502620: 94791532.186398 bit/s, bytes received: 1185068 B, packets received: 976
[client] second 3.602637: 94748128.368006 bit/s, bytes received: 1184556 B, packets received: 976
[client] second 3.702687: 94717567.336074 bit/s, bytes received: 1184556 B, packets received: 977
[client] second 3.802706: 94843471.048012 bit/s, bytes received: 1185774 B, packets received: 976
[client] second 3.902720: 94751355.989682 bit/s, bytes received: 1184556 B, packets received: 976
[client] second 4.002826: 94663997.952733 bit/s, bytes received: 1184556 B, packets received: 977
[client] second 4.102908: 94785344.447310 bit/s, bytes received: 1185783 B, packets received: 976
[client] second 4.203016: 94760508.072005 bit/s, bytes received: 1185783 B, packets received: 977
[client] second 4.303068: 94714513.358478 bit/s, bytes received: 1184556 B, packets received: 976
[client] second 4.403085: 94748517.717220 bit/s, bytes received: 1184556 B, packets received: 976
[client] second 4.503101: 94749353.265751 bit/s, bytes received: 1184556 B, packets received: 977
[client] second 4.603120: 94746866.557507 bit/s, bytes received: 1184556 B, packets received: 975
[client] second 4.703156: 94771393.213334 bit/s, bytes received: 1185070 B, packets received: 977
[client] second 4.803203: 94720233.337401 bit/s, bytes received: 1184556 B, packets received: 977
[client] second 4.903219: 94749001.803065 bit/s, bytes received: 1184556 B, packets received: 976
[client] second 5.003236: 94747797.838498 bit/s, bytes received: 1184547 B, packets received: 975
[client] second 5.103252: 94749313.382625 bit/s, bytes received: 1184565 B, packets received: 977
[client] second 5.203272: 94745206.993567 bit/s, bytes received: 1184547 B, packets received: 976
[client] second 5.303295: 94840495.692661 bit/s, bytes received: 1185783 B, packets received: 976
[client] second 5.403459: 94708026.305815 bit/s, bytes received: 1185783 B, packets received: 977
[client] second 5.503523: 94702981.777693 bit/s, bytes received: 1184556 B, packets received: 976
[client] second 5.603554: 94833447.419881 bit/s, bytes received: 1185783 B, packets received: 977
[client] second 5.703655: 94669219.098282 bit/s, bytes received: 1184556 B, packets received: 977
[client] second 5.803739: 94783369.824315 bit/s, bytes received: 1185783 B, packets received: 976
[client] second 5.903837: 94810665.407636 bit/s, bytes received: 1186297 B, packets received: 978
[client] second 6.003857: 94745422.905637 bit/s, bytes received: 1184556 B, packets received: 976
[client] second 6.103938: 94687291.866543 bit/s, bytes received: 1184556 B, packets received: 976
[client] second 6.203983: 94721278.453826 bit/s, bytes received: 1184547 B, packets received: 977
[client] second 6.304010: 94837559.259078 bit/s, bytes received: 1185783 B, packets received: 976
[client] second 6.404086: 94692297.008913 bit/s, bytes received: 1184556 B, packets received: 976
[client] second 6.504128: 94725043.122797 bit/s, bytes received: 1184556 B, packets received: 977
[client] second 6.604219: 94775637.859957 bit/s, bytes received: 1185783 B, packets received: 976
[client] second 6.704262: 94724225.992922 bit/s, bytes received: 1184556 B, packets received: 976
[client] second 6.804284: 94841464.746166 bit/s, bytes received: 1185783 B, packets received: 977
[client] second 6.904295: 94753775.665963 bit/s, bytes received: 1184556 B, packets received: 976
[client] second 7.004308: 94654403.957086 bit/s, bytes received: 1183329 B, packets received: 976
[client] second 7.104342: 94830664.048390 bit/s, bytes received: 1185783 B, packets received: 976
[client] second 7.204387: 94762937.725436 bit/s, bytes received: 1185070 B, packets received: 977
[client] second 7.304403: 94749637.469290 bit/s, bytes received: 1184556 B, packets received: 976
[client] second 7.404511: 94758888.660360 bit/s, bytes received: 1185774 B, packets received: 977
[client] second 7.504528: 94651188.765417 bit/s, bytes received: 1183338 B, packets received: 975
[client] second 7.604549: 94842160.584264 bit/s, bytes received: 1185774 B, packets received: 977
[client] second 7.704576: 94640703.600756 bit/s, bytes received: 1183329 B, packets received: 976
[client] second 7.804661: 94781586.578422 bit/s, bytes received: 1185783 B, packets received: 976
[client] second 7.904682: 94744550.483806 bit/s, bytes received: 1184556 B, packets received: 976
[client] second 8.004702: 94746097.362190 bit/s, bytes received: 1184556 B, packets received: 977
[client] second 8.104719: 94845996.424547 bit/s, bytes received: 1185783 B, packets received: 976
[client] second 8.204737: 94747483.248980 bit/s, bytes received: 1184556 B, packets received: 976
[client] second 8.304756: 94746534.058984 bit/s, bytes received: 1184556 B, packets received: 976
[client] second 8.404849: 94676193.502797 bit/s, bytes received: 1184556 B, packets received: 976
[client] second 8.504870: 92095507.896786 bit/s, bytes received: 1151427 B, packets received: 954
[client] second 8.604950: 86998184.673462 bit/s, bytes received: 1088354 B, packets received: 897
[client] second 8.704976: 90773917.948668 bit/s, bytes received: 1134962 B, packets received: 936
[client] second 8.804993: 91076798.076468 bit/s, bytes received: 1138652 B, packets received: 937
[client] second 8.905033: 92371893.036465 bit/s, bytes received: 1155117 B, packets received: 953
[client] second 9.005059: 90381006.219446 bit/s, bytes received: 1130054 B, packets received: 930
[client] second 9.105120: 92450025.514831 bit/s, bytes received: 1156335 B, packets received: 953
[client] second 9.205149: 92677033.268676 bit/s, bytes received: 1158789 B, packets received: 955
[client] second 9.305174: 91265186.386479 bit/s, bytes received: 1141106 B, packets received: 940
[client] second 9.405244: 93031593.254653 bit/s, bytes received: 1163706 B, packets received: 959
[client] second 9.505321: 92296294.026936 bit/s, bytes received: 1154594 B, packets received: 951
[client] second 9.605355: 92770031.447163 bit/s, bytes received: 1160025 B, packets received: 957
[client] second 9.705420: 93526529.062056 bit/s, bytes received: 1169832 B, packets received: 964
[client] second 9.805438: 92489994.567987 bit/s, bytes received: 1156335 B, packets received: 952
[client] second 9.905461: 93818249.860647 bit/s, bytes received: 1172999 B, packets received: 967
[client] second 10.005560: 93885874.624047 bit/s, bytes received: 1174740 B, packets received: 967
[client] second 10.105635: 93516565.656103 bit/s, bytes received: 1169832 B, packets received: 964
[client] second 10.205688: 94125468.781975 bit/s, bytes received: 1177194 B, packets received: 970
[client] second 10.305740: 94127230.848030 bit/s, bytes received: 1177194 B, packets received: 970
[client] second 10.405833: 94283938.141631 bit/s, bytes received: 1179648 B, packets received: 973
[client] second 10.505930: 94672459.316269 bit/s, bytes received: 1184556 B, packets received: 975
[client] second 10.605960: 94441987.562069 bit/s, bytes received: 1180875 B, packets received: 973
[client] second 10.705991: 94735155.679911 bit/s, bytes received: 1184556 B, packets received: 976
[client] second 10.806059: 94798041.770396 bit/s, bytes received: 1185783 B, packets received: 977
[client] second 10.906118: 94708946.462152 bit/s, bytes received: 1184556 B, packets received: 977
[client] second 11.006172: 94754407.036510 bit/s, bytes received: 1185070 B, packets received: 977
[client] second 11.106189: 94747863.119766 bit/s, bytes received: 1184556 B, packets received: 975
[client] second 11.206206: 94748213.626685 bit/s, bytes received: 1184556 B, packets received: 977
[client] second 11.306220: 94751184.513789 bit/s, bytes received: 1184556 B, packets received: 976
[client] second 11.406235: 94750114.088569 bit/s, bytes received: 1184547 B, packets received: 976
[client] second 11.506255: 94745954.254312 bit/s, bytes received: 1184565 B, packets received: 976
[client] second 11.606272: 94747929.515936 bit/s, bytes received: 1184547 B, packets received: 976
[client] second 11.706378: 94761865.494140 bit/s, bytes received: 1185783 B, packets received: 977
[client] second 11.806397: 94746248.926782 bit/s, bytes received: 1184556 B, packets received: 976
[client] second 11.906412: 94750426.616724 bit/s, bytes received: 1184556 B, packets received: 976
[client] second 12.006432: 94844038.238780 bit/s, bytes received: 1185783 B, packets received: 976
[client] second 12.106453: 94743905.413500 bit/s, bytes received: 1184556 B, packets received: 976
[client] second 12.206558: 94763135.864448 bit/s, bytes received: 1185783 B, packets received: 977
[client] second 12.306584: 94683187.848265 bit/s, bytes received: 1183843 B, packets received: 976
[client] second 12.406634: 94815574.496975 bit/s, bytes received: 1185783 B, packets received: 977
[client] second 12.506652: 94649170.516794 bit/s, bytes received: 1183329 B, packets received: 976
[client] second 12.606662: 94852371.282285 bit/s, bytes received: 1185783 B, packets received: 976
[client] second 12.706681: 94648477.815447 bit/s, bytes received: 1183329 B, packets received: 976
[client] second 12.806701: 94843707.299149 bit/s, bytes received: 1185783 B, packets received: 976
[client] second 12.906716: 94652734.493018 bit/s, bytes received: 1183329 B, packets received: 976
[client] second 13.006788: 94793601.303604 bit/s, bytes received: 1185774 B, packets received: 976
[client] second 13.106842: 94713280.841775 bit/s, bytes received: 1184556 B, packets received: 977
[client] second 13.206860: 94845502.366177 bit/s, bytes received: 1185783 B, packets received: 976
[client] second 13.306927: 94700886.460724 bit/s, bytes received: 1184556 B, packets received: 976
[client] second 13.406977: 94717510.533701 bit/s, bytes received: 1184556 B, packets received: 976
[client] second 13.507050: 94834081.606880 bit/s, bytes received: 1186297 B, packets received: 978
[client] second 13.607124: 94694828.166091 bit/s, bytes received: 1184556 B, packets received: 976
[client] second 13.707156: 94734122.450461 bit/s, bytes received: 1184556 B, packets received: 976
[client] second 13.807193: 94729510.601162 bit/s, bytes received: 1184556 B, packets received: 976
[client] second 13.907213: 94745242.925876 bit/s, bytes received: 1184556 B, packets received: 977
[client] second 14.007243: 94736437.067264 bit/s, bytes received: 1184556 B, packets received: 975
[client] second 14.107321: 94787801.239409 bit/s, bytes received: 1185783 B, packets received: 977
[client] second 14.207361: 94726722.798653 bit/s, bytes received: 1184547 B, packets received: 976
[client] second 14.307378: 94748867.190274 bit/s, bytes received: 1184565 B, packets received: 977
[client] second 14.407389: 94753274.602632 bit/s, bytes received: 1184547 B, packets received: 975
[client] second 14.507409: 94745442.798179 bit/s, bytes received: 1184556 B, packets received: 977
[client] second 14.607425: 94847573.462955 bit/s, bytes received: 1185783 B, packets received: 976
[client] second 14.707449: 94643273.651746 bit/s, bytes received: 1183320 B, packets received: 976
[client] second 14.807495: 94762660.946849 bit/s, bytes received: 1185079 B, packets received: 976
[client] second 14.907538: 94821223.985787 bit/s, bytes received: 1185783 B, packets received: 977
[client] second 15.007629: 94678961.228271 bit/s, bytes received: 1184556 B, packets received: 977
[client] second 15.107652: 94840514.656336 bit/s, bytes received: 1185783 B, packets received: 976
[client] second 15.207683: 94735535.451853 bit/s, bytes received: 1184556 B, packets received: 976
[client] second 15.307775: 94676648.473211 bit/s, bytes received: 1184556 B, packets received: 977
[client] second 15.407845: 94795547.001856 bit/s, bytes received: 1185774 B, packets received: 976
[client] second 15.507877: 94735021.211643 bit/s, bytes received: 1184565 B, packets received: 976
[client] second 15.607917: 94726702.990847 bit/s, bytes received: 1184556 B, packets received: 976
[client] second 15.707943: 94739351.353517 bit/s, bytes received: 1184547 B, packets received: 977
[client] second 15.808056: 94755681.681631 bit/s, bytes received: 1185783 B, packets received: 977
[client] second 15.908072: 94748632.433346 bit/s, bytes received: 1184547 B, packets received: 976
[client] second 16.008127: 94754434.366829 bit/s, bytes received: 1185079 B, packets received: 976
[client] second 16.108143: 94748489.297461 bit/s, bytes received: 1184556 B, packets received: 977
[client] second 16.208159: 94749561.681513 bit/s, bytes received: 1184556 B, packets received: 976
[client] second 16.308239: 94786852.224435 bit/s, bytes received: 1185783 B, packets received: 976
[client] second 16.408356: 94751793.666661 bit/s, bytes received: 1185783 B, packets received: 977
[client] second 16.508395: 94726977.589572 bit/s, bytes received: 1184556 B, packets received: 976
[client] second 16.608412: 94749286.951837 bit/s, bytes received: 1184556 B, packets received: 976
[client] second 16.708437: 94740716.186159 bit/s, bytes received: 1184556 B, packets received: 977
[client] second 16.808455: 94844978.916476 bit/s, bytes received: 1185783 B, packets received: 976
[client] second 16.908474: 94745966.707452 bit/s, bytes received: 1184547 B, packets received: 976
[client] second 17.008488: 94751460.201854 bit/s, bytes received: 1184556 B, packets received: 976
[client] second 17.108597: 94758699.348799 bit/s, bytes received: 1185774 B, packets received: 977
[client] second 17.208620: 94742556.572409 bit/s, bytes received: 1184556 B, packets received: 976
[client] second 17.308665: 94665191.469592 bit/s, bytes received: 1183852 B, packets received: 977
[client] second 17.408681: 94749381.686028 bit/s, bytes received: 1184556 B, packets received: 975
[client] second 17.508697: 94749912.200999 bit/s, bytes received: 1184556 B, packets received: 977
[client] second 17.608724: 94836144.677900 bit/s, bytes received: 1185783 B, packets received: 976
[client] second 17.708793: 94698555.309741 bit/s, bytes received: 1184547 B, packets received: 976
[client] second 17.808842: 94817633.248190 bit/s, bytes received: 1185792 B, packets received: 977
[client] second 17.908862: 94647236.277749 bit/s, bytes received: 1183329 B, packets received: 976
[client] second 18.008877: 94748870.215046 bit/s, bytes received: 1184547 B, packets received: 976
[client] second 18.108988: 94758070.678683 bit/s, bytes received: 1185783 B, packets received: 977
[client] second 18.209006: 94747730.496203 bit/s, bytes received: 1184556 B, packets received: 976
[client] second 18.309087: 94785173.025938 bit/s, bytes received: 1185783 B, packets received: 976
[client] second 18.409130: 94821501.386819 bit/s, bytes received: 1185774 B, packets received: 977
[client] second 18.509193: 94648632.635477 bit/s, bytes received: 1183852 B, packets received: 976
[client] second 18.609211: 94746695.097863 bit/s, bytes received: 1184556 B, packets received: 977
[client] second 18.709226: 94750767.668903 bit/s, bytes received: 1184556 B, packets received: 976
[client] second 18.809243: 94748459.930395 bit/s, bytes received: 1184556 B, packets received: 976
[client] second 18.909264: 94743745.383788 bit/s, bytes received: 1184547 B, packets received: 976
[client] second 19.009277: 94850821.669883 bit/s, bytes received: 1185792 B, packets received: 976
[client] second 19.109311: 94731398.806854 bit/s, bytes received: 1184547 B, packets received: 976
[client] second 19.209395: 94783275.120244 bit/s, bytes received: 1185783 B, packets received: 977
[client] second 19.309418: 94645027.708117 bit/s, bytes received: 1183329 B, packets received: 976
[client] second 19.409434: 94749569.163575 bit/s, bytes received: 1184565 B, packets received: 976
[client] second 19.509452: 94746963.258354 bit/s, bytes received: 1184547 B, packets received: 976
[client] second 19.609475: 94841103.482221 bit/s, bytes received: 1185783 B, packets received: 976
[client] second 19.709564: 94679993.254819 bit/s, bytes received: 1184556 B, packets received: 976
[client] second 19.809593: 94777554.373885 bit/s, bytes received: 1185070 B, packets received: 977
[client] second 19.909645: 94715775.254049 bit/s, bytes received: 1184556 B, packets received: 976
[client] second 20.009658: 94751963.265653 bit/s, bytes received: 1184556 B, packets received: 976
[client] second 20.109681: 94742065.014532 bit/s, bytes received: 1184547 B, packets received: 977
[client] second 20.209790: 94759966.453003 bit/s, bytes received: 1185792 B, packets received: 976
[client] second 20.309804: 94750731.774381 bit/s, bytes received: 1184547 B, packets received: 976
[client] second 20.409824: 94745736.450958 bit/s, bytes received: 1184556 B, packets received: 977
[client] second 20.509843: 94746353.127720 bit/s, bytes received: 1184556 B, packets received: 975
[client] second 20.609947: 94764348.313595 bit/s, bytes received: 1185792 B, packets received: 978
[client] second 20.709959: 94752315.815296 bit/s, bytes received: 1184547 B, packets received: 975
[client] second 20.809981: 94842490.712848 bit/s, bytes received: 1185783 B, packets received: 977
[client] second 20.910003: 94742889.990229 bit/s, bytes received: 1184556 B, packets received: 976
[client] second 21.010021: 94747009.676159 bit/s, bytes received: 1184547 B, packets received: 976
[client] second 21.110073: 94658868.287517 bit/s, bytes received: 1183852 B, packets received: 977
[client] second 21.210153: 94786246.452282 bit/s, bytes received: 1185774 B, packets received: 976
[client] second 21.310170: 94748147.314366 bit/s, bytes received: 1184556 B, packets received: 976
[client] second 21.410214: 94723428.862340 bit/s, bytes received: 1184565 B, packets received: 977
[client] second 21.510239: 94740689.694652 bit/s, bytes received: 1184547 B, packets received: 976
[client] second 21.610269: 94833731.833525 bit/s, bytes received: 1185783 B, packets received: 976
[client] second 21.710327: 94709951.692413 bit/s, bytes received: 1184556 B, packets received: 976
[client] second 21.810370: 94723410.770792 bit/s, bytes received: 1184556 B, packets received: 976
[client] second 21.910388: 94747018.124560 bit/s, bytes received: 1184556 B, packets received: 977
[client] second 22.010403: 94750985.564636 bit/s, bytes received: 1184556 B, packets received: 976
[client] second 22.110422: 94743192.644824 bit/s, bytes received: 1184523 B, packets received: 976
[client] second 22.210443: 94747768.715718 bit/s, bytes received: 1184589 B, packets received: 976
[client] second 22.310456: 94849881.742407 bit/s, bytes received: 1185783 B, packets received: 976
[client] second 22.410511: 94654424.377076 bit/s, bytes received: 1183834 B, packets received: 977
[client] second 22.510528: 94748659.816270 bit/s, bytes received: 1184556 B, packets received: 976
[client] second 22.610549: 94843752.002711 bit/s, bytes received: 1185792 B, packets received: 976
[client] second 22.710566: 94747493.750273 bit/s, bytes received: 1184547 B, packets received: 976
[client] second 22.810636: 94698231.957869 bit/s, bytes received: 1184556 B, packets received: 976
[client] second 22.910653: 94748099.948481 bit/s, bytes received: 1184556 B, packets received: 976
[client] second 23.010695: 94725166.214266 bit/s, bytes received: 1184556 B, packets received: 976
[client] second 23.110722: 94836676.563057 bit/s, bytes received: 1185783 B, packets received: 977
[client] second 23.210826: 94666101.094421 bit/s, bytes received: 1184556 B, packets received: 977
[client] second 23.310869: 94821946.213563 bit/s, bytes received: 1185783 B, packets received: 976
[client] second 23.410957: 94679928.497710 bit/s, bytes received: 1184547 B, packets received: 977
[client] second 23.510979: 94744388.447634 bit/s, bytes received: 1184565 B, packets received: 976
[client] second 23.611050: 94836957.795299 bit/s, bytes received: 1186297 B, packets received: 977
[client] second 23.711108: 94709820.121513 bit/s, bytes received: 1184556 B, packets received: 976
[client] second 23.811171: 94703826.683283 bit/s, bytes received: 1184547 B, packets received: 977
[client] second 23.911208: 94827007.803548 bit/s, bytes received: 1185783 B, packets received: 976
[client] second 24.011257: 94718497.011256 bit/s, bytes received: 1184556 B, packets received: 976
[client] second 24.111299: 94724378.434390 bit/s, bytes received: 1184556 B, packets received: 976
[client] second 24.211328: 94737622.831304 bit/s, bytes received: 1184556 B, packets received: 977
[client] second 24.311343: 94750150.934674 bit/s, bytes received: 1184556 B, packets received: 976
[client] second 24.411462: 94749555.458065 bit/s, bytes received: 1185783 B, packets received: 977
[client] second 24.511482: 94745936.325342 bit/s, bytes received: 1184556 B, packets received: 976
[client] second 24.611512: 94833865.508527 bit/s, bytes received: 1185783 B, packets received: 976
[client] second 24.711603: 94678505.289702 bit/s, bytes received: 1184556 B, packets received: 976
[client] second 24.811628: 94781284.809195 bit/s, bytes received: 1185070 B, packets received: 977
[client] second 24.911684: 94712285.006856 bit/s, bytes received: 1184556 B, packets received: 977
[client] second 25.011706: 94742927.878766 bit/s, bytes received: 1184556 B, packets received: 976
[client] second 25.111780: 94791608.324525 bit/s, bytes received: 1185774 B, packets received: 976
[client] second 25.211827: 94720849.682219 bit/s, bytes received: 1184556 B, packets received: 977
[client] second 25.311845: 94845578.228932 bit/s, bytes received: 1185783 B, packets received: 976
[client] second 25.411864: 94746324.709259 bit/s, bytes received: 1184556 B, packets received: 976
[client] second 25.511969: 94665059.914126 bit/s, bytes received: 1184556 B, packets received: 977
[client] second 25.611984: 94749665.889738 bit/s, bytes received: 1184556 B, packets received: 976
[client] second 25.712101: 94850589.306261 bit/s, bytes received: 1187010 B, packets received: 977
[client] second 25.812118: 94649900.135325 bit/s, bytes received: 1183329 B, packets received: 976
[client] second 25.912204: 94781225.770500 bit/s, bytes received: 1185783 B, packets received: 976
[client] second 26.012245: 94725659.530211 bit/s, bytes received: 1184556 B, packets received: 976
[client] second 26.112261: 94789858.248241 bit/s, bytes received: 1185070 B, packets received: 977
[client] second 26.212325: 94704290.688053 bit/s, bytes received: 1184556 B, packets received: 977
[client] second 26.312390: 94800529.073383 bit/s, bytes received: 1185774 B, packets received: 976
[client] second 26.412453: 94704177.115222 bit/s, bytes received: 1184556 B, packets received: 977
[client] second 26.512526: 94793742.012431 bit/s, bytes received: 1185783 B, packets received: 976
[client] second 26.612581: 94711063.515453 bit/s, bytes received: 1184538 B, packets received: 976
[client] second 26.712602: 94746037.544021 bit/s, bytes received: 1184574 B, packets received: 977
[client] second 26.812621: 94745615.267220 bit/s, bytes received: 1184547 B, packets received: 976
[client] second 26.912652: 94834099.886821 bit/s, bytes received: 1185792 B, packets received: 976
[client] second 27.012748: 94671873.825662 bit/s, bytes received: 1184538 B, packets received: 977
[client] second 27.112768: 94747632.759401 bit/s, bytes received: 1184574 B, packets received: 975
[client] second 27.212787: 94843746.989639 bit/s, bytes received: 1185774 B, packets received: 977
[client] second 27.312840: 94657445.380488 bit/s, bytes received: 1183852 B, packets received: 977
[client] second 27.412855: 94750928.722174 bit/s, bytes received: 1184556 B, packets received: 976
[client] second 27.512873: 94746033.017222 bit/s, bytes received: 1184547 B, packets received: 976
[client] second 27.612885: 94852254.698020 bit/s, bytes received: 1185792 B, packets received: 976
[client] second 27.712902: 94649644.909358 bit/s, bytes received: 1183320 B, packets received: 976
[client] second 27.812912: 94852980.172499 bit/s, bytes received: 1185783 B, packets received: 976
[client] second 27.912940: 94739207.369042 bit/s, bytes received: 1184556 B, packets received: 976
[client] second 28.013035: 94672923.708940 bit/s, bytes received: 1184556 B, packets received: 977
[client] second 28.113048: 94752760.978522 bit/s, bytes received: 1184556 B, packets received: 975
[client] second 28.213064: 94748963.909670 bit/s, bytes received: 1184556 B, packets received: 976
[client] second 28.313083: 94746912.974865 bit/s, bytes received: 1184556 B, packets received: 977
[client] second 28.413099: 94847326.899072 bit/s, bytes received: 1185783 B, packets received: 976
[client] second 28.513121: 94644980.396270 bit/s, bytes received: 1183329 B, packets received: 976
[client] second 28.613170: 94759321.442594 bit/s, bytes received: 1185070 B, packets received: 977
[client] second 28.713185: 94750738.300424 bit/s, bytes received: 1184556 B, packets received: 975
[client] second 28.813206: 94744171.586820 bit/s, bytes received: 1184556 B, packets received: 977
[client] second 28.913229: 94741913.462175 bit/s, bytes received: 1184547 B, packets received: 976
[client] second 29.013306: 94790702.926207 bit/s, bytes received: 1185792 B, packets received: 976
[client] second 29.113352: 94720310.846212 bit/s, bytes received: 1184547 B, packets received: 977
[client] second 29.213378: 94838300.698509 bit/s, bytes received: 1185783 B, packets received: 976
[client] second 29.313398: 94744597.846142 bit/s, bytes received: 1184556 B, packets received: 976
[client] second 29.413417: 94747046.543436 bit/s, bytes received: 1184556 B, packets received: 976
[client] second 29.513435: 94747492.722030 bit/s, bytes received: 1184556 B, packets received: 976
[client] second 29.613448: 94751840.104530 bit/s, bytes received: 1184556 B, packets received: 976
[client] second 29.713508: 94707457.586862 bit/s, bytes received: 1184556 B, packets received: 976
[client] second 29.813550: 94724994.833154 bit/s, bytes received: 1184556 B, packets received: 977
[client] second 29.913606: 94752556.571306 bit/s, bytes received: 1185070 B, packets received: 976
[client] second 30.013624: 94747577.979564 bit/s, bytes received: 1184556 B, packets received: 976
[client] second 30.113647: 94742215.579339 bit/s, bytes received: 1184556 B, packets received: 977
[client] second 30.213721: 94792783.406197 bit/s, bytes received: 1185783 B, packets received: 976
[client] second 30.313741: 94745036.485890 bit/s, bytes received: 1184547 B, packets received: 976
[client] second 30.413771: 94735886.814642 bit/s, bytes received: 1184556 B, packets received: 976
[client] second 30.513804: 94733030.528525 bit/s, bytes received: 1184556 B, packets received: 976
[client] second 30.613823: 94747084.435298 bit/s, bytes received: 1184556 B, packets received: 976
[client] second 30.713837: 94750510.932173 bit/s, bytes received: 1184556 B, packets received: 977
[client] second 30.813856: 94747360.099504 bit/s, bytes received: 1184556 B, packets received: 976
[client] second 30.913919: 94704479.976711 bit/s, bytes received: 1184556 B, packets received: 975
[client] second 31.013944: 94839478.302609 bit/s, bytes received: 1185783 B, packets received: 977
[client] second 31.113993: 94815670.213290 bit/s, bytes received: 1185783 B, packets received: 977
[client] second 31.214058: 94645865.292958 bit/s, bytes received: 1183843 B, packets received: 977
[client] second 31.314084: 94739815.436449 bit/s, bytes received: 1184556 B, packets received: 976
[client] second 31.414143: 94806432.110595 bit/s, bytes received: 1185783 B, packets received: 976
[client] second 31.514319: 94793596.849661 bit/s, bytes received: 1187001 B, packets received: 978
[client] second 31.614335: 94651114.003558 bit/s, bytes received: 1183338 B, packets received: 976
[client] second 31.714346: 94754128.242864 bit/s, bytes received: 1184547 B, packets received: 976
[client] second 31.814371: 94738882.858396 bit/s, bytes received: 1184532 B, packets received: 976
[client] second 31.914386: 94850082.083471 bit/s, bytes received: 1185807 B, packets received: 976
[client] second 32.014480: 94674904.286059 bit/s, bytes received: 1184556 B, packets received: 976
[client] second 32.114499: 94747311.787104 bit/s, bytes received: 1184556 B, packets received: 976
[client] second 32.214511: 94752865.193785 bit/s, bytes received: 1184556 B, packets received: 976
[client] second 32.314544: 94732736.007491 bit/s, bytes received: 1184556 B, packets received: 977
[client] second 32.414565: 94786080.702401 bit/s, bytes received: 1185070 B, packets received: 976
[client] second 32.514624: 94708795.016882 bit/s, bytes received: 1184556 B, packets received: 976
[client] second 32.614649: 94839012.756752 bit/s, bytes received: 1185783 B, packets received: 977
[client] second 32.714747: 94768562.541355 bit/s, bytes received: 1185774 B, packets received: 977
[client] second 32.814773: 94643007.301156 bit/s, bytes received: 1183338 B, packets received: 976
[client] second 32.914878: 94762122.218607 bit/s, bytes received: 1185774 B, packets received: 977
[client] second 33.014904: 94837940.406800 bit/s, bytes received: 1185783 B, packets received: 976
[client] second 33.114921: 94748422.984757 bit/s, bytes received: 1184556 B, packets received: 976
[client] second 33.215024: 94666793.335957 bit/s, bytes received: 1184556 B, packets received: 977
[client] second 33.315042: 94845416.072441 bit/s, bytes received: 1185783 B, packets received: 976
[client] second 33.415066: 94742387.022770 bit/s, bytes received: 1184556 B, packets received: 976
[client] second 33.515079: 94751963.265653 bit/s, bytes received: 1184556 B, packets received: 976
[client] second 33.615118: 94726987.058522 bit/s, bytes received: 1184556 B, packets received: 976
[client] second 33.715141: 94685919.784151 bit/s, bytes received: 1183843 B, packets received: 977
[client] second 33.815160: 94747027.597517 bit/s, bytes received: 1184556 B, packets received: 975
[client] second 33.915175: 94749392.202166 bit/s, bytes received: 1184547 B, packets received: 977
[client] second 34.015253: 94788995.189604 bit/s, bytes received: 1185792 B, packets received: 976
[client] second 34.115273: 94744542.017097 bit/s, bytes received: 1184547 B, packets received: 976
[client] second 34.215316: 94723762.043648 bit/s, bytes received: 1184556 B, packets received: 976
[client] second 34.315337: 94842946.810524 bit/s, bytes received: 1185783 B, packets received: 977
[client] second 34.415352: 94652535.751219 bit/s, bytes received: 1183329 B, packets received: 976
[client] second 34.515369: 94747653.764168 bit/s, bytes received: 1184556 B, packets received: 976
[client] second 34.615434: 94801344.294819 bit/s, bytes received: 1185783 B, packets received: 976
[client] second 34.715464: 94539767.816929 bit/s, bytes received: 1182102 B, packets received: 974
[client] second 34.815598: 94931535.298799 bit/s, bytes received: 1188237 B, packets received: 979
[client] second 34.915669: 94738773.164185 bit/s, bytes received: 1185070 B, packets received: 978
[client] second 35.015685: 94749095.589349 bit/s, bytes received: 1184556 B, packets received: 976
[client] second 35.115858: 94796660.037761 bit/s, bytes received: 1187001 B, packets received: 977
[client] second 35.215926: 94700544.150487 bit/s, bytes received: 1184565 B, packets received: 977
[client] second 35.315995: 94796031.070644 bit/s, bytes received: 1185774 B, packets received: 976
[client] second 35.416058: 94705541.900109 bit/s, bytes received: 1184556 B, packets received: 977
[client] second 35.516157: 94768295.318961 bit/s, bytes received: 1185783 B, packets received: 977
[client] second 35.616176: 94746857.084582 bit/s, bytes received: 1184556 B, packets received: 976
[client] second 35.716194: 94747691.656515 bit/s, bytes received: 1184556 B, packets received: 976
[client] second 35.816214: 94745528.999290 bit/s, bytes received: 1184556 B, packets received: 976
[client] second 35.916234: 94843639.025358 bit/s, bytes received: 1185783 B, packets received: 976
[client] second 36.016267: 94733088.296531 bit/s, bytes received: 1184556 B, packets received: 976
[client] second 36.116301: 94674672.149222 bit/s, bytes received: 1183843 B, packets received: 977
[client] second 36.216313: 94753709.345859 bit/s, bytes received: 1184556 B, packets received: 975
[client] second 36.316336: 94741458.808011 bit/s, bytes received: 1184547 B, packets received: 977
[client] second 36.416364: 94837329.998035 bit/s, bytes received: 1185792 B, packets received: 976
[client] second 36.516454: 94678099.043110 bit/s, bytes received: 1184547 B, packets received: 976
[client] second 36.616478: 94741703.147146 bit/s, bytes received: 1184556 B, packets received: 976
[client] second 36.716495: 94845961.218565 bit/s, bytes received: 1185774 B, packets received: 977
[client] second 36.816509: 94653512.120048 bit/s, bytes received: 1183338 B, packets received: 976
[client] second 36.916526: 94846451.607640 bit/s, bytes received: 1185783 B, packets received: 976
[client] second 37.016546: 94745774.341772 bit/s, bytes received: 1184556 B, packets received: 976
[client] second 37.116649: 94666396.557804 bit/s, bytes received: 1184547 B, packets received: 976
[client] second 37.216665: 94749967.995145 bit/s, bytes received: 1184565 B, packets received: 976
[client] second 37.316684: 94844229.786556 bit/s, bytes received: 1185783 B, packets received: 977
[client] second 37.416739: 94655684.165012 bit/s, bytes received: 1183843 B, packets received: 977
[client] second 37.516757: 94846014.442128 bit/s, bytes received: 1185783 B, packets received: 976
[client] second 37.616785: 94737138.861725 bit/s, bytes received: 1184556 B, packets received: 976
[client] second 37.716881: 94673683.670409 bit/s, bytes received: 1184547 B, packets received: 977
[client] second 37.816959: 94788094.850686 bit/s, bytes received: 1185783 B, packets received: 976
[client] second 37.917015: 94711735.034759 bit/s, bytes received: 1184556 B, packets received: 976
[client] second 38.017033: 94747274.842361 bit/s, bytes received: 1184556 B, packets received: 977
[client] second 38.117100: 94799378.478754 bit/s, bytes received: 1185783 B, packets received: 976
[client] second 38.217160: 94707893.927536 bit/s, bytes received: 1184556 B, packets received: 977
[client] second 38.317179: 94746013.054596 bit/s, bytes received: 1184556 B, packets received: 976
[client] second 38.417216: 94827861.881655 bit/s, bytes received: 1185783 B, packets received: 976
[client] second 38.517280: 94703190.935922 bit/s, bytes received: 1184556 B, packets received: 976
[client] second 38.617427: 94764530.057149 bit/s, bytes received: 1186297 B, packets received: 978
[client] second 38.717483: 94711913.940644 bit/s, bytes received: 1184556 B, packets received: 977
[client] second 38.817508: 94741078.006322 bit/s, bytes received: 1184556 B, packets received: 976
[client] second 38.917534: 94837749.832556 bit/s, bytes received: 1185783 B, packets received: 976
[client] second 39.017639: 94663676.827674 bit/s, bytes received: 1184547 B, packets received: 976
[client] second 39.117659: 94843782.210783 bit/s, bytes received: 1185783 B, packets received: 977
[client] second 39.217685: 94740442.454940 bit/s, bytes received: 1184556 B, packets received: 976
[client] second 39.317703: 94747083.488001 bit/s, bytes received: 1184556 B, packets received: 976
[client] second 39.417787: 94685008.032208 bit/s, bytes received: 1184556 B, packets received: 976
[client] second 39.517799: 94753064.150831 bit/s, bytes received: 1184556 B, packets received: 976
[client] second 39.617821: 94744075.915811 bit/s, bytes received: 1184556 B, packets received: 977
[client] second 39.717841: 94843772.728291 bit/s, bytes received: 1185783 B, packets received: 976
[client] second 39.817948: 94662682.591022 bit/s, bytes received: 1184556 B, packets received: 976
[client] second 39.918008: 94748627.650194 bit/s, bytes received: 1185070 B, packets received: 977
[client] second 40.018029: 94745073.366622 bit/s, bytes received: 1184556 B, packets received: 977
[client] total: bytes received: 469640792 B, packets received: 387049
