Bandwidth: 100 Mbit/s
RTT: 72 ms
BDP: 900000 B/s
Max In-Flight Packets: 703
[server] starting server with pid 105696, port 18080, cc cubic, iw 32
[server][session 0] open
[client] connection establishment time: 0.147392 s
[server][session 0][stream 0] open
[client] time to first byte: 0.220118 s
[client] second 1.000108: 47220134.656561 bit/s, bytes received: 5903148 B, packets received: 6772
[client] second 2.000146: 107573069.301712 bit/s, bytes received: 13447150 B, packets received: 9252
[client] second 3.000185: 85749983.791140 bit/s, bytes received: 10719171 B, packets received: 8832
[client] second 4.000222: 87664967.878013 bit/s, bytes received: 10958521 B, packets received: 9030
[client] second 5.000257: 85524545.483948 bit/s, bytes received: 10690948 B, packets received: 8814
[client] second 6.000517: 63907376.587786 bit/s, bytes received: 7990493 B, packets received: 6585
[client] second 7.000953: 66634005.795911 bit/s, bytes received: 8332888 B, packets received: 6865
[client] second 8.000977: 68312894.130946 bit/s, bytes received: 8539312 B, packets received: 7036
[client] second 9.001003: 69591054.696226 bit/s, bytes received: 8699110 B, packets received: 7168
[client] second 10.001106: 71492137.464394 bit/s, bytes received: 8937436 B, packets received: 7365
[client] second 11.001294: 73307988.765487 bit/s, bytes received: 9165224 B, packets received: 7552
[client] second 12.001326: 75249666.870147 bit/s, bytes received: 9406509 B, packets received: 7750
[client] second 13.001466: 77740755.546007 bit/s, bytes received: 9718951 B, packets received: 8008
[client] second 14.001524: 79589063.159129 bit/s, bytes received: 9949211 B, packets received: 8199
[client] second 15.001546: 80983913.827124 bit/s, bytes received: 10123219 B, packets received: 8340
[client] second 16.001569: 82982832.270609 bit/s, bytes received: 10373084 B, packets received: 8548
[client] second 17.001669: 81148503.625327 bit/s, bytes received: 10144583 B, packets received: 8361
[client] second 18.001813: 60710516.856308 bit/s, bytes received: 7589906 B, packets received: 6255
[client] second 19.002522: 63590101.250113 bit/s, bytes received: 7954396 B, packets received: 6553
[client] second 20.002562: 64842197.615605 bit/s, bytes received: 8105605 B, packets received: 6680
[client] second 21.002628: 66482050.057291 bit/s, bytes received: 8310802 B, packets received: 6848
[client] second 22.002679: 68291368.369727 bit/s, bytes received: 8536858 B, packets received: 7033
[client] second 23.002739: 70171972.977531 bit/s, bytes received: 8772017 B, packets received: 7229
[client] second 24.002798: 72102107.352274 bit/s, bytes received: 9013293 B, packets received: 7426
[client] second 25.003455: 74890408.943968 bit/s, bytes received: 9367453 B, packets received: 7718
[client] second 26.003523: 76383796.145035 bit/s, bytes received: 9548624 B, packets received: 7868
[client] second 27.003545: 77822798.124265 bit/s, bytes received: 9728063 B, packets received: 8017
[client] second 28.003609: 79794617.854698 bit/s, bytes received: 9974969 B, packets received: 8218
[client] second 29.003636: 81747482.568428 bit/s, bytes received: 10218708 B, packets received: 8421
[client] second 30.003684: 83622602.645518 bit/s, bytes received: 10453335 B, packets received: 8612
[client] second 31.003747: 86095713.468185 bit/s, bytes received: 10762637 B, packets received: 8869
[client] second 32.003807: 83121166.867472 bit/s, bytes received: 10390776 B, packets received: 8565
[client] second 33.003869: 62592503.398424 bit/s, bytes received: 7824542 B, packets received: 6448
[client] second 34.003939: 64473116.399402 bit/s, bytes received: 8059710 B, packets received: 6640
[client] second 35.004887: 66296012.019639 bit/s, bytes received: 8294851 B, packets received: 6835
[client] second 36.005932: 69163248.509229 bit/s, bytes received: 8654442 B, packets received: 7131
[client] second 37.006006: 70484735.178035 bit/s, bytes received: 8811245 B, packets received: 7261
[client] second 38.006083: 72002838.212765 bit/s, bytes received: 9001050 B, packets received: 7416
[client] second 39.006197: 73916125.305850 bit/s, bytes received: 9240567 B, packets received: 7615
[client] second 40.006223: 75882477.322130 bit/s, bytes received: 9485551 B, packets received: 7815
[client] total: bytes received: 371198358 B, packets received: 305950
