Bandwidth: 100 Mbit/s
RTT: 72 ms
BDP: 900000 B/s
Max In-Flight Packets: 703
[server] starting server with pid 109647, port 18080, cc cubic, iw 32
[server][session 0] open
[client] connection establishment time: 0.147411 s
[server][session 0][stream 0] open
[client] time to first byte: 0.220075 s
[client] second 1.000066: 47090387.668423 bit/s, bytes received: 5886685 B, packets received: 6742
[client] second 2.000162: 112524645.140967 bit/s, bytes received: 14066927 B, packets received: 9771
[client] second 3.000220: 94753183.111033 bit/s, bytes received: 11844838 B, packets received: 9760
[client] second 4.000251: 94761519.759581 bit/s, bytes received: 11845558 B, packets received: 9759
[client] second 5.000384: 94746121.809770 bit/s, bytes received: 11844838 B, packets received: 9760
[client] second 6.000425: 94745008.191915 bit/s, bytes received: 11843611 B, packets received: 9760
[client] second 7.000475: 94754040.856316 bit/s, bytes received: 11844847 B, packets received: 9759
[client] second 8.000545: 94747963.716702 bit/s, bytes received: 11844324 B, packets received: 9760
[client] second 9.000627: 94751044.788500 bit/s, bytes received: 11844847 B, packets received: 9760
[client] second 10.000665: 94755050.340014 bit/s, bytes received: 11844838 B, packets received: 9759
[client] second 11.000752: 94750468.668265 bit/s, bytes received: 11844838 B, packets received: 9760
[client] second 12.000826: 94747615.069869 bit/s, bytes received: 11844324 B, packets received: 9760
[client] second 13.000979: 94754120.013742 bit/s, bytes received: 11846074 B, packets received: 9760
[client] second 14.001027: 94754122.638170 bit/s, bytes received: 11844838 B, packets received: 9760
[client] second 15.001102: 94741737.083168 bit/s, bytes received: 11843611 B, packets received: 9760
[client] second 16.001126: 94752318.323370 bit/s, bytes received: 11844324 B, packets received: 9758
[client] second 17.001188: 94752948.504161 bit/s, bytes received: 11844847 B, packets received: 9760
[client] second 18.001216: 94300358.349649 bit/s, bytes received: 11787882 B, packets received: 9717
[client] second 19.001295: 70465024.826930 bit/s, bytes received: 8808818 B, packets received: 7263
[client] second 20.001325: 72883654.930823 bit/s, bytes received: 9110731 B, packets received: 7507
[client] second 21.001372: 74704644.019326 bit/s, bytes received: 9338519 B, packets received: 7694
[client] second 22.001493: 76625076.306348 bit/s, bytes received: 9579299 B, packets received: 7893
[client] second 23.002113: 79324470.671073 bit/s, bytes received: 9921703 B, packets received: 8175
[client] second 24.002156: 80579891.138857 bit/s, bytes received: 10072921 B, packets received: 8300
[client] second 25.002173: 82272463.761809 bit/s, bytes received: 10284235 B, packets received: 8474
[client] second 26.002251: 84236990.438839 bit/s, bytes received: 10530446 B, packets received: 8677
[client] second 27.002289: 86146761.524346 bit/s, bytes received: 10768754 B, packets received: 8874
[client] second 28.002403: 88158665.217317 bit/s, bytes received: 11021091 B, packets received: 9080
[client] second 29.002430: 90165321.241794 bit/s, bytes received: 11270965 B, packets received: 9288
[client] second 30.002452: 91866126.505055 bit/s, bytes received: 11483515 B, packets received: 9461
[client] second 31.002541: 93790165.349369 bit/s, bytes received: 11724818 B, packets received: 9661
[client] second 32.002599: 94723795.088405 bit/s, bytes received: 11841166 B, packets received: 9757
[client] second 33.002698: 94749395.724615 bit/s, bytes received: 11844838 B, packets received: 9761
[client] second 34.002742: 94750298.400455 bit/s, bytes received: 11844315 B, packets received: 9758
[client] second 35.002822: 94751315.459924 bit/s, bytes received: 11844856 B, packets received: 9760
[client] second 36.002864: 94754624.637415 bit/s, bytes received: 11844829 B, packets received: 9760
[client] second 37.002894: 94755925.362741 bit/s, bytes received: 11844847 B, packets received: 9760
[client] second 38.002924: 94741930.899815 bit/s, bytes received: 11843097 B, packets received: 9759
[client] second 39.003004: 94751131.489571 bit/s, bytes received: 11844838 B, packets received: 9760
[client] second 40.003097: 94749882.785913 bit/s, bytes received: 11844838 B, packets received: 9759
[client] total: bytes received: 449925490 B, packets received: 370807
