Bandwidth: 100 Mbit/s
RTT: 72 ms
BDP: 900000 B/s
Max In-Flight Packets: 703
[server] starting server with pid 1345870, port 18080, cc cubic, iw 32
[server][session 0] open
[client] connection establishment time: 0.148186 s
[server][session 0][stream 0] open
[client] time to first byte: 0.221072 s
[client] second 0.100262: 6306161.998697 bit/s, bytes received: 79033 B, packets received: 72
[client] second 0.200694: 13470123.543541 bit/s, bytes received: 169104 B, packets received: 139
[client] second 0.300814: 33225158.585775 bit/s, bytes received: 415812 B, packets received: 344
[client] second 0.400852: 51288207.387094 bit/s, bytes received: 641348 B, packets received: 532
[client] second 0.500925: 89259583.819584 bit/s, bytes received: 1116556 B, packets received: 926
[client] second 0.600952: 54026292.607255 bit/s, bytes received: 675517 B, packets received: 979
[client] second 0.701411: 127208987.920811 bit/s, bytes received: 1597404 B, packets received: 928
[client] second 0.801464: 68317170.689722 bit/s, bytes received: 854422 B, packets received: 895
[client] second 0.901488: 12977072.494912 bit/s, bytes received: 162252 B, packets received: 981
[client] second 1.001517: 13524016.698301 bit/s, bytes received: 169099 B, packets received: 986
[client] second 1.101575: 276339159.559304 bit/s, bytes received: 3456230 B, packets received: 986
[client] second 1.201660: 94781650.027868 bit/s, bytes received: 1185783 B, packets received: 977
[client] second 1.301695: 94731902.974172 bit/s, bytes received: 1184559 B, packets received: 976
[client] second 1.401735: 94726795.950671 bit/s, bytes received: 1184563 B, packets received: 977
[client] second 1.501761: 94739725.060518 bit/s, bytes received: 1184546 B, packets received: 975
[client] second 1.601778: 94747825.515232 bit/s, bytes received: 1184559 B, packets received: 977
[client] second 1.701798: 94844455.472552 bit/s, bytes received: 1185783 B, packets received: 976
[client] second 1.801844: 94663597.482941 bit/s, bytes received: 1183841 B, packets received: 977
[client] second 1.901927: 94783263.755768 bit/s, bytes received: 1185783 B, packets received: 976
[client] second 2.001984: 94710623.750910 bit/s, bytes received: 1184556 B, packets received: 977
[client] second 2.102012: 94738171.112473 bit/s, bytes received: 1184549 B, packets received: 976
[client] second 2.202106: 94773918.230331 bit/s, bytes received: 1185790 B, packets received: 977
[client] second 2.302213: 94761303.209960 bit/s, bytes received: 1185783 B, packets received: 977
[client] second 2.402227: 94750462.591798 bit/s, bytes received: 1184549 B, packets received: 975
[client] second 2.502254: 94836750.515477 bit/s, bytes received: 1185783 B, packets received: 977
[client] second 2.602343: 94680654.919496 bit/s, bytes received: 1184563 B, packets received: 976
[client] second 2.702374: 94735097.793847 bit/s, bytes received: 1184549 B, packets received: 977
[client] second 2.802403: 94834993.702636 bit/s, bytes received: 1185783 B, packets received: 976
[client] second 2.902486: 94685849.083487 bit/s, bytes received: 1184556 B, packets received: 976
[client] second 3.002554: 94741105.105167 bit/s, bytes received: 1185068 B, packets received: 978
[client] second 3.102590: 94828839.208552 bit/s, bytes received: 1185783 B, packets received: 976
[client] second 3.202668: 94689782.634686 bit/s, bytes received: 1184549 B, packets received: 976
[client] second 3.302749: 94785835.037869 bit/s, bytes received: 1185783 B, packets received: 977
[client] second 3.402792: 94724509.276971 bit/s, bytes received: 1184563 B, packets received: 977
[client] second 3.502873: 94785597.318643 bit/s, bytes received: 1185783 B, packets received: 976
[client] second 3.602967: 94772866.509840 bit/s, bytes received: 1185776 B, packets received: 977
[client] second 3.703024: 94808755.443843 bit/s, bytes received: 1185783 B, packets received: 977
[client] second 3.803043: 94648306.489947 bit/s, bytes received: 1183327 B, packets received: 976
[client] second 3.903059: 94749246.216193 bit/s, bytes received: 1184556 B, packets received: 976
[client] second 4.003079: 94745071.472109 bit/s, bytes received: 1184556 B, packets received: 976
[client] second 4.103158: 94788045.599635 bit/s, bytes received: 1185783 B, packets received: 976
[client] second 4.203242: 94726062.314517 bit/s, bytes received: 1185070 B, packets received: 977
[client] second 4.303265: 94742432.488536 bit/s, bytes received: 1184556 B, packets received: 977
[client] second 4.403282: 94846129.067971 bit/s, bytes received: 1185774 B, packets received: 976
[client] second 4.503303: 94744264.416301 bit/s, bytes received: 1184556 B, packets received: 976
[client] second 4.603405: 94669225.286097 bit/s, bytes received: 1184565 B, packets received: 977
[client] second 4.703432: 94835831.611082 bit/s, bytes received: 1185774 B, packets received: 976
[client] second 4.803512: 94688502.892164 bit/s, bytes received: 1184556 B, packets received: 976
[client] second 4.903540: 94738276.340147 bit/s, bytes received: 1184556 B, packets received: 976
[client] second 5.003588: 94718722.332428 bit/s, bytes received: 1184556 B, packets received: 976
[client] second 5.103603: 94750480.616489 bit/s, bytes received: 1184556 B, packets received: 976
[client] second 5.203618: 94848141.513088 bit/s, bytes received: 1185783 B, packets received: 977
[client] second 5.303738: 94651188.206788 bit/s, bytes received: 1184556 B, packets received: 976
[client] second 5.403750: 94751944.432529 bit/s, bytes received: 1184547 B, packets received: 977
[client] second 5.503806: 94753529.965850 bit/s, bytes received: 1185079 B, packets received: 976
[client] second 5.603831: 94740146.018605 bit/s, bytes received: 1184547 B, packets received: 977
[client] second 5.703902: 94795591.078430 bit/s, bytes received: 1185783 B, packets received: 976
[client] second 5.804040: 94731874.015746 bit/s, bytes received: 1185783 B, packets received: 977
[client] second 5.904149: 94759642.901341 bit/s, bytes received: 1185783 B, packets received: 977
[client] second 6.004254: 94762886.899476 bit/s, bytes received: 1185783 B, packets received: 977
[client] second 6.104285: 94734699.199960 bit/s, bytes received: 1184556 B, packets received: 976
[client] second 6.204320: 94731567.411534 bit/s, bytes received: 1184556 B, packets received: 976
[client] second 6.304349: 94737155.909493 bit/s, bytes received: 1184556 B, packets received: 977
[client] second 6.404368: 94844312.285094 bit/s, bytes received: 1185783 B, packets received: 976
[client] second 6.504475: 94761739.594914 bit/s, bytes received: 1185783 B, packets received: 977
[client] second 6.604493: 94647802.427232 bit/s, bytes received: 1183320 B, packets received: 976
[client] second 6.704549: 94753710.844665 bit/s, bytes received: 1185079 B, packets received: 976
[client] second 6.804570: 94744038.081033 bit/s, bytes received: 1184547 B, packets received: 976
[client] second 6.904586: 94749046.327844 bit/s, bytes received: 1184556 B, packets received: 977
[client] second 7.004595: 94755795.631330 bit/s, bytes received: 1184556 B, packets received: 976
[client] second 7.104611: 94749512.419523 bit/s, bytes received: 1184556 B, packets received: 976
[client] second 7.204624: 94751903.579838 bit/s, bytes received: 1184556 B, packets received: 975
[client] second 7.304644: 94844207.976622 bit/s, bytes received: 1185783 B, packets received: 977
[client] second 7.404745: 94668335.784860 bit/s, bytes received: 1184556 B, packets received: 976
[client] second 7.504773: 94738303.806658 bit/s, bytes received: 1184556 B, packets received: 976
[client] second 7.604786: 94850564.574624 bit/s, bytes received: 1185783 B, packets received: 977
[client] second 7.704807: 94645773.349064 bit/s, bytes received: 1183329 B, packets received: 976
[client] second 7.804828: 94843172.490415 bit/s, bytes received: 1185783 B, packets received: 976
[client] second 7.904922: 94716684.712226 bit/s, bytes received: 1185070 B, packets received: 977
[client] second 8.004985: 94704725.106647 bit/s, bytes received: 1184556 B, packets received: 977
[client] second 8.105061: 94789451.568487 bit/s, bytes received: 1185774 B, packets received: 976
[client] second 8.205114: 94714672.395228 bit/s, bytes received: 1184556 B, packets received: 976
[client] second 8.305145: 94735627.326574 bit/s, bytes received: 1184565 B, packets received: 977
[client] second 8.405161: 94748753.692390 bit/s, bytes received: 1184547 B, packets received: 976
[client] second 8.505332: 94798855.115806 bit/s, bytes received: 1187010 B, packets received: 977
[client] second 8.605441: 94759179.085499 bit/s, bytes received: 1185783 B, packets received: 977
[client] second 8.705460: 94746683.730395 bit/s, bytes received: 1184556 B, packets received: 976
[client] second 8.805520: 94707293.841832 bit/s, bytes received: 1184556 B, packets received: 977
[client] second 8.905531: 94754201.064269 bit/s, bytes received: 1184556 B, packets received: 976
[client] second 9.005551: 94745184.195787 bit/s, bytes received: 1184556 B, packets received: 976
[client] second 9.105627: 94832010.101157 bit/s, bytes received: 1186297 B, packets received: 977
[client] second 9.205681: 94713610.267062 bit/s, bytes received: 1184556 B, packets received: 976
[client] second 9.305702: 94744766.456443 bit/s, bytes received: 1184556 B, packets received: 976
[client] second 9.405760: 94708138.857131 bit/s, bytes received: 1184547 B, packets received: 977
[client] second 9.505777: 94749131.494790 bit/s, bytes received: 1184565 B, packets received: 976
[client] second 9.605890: 94754931.259566 bit/s, bytes received: 1185774 B, packets received: 977
[client] second 9.705908: 94747557.138819 bit/s, bytes received: 1184556 B, packets received: 976
[client] second 9.805928: 94843456.014152 bit/s, bytes received: 1185783 B, packets received: 976
[client] second 9.905996: 94700050.820424 bit/s, bytes received: 1184556 B, packets received: 976
[client] second 10.006052: 94711475.669756 bit/s, bytes received: 1184556 B, packets received: 977
[client] second 10.106067: 94750015.462639 bit/s, bytes received: 1184556 B, packets received: 976
[client] second 10.206133: 94800012.267895 bit/s, bytes received: 1185783 B, packets received: 976
[client] second 10.306152: 94745859.664734 bit/s, bytes received: 1184547 B, packets received: 976
[client] second 10.406214: 94747790.499897 bit/s, bytes received: 1185079 B, packets received: 977
[client] second 10.506268: 94712710.796008 bit/s, bytes received: 1184547 B, packets received: 977
[client] second 10.606296: 94738208.147499 bit/s, bytes received: 1184556 B, packets received: 976
[client] second 10.706352: 94809551.786979 bit/s, bytes received: 1185792 B, packets received: 976
[client] second 10.806413: 94706470.162070 bit/s, bytes received: 1184547 B, packets received: 977
[client] second 10.906494: 94785995.096505 bit/s, bytes received: 1185783 B, packets received: 976
[client] second 11.006549: 94712623.891293 bit/s, bytes received: 1184556 B, packets received: 977
[client] second 11.106568: 94746322.814696 bit/s, bytes received: 1184556 B, packets received: 976
[client] second 11.206632: 94802129.696657 bit/s, bytes received: 1185783 B, packets received: 976
[client] second 11.306750: 94751023.294559 bit/s, bytes received: 1185783 B, packets received: 977
[client] second 11.406774: 94741663.365212 bit/s, bytes received: 1184556 B, packets received: 976
[client] second 11.506821: 94719121.719507 bit/s, bytes received: 1184547 B, packets received: 976
[client] second 11.606843: 94785031.281974 bit/s, bytes received: 1185079 B, packets received: 977
[client] second 11.706890: 94720211.561924 bit/s, bytes received: 1184556 B, packets received: 976
[client] second 11.806907: 94747937.094505 bit/s, bytes received: 1184547 B, packets received: 977
[client] second 11.906936: 94835219.545304 bit/s, bytes received: 1185792 B, packets received: 976
[client] second 12.007041: 94665455.200587 bit/s, bytes received: 1184556 B, packets received: 977
[client] second 12.107069: 94835668.538592 bit/s, bytes received: 1185774 B, packets received: 976
[client] second 12.207165: 94672931.275457 bit/s, bytes received: 1184556 B, packets received: 976
[client] second 12.307189: 94742933.515765 bit/s, bytes received: 1184565 B, packets received: 977
[client] second 12.407207: 94844484.738371 bit/s, bytes received: 1185774 B, packets received: 976
[client] second 12.507317: 94660471.806602 bit/s, bytes received: 1184556 B, packets received: 976
[client] second 12.607336: 94746683.730395 bit/s, bytes received: 1184556 B, packets received: 976
[client] second 12.707415: 94786614.878078 bit/s, bytes received: 1185774 B, packets received: 977
[client] second 12.807446: 94776743.021805 bit/s, bytes received: 1185079 B, packets received: 977
[client] second 12.907524: 94691251.467590 bit/s, bytes received: 1184556 B, packets received: 976
[client] second 13.007540: 94748791.585905 bit/s, bytes received: 1184547 B, packets received: 976
[client] second 13.107559: 94747356.230401 bit/s, bytes received: 1184565 B, packets received: 977
[client] second 13.207582: 94742004.354307 bit/s, bytes received: 1184556 B, packets received: 976
[client] second 13.307662: 94786528.690810 bit/s, bytes received: 1185774 B, packets received: 976
[client] second 13.407700: 94727734.164640 bit/s, bytes received: 1184556 B, packets received: 976
[client] second 13.507714: 94752651.906308 bit/s, bytes received: 1184565 B, packets received: 976
[client] second 13.607729: 94749256.731272 bit/s, bytes received: 1184547 B, packets received: 976
[client] second 13.707748: 94746313.341880 bit/s, bytes received: 1184556 B, packets received: 976
[client] second 13.807767: 94746862.768337 bit/s, bytes received: 1184556 B, packets received: 976
[client] second 13.907852: 94781783.556084 bit/s, bytes received: 1185783 B, packets received: 977
[client] second 14.007894: 94723778.987365 bit/s, bytes received: 1184547 B, packets received: 976
[client] second 14.107910: 94791231.131828 bit/s, bytes received: 1185079 B, packets received: 977
[client] second 14.207942: 94732982.201413 bit/s, bytes received: 1184547 B, packets received: 976
[client] second 14.307960: 94749130.547459 bit/s, bytes received: 1184565 B, packets received: 976
[client] second 14.408004: 94821164.274535 bit/s, bytes received: 1185783 B, packets received: 977
[client] second 14.508028: 94642646.318988 bit/s, bytes received: 1183320 B, packets received: 976
[client] second 14.608047: 94844225.993523 bit/s, bytes received: 1185783 B, packets received: 976
[client] second 14.708111: 94704514.294285 bit/s, bytes received: 1184565 B, packets received: 976
[client] second 14.808165: 94713941.587908 bit/s, bytes received: 1184556 B, packets received: 977
[client] second 14.908186: 94743258.506292 bit/s, bytes received: 1184547 B, packets received: 976
[client] second 15.008261: 94791955.534597 bit/s, bytes received: 1185783 B, packets received: 976
[client] second 15.108314: 94713865.857225 bit/s, bytes received: 1184556 B, packets received: 977
[client] second 15.208334: 94843458.720760 bit/s, bytes received: 1185774 B, packets received: 976
[client] second 15.308431: 94672504.714944 bit/s, bytes received: 1184556 B, packets received: 976
[client] second 15.408464: 94774483.355551 bit/s, bytes received: 1185079 B, packets received: 977
[client] second 15.508489: 94740041.830528 bit/s, bytes received: 1184547 B, packets received: 976
[client] second 15.608531: 94725825.316191 bit/s, bytes received: 1184565 B, packets received: 976
[client] second 15.708555: 94839032.496288 bit/s, bytes received: 1185774 B, packets received: 977
[client] second 15.808632: 94691393.394922 bit/s, bytes received: 1184556 B, packets received: 976
[client] second 15.908684: 94813910.390755 bit/s, bytes received: 1185783 B, packets received: 977
[client] second 16.008705: 94646758.146197 bit/s, bytes received: 1183338 B, packets received: 976
[client] second 16.108720: 94749485.042583 bit/s, bytes received: 1184547 B, packets received: 976
[client] second 16.208737: 94847048.093764 bit/s, bytes received: 1185783 B, packets received: 976
[client] second 16.308754: 94650181.197604 bit/s, bytes received: 1183329 B, packets received: 976
[client] second 16.408847: 94773112.854600 bit/s, bytes received: 1185774 B, packets received: 977
[client] second 16.508863: 94848330.232418 bit/s, bytes received: 1185783 B, packets received: 976
[client] second 16.608923: 94651245.259713 bit/s, bytes received: 1183852 B, packets received: 977
[client] second 16.708943: 94744530.650059 bit/s, bytes received: 1184547 B, packets received: 976
[client] second 16.809012: 94797760.897437 bit/s, bytes received: 1185792 B, packets received: 976
[client] second 16.909066: 94713827.991928 bit/s, bytes received: 1184556 B, packets received: 977
[client] second 17.009085: 94745260.987792 bit/s, bytes received: 1184547 B, packets received: 976
[client] second 17.109114: 69216978.951769 bit/s, bytes received: 865465 B, packets received: 976
[client] second 17.209143: 99586196.521592 bit/s, bytes received: 1245184 B, packets received: 980
[client] second 17.309239: 111171587.450493 bit/s, bytes received: 1390980 B, packets received: 933
[client] second 17.409263: 94840397.081672 bit/s, bytes received: 1185783 B, packets received: 976
[client] second 17.509368: 94665057.077154 bit/s, bytes received: 1184556 B, packets received: 976
[client] second 17.609434: 94742593.333156 bit/s, bytes received: 1185070 B, packets received: 978
[client] second 17.709459: 94839313.322495 bit/s, bytes received: 1185783 B, packets received: 976
[client] second 17.809476: 94748296.990874 bit/s, bytes received: 1184556 B, packets received: 976
[client] second 17.909577: 94668666.789029 bit/s, bytes received: 1184556 B, packets received: 976
[client] second 18.009591: 94750243.877711 bit/s, bytes received: 1184547 B, packets received: 977
[client] second 18.109609: 94845992.631373 bit/s, bytes received: 1185783 B, packets received: 976
[client] second 18.209632: 94644275.455361 bit/s, bytes received: 1183329 B, packets received: 976
[client] second 18.309748: 94752360.570103 bit/s, bytes received: 1185783 B, packets received: 977
[client] second 18.409761: 94752122.544309 bit/s, bytes received: 1184547 B, packets received: 976
[client] second 18.509844: 94783925.383493 bit/s, bytes received: 1185792 B, packets received: 976
[client] second 18.609889: 94721369.345577 bit/s, bytes received: 1184547 B, packets received: 977
[client] second 18.710000: 94758446.291020 bit/s, bytes received: 1185792 B, packets received: 977
[client] second 18.810015: 94749863.984948 bit/s, bytes received: 1184547 B, packets received: 975
[client] second 18.910035: 94786853.623871 bit/s, bytes received: 1185079 B, packets received: 977
[client] second 19.010105: 94796633.104369 bit/s, bytes received: 1185783 B, packets received: 977
[client] second 19.110122: 94748514.875244 bit/s, bytes received: 1184556 B, packets received: 976
[client] second 19.210142: 94745031.687346 bit/s, bytes received: 1184556 B, packets received: 976
[client] second 19.310247: 94664849.432071 bit/s, bytes received: 1184547 B, packets received: 977
[client] second 19.410280: 94832017.070038 bit/s, bytes received: 1185792 B, packets received: 976
[client] second 19.510328: 94718049.069519 bit/s, bytes received: 1184547 B, packets received: 976
[client] second 19.610388: 94707909.291511 bit/s, bytes received: 1184565 B, packets received: 976
[client] second 19.710404: 94846926.597843 bit/s, bytes received: 1185774 B, packets received: 977
[client] second 19.810413: 94657681.539983 bit/s, bytes received: 1183329 B, packets received: 976
[client] second 19.910432: 94746663.837332 bit/s, bytes received: 1184556 B, packets received: 976
[client] second 20.010453: 94842468.903714 bit/s, bytes received: 1185783 B, packets received: 976
[client] second 20.110505: 94658230.025956 bit/s, bytes received: 1183843 B, packets received: 976
[client] second 20.210585: 94787694.213816 bit/s, bytes received: 1185783 B, packets received: 977
[client] second 20.310633: 94816796.079096 bit/s, bytes received: 1185783 B, packets received: 977
[client] second 20.410657: 94741938.050680 bit/s, bytes received: 1184556 B, packets received: 976
[client] second 20.510765: 94661588.532960 bit/s, bytes received: 1184556 B, packets received: 977
[client] second 20.610782: 94748856.860992 bit/s, bytes received: 1184556 B, packets received: 976
[client] second 20.710894: 94756588.426233 bit/s, bytes received: 1185783 B, packets received: 976
[client] second 20.810913: 94746521.744269 bit/s, bytes received: 1184556 B, packets received: 977
[client] second 20.910932: 94745934.499883 bit/s, bytes received: 1184547 B, packets received: 976
[client] second 21.010953: 94842439.508809 bit/s, bytes received: 1185783 B, packets received: 976
[client] second 21.110969: 94749397.790860 bit/s, bytes received: 1184556 B, packets received: 976
[client] second 21.211177: 94665639.856802 bit/s, bytes received: 1185783 B, packets received: 978
[client] second 21.311234: 94849746.863151 bit/s, bytes received: 1186297 B, packets received: 977
[client] second 21.411250: 94749492.525272 bit/s, bytes received: 1184556 B, packets received: 976
[client] second 21.511333: 94685231.301957 bit/s, bytes received: 1184556 B, packets received: 976
[client] second 21.611376: 94723625.700236 bit/s, bytes received: 1184556 B, packets received: 976
[client] second 21.711402: 94739935.724852 bit/s, bytes received: 1184556 B, packets received: 976
[client] second 21.811432: 94834232.405683 bit/s, bytes received: 1185783 B, packets received: 977
[client] second 21.911534: 94668552.355898 bit/s, bytes received: 1184556 B, packets received: 977
[client] second 22.011615: 94785208.067825 bit/s, bytes received: 1185783 B, packets received: 976
[client] second 22.111661: 94720193.447024 bit/s, bytes received: 1184547 B, packets received: 977
[client] second 22.211689: 94738711.070589 bit/s, bytes received: 1184556 B, packets received: 976
[client] second 22.311706: 94846115.909686 bit/s, bytes received: 1185783 B, packets received: 976
[client] second 22.411728: 94742432.531013 bit/s, bytes received: 1184547 B, packets received: 976
[client] second 22.511813: 94685240.208349 bit/s, bytes received: 1184565 B, packets received: 976
[client] second 22.611872: 94749194.856810 bit/s, bytes received: 1185070 B, packets received: 977
[client] second 22.711896: 94742308.404987 bit/s, bytes received: 1184556 B, packets received: 977
[client] second 22.811922: 94838098.745188 bit/s, bytes received: 1185783 B, packets received: 976
[client] second 22.912022: 94669253.144954 bit/s, bytes received: 1184556 B, packets received: 976
[client] second 23.012101: 94787893.111129 bit/s, bytes received: 1185783 B, packets received: 977
[client] second 23.112156: 94712802.800536 bit/s, bytes received: 1184556 B, packets received: 976
[client] second 23.212170: 94848833.803752 bit/s, bytes received: 1185783 B, packets received: 977
[client] second 23.312202: 94734062.766004 bit/s, bytes received: 1184547 B, packets received: 976
[client] second 23.412269: 94701423.326461 bit/s, bytes received: 1184565 B, packets received: 976
[client] second 23.512316: 94719500.419039 bit/s, bytes received: 1184547 B, packets received: 976
[client] second 23.612340: 94740430.169071 bit/s, bytes received: 1184547 B, packets received: 977
[client] second 23.712370: 94834809.032393 bit/s, bytes received: 1185792 B, packets received: 976
[client] second 23.812398: 94681146.098917 bit/s, bytes received: 1183843 B, packets received: 976
[client] second 23.912416: 94748002.374907 bit/s, bytes received: 1184556 B, packets received: 976
[client] second 24.012499: 94784049.805104 bit/s, bytes received: 1185783 B, packets received: 977
[client] second 24.112547: 94718256.543624 bit/s, bytes received: 1184556 B, packets received: 976
[client] second 24.212619: 94794450.559934 bit/s, bytes received: 1185783 B, packets received: 977
[client] second 24.312687: 94700219.272208 bit/s, bytes received: 1184556 B, packets received: 977
[client] second 24.412701: 94751181.671652 bit/s, bytes received: 1184556 B, packets received: 975
[client] second 24.512712: 94752910.791714 bit/s, bytes received: 1184547 B, packets received: 977
[client] second 24.612729: 94749433.694233 bit/s, bytes received: 1184565 B, packets received: 976
[client] second 24.712806: 94788463.680071 bit/s, bytes received: 1185774 B, packets received: 976
[client] second 24.812857: 94716540.962834 bit/s, bytes received: 1184547 B, packets received: 976
[client] second 24.912874: 94748921.187851 bit/s, bytes received: 1184565 B, packets received: 977
[client] second 25.012890: 94748392.758179 bit/s, bytes received: 1184547 B, packets received: 976
[client] second 25.112916: 94782000.834226 bit/s, bytes received: 1185079 B, packets received: 976
[client] second 25.212962: 94720950.986974 bit/s, bytes received: 1184556 B, packets received: 976
[client] second 25.312989: 94836920.227234 bit/s, bytes received: 1185783 B, packets received: 977
[client] second 25.413087: 94671233.568497 bit/s, bytes received: 1184556 B, packets received: 976
[client] second 25.513108: 94745173.775940 bit/s, bytes received: 1184556 B, packets received: 977
[client] second 25.613159: 94813928.396147 bit/s, bytes received: 1185783 B, packets received: 976
[client] second 25.713234: 94692768.831207 bit/s, bytes received: 1184547 B, packets received: 977
[client] second 25.813259: 94839181.528449 bit/s, bytes received: 1185783 B, packets received: 976
[client] second 25.913273: 94653185.613222 bit/s, bytes received: 1183338 B, packets received: 976
[client] second 26.013382: 94758809.149412 bit/s, bytes received: 1185774 B, packets received: 976
[client] second 26.113401: 94845100.295602 bit/s, bytes received: 1185783 B, packets received: 977
[client] second 26.213435: 94731956.587534 bit/s, bytes received: 1184547 B, packets received: 976
[client] second 26.313468: 94676109.296720 bit/s, bytes received: 1183852 B, packets received: 977
[client] second 26.413479: 94753572.916222 bit/s, bytes received: 1184556 B, packets received: 975
[client] second 26.513492: 94752472.019221 bit/s, bytes received: 1184556 B, packets received: 977
[client] second 26.613515: 94840900.568772 bit/s, bytes received: 1185783 B, packets received: 976
[client] second 26.713537: 94645744.961503 bit/s, bytes received: 1183329 B, packets received: 976
[client] second 26.813616: 94787920.577967 bit/s, bytes received: 1185783 B, packets received: 976
[client] second 26.913652: 94729822.093937 bit/s, bytes received: 1184547 B, packets received: 976
[client] second 27.013681: 94737741.213087 bit/s, bytes received: 1184565 B, packets received: 977
[client] second 27.113785: 94763492.748077 bit/s, bytes received: 1185783 B, packets received: 977
[client] second 27.213807: 94841244.608675 bit/s, bytes received: 1185774 B, packets received: 976
[client] second 27.313831: 94643231.783606 bit/s, bytes received: 1183329 B, packets received: 976
[client] second 27.413937: 94860108.828508 bit/s, bytes received: 1187001 B, packets received: 977
[client] second 27.513959: 94743882.679905 bit/s, bytes received: 1184556 B, packets received: 976
[client] second 27.614011: 94658097.225539 bit/s, bytes received: 1183852 B, packets received: 977
[client] second 27.714094: 94784438.099346 bit/s, bytes received: 1185783 B, packets received: 976
[client] second 27.814230: 94733474.696590 bit/s, bytes received: 1185783 B, packets received: 977
[client] second 27.914263: 94832123.970827 bit/s, bytes received: 1185783 B, packets received: 977
[client] second 28.014278: 94650485.264008 bit/s, bytes received: 1183320 B, packets received: 975
[client] second 28.114294: 94848336.971907 bit/s, bytes received: 1185792 B, packets received: 977
[client] second 28.214363: 94698731.328184 bit/s, bytes received: 1184547 B, packets received: 976
[client] second 28.314425: 94706154.500915 bit/s, bytes received: 1184565 B, packets received: 977
[client] second 28.414493: 94797431.203501 bit/s, bytes received: 1185774 B, packets received: 976
[client] second 28.514553: 94805811.500470 bit/s, bytes received: 1185783 B, packets received: 977
[client] second 28.614570: 94650873.923884 bit/s, bytes received: 1183329 B, packets received: 976
[client] second 28.714587: 94747471.014783 bit/s, bytes received: 1184547 B, packets received: 976
[client] second 28.814646: 94750778.041420 bit/s, bytes received: 1185079 B, packets received: 977
[client] second 28.914684: 94825902.548835 bit/s, bytes received: 1185783 B, packets received: 976
[client] second 29.014784: 94767817.217449 bit/s, bytes received: 1185783 B, packets received: 977
[client] second 29.114894: 94660774.388619 bit/s, bytes received: 1184556 B, packets received: 977
[client] second 29.214911: 94748532.874432 bit/s, bytes received: 1184556 B, packets received: 976
[client] second 29.314959: 94816275.445001 bit/s, bytes received: 1185774 B, packets received: 976
[client] second 29.415094: 94734043.272959 bit/s, bytes received: 1185783 B, packets received: 977
[client] second 29.515160: 94702996.230986 bit/s, bytes received: 1184565 B, packets received: 977
[client] second 29.615180: 94744937.023362 bit/s, bytes received: 1184547 B, packets received: 976
[client] second 29.715201: 94842581.742387 bit/s, bytes received: 1185783 B, packets received: 976
[client] second 29.815222: 94744463.395140 bit/s, bytes received: 1184547 B, packets received: 976
[client] second 29.915245: 94741718.302178 bit/s, bytes received: 1184556 B, packets received: 976
[client] second 30.015260: 94694347.882418 bit/s, bytes received: 1183852 B, packets received: 976
[client] second 30.115301: 94725816.710651 bit/s, bytes received: 1184556 B, packets received: 977
[client] second 30.215318: 94748542.347692 bit/s, bytes received: 1184556 B, packets received: 976
[client] second 30.315335: 94846134.875609 bit/s, bytes received: 1185783 B, packets received: 976
[client] second 30.415352: 94748409.722227 bit/s, bytes received: 1184556 B, packets received: 976
[client] second 30.515372: 94744965.441205 bit/s, bytes received: 1184547 B, packets received: 976
[client] second 30.615468: 94673944.253849 bit/s, bytes received: 1184556 B, packets received: 976
[client] second 30.715489: 94745276.015907 bit/s, bytes received: 1184565 B, packets received: 977
[client] second 30.815511: 94840484.153772 bit/s, bytes received: 1185774 B, packets received: 976
[client] second 30.915541: 94735854.614170 bit/s, bytes received: 1184556 B, packets received: 976
[client] second 31.015625: 94685629.595098 bit/s, bytes received: 1184556 B, packets received: 976
[client] second 31.115638: 94750851.144040 bit/s, bytes received: 1184547 B, packets received: 976
[client] second 31.215663: 94839094.298059 bit/s, bytes received: 1185783 B, packets received: 977
[client] second 31.315690: 94682956.343851 bit/s, bytes received: 1183852 B, packets received: 976
[client] second 31.415736: 94720532.514529 bit/s, bytes received: 1184556 B, packets received: 976
[client] second 31.515751: 94750516.616366 bit/s, bytes received: 1184556 B, packets received: 977
[client] second 31.615779: 94738246.032291 bit/s, bytes received: 1184556 B, packets received: 976
[client] second 31.715796: 94845604.659087 bit/s, bytes received: 1185774 B, packets received: 976
[client] second 31.815883: 94681516.268185 bit/s, bytes received: 1184556 B, packets received: 976
[client] second 31.915902: 94747154.456962 bit/s, bytes received: 1184565 B, packets received: 976
[client] second 32.015917: 94749968.194630 bit/s, bytes received: 1184547 B, packets received: 976
[client] second 32.115929: 94753459.225158 bit/s, bytes received: 1184556 B, packets received: 976
[client] second 32.215953: 94741509.920920 bit/s, bytes received: 1184556 B, packets received: 977
[client] second 32.315975: 94841216.162512 bit/s, bytes received: 1185774 B, packets received: 976
[client] second 32.416073: 94671885.709132 bit/s, bytes received: 1184565 B, packets received: 976
[client] second 32.516097: 94742060.238865 bit/s, bytes received: 1184556 B, packets received: 977
[client] second 32.616120: 94783930.497810 bit/s, bytes received: 1185070 B, packets received: 976
[client] second 32.716160: 94726737.078878 bit/s, bytes received: 1184556 B, packets received: 976
[client] second 32.816173: 94751987.897916 bit/s, bytes received: 1184556 B, packets received: 976
[client] second 32.916196: 94741454.072053 bit/s, bytes received: 1184547 B, packets received: 977
[client] second 33.016268: 94794268.685768 bit/s, bytes received: 1185783 B, packets received: 976
[client] second 33.116296: 94739582.416914 bit/s, bytes received: 1184565 B, packets received: 976
[client] second 33.216315: 94744794.934398 bit/s, bytes received: 1184547 B, packets received: 976
[client] second 33.316367: 94715941.868430 bit/s, bytes received: 1184556 B, packets received: 976
[client] second 33.416380: 94752282.538669 bit/s, bytes received: 1184556 B, packets received: 976
[client] second 33.516395: 94848081.767929 bit/s, bytes received: 1185783 B, packets received: 977
[client] second 33.616420: 94643137.163552 bit/s, bytes received: 1183329 B, packets received: 976
[client] second 33.716528: 94759527.420238 bit/s, bytes received: 1185783 B, packets received: 977
[client] second 33.816592: 94842965.659013 bit/s, bytes received: 1186297 B, packets received: 977
[client] second 33.916705: 94658405.790471 bit/s, bytes received: 1184556 B, packets received: 977
[client] second 34.016814: 94758968.003466 bit/s, bytes received: 1185783 B, packets received: 977
[client] second 34.116836: 94742669.334379 bit/s, bytes received: 1184547 B, packets received: 976
[client] second 34.216858: 94842692.828806 bit/s, bytes received: 1185792 B, packets received: 976
[client] second 34.316874: 94749234.848113 bit/s, bytes received: 1184556 B, packets received: 976
[client] second 34.416978: 94665616.368886 bit/s, bytes received: 1184547 B, packets received: 977
[client] second 34.516990: 94752575.286441 bit/s, bytes received: 1184556 B, packets received: 976
[client] second 34.617002: 94752747.714778 bit/s, bytes received: 1184556 B, packets received: 975
[client] second 34.717018: 94750070.409292 bit/s, bytes received: 1184556 B, packets received: 977
[client] second 34.817039: 94744299.464214 bit/s, bytes received: 1184556 B, packets received: 976
[client] second 34.917057: 94747707.760772 bit/s, bytes received: 1184556 B, packets received: 976
[client] second 35.017069: 94752508.968017 bit/s, bytes received: 1184556 B, packets received: 976
[client] second 35.117127: 94751348.220549 bit/s, bytes received: 1185070 B, packets received: 977
[client] second 35.217142: 94749605.259470 bit/s, bytes received: 1184556 B, packets received: 976
[client] second 35.317162: 94843257.692184 bit/s, bytes received: 1185774 B, packets received: 976
[client] second 35.417185: 94645278.211181 bit/s, bytes received: 1183338 B, packets received: 976
[client] second 35.517296: 94757962.773683 bit/s, bytes received: 1185783 B, packets received: 977
[client] second 35.617316: 94744577.065482 bit/s, bytes received: 1184547 B, packets received: 976
[client] second 35.717337: 94842448.042812 bit/s, bytes received: 1185783 B, packets received: 976
[client] second 35.817363: 94740237.867934 bit/s, bytes received: 1184556 B, packets received: 976
[client] second 35.917442: 94689903.535608 bit/s, bytes received: 1184565 B, packets received: 976
[client] second 36.017518: 94789668.471001 bit/s, bytes received: 1185774 B, packets received: 977
[client] second 36.117584: 94702200.991562 bit/s, bytes received: 1184556 B, packets received: 976
[client] second 36.217599: 94848122.443628 bit/s, bytes received: 1185774 B, packets received: 977
[client] second 36.317653: 94656493.646073 bit/s, bytes received: 1183852 B, packets received: 977
[client] second 36.417663: 94755462.122670 bit/s, bytes received: 1184556 B, packets received: 976
[client] second 36.517740: 94789580.930498 bit/s, bytes received: 1185783 B, packets received: 976
[client] second 36.617797: 94710346.407304 bit/s, bytes received: 1184556 B, packets received: 977
[client] second 36.717813: 94749433.789914 bit/s, bytes received: 1184556 B, packets received: 976
[client] second 36.817840: 94837081.406561 bit/s, bytes received: 1185783 B, packets received: 976
[client] second 36.917917: 94691279.507014 bit/s, bytes received: 1184547 B, packets received: 976
[client] second 37.017950: 94732372.357037 bit/s, bytes received: 1184556 B, packets received: 977
[client] second 37.117968: 94748350.900759 bit/s, bytes received: 1184565 B, packets received: 976
[client] second 37.217983: 94749767.354357 bit/s, bytes received: 1184547 B, packets received: 976
[client] second 37.317999: 94847312.674272 bit/s, bytes received: 1185783 B, packets received: 976
[client] second 37.418023: 94642862.052392 bit/s, bytes received: 1183320 B, packets received: 976
[client] second 37.518193: 94800776.750949 bit/s, bytes received: 1187019 B, packets received: 977
[client] second 37.618207: 94792000.191732 bit/s, bytes received: 1185070 B, packets received: 977
[client] second 37.718313: 94664610.728973 bit/s, bytes received: 1184556 B, packets received: 976
[client] second 37.818335: 94742894.726295 bit/s, bytes received: 1184556 B, packets received: 977
[client] second 37.918401: 94800410.166754 bit/s, bytes received: 1185783 B, packets received: 976
[client] second 38.018456: 94712621.998077 bit/s, bytes received: 1184556 B, packets received: 977
[client] second 38.118486: 94833587.517393 bit/s, bytes received: 1185774 B, packets received: 976
[client] second 38.218552: 94701942.890227 bit/s, bytes received: 1184565 B, packets received: 976
[client] second 38.318598: 94721140.342236 bit/s, bytes received: 1184556 B, packets received: 977
[client] second 38.418613: 94749330.624439 bit/s, bytes received: 1184547 B, packets received: 976
[client] second 38.518636: 94840956.512113 bit/s, bytes received: 1185783 B, packets received: 976
[client] second 38.618653: 94747633.005386 bit/s, bytes received: 1184547 B, packets received: 976
[client] second 38.718725: 94696027.082903 bit/s, bytes received: 1184556 B, packets received: 976
[client] second 38.818779: 94755710.974768 bit/s, bytes received: 1185079 B, packets received: 977
[client] second 38.918817: 94728672.561772 bit/s, bytes received: 1184556 B, packets received: 976
[client] second 39.018844: 94737467.510642 bit/s, bytes received: 1184547 B, packets received: 977
[client] second 39.118924: 94787662.572669 bit/s, bytes received: 1185792 B, packets received: 976
[client] second 39.218967: 94723511.134199 bit/s, bytes received: 1184556 B, packets received: 976
[client] second 39.318993: 94739726.426200 bit/s, bytes received: 1184547 B, packets received: 977
[client] second 39.419014: 94744860.234343 bit/s, bytes received: 1184556 B, packets received: 976
[client] second 39.519092: 94788790.606318 bit/s, bytes received: 1185792 B, packets received: 976
[client] second 39.619136: 94723463.792943 bit/s, bytes received: 1184556 B, packets received: 976
[client] second 39.719154: 94746446.034452 bit/s, bytes received: 1184547 B, packets received: 977
[client] second 39.819323: 94799528.466584 bit/s, bytes received: 1187001 B, packets received: 977
[client] second 39.919395: 94795624.734302 bit/s, bytes received: 1185792 B, packets received: 977
[client] second 40.019503: 94702615.640622 bit/s, bytes received: 1185070 B, packets received: 977
[client] total: bytes received: 470222027 B, packets received: 387530
