Bandwidth: 100 Mbit/s
RTT: 72 ms
BDP: 900000 B/s
Max In-Flight Packets: 703
[server] starting server with pid 1349279, port 18080, cc cubic, iw 32
[server][session 0] open
[client] connection establishment time: 0.149155 s
[server][session 0][stream 0] open
[client] time to first byte: 0.222328 s
[client] second 0.100118: 6315208.893695 bit/s, bytes received: 79033 B, packets received: 72
[client] second 0.200447: 13386121.133943 bit/s, bytes received: 167877 B, packets received: 138
[client] second 0.300681: 33285322.548461 bit/s, bytes received: 417039 B, packets received: 344
[client] second 0.400740: 51277673.857247 bit/s, bytes received: 641348 B, packets received: 534
[client] second 0.500799: 89368981.969536 bit/s, bytes received: 1117783 B, packets received: 926
[client] second 0.600878: 53705094.751029 bit/s, bytes received: 671836 B, packets received: 981
[client] second 0.700911: 127553690.440881 bit/s, bytes received: 1594950 B, packets received: 923
[client] second 0.800938: 68531137.993459 bit/s, bytes received: 856876 B, packets received: 895
[client] second 0.900965: 12976765.667404 bit/s, bytes received: 162252 B, packets received: 980
[client] second 1.001008: 13620426.577624 bit/s, bytes received: 170329 B, packets received: 985
[client] second 1.101115: 276104870.799477 bit/s, bytes received: 3455010 B, packets received: 987
[client] second 1.201233: 94750371.335331 bit/s, bytes received: 1185774 B, packets received: 976
[client] second 1.301273: 94726632.833108 bit/s, bytes received: 1184558 B, packets received: 977
[client] second 1.401294: 94744272.941467 bit/s, bytes received: 1184556 B, packets received: 976
[client] second 1.501317: 94742837.592988 bit/s, bytes received: 1184553 B, packets received: 975
[client] second 1.601328: 94754118.909176 bit/s, bytes received: 1184559 B, packets received: 976
[client] second 1.701357: 94834660.929986 bit/s, bytes received: 1185783 B, packets received: 977
[client] second 1.801406: 94718087.811670 bit/s, bytes received: 1184549 B, packets received: 976
[client] second 1.901429: 94684990.224085 bit/s, bytes received: 1183839 B, packets received: 977
[client] second 2.001450: 94745573.454459 bit/s, bytes received: 1184565 B, packets received: 976
[client] second 2.101466: 94846546.981001 bit/s, bytes received: 1185776 B, packets received: 976
[client] second 2.201673: 94764203.131825 bit/s, bytes received: 1187010 B, packets received: 978
[client] second 2.301687: 94652958.260396 bit/s, bytes received: 1183326 B, packets received: 976
[client] second 2.401759: 94794900.680824 bit/s, bytes received: 1185786 B, packets received: 976
[client] second 2.501805: 94721351.474247 bit/s, bytes received: 1184556 B, packets received: 976
[client] second 2.601828: 94742708.125673 bit/s, bytes received: 1184556 B, packets received: 977
[client] second 2.701863: 94829180.471962 bit/s, bytes received: 1185783 B, packets received: 976
[client] second 2.801942: 94690039.425506 bit/s, bytes received: 1184556 B, packets received: 976
[client] second 2.901959: 94747653.764168 bit/s, bytes received: 1184556 B, packets received: 977
[client] second 3.001990: 94833008.941109 bit/s, bytes received: 1185776 B, packets received: 976
[client] second 3.102031: 94669430.718569 bit/s, bytes received: 1183848 B, packets received: 977
[client] second 3.202143: 94854603.273972 bit/s, bytes received: 1187003 B, packets received: 977
[client] second 3.302164: 94743259.404759 bit/s, bytes received: 1184556 B, packets received: 976
[client] second 3.402172: 94757865.881974 bit/s, bytes received: 1184563 B, packets received: 976
[client] second 3.502271: 94670222.041139 bit/s, bytes received: 1184549 B, packets received: 977
[client] second 3.602342: 94794813.363091 bit/s, bytes received: 1185783 B, packets received: 976
[client] second 3.702406: 94704688.195108 bit/s, bytes received: 1184556 B, packets received: 977
[client] second 3.802512: 94761665.906492 bit/s, bytes received: 1185781 B, packets received: 977
[client] second 3.902529: 94748573.609462 bit/s, bytes received: 1184556 B, packets received: 976
[client] second 4.002545: 94749342.844987 bit/s, bytes received: 1184556 B, packets received: 976
[client] second 4.102654: 94758961.377588 bit/s, bytes received: 1185783 B, packets received: 976
[client] second 4.202673: 94745861.559293 bit/s, bytes received: 1184547 B, packets received: 977
[client] second 4.302725: 94756532.224918 bit/s, bytes received: 1185070 B, packets received: 976
[client] second 4.402740: 94751335.037144 bit/s, bytes received: 1184565 B, packets received: 976
[client] second 4.502776: 94828772.519360 bit/s, bytes received: 1185771 B, packets received: 977
[client] second 4.602875: 94669136.359783 bit/s, bytes received: 1184559 B, packets received: 976
[client] second 4.702901: 94740536.224280 bit/s, bytes received: 1184556 B, packets received: 977
[client] second 4.802926: 94838404.993988 bit/s, bytes received: 1185783 B, packets received: 976
[client] second 4.902946: 94745290.288905 bit/s, bytes received: 1184556 B, packets received: 976
[client] second 5.002972: 94739720.721387 bit/s, bytes received: 1184556 B, packets received: 976
[client] second 5.103034: 94705741.604942 bit/s, bytes received: 1184556 B, packets received: 976
[client] second 5.203082: 94817160.001034 bit/s, bytes received: 1185783 B, packets received: 977
[client] second 5.303105: 94743355.074119 bit/s, bytes received: 1184556 B, packets received: 976
[client] second 5.403183: 94690685.654855 bit/s, bytes received: 1184556 B, packets received: 976
[client] second 5.503202: 94787569.508528 bit/s, bytes received: 1185070 B, packets received: 977
[client] second 5.603214: 94752770.452627 bit/s, bytes received: 1184556 B, packets received: 976
[client] second 5.703290: 94692524.097863 bit/s, bytes received: 1184556 B, packets received: 976
[client] second 5.803336: 94720528.603540 bit/s, bytes received: 1184547 B, packets received: 976
[client] second 5.903422: 94780475.753374 bit/s, bytes received: 1185783 B, packets received: 977
[client] second 6.003476: 94713098.715218 bit/s, bytes received: 1184553 B, packets received: 976
[client] second 6.103555: 94788572.394443 bit/s, bytes received: 1185786 B, packets received: 977
[client] second 6.203600: 94720594.877708 bit/s, bytes received: 1184547 B, packets received: 977
[client] second 6.303630: 94835212.908809 bit/s, bytes received: 1185792 B, packets received: 976
[client] second 6.403649: 94746429.857648 bit/s, bytes received: 1184556 B, packets received: 976
[client] second 6.503750: 94669096.152172 bit/s, bytes received: 1184556 B, packets received: 977
[client] second 6.603766: 94846104.412089 bit/s, bytes received: 1185774 B, packets received: 976
[client] second 6.703842: 94693158.392027 bit/s, bytes received: 1184565 B, packets received: 976
[client] second 6.803860: 94788720.972456 bit/s, bytes received: 1185070 B, packets received: 977
[client] second 6.903875: 94751611.783604 bit/s, bytes received: 1184556 B, packets received: 976
[client] second 7.003971: 94672697.659800 bit/s, bytes received: 1184556 B, packets received: 977
[client] second 7.104082: 94756878.210229 bit/s, bytes received: 1185774 B, packets received: 976
[client] second 7.204106: 94741789.303863 bit/s, bytes received: 1184565 B, packets received: 977
[client] second 7.304129: 94840897.566645 bit/s, bytes received: 1185774 B, packets received: 976
[client] second 7.404143: 94750929.669548 bit/s, bytes received: 1184556 B, packets received: 976
[client] second 7.504160: 94649957.861784 bit/s, bytes received: 1183329 B, packets received: 976
[client] second 7.604260: 94768353.070163 bit/s, bytes received: 1185783 B, packets received: 977
[client] second 7.704289: 94835291.398666 bit/s, bytes received: 1185783 B, packets received: 976
[client] second 7.804312: 94742653.187559 bit/s, bytes received: 1184556 B, packets received: 976
[client] second 7.904408: 94672801.699019 bit/s, bytes received: 1184556 B, packets received: 977
[client] second 8.004468: 94847491.725534 bit/s, bytes received: 1186297 B, packets received: 977
[client] second 8.104490: 94743726.386735 bit/s, bytes received: 1184556 B, packets received: 976
[client] second 8.204509: 94648356.688384 bit/s, bytes received: 1183329 B, packets received: 976
[client] second 8.304629: 94846045.650854 bit/s, bytes received: 1187001 B, packets received: 977
[client] second 8.404692: 94704272.705670 bit/s, bytes received: 1184556 B, packets received: 976
[client] second 8.504744: 94715321.800832 bit/s, bytes received: 1184556 B, packets received: 977
[client] second 8.604772: 94738203.411902 bit/s, bytes received: 1184556 B, packets received: 976
[client] second 8.704786: 94751575.782894 bit/s, bytes received: 1184556 B, packets received: 976
[client] second 8.804800: 94750977.038262 bit/s, bytes received: 1184556 B, packets received: 976
[client] second 8.904818: 94845294.692507 bit/s, bytes received: 1185783 B, packets received: 976
[client] second 9.004887: 94699523.702702 bit/s, bytes received: 1184556 B, packets received: 976
[client] second 9.104937: 94717408.289602 bit/s, bytes received: 1184556 B, packets received: 977
[client] second 9.204955: 94844648.918547 bit/s, bytes received: 1185783 B, packets received: 976
[client] second 9.305008: 94657648.183902 bit/s, bytes received: 1183843 B, packets received: 977
[client] second 9.405034: 94837581.065955 bit/s, bytes received: 1185783 B, packets received: 976
[client] second 9.505059: 94740444.376639 bit/s, bytes received: 1184547 B, packets received: 976
[client] second 9.605075: 94749763.466738 bit/s, bytes received: 1184556 B, packets received: 976
[client] second 9.705098: 94742369.973119 bit/s, bytes received: 1184556 B, packets received: 976
[client] second 9.805185: 94682345.905397 bit/s, bytes received: 1184556 B, packets received: 977
[client] second 9.905299: 94754005.480257 bit/s, bytes received: 1185783 B, packets received: 977
[client] second 10.005323: 94840183.741294 bit/s, bytes received: 1185783 B, packets received: 976
[client] second 10.105341: 94649438.326180 bit/s, bytes received: 1183329 B, packets received: 976
[client] second 10.205357: 94847784.939923 bit/s, bytes received: 1185783 B, packets received: 976
[client] second 10.305379: 94743205.413224 bit/s, bytes received: 1184556 B, packets received: 976
[client] second 10.405469: 94679665.009288 bit/s, bytes received: 1184556 B, packets received: 977
[client] second 10.505533: 94744276.766863 bit/s, bytes received: 1185070 B, packets received: 976
[client] second 10.605551: 94747333.575043 bit/s, bytes received: 1184556 B, packets received: 976
[client] second 10.705634: 94783914.733852 bit/s, bytes received: 1185774 B, packets received: 977
[client] second 10.805682: 94816432.159951 bit/s, bytes received: 1185783 B, packets received: 977
[client] second 10.905754: 94696650.683049 bit/s, bytes received: 1184556 B, packets received: 976
[client] second 11.005869: 94753408.270945 bit/s, bytes received: 1185783 B, packets received: 977
[client] second 11.105888: 94746822.034777 bit/s, bytes received: 1184556 B, packets received: 976
[client] second 11.206001: 94755134.614472 bit/s, bytes received: 1185783 B, packets received: 977
[client] second 11.306068: 94701193.086684 bit/s, bytes received: 1184556 B, packets received: 977
[client] second 11.406087: 94844897.365050 bit/s, bytes received: 1185783 B, packets received: 976
[client] second 11.506104: 94649874.584291 bit/s, bytes received: 1183329 B, packets received: 976
[client] second 11.606171: 94799675.951227 bit/s, bytes received: 1185783 B, packets received: 976
[client] second 11.706263: 94718359.654840 bit/s, bytes received: 1185070 B, packets received: 977
[client] second 11.806283: 94745236.295056 bit/s, bytes received: 1184556 B, packets received: 976
[client] second 11.906303: 94745001.437165 bit/s, bytes received: 1184547 B, packets received: 977
[client] second 12.006324: 94744164.956150 bit/s, bytes received: 1184556 B, packets received: 976
[client] second 12.106342: 94845486.245358 bit/s, bytes received: 1185783 B, packets received: 976
[client] second 12.206444: 94668758.524880 bit/s, bytes received: 1184556 B, packets received: 977
[client] second 12.306471: 94836585.544853 bit/s, bytes received: 1185783 B, packets received: 976
[client] second 12.406525: 94713606.480551 bit/s, bytes received: 1184556 B, packets received: 976
[client] second 12.506645: 94749113.507178 bit/s, bytes received: 1185783 B, packets received: 977
[client] second 12.606702: 94709708.428519 bit/s, bytes received: 1184556 B, packets received: 977
[client] second 12.706724: 94743767.117633 bit/s, bytes received: 1184556 B, packets received: 976
[client] second 12.806837: 94755835.959498 bit/s, bytes received: 1185783 B, packets received: 977
[client] second 12.906958: 94789416.474801 bit/s, bytes received: 1186297 B, packets received: 977
[client] second 13.006984: 94739239.571793 bit/s, bytes received: 1184556 B, packets received: 976
[client] second 13.107035: 94716150.926737 bit/s, bytes received: 1184547 B, packets received: 977
[client] second 13.207148: 94755372.180923 bit/s, bytes received: 1185783 B, packets received: 977
[client] second 13.307174: 94740424.431607 bit/s, bytes received: 1184565 B, packets received: 975
[client] second 13.407251: 94788556.500925 bit/s, bytes received: 1185774 B, packets received: 977
[client] second 13.507269: 94747715.339248 bit/s, bytes received: 1184556 B, packets received: 976
[client] second 13.607314: 94819624.129317 bit/s, bytes received: 1185783 B, packets received: 977
[client] second 13.707332: 94649751.560989 bit/s, bytes received: 1183329 B, packets received: 976
[client] second 13.807349: 94748218.363282 bit/s, bytes received: 1184556 B, packets received: 976
[client] second 13.907367: 94845515.642151 bit/s, bytes received: 1185783 B, packets received: 976
[client] second 14.007478: 94659891.232776 bit/s, bytes received: 1184556 B, packets received: 977
[client] second 14.107577: 94809777.911450 bit/s, bytes received: 1186297 B, packets received: 977
[client] second 14.207632: 94712449.715749 bit/s, bytes received: 1184556 B, packets received: 976
[client] second 14.307688: 94710801.508229 bit/s, bytes received: 1184547 B, packets received: 977
[client] second 14.407709: 94743758.592558 bit/s, bytes received: 1184556 B, packets received: 976
[client] second 14.507776: 94799782.056510 bit/s, bytes received: 1185783 B, packets received: 976
[client] second 14.607809: 94733215.196989 bit/s, bytes received: 1184556 B, packets received: 976
[client] second 14.707843: 94731687.678993 bit/s, bytes received: 1184556 B, packets received: 977
[client] second 14.807861: 94747839.436960 bit/s, bytes received: 1184556 B, packets received: 976
[client] second 14.907942: 94785356.759366 bit/s, bytes received: 1185783 B, packets received: 976
[client] second 15.007985: 94723719.436289 bit/s, bytes received: 1184556 B, packets received: 977
[client] second 15.108000: 94751114.407802 bit/s, bytes received: 1184556 B, packets received: 976
[client] second 15.208076: 94790690.074606 bit/s, bytes received: 1185783 B, packets received: 976
[client] second 15.308130: 94712773.455587 bit/s, bytes received: 1184556 B, packets received: 976
[client] second 15.408162: 94775110.846841 bit/s, bytes received: 1185070 B, packets received: 977
[client] second 15.508205: 94723549.853087 bit/s, bytes received: 1184547 B, packets received: 976
[client] second 15.608219: 94751207.141729 bit/s, bytes received: 1184565 B, packets received: 977
[client] second 15.708239: 94744709.799760 bit/s, bytes received: 1184545 B, packets received: 976
[client] second 15.808259: 94746509.307979 bit/s, bytes received: 1184558 B, packets received: 976
[client] second 15.908278: 94745761.079983 bit/s, bytes received: 1184556 B, packets received: 976
[client] second 16.008346: 94798065.453774 bit/s, bytes received: 1185783 B, packets received: 976
[client] second 16.108405: 94708743.904212 bit/s, bytes received: 1184556 B, packets received: 977
[client] second 16.208483: 94789115.874381 bit/s, bytes received: 1185783 B, packets received: 976
[client] second 16.308533: 94715961.589984 bit/s, bytes received: 1184547 B, packets received: 977
[client] second 16.408545: 94754017.130898 bit/s, bytes received: 1184565 B, packets received: 975
[client] second 16.508596: 94814677.995136 bit/s, bytes received: 1185783 B, packets received: 977
[client] second 16.608630: 94772757.448634 bit/s, bytes received: 1185070 B, packets received: 977
[client] second 16.708652: 94646198.218259 bit/s, bytes received: 1183329 B, packets received: 976
[client] second 16.808712: 94804871.599540 bit/s, bytes received: 1185783 B, packets received: 976
[client] second 16.908763: 94715971.056803 bit/s, bytes received: 1184547 B, packets received: 977
[client] second 17.008781: 94747830.911152 bit/s, bytes received: 1184556 B, packets received: 976
[client] second 17.108820: 94825408.699782 bit/s, bytes received: 1185783 B, packets received: 976
[client] second 17.208874: 73066544.081927 bit/s, bytes received: 913823 B, packets received: 976
[client] second 17.308954: 101496052.269279 bit/s, bytes received: 1269724 B, packets received: 980
[client] second 17.409033: 105363135.576513 bit/s, bytes received: 1318082 B, packets received: 934
[client] second 17.509052: 94845298.485625 bit/s, bytes received: 1185783 B, packets received: 976
[client] second 17.609069: 94747310.919351 bit/s, bytes received: 1184547 B, packets received: 976
[client] second 17.709120: 94659386.162615 bit/s, bytes received: 1183843 B, packets received: 977
[client] second 17.809141: 94744575.112215 bit/s, bytes received: 1184556 B, packets received: 975
[client] second 17.909165: 94840102.198114 bit/s, bytes received: 1185783 B, packets received: 977
[client] second 18.009181: 94748667.394898 bit/s, bytes received: 1184556 B, packets received: 976
[client] second 18.109245: 94703907.380839 bit/s, bytes received: 1184556 B, packets received: 976
[client] second 18.209300: 94712480.953707 bit/s, bytes received: 1184556 B, packets received: 977
[client] second 18.309371: 94795475.509692 bit/s, bytes received: 1185783 B, packets received: 976
[client] second 18.409425: 94713372.664110 bit/s, bytes received: 1184556 B, packets received: 977
[client] second 18.509442: 94748495.928737 bit/s, bytes received: 1184556 B, packets received: 976
[client] second 18.609461: 94844016.428934 bit/s, bytes received: 1185783 B, packets received: 976
[client] second 18.709477: 94749986.094627 bit/s, bytes received: 1184556 B, packets received: 976
[client] second 18.809537: 94707786.025130 bit/s, bytes received: 1184556 B, packets received: 976
[client] second 18.909641: 94706379.914019 bit/s, bytes received: 1185070 B, packets received: 978
[client] second 19.009662: 94843419.032699 bit/s, bytes received: 1185783 B, packets received: 976
[client] second 19.109787: 94646234.673173 bit/s, bytes received: 1184556 B, packets received: 977
[client] second 19.209892: 94761854.324689 bit/s, bytes received: 1185774 B, packets received: 977
[client] second 19.309912: 94745554.575474 bit/s, bytes received: 1184556 B, packets received: 976
[client] second 19.409931: 94746293.448972 bit/s, bytes received: 1184556 B, packets received: 976
[client] second 19.509957: 94838194.506984 bit/s, bytes received: 1185783 B, packets received: 976
[client] second 19.610049: 94677602.884817 bit/s, bytes received: 1184556 B, packets received: 976
[client] second 19.710062: 94751875.158048 bit/s, bytes received: 1184556 B, packets received: 976
[client] second 19.810080: 94747622.503004 bit/s, bytes received: 1184556 B, packets received: 977
[client] second 19.910112: 94832542.995829 bit/s, bytes received: 1185783 B, packets received: 976
[client] second 20.010205: 94675954.195789 bit/s, bytes received: 1184556 B, packets received: 976
[client] second 20.110239: 94773176.200958 bit/s, bytes received: 1185070 B, packets received: 977
[client] second 20.210279: 94726766.432480 bit/s, bytes received: 1184556 B, packets received: 976
[client] second 20.310294: 94750603.774077 bit/s, bytes received: 1184556 B, packets received: 976
[client] second 20.410375: 94784944.198967 bit/s, bytes received: 1185774 B, packets received: 977
[client] second 20.510428: 94714388.401406 bit/s, bytes received: 1184556 B, packets received: 977
[client] second 20.610444: 94749398.738203 bit/s, bytes received: 1184556 B, packets received: 975
[client] second 20.710522: 94789004.110047 bit/s, bytes received: 1185783 B, packets received: 977
[client] second 20.810540: 94747489.880115 bit/s, bytes received: 1184556 B, packets received: 976
[client] second 20.910584: 94721995.290672 bit/s, bytes received: 1184556 B, packets received: 976
[client] second 21.010611: 94738685.512106 bit/s, bytes received: 1184547 B, packets received: 977
[client] second 21.110627: 94848187.135504 bit/s, bytes received: 1185792 B, packets received: 976
[client] second 21.210737: 94659468.930106 bit/s, bytes received: 1184547 B, packets received: 977
[client] second 21.310814: 94790142.198363 bit/s, bytes received: 1185792 B, packets received: 976
[client] second 21.410911: 94714058.862110 bit/s, bytes received: 1185070 B, packets received: 978
[client] second 21.510990: 94787373.138486 bit/s, bytes received: 1185783 B, packets received: 976
[client] second 21.611045: 94712538.696653 bit/s, bytes received: 1184556 B, packets received: 977
[client] second 21.711072: 94836772.133133 bit/s, bytes received: 1185774 B, packets received: 976
[client] second 21.811172: 94670523.795973 bit/s, bytes received: 1184565 B, packets received: 976
[client] second 21.911194: 94742804.786437 bit/s, bytes received: 1184547 B, packets received: 977
[client] second 22.011226: 94833101.602272 bit/s, bytes received: 1185792 B, packets received: 976
[client] second 22.111322: 94672364.246280 bit/s, bytes received: 1184547 B, packets received: 977
[client] second 22.211445: 94746179.890602 bit/s, bytes received: 1185783 B, packets received: 977
[client] second 22.311460: 94750044.830670 bit/s, bytes received: 1184556 B, packets received: 976
[client] second 22.411479: 94845053.830119 bit/s, bytes received: 1185783 B, packets received: 976
[client] second 22.511499: 94745347.124602 bit/s, bytes received: 1184556 B, packets received: 976
[client] second 22.611540: 94668802.821504 bit/s, bytes received: 1183843 B, packets received: 977
[client] second 22.711558: 94746998.231356 bit/s, bytes received: 1184556 B, packets received: 975
[client] second 22.811632: 94792420.618578 bit/s, bytes received: 1185783 B, packets received: 977
[client] second 22.911657: 94740318.403018 bit/s, bytes received: 1184547 B, packets received: 976
[client] second 23.011701: 94723456.320034 bit/s, bytes received: 1184565 B, packets received: 976
[client] second 23.111717: 94749978.515788 bit/s, bytes received: 1184556 B, packets received: 977
[client] second 23.211734: 94748005.216853 bit/s, bytes received: 1184556 B, packets received: 976
[client] second 23.311768: 94829715.828505 bit/s, bytes received: 1185774 B, packets received: 976
[client] second 23.411787: 94746987.734018 bit/s, bytes received: 1184565 B, packets received: 976
[client] second 23.511876: 94680059.986570 bit/s, bytes received: 1184547 B, packets received: 977
[client] second 23.611889: 94751422.417287 bit/s, bytes received: 1184547 B, packets received: 975
[client] second 23.711902: 94752112.838175 bit/s, bytes received: 1184565 B, packets received: 976
[client] second 23.811984: 94826400.622372 bit/s, bytes received: 1186297 B, packets received: 978
[client] second 23.912079: 94674098.425197 bit/s, bytes received: 1184556 B, packets received: 976
[client] second 24.012095: 94749533.261128 bit/s, bytes received: 1184556 B, packets received: 977
[client] second 24.112112: 94748783.916456 bit/s, bytes received: 1184556 B, packets received: 976
[client] second 24.212128: 94749437.579290 bit/s, bytes received: 1184556 B, packets received: 976
[client] second 24.312240: 94755757.400767 bit/s, bytes received: 1185783 B, packets received: 977
[client] second 24.412272: 94832497.490673 bit/s, bytes received: 1185783 B, packets received: 976
[client] second 24.512326: 94712645.479488 bit/s, bytes received: 1184547 B, packets received: 976
[client] second 24.612346: 94746078.416650 bit/s, bytes received: 1184556 B, packets received: 976
[client] second 24.712397: 94715718.453826 bit/s, bytes received: 1184556 B, packets received: 976
[client] second 24.812418: 94745138.727380 bit/s, bytes received: 1184556 B, packets received: 977
[client] second 24.912505: 94779991.847109 bit/s, bytes received: 1185783 B, packets received: 976
[client] second 25.012542: 94728383.685113 bit/s, bytes received: 1184547 B, packets received: 977
[client] second 25.112600: 94751387.882875 bit/s, bytes received: 1185079 B, packets received: 976
[client] second 25.212625: 94740545.695941 bit/s, bytes received: 1184556 B, packets received: 977
[client] second 25.312644: 94844003.967651 bit/s, bytes received: 1185774 B, packets received: 976
[client] second 25.412672: 94739264.179038 bit/s, bytes received: 1184565 B, packets received: 976
[client] second 25.512769: 94672706.172091 bit/s, bytes received: 1184556 B, packets received: 977
[client] second 25.612883: 94753472.755362 bit/s, bytes received: 1185774 B, packets received: 976
[client] second 25.712900: 94748461.825044 bit/s, bytes received: 1184556 B, packets received: 976
[client] second 25.812971: 94794880.619333 bit/s, bytes received: 1185783 B, packets received: 977
[client] second 25.913023: 94715917.254905 bit/s, bytes received: 1184556 B, packets received: 976
[client] second 26.013041: 94747094.855565 bit/s, bytes received: 1184556 B, packets received: 977
[client] second 26.113114: 94792907.493461 bit/s, bytes received: 1185783 B, packets received: 976
[client] second 26.213167: 94713662.155539 bit/s, bytes received: 1184547 B, packets received: 976
[client] second 26.313195: 94780496.106031 bit/s, bytes received: 1185079 B, packets received: 977
[client] second 26.413249: 94713233.510744 bit/s, bytes received: 1184556 B, packets received: 977
[client] second 26.513367: 94751027.080141 bit/s, bytes received: 1185783 B, packets received: 977
[client] second 26.613448: 94785732.752160 bit/s, bytes received: 1185783 B, packets received: 976
[client] second 26.713560: 94756535.421896 bit/s, bytes received: 1185783 B, packets received: 977
[client] second 26.813618: 94708437.013603 bit/s, bytes received: 1184547 B, packets received: 977
[client] second 26.913696: 94788323.111031 bit/s, bytes received: 1185783 B, packets received: 976
[client] second 27.013710: 94751727.365014 bit/s, bytes received: 1184556 B, packets received: 976
[client] second 27.113759: 94718052.999142 bit/s, bytes received: 1184556 B, packets received: 977
[client] second 27.213776: 94748310.253372 bit/s, bytes received: 1184556 B, packets received: 976
[client] second 27.313793: 94748138.788503 bit/s, bytes received: 1184556 B, packets received: 976
[client] second 27.413873: 94786475.652569 bit/s, bytes received: 1185774 B, packets received: 976
[client] second 27.513963: 94720593.127190 bit/s, bytes received: 1185079 B, packets received: 978
[client] second 27.613989: 94838026.686934 bit/s, bytes received: 1185783 B, packets received: 976
[client] second 27.714008: 94746886.450655 bit/s, bytes received: 1184556 B, packets received: 976
[client] second 27.814076: 94700337.567359 bit/s, bytes received: 1184556 B, packets received: 976
[client] second 27.914124: 94718479.970202 bit/s, bytes received: 1184556 B, packets received: 977
[client] second 28.014142: 94747770.283233 bit/s, bytes received: 1184556 B, packets received: 976
[client] second 28.114256: 94753863.641442 bit/s, bytes received: 1185774 B, packets received: 977
[client] second 28.214273: 94748338.673024 bit/s, bytes received: 1184556 B, packets received: 975
[client] second 28.314324: 94814634.759197 bit/s, bytes received: 1185792 B, packets received: 977
[client] second 28.414401: 94690934.149455 bit/s, bytes received: 1184547 B, packets received: 976
[client] second 28.514420: 94747095.802862 bit/s, bytes received: 1184556 B, packets received: 977
[client] second 28.614505: 94781948.336104 bit/s, bytes received: 1185783 B, packets received: 976
[client] second 28.714560: 94752796.161755 bit/s, bytes received: 1185070 B, packets received: 977
[client] second 28.814615: 94713073.532210 bit/s, bytes received: 1184556 B, packets received: 977
[client] second 28.914637: 94841741.622234 bit/s, bytes received: 1185783 B, packets received: 976
[client] second 29.014657: 94646433.150823 bit/s, bytes received: 1183320 B, packets received: 976
[client] second 29.114755: 94770173.436162 bit/s, bytes received: 1185792 B, packets received: 977
[client] second 29.214783: 94836441.433054 bit/s, bytes received: 1185783 B, packets received: 976
[client] second 29.314803: 94745057.325684 bit/s, bytes received: 1184547 B, packets received: 976
[client] second 29.414862: 94708588.673480 bit/s, bytes received: 1184556 B, packets received: 976
[client] second 29.514879: 94748403.950432 bit/s, bytes received: 1184565 B, packets received: 976
[client] second 29.614934: 94712260.208512 bit/s, bytes received: 1184547 B, packets received: 977
[client] second 29.715014: 94786427.920495 bit/s, bytes received: 1185783 B, packets received: 976
[client] second 29.815062: 94719419.130737 bit/s, bytes received: 1184556 B, packets received: 977
[client] second 29.915100: 94826052.045814 bit/s, bytes received: 1185774 B, packets received: 976
[client] second 30.015141: 94669422.219122 bit/s, bytes received: 1183852 B, packets received: 977
[client] second 30.115161: 94843452.221181 bit/s, bytes received: 1185783 B, packets received: 976
[client] second 30.215238: 94690401.965410 bit/s, bytes received: 1184544 B, packets received: 976
[client] second 30.315293: 94713569.166710 bit/s, bytes received: 1184568 B, packets received: 977
[client] second 30.415405: 94756149.249228 bit/s, bytes received: 1185783 B, packets received: 977
[client] second 30.515422: 94748292.254268 bit/s, bytes received: 1184556 B, packets received: 976
[client] second 30.615507: 94781685.407669 bit/s, bytes received: 1185774 B, packets received: 976
[client] second 30.715548: 94725830.997379 bit/s, bytes received: 1184565 B, packets received: 977
[client] second 30.815573: 94838116.581119 bit/s, bytes received: 1185774 B, packets received: 976
[client] second 30.915642: 94699257.780189 bit/s, bytes received: 1184556 B, packets received: 976
[client] second 31.015687: 94722332.350997 bit/s, bytes received: 1184556 B, packets received: 976
[client] second 31.115710: 94741641.616348 bit/s, bytes received: 1184547 B, packets received: 977
[client] second 31.215739: 94778533.777253 bit/s, bytes received: 1185079 B, packets received: 976
[client] second 31.315787: 94719410.610044 bit/s, bytes received: 1184556 B, packets received: 977
[client] second 31.415899: 94755885.321649 bit/s, bytes received: 1185774 B, packets received: 977
[client] second 31.515912: 94752581.798682 bit/s, bytes received: 1184565 B, packets received: 976
[client] second 31.615928: 94749337.160935 bit/s, bytes received: 1184556 B, packets received: 975
[client] second 31.716043: 94753978.033071 bit/s, bytes received: 1185783 B, packets received: 978
[client] second 31.816055: 94751967.170166 bit/s, bytes received: 1184547 B, packets received: 975
[client] second 31.916072: 94749924.417185 bit/s, bytes received: 1184565 B, packets received: 976
[client] second 32.016101: 94736137.784306 bit/s, bytes received: 1184547 B, packets received: 977
[client] second 32.116119: 94747221.793550 bit/s, bytes received: 1184556 B, packets received: 976
[client] second 32.216193: 94792074.883615 bit/s, bytes received: 1185783 B, packets received: 976
[client] second 32.316245: 94714679.800074 bit/s, bytes received: 1184547 B, packets received: 976
[client] second 32.416322: 94832088.976559 bit/s, bytes received: 1186306 B, packets received: 978
[client] second 32.516347: 94740719.974838 bit/s, bytes received: 1184556 B, packets received: 976
[client] second 32.616439: 94676131.559674 bit/s, bytes received: 1184547 B, packets received: 977
[client] second 32.716455: 94750048.519741 bit/s, bytes received: 1184565 B, packets received: 976
[client] second 32.816478: 94841277.950554 bit/s, bytes received: 1185783 B, packets received: 976
[client] second 32.916494: 94650757.522448 bit/s, bytes received: 1183329 B, packets received: 976
[client] second 33.016523: 94835010.565752 bit/s, bytes received: 1185774 B, packets received: 976
[client] second 33.116540: 94748899.399347 bit/s, bytes received: 1184565 B, packets received: 976
[client] second 33.216593: 94713011.821136 bit/s, bytes received: 1184547 B, packets received: 976
[client] second 33.316636: 94724107.638084 bit/s, bytes received: 1184556 B, packets received: 977
[client] second 33.416654: 94747411.253863 bit/s, bytes received: 1184556 B, packets received: 976
[client] second 33.516732: 94788024.204211 bit/s, bytes received: 1185774 B, packets received: 976
[client] second 33.616755: 94742932.614835 bit/s, bytes received: 1184556 B, packets received: 976
[client] second 33.716847: 94718851.876235 bit/s, bytes received: 1185079 B, packets received: 978
[client] second 33.816860: 94751360.836921 bit/s, bytes received: 1184547 B, packets received: 975
[client] second 33.916885: 94741819.613756 bit/s, bytes received: 1184565 B, packets received: 977
[client] second 34.016905: 94842989.481009 bit/s, bytes received: 1185783 B, packets received: 976
[client] second 34.117006: 94669639.954693 bit/s, bytes received: 1184556 B, packets received: 976
[client] second 34.217086: 94785937.696624 bit/s, bytes received: 1185774 B, packets received: 977
[client] second 34.317138: 94716006.400596 bit/s, bytes received: 1184565 B, packets received: 976
[client] second 34.417157: 94745913.659703 bit/s, bytes received: 1184547 B, packets received: 977
[client] second 34.517180: 94840899.620580 bit/s, bytes received: 1185783 B, packets received: 976
[client] second 34.617195: 94749623.259073 bit/s, bytes received: 1184556 B, packets received: 976
[client] second 34.717230: 94730721.713495 bit/s, bytes received: 1184547 B, packets received: 976
[client] second 34.817313: 94686432.814024 bit/s, bytes received: 1184556 B, packets received: 977
[client] second 34.917329: 94749346.539337 bit/s, bytes received: 1184565 B, packets received: 975
[client] second 35.017388: 94750199.558318 bit/s, bytes received: 1185070 B, packets received: 977
[client] second 35.117406: 94746985.916520 bit/s, bytes received: 1184556 B, packets received: 977
[client] second 35.217422: 94749271.794384 bit/s, bytes received: 1184556 B, packets received: 976
[client] second 35.317502: 94786781.191145 bit/s, bytes received: 1185783 B, packets received: 976
[client] second 35.417551: 94717592.750941 bit/s, bytes received: 1184547 B, packets received: 977
[client] second 35.517631: 94787377.490330 bit/s, bytes received: 1185792 B, packets received: 976
[client] second 35.617677: 94720627.191229 bit/s, bytes received: 1184556 B, packets received: 976
[client] second 35.717759: 94784770.883587 bit/s, bytes received: 1185774 B, packets received: 977
[client] second 35.817803: 94722211.160492 bit/s, bytes received: 1184556 B, packets received: 976
[client] second 35.917831: 94738406.095874 bit/s, bytes received: 1184556 B, packets received: 977
[client] second 36.017907: 94790199.838998 bit/s, bytes received: 1185774 B, packets received: 976
[client] second 36.117920: 94752897.283817 bit/s, bytes received: 1184565 B, packets received: 976
[client] second 36.217940: 94786399.119130 bit/s, bytes received: 1185070 B, packets received: 977
[client] second 36.318031: 94678292.456811 bit/s, bytes received: 1184556 B, packets received: 977
[client] second 36.418045: 94751153.250295 bit/s, bytes received: 1184556 B, packets received: 976
[client] second 36.518120: 94791648.638502 bit/s, bytes received: 1185783 B, packets received: 976
[client] second 36.618166: 94719793.913259 bit/s, bytes received: 1184547 B, packets received: 976
[client] second 36.718187: 94745219.180727 bit/s, bytes received: 1184565 B, packets received: 977
[client] second 36.818211: 94839969.453702 bit/s, bytes received: 1185783 B, packets received: 976
[client] second 36.918315: 94665179.468708 bit/s, bytes received: 1184547 B, packets received: 977
[client] second 37.018331: 94749368.423230 bit/s, bytes received: 1184556 B, packets received: 976
[client] second 37.118350: 94747052.227213 bit/s, bytes received: 1184556 B, packets received: 976
[client] second 37.218367: 94748352.882856 bit/s, bytes received: 1184556 B, packets received: 976
[client] second 37.318384: 94747830.911152 bit/s, bytes received: 1184556 B, packets received: 976
[client] second 37.418439: 94810481.909587 bit/s, bytes received: 1185783 B, packets received: 976
[client] second 37.518516: 94732604.738745 bit/s, bytes received: 1185070 B, packets received: 977
[client] second 37.618575: 94806865.121249 bit/s, bytes received: 1185783 B, packets received: 977
[client] second 37.718600: 94740921.722405 bit/s, bytes received: 1184556 B, packets received: 976
[client] second 37.818619: 94746237.630813 bit/s, bytes received: 1184547 B, packets received: 976
[client] second 37.918681: 94706238.736950 bit/s, bytes received: 1184565 B, packets received: 976
[client] second 38.018724: 94723797.076394 bit/s, bytes received: 1184556 B, packets received: 977
[client] second 38.118743: 94843496.650776 bit/s, bytes received: 1185774 B, packets received: 976
[client] second 38.218799: 94712035.104801 bit/s, bytes received: 1184556 B, packets received: 976
[client] second 38.318830: 94735077.074128 bit/s, bytes received: 1184556 B, packets received: 976
[client] second 38.418888: 94708205.113962 bit/s, bytes received: 1184547 B, packets received: 976
[client] second 38.518910: 94744403.603409 bit/s, bytes received: 1184565 B, packets received: 977
[client] second 38.618935: 94839685.002642 bit/s, bytes received: 1185783 B, packets received: 976
[client] second 38.718968: 94675893.045678 bit/s, bytes received: 1183843 B, packets received: 976
[client] second 38.818987: 94844890.727149 bit/s, bytes received: 1185783 B, packets received: 977
[client] second 38.919006: 94648029.268344 bit/s, bytes received: 1183329 B, packets received: 975
[client] second 39.019026: 94842642.284529 bit/s, bytes received: 1185774 B, packets received: 977
[client] second 39.119093: 94701697.776556 bit/s, bytes received: 1184565 B, packets received: 976
[client] second 39.219144: 94716673.653307 bit/s, bytes received: 1184556 B, packets received: 976
[client] second 39.319216: 94793570.044255 bit/s, bytes received: 1185774 B, packets received: 977
[client] second 39.419238: 94743551.149551 bit/s, bytes received: 1184556 B, packets received: 976
[client] second 39.519279: 94725163.373690 bit/s, bytes received: 1184556 B, packets received: 976
[client] second 39.619297: 94748646.463976 bit/s, bytes received: 1184565 B, packets received: 976
[client] second 39.719321: 94741133.922397 bit/s, bytes received: 1184547 B, packets received: 976
[client] second 39.819338: 94846762.651932 bit/s, bytes received: 1185783 B, packets received: 977
[client] second 39.919364: 94739765.237443 bit/s, bytes received: 1184556 B, packets received: 976
[client] second 40.019399: 94674082.533760 bit/s, bytes received: 1183843 B, packets received: 977
[client] total: bytes received: 470224481 B, packets received: 387530
