Bandwidth: 100 Mbit/s
RTT: 72 ms
BDP: 900000 B/s
Max In-Flight Packets: 703
[server] starting server with pid 1349645, port 18080, cc cubic, iw 32
[server][session 0] open
[client] connection establishment time: 0.147157 s
[server][session 0][stream 0] open
[client] time to first byte: 0.220254 s
[client] second 0.100209: 6309506.698712 bit/s, bytes received: 79033 B, packets received: 72
[client] second 0.200582: 13380250.061640 bit/s, bytes received: 167877 B, packets received: 138
[client] second 0.300953: 33435265.103286 bit/s, bytes received: 419493 B, packets received: 347
[client] second 0.401104: 51230514.951143 bit/s, bytes received: 641351 B, packets received: 532
[client] second 0.501179: 89398005.888986 bit/s, bytes received: 1118305 B, packets received: 928
[client] second 0.601247: 53471831.802890 bit/s, bytes received: 668857 B, packets received: 980
[client] second 0.701994: 126845586.402138 bit/s, bytes received: 1597404 B, packets received: 923
[client] second 0.802058: 68505845.775383 bit/s, bytes received: 856876 B, packets received: 902
[client] second 0.902116: 14051194.008090 bit/s, bytes received: 175742 B, packets received: 981
[client] second 1.002198: 13713790.303538 bit/s, bytes received: 171563 B, packets received: 984
[client] second 1.102280: 275686553.291692 bit/s, bytes received: 3448875 B, packets received: 987
[client] second 1.202303: 94839306.237393 bit/s, bytes received: 1185776 B, packets received: 976
[client] second 1.302374: 94697376.492044 bit/s, bytes received: 1184556 B, packets received: 976
[client] second 1.402425: 94716361.246996 bit/s, bytes received: 1184556 B, packets received: 977
[client] second 1.502442: 94747820.202759 bit/s, bytes received: 1184553 B, packets received: 976
[client] second 1.602462: 94787458.059063 bit/s, bytes received: 1185071 B, packets received: 976
[client] second 1.702522: 94707275.858309 bit/s, bytes received: 1184556 B, packets received: 977
[client] second 1.802539: 94747548.571082 bit/s, bytes received: 1184549 B, packets received: 976
[client] second 1.902561: 94842677.941347 bit/s, bytes received: 1185790 B, packets received: 976
[client] second 2.002589: 94737934.430772 bit/s, bytes received: 1184556 B, packets received: 976
[client] second 2.102666: 94691612.910033 bit/s, bytes received: 1184556 B, packets received: 976
[client] second 2.202689: 94841025.730236 bit/s, bytes received: 1185783 B, packets received: 977
[client] second 2.302767: 94689981.328080 bit/s, bytes received: 1184549 B, packets received: 976
[client] second 2.402825: 94710301.918890 bit/s, bytes received: 1184556 B, packets received: 977
[client] second 2.502939: 94753972.354345 bit/s, bytes received: 1185783 B, packets received: 977
[client] second 2.602968: 94835402.324098 bit/s, bytes received: 1185783 B, packets received: 976
[client] second 2.703052: 94684228.488460 bit/s, bytes received: 1184556 B, packets received: 976
[client] second 2.803132: 94828005.958490 bit/s, bytes received: 1186295 B, packets received: 978
[client] second 2.903149: 94748830.335693 bit/s, bytes received: 1184556 B, packets received: 976
[client] second 3.003230: 94686883.152388 bit/s, bytes received: 1184556 B, packets received: 976
[client] second 3.103244: 94751790.840171 bit/s, bytes received: 1184556 B, packets received: 977
[client] second 3.203258: 94751335.147275 bit/s, bytes received: 1184556 B, packets received: 976
[client] second 3.303281: 94840122.560335 bit/s, bytes received: 1185773 B, packets received: 976
[client] second 3.403299: 94747370.851962 bit/s, bytes received: 1184566 B, packets received: 976
[client] second 3.503400: 94767231.268912 bit/s, bytes received: 1185776 B, packets received: 977
[client] second 3.603465: 94702801.012728 bit/s, bytes received: 1184556 B, packets received: 976
[client] second 3.703523: 94807968.984685 bit/s, bytes received: 1185783 B, packets received: 977
[client] second 3.803560: 94728430.239635 bit/s, bytes received: 1184554 B, packets received: 976
[client] second 3.903652: 94775617.028444 bit/s, bytes received: 1185783 B, packets received: 977
[client] second 4.003730: 94690354.143661 bit/s, bytes received: 1184547 B, packets received: 976
[client] second 4.103750: 94787472.458976 bit/s, bytes received: 1185079 B, packets received: 977
[client] second 4.203808: 94708680.486718 bit/s, bytes received: 1184556 B, packets received: 976
[client] second 4.303855: 94720099.844419 bit/s, bytes received: 1184556 B, packets received: 977
[client] second 4.403884: 94835735.101952 bit/s, bytes received: 1185783 B, packets received: 976
[client] second 4.503951: 94700279.561601 bit/s, bytes received: 1184547 B, packets received: 976
[client] second 4.604005: 94713677.653630 bit/s, bytes received: 1184565 B, packets received: 977
[client] second 4.704089: 94782763.123205 bit/s, bytes received: 1185774 B, packets received: 976
[client] second 4.804135: 94720953.827297 bit/s, bytes received: 1184556 B, packets received: 977
[client] second 4.904152: 94748232.573078 bit/s, bytes received: 1184556 B, packets received: 975
[client] second 5.004178: 94739378.801587 bit/s, bytes received: 1184556 B, packets received: 977
[client] second 5.104201: 94742860.626634 bit/s, bytes received: 1184556 B, packets received: 975
[client] second 5.204220: 94745291.300367 bit/s, bytes received: 1184547 B, packets received: 977
[client] second 5.304272: 94757555.866600 bit/s, bytes received: 1185079 B, packets received: 976
[client] second 5.404353: 94786149.473098 bit/s, bytes received: 1185783 B, packets received: 977
[client] second 5.504406: 94713517.497640 bit/s, bytes received: 1184556 B, packets received: 977
[client] second 5.604421: 94750927.774800 bit/s, bytes received: 1184556 B, packets received: 975
[client] second 5.704429: 94755523.849867 bit/s, bytes received: 1184547 B, packets received: 976
[client] second 5.804448: 94747890.507883 bit/s, bytes received: 1184565 B, packets received: 977
[client] second 5.904459: 94752676.779397 bit/s, bytes received: 1184547 B, packets received: 976
[client] second 6.004480: 94843554.631501 bit/s, bytes received: 1185783 B, packets received: 976
[client] second 6.104592: 94658370.806078 bit/s, bytes received: 1184556 B, packets received: 977
[client] second 6.204611: 94746049.998354 bit/s, bytes received: 1184556 B, packets received: 976
[client] second 6.304681: 94796142.402028 bit/s, bytes received: 1185783 B, packets received: 976
[client] second 6.404739: 94709061.728489 bit/s, bytes received: 1184547 B, packets received: 977
[client] second 6.504751: 94753273.530340 bit/s, bytes received: 1184556 B, packets received: 975
[client] second 6.604810: 94749993.971084 bit/s, bytes received: 1185079 B, packets received: 977
[client] second 6.704839: 94736949.442492 bit/s, bytes received: 1184556 B, packets received: 977
[client] second 6.804872: 94831813.970551 bit/s, bytes received: 1185783 B, packets received: 976
[client] second 6.904964: 94676440.865354 bit/s, bytes received: 1184547 B, packets received: 977
[client] second 7.004978: 94751592.835858 bit/s, bytes received: 1184556 B, packets received: 975
[client] second 7.104995: 94846168.065992 bit/s, bytes received: 1185783 B, packets received: 977
[client] second 7.205017: 94743640.188904 bit/s, bytes received: 1184556 B, packets received: 976
[client] second 7.305034: 94748044.056797 bit/s, bytes received: 1184556 B, packets received: 976
[client] second 7.405052: 94747615.871851 bit/s, bytes received: 1184556 B, packets received: 976
[client] second 7.505149: 94673265.149227 bit/s, bytes received: 1184556 B, packets received: 977
[client] second 7.605168: 94745132.159566 bit/s, bytes received: 1184547 B, packets received: 976
[client] second 7.705197: 94836427.402982 bit/s, bytes received: 1185792 B, packets received: 976
[client] second 7.805270: 94735492.893194 bit/s, bytes received: 1185070 B, packets received: 977
[client] second 7.905325: 94712977.923994 bit/s, bytes received: 1184556 B, packets received: 976
[client] second 8.005373: 94718554.761538 bit/s, bytes received: 1184556 B, packets received: 977
[client] second 8.105397: 94839729.400115 bit/s, bytes received: 1185774 B, packets received: 976
[client] second 8.205560: 94708111.404190 bit/s, bytes received: 1185783 B, packets received: 977
[client] second 8.305621: 94707022.196703 bit/s, bytes received: 1184556 B, packets received: 977
[client] second 8.405643: 94842242.426301 bit/s, bytes received: 1185792 B, packets received: 976
[client] second 8.505747: 94665563.411074 bit/s, bytes received: 1184547 B, packets received: 977
[client] second 8.605824: 94789120.610164 bit/s, bytes received: 1185783 B, packets received: 976
[client] second 8.705843: 94746753.829826 bit/s, bytes received: 1184556 B, packets received: 976
[client] second 8.805890: 94719939.842688 bit/s, bytes received: 1184556 B, packets received: 976
[client] second 8.905971: 94786018.773864 bit/s, bytes received: 1185783 B, packets received: 977
[client] second 9.006072: 94807403.979310 bit/s, bytes received: 1186288 B, packets received: 978
[client] second 9.106092: 94746002.564960 bit/s, bytes received: 1184565 B, packets received: 976
[client] second 9.206201: 94661621.628555 bit/s, bytes received: 1184556 B, packets received: 977
[client] second 9.306220: 94745795.181732 bit/s, bytes received: 1184556 B, packets received: 975
[client] second 9.406250: 94833431.088967 bit/s, bytes received: 1185774 B, packets received: 977
[client] second 9.506316: 94702006.980035 bit/s, bytes received: 1184556 B, packets received: 976
[client] second 9.606357: 94726845.100419 bit/s, bytes received: 1184565 B, packets received: 976
[client] second 9.706372: 94749915.142399 bit/s, bytes received: 1184547 B, packets received: 976
[client] second 9.806390: 94746802.141656 bit/s, bytes received: 1184556 B, packets received: 977
[client] second 9.906466: 94790915.505873 bit/s, bytes received: 1185783 B, packets received: 976
[client] second 10.006516: 94716365.824869 bit/s, bytes received: 1184547 B, packets received: 976
[client] second 10.106537: 94745149.084099 bit/s, bytes received: 1184565 B, packets received: 977
[client] second 10.206608: 94795365.624923 bit/s, bytes received: 1185783 B, packets received: 976
[client] second 10.306711: 94708148.156791 bit/s, bytes received: 1185070 B, packets received: 978
[client] second 10.406734: 94840695.759815 bit/s, bytes received: 1185783 B, packets received: 976
[client] second 10.506754: 94745606.675150 bit/s, bytes received: 1184556 B, packets received: 976
[client] second 10.606824: 94697276.829829 bit/s, bytes received: 1184547 B, packets received: 976
[client] second 10.706867: 94723441.069157 bit/s, bytes received: 1184556 B, packets received: 976
[client] second 10.806883: 94750141.360034 bit/s, bytes received: 1184565 B, packets received: 977
[client] second 10.906911: 94835161.310885 bit/s, bytes received: 1185774 B, packets received: 976
[client] second 11.007012: 94669523.627716 bit/s, bytes received: 1184556 B, packets received: 977
[client] second 11.107025: 94751643.047400 bit/s, bytes received: 1184556 B, packets received: 976
[client] second 11.207041: 94750152.829391 bit/s, bytes received: 1184556 B, packets received: 976
[client] second 11.307062: 94842644.325297 bit/s, bytes received: 1185783 B, packets received: 976
[client] second 11.407112: 94716592.238130 bit/s, bytes received: 1184556 B, packets received: 976
[client] second 11.507138: 94781383.356552 bit/s, bytes received: 1185070 B, packets received: 977
[client] second 11.607150: 94752980.778253 bit/s, bytes received: 1184556 B, packets received: 976
[client] second 11.707217: 94700565.641243 bit/s, bytes received: 1184556 B, packets received: 976
[client] second 11.807278: 94706466.376101 bit/s, bytes received: 1184547 B, packets received: 977
[client] second 11.907394: 94753577.557506 bit/s, bytes received: 1185792 B, packets received: 977
[client] second 12.007413: 94746070.838436 bit/s, bytes received: 1184556 B, packets received: 976
[client] second 12.107431: 94845108.704482 bit/s, bytes received: 1185774 B, packets received: 976
[client] second 12.207532: 94668965.640496 bit/s, bytes received: 1184556 B, packets received: 976
[client] second 12.307554: 94841742.570442 bit/s, bytes received: 1185783 B, packets received: 977
[client] second 12.407573: 94649152.256715 bit/s, bytes received: 1183338 B, packets received: 976
[client] second 12.507674: 94765473.387115 bit/s, bytes received: 1185774 B, packets received: 976
[client] second 12.607696: 94744125.172148 bit/s, bytes received: 1184556 B, packets received: 976
[client] second 12.707723: 94738547.217470 bit/s, bytes received: 1184556 B, packets received: 977
[client] second 12.807772: 94759363.116361 bit/s, bytes received: 1185070 B, packets received: 977
[client] second 12.907790: 94845799.179898 bit/s, bytes received: 1185783 B, packets received: 976
[client] second 13.007805: 94651922.496069 bit/s, bytes received: 1183329 B, packets received: 976
[client] second 13.107820: 94749186.627605 bit/s, bytes received: 1184547 B, packets received: 976
[client] second 13.207837: 94749259.384601 bit/s, bytes received: 1184565 B, packets received: 976
[client] second 13.307848: 94852062.098035 bit/s, bytes received: 1185783 B, packets received: 976
[client] second 13.407864: 94651050.240557 bit/s, bytes received: 1183320 B, packets received: 976
[client] second 13.507881: 94846075.132978 bit/s, bytes received: 1185783 B, packets received: 976
[client] second 13.607905: 94742996.031450 bit/s, bytes received: 1184565 B, packets received: 976
[client] second 13.708013: 94661463.143240 bit/s, bytes received: 1184547 B, packets received: 977
[client] second 13.808032: 94746660.995467 bit/s, bytes received: 1184556 B, packets received: 976
[client] second 13.908050: 94746984.021931 bit/s, bytes received: 1184556 B, packets received: 976
[client] second 14.008068: 94844386.118338 bit/s, bytes received: 1185774 B, packets received: 976
[client] second 14.108115: 94663696.461772 bit/s, bytes received: 1183852 B, packets received: 977
[client] second 14.208135: 94746072.732989 bit/s, bytes received: 1184556 B, packets received: 976
[client] second 14.308203: 94796907.332982 bit/s, bytes received: 1185774 B, packets received: 976
[client] second 14.408225: 94744400.761701 bit/s, bytes received: 1184565 B, packets received: 976
[client] second 14.508267: 94725519.393873 bit/s, bytes received: 1184556 B, packets received: 976
[client] second 14.608282: 94749082.419642 bit/s, bytes received: 1184547 B, packets received: 976
[client] second 14.708304: 94743729.228424 bit/s, bytes received: 1184556 B, packets received: 977
[client] second 14.808325: 94745710.807287 bit/s, bytes received: 1184565 B, packets received: 976
[client] second 14.908397: 94793499.947608 bit/s, bytes received: 1185774 B, packets received: 976
[client] second 15.008445: 94718368.256782 bit/s, bytes received: 1184556 B, packets received: 976
[client] second 15.108460: 94750306.301680 bit/s, bytes received: 1184556 B, packets received: 976
[client] second 15.208478: 94844719.910044 bit/s, bytes received: 1185774 B, packets received: 977
[client] second 15.308540: 94650312.568468 bit/s, bytes received: 1183852 B, packets received: 977
[client] second 15.408557: 94747895.328402 bit/s, bytes received: 1184556 B, packets received: 976
[client] second 15.508632: 94791742.412098 bit/s, bytes received: 1185783 B, packets received: 976
[client] second 15.608684: 94715627.573610 bit/s, bytes received: 1184556 B, packets received: 977
[client] second 15.708700: 94748748.865226 bit/s, bytes received: 1184556 B, packets received: 976
[client] second 15.808781: 94785198.017169 bit/s, bytes received: 1185774 B, packets received: 976
[client] second 15.908830: 94718043.168805 bit/s, bytes received: 1184553 B, packets received: 977
[client] second 16.008851: 94843531.108817 bit/s, bytes received: 1185795 B, packets received: 976
[client] second 16.108894: 94723698.606039 bit/s, bytes received: 1184556 B, packets received: 976
[client] second 16.209037: 94726271.978527 bit/s, bytes received: 1185774 B, packets received: 977
[client] second 16.309093: 94711472.830001 bit/s, bytes received: 1184556 B, packets received: 976
[client] second 16.409106: 94752242.747849 bit/s, bytes received: 1184556 B, packets received: 976
[client] second 16.509127: 94744337.410831 bit/s, bytes received: 1184547 B, packets received: 977
[client] second 16.609187: 94749030.945929 bit/s, bytes received: 1185079 B, packets received: 977
[client] second 16.709299: 94755554.047915 bit/s, bytes received: 1185774 B, packets received: 976
[client] second 16.809324: 94840402.932066 bit/s, bytes received: 1185792 B, packets received: 977
[client] second 16.909340: 94650966.666697 bit/s, bytes received: 1183329 B, packets received: 976
[client] second 17.009416: 94790358.559984 bit/s, bytes received: 1185783 B, packets received: 976
[client] second 17.109463: 94719584.680097 bit/s, bytes received: 1184547 B, packets received: 977
[client] second 17.209482: 74760358.522295 bit/s, bytes received: 934682 B, packets received: 976
[client] second 17.309515: 101389268.638598 bit/s, bytes received: 1267784 B, packets received: 980
[client] second 17.409549: 103701740.675772 bit/s, bytes received: 1296718 B, packets received: 931
[client] second 17.509569: 94842536.885592 bit/s, bytes received: 1185765 B, packets received: 976
[client] second 17.609620: 94659649.769283 bit/s, bytes received: 1183852 B, packets received: 977
[client] second 17.709649: 94835257.267816 bit/s, bytes received: 1185783 B, packets received: 976
[client] second 17.809717: 94699535.058857 bit/s, bytes received: 1184556 B, packets received: 976
[client] second 17.909743: 94740266.282743 bit/s, bytes received: 1184556 B, packets received: 976
[client] second 18.009780: 94827602.149282 bit/s, bytes received: 1185783 B, packets received: 977
[client] second 18.109795: 94651981.171372 bit/s, bytes received: 1183329 B, packets received: 975
[client] second 18.209818: 94839695.265811 bit/s, bytes received: 1185774 B, packets received: 977
[client] second 18.309986: 94705112.492281 bit/s, bytes received: 1185792 B, packets received: 977
[client] second 18.410043: 94709284.166840 bit/s, bytes received: 1184547 B, packets received: 977
[client] second 18.510118: 94791696.946089 bit/s, bytes received: 1185783 B, packets received: 976
[client] second 18.610173: 94712251.875826 bit/s, bytes received: 1184556 B, packets received: 977
[client] second 18.710187: 94750745.985039 bit/s, bytes received: 1184547 B, packets received: 975
[client] second 18.810216: 94778838.875668 bit/s, bytes received: 1185079 B, packets received: 977
[client] second 18.910271: 94712281.220451 bit/s, bytes received: 1184556 B, packets received: 976
[client] second 19.010313: 94823252.317452 bit/s, bytes received: 1185783 B, packets received: 977
[client] second 19.110391: 94690292.996146 bit/s, bytes received: 1184556 B, packets received: 976
[client] second 19.210415: 94740790.095441 bit/s, bytes received: 1184547 B, packets received: 977
[client] second 19.310489: 94793412.888564 bit/s, bytes received: 1185792 B, packets received: 976
[client] second 19.410534: 94720761.510312 bit/s, bytes received: 1184547 B, packets received: 976
[client] second 19.510556: 94744990.893442 bit/s, bytes received: 1184565 B, packets received: 977
[client] second 19.610576: 94744794.934398 bit/s, bytes received: 1184547 B, packets received: 976
[client] second 19.710591: 94847664.502252 bit/s, bytes received: 1185783 B, packets received: 976
[client] second 19.810656: 94703053.705306 bit/s, bytes received: 1184556 B, packets received: 976
[client] second 19.910681: 94739927.223908 bit/s, bytes received: 1184547 B, packets received: 976
[client] second 20.010725: 94723586.034183 bit/s, bytes received: 1184565 B, packets received: 977
[client] second 20.110748: 94784310.496019 bit/s, bytes received: 1185070 B, packets received: 976
[client] second 20.210803: 94711476.423670 bit/s, bytes received: 1184547 B, packets received: 977
[client] second 20.310829: 94838257.261685 bit/s, bytes received: 1185792 B, packets received: 976
[client] second 20.410841: 94654827.334101 bit/s, bytes received: 1183320 B, packets received: 976
[client] second 20.510945: 94763549.546781 bit/s, bytes received: 1185783 B, packets received: 977
[client] second 20.610968: 94743227.199275 bit/s, bytes received: 1184556 B, packets received: 976
[client] second 20.711038: 94795816.533010 bit/s, bytes received: 1185783 B, packets received: 976
[client] second 20.811095: 94710565.063732 bit/s, bytes received: 1184556 B, packets received: 977
[client] second 20.911112: 94748514.875244 bit/s, bytes received: 1184556 B, packets received: 976
[client] second 21.011133: 94842724.924620 bit/s, bytes received: 1185783 B, packets received: 976
[client] second 21.111150: 94748884.333639 bit/s, bytes received: 1184556 B, packets received: 976
[client] second 21.211215: 94702334.434098 bit/s, bytes received: 1184556 B, packets received: 976
[client] second 21.311241: 94781149.306913 bit/s, bytes received: 1185070 B, packets received: 977
[client] second 21.411322: 94686985.898094 bit/s, bytes received: 1184547 B, packets received: 976
[client] second 21.511351: 94738092.589567 bit/s, bytes received: 1184565 B, packets received: 977
[client] second 21.611359: 94853929.504979 bit/s, bytes received: 1185774 B, packets received: 976
[client] second 21.711379: 94746549.141801 bit/s, bytes received: 1184565 B, packets received: 976
[client] second 21.811411: 94733199.069980 bit/s, bytes received: 1184547 B, packets received: 976
[client] second 21.911467: 94711220.092493 bit/s, bytes received: 1184556 B, packets received: 976
[client] second 22.011517: 94717034.343157 bit/s, bytes received: 1184556 B, packets received: 977
[client] second 22.111537: 94844546.635729 bit/s, bytes received: 1185792 B, packets received: 976
[client] second 22.211558: 94743694.232998 bit/s, bytes received: 1184547 B, packets received: 976
[client] second 22.311660: 94668411.442752 bit/s, bytes received: 1184556 B, packets received: 977
[client] second 22.411685: 94839172.046877 bit/s, bytes received: 1185783 B, packets received: 976
[client] second 22.511713: 94736644.477618 bit/s, bytes received: 1184547 B, packets received: 976
[client] second 22.611748: 94675114.598001 bit/s, bytes received: 1183852 B, packets received: 977
[client] second 22.711764: 94749492.525272 bit/s, bytes received: 1184556 B, packets received: 976
[client] second 22.811879: 94752531.991917 bit/s, bytes received: 1185774 B, packets received: 977
[client] second 22.911897: 94749035.814490 bit/s, bytes received: 1184565 B, packets received: 976
[client] second 23.011908: 94753015.955521 bit/s, bytes received: 1184547 B, packets received: 976
[client] second 23.111936: 94738152.267485 bit/s, bytes received: 1184556 B, packets received: 976
[client] second 23.211967: 94833035.971161 bit/s, bytes received: 1185783 B, packets received: 976
[client] second 23.312051: 94684976.812370 bit/s, bytes received: 1184556 B, packets received: 977
[client] second 23.412130: 94787931.943559 bit/s, bytes received: 1185783 B, packets received: 976
[client] second 23.512181: 94716237.231728 bit/s, bytes received: 1184556 B, packets received: 977
[client] second 23.612222: 94823102.559157 bit/s, bytes received: 1185783 B, packets received: 976
[client] second 23.712315: 94675718.209366 bit/s, bytes received: 1184547 B, packets received: 977
[client] second 23.812376: 94749146.470037 bit/s, bytes received: 1185079 B, packets received: 976
[client] second 23.912406: 94833390.322855 bit/s, bytes received: 1185774 B, packets received: 977
[client] second 24.012422: 94650552.164515 bit/s, bytes received: 1183329 B, packets received: 976
[client] second 24.112519: 94772153.175227 bit/s, bytes received: 1185792 B, packets received: 976
[client] second 24.212538: 94745328.243843 bit/s, bytes received: 1184547 B, packets received: 976
[client] second 24.312621: 94783907.747030 bit/s, bytes received: 1185783 B, packets received: 977
[client] second 24.412672: 94716447.395197 bit/s, bytes received: 1184556 B, packets received: 977
[client] second 24.512785: 94754996.428957 bit/s, bytes received: 1185783 B, packets received: 976
[client] second 24.612866: 94786289.643692 bit/s, bytes received: 1185783 B, packets received: 977
[client] second 24.712888: 94743751.961946 bit/s, bytes received: 1184556 B, packets received: 976
[client] second 24.812931: 94723446.750102 bit/s, bytes received: 1184556 B, packets received: 977
[client] second 24.912953: 94742558.510257 bit/s, bytes received: 1184547 B, packets received: 976
[client] second 25.012972: 94748115.019900 bit/s, bytes received: 1184565 B, packets received: 976
[client] second 25.113012: 94767216.434328 bit/s, bytes received: 1185070 B, packets received: 976
[client] second 25.213031: 94746361.653261 bit/s, bytes received: 1184556 B, packets received: 976
[client] second 25.313047: 94749256.636936 bit/s, bytes received: 1184556 B, packets received: 977
[client] second 25.413076: 94834406.641945 bit/s, bytes received: 1185774 B, packets received: 976
[client] second 25.513104: 94738181.628162 bit/s, bytes received: 1184556 B, packets received: 976
[client] second 25.613193: 94680258.123189 bit/s, bytes received: 1184556 B, packets received: 977
[client] second 25.713217: 94839857.569415 bit/s, bytes received: 1185783 B, packets received: 976
[client] second 25.813389: 94700020.178350 bit/s, bytes received: 1185783 B, packets received: 977
[client] second 25.913443: 94713393.489819 bit/s, bytes received: 1184556 B, packets received: 976
[client] second 26.013461: 94747386.623979 bit/s, bytes received: 1184556 B, packets received: 976
[client] second 26.113570: 94759274.687985 bit/s, bytes received: 1185783 B, packets received: 977
[client] second 26.213587: 94748146.367048 bit/s, bytes received: 1184556 B, packets received: 977
[client] second 26.313639: 94756312.504051 bit/s, bytes received: 1185070 B, packets received: 976
[client] second 26.413659: 94745043.054417 bit/s, bytes received: 1184556 B, packets received: 976
[client] second 26.513682: 94841083.570115 bit/s, bytes received: 1185783 B, packets received: 977
[client] second 26.613758: 94692949.892581 bit/s, bytes received: 1184556 B, packets received: 976
[client] second 26.713803: 94720991.577883 bit/s, bytes received: 1184547 B, packets received: 976
[client] second 26.813816: 94752219.062853 bit/s, bytes received: 1184556 B, packets received: 976
[client] second 26.913846: 94736188.931899 bit/s, bytes received: 1184556 B, packets received: 977
[client] second 27.013921: 94791131.466244 bit/s, bytes received: 1185783 B, packets received: 976
[client] second 27.113986: 94801352.821428 bit/s, bytes received: 1185783 B, packets received: 977
[client] second 27.214059: 94695614.508261 bit/s, bytes received: 1184556 B, packets received: 976
[client] second 27.314109: 94814424.968615 bit/s, bytes received: 1185783 B, packets received: 977
[client] second 27.414130: 94646959.964339 bit/s, bytes received: 1183329 B, packets received: 976
[client] second 27.514174: 94763297.663923 bit/s, bytes received: 1185070 B, packets received: 977
[client] second 27.614194: 94745840.650769 bit/s, bytes received: 1184556 B, packets received: 976
[client] second 27.714210: 94749740.730332 bit/s, bytes received: 1184556 B, packets received: 976
[client] second 27.814228: 94746441.297995 bit/s, bytes received: 1184547 B, packets received: 976
[client] second 27.914397: 94800886.073336 bit/s, bytes received: 1187010 B, packets received: 977
[client] second 28.014458: 94705798.157412 bit/s, bytes received: 1184547 B, packets received: 977
[client] second 28.114474: 94749351.276012 bit/s, bytes received: 1184565 B, packets received: 976
[client] second 28.214490: 94750206.828843 bit/s, bytes received: 1184556 B, packets received: 976
[client] second 28.314510: 94842964.826947 bit/s, bytes received: 1185783 B, packets received: 976
[client] second 28.414576: 94701741.723380 bit/s, bytes received: 1184547 B, packets received: 976
[client] second 28.514599: 94743533.101415 bit/s, bytes received: 1184565 B, packets received: 976
[client] second 28.614653: 94713109.503667 bit/s, bytes received: 1184556 B, packets received: 977
[client] second 28.714729: 94790419.179627 bit/s, bytes received: 1185783 B, packets received: 976
[client] second 28.814826: 94713511.946605 bit/s, bytes received: 1185070 B, packets received: 978
[client] second 28.914892: 94799181.901418 bit/s, bytes received: 1185774 B, packets received: 976
[client] second 29.014907: 94751306.615911 bit/s, bytes received: 1184565 B, packets received: 976
[client] second 29.114977: 94697511.514894 bit/s, bytes received: 1184547 B, packets received: 977
[client] second 29.214997: 94745595.307943 bit/s, bytes received: 1184556 B, packets received: 976
[client] second 29.315098: 94767498.170212 bit/s, bytes received: 1185783 B, packets received: 976
[client] second 29.415182: 94782165.202635 bit/s, bytes received: 1185783 B, packets received: 977
[client] second 29.515233: 94716040.322658 bit/s, bytes received: 1184556 B, packets received: 976
[client] second 29.615253: 94746429.857648 bit/s, bytes received: 1184556 B, packets received: 977
[client] second 29.715324: 94795175.221746 bit/s, bytes received: 1185783 B, packets received: 976
[client] second 29.815381: 94710501.643798 bit/s, bytes received: 1184556 B, packets received: 977
[client] second 29.915456: 94791455.408646 bit/s, bytes received: 1185783 B, packets received: 976
[client] second 30.015472: 94692626.285544 bit/s, bytes received: 1183843 B, packets received: 977
[client] second 30.115485: 94751233.886880 bit/s, bytes received: 1184547 B, packets received: 976
[client] second 30.215510: 94839743.007196 bit/s, bytes received: 1185792 B, packets received: 976
[client] second 30.315527: 94649266.376101 bit/s, bytes received: 1183320 B, packets received: 976
[client] second 30.415546: 94747160.140709 bit/s, bytes received: 1184565 B, packets received: 976
[client] second 30.515560: 94848696.194777 bit/s, bytes received: 1185774 B, packets received: 976
[client] second 30.615627: 94700982.044529 bit/s, bytes received: 1184556 B, packets received: 976
[client] second 30.715669: 94724948.437269 bit/s, bytes received: 1184556 B, packets received: 977
[client] second 30.815786: 94751139.701334 bit/s, bytes received: 1185783 B, packets received: 976
[client] second 30.915863: 94790307.412220 bit/s, bytes received: 1185783 B, packets received: 977
[client] second 31.015880: 94747920.905863 bit/s, bytes received: 1184556 B, packets received: 976
[client] second 31.115900: 94745708.980137 bit/s, bytes received: 1184556 B, packets received: 976
[client] second 31.215919: 94787314.579145 bit/s, bytes received: 1185070 B, packets received: 977
[client] second 31.316010: 94677824.725610 bit/s, bytes received: 1184547 B, packets received: 977
[client] second 31.416030: 94746818.169807 bit/s, bytes received: 1184565 B, packets received: 976
[client] second 31.516051: 94842368.392180 bit/s, bytes received: 1185783 B, packets received: 976
[client] second 31.616067: 94651437.008045 bit/s, bytes received: 1183329 B, packets received: 976
[client] second 31.716087: 94842322.730854 bit/s, bytes received: 1185774 B, packets received: 976
[client] second 31.816101: 94751139.039623 bit/s, bytes received: 1184556 B, packets received: 976
[client] second 31.916200: 94769547.873124 bit/s, bytes received: 1185783 B, packets received: 977
[client] second 32.016216: 94650527.559477 bit/s, bytes received: 1183329 B, packets received: 976
[client] second 32.116240: 94840221.668402 bit/s, bytes received: 1185783 B, packets received: 976
[client] second 32.216276: 94730583.502611 bit/s, bytes received: 1184556 B, packets received: 976
[client] second 32.316323: 94719788.362257 bit/s, bytes received: 1184556 B, packets received: 976
[client] second 32.416370: 94719950.256985 bit/s, bytes received: 1184556 B, packets received: 976
[client] second 32.516393: 94783383.722689 bit/s, bytes received: 1185070 B, packets received: 977
[client] second 32.616411: 83436976.835440 bit/s, bytes received: 1043145 B, packets received: 865
[client] second 32.716468: 86234406.324572 bit/s, bytes received: 1078547 B, packets received: 888
[client] second 32.816499: 87924063.138948 bit/s, bytes received: 1099388 B, packets received: 906
[client] second 32.916670: 85212385.920711 bit/s, bytes received: 1066981 B, packets received: 879
[client] second 33.016736: 88578988.497071 bit/s, bytes received: 1107968 B, packets received: 913
[client] second 33.116765: 87239385.942557 bit/s, bytes received: 1090808 B, packets received: 899
[client] second 33.216900: 86321463.382127 bit/s, bytes received: 1080469 B, packets received: 891
[client] second 33.316917: 89702341.394370 bit/s, bytes received: 1121474 B, packets received: 923
[client] second 33.416942: 86752334.096378 bit/s, bytes received: 1084673 B, packets received: 894
[client] second 33.516962: 87892367.015383 bit/s, bytes received: 1098874 B, packets received: 906
[client] second 33.617123: 89418266.578707 bit/s, bytes received: 1119534 B, packets received: 923
[client] second 33.717187: 86382768.010152 bit/s, bytes received: 1080469 B, packets received: 890
[client] second 33.817205: 90290549.148376 bit/s, bytes received: 1128836 B, packets received: 929
[client] second 33.917288: 88957107.931789 bit/s, bytes received: 1112885 B, packets received: 918
[client] second 34.017312: 87929621.223566 bit/s, bytes received: 1099388 B, packets received: 905
[client] second 34.117391: 90627558.999328 bit/s, bytes received: 1133744 B, packets received: 934
[client] second 34.217467: 87785973.042786 bit/s, bytes received: 1098161 B, packets received: 905
[client] second 34.317490: 90286614.266562 bit/s, bytes received: 1128836 B, packets received: 931
[client] second 34.417691: 90460380.540161 bit/s, bytes received: 1133031 B, packets received: 933
[client] second 34.517711: 89013549.174170 bit/s, bytes received: 1112885 B, packets received: 917
[client] second 34.617775: 91032947.689791 bit/s, bytes received: 1138643 B, packets received: 938
[client] second 34.717869: 89829458.059189 bit/s, bytes received: 1123928 B, packets received: 926
[client] second 34.817910: 90564691.262155 bit/s, bytes received: 1132517 B, packets received: 933
[client] second 34.917935: 91503071.683001 bit/s, bytes received: 1144074 B, packets received: 943
[client] second 35.018035: 89725957.453814 bit/s, bytes received: 1122701 B, packets received: 926
[client] second 35.118065: 91750953.055735 bit/s, bytes received: 1147232 B, packets received: 945
[client] second 35.218151: 91643399.500530 bit/s, bytes received: 1146519 B, packets received: 944
[client] second 35.318232: 91017582.923080 bit/s, bytes received: 1138652 B, packets received: 938
[client] second 35.418263: 91890357.930248 bit/s, bytes received: 1148982 B, packets received: 947
[client] second 35.518369: 92269463.097989 bit/s, bytes received: 1154585 B, packets received: 951
[client] second 35.618402: 91691435.345381 bit/s, bytes received: 1146528 B, packets received: 946
[client] second 35.718441: 92177648.391900 bit/s, bytes received: 1152663 B, packets received: 950
[client] second 35.818514: 92398284.691146 bit/s, bytes received: 1155821 B, packets received: 952
[client] second 35.918538: 92583240.599976 bit/s, bytes received: 1157571 B, packets received: 953
[client] second 36.018567: 92635425.675436 bit/s, bytes received: 1158275 B, packets received: 954
[client] second 36.118580: 93181351.699283 bit/s, bytes received: 1164924 B, packets received: 960
[client] second 36.218658: 92533726.699456 bit/s, bytes received: 1157571 B, packets received: 954
[client] second 36.318694: 93749242.771694 bit/s, bytes received: 1172286 B, packets received: 966
[client] second 36.418770: 93613081.653134 bit/s, bytes received: 1171059 B, packets received: 966
[client] second 36.518862: 93402473.460515 bit/s, bytes received: 1168605 B, packets received: 962
[client] second 36.618933: 93969675.640563 bit/s, bytes received: 1175453 B, packets received: 968
[client] second 36.718956: 93957574.724601 bit/s, bytes received: 1174740 B, packets received: 969
[client] second 36.819029: 94401125.882567 bit/s, bytes received: 1180875 B, packets received: 973
[client] second 36.919045: 94454213.867236 bit/s, bytes received: 1180875 B, packets received: 972
[client] second 37.019122: 94594261.875074 bit/s, bytes received: 1183329 B, packets received: 975
[client] second 37.119159: 94573803.474841 bit/s, bytes received: 1182616 B, packets received: 975
[client] second 37.219203: 94722758.413829 bit/s, bytes received: 1184556 B, packets received: 977
[client] second 37.319225: 94841042.641283 bit/s, bytes received: 1185774 B, packets received: 976
[client] second 37.419328: 94667014.628419 bit/s, bytes received: 1184556 B, packets received: 976
[client] second 37.519342: 94751093.565501 bit/s, bytes received: 1184556 B, packets received: 976
[client] second 37.619365: 94742826.526997 bit/s, bytes received: 1184556 B, packets received: 977
[client] second 37.719385: 94746205.351912 bit/s, bytes received: 1184556 B, packets received: 976
[client] second 37.819398: 94751349.358006 bit/s, bytes received: 1184556 B, packets received: 976
[client] second 37.919454: 94809787.335952 bit/s, bytes received: 1185783 B, packets received: 976
[client] second 38.019523: 94699515.185588 bit/s, bytes received: 1184556 B, packets received: 977
[client] second 38.119538: 94749925.463949 bit/s, bytes received: 1184556 B, packets received: 976
[client] second 38.219618: 94786334.157413 bit/s, bytes received: 1185783 B, packets received: 976
[client] second 38.319637: 94747231.266548 bit/s, bytes received: 1184556 B, packets received: 976
[client] second 38.419736: 94809652.886641 bit/s, bytes received: 1186297 B, packets received: 978
[client] second 38.519748: 94654957.618887 bit/s, bytes received: 1183329 B, packets received: 976
[client] second 38.619758: 94754719.316363 bit/s, bytes received: 1184556 B, packets received: 976
[client] second 38.719772: 94751169.355729 bit/s, bytes received: 1184556 B, packets received: 976
[client] second 38.819793: 94744091.126682 bit/s, bytes received: 1184547 B, packets received: 976
[client] second 38.919816: 94841506.467114 bit/s, bytes received: 1185783 B, packets received: 976
[client] second 39.019878: 94704921.022218 bit/s, bytes received: 1184556 B, packets received: 976
[client] second 39.119928: 94717571.122901 bit/s, bytes received: 1184556 B, packets received: 977
[client] second 39.219956: 94836129.508357 bit/s, bytes received: 1185783 B, packets received: 976
[client] second 39.320022: 94701717.117048 bit/s, bytes received: 1184547 B, packets received: 976
[client] second 39.420074: 94715227.298925 bit/s, bytes received: 1184565 B, packets received: 976
[client] second 39.520089: 94749463.253490 bit/s, bytes received: 1184547 B, packets received: 976
[client] second 39.620108: 94788388.880475 bit/s, bytes received: 1185079 B, packets received: 977
[client] second 39.720169: 94706532.860804 bit/s, bytes received: 1184556 B, packets received: 977
[client] second 39.820192: 94742789.585752 bit/s, bytes received: 1184556 B, packets received: 976
[client] second 39.920221: 94835845.080331 bit/s, bytes received: 1185783 B, packets received: 976
[client] second 40.020247: 94739041.619935 bit/s, bytes received: 1184556 B, packets received: 976
[client] total: bytes received: 467816827 B, packets received: 385551
