Bandwidth: 100 Mbit/s
RTT: 72 ms
BDP: 900000 B/s
Max In-Flight Packets: 703
[server] starting server with pid 1350008, port 18080, cc cubic, iw 32
[server][session 0] open
[client] connection establishment time: 0.147541 s
[server][session 0][stream 0] open
[client] time to first byte: 0.220660 s
[client] second 0.100158: 6312692.963444 bit/s, bytes received: 79033 B, packets received: 71
[client] second 0.200369: 13401922.016292 bit/s, bytes received: 167877 B, packets received: 139
[client] second 0.300891: 33092123.150000 bit/s, bytes received: 415812 B, packets received: 342
[client] second 0.400964: 51073835.031925 bit/s, bytes received: 638892 B, packets received: 532
[client] second 0.501048: 89348085.344074 bit/s, bytes received: 1117785 B, packets received: 927
[client] second 0.601065: 54228230.188607 bit/s, bytes received: 677971 B, packets received: 978
[client] second 0.701970: 126646345.346570 bit/s, bytes received: 1597404 B, packets received: 931
[client] second 0.802087: 68274245.765155 bit/s, bytes received: 854422 B, packets received: 898
[client] second 0.902155: 13951690.248893 bit/s, bytes received: 174515 B, packets received: 980
[client] second 1.002192: 14644025.518005 bit/s, bytes received: 183118 B, packets received: 984
[client] second 1.102276: 274460145.218886 bit/s, bytes received: 3433632 B, packets received: 988
[client] second 1.202300: 94839746.633560 bit/s, bytes received: 1185783 B, packets received: 976
[client] second 1.302319: 94746451.766661 bit/s, bytes received: 1184554 B, packets received: 976
[client] second 1.402347: 94737215.367838 bit/s, bytes received: 1184551 B, packets received: 976
[client] second 1.502368: 94745622.538542 bit/s, bytes received: 1184560 B, packets received: 976
[client] second 1.602446: 94690301.944799 bit/s, bytes received: 1184559 B, packets received: 976
[client] second 1.702532: 94822247.252969 bit/s, bytes received: 1186295 B, packets received: 978
[client] second 1.802554: 94645721.305215 bit/s, bytes received: 1183329 B, packets received: 976
[client] second 1.902568: 94750169.701089 bit/s, bytes received: 1184544 B, packets received: 976
[client] second 2.002647: 94788506.649262 bit/s, bytes received: 1185795 B, packets received: 976
[client] second 2.102698: 94715852.651938 bit/s, bytes received: 1184549 B, packets received: 977
[client] second 2.202728: 94834940.136189 bit/s, bytes received: 1185790 B, packets received: 976
[client] second 2.302786: 94708796.639092 bit/s, bytes received: 1184549 B, packets received: 976
[client] second 2.402831: 94721819.187075 bit/s, bytes received: 1184556 B, packets received: 977
[client] second 2.502855: 94840079.441902 bit/s, bytes received: 1185783 B, packets received: 976
[client] second 2.602869: 94750769.563644 bit/s, bytes received: 1184556 B, packets received: 976
[client] second 2.702928: 94708930.371069 bit/s, bytes received: 1184556 B, packets received: 976
[client] second 2.802979: 94715720.347165 bit/s, bytes received: 1184556 B, packets received: 976
[client] second 2.903093: 94754460.727277 bit/s, bytes received: 1185783 B, packets received: 978
[client] second 3.003113: 94787364.997369 bit/s, bytes received: 1185068 B, packets received: 976
[client] second 3.103161: 94717503.687318 bit/s, bytes received: 1184549 B, packets received: 977
[client] second 3.203181: 94844534.595592 bit/s, bytes received: 1185790 B, packets received: 976
[client] second 3.303241: 94707090.063536 bit/s, bytes received: 1184549 B, packets received: 976
[client] second 3.403295: 94812491.435206 bit/s, bytes received: 1185790 B, packets received: 977
[client] second 3.503412: 94750676.891645 bit/s, bytes received: 1185776 B, packets received: 977
[client] second 3.603486: 94694186.611395 bit/s, bytes received: 1184556 B, packets received: 976
[client] second 3.703537: 94716479.582477 bit/s, bytes received: 1184556 B, packets received: 977
[client] second 3.803645: 94760133.370352 bit/s, bytes received: 1185781 B, packets received: 977
[client] second 3.903661: 94847224.480605 bit/s, bytes received: 1185783 B, packets received: 976
[client] second 4.003734: 94695105.418819 bit/s, bytes received: 1184556 B, packets received: 976
[client] second 4.103785: 94716394.380901 bit/s, bytes received: 1184556 B, packets received: 976
[client] second 4.203857: 94738074.490026 bit/s, bytes received: 1185070 B, packets received: 977
[client] second 4.303865: 94755488.793383 bit/s, bytes received: 1184547 B, packets received: 976
[client] second 4.403885: 94746563.350989 bit/s, bytes received: 1184565 B, packets received: 977
[client] second 4.503913: 94736783.700841 bit/s, bytes received: 1184547 B, packets received: 975
[client] second 4.603929: 94750067.567222 bit/s, bytes received: 1184556 B, packets received: 977
[client] second 4.703942: 94751776.629307 bit/s, bytes received: 1184556 B, packets received: 976
[client] second 4.803959: 94846483.849941 bit/s, bytes received: 1185783 B, packets received: 976
[client] second 4.904039: 94688574.797785 bit/s, bytes received: 1184556 B, packets received: 976
[client] second 5.004090: 94716128.363632 bit/s, bytes received: 1184556 B, packets received: 976
[client] second 5.104108: 94748151.103639 bit/s, bytes received: 1184556 B, packets received: 977
[client] second 5.204123: 94750105.461500 bit/s, bytes received: 1184556 B, packets received: 976
[client] second 5.304141: 94746708.359913 bit/s, bytes received: 1184556 B, packets received: 976
[client] second 5.404155: 94750857.775697 bit/s, bytes received: 1184547 B, packets received: 976
[client] second 5.504205: 94759124.270566 bit/s, bytes received: 1185079 B, packets received: 976
[client] second 5.604237: 94733792.882472 bit/s, bytes received: 1184556 B, packets received: 977
[client] second 5.704257: 94843446.393511 bit/s, bytes received: 1185774 B, packets received: 976
[client] second 5.804333: 94692508.958566 bit/s, bytes received: 1184556 B, packets received: 976
[client] second 5.904381: 94816993.203132 bit/s, bytes received: 1185783 B, packets received: 977
[client] second 6.004404: 94644537.559681 bit/s, bytes received: 1183329 B, packets received: 976
[client] second 6.104570: 94803810.577912 bit/s, bytes received: 1187010 B, packets received: 977
[client] second 6.204687: 94751474.727306 bit/s, bytes received: 1185783 B, packets received: 977
[client] second 6.304745: 94709443.395349 bit/s, bytes received: 1184556 B, packets received: 977
[client] second 6.404765: 94745388.804156 bit/s, bytes received: 1184556 B, packets received: 976
[client] second 6.504842: 94789741.001785 bit/s, bytes received: 1185783 B, packets received: 976
[client] second 6.604887: 94722257.553695 bit/s, bytes received: 1184556 B, packets received: 976
[client] second 6.704956: 94739639.420846 bit/s, bytes received: 1185070 B, packets received: 978
[client] second 6.805025: 94796943.821992 bit/s, bytes received: 1185783 B, packets received: 976
[client] second 6.905076: 94716622.532133 bit/s, bytes received: 1184556 B, packets received: 976
[client] second 7.005153: 94789220.459476 bit/s, bytes received: 1185774 B, packets received: 977
[client] second 7.105215: 94705508.773797 bit/s, bytes received: 1184556 B, packets received: 976
[client] second 7.205233: 94747468.092104 bit/s, bytes received: 1184556 B, packets received: 977
[client] second 7.305254: 94744896.229949 bit/s, bytes received: 1184556 B, packets received: 976
[client] second 7.405364: 94758463.492821 bit/s, bytes received: 1185783 B, packets received: 977
[client] second 7.505386: 94841734.036566 bit/s, bytes received: 1185783 B, packets received: 976
[client] second 7.605454: 94699516.131933 bit/s, bytes received: 1184556 B, packets received: 976
[client] second 7.705473: 94746709.307202 bit/s, bytes received: 1184556 B, packets received: 976
[client] second 7.805510: 94729789.950920 bit/s, bytes received: 1184556 B, packets received: 976
[client] second 7.905580: 94739260.727461 bit/s, bytes received: 1185070 B, packets received: 977
[client] second 8.005695: 94753087.427847 bit/s, bytes received: 1185783 B, packets received: 978
[client] second 8.105714: 94746936.657209 bit/s, bytes received: 1184556 B, packets received: 976
[client] second 8.205735: 94841785.089026 bit/s, bytes received: 1185774 B, packets received: 976
[client] second 8.305816: 94688044.969459 bit/s, bytes received: 1184556 B, packets received: 976
[client] second 8.405852: 94730452.869887 bit/s, bytes received: 1184565 B, packets received: 977
[client] second 8.505910: 94807653.047472 bit/s, bytes received: 1185774 B, packets received: 976
[client] second 8.605945: 94730872.328424 bit/s, bytes received: 1184556 B, packets received: 976
[client] second 8.706062: 94751807.862825 bit/s, bytes received: 1185783 B, packets received: 977
[client] second 8.806122: 94708050.102507 bit/s, bytes received: 1184556 B, packets received: 977
[client] second 8.906137: 94848128.236380 bit/s, bytes received: 1185783 B, packets received: 976
[client] second 9.006159: 94743701.758767 bit/s, bytes received: 1184556 B, packets received: 976
[client] second 9.106203: 94665631.870341 bit/s, bytes received: 1183843 B, packets received: 977
[client] second 9.206230: 94837203.713592 bit/s, bytes received: 1185783 B, packets received: 976
[client] second 9.306261: 94735407.598116 bit/s, bytes received: 1184556 B, packets received: 976
[client] second 9.406351: 94678691.195960 bit/s, bytes received: 1184547 B, packets received: 977
[client] second 9.506384: 94830592.949419 bit/s, bytes received: 1185783 B, packets received: 976
[client] second 9.606486: 94668683.383916 bit/s, bytes received: 1184565 B, packets received: 977
[client] second 9.706506: 94842924.859009 bit/s, bytes received: 1185774 B, packets received: 976
[client] second 9.806620: 94656705.250001 bit/s, bytes received: 1184553 B, packets received: 977
[client] second 9.906698: 94788852.749668 bit/s, bytes received: 1185786 B, packets received: 976
[client] second 10.006755: 94710100.098587 bit/s, bytes received: 1184547 B, packets received: 977
[client] second 10.106777: 94841753.948945 bit/s, bytes received: 1185783 B, packets received: 976
[client] second 10.206880: 94666948.960352 bit/s, bytes received: 1184565 B, packets received: 976
[client] second 10.306944: 94745759.525741 bit/s, bytes received: 1185070 B, packets received: 978
[client] second 10.406960: 94748665.500241 bit/s, bytes received: 1184556 B, packets received: 976
[client] second 10.506993: 94831618.680897 bit/s, bytes received: 1185783 B, packets received: 976
[client] second 10.607078: 94682871.476069 bit/s, bytes received: 1184547 B, packets received: 976
[client] second 10.707099: 94744917.069523 bit/s, bytes received: 1184556 B, packets received: 977
[client] second 10.807226: 94742866.022992 bit/s, bytes received: 1185792 B, packets received: 977
[client] second 10.907292: 94800352.376475 bit/s, bytes received: 1185783 B, packets received: 976
[client] second 11.007348: 94710622.605187 bit/s, bytes received: 1184547 B, packets received: 977
[client] second 11.107368: 94843549.890278 bit/s, bytes received: 1185783 B, packets received: 976
[client] second 11.207386: 94748039.320217 bit/s, bytes received: 1184556 B, packets received: 976
[client] second 11.307495: 94659797.983668 bit/s, bytes received: 1184547 B, packets received: 977
[client] second 11.407517: 94841744.466859 bit/s, bytes received: 1185783 B, packets received: 976
[client] second 11.507559: 94668457.942108 bit/s, bytes received: 1183852 B, packets received: 976
[client] second 11.607586: 94837100.368871 bit/s, bytes received: 1185783 B, packets received: 977
[client] second 11.707608: 94744100.543973 bit/s, bytes received: 1184556 B, packets received: 976
[client] second 11.807677: 94698806.377777 bit/s, bytes received: 1184556 B, packets received: 976
[client] second 11.907727: 94716522.028968 bit/s, bytes received: 1184547 B, packets received: 977
[client] second 12.007749: 94744279.515640 bit/s, bytes received: 1184565 B, packets received: 976
[client] second 12.107768: 94844709.607649 bit/s, bytes received: 1185783 B, packets received: 976
[client] second 12.207783: 94651935.100130 bit/s, bytes received: 1183320 B, packets received: 976
[client] second 12.307797: 94848682.067947 bit/s, bytes received: 1185783 B, packets received: 976
[client] second 12.407816: 94746947.077443 bit/s, bytes received: 1184556 B, packets received: 976
[client] second 12.507930: 94655924.184932 bit/s, bytes received: 1184547 B, packets received: 977
[client] second 12.607955: 94839103.002625 bit/s, bytes received: 1185792 B, packets received: 976
[client] second 12.708032: 94691629.941421 bit/s, bytes received: 1184556 B, packets received: 976
[client] second 12.808056: 94782933.609257 bit/s, bytes received: 1185070 B, packets received: 977
[client] second 12.908134: 94690804.872361 bit/s, bytes received: 1184556 B, packets received: 977
[client] second 13.008150: 94748713.814021 bit/s, bytes received: 1184556 B, packets received: 976
[client] second 13.108168: 94845301.206323 bit/s, bytes received: 1185774 B, packets received: 976
[client] second 13.208179: 94754843.295628 bit/s, bytes received: 1184565 B, packets received: 976
[client] second 13.308253: 94694341.794919 bit/s, bytes received: 1184556 B, packets received: 976
[client] second 13.408300: 94718788.466424 bit/s, bytes received: 1184547 B, packets received: 977
[client] second 13.508347: 94818619.507707 bit/s, bytes received: 1185783 B, packets received: 976
[client] second 13.608367: 94745316.812222 bit/s, bytes received: 1184556 B, packets received: 976
[client] second 13.708401: 94732799.457206 bit/s, bytes received: 1184556 B, packets received: 976
[client] second 13.808436: 94730436.722955 bit/s, bytes received: 1184556 B, packets received: 976
[client] second 13.908485: 94816322.226592 bit/s, bytes received: 1185783 B, packets received: 977
[client] second 14.008504: 94746616.472930 bit/s, bytes received: 1184556 B, packets received: 976
[client] second 14.108561: 94654335.131818 bit/s, bytes received: 1183843 B, packets received: 976
[client] second 14.208636: 94791384.368456 bit/s, bytes received: 1185783 B, packets received: 977
[client] second 14.308687: 94715429.720411 bit/s, bytes received: 1184556 B, packets received: 977
[client] second 14.408710: 94841291.225345 bit/s, bytes received: 1185783 B, packets received: 976
[client] second 14.508751: 94627014.776872 bit/s, bytes received: 1183329 B, packets received: 975
[client] second 14.609042: 94783455.772609 bit/s, bytes received: 1188237 B, packets received: 979
[client] second 14.709061: 94843373.378336 bit/s, bytes received: 1185774 B, packets received: 977
[client] second 14.809081: 94647745.379969 bit/s, bytes received: 1183329 B, packets received: 976
[client] second 14.909155: 94792249.171610 bit/s, bytes received: 1185783 B, packets received: 976
[client] second 15.009177: 94743077.586163 bit/s, bytes received: 1184547 B, packets received: 976
[client] second 15.109219: 94725030.813667 bit/s, bytes received: 1184556 B, packets received: 977
[client] second 15.209248: 94835987.488931 bit/s, bytes received: 1185792 B, packets received: 976
[client] second 15.309293: 94664458.549240 bit/s, bytes received: 1183843 B, packets received: 977
[client] second 15.409409: 94851023.219766 bit/s, bytes received: 1187010 B, packets received: 977
[client] second 15.509430: 94744566.586995 bit/s, bytes received: 1184556 B, packets received: 976
[client] second 15.609501: 94697338.639931 bit/s, bytes received: 1184556 B, packets received: 976
[client] second 15.709516: 94750109.250930 bit/s, bytes received: 1184556 B, packets received: 976
[client] second 15.809566: 94717565.442661 bit/s, bytes received: 1184556 B, packets received: 977
[client] second 15.909648: 94783643.875542 bit/s, bytes received: 1185774 B, packets received: 976
[client] second 16.009661: 94751875.158048 bit/s, bytes received: 1184556 B, packets received: 976
[client] second 16.109711: 94717907.205027 bit/s, bytes received: 1184556 B, packets received: 976
[client] second 16.209791: 94786184.515708 bit/s, bytes received: 1185783 B, packets received: 977
[client] second 16.309846: 94712104.018468 bit/s, bytes received: 1184547 B, packets received: 977
[client] second 16.409925: 94788194.857242 bit/s, bytes received: 1185792 B, packets received: 976
[client] second 16.510012: 94723739.744113 bit/s, bytes received: 1185070 B, packets received: 977
[client] second 16.610031: 94746360.705979 bit/s, bytes received: 1184556 B, packets received: 977
[client] second 16.710111: 94786090.753108 bit/s, bytes received: 1185783 B, packets received: 976
[client] second 16.810166: 94712908.821147 bit/s, bytes received: 1184556 B, packets received: 976
[client] second 16.910281: 94753138.535452 bit/s, bytes received: 1185783 B, packets received: 978
[client] second 17.010358: 94789914.334026 bit/s, bytes received: 1185783 B, packets received: 976
[client] second 17.110474: 68176899.995490 bit/s, bytes received: 853195 B, packets received: 977
[client] second 17.210549: 100225921.493363 bit/s, bytes received: 1253764 B, packets received: 981
[client] second 17.310621: 111394177.553861 bit/s, bytes received: 1393434 B, packets received: 930
[client] second 17.410709: 94820561.594640 bit/s, bytes received: 1186297 B, packets received: 978
[client] second 17.510728: 94746589.948886 bit/s, bytes received: 1184556 B, packets received: 976
[client] second 17.610747: 94745620.884163 bit/s, bytes received: 1184556 B, packets received: 976
[client] second 17.710838: 94678342.590694 bit/s, bytes received: 1184556 B, packets received: 977
[client] second 17.810860: 94743951.827957 bit/s, bytes received: 1184556 B, packets received: 976
[client] second 17.910886: 94739992.554125 bit/s, bytes received: 1184556 B, packets received: 976
[client] second 18.010986: 94767451.066404 bit/s, bytes received: 1185774 B, packets received: 977
[client] second 18.111008: 94841698.156141 bit/s, bytes received: 1185792 B, packets received: 976
[client] second 18.211077: 94699699.723407 bit/s, bytes received: 1184556 B, packets received: 976
[client] second 18.311127: 94716409.372626 bit/s, bytes received: 1184547 B, packets received: 976
[client] second 18.411208: 94785749.799762 bit/s, bytes received: 1185783 B, packets received: 977
[client] second 18.511231: 94742157.800201 bit/s, bytes received: 1184556 B, packets received: 976
[client] second 18.611280: 94717453.584117 bit/s, bytes received: 1184547 B, packets received: 977
[client] second 18.711341: 94847143.953009 bit/s, bytes received: 1186306 B, packets received: 977
[client] second 18.811368: 94640248.504342 bit/s, bytes received: 1183329 B, packets received: 976
[client] second 18.911469: 94865776.746065 bit/s, bytes received: 1187010 B, packets received: 977
[client] second 19.011487: 94746799.299783 bit/s, bytes received: 1184556 B, packets received: 976
[client] second 19.111501: 94653510.540419 bit/s, bytes received: 1183329 B, packets received: 976
[client] second 19.211524: 94742280.936154 bit/s, bytes received: 1184556 B, packets received: 976
[client] second 19.311603: 94787572.034452 bit/s, bytes received: 1185783 B, packets received: 976
[client] second 19.411645: 94724435.150747 bit/s, bytes received: 1184547 B, packets received: 977
[client] second 19.511684: 94825779.595289 bit/s, bytes received: 1185792 B, packets received: 976
[client] second 19.611779: 94673946.613805 bit/s, bytes received: 1184547 B, packets received: 977
[client] second 19.711804: 94838483.513954 bit/s, bytes received: 1185774 B, packets received: 976
[client] second 19.811831: 94738760.321348 bit/s, bytes received: 1184556 B, packets received: 976
[client] second 19.911971: 94673652.863506 bit/s, bytes received: 1185079 B, packets received: 978
[client] second 20.012050: 94787999.190038 bit/s, bytes received: 1185783 B, packets received: 976
[client] second 20.112099: 94717633.605595 bit/s, bytes received: 1184556 B, packets received: 977
[client] second 20.212117: 94747566.611884 bit/s, bytes received: 1184556 B, packets received: 976
[client] second 20.312199: 94785447.679264 bit/s, bytes received: 1185783 B, packets received: 976
[client] second 20.412243: 94722404.308006 bit/s, bytes received: 1184556 B, packets received: 976
[client] second 20.512264: 94742546.627805 bit/s, bytes received: 1184523 B, packets received: 977
[client] second 20.612283: 94748149.611422 bit/s, bytes received: 1184580 B, packets received: 975
[client] second 20.712306: 94743012.180870 bit/s, bytes received: 1184556 B, packets received: 977
[client] second 20.812409: 94764234.923171 bit/s, bytes received: 1185783 B, packets received: 977
[client] second 20.912525: 94753234.125749 bit/s, bytes received: 1185783 B, packets received: 977
[client] second 21.012548: 94742112.374743 bit/s, bytes received: 1184547 B, packets received: 976
[client] second 21.112603: 94754299.889361 bit/s, bytes received: 1185079 B, packets received: 977
[client] second 21.212620: 94748109.421654 bit/s, bytes received: 1184556 B, packets received: 976
[client] second 21.312632: 94752617.919763 bit/s, bytes received: 1184556 B, packets received: 976
[client] second 21.412710: 94789507.998789 bit/s, bytes received: 1185783 B, packets received: 976
[client] second 21.512769: 94708244.138795 bit/s, bytes received: 1184556 B, packets received: 977
[client] second 21.612791: 94841853.510966 bit/s, bytes received: 1185783 B, packets received: 976
[client] second 21.712812: 94744144.172391 bit/s, bytes received: 1184547 B, packets received: 976
[client] second 21.812866: 94713242.030326 bit/s, bytes received: 1184556 B, packets received: 976
[client] second 21.912916: 94716210.724690 bit/s, bytes received: 1184556 B, packets received: 977
[client] second 22.012937: 94745367.017112 bit/s, bytes received: 1184556 B, packets received: 976
[client] second 22.112959: 94841159.425802 bit/s, bytes received: 1185783 B, packets received: 976
[client] second 22.213061: 94668432.248693 bit/s, bytes received: 1184556 B, packets received: 976
[client] second 22.313084: 94742141.738098 bit/s, bytes received: 1184547 B, packets received: 977
[client] second 22.413140: 94753322.571619 bit/s, bytes received: 1185079 B, packets received: 977
[client] second 22.513159: 94844760.814139 bit/s, bytes received: 1185783 B, packets received: 976
[client] second 22.613176: 94747067.461655 bit/s, bytes received: 1184547 B, packets received: 976
[client] second 22.713293: 94751916.700221 bit/s, bytes received: 1185783 B, packets received: 977
[client] second 22.813311: 94748184.173604 bit/s, bytes received: 1184565 B, packets received: 976
[client] second 22.913332: 94645815.238782 bit/s, bytes received: 1183320 B, packets received: 976
[client] second 23.013349: 94845919.612831 bit/s, bytes received: 1185783 B, packets received: 976
[client] second 23.113408: 94708927.531467 bit/s, bytes received: 1184556 B, packets received: 976
[client] second 23.213449: 94725309.190144 bit/s, bytes received: 1184556 B, packets received: 976
[client] second 23.313476: 94739577.702001 bit/s, bytes received: 1184556 B, packets received: 977
[client] second 23.413497: 94842641.480617 bit/s, bytes received: 1185783 B, packets received: 976
[client] second 23.513606: 94661232.993174 bit/s, bytes received: 1184556 B, packets received: 977
[client] second 23.613663: 94751503.524093 bit/s, bytes received: 1185070 B, packets received: 977
[client] second 23.713691: 94737899.387569 bit/s, bytes received: 1184556 B, packets received: 976
[client] second 23.813753: 94803111.733729 bit/s, bytes received: 1185774 B, packets received: 976
[client] second 23.913776: 94743164.682810 bit/s, bytes received: 1184556 B, packets received: 976
[client] second 24.013825: 94718354.196382 bit/s, bytes received: 1184565 B, packets received: 977
[client] second 24.113839: 94750408.719907 bit/s, bytes received: 1184547 B, packets received: 975
[client] second 24.213856: 94748697.709423 bit/s, bytes received: 1184556 B, packets received: 977
[client] second 24.313972: 94752221.446260 bit/s, bytes received: 1185783 B, packets received: 977
[client] second 24.413987: 94750444.616639 bit/s, bytes received: 1184556 B, packets received: 975
[client] second 24.514027: 94825022.913410 bit/s, bytes received: 1185783 B, packets received: 977
[client] second 24.614126: 94670821.209869 bit/s, bytes received: 1184556 B, packets received: 977
[client] second 24.714196: 94796201.134473 bit/s, bytes received: 1185783 B, packets received: 976
[client] second 24.814253: 94709602.208169 bit/s, bytes received: 1184547 B, packets received: 977
[client] second 24.914308: 94753693.798464 bit/s, bytes received: 1185079 B, packets received: 977
[client] second 25.014340: 94832301.027420 bit/s, bytes received: 1185774 B, packets received: 976
[client] second 25.114446: 94663479.189955 bit/s, bytes received: 1184547 B, packets received: 976
[client] second 25.214472: 94839504.239266 bit/s, bytes received: 1185801 B, packets received: 977
[client] second 25.314528: 94710522.268328 bit/s, bytes received: 1184547 B, packets received: 976
[client] second 25.414585: 94710777.095171 bit/s, bytes received: 1184556 B, packets received: 977
[client] second 25.514605: 94744363.933815 bit/s, bytes received: 1184547 B, packets received: 975
[client] second 25.614625: 94746020.563057 bit/s, bytes received: 1184565 B, packets received: 977
[client] second 25.714740: 94753947.746540 bit/s, bytes received: 1185783 B, packets received: 976
[client] second 25.814819: 94787925.313630 bit/s, bytes received: 1185783 B, packets received: 977
[client] second 25.914867: 94717664.701296 bit/s, bytes received: 1184547 B, packets received: 976
[client] second 26.014887: 94746373.967935 bit/s, bytes received: 1184556 B, packets received: 977
[client] second 26.114935: 94760346.070500 bit/s, bytes received: 1185079 B, packets received: 977
[client] second 26.214951: 94749052.104642 bit/s, bytes received: 1184547 B, packets received: 975
[client] second 26.314975: 94741495.713140 bit/s, bytes received: 1184556 B, packets received: 976
[client] second 26.414991: 94750140.412683 bit/s, bytes received: 1184565 B, packets received: 977
[client] second 26.515022: 94734579.854713 bit/s, bytes received: 1184547 B, packets received: 976
[client] second 26.615038: 94846690.580512 bit/s, bytes received: 1185783 B, packets received: 976
[client] second 26.715058: 94745843.492585 bit/s, bytes received: 1184556 B, packets received: 976
[client] second 26.815149: 94678496.776368 bit/s, bytes received: 1184556 B, packets received: 977
[client] second 26.915228: 94787128.781727 bit/s, bytes received: 1185783 B, packets received: 976
[client] second 27.015283: 94712741.270826 bit/s, bytes received: 1184556 B, packets received: 977
[client] second 27.115367: 94783295.955123 bit/s, bytes received: 1185783 B, packets received: 976
[client] second 27.215385: 94746868.528279 bit/s, bytes received: 1184547 B, packets received: 976
[client] second 27.315476: 94818181.232351 bit/s, bytes received: 1186306 B, packets received: 978
[client] second 27.415491: 94651589.373146 bit/s, bytes received: 1183329 B, packets received: 976
[client] second 27.515518: 94739256.620317 bit/s, bytes received: 1184556 B, packets received: 976
[client] second 27.615545: 94836963.840410 bit/s, bytes received: 1185783 B, packets received: 976
[client] second 27.715635: 94678953.221231 bit/s, bytes received: 1184547 B, packets received: 976
[client] second 27.815662: 94836317.231789 bit/s, bytes received: 1185783 B, packets received: 977
[client] second 27.915684: 94744211.370861 bit/s, bytes received: 1184556 B, packets received: 976
[client] second 28.015780: 94673748.945469 bit/s, bytes received: 1184565 B, packets received: 977
[client] second 28.115801: 94744572.329212 bit/s, bytes received: 1184547 B, packets received: 976
[client] second 28.215914: 94755171.527109 bit/s, bytes received: 1185783 B, packets received: 977
[client] second 28.315932: 94746924.342389 bit/s, bytes received: 1184556 B, packets received: 976
[client] second 28.415944: 94753113.416515 bit/s, bytes received: 1184556 B, packets received: 976
[client] second 28.515958: 94751899.790265 bit/s, bytes received: 1184556 B, packets received: 976
[client] second 28.616011: 94755423.213192 bit/s, bytes received: 1185070 B, packets received: 977
[client] second 28.716031: 94745597.202478 bit/s, bytes received: 1184556 B, packets received: 976
[client] second 28.816065: 94830438.428023 bit/s, bytes received: 1185783 B, packets received: 976
[client] second 28.916162: 94671182.943623 bit/s, bytes received: 1184547 B, packets received: 977
[client] second 29.016187: 94741648.210198 bit/s, bytes received: 1184556 B, packets received: 976
[client] second 29.116222: 94829213.650480 bit/s, bytes received: 1185783 B, packets received: 976
[client] second 29.216308: 94682999.597866 bit/s, bytes received: 1184556 B, packets received: 977
[client] second 29.316333: 94838588.933846 bit/s, bytes received: 1185783 B, packets received: 976
[client] second 29.416434: 94668737.718795 bit/s, bytes received: 1184556 B, packets received: 977
[client] second 29.516456: 94743983.086699 bit/s, bytes received: 1184556 B, packets received: 976
[client] second 29.616478: 94841818.427182 bit/s, bytes received: 1185783 B, packets received: 976
[client] second 29.716497: 94746499.009418 bit/s, bytes received: 1184556 B, packets received: 976
[client] second 29.816518: 94687145.704061 bit/s, bytes received: 1183843 B, packets received: 976
[client] second 29.916559: 94725481.519259 bit/s, bytes received: 1184556 B, packets received: 976
[client] second 30.016584: 94741173.671277 bit/s, bytes received: 1184556 B, packets received: 977
[client] second 30.116686: 94764951.763108 bit/s, bytes received: 1185774 B, packets received: 976
[client] second 30.216711: 94741126.312364 bit/s, bytes received: 1184556 B, packets received: 977
[client] second 30.316725: 94751187.355926 bit/s, bytes received: 1184556 B, packets received: 976
[client] second 30.416804: 94787386.398191 bit/s, bytes received: 1185783 B, packets received: 976
[client] second 30.516849: 94722208.320093 bit/s, bytes received: 1184556 B, packets received: 976
[client] second 30.616872: 94742314.088196 bit/s, bytes received: 1184556 B, packets received: 977
[client] second 30.716905: 94831473.636189 bit/s, bytes received: 1185783 B, packets received: 976
[client] second 30.817002: 94673305.819564 bit/s, bytes received: 1184556 B, packets received: 977
[client] second 30.917084: 94784976.034187 bit/s, bytes received: 1185783 B, packets received: 976
[client] second 31.017106: 94743225.304835 bit/s, bytes received: 1184556 B, packets received: 976
[client] second 31.117195: 94721145.679301 bit/s, bytes received: 1185070 B, packets received: 978
[client] second 31.217212: 94748264.781965 bit/s, bytes received: 1184556 B, packets received: 976
[client] second 31.317225: 94751293.572305 bit/s, bytes received: 1184547 B, packets received: 976
[client] second 31.417241: 94848183.239911 bit/s, bytes received: 1185783 B, packets received: 976
[client] second 31.517257: 94651050.892470 bit/s, bytes received: 1183329 B, packets received: 976
[client] second 31.617331: 94791695.051672 bit/s, bytes received: 1185783 B, packets received: 976
[client] second 31.717348: 94749639.266743 bit/s, bytes received: 1184565 B, packets received: 976
[client] second 31.817379: 94734904.695379 bit/s, bytes received: 1184547 B, packets received: 976
[client] second 31.917475: 94770963.308643 bit/s, bytes received: 1185783 B, packets received: 977
[client] second 32.017536: 94707006.106274 bit/s, bytes received: 1184556 B, packets received: 977
[client] second 32.117643: 94761487.797465 bit/s, bytes received: 1185783 B, packets received: 977
[client] second 32.217663: 94745616.147825 bit/s, bytes received: 1184556 B, packets received: 976
[client] second 32.317718: 94752807.525759 bit/s, bytes received: 1185070 B, packets received: 977
[client] second 32.417741: 94840602.837525 bit/s, bytes received: 1185783 B, packets received: 976
[client] second 32.517765: 94741299.680085 bit/s, bytes received: 1184547 B, packets received: 976
[client] second 32.617871: 94664826.337315 bit/s, bytes received: 1184556 B, packets received: 977
[client] second 32.717889: 94844764.607214 bit/s, bytes received: 1185783 B, packets received: 976
[client] second 32.817909: 94745569.731737 bit/s, bytes received: 1184556 B, packets received: 976
[client] second 32.917980: 94697087.870446 bit/s, bytes received: 1184556 B, packets received: 976
[client] second 33.017996: 94749394.001487 bit/s, bytes received: 1184556 B, packets received: 976
[client] second 33.118020: 94742096.232344 bit/s, bytes received: 1184556 B, packets received: 976
[client] second 33.218053: 94733081.667412 bit/s, bytes received: 1184556 B, packets received: 977
[client] second 33.318131: 94789076.093825 bit/s, bytes received: 1185783 B, packets received: 976
[client] second 33.418185: 94713103.823962 bit/s, bytes received: 1184556 B, packets received: 976
[client] second 33.518202: 94748284.675700 bit/s, bytes received: 1184556 B, packets received: 976
[client] second 33.618324: 94788695.055186 bit/s, bytes received: 1186297 B, packets received: 978
[client] second 33.718438: 94753126.355381 bit/s, bytes received: 1185774 B, packets received: 977
[client] second 33.818464: 94739828.696573 bit/s, bytes received: 1184556 B, packets received: 976
[client] second 33.918515: 94716110.376753 bit/s, bytes received: 1184556 B, packets received: 977
[client] second 34.018538: 94742647.504309 bit/s, bytes received: 1184556 B, packets received: 976
[client] second 34.118637: 94769493.907523 bit/s, bytes received: 1185783 B, packets received: 976
[client] second 34.218654: 94748207.942768 bit/s, bytes received: 1184556 B, packets received: 976
[client] second 34.318672: 94747373.361740 bit/s, bytes received: 1184556 B, packets received: 976
[client] second 34.418691: 94746301.027222 bit/s, bytes received: 1184556 B, packets received: 977
[client] second 34.518717: 94838342.416673 bit/s, bytes received: 1185783 B, packets received: 976
[client] second 34.618734: 94748626.659787 bit/s, bytes received: 1184556 B, packets received: 976
[client] second 34.718750: 94749186.533802 bit/s, bytes received: 1184556 B, packets received: 976
[client] second 34.818768: 94690257.505873 bit/s, bytes received: 1183843 B, packets received: 976
[client] second 34.918809: 94822692.800215 bit/s, bytes received: 1185774 B, packets received: 977
[client] second 35.018884: 94693382.314690 bit/s, bytes received: 1184556 B, packets received: 976
[client] second 35.118931: 94720446.358897 bit/s, bytes received: 1184556 B, packets received: 977
[client] second 35.218953: 94742837.939098 bit/s, bytes received: 1184547 B, packets received: 976
[client] second 35.318970: 94749383.485415 bit/s, bytes received: 1184565 B, packets received: 976
[client] second 35.418989: 94744964.493944 bit/s, bytes received: 1184547 B, packets received: 976
[client] second 35.519056: 94799666.947768 bit/s, bytes received: 1185792 B, packets received: 976
[client] second 35.619107: 94714994.871701 bit/s, bytes received: 1184538 B, packets received: 977
[client] second 35.719124: 94750104.312588 bit/s, bytes received: 1184574 B, packets received: 975
[client] second 35.819135: 94752899.422668 bit/s, bytes received: 1184547 B, packets received: 976
[client] second 35.919152: 94749383.485415 bit/s, bytes received: 1184565 B, packets received: 977
[client] second 36.019169: 94747149.008168 bit/s, bytes received: 1184538 B, packets received: 976
[client] second 36.119198: 94779711.218067 bit/s, bytes received: 1185088 B, packets received: 976
[client] second 36.219248: 94717049.490297 bit/s, bytes received: 1184556 B, packets received: 977
[client] second 36.319270: 94840673.792257 bit/s, bytes received: 1185774 B, packets received: 976
[client] second 36.419353: 94686509.446931 bit/s, bytes received: 1184556 B, packets received: 976
[client] second 36.519392: 94727305.216341 bit/s, bytes received: 1184556 B, packets received: 977
[client] second 36.619408: 94847482.423834 bit/s, bytes received: 1185783 B, packets received: 976
[client] second 36.719517: 94759318.229775 bit/s, bytes received: 1185783 B, packets received: 977
[client] second 36.819596: 94689268.314178 bit/s, bytes received: 1184556 B, packets received: 976
[client] second 36.919652: 94711256.062543 bit/s, bytes received: 1184556 B, packets received: 977
[client] second 37.019768: 94752945.462567 bit/s, bytes received: 1185783 B, packets received: 977
[client] second 37.119784: 94749879.990992 bit/s, bytes received: 1184556 B, packets received: 976
[client] second 37.219813: 94834411.589046 bit/s, bytes received: 1185783 B, packets received: 976
[client] second 37.319856: 94667556.558422 bit/s, bytes received: 1183843 B, packets received: 977
[client] second 37.419874: 94747241.686847 bit/s, bytes received: 1184556 B, packets received: 976
[client] second 37.519895: 94743237.667289 bit/s, bytes received: 1184547 B, packets received: 976
[client] second 37.620010: 94753893.798704 bit/s, bytes received: 1185783 B, packets received: 977
[client] second 37.720028: 94845260.554456 bit/s, bytes received: 1185783 B, packets received: 976
[client] second 37.820039: 94655803.740204 bit/s, bytes received: 1183329 B, packets received: 976
[client] second 37.920059: 94844176.684125 bit/s, bytes received: 1185783 B, packets received: 976
[client] second 38.020166: 94663388.021298 bit/s, bytes received: 1184556 B, packets received: 977
[client] second 38.120189: 94840801.904182 bit/s, bytes received: 1185780 B, packets received: 976
[client] second 38.220266: 94691119.433598 bit/s, bytes received: 1184559 B, packets received: 976
[client] second 38.320315: 94717924.245875 bit/s, bytes received: 1184556 B, packets received: 977
[client] second 38.420432: 94751864.647522 bit/s, bytes received: 1185783 B, packets received: 977
[client] second 38.520490: 94751300.872009 bit/s, bytes received: 1185070 B, packets received: 976
[client] second 38.620512: 94742638.979436 bit/s, bytes received: 1184556 B, packets received: 977
[client] second 38.720524: 94752796.153957 bit/s, bytes received: 1184547 B, packets received: 976
[client] second 38.820538: 94751937.571298 bit/s, bytes received: 1184565 B, packets received: 976
[client] second 38.920577: 94825059.602831 bit/s, bytes received: 1185774 B, packets received: 976
[client] second 39.020671: 94675620.303052 bit/s, bytes received: 1184556 B, packets received: 977
[client] second 39.120695: 94839750.426235 bit/s, bytes received: 1185783 B, packets received: 976
[client] second 39.220804: 94661777.650955 bit/s, bytes received: 1184556 B, packets received: 977
[client] second 39.320825: 94744518.277444 bit/s, bytes received: 1184556 B, packets received: 976
[client] second 39.420901: 94790700.493674 bit/s, bytes received: 1185783 B, packets received: 976
[client] second 39.520945: 94820660.996963 bit/s, bytes received: 1185783 B, packets received: 977
[client] second 39.620964: 94746624.998519 bit/s, bytes received: 1184556 B, packets received: 976
[client] second 39.720980: 94748230.764978 bit/s, bytes received: 1184547 B, packets received: 976
[client] second 39.821037: 94654011.279767 bit/s, bytes received: 1183852 B, packets received: 977
[client] second 39.921058: 94744396.140317 bit/s, bytes received: 1184547 B, packets received: 976
[client] second 40.021172: 94754122.840817 bit/s, bytes received: 1185783 B, packets received: 976
[client] total: bytes received: 470234288 B, packets received: 387539
