Bandwidth: 100 Mbit/s
RTT: 72 ms
BDP: 900000 B/s
Max In-Flight Packets: 703
[server] starting server with pid 1350376, port 18080, cc cubic, iw 32
[server][session 0] open
[client] connection establishment time: 0.147786 s
[server][session 0][stream 0] open
[client] time to first byte: 0.220751 s
[client] second 0.100047: 6319715.741132 bit/s, bytes received: 79033 B, packets received: 73
[client] second 0.200150: 13318288.821658 bit/s, bytes received: 166650 B, packets received: 136
[client] second 0.300747: 33165117.285133 bit/s, bytes received: 417039 B, packets received: 344
[client] second 0.400798: 50594806.532607 bit/s, bytes received: 632762 B, packets received: 526
[client] second 0.500853: 89373157.155822 bit/s, bytes received: 1117778 B, packets received: 927
[client] second 0.600924: 54689723.886277 bit/s, bytes received: 684108 B, packets received: 981
[client] second 0.701450: 126636569.104751 bit/s, bytes received: 1591269 B, packets received: 930
[client] second 0.801479: 68529527.309465 bit/s, bytes received: 856876 B, packets received: 896
[client] second 0.901496: 13566879.429862 bit/s, bytes received: 169614 B, packets received: 981
[client] second 1.001580: 13909163.176811 bit/s, bytes received: 174010 B, packets received: 987
[client] second 1.101733: 275194592.004875 bit/s, bytes received: 3445187 B, packets received: 984
[client] second 1.201837: 94665304.343777 bit/s, bytes received: 1184553 B, packets received: 977
[client] second 1.301927: 94777411.412787 bit/s, bytes received: 1185783 B, packets received: 977
[client] second 1.401949: 94744298.875014 bit/s, bytes received: 1184566 B, packets received: 976
[client] second 1.501965: 94748411.293520 bit/s, bytes received: 1184546 B, packets received: 975
[client] second 1.601996: 94735330.258494 bit/s, bytes received: 1184559 B, packets received: 977
[client] second 1.702020: 94741777.671932 bit/s, bytes received: 1184553 B, packets received: 976
[client] second 1.802090: 94837077.542522 bit/s, bytes received: 1186298 B, packets received: 977
[client] second 1.902175: 94683909.673902 bit/s, bytes received: 1184556 B, packets received: 977
[client] second 2.002197: 94744323.145251 bit/s, bytes received: 1184556 B, packets received: 976
[client] second 2.102219: 94743166.509376 bit/s, bytes received: 1184549 B, packets received: 976
[client] second 2.202325: 94761988.553858 bit/s, bytes received: 1185783 B, packets received: 977
[client] second 2.302399: 94792338.210290 bit/s, bytes received: 1185783 B, packets received: 976
[client] second 2.402450: 94716193.684460 bit/s, bytes received: 1184556 B, packets received: 977
[client] second 2.502473: 94840960.252525 bit/s, bytes received: 1185780 B, packets received: 976
[client] second 2.602577: 94665489.740344 bit/s, bytes received: 1184559 B, packets received: 977
[client] second 2.702659: 94785391.801390 bit/s, bytes received: 1185783 B, packets received: 976
[client] second 2.802704: 94722150.565355 bit/s, bytes received: 1184556 B, packets received: 977
[client] second 2.902723: 94844287.630344 bit/s, bytes received: 1185783 B, packets received: 976
[client] second 3.002739: 94650355.654617 bit/s, bytes received: 1183322 B, packets received: 976
[client] second 3.102778: 94769450.266116 bit/s, bytes received: 1185075 B, packets received: 977
[client] second 3.202862: 94782593.256517 bit/s, bytes received: 1185783 B, packets received: 976
[client] second 3.302893: 94734854.399322 bit/s, bytes received: 1184549 B, packets received: 976
[client] second 3.402912: 94746298.185378 bit/s, bytes received: 1184556 B, packets received: 977
[client] second 3.502932: 94843480.668470 bit/s, bytes received: 1185783 B, packets received: 976
[client] second 3.602951: 94648469.298690 bit/s, bytes received: 1183329 B, packets received: 976
[client] second 3.703042: 94874279.400900 bit/s, bytes received: 1187010 B, packets received: 977
[client] second 3.803056: 94751643.177659 bit/s, bytes received: 1184554 B, packets received: 976
[client] second 3.903089: 94732737.901511 bit/s, bytes received: 1184556 B, packets received: 976
[client] second 4.003110: 94744637.630541 bit/s, bytes received: 1184556 B, packets received: 976
[client] second 4.103193: 94686468.765249 bit/s, bytes received: 1184556 B, packets received: 976
[client] second 4.203208: 94750047.672738 bit/s, bytes received: 1184556 B, packets received: 976
[client] second 4.303272: 94842686.052317 bit/s, bytes received: 1186297 B, packets received: 978
[client] second 4.403289: 94650793.483837 bit/s, bytes received: 1183329 B, packets received: 976
[client] second 4.503318: 94735453.046630 bit/s, bytes received: 1184547 B, packets received: 976
[client] second 4.603421: 94765764.749327 bit/s, bytes received: 1185783 B, packets received: 977
[client] second 4.703436: 94749981.357853 bit/s, bytes received: 1184556 B, packets received: 976
[client] second 4.803558: 94746704.142943 bit/s, bytes received: 1185783 B, packets received: 977
[client] second 4.903634: 94790811.314818 bit/s, bytes received: 1185783 B, packets received: 976
[client] second 5.003693: 94708787.444631 bit/s, bytes received: 1184556 B, packets received: 977
[client] second 5.103722: 94737008.162373 bit/s, bytes received: 1184556 B, packets received: 975
[client] second 5.203741: 94844145.391649 bit/s, bytes received: 1185783 B, packets received: 977
[client] second 5.303855: 94656724.677761 bit/s, bytes received: 1184556 B, packets received: 976
[client] second 5.403932: 94789492.844162 bit/s, bytes received: 1185783 B, packets received: 977
[client] second 5.503992: 94748744.121115 bit/s, bytes received: 1185070 B, packets received: 977
[client] second 5.604042: 94717456.571511 bit/s, bytes received: 1184556 B, packets received: 977
[client] second 5.704126: 94782026.334362 bit/s, bytes received: 1185774 B, packets received: 976
[client] second 5.804180: 94713403.527791 bit/s, bytes received: 1184553 B, packets received: 976
[client] second 5.904203: 94743245.495976 bit/s, bytes received: 1184559 B, packets received: 977
[client] second 6.004229: 94837733.714372 bit/s, bytes received: 1185783 B, packets received: 976
[client] second 6.104333: 94666122.845025 bit/s, bytes received: 1184556 B, packets received: 976
[client] second 6.204406: 94792946.329999 bit/s, bytes received: 1185783 B, packets received: 977
[client] second 6.304467: 94805038.354796 bit/s, bytes received: 1185783 B, packets received: 977
[client] second 6.404487: 94647599.651265 bit/s, bytes received: 1183329 B, packets received: 975
[client] second 6.504560: 94793079.890046 bit/s, bytes received: 1185783 B, packets received: 977
[client] second 6.604583: 94743167.524465 bit/s, bytes received: 1184556 B, packets received: 976
[client] second 6.704632: 94758469.979786 bit/s, bytes received: 1185070 B, packets received: 977
[client] second 6.804682: 94717020.142717 bit/s, bytes received: 1184556 B, packets received: 976
[client] second 6.904722: 94726554.251287 bit/s, bytes received: 1184547 B, packets received: 977
[client] second 7.004747: 94838664.785542 bit/s, bytes received: 1185783 B, packets received: 976
[client] second 7.104792: 94722341.819018 bit/s, bytes received: 1184556 B, packets received: 976
[client] second 7.204848: 94711111.235930 bit/s, bytes received: 1184556 B, packets received: 977
[client] second 7.304868: 94843338.432196 bit/s, bytes received: 1185783 B, packets received: 976
[client] second 7.404967: 94670652.862654 bit/s, bytes received: 1184556 B, packets received: 976
[client] second 7.505004: 94729608.136653 bit/s, bytes received: 1184556 B, packets received: 977
[client] second 7.605067: 94803586.845754 bit/s, bytes received: 1185783 B, packets received: 976
[client] second 7.705125: 94708978.644335 bit/s, bytes received: 1184556 B, packets received: 977
[client] second 7.805152: 94837239.742080 bit/s, bytes received: 1185783 B, packets received: 976
[client] second 7.905248: 94673789.137172 bit/s, bytes received: 1184556 B, packets received: 977
[client] second 8.005312: 94745339.121958 bit/s, bytes received: 1185070 B, packets received: 977
[client] second 8.105342: 94833262.336455 bit/s, bytes received: 1185774 B, packets received: 976
[client] second 8.205445: 94667147.026114 bit/s, bytes received: 1184556 B, packets received: 977
[client] second 8.305476: 94832348.651194 bit/s, bytes received: 1185783 B, packets received: 976
[client] second 8.405499: 94744067.335781 bit/s, bytes received: 1184565 B, packets received: 976
[client] second 8.505557: 94708827.932711 bit/s, bytes received: 1184547 B, packets received: 976
[client] second 8.605596: 94727284.384514 bit/s, bytes received: 1184556 B, packets received: 977
[client] second 8.705619: 94743015.969732 bit/s, bytes received: 1184556 B, packets received: 976
[client] second 8.805639: 94843738.591336 bit/s, bytes received: 1185783 B, packets received: 976
[client] second 8.905707: 94699220.872912 bit/s, bytes received: 1184556 B, packets received: 976
[client] second 9.005727: 94745958.112649 bit/s, bytes received: 1184556 B, packets received: 976
[client] second 9.105773: 94721156.437469 bit/s, bytes received: 1184556 B, packets received: 976
[client] second 9.205834: 94747901.370502 bit/s, bytes received: 1185070 B, packets received: 977
[client] second 9.305853: 94843788.712912 bit/s, bytes received: 1185774 B, packets received: 977
[client] second 9.405872: 94746204.404632 bit/s, bytes received: 1184556 B, packets received: 976
[client] second 9.505888: 94651127.547517 bit/s, bytes received: 1183329 B, packets received: 976
[client] second 9.605996: 94761078.682114 bit/s, bytes received: 1185792 B, packets received: 977
[client] second 9.706023: 94836615.694200 bit/s, bytes received: 1185774 B, packets received: 976
[client] second 9.806109: 94682319.417326 bit/s, bytes received: 1184556 B, packets received: 976
[client] second 9.906140: 94833707.184275 bit/s, bytes received: 1185783 B, packets received: 977
[client] second 10.006171: 94735093.174097 bit/s, bytes received: 1184556 B, packets received: 976
[client] second 10.106238: 94700605.388671 bit/s, bytes received: 1184556 B, packets received: 976
[client] second 10.206287: 94718709.078212 bit/s, bytes received: 1184556 B, packets received: 977
[client] second 10.306309: 94841277.950554 bit/s, bytes received: 1185783 B, packets received: 976
[client] second 10.406377: 94741337.897917 bit/s, bytes received: 1185070 B, packets received: 977
[client] second 10.506476: 94670625.435356 bit/s, bytes received: 1184556 B, packets received: 977
[client] second 10.606561: 94781097.314887 bit/s, bytes received: 1185774 B, packets received: 976
[client] second 10.706608: 94818569.277186 bit/s, bytes received: 1185783 B, packets received: 977
[client] second 10.806623: 94653051.225559 bit/s, bytes received: 1183338 B, packets received: 976
[client] second 10.906642: 94843541.218583 bit/s, bytes received: 1185774 B, packets received: 976
[client] second 11.006683: 94726013.660373 bit/s, bytes received: 1184556 B, packets received: 976
[client] second 11.106764: 94687153.735902 bit/s, bytes received: 1184556 B, packets received: 977
[client] second 11.206793: 94737779.104337 bit/s, bytes received: 1184556 B, packets received: 976
[client] second 11.306866: 94792596.802297 bit/s, bytes received: 1185783 B, packets received: 976
[client] second 11.406913: 94720635.712142 bit/s, bytes received: 1184556 B, packets received: 977
[client] second 11.506935: 94743482.002084 bit/s, bytes received: 1184556 B, packets received: 976
[client] second 11.607043: 94759878.772143 bit/s, bytes received: 1185774 B, packets received: 976
[client] second 11.707066: 94783689.446308 bit/s, bytes received: 1185079 B, packets received: 977
[client] second 11.807120: 94810975.218686 bit/s, bytes received: 1185774 B, packets received: 977
[client] second 11.907198: 94690263.665145 bit/s, bytes received: 1184556 B, packets received: 976
[client] second 12.007251: 94714980.223186 bit/s, bytes received: 1184565 B, packets received: 976
[client] second 12.107265: 94751247.150301 bit/s, bytes received: 1184547 B, packets received: 977
[client] second 12.207290: 94838353.794360 bit/s, bytes received: 1185783 B, packets received: 976
[client] second 12.307394: 94666607.034985 bit/s, bytes received: 1184556 B, packets received: 977
[client] second 12.407418: 94839474.509956 bit/s, bytes received: 1185783 B, packets received: 976
[client] second 12.507482: 94704010.542229 bit/s, bytes received: 1184556 B, packets received: 976
[client] second 12.607503: 94744184.848164 bit/s, bytes received: 1184556 B, packets received: 976
[client] second 12.707545: 94724828.186921 bit/s, bytes received: 1184556 B, packets received: 976
[client] second 12.807564: 94746302.046385 bit/s, bytes received: 1184547 B, packets received: 976
[client] second 12.907635: 94837426.146218 bit/s, bytes received: 1186306 B, packets received: 978
[client] second 13.007650: 94748922.318765 bit/s, bytes received: 1184547 B, packets received: 976
[client] second 13.107668: 94747563.769965 bit/s, bytes received: 1184556 B, packets received: 976
[client] second 13.207769: 94669458.882843 bit/s, bytes received: 1184565 B, packets received: 976
[client] second 13.307790: 94744992.849871 bit/s, bytes received: 1184556 B, packets received: 976
[client] second 13.407809: 94745894.714093 bit/s, bytes received: 1184547 B, packets received: 976
[client] second 13.507825: 94749262.320979 bit/s, bytes received: 1184556 B, packets received: 977
[client] second 13.607898: 94793516.137310 bit/s, bytes received: 1185792 B, packets received: 976
[client] second 13.707950: 94714283.152767 bit/s, bytes received: 1184547 B, packets received: 976
[client] second 13.807977: 94739961.298016 bit/s, bytes received: 1184556 B, packets received: 977
[client] second 13.908002: 94838666.681836 bit/s, bytes received: 1185783 B, packets received: 976
[client] second 14.008099: 94671982.140354 bit/s, bytes received: 1184547 B, packets received: 976
[client] second 14.108119: 94745447.534499 bit/s, bytes received: 1184556 B, packets received: 977
[client] second 14.208172: 94756336.032743 bit/s, bytes received: 1185079 B, packets received: 976
[client] second 14.308201: 94834024.571672 bit/s, bytes received: 1185774 B, packets received: 977
[client] second 14.408300: 94671202.856108 bit/s, bytes received: 1184565 B, packets received: 976
[client] second 14.508322: 94743853.315695 bit/s, bytes received: 1184556 B, packets received: 977
[client] second 14.608341: 94745818.931727 bit/s, bytes received: 1184547 B, packets received: 975
[client] second 14.708372: 94832682.355644 bit/s, bytes received: 1185783 B, packets received: 977
[client] second 14.808466: 94676462.591906 bit/s, bytes received: 1184565 B, packets received: 976
[client] second 14.908479: 94751277.466707 bit/s, bytes received: 1184547 B, packets received: 976
[client] second 15.008493: 94751493.360320 bit/s, bytes received: 1184556 B, packets received: 976
[client] second 15.108511: 94845934.785506 bit/s, bytes received: 1185783 B, packets received: 977
[client] second 15.208582: 94695829.000108 bit/s, bytes received: 1184547 B, packets received: 976
[client] second 15.308646: 94704466.726480 bit/s, bytes received: 1184556 B, packets received: 977
[client] second 15.408671: 94782399.765771 bit/s, bytes received: 1185079 B, packets received: 976
[client] second 15.508717: 94720153.682849 bit/s, bytes received: 1184547 B, packets received: 977
[client] second 15.608737: 94746272.537135 bit/s, bytes received: 1184565 B, packets received: 976
[client] second 15.708751: 94849840.014090 bit/s, bytes received: 1185783 B, packets received: 976
[client] second 15.808768: 94747356.390188 bit/s, bytes received: 1184547 B, packets received: 976
[client] second 15.908847: 94689420.643150 bit/s, bytes received: 1184556 B, packets received: 976
[client] second 16.008891: 94723490.405470 bit/s, bytes received: 1184565 B, packets received: 977
[client] second 16.108910: 94747128.010976 bit/s, bytes received: 1184556 B, packets received: 976
[client] second 16.208984: 94791243.648735 bit/s, bytes received: 1185774 B, packets received: 976
[client] second 16.309031: 94720294.876846 bit/s, bytes received: 1184556 B, packets received: 976
[client] second 16.409052: 94744489.860084 bit/s, bytes received: 1184556 B, packets received: 977
[client] second 16.509167: 94753222.892826 bit/s, bytes received: 1185774 B, packets received: 977
[client] second 16.609187: 94745134.938348 bit/s, bytes received: 1184556 B, packets received: 975
[client] second 16.709238: 94757855.147406 bit/s, bytes received: 1185079 B, packets received: 978
[client] second 16.809256: 94747944.588710 bit/s, bytes received: 1184556 B, packets received: 976
[client] second 16.909280: 94839142.654016 bit/s, bytes received: 1185783 B, packets received: 976
[client] second 17.009296: 94749121.167459 bit/s, bytes received: 1184556 B, packets received: 976
[client] second 17.109332: 67446081.901547 bit/s, bytes received: 843379 B, packets received: 976
[client] second 17.209369: 101245462.682188 bit/s, bytes received: 1266034 B, packets received: 980
[client] second 17.309455: 111182937.218275 bit/s, bytes received: 1390980 B, packets received: 932
[client] second 17.409477: 94743058.641687 bit/s, bytes received: 1184547 B, packets received: 977
[client] second 17.509493: 94750306.199369 bit/s, bytes received: 1184565 B, packets received: 975
[client] second 17.609520: 94836266.789833 bit/s, bytes received: 1185774 B, packets received: 977
[client] second 17.709565: 94764317.611505 bit/s, bytes received: 1185079 B, packets received: 977
[client] second 17.809590: 94740390.360943 bit/s, bytes received: 1184556 B, packets received: 976
[client] second 17.909695: 94762431.765762 bit/s, bytes received: 1185774 B, packets received: 977
[client] second 18.009713: 94648332.084487 bit/s, bytes received: 1183329 B, packets received: 976
[client] second 18.109731: 94847006.479143 bit/s, bytes received: 1185792 B, packets received: 976
[client] second 18.209754: 94741445.547330 bit/s, bytes received: 1184547 B, packets received: 976
[client] second 18.309862: 94760618.822563 bit/s, bytes received: 1185783 B, packets received: 977
[client] second 18.409932: 94697886.552219 bit/s, bytes received: 1184556 B, packets received: 976
[client] second 18.509989: 94710612.392096 bit/s, bytes received: 1184556 B, packets received: 977
[client] second 18.610008: 94746930.026151 bit/s, bytes received: 1184556 B, packets received: 976
[client] second 18.710032: 94839703.017825 bit/s, bytes received: 1185783 B, packets received: 976
[client] second 18.810046: 94653377.097216 bit/s, bytes received: 1183329 B, packets received: 976
[client] second 18.910092: 94818212.596721 bit/s, bytes received: 1185774 B, packets received: 977
[client] second 19.010122: 94679627.347503 bit/s, bytes received: 1183852 B, packets received: 976
[client] second 19.110148: 94837150.433050 bit/s, bytes received: 1185774 B, packets received: 976
[client] second 19.210206: 94709578.011929 bit/s, bytes received: 1184565 B, packets received: 976
[client] second 19.310257: 94716019.337613 bit/s, bytes received: 1184547 B, packets received: 977
[client] second 19.410326: 94797743.360850 bit/s, bytes received: 1185783 B, packets received: 976
[client] second 19.510394: 94699600.893418 bit/s, bytes received: 1184553 B, packets received: 977
[client] second 19.610465: 94795259.697400 bit/s, bytes received: 1185786 B, packets received: 976
[client] second 19.710523: 94709597.682335 bit/s, bytes received: 1184556 B, packets received: 977
[client] second 19.810538: 94848311.265617 bit/s, bytes received: 1185783 B, packets received: 976
[client] second 19.910710: 94699555.055253 bit/s, bytes received: 1185783 B, packets received: 977
[client] second 20.010739: 94737449.510906 bit/s, bytes received: 1184556 B, packets received: 976
[client] second 20.110792: 94811916.572753 bit/s, bytes received: 1185783 B, packets received: 977
[client] second 20.210842: 94660666.271582 bit/s, bytes received: 1183843 B, packets received: 977
[client] second 20.310863: 94744822.344260 bit/s, bytes received: 1184556 B, packets received: 976
[client] second 20.410938: 94791091.683997 bit/s, bytes received: 1185783 B, packets received: 976
[client] second 20.510966: 94737573.587285 bit/s, bytes received: 1184547 B, packets received: 976
[client] second 20.611001: 94730665.888811 bit/s, bytes received: 1184556 B, packets received: 976
[client] second 20.711027: 94740542.854442 bit/s, bytes received: 1184556 B, packets received: 977
[client] second 20.811097: 94795333.417367 bit/s, bytes received: 1185783 B, packets received: 976
[client] second 20.911117: 94746379.651631 bit/s, bytes received: 1184556 B, packets received: 976
[client] second 21.011167: 94716596.971567 bit/s, bytes received: 1184556 B, packets received: 977
[client] second 21.111186: 94845300.382184 bit/s, bytes received: 1185783 B, packets received: 976
[client] second 21.211201: 94749388.317429 bit/s, bytes received: 1184556 B, packets received: 976
[client] second 21.311278: 94691668.735159 bit/s, bytes received: 1184556 B, packets received: 976
[client] second 21.411334: 94753265.876191 bit/s, bytes received: 1185070 B, packets received: 977
[client] second 21.511352: 94746986.863815 bit/s, bytes received: 1184556 B, packets received: 976
[client] second 21.611399: 94720268.367537 bit/s, bytes received: 1184556 B, packets received: 977
[client] second 21.711476: 94788721.305746 bit/s, bytes received: 1185774 B, packets received: 976
[client] second 21.811586: 94759034.093824 bit/s, bytes received: 1185792 B, packets received: 977
[client] second 21.911640: 94712862.254953 bit/s, bytes received: 1184547 B, packets received: 976
[client] second 22.011662: 94743551.149551 bit/s, bytes received: 1184556 B, packets received: 977
[client] second 22.111683: 94744909.491495 bit/s, bytes received: 1184556 B, packets received: 976
[client] second 22.211767: 94782911.458369 bit/s, bytes received: 1185783 B, packets received: 976
[client] second 22.311804: 94729403.596436 bit/s, bytes received: 1184556 B, packets received: 976
[client] second 22.411822: 94747235.055748 bit/s, bytes received: 1184556 B, packets received: 977
[client] second 22.511903: 94785767.794461 bit/s, bytes received: 1185783 B, packets received: 976
[client] second 22.611917: 94791955.645904 bit/s, bytes received: 1185070 B, packets received: 977
[client] second 22.712016: 94671158.851873 bit/s, bytes received: 1184556 B, packets received: 977
[client] second 22.812040: 94840094.612709 bit/s, bytes received: 1185783 B, packets received: 976
[client] second 22.912146: 94663286.281207 bit/s, bytes received: 1184547 B, packets received: 977
[client] second 23.012226: 94787721.294162 bit/s, bytes received: 1185792 B, packets received: 976
[client] second 23.112274: 94718325.513618 bit/s, bytes received: 1184547 B, packets received: 976
[client] second 23.212297: 94742431.541332 bit/s, bytes received: 1184556 B, packets received: 977
[client] second 23.312376: 94787827.759063 bit/s, bytes received: 1185783 B, packets received: 976
[client] second 23.412426: 94717413.969824 bit/s, bytes received: 1184556 B, packets received: 977
[client] second 23.512510: 94782248.540256 bit/s, bytes received: 1185783 B, packets received: 976
[client] second 23.612568: 94808053.315223 bit/s, bytes received: 1185783 B, packets received: 977
[client] second 23.712643: 94693755.128170 bit/s, bytes received: 1184556 B, packets received: 976
[client] second 23.812732: 94721093.629108 bit/s, bytes received: 1185070 B, packets received: 978
[client] second 23.912749: 94748117.947512 bit/s, bytes received: 1184556 B, packets received: 976
[client] second 24.012780: 94833862.664374 bit/s, bytes received: 1185783 B, packets received: 976
[client] second 24.112804: 94740754.102681 bit/s, bytes received: 1184547 B, packets received: 976
[client] second 24.212851: 94720760.807859 bit/s, bytes received: 1184565 B, packets received: 976
[client] second 24.312875: 94741493.818770 bit/s, bytes received: 1184556 B, packets received: 976
[client] second 24.412929: 94713041.347244 bit/s, bytes received: 1184556 B, packets received: 977
[client] second 24.513010: 94784992.500087 bit/s, bytes received: 1185774 B, packets received: 976
[client] second 24.613051: 94726236.176668 bit/s, bytes received: 1184556 B, packets received: 977
[client] second 24.713072: 94743999.189695 bit/s, bytes received: 1184556 B, packets received: 976
[client] second 24.813101: 94737080.141681 bit/s, bytes received: 1184556 B, packets received: 975
[client] second 24.913134: 94831318.163924 bit/s, bytes received: 1185783 B, packets received: 977
[client] second 25.013209: 94693811.902054 bit/s, bytes received: 1184556 B, packets received: 976
[client] second 25.113276: 94742470.249798 bit/s, bytes received: 1185070 B, packets received: 978
[client] second 25.213302: 94739519.926080 bit/s, bytes received: 1184556 B, packets received: 976
[client] second 25.313324: 94841662.920995 bit/s, bytes received: 1185783 B, packets received: 976
[client] second 25.413385: 94706507.305683 bit/s, bytes received: 1184556 B, packets received: 976
[client] second 25.513406: 94744625.316319 bit/s, bytes received: 1184556 B, packets received: 976
[client] second 25.613440: 94732726.537392 bit/s, bytes received: 1184556 B, packets received: 976
[client] second 25.713461: 94743402.485108 bit/s, bytes received: 1184547 B, packets received: 976
[client] second 25.813479: 94747624.397620 bit/s, bytes received: 1184556 B, packets received: 977
[client] second 25.913501: 94743182.679965 bit/s, bytes received: 1184556 B, packets received: 975
[client] second 26.013603: 94766101.772125 bit/s, bytes received: 1185783 B, packets received: 978
[client] second 26.113625: 94743961.300301 bit/s, bytes received: 1184556 B, packets received: 976
[client] second 26.213639: 94849710.087521 bit/s, bytes received: 1185783 B, packets received: 976
[client] second 26.313659: 94647292.108395 bit/s, bytes received: 1183329 B, packets received: 976
[client] second 26.413722: 94843519.190351 bit/s, bytes received: 1186297 B, packets received: 977
[client] second 26.513792: 94698458.128962 bit/s, bytes received: 1184556 B, packets received: 976
[client] second 26.613842: 94717566.389367 bit/s, bytes received: 1184556 B, packets received: 977
[client] second 26.713860: 94746761.408149 bit/s, bytes received: 1184556 B, packets received: 976
[client] second 26.813881: 94744672.678730 bit/s, bytes received: 1184556 B, packets received: 976
[client] second 26.913896: 94847745.004509 bit/s, bytes received: 1185774 B, packets received: 976
[client] second 27.014005: 94661563.002089 bit/s, bytes received: 1184556 B, packets received: 977
[client] second 27.114023: 94845329.778862 bit/s, bytes received: 1185783 B, packets received: 976
[client] second 27.214042: 94746875.083141 bit/s, bytes received: 1184556 B, packets received: 976
[client] second 27.314146: 94665202.164722 bit/s, bytes received: 1184547 B, packets received: 976
[client] second 27.414165: 94747158.246127 bit/s, bytes received: 1184565 B, packets received: 977
[client] second 27.514184: 94746694.150574 bit/s, bytes received: 1184556 B, packets received: 976
[client] second 27.614232: 94759540.230280 bit/s, bytes received: 1185070 B, packets received: 976
[client] second 27.714255: 94840523.189992 bit/s, bytes received: 1185783 B, packets received: 977
[client] second 27.814284: 94737062.146844 bit/s, bytes received: 1184556 B, packets received: 976
[client] second 27.914377: 94676940.753810 bit/s, bytes received: 1184556 B, packets received: 976
[client] second 28.014459: 94785239.321423 bit/s, bytes received: 1185783 B, packets received: 977
[client] second 28.114512: 94714047.611069 bit/s, bytes received: 1184556 B, packets received: 977
[client] second 28.214524: 94751869.587885 bit/s, bytes received: 1184547 B, packets received: 975
[client] second 28.314548: 94742376.603538 bit/s, bytes received: 1184556 B, packets received: 977
[client] second 28.414623: 94791377.738044 bit/s, bytes received: 1185783 B, packets received: 976
[client] second 28.514676: 94714522.824936 bit/s, bytes received: 1184556 B, packets received: 977
[client] second 28.614752: 94790049.779879 bit/s, bytes received: 1185783 B, packets received: 976
[client] second 28.714800: 94719492.976811 bit/s, bytes received: 1184556 B, packets received: 976
[client] second 28.814858: 94750013.009868 bit/s, bytes received: 1185070 B, packets received: 978
[client] second 28.914880: 94744351.562511 bit/s, bytes received: 1184556 B, packets received: 976
[client] second 29.014901: 94842508.729097 bit/s, bytes received: 1185783 B, packets received: 976
[client] second 29.114984: 94685613.511937 bit/s, bytes received: 1184556 B, packets received: 976
[client] second 29.215026: 94724805.462480 bit/s, bytes received: 1184556 B, packets received: 977
[client] second 29.315152: 94743980.743637 bit/s, bytes received: 1185783 B, packets received: 977
[client] second 29.415186: 94830075.352124 bit/s, bytes received: 1185783 B, packets received: 976
[client] second 29.515282: 94672053.075627 bit/s, bytes received: 1184547 B, packets received: 976
[client] second 29.615303: 94745043.054417 bit/s, bytes received: 1184556 B, packets received: 977
[client] second 29.715328: 94838729.259579 bit/s, bytes received: 1185783 B, packets received: 976
[client] second 29.815433: 94665172.447496 bit/s, bytes received: 1184556 B, packets received: 976
[client] second 29.915537: 94764595.601744 bit/s, bytes received: 1185783 B, packets received: 977
[client] second 30.015605: 94740357.053115 bit/s, bytes received: 1185070 B, packets received: 978
[client] second 30.115624: 94747170.639396 bit/s, bytes received: 1184556 B, packets received: 976
[client] second 30.215651: 94836467.031829 bit/s, bytes received: 1185783 B, packets received: 976
[client] second 30.315674: 94743089.852604 bit/s, bytes received: 1184556 B, packets received: 976
[client] second 30.415690: 94749371.265258 bit/s, bytes received: 1184556 B, packets received: 976
[client] second 30.515776: 94683083.793355 bit/s, bytes received: 1184556 B, packets received: 977
[client] second 30.615798: 94743088.905387 bit/s, bytes received: 1184556 B, packets received: 976
[client] second 30.715836: 94728383.685113 bit/s, bytes received: 1184547 B, packets received: 975
[client] second 30.815928: 94774897.399987 bit/s, bytes received: 1185783 B, packets received: 978
[client] second 30.915941: 94752542.127217 bit/s, bytes received: 1184556 B, packets received: 975
[client] second 31.016012: 94794938.402942 bit/s, bytes received: 1185783 B, packets received: 977
[client] second 31.116062: 94717083.571381 bit/s, bytes received: 1184556 B, packets received: 976
[client] second 31.216083: 94745073.366622 bit/s, bytes received: 1184556 B, packets received: 977
[client] second 31.316110: 94779339.488408 bit/s, bytes received: 1185070 B, packets received: 976
[client] second 31.416162: 94715395.640517 bit/s, bytes received: 1184556 B, packets received: 977
[client] second 31.516185: 94840771.614881 bit/s, bytes received: 1185783 B, packets received: 976
[client] second 31.616290: 94665466.548573 bit/s, bytes received: 1184556 B, packets received: 977
[client] second 31.716307: 94748499.718038 bit/s, bytes received: 1184556 B, packets received: 976
[client] second 31.816320: 94752153.692326 bit/s, bytes received: 1184556 B, packets received: 976
[client] second 31.916341: 94744021.030658 bit/s, bytes received: 1184547 B, packets received: 976
[client] second 32.016412: 94795071.021327 bit/s, bytes received: 1185783 B, packets received: 976
[client] second 32.116466: 94713583.761494 bit/s, bytes received: 1184556 B, packets received: 977
[client] second 32.216546: 94786786.873804 bit/s, bytes received: 1185783 B, packets received: 976
[client] second 32.316598: 94714608.969793 bit/s, bytes received: 1184556 B, packets received: 977
[client] second 32.416678: 94787337.147876 bit/s, bytes received: 1185783 B, packets received: 976
[client] second 32.516772: 94715948.513254 bit/s, bytes received: 1185070 B, packets received: 978
[client] second 32.616846: 94792764.461605 bit/s, bytes received: 1185783 B, packets received: 976
[client] second 32.716897: 94716183.270988 bit/s, bytes received: 1184556 B, packets received: 976
[client] second 32.816935: 94728885.621228 bit/s, bytes received: 1184556 B, packets received: 977
[client] second 32.917012: 94789186.911171 bit/s, bytes received: 1185783 B, packets received: 976
[client] second 33.017069: 94709697.810296 bit/s, bytes received: 1184547 B, packets received: 977
[client] second 33.117150: 94785723.281272 bit/s, bytes received: 1185783 B, packets received: 976
[client] second 33.217195: 94722681.722236 bit/s, bytes received: 1184556 B, packets received: 977
[client] second 33.317307: 94755985.505395 bit/s, bytes received: 1185783 B, packets received: 977
[client] second 33.417327: 94745377.437001 bit/s, bytes received: 1184556 B, packets received: 976
[client] second 33.517343: 94749610.943555 bit/s, bytes received: 1184556 B, packets received: 976
[client] second 33.617361: 94747426.410720 bit/s, bytes received: 1184556 B, packets received: 976
[client] second 33.717413: 94756742.476012 bit/s, bytes received: 1185070 B, packets received: 977
[client] second 33.817448: 94828927.368031 bit/s, bytes received: 1185783 B, packets received: 976
[client] second 33.917538: 94679170.280411 bit/s, bytes received: 1184556 B, packets received: 977
[client] second 34.017557: 94747132.747465 bit/s, bytes received: 1184556 B, packets received: 976
[client] second 34.117579: 94743735.859034 bit/s, bytes received: 1184556 B, packets received: 976
[client] second 34.217595: 94748821.809708 bit/s, bytes received: 1184556 B, packets received: 976
[client] second 34.317619: 94741383.979932 bit/s, bytes received: 1184547 B, packets received: 976
[client] second 34.417638: 94844382.456377 bit/s, bytes received: 1185783 B, packets received: 976
[client] second 34.517731: 94675862.445992 bit/s, bytes received: 1184556 B, packets received: 977
[client] second 34.617760: 94835700.022695 bit/s, bytes received: 1185783 B, packets received: 976
[client] second 34.717921: 94710433.703308 bit/s, bytes received: 1185783 B, packets received: 977
[client] second 34.818038: 94751614.795364 bit/s, bytes received: 1185783 B, packets received: 977
[client] second 34.918142: 94706393.159038 bit/s, bytes received: 1185070 B, packets received: 978
[client] second 35.018232: 94777944.533206 bit/s, bytes received: 1185783 B, packets received: 976
[client] second 35.118280: 94719067.890091 bit/s, bytes received: 1184556 B, packets received: 976
[client] second 35.218295: 94750360.301308 bit/s, bytes received: 1184556 B, packets received: 977
[client] second 35.318375: 94786824.758217 bit/s, bytes received: 1185783 B, packets received: 976
[client] second 35.418411: 94729749.232039 bit/s, bytes received: 1184556 B, packets received: 976
[client] second 35.518434: 94742664.554060 bit/s, bytes received: 1184556 B, packets received: 977
[client] second 35.618460: 94837743.962309 bit/s, bytes received: 1185774 B, packets received: 976
[client] second 35.718528: 94700234.413971 bit/s, bytes received: 1184556 B, packets received: 976
[client] second 35.818585: 94710569.796566 bit/s, bytes received: 1184556 B, packets received: 977
[client] second 35.918690: 94762832.941461 bit/s, bytes received: 1185783 B, packets received: 976
[client] second 36.018708: 94747399.886223 bit/s, bytes received: 1184556 B, packets received: 977
[client] second 36.118727: 94746137.147848 bit/s, bytes received: 1184556 B, packets received: 975
[client] second 36.218781: 94754456.282222 bit/s, bytes received: 1185070 B, packets received: 977
[client] second 36.318801: 94746137.147848 bit/s, bytes received: 1184556 B, packets received: 976
[client] second 36.418824: 94840183.741294 bit/s, bytes received: 1185783 B, packets received: 977
[client] second 36.518930: 94762663.494760 bit/s, bytes received: 1185783 B, packets received: 977
[client] second 36.618957: 94738507.438186 bit/s, bytes received: 1184556 B, packets received: 976
[client] second 36.718980: 94742333.073952 bit/s, bytes received: 1184547 B, packets received: 976
[client] second 36.818998: 94747608.293391 bit/s, bytes received: 1184556 B, packets received: 976
[client] second 36.919057: 94708094.588806 bit/s, bytes received: 1184556 B, packets received: 976
[client] second 37.019097: 94725899.952307 bit/s, bytes received: 1184547 B, packets received: 976
[client] second 37.119125: 94836714.676644 bit/s, bytes received: 1185792 B, packets received: 977
[client] second 37.219168: 94723905.962120 bit/s, bytes received: 1184556 B, packets received: 976
[client] second 37.319255: 94682251.305209 bit/s, bytes received: 1184556 B, packets received: 977
[client] second 37.419316: 94748185.442068 bit/s, bytes received: 1185070 B, packets received: 976
[client] second 37.519331: 94749383.580714 bit/s, bytes received: 1184556 B, packets received: 977
[client] second 37.619445: 94754782.526146 bit/s, bytes received: 1185783 B, packets received: 977
[client] second 37.719471: 94740196.192912 bit/s, bytes received: 1184556 B, packets received: 976
[client] second 37.819539: 94797778.412033 bit/s, bytes received: 1185783 B, packets received: 976
[client] second 37.919586: 94719648.112677 bit/s, bytes received: 1184547 B, packets received: 976
[client] second 38.019597: 94753597.549321 bit/s, bytes received: 1184556 B, packets received: 976
[client] second 38.119646: 94816555.361432 bit/s, bytes received: 1185783 B, packets received: 977
[client] second 38.219734: 94681473.698823 bit/s, bytes received: 1184556 B, packets received: 977
[client] second 38.319757: 94742503.528881 bit/s, bytes received: 1184556 B, packets received: 976
[client] second 38.419775: 94747523.035802 bit/s, bytes received: 1184556 B, packets received: 976
[client] second 38.519841: 94800104.163288 bit/s, bytes received: 1185783 B, packets received: 976
[client] second 38.619869: 94778800.346414 bit/s, bytes received: 1185070 B, packets received: 977
[client] second 38.719953: 94783116.017830 bit/s, bytes received: 1185783 B, packets received: 977
[client] second 38.819969: 94651001.681888 bit/s, bytes received: 1183329 B, packets received: 976
[client] second 38.919995: 94837905.325912 bit/s, bytes received: 1185783 B, packets received: 976
[client] second 39.020070: 94694072.116559 bit/s, bytes received: 1184556 B, packets received: 976
[client] second 39.120112: 94821418.927334 bit/s, bytes received: 1185774 B, packets received: 977
[client] second 39.220134: 94646639.863244 bit/s, bytes received: 1183338 B, packets received: 976
[client] second 39.320157: 94840395.972134 bit/s, bytes received: 1185774 B, packets received: 976
[client] second 39.420262: 94665004.665762 bit/s, bytes received: 1184565 B, packets received: 977
[client] second 39.520332: 94796014.966515 bit/s, bytes received: 1185774 B, packets received: 976
[client] second 39.620397: 94702842.654858 bit/s, bytes received: 1184556 B, packets received: 977
[client] second 39.720423: 94740168.725303 bit/s, bytes received: 1184556 B, packets received: 976
[client] second 39.820524: 94766894.163819 bit/s, bytes received: 1185783 B, packets received: 976
[client] second 39.920584: 94748355.885824 bit/s, bytes received: 1185070 B, packets received: 978
[client] second 40.020613: 94736630.272799 bit/s, bytes received: 1184556 B, packets received: 976
[client] total: bytes received: 470230616 B, packets received: 387536
