Bandwidth: 100 Mbit/s
RTT: 72 ms
BDP: 900000 B/s
Max In-Flight Packets: 703
[server] starting server with pid 120677, port 18080, cc cubic, iw 32
[server][session 0] open
[client] connection establishment time: 0.148261 s
[server][session 0][stream 0] open
[client] time to first byte: 0.221025 s
[client] second 1.000097: 47010422.545788 bit/s, bytes received: 5876869 B, packets received: 6771
[client] second 2.000162: 109382584.691067 bit/s, bytes received: 13673718 B, packets received: 9414
[client] second 3.000213: 85601757.431071 bit/s, bytes received: 10700766 B, packets received: 8818
[client] second 4.000291: 87382494.924034 bit/s, bytes received: 10923660 B, packets received: 9000
[client] second 5.000690: 89338667.154648 bit/s, bytes received: 11171786 B, packets received: 9206
[client] second 6.000730: 91261672.510068 bit/s, bytes received: 11408172 B, packets received: 9399
[client] second 7.000833: 92980075.582244 bit/s, bytes received: 11623699 B, packets received: 9578
[client] second 8.000888: 94543303.442508 bit/s, bytes received: 11818566 B, packets received: 9739
[client] second 9.000933: 94754317.362159 bit/s, bytes received: 11844829 B, packets received: 9759
[client] second 10.000981: 94754248.642000 bit/s, bytes received: 11844847 B, packets received: 9760
[client] second 11.001075: 94745742.937101 bit/s, bytes received: 11844324 B, packets received: 9759
[client] second 12.001137: 94752801.847973 bit/s, bytes received: 11844838 B, packets received: 9760
[client] second 13.001159: 94746831.417685 bit/s, bytes received: 11843620 B, packets received: 9759
[client] second 14.001200: 94750701.251954 bit/s, bytes received: 11844324 B, packets received: 9760
[client] second 15.001284: 94750754.885419 bit/s, bytes received: 11844838 B, packets received: 9760
[client] second 16.001330: 94754439.657824 bit/s, bytes received: 11844847 B, packets received: 9759
[client] second 17.002269: 94234161.319129 bit/s, bytes received: 11790336 B, packets received: 9717
[client] second 18.002302: 78709357.723923 bit/s, bytes received: 9838989 B, packets received: 8109
[client] second 19.002352: 80746182.827298 bit/s, bytes received: 10093780 B, packets received: 8317
[client] second 20.002429: 82634884.990622 bit/s, bytes received: 10330148 B, packets received: 8513
[client] second 21.002478: 84474927.465991 bit/s, bytes received: 10559885 B, packets received: 8701
[client] second 22.002594: 86326453.329231 bit/s, bytes received: 10792067 B, packets received: 8891
[client] second 23.002621: 88435398.271454 bit/s, bytes received: 11054725 B, packets received: 9109
[client] second 24.002644: 90028280.176779 bit/s, bytes received: 11253787 B, packets received: 9273
[client] second 25.002728: 91997862.604135 bit/s, bytes received: 11500702 B, packets received: 9477
[client] second 26.002760: 93844588.950948 bit/s, bytes received: 11730944 B, packets received: 9665
[client] second 27.002790: 94746124.343245 bit/s, bytes received: 11843620 B, packets received: 9759
[client] second 28.002835: 94744547.752267 bit/s, bytes received: 11843611 B, packets received: 9759
[client] second 29.003000: 94748840.291796 bit/s, bytes received: 11845551 B, packets received: 9761
[client] second 30.003043: 94754576.680149 bit/s, bytes received: 11844838 B, packets received: 9759
[client] second 31.003080: 94745382.610334 bit/s, bytes received: 11843611 B, packets received: 9760
[client] second 32.003160: 94751243.465647 bit/s, bytes received: 11844847 B, packets received: 9760
[client] second 33.003193: 94751476.287205 bit/s, bytes received: 11844324 B, packets received: 9758
[client] second 34.003257: 94752670.895909 bit/s, bytes received: 11844847 B, packets received: 9760
[client] second 35.003285: 94756076.887768 bit/s, bytes received: 11844838 B, packets received: 9760
[client] second 36.003345: 94753064.676603 bit/s, bytes received: 11844838 B, packets received: 9760
[client] second 37.003387: 94740716.644514 bit/s, bytes received: 11843097 B, packets received: 9758
[client] second 38.003427: 94754997.184510 bit/s, bytes received: 11844838 B, packets received: 9760
[client] second 39.003452: 94756358.291518 bit/s, bytes received: 11844847 B, packets received: 9760
[client] second 40.003518: 94742677.333273 bit/s, bytes received: 11843611 B, packets received: 9759
[client] total: bytes received: 456721611 B, packets received: 376407
