Bandwidth: 100 Mbit/s
RTT: 500 ms
BDP: 6250000 B/s
Max In-Flight Packets: 4882
[server] starting server with pid 1092178, port 18080, cc cubic, iw 32
[server][session 0] open
[client] connection establishment time: 1.005373 s
[server][session 0][stream 0] open
[client] time to first byte: 1.506744 s
[client] second 0.100409: 1664332.270485 bit/s, bytes received: 20889 B, packets received: 26
[client] second 0.201429: 777352.797154 bit/s, bytes received: 9816 B, packets received: 8
[client] second 0.301788: 684653.985887 bit/s, bytes received: 8589 B, packets received: 7
[client] second 0.402185: 0.000000 bit/s, bytes received: 0 B, packets received: 0
[client] second 0.502872: 974895.710442 bit/s, bytes received: 12270 B, packets received: 10
[client] second 0.603701: 1070886.123555 bit/s, bytes received: 13497 B, packets received: 11
[client] second 0.704470: 1401459.455330 bit/s, bytes received: 17653 B, packets received: 15
[client] second 0.804845: 1466895.430889 bit/s, bytes received: 18405 B, packets received: 15
[client] second 0.905694: 1460013.030448 bit/s, bytes received: 18405 B, packets received: 15
[client] second 1.006331: 1014894.845811 bit/s, bytes received: 12767 B, packets received: 11
[client] second 1.106524: 1959415.193612 bit/s, bytes received: 24540 B, packets received: 20
[client] second 1.207509: 2235673.107057 bit/s, bytes received: 28221 B, packets received: 23
[client] second 1.308489: 2664424.526597 bit/s, bytes received: 33632 B, packets received: 28
[client] second 1.408827: 3130566.203908 bit/s, bytes received: 39264 B, packets received: 32
[client] second 1.508937: 2981915.896746 bit/s, bytes received: 37315 B, packets received: 31
[client] second 1.609297: 3757745.203018 bit/s, bytes received: 47141 B, packets received: 39
[client] second 1.709960: 4233226.997340 bit/s, bytes received: 53266 B, packets received: 44
[client] second 1.810900: 4861552.287797 bit/s, bytes received: 61341 B, packets received: 50
[client] second 1.911120: 5566309.931292 bit/s, bytes received: 69731 B, packets received: 59
[client] second 2.011256: 6313947.903618 bit/s, bytes received: 79033 B, packets received: 64
[client] second 2.112290: 7326690.087581 bit/s, bytes received: 92530 B, packets received: 76
[client] second 2.212302: 8324664.474181 bit/s, bytes received: 104071 B, packets received: 87
[client] second 2.313208: 9127583.072146 bit/s, bytes received: 115128 B, packets received: 96
[client] second 2.413444: 1566305.242563 bit/s, bytes received: 19625 B, packets received: 17
[client] second 2.513653: 8897172.028199 bit/s, bytes received: 111447 B, packets received: 93
[client] second 2.613905: 7677531.775398 bit/s, bytes received: 96211 B, packets received: 80
[client] second 2.714650: 6079864.758842 bit/s, bytes received: 76565 B, packets received: 65
[client] second 2.814678: 18022878.842141 bit/s, bytes received: 225348 B, packets received: 187
[client] second 2.914806: 18943020.491830 bit/s, bytes received: 237092 B, packets received: 195
[client] second 3.014995: 18777151.549780 bit/s, bytes received: 235157 B, packets received: 195
[client] second 3.115035: 14250451.181721 bit/s, bytes received: 178203 B, packets received: 148
[client] second 3.215843: 0.000000 bit/s, bytes received: 0 B, packets received: 1
[client] second 3.315873: 17980856.876255 bit/s, bytes received: 224829 B, packets received: 186
[client] second 3.416000: 19474552.268077 bit/s, bytes received: 243739 B, packets received: 204
[client] second 3.516366: 36566325.056314 bit/s, bytes received: 458752 B, packets received: 378
[client] second 3.616418: 41430657.113483 bit/s, bytes received: 518153 B, packets received: 427
[client] second 3.716657: 42528603.396234 bit/s, bytes received: 532877 B, packets received: 438
[client] second 3.816914: 9479798.813010 bit/s, bytes received: 118802 B, packets received: 101
[client] second 3.916946: 0.000000 bit/s, bytes received: 0 B, packets received: 3
[client] second 4.017344: 41776511.722268 bit/s, bytes received: 524288 B, packets received: 435
[client] second 4.117389: 52405605.802928 bit/s, bytes received: 655360 B, packets received: 541
[client] second 4.217410: 76622713.061393 bit/s, bytes received: 957985 B, packets received: 789
[client] second 4.317436: 84061070.082690 bit/s, bytes received: 1051040 B, packets received: 866
[client] second 4.417705: 80234639.192416 bit/s, bytes received: 1005631 B, packets received: 830
[client] second 4.518692: 0.000000 bit/s, bytes received: 0 B, packets received: 5
[client] second 4.618733: 15190233.980223 bit/s, bytes received: 189955 B, packets received: 162
[client] second 4.718768: 73570415.312817 bit/s, bytes received: 919953 B, packets received: 763
[client] second 4.818826: 94751739.208147 bit/s, bytes received: 1185079 B, packets received: 976
[client] second 4.918937: 94756572.335625 bit/s, bytes received: 1185783 B, packets received: 978
[client] second 5.018961: 94839773.182288 bit/s, bytes received: 1185783 B, packets received: 976
[client] second 5.119134: 87897180.069127 bit/s, bytes received: 1100615 B, packets received: 910
[client] second 5.219154: 26307492.650766 bit/s, bytes received: 328907 B, packets received: 280
[client] second 5.319174: 94843763.245801 bit/s, bytes received: 1185783 B, packets received: 977
[client] second 5.419267: 73528000.141308 bit/s, bytes received: 919958 B, packets received: 770
[client] second 5.519608: 56693031.973475 bit/s, bytes received: 711080 B, packets received: 587
[client] second 5.619834: 0.000000 bit/s, bytes received: 0 B, packets received: 0
[client] second 5.719863: 88375739.451210 bit/s, bytes received: 1105018 B, packets received: 910
[client] second 5.819879: 94748495.606094 bit/s, bytes received: 1184546 B, packets received: 977
[client] second 5.919927: 94760654.475026 bit/s, bytes received: 1185071 B, packets received: 979
[client] second 6.020024: 94770987.925287 bit/s, bytes received: 1185783 B, packets received: 977
[client] second 6.120036: 94752969.409276 bit/s, bytes received: 1184556 B, packets received: 977
[client] second 6.221030: 35367008.399805 bit/s, bytes received: 446482 B, packets received: 379
[client] second 6.321125: 58401399.244814 bit/s, bytes received: 730712 B, packets received: 607
[client] second 6.421595: 67057177.683840 bit/s, bytes received: 842152 B, packets received: 695
[client] second 6.521794: 0.000000 bit/s, bytes received: 0 B, packets received: 0
[client] second 6.622019: 0.000000 bit/s, bytes received: 0 B, packets received: 0
[client] second 6.722051: 47268766.337770 bit/s, bytes received: 591051 B, packets received: 488
[client] second 6.822065: 94751269.777968 bit/s, bytes received: 1184556 B, packets received: 976
[client] second 6.922149: 94783473.999012 bit/s, bytes received: 1185783 B, packets received: 977
[client] second 7.022177: 94836266.982515 bit/s, bytes received: 1185783 B, packets received: 976
[client] second 7.122327: 94720702.921087 bit/s, bytes received: 1185783 B, packets received: 981
[client] second 7.222436: 76596301.689218 bit/s, bytes received: 958500 B, packets received: 797
[client] second 7.322500: 16503307.218227 bit/s, bytes received: 206424 B, packets received: 181
[client] second 7.422598: 94769688.941389 bit/s, bytes received: 1185783 B, packets received: 977
[client] second 7.523187: 14368020.721279 bit/s, bytes received: 180657 B, packets received: 149
[client] second 7.623392: 0.000000 bit/s, bytes received: 0 B, packets received: 0
[client] second 7.723485: 4706753.027474 bit/s, bytes received: 58889 B, packets received: 48
[client] second 7.823498: 94850983.193365 bit/s, bytes received: 1185790 B, packets received: 977
[client] second 7.923531: 94675004.820135 bit/s, bytes received: 1183834 B, packets received: 977
[client] second 8.023638: 94761371.365263 bit/s, bytes received: 1185783 B, packets received: 977
[client] second 8.123653: 94750301.564874 bit/s, bytes received: 1184556 B, packets received: 977
[client] second 8.223688: 39042478.808739 bit/s, bytes received: 488200 B, packets received: 402
[client] second 8.323959: 80135276.808176 bit/s, bytes received: 1004404 B, packets received: 837
[client] second 8.424575: 0.000000 bit/s, bytes received: 0 B, packets received: 3
[client] second 8.524751: 0.000000 bit/s, bytes received: 0 B, packets received: 0
[client] second 8.624924: 0.000000 bit/s, bytes received: 0 B, packets received: 0
[client] second 8.725020: 45236632.584402 bit/s, bytes received: 566006 B, packets received: 466
[client] second 8.825034: 94848865.656037 bit/s, bytes received: 1185776 B, packets received: 977
[client] second 8.925095: 94707543.050614 bit/s, bytes received: 1184563 B, packets received: 976
[client] second 9.025186: 94776926.590899 bit/s, bytes received: 1185783 B, packets received: 977
[client] second 9.125961: 87956438.669497 bit/s, bytes received: 1107977 B, packets received: 914
[client] second 9.225976: 5143909.525615 bit/s, bytes received: 64309 B, packets received: 58
[client] second 9.326081: 94763628.118433 bit/s, bytes received: 1185783 B, packets received: 978
[client] second 9.426684: 25666826.309674 bit/s, bytes received: 322772 B, packets received: 276
[client] second 9.526885: 0.000000 bit/s, bytes received: 0 B, packets received: 0
[client] second 9.627114: 0.000000 bit/s, bytes received: 0 B, packets received: 0
[client] second 9.727173: 88880292.174318 bit/s, bytes received: 1111658 B, packets received: 917
[client] second 9.827275: 94765686.174132 bit/s, bytes received: 1185783 B, packets received: 976
[client] second 9.927392: 94751925.217941 bit/s, bytes received: 1185783 B, packets received: 978
[client] second 10.027436: 94861312.405899 bit/s, bytes received: 1186288 B, packets received: 977
[client] second 10.127459: 94742689.181488 bit/s, bytes received: 1184556 B, packets received: 978
[client] second 10.227668: 34918165.788000 bit/s, bytes received: 437388 B, packets received: 372
[client] second 10.327707: 58237857.350205 bit/s, bytes received: 728258 B, packets received: 606
[client] second 10.428332: 67148563.103206 bit/s, bytes received: 844606 B, packets received: 696
[client] second 10.528494: 0.000000 bit/s, bytes received: 0 B, packets received: 0
[client] second 10.628680: 0.000000 bit/s, bytes received: 0 B, packets received: 0
[client] second 10.728708: 46289626.296570 bit/s, bytes received: 578781 B, packets received: 478
[client] second 10.828721: 94850441.284746 bit/s, bytes received: 1185783 B, packets received: 976
[client] second 10.928772: 94714837.959973 bit/s, bytes received: 1184545 B, packets received: 976
[client] second 11.028809: 94729060.376736 bit/s, bytes received: 1184555 B, packets received: 976
[client] second 11.128831: 94744826.368127 bit/s, bytes received: 1184568 B, packets received: 980
[client] second 11.229018: 77712730.083512 bit/s, bytes received: 973224 B, packets received: 808
[client] second 11.329038: 15430172.137321 bit/s, bytes received: 192915 B, packets received: 170
[client] second 11.429062: 94841558.821730 bit/s, bytes received: 1185795 B, packets received: 976
[client] second 11.529971: 15392228.860405 bit/s, bytes received: 194154 B, packets received: 161
[client] second 11.630163: 0.000000 bit/s, bytes received: 0 B, packets received: 0
[client] second 11.730174: 3573798.117203 bit/s, bytes received: 44677 B, packets received: 37
[client] second 11.830195: 94842166.421535 bit/s, bytes received: 1185783 B, packets received: 977
[client] second 11.930250: 94712246.196223 bit/s, bytes received: 1184556 B, packets received: 976
[client] second 12.030287: 94729445.205769 bit/s, bytes received: 1184547 B, packets received: 977
[client] second 12.130370: 94784164.986629 bit/s, bytes received: 1185792 B, packets received: 979
[client] second 12.230407: 94729593.932443 bit/s, bytes received: 1184556 B, packets received: 977
[client] second 12.330702: 25648045.730407 bit/s, bytes received: 321545 B, packets received: 278
[client] second 12.430732: 67744156.323244 bit/s, bytes received: 847060 B, packets received: 701
[client] second 12.531258: 57760638.820550 bit/s, bytes received: 725804 B, packets received: 599
[client] second 12.631464: 0.000000 bit/s, bytes received: 0 B, packets received: 0
[client] second 12.731648: 0.000000 bit/s, bytes received: 0 B, packets received: 0
[client] second 12.831674: 55890456.273302 bit/s, bytes received: 698810 B, packets received: 576
[client] second 12.931713: 94727621.482481 bit/s, bytes received: 1184556 B, packets received: 976
[client] second 13.031756: 94723674.935311 bit/s, bytes received: 1184556 B, packets received: 977
[client] second 13.131777: 94842071.401738 bit/s, bytes received: 1185771 B, packets received: 976
[client] second 13.231797: 94648157.286302 bit/s, bytes received: 1183341 B, packets received: 980
[client] second 13.332241: 66683116.879626 bit/s, bytes received: 837244 B, packets received: 701
[client] second 13.432297: 0.000000 bit/s, bytes received: 0 B, packets received: 269
[client] second 13.532336: 0.000000 bit/s, bytes received: 0 B, packets received: 977
[client] second 13.632970: 0.000000 bit/s, bytes received: 0 B, packets received: 60
[client] second 13.733160: 0.000000 bit/s, bytes received: 0 B, packets received: 0
[client] second 13.833203: 141496238.850310 bit/s, bytes received: 1769472 B, packets received: 159
[client] second 13.933305: 94766141.533399 bit/s, bytes received: 1185783 B, packets received: 976
[client] second 14.033319: 94751563.466868 bit/s, bytes received: 1184556 B, packets received: 976
[client] second 14.133415: 94771149.827380 bit/s, bytes received: 1185783 B, packets received: 977
[client] second 14.234482: 53081038.328368 bit/s, bytes received: 670589 B, packets received: 553
[client] second 14.334509: 29838144.945048 bit/s, bytes received: 373079 B, packets received: 307
[client] second 14.434524: 94750292.091262 bit/s, bytes received: 1184556 B, packets received: 976
[client] second 14.534568: 94722489.520396 bit/s, bytes received: 1184556 B, packets received: 984
[client] second 14.635513: 56839535.100556 bit/s, bytes received: 717206 B, packets received: 592
[client] second 14.735583: 29474062.344475 bit/s, bytes received: 368685 B, packets received: 305
[client] second 14.835687: 94764557.735099 bit/s, bytes received: 1185783 B, packets received: 977
[client] second 14.935702: 94847288.857221 bit/s, bytes received: 1185774 B, packets received: 976
[client] second 15.035824: 7336441.454945 bit/s, bytes received: 91817 B, packets received: 86
[client] second 15.135886: 24980693.641365 bit/s, bytes received: 312451 B, packets received: 257
[client] second 15.235926: 94726322.342834 bit/s, bytes received: 1184556 B, packets received: 976
[client] second 15.335990: 94800708.130767 bit/s, bytes received: 1185774 B, packets received: 977
[client] second 15.436017: 94681860.748500 bit/s, bytes received: 1183843 B, packets received: 983
[client] second 15.536494: 92808799.194508 bit/s, bytes received: 1165646 B, packets received: 962
[client] second 15.636509: 391861.479407 bit/s, bytes received: 4899 B, packets received: 7
[client] second 15.736558: 94718069.093325 bit/s, bytes received: 1184556 B, packets received: 976
[client] second 15.836609: 94659815.700123 bit/s, bytes received: 1183843 B, packets received: 985
[client] second 15.937138: 61565949.879207 bit/s, bytes received: 773648 B, packets received: 637
[client] second 16.038196: 0.000000 bit/s, bytes received: 0 B, packets received: 0
[client] second 16.138224: 83961569.146451 bit/s, bytes received: 1049812 B, packets received: 866
[client] second 16.238248: 94839868.782109 bit/s, bytes received: 1185774 B, packets received: 976
[client] second 16.338380: 72617821.206307 bit/s, bytes received: 908924 B, packets received: 755
[client] second 16.438474: 21246030.006556 bit/s, bytes received: 265825 B, packets received: 220
[client] second 16.538491: 94845985.045026 bit/s, bytes received: 1185783 B, packets received: 976
[client] second 16.638516: 94781855.591640 bit/s, bytes received: 1185061 B, packets received: 977
[client] second 16.738617: 93982149.503802 bit/s, bytes received: 1175967 B, packets received: 982
[client] second 16.839674: 71815135.639856 bit/s, bytes received: 907174 B, packets received: 748
[client] second 16.939763: 22170025.761176 bit/s, bytes received: 277373 B, packets received: 230
[client] second 17.039838: 94792124.666235 bit/s, bytes received: 1185792 B, packets received: 977
[client] second 17.140325: 8733372.320063 bit/s, bytes received: 109699 B, packets received: 95
[client] second 17.240554: 0.000000 bit/s, bytes received: 0 B, packets received: 0
[client] second 17.340680: 11395965.186413 bit/s, bytes received: 142629 B, packets received: 118
[client] second 17.440723: 94723750.681682 bit/s, bytes received: 1184556 B, packets received: 976
[client] second 17.540821: 94867629.552340 bit/s, bytes received: 1187010 B, packets received: 978
[client] second 17.640833: 94655028.601638 bit/s, bytes received: 1183329 B, packets received: 976
[client] second 17.740864: 94832932.635523 bit/s, bytes received: 1185783 B, packets received: 976
[client] second 17.840906: 94724927.606478 bit/s, bytes received: 1184556 B, packets received: 976
[client] second 17.941244: 17827178.076860 bit/s, bytes received: 223593 B, packets received: 199
[client] second 18.041261: 75489567.433725 bit/s, bytes received: 943785 B, packets received: 780
[client] second 18.142219: 49849658.237366 bit/s, bytes received: 629088 B, packets received: 519
[client] second 18.243134: 0.000000 bit/s, bytes received: 0 B, packets received: 0
[client] second 18.343368: 0.000000 bit/s, bytes received: 0 B, packets received: 0
[client] second 18.443434: 65660156.824621 bit/s, bytes received: 821293 B, packets received: 677
[client] second 18.543507: 94695263.444138 bit/s, bytes received: 1184556 B, packets received: 976
[client] second 18.643535: 94737945.804527 bit/s, bytes received: 1184547 B, packets received: 976
[client] second 18.743563: 94836027.308569 bit/s, bytes received: 1185792 B, packets received: 977
[client] second 18.843643: 94688996.772443 bit/s, bytes received: 1184556 B, packets received: 977
[client] second 18.943901: 58306708.277306 bit/s, bytes received: 730712 B, packets received: 610
[client] second 19.043981: 34806447.638031 bit/s, bytes received: 435430 B, packets received: 367
[client] second 19.144188: 90904518.529033 bit/s, bytes received: 1138652 B, packets received: 939
[client] second 19.245176: 0.000000 bit/s, bytes received: 0 B, packets received: 0
[client] second 19.345362: 0.000000 bit/s, bytes received: 0 B, packets received: 0
[client] second 19.445443: 24624742.499731 bit/s, bytes received: 308057 B, packets received: 254
[client] second 19.545489: 94720971.816016 bit/s, bytes received: 1184556 B, packets received: 976
[client] second 19.645503: 94848733.180626 bit/s, bytes received: 1185774 B, packets received: 977
[client] second 19.745601: 94671159.797653 bit/s, bytes received: 1184556 B, packets received: 977
[client] second 19.845699: 94770920.444199 bit/s, bytes received: 1185792 B, packets received: 976
[client] second 19.945745: 94818754.087858 bit/s, bytes received: 1185783 B, packets received: 978
[client] second 20.046488: 4424723.947095 bit/s, bytes received: 55720 B, packets received: 61
[client] second 20.146562: 89259911.396488 bit/s, bytes received: 1116566 B, packets received: 922
[client] second 20.247342: 36220972.316693 bit/s, bytes received: 456298 B, packets received: 376
[client] second 20.347577: 0.000000 bit/s, bytes received: 0 B, packets received: 0
[client] second 20.447763: 0.000000 bit/s, bytes received: 0 B, packets received: 0
[client] second 20.547877: 78651813.337479 bit/s, bytes received: 984267 B, packets received: 812
[client] second 20.647948: 94795050.181270 bit/s, bytes received: 1185783 B, packets received: 976
[client] second 20.748032: 94725049.517269 bit/s, bytes received: 1185061 B, packets received: 977
[client] second 20.848043: 94753860.934805 bit/s, bytes received: 1184556 B, packets received: 977
[client] second 20.948109: 94800516.273681 bit/s, bytes received: 1185783 B, packets received: 976
[client] second 21.048548: 45082381.254411 bit/s, bytes received: 566006 B, packets received: 477
[client] second 21.148588: 48188822.287839 bit/s, bytes received: 602599 B, packets received: 503
[client] second 21.249607: 76838341.014788 bit/s, bytes received: 970265 B, packets received: 800
[client] second 21.349861: 0.000000 bit/s, bytes received: 0 B, packets received: 0
[client] second 21.449961: 0.000000 bit/s, bytes received: 0 B, packets received: 0
[client] second 21.550061: 37782535.575298 bit/s, bytes received: 472754 B, packets received: 391
[client] second 21.650160: 94768531.057918 bit/s, bytes received: 1185783 B, packets received: 976
[client] second 21.750173: 94752180.219486 bit/s, bytes received: 1184556 B, packets received: 977
[client] second 21.850245: 94794224.164594 bit/s, bytes received: 1185783 B, packets received: 976
[client] second 21.950280: 94731710.406736 bit/s, bytes received: 1184556 B, packets received: 977
[client] second 22.051036: 85594965.857659 bit/s, bytes received: 1078024 B, packets received: 892
[client] second 22.151121: 7632608.774107 bit/s, bytes received: 95489 B, packets received: 92
[client] second 22.251132: 94753984.101181 bit/s, bytes received: 1184556 B, packets received: 976
[client] second 22.351268: 23393623.963407 bit/s, bytes received: 292819 B, packets received: 241
[client] second 22.452225: 0.000000 bit/s, bytes received: 0 B, packets received: 0
[client] second 22.552453: 0.000000 bit/s, bytes received: 0 B, packets received: 0
[client] second 22.652479: 91795393.692691 bit/s, bytes received: 1147746 B, packets received: 946
[client] second 22.752510: 94733960.485390 bit/s, bytes received: 1184547 B, packets received: 976
[client] second 22.852525: 94751040.512414 bit/s, bytes received: 1184556 B, packets received: 977
[client] second 22.952545: 94843626.835001 bit/s, bytes received: 1185792 B, packets received: 976
[client] second 23.052561: 94749816.518396 bit/s, bytes received: 1184556 B, packets received: 976
[client] second 23.152756: 32277835.030680 bit/s, bytes received: 404259 B, packets received: 346
[client] second 23.252852: 60891813.028351 bit/s, bytes received: 761883 B, packets received: 633
[client] second 23.353306: 64585318.841686 bit/s, bytes received: 810981 B, packets received: 668
[client] second 23.453589: 0.000000 bit/s, bytes received: 0 B, packets received: 0
[client] second 23.553821: 0.000000 bit/s, bytes received: 0 B, packets received: 0
[client] second 23.653908: 50127759.488043 bit/s, bytes received: 627139 B, packets received: 517
[client] second 23.753952: 94722516.977754 bit/s, bytes received: 1184556 B, packets received: 977
[client] second 23.853967: 94848199.361647 bit/s, bytes received: 1185783 B, packets received: 976
[client] second 23.954068: 94669218.152542 bit/s, bytes received: 1184556 B, packets received: 977
[client] second 24.054084: 94847495.700362 bit/s, bytes received: 1185783 B, packets received: 976
[client] second 24.154466: 73609322.168037 bit/s, bytes received: 923639 B, packets received: 768
[client] second 24.254503: 19492096.023198 bit/s, bytes received: 243739 B, packets received: 212
[client] second 24.354573: 94795561.712577 bit/s, bytes received: 1185783 B, packets received: 976
[client] second 24.454935: 11426045.931641 bit/s, bytes received: 143342 B, packets received: 119
[client] second 24.555164: 0.000000 bit/s, bytes received: 0 B, packets received: 0
[client] second 24.655179: 8324945.803925 bit/s, bytes received: 104078 B, packets received: 86
[client] second 24.755252: 94695281.423100 bit/s, bytes received: 1184556 B, packets received: 976
[client] second 24.855281: 94835138.556872 bit/s, bytes received: 1185774 B, packets received: 977
[client] second 24.955334: 94713639.612529 bit/s, bytes received: 1184556 B, packets received: 976
[client] second 25.055378: 94723863.453228 bit/s, bytes received: 1184565 B, packets received: 977
[client] second 25.155466: 94779355.484748 bit/s, bytes received: 1185783 B, packets received: 976
[client] second 25.255865: 20888088.587682 bit/s, bytes received: 262144 B, packets received: 230
[client] second 25.355903: 72488520.851884 bit/s, bytes received: 906452 B, packets received: 751
[client] second 25.456346: 53077808.324225 bit/s, bytes received: 666412 B, packets received: 549
[client] second 25.556588: 0.000000 bit/s, bytes received: 0 B, packets received: 0
[client] second 25.656666: 0.000000 bit/s, bytes received: 0 B, packets received: 0
[client] second 25.756687: 61429262.312085 bit/s, bytes received: 768027 B, packets received: 634
[client] second 25.856703: 94848047.627872 bit/s, bytes received: 1185783 B, packets received: 976
[client] second 25.956726: 94741484.382192 bit/s, bytes received: 1184547 B, packets received: 976
[client] second 26.056799: 94695972.509297 bit/s, bytes received: 1184565 B, packets received: 977
[client] second 26.156894: 94772391.095132 bit/s, bytes received: 1185783 B, packets received: 977
[client] second 26.257303: 62365294.696008 bit/s, bytes received: 782751 B, packets received: 652
[client] second 26.357323: 30861293.186124 bit/s, bytes received: 385845 B, packets received: 328
[client] second 26.457428: 94764043.491859 bit/s, bytes received: 1185792 B, packets received: 977
[client] second 26.558273: 97337.584045 bit/s, bytes received: 1227 B, packets received: 1
[client] second 26.658496: 0.000000 bit/s, bytes received: 0 B, packets received: 0
[client] second 26.758563: 20270850.355497 bit/s, bytes received: 253555 B, packets received: 209
[client] second 26.858574: 94753529.461424 bit/s, bytes received: 1184547 B, packets received: 977
[client] second 26.958584: 94755605.047433 bit/s, bytes received: 1184565 B, packets received: 976
[client] second 27.058596: 94850062.793650 bit/s, bytes received: 1185774 B, packets received: 976
[client] second 27.158613: 94691922.834605 bit/s, bytes received: 1183843 B, packets received: 976
[client] second 27.258685: 94794432.561939 bit/s, bytes received: 1185783 B, packets received: 977
[client] second 27.359005: 9042157.787763 bit/s, bytes received: 113389 B, packets received: 109
[client] second 27.459023: 84264084.171220 bit/s, bytes received: 1053484 B, packets received: 869
[client] second 27.559221: 41467977.418723 bit/s, bytes received: 519380 B, packets received: 429
[client] second 27.659422: 0.000000 bit/s, bytes received: 0 B, packets received: 0
[client] second 27.759603: 0.000000 bit/s, bytes received: 0 B, packets received: 0
[client] second 27.859635: 73082887.588324 bit/s, bytes received: 913823 B, packets received: 754
[client] second 27.959739: 94763363.259309 bit/s, bytes received: 1185774 B, packets received: 977
[client] second 28.059843: 94764196.110155 bit/s, bytes received: 1185783 B, packets received: 977
[client] second 28.159895: 94755629.671137 bit/s, bytes received: 1185070 B, packets received: 976
[client] second 28.259910: 94848948.554276 bit/s, bytes received: 1185783 B, packets received: 977
[client] second 28.360106: 50718327.091963 bit/s, bytes received: 635223 B, packets received: 533
[client] second 28.460173: 42404583.835308 bit/s, bytes received: 530414 B, packets received: 445
[client] second 28.561226: 82527038.153921 bit/s, bytes received: 1042450 B, packets received: 859
[client] second 28.661471: 0.000000 bit/s, bytes received: 0 B, packets received: 0
[client] second 28.761603: 0.000000 bit/s, bytes received: 0 B, packets received: 0
[client] second 28.861626: 31940701.697908 bit/s, bytes received: 399351 B, packets received: 329
[client] second 28.961673: 94859296.583973 bit/s, bytes received: 1186288 B, packets received: 978
[client] second 29.061775: 94667861.980063 bit/s, bytes received: 1184556 B, packets received: 976
[client] second 29.161789: 94750452.195552 bit/s, bytes received: 1184556 B, packets received: 977
[client] second 29.261802: 94850555.090776 bit/s, bytes received: 1185783 B, packets received: 976
[client] second 29.362809: 91155968.889076 bit/s, bytes received: 1150922 B, packets received: 953
[client] second 29.462900: 2001783.001587 bit/s, bytes received: 25045 B, packets received: 33
[client] second 29.562944: 94722849.307729 bit/s, bytes received: 1184556 B, packets received: 976
[client] second 29.663847: 28800927.019705 bit/s, bytes received: 363263 B, packets received: 300
[client] second 29.764023: 0.000000 bit/s, bytes received: 0 B, packets received: 0
[client] second 29.864488: 0.000000 bit/s, bytes received: 0 B, packets received: 0
[client] second 29.964549: 86425459.821808 bit/s, bytes received: 1080983 B, packets received: 891
[client] second 30.064565: 94847068.008374 bit/s, bytes received: 1185783 B, packets received: 977
[client] second 30.164623: 94709381.661425 bit/s, bytes received: 1184547 B, packets received: 976
[client] second 30.264874: 94723697.213406 bit/s, bytes received: 1187019 B, packets received: 979
[client] second 30.364938: 94801389.770083 bit/s, bytes received: 1185783 B, packets received: 976
[client] second 30.465265: 37265442.870462 bit/s, bytes received: 467341 B, packets received: 397
[client] second 30.565302: 55982320.997718 bit/s, bytes received: 700037 B, packets received: 582
[client] second 30.665642: 69590105.490868 bit/s, bytes received: 872827 B, packets received: 720
[client] second 30.765761: 0.000000 bit/s, bytes received: 0 B, packets received: 0
[client] second 30.865961: 0.000000 bit/s, bytes received: 0 B, packets received: 0
[client] second 30.966097: 44769040.099966 bit/s, bytes received: 560376 B, packets received: 462
[client] second 31.066111: 94750576.404799 bit/s, bytes received: 1184547 B, packets received: 976
[client] second 31.166152: 94726889.604037 bit/s, bytes received: 1184565 B, packets received: 977
[client] second 31.266184: 94832476.634157 bit/s, bytes received: 1185783 B, packets received: 976
[client] second 31.366214: 94735248.491725 bit/s, bytes received: 1184556 B, packets received: 976
[client] second 31.467132: 78608717.131522 bit/s, bytes received: 991629 B, packets received: 823
[client] second 31.567187: 14640875.686853 bit/s, bytes received: 183111 B, packets received: 162
[client] second 31.667226: 94727109.208146 bit/s, bytes received: 1184556 B, packets received: 977
[client] second 31.767780: 16325392.098072 bit/s, bytes received: 205197 B, packets received: 169
[client] second 31.867994: 0.000000 bit/s, bytes received: 0 B, packets received: 0
[client] second 31.968008: 3671817.218068 bit/s, bytes received: 45904 B, packets received: 38
[client] second 32.068049: 94725495.722236 bit/s, bytes received: 1184556 B, packets received: 976
[client] second 32.168075: 94837785.619913 bit/s, bytes received: 1185771 B, packets received: 977
[client] second 32.268139: 94703606.415868 bit/s, bytes received: 1184556 B, packets received: 976
[client] second 32.368169: 94737052.989442 bit/s, bytes received: 1184568 B, packets received: 976
[client] second 32.468186: 94846383.329897 bit/s, bytes received: 1185783 B, packets received: 977
[client] second 32.568512: 25542161.824743 bit/s, bytes received: 320318 B, packets received: 278
[client] second 32.668601: 67703975.795488 bit/s, bytes received: 847051 B, packets received: 701
[client] second 32.769053: 57803392.366419 bit/s, bytes received: 725813 B, packets received: 599
[client] second 32.869277: 0.000000 bit/s, bytes received: 0 B, packets received: 0
[client] second 32.969473: 0.000000 bit/s, bytes received: 0 B, packets received: 0
[client] second 33.069491: 56778104.540558 bit/s, bytes received: 709853 B, packets received: 585
[client] second 33.169542: 94716626.318885 bit/s, bytes received: 1184556 B, packets received: 977
[client] second 33.269607: 94799920.851763 bit/s, bytes received: 1185774 B, packets received: 976
[client] second 33.369721: 94756038.363389 bit/s, bytes received: 1185792 B, packets received: 977
[client] second 33.469783: 66643023.572928 bit/s, bytes received: 833563 B, packets received: 687
[client] second 33.569889: 56728020.815368 bit/s, bytes received: 709844 B, packets received: 586
[client] second 33.669923: 64561828.176967 bit/s, bytes received: 807300 B, packets received: 675
[client] second 33.769965: 94822618.217529 bit/s, bytes received: 1185783 B, packets received: 977
[client] second 33.870959: 4899701.766152 bit/s, bytes received: 61855 B, packets received: 52
[client] second 33.971005: 14053442.206349 bit/s, bytes received: 175749 B, packets received: 146
[client] second 34.071072: 94799472.267644 bit/s, bytes received: 1185783 B, packets received: 976
[client] second 34.171115: 94723152.288656 bit/s, bytes received: 1184556 B, packets received: 977
[client] second 34.272054: 77716870.667614 bit/s, bytes received: 980586 B, packets received: 812
[client] second 34.372163: 78459972.129018 bit/s, bytes received: 981813 B, packets received: 810
[client] second 34.472180: 94846345.397861 bit/s, bytes received: 1185783 B, packets received: 976
[client] second 34.572297: 47719044.899943 bit/s, bytes received: 597186 B, packets received: 507
[client] second 34.672355: 78793798.322647 bit/s, bytes received: 985494 B, packets received: 814
[client] second 34.772371: 50261521.128983 bit/s, bytes received: 628366 B, packets received: 519
[client] second 34.872462: 94677726.798934 bit/s, bytes received: 1184556 B, packets received: 976
[client] second 34.973278: 57789203.766164 bit/s, bytes received: 728258 B, packets received: 601
[client] second 35.073350: 34810048.758583 bit/s, bytes received: 435439 B, packets received: 359
[client] second 35.173372: 94842288.741682 bit/s, bytes received: 1185783 B, packets received: 977
[client] second 35.273470: 94769801.606950 bit/s, bytes received: 1185783 B, packets received: 978
[client] second 35.373486: 94748572.662136 bit/s, bytes received: 1184556 B, packets received: 976
[client] second 35.473566: 52681008.758572 bit/s, bytes received: 659041 B, packets received: 545
[client] second 35.573663: 94771755.781641 bit/s, bytes received: 1185783 B, packets received: 977
[client] second 35.673759: 40333622.990947 bit/s, bytes received: 504656 B, packets received: 431
[client] second 35.773863: 94763920.633319 bit/s, bytes received: 1185783 B, packets received: 978
[client] second 35.873879: 27092840.144042 bit/s, bytes received: 338714 B, packets received: 279
[client] second 35.973906: 53003524.313440 bit/s, bytes received: 662722 B, packets received: 546
[client] second 36.073955: 94718712.056123 bit/s, bytes received: 1184565 B, packets received: 976
[client] second 36.173968: 94751580.519828 bit/s, bytes received: 1184556 B, packets received: 978
[client] second 36.274011: 94764445.906221 bit/s, bytes received: 1185061 B, packets received: 977
[client] second 36.374102: 94579911.792586 bit/s, bytes received: 1183329 B, packets received: 979
[client] second 36.474303: 71155091.501633 bit/s, bytes received: 891223 B, packets received: 740
[client] second 36.574395: 22227230.965543 bit/s, bytes received: 278095 B, packets received: 240
[client] second 36.674444: 94758665.085596 bit/s, bytes received: 1185070 B, packets received: 977
[client] second 36.775483: 8686431.753695 bit/s, bytes received: 109708 B, packets received: 90
[client] second 36.875700: 0.000000 bit/s, bytes received: 0 B, packets received: 0
[client] second 36.975736: 11757605.498380 bit/s, bytes received: 147023 B, packets received: 121
[client] second 37.075775: 94767311.394744 bit/s, bytes received: 1185061 B, packets received: 977
[client] second 37.175790: 94848787.334610 bit/s, bytes received: 1185783 B, packets received: 977
[client] second 37.275854: 94703766.362423 bit/s, bytes received: 1184556 B, packets received: 976
[client] second 37.375906: 94715573.613565 bit/s, bytes received: 1184556 B, packets received: 977
[client] second 37.475925: 94849386.695197 bit/s, bytes received: 1185783 B, packets received: 976
[client] second 37.576030: 17476275.824114 bit/s, bytes received: 218694 B, packets received: 195
[client] second 37.676071: 75667319.648454 bit/s, bytes received: 946230 B, packets received: 783
[client] second 37.776149: 50091545.906524 bit/s, bytes received: 626634 B, packets received: 517
[client] second 37.876376: 0.000000 bit/s, bytes received: 0 B, packets received: 0
[client] second 37.976612: 0.000000 bit/s, bytes received: 0 B, packets received: 0
[client] second 38.076687: 64338223.795475 bit/s, bytes received: 804837 B, packets received: 664
[client] second 38.176737: 94757299.517193 bit/s, bytes received: 1185061 B, packets received: 977
[client] second 38.276759: 94842260.295108 bit/s, bytes received: 1185783 B, packets received: 976
[client] second 38.376780: 94744728.566436 bit/s, bytes received: 1184556 B, packets received: 976
[client] second 38.476846: 94701888.680714 bit/s, bytes received: 1184556 B, packets received: 977
[client] second 38.577458: 59369489.742174 bit/s, bytes received: 746663 B, packets received: 623
[client] second 38.677494: 33938729.839315 bit/s, bytes received: 424387 B, packets received: 359
[client] second 38.778496: 90966983.749257 bit/s, bytes received: 1148477 B, packets received: 946
[client] second 38.878824: 0.000000 bit/s, bytes received: 0 B, packets received: 0
[client] second 38.979052: 0.000000 bit/s, bytes received: 0 B, packets received: 0
[client] second 39.079070: 23657808.182793 bit/s, bytes received: 295778 B, packets received: 245
[client] second 39.179134: 94802015.059390 bit/s, bytes received: 1185783 B, packets received: 976
[client] second 39.279171: 94730049.416239 bit/s, bytes received: 1184556 B, packets received: 977
[client] second 39.379243: 94793834.842918 bit/s, bytes received: 1185783 B, packets received: 976
[client] second 39.479280: 94729507.760325 bit/s, bytes received: 1184556 B, packets received: 977
[client] second 39.579438: 94811135.881454 bit/s, bytes received: 1187010 B, packets received: 977
[client] second 39.679837: 5417615.731341 bit/s, bytes received: 67990 B, packets received: 72
[client] second 39.779877: 88013594.100507 bit/s, bytes received: 1100615 B, packets received: 908
[client] second 39.880780: 37441980.292890 bit/s, bytes received: 472249 B, packets received: 390
[client] second 39.981798: 0.000000 bit/s, bytes received: 0 B, packets received: 0
[client] second 40.082041: 0.000000 bit/s, bytes received: 0 B, packets received: 0
[client] total: bytes received: 280865932 B, packets received: 232127
