Bandwidth: 100 Mbit/s
RTT: 500 ms
BDP: 6250000 B/s
Max In-Flight Packets: 4882
[server] starting server with pid 152418, port 18080, cc cubic, iw 32
[server][session 0] open
[client] connection establishment time: 1.005406 s
[server][session 0][stream 0] open
[client] time to first byte: 1.506755 s
[client] second 1.000313: 955893.639786 bit/s, bytes received: 119524 B, packets received: 107
[client] second 2.001385: 3827010.084300 bit/s, bytes received: 478889 B, packets received: 395
[client] second 3.001602: 10283105.244591 bit/s, bytes received: 1285668 B, packets received: 1067
[client] second 4.002180: 22662990.559170 bit/s, bytes received: 2834511 B, packets received: 2350
[client] second 5.002321: 65149737.221167 bit/s, bytes received: 8144869 B, packets received: 6729
[client] second 6.002436: 58576145.064432 bit/s, bytes received: 7322854 B, packets received: 6057
[client] second 7.002461: 58895432.625408 bit/s, bytes received: 7362118 B, packets received: 6084
[client] second 8.002495: 59389788.621882 bit/s, bytes received: 7423973 B, packets received: 6123
[client] second 9.002519: 57346398.108887 bit/s, bytes received: 7168469 B, packets received: 5925
[client] second 10.002540: 58626611.176100 bit/s, bytes received: 7328484 B, packets received: 6055
[client] second 11.002590: 58609364.770196 bit/s, bytes received: 7326535 B, packets received: 6055
[client] second 12.002673: 46035371.672766 bit/s, bytes received: 5754898 B, packets received: 4760
[client] second 13.002731: 58706986.972440 bit/s, bytes received: 7338805 B, packets received: 6065
[client] second 14.002815: 58607367.178839 bit/s, bytes received: 7326535 B, packets received: 6055
[client] second 15.002878: 58618407.319483 bit/s, bytes received: 7327762 B, packets received: 6055
[client] second 16.002968: 58602952.841595 bit/s, bytes received: 7326030 B, packets received: 6054
[client] second 17.003004: 58610214.224389 bit/s, bytes received: 7326535 B, packets received: 6056
[client] second 18.003763: 62019261.891277 bit/s, bytes received: 7758293 B, packets received: 6410
[client] second 19.004427: 62872811.007416 bit/s, bytes received: 7864320 B, packets received: 6498
[client] second 20.004984: 62879550.426950 bit/s, bytes received: 7864320 B, packets received: 6498
[client] second 21.005682: 62870637.943626 bit/s, bytes received: 7864320 B, packets received: 6498
[client] second 22.006435: 62867214.449329 bit/s, bytes received: 7864320 B, packets received: 6499
[client] second 23.007730: 62833215.804653 bit/s, bytes received: 7864320 B, packets received: 6498
[client] second 24.007816: 60641307.772272 bit/s, bytes received: 7580812 B, packets received: 6263
[client] second 25.007858: 58609766.520163 bit/s, bytes received: 7326535 B, packets received: 6056
[client] second 26.007936: 58607720.729581 bit/s, bytes received: 7326535 B, packets received: 6054
[client] second 27.008758: 61154045.326417 bit/s, bytes received: 7650534 B, packets received: 6319
[client] second 28.009467: 62869929.517215 bit/s, bytes received: 7864320 B, packets received: 6492
[client] second 29.009506: 61496390.538603 bit/s, bytes received: 7687344 B, packets received: 6344
[client] second 30.009531: 58600984.090748 bit/s, bytes received: 7325308 B, packets received: 6055
[client] second 31.009596: 58614263.012426 bit/s, bytes received: 7327257 B, packets received: 6055
[client] second 32.009654: 58618680.992883 bit/s, bytes received: 7327762 B, packets received: 6055
[client] second 33.009707: 58609191.354225 bit/s, bytes received: 7326535 B, packets received: 6055
[client] second 34.009805: 63153657.512764 bit/s, bytes received: 7894986 B, packets received: 6520
[client] second 35.009904: 58439706.916673 bit/s, bytes received: 7305685 B, packets received: 6036
[client] second 36.009941: 58619927.004081 bit/s, bytes received: 7327762 B, packets received: 6056
[client] second 37.010009: 58608284.673234 bit/s, bytes received: 7326535 B, packets received: 6055
[client] second 38.010090: 58613353.802305 bit/s, bytes received: 7327257 B, packets received: 6056
[client] second 39.010165: 58607811.007587 bit/s, bytes received: 7326526 B, packets received: 6054
[client] second 40.010190: 58601056.850724 bit/s, bytes received: 7325317 B, packets received: 6054
[client] total: bytes received: 272853362 B, packets received: 225472
