Bandwidth: 100 Mbit/s
RTT: 500 ms
BDP: 6250000 B/s
Max In-Flight Packets: 4882
[server] starting server with pid 149652, port 18080, cc cubic, iw 32
[server][session 0] open
[client] connection establishment time: 1.005415 s
[server][session 0][stream 0] open
[client] time to first byte: 1.506595 s
[client] second 1.000960: 955275.325440 bit/s, bytes received: 119524 B, packets received: 107
[client] second 2.002023: 3827044.196453 bit/s, bytes received: 478889 B, packets received: 395
[client] second 3.002624: 10279140.797301 bit/s, bytes received: 1285665 B, packets received: 1067
[client] second 4.003254: 22661850.059269 bit/s, bytes received: 2834514 B, packets received: 2350
[client] second 5.003287: 65274475.020480 bit/s, bytes received: 8159583 B, packets received: 6742
[client] second 6.003339: 58687842.570473 bit/s, bytes received: 7336361 B, packets received: 6069
[client] second 7.003439: 58812509.636095 bit/s, bytes received: 7352302 B, packets received: 6076
[client] second 8.003531: 59140995.072529 bit/s, bytes received: 7393298 B, packets received: 6098
[client] second 9.003613: 57358601.131990 bit/s, bytes received: 7170418 B, packets received: 5925
[client] second 10.003752: 58613953.584024 bit/s, bytes received: 7327762 B, packets received: 6056
[client] second 11.003837: 58617128.432834 bit/s, bytes received: 7327762 B, packets received: 6056
[client] second 12.003889: 58599405.872806 bit/s, bytes received: 7325308 B, packets received: 6054
[client] second 13.003994: 58615939.626477 bit/s, bytes received: 7327762 B, packets received: 6057
[client] second 14.004064: 58604073.098996 bit/s, bytes received: 7326021 B, packets received: 6055
[client] second 15.004139: 58617790.657865 bit/s, bytes received: 7327771 B, packets received: 6056
[client] second 16.004186: 58619299.390465 bit/s, bytes received: 7327762 B, packets received: 6056
[client] second 17.004236: 58619211.172761 bit/s, bytes received: 7327762 B, packets received: 6055
[client] second 18.005112: 62178694.301009 bit/s, bytes received: 7779152 B, packets received: 6428
[client] second 19.005500: 62890208.030987 bit/s, bytes received: 7864320 B, packets received: 6498
[client] second 20.005562: 64650279.666026 bit/s, bytes received: 8081787 B, packets received: 6666
[client] second 21.005764: 72366559.409321 bit/s, bytes received: 9047649 B, packets received: 7480
[client] second 22.005829: 59122890.447533 bit/s, bytes received: 7390844 B, packets received: 6102
[client] second 23.005937: 58704114.279462 bit/s, bytes received: 7338805 B, packets received: 6066
[client] second 24.006047: 58621436.949002 bit/s, bytes received: 7328484 B, packets received: 6056
[client] second 25.006090: 58609744.542451 bit/s, bytes received: 7326535 B, packets received: 6054
[client] second 26.006116: 58610755.592858 bit/s, bytes received: 7326535 B, packets received: 6055
[client] second 27.006140: 58601006.848001 bit/s, bytes received: 7325299 B, packets received: 6054
[client] second 28.006216: 70891280.151014 bit/s, bytes received: 8862084 B, packets received: 7311
[client] second 29.006460: 69100857.961542 bit/s, bytes received: 8639718 B, packets received: 7145
[client] second 30.006542: 62860298.111325 bit/s, bytes received: 7858185 B, packets received: 6492
[client] second 31.006623: 58587946.200142 bit/s, bytes received: 7324081 B, packets received: 6053
[client] second 32.006660: 58625612.971508 bit/s, bytes received: 7328475 B, packets received: 6056
[client] second 33.006977: 58970703.161650 bit/s, bytes received: 7373675 B, packets received: 6094
[client] second 34.007002: 53564299.518760 bit/s, bytes received: 6695706 B, packets received: 5518
[client] second 35.007811: 72205062.003912 bit/s, bytes received: 9032934 B, packets received: 7466
[client] second 36.007920: 62163473.395783 bit/s, bytes received: 7771276 B, packets received: 6421
[client] second 37.007973: 58619062.068996 bit/s, bytes received: 7327771 B, packets received: 6057
[client] second 38.008060: 58597348.392888 bit/s, bytes received: 7325308 B, packets received: 6055
[client] second 39.009087: 59619244.965279 bit/s, bytes received: 7460061 B, packets received: 6164
[client] second 40.009504: 62888350.210948 bit/s, bytes received: 7864320 B, packets received: 6498
[client] total: bytes received: 278421468 B, packets received: 230063
