Bandwidth: 100 Mbit/s
RTT: 500 ms
BDP: 6250000 B/s
Max In-Flight Packets: 4882
[server] starting server with pid 153528, port 18080, cc cubic, iw 32
[server][session 0] open
[client] connection establishment time: 1.004485 s
[server][session 0][stream 0] open
[client] time to first byte: 1.505890 s
[client] second 1.000618: 955602.368493 bit/s, bytes received: 119524 B, packets received: 107
[client] second 2.001309: 3828464.016064 bit/s, bytes received: 478889 B, packets received: 395
[client] second 3.002122: 10276961.983189 bit/s, bytes received: 1285665 B, packets received: 1067
[client] second 4.002958: 22657187.855730 bit/s, bytes received: 2834514 B, packets received: 2350
[client] second 5.002998: 65126850.732101 bit/s, bytes received: 8141188 B, packets received: 6728
[client] second 6.003066: 58657397.047598 bit/s, bytes received: 7332670 B, packets received: 6067
[client] second 7.003168: 58533475.479571 bit/s, bytes received: 7317434 B, packets received: 6048
[client] second 8.003218: 58521067.234102 bit/s, bytes received: 7315499 B, packets received: 6049
[client] second 9.003279: 58569503.118342 bit/s, bytes received: 7321627 B, packets received: 6040
[client] second 10.003345: 56746921.816345 bit/s, bytes received: 7093839 B, packets received: 5864
[client] second 11.003396: 65116368.237315 bit/s, bytes received: 8139961 B, packets received: 6721
[client] second 12.003426: 58400292.780881 bit/s, bytes received: 7300254 B, packets received: 6027
[client] second 13.003460: 58630001.778270 bit/s, bytes received: 7328998 B, packets received: 6057
[client] second 14.003500: 58629481.160084 bit/s, bytes received: 7328980 B, packets received: 6058
[client] second 15.003586: 58607283.700713 bit/s, bytes received: 7326544 B, packets received: 6054
[client] second 16.003607: 68273825.149559 bit/s, bytes received: 8534404 B, packets received: 7041
[client] second 17.003657: 74602158.769718 bit/s, bytes received: 9325735 B, packets received: 7697
[client] second 18.003753: 64661993.816896 bit/s, bytes received: 8083528 B, packets received: 6681
[client] second 19.003839: 71218575.809488 bit/s, bytes received: 8903080 B, packets received: 7361
[client] second 20.003878: 58596016.855903 bit/s, bytes received: 7324791 B, packets received: 6054
[client] second 21.003950: 58627792.368590 bit/s, bytes received: 7329001 B, packets received: 6057
[client] second 22.004037: 58607159.316669 bit/s, bytes received: 7326535 B, packets received: 6055
[client] second 23.004120: 58617224.498324 bit/s, bytes received: 7327762 B, packets received: 6056
[client] second 24.004149: 58640079.451446 bit/s, bytes received: 7330216 B, packets received: 6058
[client] second 25.004190: 57953964.004560 bit/s, bytes received: 7244543 B, packets received: 5986
[client] second 26.004493: 58653386.251990 bit/s, bytes received: 7333897 B, packets received: 6061
[client] second 27.005009: 62882099.379951 bit/s, bytes received: 7864320 B, packets received: 6498
[client] second 28.005954: 62864939.820084 bit/s, bytes received: 7865538 B, packets received: 6499
[client] second 29.006166: 62901210.413213 bit/s, bytes received: 7864320 B, packets received: 6498
[client] second 30.007055: 62858650.373425 bit/s, bytes received: 7864320 B, packets received: 6498
[client] second 31.007086: 60144064.558966 bit/s, bytes received: 7518244 B, packets received: 6214
[client] second 32.007221: 58604381.535874 bit/s, bytes received: 7326535 B, packets received: 6054
[client] second 33.007290: 58637708.267823 bit/s, bytes received: 7330216 B, packets received: 6058
[client] second 34.007724: 61648670.113031 bit/s, bytes received: 7709430 B, packets received: 6366
[client] second 35.008455: 62868621.772334 bit/s, bytes received: 7864320 B, packets received: 6492
[client] second 36.008505: 60922348.970419 bit/s, bytes received: 7615673 B, packets received: 6286
[client] second 37.009559: 50792557.521147 bit/s, bytes received: 6355765 B, packets received: 5255
[client] second 38.009611: 76532247.578127 bit/s, bytes received: 9567029 B, packets received: 7895
[client] second 39.010302: 52441648.117757 bit/s, bytes received: 6559735 B, packets received: 5423
[client] second 40.010331: 69541791.007200 bit/s, bytes received: 8692975 B, packets received: 7175
[client] total: bytes received: 280728725 B, packets received: 231950
