Bandwidth: 100 Mbit/s
RTT: 500 ms
BDP: 6250000 B/s
Max In-Flight Packets: 4882
[server] starting server with pid 154149, port 18080, cc cubic, iw 32
[server][session 0] open
[client] connection establishment time: 1.005155 s
[server][session 0][stream 0] open
[client] time to first byte: 1.506395 s
[client] second 1.000427: 955785.046799 bit/s, bytes received: 119524 B, packets received: 107
[client] second 2.000978: 3838809.376460 bit/s, bytes received: 480116 B, packets received: 396
[client] second 3.001569: 10269454.623996 bit/s, bytes received: 1284441 B, packets received: 1066
[client] second 4.002392: 22657457.973154 bit/s, bytes received: 2834511 B, packets received: 2350
[client] second 5.002482: 65241442.798718 bit/s, bytes received: 8155912 B, packets received: 6739
[client] second 6.002531: 57389965.601584 bit/s, bytes received: 7174099 B, packets received: 5938
[client] second 7.002653: 58526590.803402 bit/s, bytes received: 7316719 B, packets received: 6049
[client] second 8.002681: 58522256.645248 bit/s, bytes received: 7315482 B, packets received: 6046
[client] second 9.002707: 58498712.688166 bit/s, bytes received: 7312536 B, packets received: 6046
[client] second 10.002739: 58492722.185675 bit/s, bytes received: 7311818 B, packets received: 6044
[client] second 11.002817: 66261263.241512 bit/s, bytes received: 8283303 B, packets received: 6843
[client] second 12.002886: 58519898.770704 bit/s, bytes received: 7315492 B, packets received: 6051
[client] second 13.002941: 58506837.375552 bit/s, bytes received: 7313760 B, packets received: 6049
[client] second 14.003000: 71259597.042148 bit/s, bytes received: 8907979 B, packets received: 7351
[client] second 15.003044: 58619637.331637 bit/s, bytes received: 7327771 B, packets received: 6059
[client] second 16.003119: 58598039.730804 bit/s, bytes received: 7325308 B, packets received: 6055
[client] second 17.003178: 58608817.918517 bit/s, bytes received: 7326535 B, packets received: 6055
[client] second 18.004149: 60097364.236228 bit/s, bytes received: 7519462 B, packets received: 6213
[client] second 19.004662: 62882322.308469 bit/s, bytes received: 7864320 B, packets received: 6498
[client] second 20.005659: 62851853.146079 bit/s, bytes received: 7864320 B, packets received: 6498
[client] second 21.006270: 62876131.743058 bit/s, bytes received: 7864320 B, packets received: 6498
[client] second 22.006791: 62881816.620622 bit/s, bytes received: 7864320 B, packets received: 6498
[client] second 23.007272: 62884323.393667 bit/s, bytes received: 7864320 B, packets received: 6498
[client] second 24.007338: 62405744.220307 bit/s, bytes received: 7801238 B, packets received: 6446
[client] second 25.007417: 58613429.641998 bit/s, bytes received: 7327257 B, packets received: 6055
[client] second 26.007527: 58615640.287848 bit/s, bytes received: 7327753 B, packets received: 6056
[client] second 27.008020: 59396016.979033 bit/s, bytes received: 7428168 B, packets received: 6137
[client] second 28.008102: 61008715.584936 bit/s, bytes received: 7626716 B, packets received: 6287
[client] second 29.008175: 58627648.597394 bit/s, bytes received: 7328989 B, packets received: 6057
[client] second 30.008208: 58610330.854837 bit/s, bytes received: 7326535 B, packets received: 6054
[client] second 31.008252: 58615483.600887 bit/s, bytes received: 7327257 B, packets received: 6055
[client] second 32.008347: 58596903.622621 bit/s, bytes received: 7325308 B, packets received: 6055
[client] second 33.008407: 58618568.451788 bit/s, bytes received: 7327762 B, packets received: 6056
[client] second 34.008512: 58596328.319865 bit/s, bytes received: 7325308 B, packets received: 6054
[client] second 35.008653: 58623655.385752 bit/s, bytes received: 7328989 B, packets received: 6056
[client] second 36.008688: 58596282.320712 bit/s, bytes received: 7324794 B, packets received: 6054
[client] second 37.008758: 58608257.216893 bit/s, bytes received: 7326544 B, packets received: 6056
[client] second 38.008817: 58618600.162542 bit/s, bytes received: 7327762 B, packets received: 6055
[client] second 39.008900: 58617255.855949 bit/s, bytes received: 7327762 B, packets received: 6056
[client] second 40.009873: 61707783.437455 bit/s, bytes received: 7720978 B, packets received: 6380
[client] total: bytes received: 275775488 B, packets received: 227916
