Bandwidth: 100 Mbit/s
RTT: 500 ms
BDP: 6250000 B/s
Max In-Flight Packets: 4882
[server] starting server with pid 154336, port 18080, cc cubic, iw 32
[server][session 0] open
[client] connection establishment time: 1.005911 s
[server][session 0][stream 0] open
[client] time to first byte: 1.507119 s
[client] second 1.000817: 955412.368221 bit/s, bytes received: 119524 B, packets received: 107
[client] second 2.001272: 3829367.967970 bit/s, bytes received: 478889 B, packets received: 395
[client] second 3.001608: 10252436.493650 bit/s, bytes received: 1281985 B, packets received: 1065
[client] second 4.002003: 22643477.319885 bit/s, bytes received: 2831554 B, packets received: 2345
[client] second 5.002037: 65009507.982651 bit/s, bytes received: 8126464 B, packets received: 6717
[client] second 6.002083: 58589987.194322 bit/s, bytes received: 7324081 B, packets received: 6053
[client] second 7.002123: 58908402.663645 bit/s, bytes received: 7363850 B, packets received: 6086
[client] second 8.002180: 59197889.044293 bit/s, bytes received: 7400155 B, packets received: 6103
[client] second 9.002278: 57351917.975801 bit/s, bytes received: 7169696 B, packets received: 5926
[client] second 10.002317: 58619826.650651 bit/s, bytes received: 7327762 B, packets received: 6055
[client] second 11.002383: 58594469.237496 bit/s, bytes received: 7324794 B, packets received: 6053
[client] second 12.002412: 58620438.038151 bit/s, bytes received: 7327762 B, packets received: 6056
[client] second 13.002450: 58600248.207415 bit/s, bytes received: 7325308 B, packets received: 6054
[client] second 14.002538: 58597366.716100 bit/s, bytes received: 7325317 B, packets received: 6054
[client] second 15.002639: 58616135.149368 bit/s, bytes received: 7327762 B, packets received: 6057
[client] second 16.002720: 58069443.756667 bit/s, bytes received: 7259267 B, packets received: 5999
[client] second 17.002796: 64541458.543718 bit/s, bytes received: 8068290 B, packets received: 6658
[client] second 18.002829: 58649611.260711 bit/s, bytes received: 7331443 B, packets received: 6054
[client] second 19.002885: 64988397.822368 bit/s, bytes received: 8124010 B, packets received: 6704
[client] second 20.002932: 58638885.840394 bit/s, bytes received: 7330207 B, packets received: 6052
[client] second 21.003028: 65015365.416549 bit/s, bytes received: 8127700 B, packets received: 6708
[client] second 22.003121: 58606775.913761 bit/s, bytes received: 7326526 B, packets received: 6048
[client] second 23.003190: 65056297.000215 bit/s, bytes received: 8132599 B, packets received: 6711
[client] second 24.003221: 58610569.652577 bit/s, bytes received: 7326544 B, packets received: 6048
[client] second 25.003251: 65039125.054167 bit/s, bytes received: 8130136 B, packets received: 6711
[client] second 26.003341: 58656112.829064 bit/s, bytes received: 7332679 B, packets received: 6052
[client] second 27.003413: 64977633.823769 bit/s, bytes received: 8122783 B, packets received: 6704
[client] second 28.003459: 58599746.612550 bit/s, bytes received: 7325308 B, packets received: 6049
[client] second 29.003478: 65039894.258618 bit/s, bytes received: 8130145 B, packets received: 6710
[client] second 30.003503: 58616596.915670 bit/s, bytes received: 7327257 B, packets received: 6047
[client] second 31.003533: 65039208.043288 bit/s, bytes received: 8130145 B, packets received: 6710
[client] second 32.003607: 58598153.285452 bit/s, bytes received: 7325308 B, packets received: 6047
[client] second 33.003671: 65036970.578503 bit/s, bytes received: 8130145 B, packets received: 6710
[client] second 34.003718: 58638997.533719 bit/s, bytes received: 7330216 B, packets received: 6051
[client] second 35.003797: 64967323.767305 bit/s, bytes received: 8121556 B, packets received: 6703
[client] second 36.004675: 57313010.968698 bit/s, bytes received: 7170418 B, packets received: 5919
[client] second 37.005211: 62880886.216456 bit/s, bytes received: 7864320 B, packets received: 6491
[client] second 38.005260: 58697646.466500 bit/s, bytes received: 7337569 B, packets received: 6056
[client] second 39.006082: 60738113.955879 bit/s, bytes received: 7598504 B, packets received: 6278
[client] second 40.006885: 62873811.802208 bit/s, bytes received: 7865538 B, packets received: 6488
[client] total: bytes received: 278323516 B, packets received: 229834
