Bandwidth: 100 Mbit/s
RTT: 500 ms
BDP: 6250000 B/s
Max In-Flight Packets: 4882
[server] starting server with pid 154889, port 18080, cc cubic, iw 32
[server][session 0] open
[client] connection establishment time: 1.005800 s
[server][session 0][stream 0] open
[client] time to first byte: 1.507496 s
[client] second 1.000672: 955550.726086 bit/s, bytes received: 119524 B, packets received: 107
[client] second 2.001743: 3836819.349673 bit/s, bytes received: 480116 B, packets received: 396
[client] second 3.001838: 10284362.265063 bit/s, bytes received: 1285668 B, packets received: 1068
[client] second 4.002363: 22654382.776030 bit/s, bytes received: 2833284 B, packets received: 2348
[client] second 5.002476: 65171186.874776 bit/s, bytes received: 8147323 B, packets received: 6731
[client] second 6.002553: 58338754.244485 bit/s, bytes received: 7292901 B, packets received: 6031
[client] second 7.002660: 58615749.917718 bit/s, bytes received: 7327752 B, packets received: 6057
[client] second 8.002708: 58531002.552806 bit/s, bytes received: 7316729 B, packets received: 6051
[client] second 9.002817: 58713869.457564 bit/s, bytes received: 7340032 B, packets received: 6070
[client] second 10.002861: 58943458.662792 bit/s, bytes received: 7368253 B, packets received: 6079
[client] second 11.002887: 58620514.359902 bit/s, bytes received: 7327762 B, packets received: 6057
[client] second 12.003165: 58376075.504431 bit/s, bytes received: 7299036 B, packets received: 6032
[client] second 13.003516: 78262355.322004 bit/s, bytes received: 9786228 B, packets received: 8084
[client] second 14.003557: 64480737.130222 bit/s, bytes received: 8060423 B, packets received: 6664
[client] second 15.003594: 70143991.141707 bit/s, bytes received: 8768327 B, packets received: 7236
[client] second 16.003625: 67689952.386764 bit/s, bytes received: 8461506 B, packets received: 6991
[client] second 17.003716: 62908836.994372 bit/s, bytes received: 7864320 B, packets received: 6492
[client] second 18.003769: 46521747.371738 bit/s, bytes received: 5815526 B, packets received: 4801
[client] second 19.003834: 77888131.665063 bit/s, bytes received: 9736643 B, packets received: 8046
[client] second 20.003871: 60736586.465022 bit/s, bytes received: 7592360 B, packets received: 6277
[client] second 21.003918: 58497550.883590 bit/s, bytes received: 7312533 B, packets received: 6048
[client] second 22.003987: 58618017.182510 bit/s, bytes received: 7327762 B, packets received: 6056
[client] second 23.004015: 64951021.728025 bit/s, bytes received: 8119102 B, packets received: 6705
[client] second 24.004065: 58428626.653949 bit/s, bytes received: 7303944 B, packets received: 6035
[client] second 25.004377: 72882630.574528 bit/s, bytes received: 9113176 B, packets received: 7527
[client] second 26.004451: 67539931.281695 bit/s, bytes received: 8443110 B, packets received: 6980
[client] second 27.004489: 66248340.731147 bit/s, bytes received: 8281354 B, packets received: 6842
[client] second 28.004538: 58399123.373261 bit/s, bytes received: 7300254 B, packets received: 6035
[client] second 29.004759: 59447406.225367 bit/s, bytes received: 7432571 B, packets received: 6148
[client] second 30.005007: 62899014.571448 bit/s, bytes received: 7864320 B, packets received: 6488
[client] second 31.005056: 59667656.773494 bit/s, bytes received: 7458825 B, packets received: 6156
[client] second 32.005076: 55445885.743688 bit/s, bytes received: 6930874 B, packets received: 5723
[client] second 33.006032: 69022206.399268 bit/s, bytes received: 8636028 B, packets received: 7128
[client] second 34.006066: 60202723.207544 bit/s, bytes received: 7525597 B, packets received: 6218
[client] second 35.007059: 61021873.532709 bit/s, bytes received: 7635305 B, packets received: 6300
[client] second 36.007098: 60834679.127772 bit/s, bytes received: 7604630 B, packets received: 6283
[client] second 37.008057: 60392235.387408 bit/s, bytes received: 7556272 B, packets received: 6237
[client] second 38.008132: 61488392.901147 bit/s, bytes received: 7686622 B, packets received: 6351
[client] second 39.008514: 59765645.118100 bit/s, bytes received: 7473558 B, packets received: 6168
[client] second 40.008556: 62030205.697431 bit/s, bytes received: 7754107 B, packets received: 6405
[client] total: bytes received: 284984884 B, packets received: 235451
