Bandwidth: 100 Mbit/s
RTT: 500 ms
BDP: 6250000 B/s
Max In-Flight Packets: 4882
[server] starting server with pid 155533, port 18080, cc cubic, iw 32
[server][session 0] open
[client] connection establishment time: 1.005915 s
[server][session 0][stream 0] open
[client] time to first byte: 1.507425 s
[client] second 1.000777: 965258.692843 bit/s, bytes received: 120751 B, packets received: 108
[client] second 2.001315: 3819238.698329 bit/s, bytes received: 477662 B, packets received: 394
[client] second 3.001344: 10294870.240582 bit/s, bytes received: 1286895 B, packets received: 1068
[client] second 4.001670: 22635148.783051 bit/s, bytes received: 2830316 B, packets received: 2346
[client] second 5.001776: 65067797.306909 bit/s, bytes received: 8134340 B, packets received: 6721
[client] second 6.001819: 71168450.931722 bit/s, bytes received: 8896440 B, packets received: 7357
[client] second 7.001883: 63870741.764652 bit/s, bytes received: 7984349 B, packets received: 6595
[client] second 8.001913: 73545347.094051 bit/s, bytes received: 9193445 B, packets received: 7595
[client] second 9.001948: 56684056.114720 bit/s, bytes received: 7085755 B, packets received: 5860
[client] second 10.002017: 59069514.027899 bit/s, bytes received: 7384204 B, packets received: 6102
[client] second 11.002061: 59884030.722050 bit/s, bytes received: 7485828 B, packets received: 6170
[client] second 12.002110: 44752798.130079 bit/s, bytes received: 5594378 B, packets received: 4627
[client] second 13.002159: 58687929.004955 bit/s, bytes received: 7336351 B, packets received: 6064
[client] second 14.002205: 58619421.840595 bit/s, bytes received: 7327762 B, packets received: 6055
[client] second 15.002252: 58615244.792380 bit/s, bytes received: 7327248 B, packets received: 6055
[client] second 16.002345: 58626509.456547 bit/s, bytes received: 7328998 B, packets received: 6057
[client] second 17.002441: 58616459.089595 bit/s, bytes received: 7327762 B, packets received: 6057
[client] second 18.002536: 58596891.845764 bit/s, bytes received: 7325308 B, packets received: 6054
[client] second 19.003183: 62448007.096982 bit/s, bytes received: 7811045 B, packets received: 6453
[client] second 20.003704: 62881780.545265 bit/s, bytes received: 7864320 B, packets received: 6498
[client] second 21.003838: 62906147.749580 bit/s, bytes received: 7864320 B, packets received: 6498
[client] second 22.004346: 62882571.908343 bit/s, bytes received: 7864317 B, packets received: 6498
[client] second 23.004922: 62878358.394405 bit/s, bytes received: 7864323 B, packets received: 6498
[client] second 24.005080: 62904638.554598 bit/s, bytes received: 7864320 B, packets received: 6498
[client] second 25.005143: 60063633.744456 bit/s, bytes received: 7508428 B, packets received: 6206
[client] second 26.005173: 58626022.869369 bit/s, bytes received: 7328475 B, packets received: 6056
[client] second 27.005236: 58638018.265774 bit/s, bytes received: 7330216 B, packets received: 6056
[client] second 28.006246: 61666348.309877 bit/s, bytes received: 7716079 B, packets received: 6372
[client] second 29.006283: 53406730.462730 bit/s, bytes received: 6676083 B, packets received: 5507
[client] second 30.006512: 72403864.075316 bit/s, bytes received: 9052557 B, packets received: 7487
[client] second 31.006737: 62900400.427959 bit/s, bytes received: 7864320 B, packets received: 6493
[client] second 32.006812: 62831317.326442 bit/s, bytes received: 7854504 B, packets received: 6481
[client] second 33.006885: 58607982.569678 bit/s, bytes received: 7326535 B, packets received: 6054
[client] second 34.006920: 58616038.963483 bit/s, bytes received: 7327257 B, packets received: 6056
[client] second 35.006953: 58620155.731465 bit/s, bytes received: 7327762 B, packets received: 6055
[client] second 36.006990: 58629763.453688 bit/s, bytes received: 7328989 B, packets received: 6058
[client] second 37.007046: 58628560.787338 bit/s, bytes received: 7328980 B, packets received: 6057
[client] second 38.007076: 58639964.461709 bit/s, bytes received: 7330216 B, packets received: 6057
[client] second 39.007101: 64603629.237216 bit/s, bytes received: 8075661 B, packets received: 6670
[client] second 40.007196: 58416136.957202 bit/s, bytes received: 7302708 B, packets received: 6034
[client] total: bytes received: 278260434 B, packets received: 229928
