Bandwidth: 100 Mbit/s
RTT: 500 ms
BDP: 6250000 B/s
Max In-Flight Packets: 4882
[server] starting server with pid 1096829, port 18080, cc cubic, iw 32
[server][session 0] open
[client] connection establishment time: 1.004393 s
[server][session 0][stream 0] open
[client] time to first byte: 1.505674 s
[client] second 0.100075: 1473717.554456 bit/s, bytes received: 18435 B, packets received: 23
[client] second 0.201119: 777164.114016 bit/s, bytes received: 9816 B, packets received: 8
[client] second 0.301576: 781707.790823 bit/s, bytes received: 9816 B, packets received: 8
[client] second 0.401878: 97863.578072 bit/s, bytes received: 1227 B, packets received: 1
[client] second 0.502850: 972152.640087 bit/s, bytes received: 12270 B, packets received: 10
[client] second 0.603704: 1070611.995215 bit/s, bytes received: 13497 B, packets received: 11
[client] second 0.704185: 1210106.527233 bit/s, bytes received: 15199 B, packets received: 13
[client] second 0.804548: 1564882.200507 bit/s, bytes received: 19632 B, packets received: 16
[client] second 0.905454: 1556459.056835 bit/s, bytes received: 19632 B, packets received: 16
[client] second 1.006352: 1012894.995723 bit/s, bytes received: 12775 B, packets received: 11
[client] second 1.107000: 1950568.237130 bit/s, bytes received: 24540 B, packets received: 20
[client] second 1.207784: 2240126.547583 bit/s, bytes received: 28221 B, packets received: 23
[client] second 1.307864: 2688066.617498 bit/s, bytes received: 33628 B, packets received: 28
[client] second 1.408737: 2919314.385415 bit/s, bytes received: 36810 B, packets received: 30
[client] second 1.509715: 3150720.197722 bit/s, bytes received: 39769 B, packets received: 33
[client] second 1.610219: 3752058.890776 bit/s, bytes received: 47137 B, packets received: 39
[client] second 1.711162: 4221468.930673 bit/s, bytes received: 53266 B, packets received: 44
[client] second 1.811293: 4901008.945072 bit/s, bytes received: 61343 B, packets received: 50
[client] second 1.912290: 5620457.360599 bit/s, bytes received: 70956 B, packets received: 59
[client] second 2.013141: 6366642.347867 bit/s, bytes received: 80260 B, packets received: 66
[client] second 2.113232: 7199511.597589 bit/s, bytes received: 90076 B, packets received: 74
[client] second 2.213504: 8205198.986936 bit/s, bytes received: 102844 B, packets received: 87
[client] second 2.313534: 9305602.084621 bit/s, bytes received: 116355 B, packets received: 96
[client] second 2.414425: 1556129.224301 bit/s, bytes received: 19625 B, packets received: 17
[client] second 2.515461: 8824370.582549 bit/s, bytes received: 111447 B, packets received: 93
[client] second 2.615640: 7781101.790174 bit/s, bytes received: 97438 B, packets received: 81
[client] second 2.716675: 6256256.711998 bit/s, bytes received: 79013 B, packets received: 67
[client] second 2.817085: 17954708.567626 bit/s, bytes received: 225354 B, packets received: 187
[client] second 2.918006: 19085957.497912 bit/s, bytes received: 240771 B, packets received: 198
[client] second 3.018813: 18662082.469618 bit/s, bytes received: 235159 B, packets received: 194
[client] second 3.119708: 13546122.263326 bit/s, bytes received: 170841 B, packets received: 143
[client] second 3.219983: 0.000000 bit/s, bytes received: 0 B, packets received: 2
[client] second 3.320063: 19049971.262473 bit/s, bytes received: 238315 B, packets received: 196
[client] second 3.420197: 19865983.029332 bit/s, bytes received: 248658 B, packets received: 208
[client] second 3.520282: 36767185.547279 bit/s, bytes received: 459979 B, packets received: 378
[client] second 3.620301: 41542529.352389 bit/s, bytes received: 519380 B, packets received: 428
[client] second 3.720345: 42218912.436533 bit/s, bytes received: 527969 B, packets received: 435
[client] second 3.821128: 8164124.777373 bit/s, bytes received: 102851 B, packets received: 88
[client] second 3.922025: 0.000000 bit/s, bytes received: 0 B, packets received: 3
[client] second 4.023058: 41514053.695853 bit/s, bytes received: 524288 B, packets received: 435
[client] second 4.123161: 56297476.508412 bit/s, bytes received: 704440 B, packets received: 581
[client] second 4.223181: 77351992.270872 bit/s, bytes received: 967089 B, packets received: 797
[client] second 4.323194: 84170515.932334 bit/s, bytes received: 1052257 B, packets received: 867
[client] second 4.424194: 74947967.733990 bit/s, bytes received: 946230 B, packets received: 781
[client] second 4.525048: 0.000000 bit/s, bytes received: 0 B, packets received: 5
[client] second 4.625086: 21061731.092069 bit/s, bytes received: 263371 B, packets received: 222
[client] second 4.725101: 73683896.993762 bit/s, bytes received: 921185 B, packets received: 764
[client] second 4.825148: 94720010.849306 bit/s, bytes received: 1184556 B, packets received: 977
[client] second 4.925218: 94796403.856697 bit/s, bytes received: 1185783 B, packets received: 976
[client] second 5.025268: 94815485.414639 bit/s, bytes received: 1185783 B, packets received: 977
[client] second 5.126235: 81332400.926648 bit/s, bytes received: 1026490 B, packets received: 850
[client] second 5.226322: 32999073.387765 bit/s, bytes received: 412848 B, packets received: 348
[client] second 5.326414: 92716071.149132 bit/s, bytes received: 1160016 B, packets received: 965
[client] second 5.426478: 75707722.199337 bit/s, bytes received: 946952 B, packets received: 783
[client] second 5.526724: 49950310.010787 bit/s, bytes received: 625912 B, packets received: 517
[client] second 5.626798: 293460.902090 bit/s, bytes received: 3671 B, packets received: 3
[client] second 5.726853: 94811726.839830 bit/s, bytes received: 1185793 B, packets received: 977
[client] second 5.826866: 94751807.893212 bit/s, bytes received: 1184556 B, packets received: 976
[client] second 5.926909: 94723739.319719 bit/s, bytes received: 1184556 B, packets received: 977
[client] second 6.026922: 94849845.258677 bit/s, bytes received: 1185770 B, packets received: 978
[client] second 6.126972: 94717874.067808 bit/s, bytes received: 1184569 B, packets received: 976
[client] second 6.227988: 28711476.933596 bit/s, bytes received: 362541 B, packets received: 312
[client] second 6.328073: 65019074.513153 bit/s, bytes received: 813426 B, packets received: 675
[client] second 6.428422: 60543888.345883 bit/s, bytes received: 759438 B, packets received: 626
[client] second 6.528619: 0.000000 bit/s, bytes received: 0 B, packets received: 0
[client] second 6.628795: 0.000000 bit/s, bytes received: 0 B, packets received: 0
[client] second 6.728851: 53870716.716239 bit/s, bytes received: 673765 B, packets received: 555
[client] second 6.828869: 94846259.102590 bit/s, bytes received: 1185783 B, packets received: 977
[client] second 6.928922: 94714225.579050 bit/s, bytes received: 1184556 B, packets received: 976
[client] second 7.028962: 94725627.165218 bit/s, bytes received: 1184549 B, packets received: 977
[client] second 7.129047: 94782796.701386 bit/s, bytes received: 1185790 B, packets received: 982
[client] second 7.229366: 67549519.680777 bit/s, bytes received: 847060 B, packets received: 717
[client] second 7.329389: 0.000000 bit/s, bytes received: 0 B, packets received: 249
[client] second 7.429457: 0.000000 bit/s, bytes received: 0 B, packets received: 976
[client] second 7.530101: 0.000000 bit/s, bytes received: 0 B, packets received: 81
[client] second 7.630286: 0.000000 bit/s, bytes received: 0 B, packets received: 0
[client] second 7.730312: 140343340.907330 bit/s, bytes received: 1754748 B, packets received: 140
[client] second 7.830362: 94814907.331202 bit/s, bytes received: 1185783 B, packets received: 976
[client] second 7.930379: 94748561.258220 bit/s, bytes received: 1184549 B, packets received: 976
[client] second 8.030417: 94728626.316044 bit/s, bytes received: 1184563 B, packets received: 976
[client] second 8.131294: 77861682.273823 bit/s, bytes received: 981813 B, packets received: 810
[client] second 8.231350: 26788604.033240 bit/s, bytes received: 335042 B, packets received: 276
[client] second 8.331413: 94802215.245139 bit/s, bytes received: 1185776 B, packets received: 977
[client] second 8.431599: 6547752.311879 bit/s, bytes received: 81999 B, packets received: 74
[client] second 8.531801: 0.000000 bit/s, bytes received: 0 B, packets received: 0
[client] second 8.631982: 0.000000 bit/s, bytes received: 0 B, packets received: 0
[client] second 8.732021: 86110494.654810 bit/s, bytes received: 1076797 B, packets received: 887
[client] second 8.832055: 94731851.508385 bit/s, bytes received: 1184556 B, packets received: 977
[client] second 8.932113: 94808280.724164 bit/s, bytes received: 1185783 B, packets received: 976
[client] second 9.032163: 94717271.017779 bit/s, bytes received: 1184556 B, packets received: 977
[client] second 9.132221: 94808223.871827 bit/s, bytes received: 1185783 B, packets received: 976
[client] second 9.232767: 37712171.417919 bit/s, bytes received: 473981 B, packets received: 403
[client] second 9.332869: 55709739.182521 bit/s, bytes received: 697078 B, packets received: 580
[client] second 9.433256: 69792378.698640 bit/s, bytes received: 875786 B, packets received: 722
[client] second 9.534148: 0.000000 bit/s, bytes received: 0 B, packets received: 0
[client] second 9.634361: 0.000000 bit/s, bytes received: 0 B, packets received: 0
[client] second 9.734390: 45365650.906832 bit/s, bytes received: 567233 B, packets received: 468
[client] second 9.834416: 94837484.173828 bit/s, bytes received: 1185774 B, packets received: 976
[client] second 9.934495: 94690104.119126 bit/s, bytes received: 1184565 B, packets received: 977
[client] second 10.034528: 94831773.206139 bit/s, bytes received: 1185783 B, packets received: 976
[client] second 10.134610: 94726604.564850 bit/s, bytes received: 1185061 B, packets received: 977
[client] second 10.234753: 78531020.792728 bit/s, bytes received: 983040 B, packets received: 816
[client] second 10.334809: 14600263.847522 bit/s, bytes received: 182606 B, packets received: 162
[client] second 10.434871: 94804416.815457 bit/s, bytes received: 1185783 B, packets received: 976
[client] second 10.535376: 16275785.959624 bit/s, bytes received: 204475 B, packets received: 170
[client] second 10.635588: 0.000000 bit/s, bytes received: 0 B, packets received: 0
[client] second 10.735635: 3529216.468525 bit/s, bytes received: 44136 B, packets received: 36
[client] second 10.835700: 94803583.870621 bit/s, bytes received: 1185819 B, packets received: 977
[client] second 10.935753: 94713230.116205 bit/s, bytes received: 1184544 B, packets received: 977
[client] second 11.035784: 94833027.438852 bit/s, bytes received: 1185783 B, packets received: 976
[client] second 11.135804: 94689430.506059 bit/s, bytes received: 1183846 B, packets received: 976
[client] second 11.235815: 94851666.610690 bit/s, bytes received: 1185783 B, packets received: 977
[client] second 11.336300: 25599413.915174 bit/s, bytes received: 321545 B, packets received: 279
[client] second 11.436325: 67805883.820933 bit/s, bytes received: 847782 B, packets received: 701
[client] second 11.536846: 57706107.381308 bit/s, bytes received: 725082 B, packets received: 599
[client] second 11.637080: 0.000000 bit/s, bytes received: 0 B, packets received: 0
[client] second 11.737310: 0.000000 bit/s, bytes received: 0 B, packets received: 0
[client] second 11.837479: 56848020.900973 bit/s, bytes received: 711802 B, packets received: 586
[client] second 11.937520: 94823825.763400 bit/s, bytes received: 1185783 B, packets received: 977
[client] second 12.037575: 94654469.786133 bit/s, bytes received: 1183834 B, packets received: 976
[client] second 12.137591: 94847724.246885 bit/s, bytes received: 1185783 B, packets received: 977
[client] second 12.237639: 94718600.204433 bit/s, bytes received: 1184556 B, packets received: 976
[client] second 12.337964: 66958205.076458 bit/s, bytes received: 839698 B, packets received: 700
[client] second 12.437987: 26208471.905740 bit/s, bytes received: 327680 B, packets received: 280
[client] second 12.538002: 94848598.613461 bit/s, bytes received: 1185783 B, packets received: 976
[client] second 12.638167: 4744253.452522 bit/s, bytes received: 59401 B, packets received: 50
[client] second 12.738334: 0.000000 bit/s, bytes received: 0 B, packets received: 0
[client] second 12.838386: 14797110.829329 bit/s, bytes received: 185060 B, packets received: 152
[client] second 12.938481: 94772458.319561 bit/s, bytes received: 1185783 B, packets received: 978
[client] second 13.038530: 94758259.883720 bit/s, bytes received: 1185061 B, packets received: 977
[client] second 13.138544: 94750937.248539 bit/s, bytes received: 1184556 B, packets received: 976
[client] second 13.238591: 94817767.491535 bit/s, bytes received: 1185783 B, packets received: 976
[client] second 13.338636: 94721976.354770 bit/s, bytes received: 1184556 B, packets received: 976
[client] second 13.439332: 14352648.344345 bit/s, bytes received: 180657 B, packets received: 164
[client] second 13.539349: 79316917.027361 bit/s, bytes received: 991629 B, packets received: 820
[client] second 13.639803: 46288961.951900 bit/s, bytes received: 581235 B, packets received: 479
[client] second 13.739882: 0.000000 bit/s, bytes received: 0 B, packets received: 0
[client] second 13.840057: 0.000000 bit/s, bytes received: 0 B, packets received: 0
[client] second 13.940094: 68132575.016748 bit/s, bytes received: 851968 B, packets received: 702
[client] second 14.040168: 94792583.541134 bit/s, bytes received: 1185783 B, packets received: 977
[client] second 14.140270: 94766064.850971 bit/s, bytes received: 1185783 B, packets received: 977
[client] second 14.240315: 94722036.002887 bit/s, bytes received: 1184556 B, packets received: 977
[client] second 14.340410: 94772354.169077 bit/s, bytes received: 1185783 B, packets received: 977
[client] second 14.440854: 55559812.753850 bit/s, bytes received: 697583 B, packets received: 582
[client] second 14.540943: 37746297.862642 bit/s, bytes received: 472249 B, packets received: 396
[client] second 14.641868: 87242674.625305 bit/s, bytes received: 1100615 B, packets received: 908
[client] second 14.742265: 0.000000 bit/s, bytes received: 0 B, packets received: 0
[client] second 14.842465: 0.000000 bit/s, bytes received: 0 B, packets received: 0
[client] second 14.942540: 23506058.213339 bit/s, bytes received: 294046 B, packets received: 242
[client] second 15.042567: 94738714.859107 bit/s, bytes received: 1184556 B, packets received: 976
[client] second 15.142580: 94752200.114865 bit/s, bytes received: 1184556 B, packets received: 977
[client] second 15.242679: 94768883.248425 bit/s, bytes received: 1185783 B, packets received: 976
[client] second 15.342700: 94844066.686421 bit/s, bytes received: 1185783 B, packets received: 977
[client] second 15.442785: 94682553.080471 bit/s, bytes received: 1184556 B, packets received: 976
[client] second 15.543594: 5727744.664926 bit/s, bytes received: 72176 B, packets received: 76
[client] second 15.643622: 88082659.755827 bit/s, bytes received: 1101337 B, packets received: 909
[client] second 15.744619: 37349587.407723 bit/s, bytes received: 471527 B, packets received: 389
[client] second 15.844687: 0.000000 bit/s, bytes received: 0 B, packets received: 0
[client] second 15.944864: 0.000000 bit/s, bytes received: 0 B, packets received: 0
[client] second 16.044935: 77467580.958792 bit/s, bytes received: 969038 B, packets received: 798
[client] second 16.144974: 94726675.453827 bit/s, bytes received: 1184547 B, packets received: 977
[client] second 16.245086: 94757085.344780 bit/s, bytes received: 1185783 B, packets received: 976
[client] second 16.345103: 94789250.750031 bit/s, bytes received: 1185070 B, packets received: 977
[client] second 16.445131: 94738306.648022 bit/s, bytes received: 1184556 B, packets received: 976
[client] second 16.546020: 46186173.247213 bit/s, bytes received: 582462 B, packets received: 491
[client] second 16.646082: 47353098.429695 bit/s, bytes received: 592278 B, packets received: 495
[client] second 16.746957: 77765831.730768 bit/s, bytes received: 980586 B, packets received: 808
[client] second 16.847346: 0.000000 bit/s, bytes received: 0 B, packets received: 0
[client] second 16.947584: 0.000000 bit/s, bytes received: 0 B, packets received: 0
[client] second 17.047601: 37086229.061935 bit/s, bytes received: 463660 B, packets received: 382
[client] second 17.147639: 94729141.293840 bit/s, bytes received: 1184556 B, packets received: 976
[client] second 17.247656: 94747987.217865 bit/s, bytes received: 1184556 B, packets received: 977
[client] second 17.347734: 94788683.972991 bit/s, bytes received: 1185783 B, packets received: 976
[client] second 17.447770: 94829030.694941 bit/s, bytes received: 1185783 B, packets received: 977
[client] second 17.548582: 86268457.881324 bit/s, bytes received: 1087118 B, packets received: 901
[client] second 17.648662: 6906113.507185 bit/s, bytes received: 86395 B, packets received: 83
[client] second 17.748696: 94829791.908381 bit/s, bytes received: 1185783 B, packets received: 977
[client] second 17.849371: 23893728.983806 bit/s, bytes received: 300686 B, packets received: 249
[client] second 17.949552: 0.000000 bit/s, bytes received: 0 B, packets received: 0
[client] second 18.049730: 0.000000 bit/s, bytes received: 0 B, packets received: 0
[client] second 18.149750: 90878327.746243 bit/s, bytes received: 1136198 B, packets received: 936
[client] second 18.249761: 94753275.550060 bit/s, bytes received: 1184547 B, packets received: 976
[client] second 18.349839: 94787868.485702 bit/s, bytes received: 1185783 B, packets received: 977
[client] second 18.449876: 94828574.034187 bit/s, bytes received: 1185792 B, packets received: 977
[client] second 18.549893: 94749315.372075 bit/s, bytes received: 1184556 B, packets received: 976
[client] second 18.649979: 33137753.406313 bit/s, bytes received: 414580 B, packets received: 355
[client] second 18.750060: 59977835.294822 bit/s, bytes received: 750335 B, packets received: 622
[client] second 18.850604: 65446708.763264 bit/s, bytes received: 822529 B, packets received: 679
[client] second 18.950797: 0.000000 bit/s, bytes received: 0 B, packets received: 0
[client] second 19.051033: 0.000000 bit/s, bytes received: 0 B, packets received: 0
[client] second 19.151049: 48944736.844052 bit/s, bytes received: 611910 B, packets received: 505
[client] second 19.251156: 94761400.709938 bit/s, bytes received: 1185783 B, packets received: 976
[client] second 19.351175: 94843824.746677 bit/s, bytes received: 1185774 B, packets received: 977
[client] second 19.451206: 94735469.167711 bit/s, bytes received: 1184565 B, packets received: 976
[client] second 19.551270: 94704044.613930 bit/s, bytes received: 1184556 B, packets received: 977
[client] second 19.651716: 74776487.221936 bit/s, bytes received: 938868 B, packets received: 780
[client] second 19.751789: 18463678.257592 bit/s, bytes received: 230964 B, packets received: 201
[client] second 19.851803: 94750077.040789 bit/s, bytes received: 1184556 B, packets received: 976
[client] second 19.952536: 12496023.367144 bit/s, bytes received: 157344 B, packets received: 130
[client] second 20.052779: 0.000000 bit/s, bytes received: 0 B, packets received: 0
[client] second 20.152870: 7493722.353039 bit/s, bytes received: 93757 B, packets received: 78
[client] second 20.252885: 94848885.963046 bit/s, bytes received: 1185783 B, packets received: 976
[client] second 20.352971: 94682222.925189 bit/s, bytes received: 1184556 B, packets received: 977
[client] second 20.452988: 94846976.021910 bit/s, bytes received: 1185783 B, packets received: 976
[client] second 20.553054: 94701789.309513 bit/s, bytes received: 1184556 B, packets received: 976
[client] second 20.653080: 94740206.611664 bit/s, bytes received: 1184556 B, packets received: 977
[client] second 20.753441: 21718800.559680 bit/s, bytes received: 272465 B, packets received: 238
[client] second 20.853477: 71664874.140470 bit/s, bytes received: 896131 B, packets received: 741
[client] second 20.954239: 53728869.256573 bit/s, bytes received: 676733 B, packets received: 559
[client] second 21.055278: 0.000000 bit/s, bytes received: 0 B, packets received: 0
[client] second 21.155462: 0.000000 bit/s, bytes received: 0 B, packets received: 0
[client] second 21.255512: 61763186.120998 bit/s, bytes received: 772430 B, packets received: 636
[client] second 21.355573: 94804025.077965 bit/s, bytes received: 1185774 B, packets received: 977
[client] second 21.455626: 94714856.992125 bit/s, bytes received: 1184556 B, packets received: 976
[client] second 21.555681: 94753194.850524 bit/s, bytes received: 1185070 B, packets received: 978
[client] second 21.655695: 94750977.985637 bit/s, bytes received: 1184556 B, packets received: 976
[client] second 21.755765: 62281869.408214 bit/s, bytes received: 779070 B, packets received: 649
[client] second 21.855829: 30905764.817932 bit/s, bytes received: 386567 B, packets received: 328
[client] second 21.955844: 94848932.528873 bit/s, bytes received: 1185792 B, packets received: 976
[client] second 22.056230: 40244.695318 bit/s, bytes received: 505 B, packets received: 2
[client] second 22.156464: 0.000000 bit/s, bytes received: 0 B, packets received: 0
[client] second 22.256530: 19641986.328726 bit/s, bytes received: 245688 B, packets received: 202
[client] second 22.356625: 94870274.849125 bit/s, bytes received: 1187001 B, packets received: 978
[client] second 22.456651: 94739258.514598 bit/s, bytes received: 1184556 B, packets received: 976
[client] second 22.556679: 94680829.006200 bit/s, bytes received: 1183843 B, packets received: 977
[client] second 22.656776: 94771153.614570 bit/s, bytes received: 1185783 B, packets received: 976
[client] second 22.756798: 94743851.421230 bit/s, bytes received: 1184556 B, packets received: 977
[client] second 22.857506: 9534741.471003 bit/s, bytes received: 120029 B, packets received: 114
[client] second 22.957528: 84260779.194894 bit/s, bytes received: 1053484 B, packets received: 869
[client] second 23.057602: 41519649.717027 bit/s, bytes received: 519380 B, packets received: 429
[client] second 23.157816: 0.000000 bit/s, bytes received: 0 B, packets received: 0
[client] second 23.258042: 0.000000 bit/s, bytes received: 0 B, packets received: 0
[client] second 23.358084: 72740560.992156 bit/s, bytes received: 909637 B, packets received: 749
[client] second 23.458125: 94724047.542149 bit/s, bytes received: 1184544 B, packets received: 977
[client] second 23.558180: 94753900.649359 bit/s, bytes received: 1185073 B, packets received: 976
[client] second 23.658198: 94846274.275374 bit/s, bytes received: 1185783 B, packets received: 977
[client] second 23.758293: 94674330.156082 bit/s, bytes received: 1184556 B, packets received: 977
[client] second 23.858955: 51011272.937149 bit/s, bytes received: 641863 B, packets received: 538
[client] second 23.959000: 42414865.285866 bit/s, bytes received: 530423 B, packets received: 444
[client] second 24.059149: 83270903.248073 bit/s, bytes received: 1042441 B, packets received: 860
[client] second 24.159368: 0.000000 bit/s, bytes received: 0 B, packets received: 0
[client] second 24.259597: 0.000000 bit/s, bytes received: 0 B, packets received: 0
[client] second 24.359652: 31203255.610536 bit/s, bytes received: 390257 B, packets received: 322
[client] second 24.459690: 94768609.210197 bit/s, bytes received: 1185061 B, packets received: 977
[client] second 24.559705: 94848906.826781 bit/s, bytes received: 1185783 B, packets received: 976
[client] second 24.659776: 94697050.018564 bit/s, bytes received: 1184556 B, packets received: 976
[client] second 24.759806: 94735643.417500 bit/s, bytes received: 1184556 B, packets received: 976
[client] second 24.860592: 92175718.657929 bit/s, bytes received: 1161243 B, packets received: 962
[client] second 24.960622: 1078716.514492 bit/s, bytes received: 13488 B, packets received: 23
[client] second 25.060698: 94693115.812519 bit/s, bytes received: 1184565 B, packets received: 976
[client] second 25.161344: 29792364.126404 bit/s, bytes received: 374811 B, packets received: 310
[client] second 25.261532: 0.000000 bit/s, bytes received: 0 B, packets received: 0
[client] second 25.361759: 0.000000 bit/s, bytes received: 0 B, packets received: 0
[client] second 25.461826: 84909215.742206 bit/s, bytes received: 1062073 B, packets received: 876
[client] second 25.561838: 94752272.234514 bit/s, bytes received: 1184547 B, packets received: 976
[client] second 25.661858: 94843436.101058 bit/s, bytes received: 1185783 B, packets received: 976
[client] second 25.761955: 94673656.254821 bit/s, bytes received: 1184565 B, packets received: 977
[client] second 25.862052: 94770689.686039 bit/s, bytes received: 1185783 B, packets received: 977
[client] second 25.962218: 39031687.803523 bit/s, bytes received: 488705 B, packets received: 414
[client] second 26.062256: 54174025.531314 bit/s, bytes received: 677437 B, packets received: 564
[client] second 26.163019: 71092010.903013 bit/s, bytes received: 895427 B, packets received: 738
[client] second 26.263211: 0.000000 bit/s, bytes received: 0 B, packets received: 0
[client] second 26.363439: 0.000000 bit/s, bytes received: 0 B, packets received: 0
[client] second 26.463554: 43561495.261847 bit/s, bytes received: 545147 B, packets received: 450
[client] second 26.563569: 94849078.478759 bit/s, bytes received: 1185783 B, packets received: 976
[client] second 26.663665: 94673772.112202 bit/s, bytes received: 1184556 B, packets received: 977
[client] second 26.763681: 94749139.166877 bit/s, bytes received: 1184556 B, packets received: 976
[client] second 26.863733: 94812930.528653 bit/s, bytes received: 1185783 B, packets received: 976
[client] second 26.964790: 79608793.737745 bit/s, bytes received: 1005631 B, packets received: 835
[client] second 27.064900: 13709955.210481 bit/s, bytes received: 171563 B, packets received: 153
[client] second 27.164912: 94851806.026716 bit/s, bytes received: 1185783 B, packets received: 976
[client] second 27.265408: 17156316.021486 bit/s, bytes received: 215518 B, packets received: 179
[client] second 27.365596: 0.000000 bit/s, bytes received: 0 B, packets received: 0
[client] second 27.465685: 2645306.921614 bit/s, bytes received: 33096 B, packets received: 28
[client] second 27.565708: 94844174.325887 bit/s, bytes received: 1185816 B, packets received: 976
[client] second 27.665749: 94724185.182673 bit/s, bytes received: 1184547 B, packets received: 976
[client] second 27.765795: 94818969.227343 bit/s, bytes received: 1185783 B, packets received: 977
[client] second 27.865809: 94653877.431804 bit/s, bytes received: 1183338 B, packets received: 976
[client] second 27.965899: 94778052.483719 bit/s, bytes received: 1185783 B, packets received: 977
[client] second 28.066231: 26559083.771291 bit/s, bytes received: 333093 B, packets received: 288
[client] second 28.166293: 66799060.383246 bit/s, bytes received: 835503 B, packets received: 691
[client] second 28.266927: 58617067.253049 bit/s, bytes received: 737361 B, packets received: 609
[client] second 28.366971: 0.000000 bit/s, bytes received: 0 B, packets received: 0
[client] second 28.467170: 0.000000 bit/s, bytes received: 0 B, packets received: 0
[client] second 28.567220: 55836439.902719 bit/s, bytes received: 698305 B, packets received: 576
[client] second 28.667230: 94754351.707346 bit/s, bytes received: 1184556 B, packets received: 976
[client] second 28.767253: 94840445.277976 bit/s, bytes received: 1185774 B, packets received: 976
[client] second 28.867341: 94682168.472358 bit/s, bytes received: 1184565 B, packets received: 977
[client] second 28.967374: 94830745.575341 bit/s, bytes received: 1185783 B, packets received: 976
[client] second 29.067800: 67908980.324024 bit/s, bytes received: 852473 B, packets received: 711
[client] second 29.167824: 25283674.575955 bit/s, bytes received: 316123 B, packets received: 269
[client] second 29.267868: 94723177.009751 bit/s, bytes received: 1184565 B, packets received: 977
[client] second 29.368806: 5720426.347950 bit/s, bytes received: 72176 B, packets received: 60
[client] second 29.468981: 0.000000 bit/s, bytes received: 0 B, packets received: 0
[client] second 29.569033: 14600789.909962 bit/s, bytes received: 182606 B, packets received: 150
[client] second 29.669074: 94824686.419261 bit/s, bytes received: 1185783 B, packets received: 977
[client] second 29.769087: 94751579.572441 bit/s, bytes received: 1184556 B, packets received: 976
[client] second 29.869132: 94664249.830956 bit/s, bytes received: 1183834 B, packets received: 977
[client] second 29.969154: 94842087.719591 bit/s, bytes received: 1185783 B, packets received: 976
[client] second 30.069216: 69488001.232185 bit/s, bytes received: 869146 B, packets received: 716
[client] second 30.169262: 39961687.403497 bit/s, bytes received: 499748 B, packets received: 424
[client] second 30.269286: 78486052.148270 bit/s, bytes received: 981308 B, packets received: 810
[client] second 30.369624: 47164883.937382 bit/s, bytes received: 591556 B, packets received: 489
[client] second 30.469735: 0.000000 bit/s, bytes received: 0 B, packets received: 0
[client] second 30.569749: 25678770.444822 bit/s, bytes received: 321031 B, packets received: 264
[client] second 30.669849: 94670957.901538 bit/s, bytes received: 1184565 B, packets received: 976
[client] second 30.769887: 94866580.875638 bit/s, bytes received: 1186288 B, packets received: 978
[client] second 30.869899: 94753393.852919 bit/s, bytes received: 1184556 B, packets received: 976
[client] second 30.969976: 94691032.900331 bit/s, bytes received: 1184556 B, packets received: 979
[client] second 31.070103: 44046118.136867 bit/s, bytes received: 551273 B, packets received: 458
[client] second 31.170212: 49136870.479497 bit/s, bytes received: 614878 B, packets received: 514
[client] second 31.270479: 76435277.801498 bit/s, bytes received: 957995 B, packets received: 793
[client] second 31.370687: 0.000000 bit/s, bytes received: 0 B, packets received: 0
[client] second 31.470897: 0.000000 bit/s, bytes received: 0 B, packets received: 0
[client] second 31.570961: 36284403.569330 bit/s, bytes received: 453844 B, packets received: 374
[client] second 31.671002: 94725797.773221 bit/s, bytes received: 1184556 B, packets received: 976
[client] second 31.771073: 94794850.747199 bit/s, bytes received: 1185774 B, packets received: 977
[client] second 31.871114: 94724963.586940 bit/s, bytes received: 1184556 B, packets received: 976
[client] second 31.971173: 94806977.342505 bit/s, bytes received: 1185792 B, packets received: 977
[client] second 32.071194: 43838656.026303 bit/s, bytes received: 548097 B, packets received: 452
[client] second 32.171244: 49223727.287837 bit/s, bytes received: 615600 B, packets received: 520
[client] second 32.271262: 94845356.330716 bit/s, bytes received: 1185783 B, packets received: 976
[client] second 32.371701: 25513276.238804 bit/s, bytes received: 320318 B, packets received: 265
[client] second 32.471796: 0.000000 bit/s, bytes received: 0 B, packets received: 0
[client] second 32.571843: 73462918.007248 bit/s, bytes received: 918722 B, packets received: 757
[client] second 32.671896: 94715135.473691 bit/s, bytes received: 1184565 B, packets received: 976
[client] second 32.771929: 94732763.439802 bit/s, bytes received: 1184547 B, packets received: 976
[client] second 32.871957: 94738672.224390 bit/s, bytes received: 1184565 B, packets received: 980
[client] second 32.972262: 65210236.369381 bit/s, bytes received: 817612 B, packets received: 676
[client] second 33.072354: 28053610.479759 bit/s, bytes received: 350993 B, packets received: 294
[client] second 33.172368: 94751372.095184 bit/s, bytes received: 1184556 B, packets received: 976
[client] second 33.272947: 2967998.017729 bit/s, bytes received: 37315 B, packets received: 39
[client] second 33.373130: 0.000000 bit/s, bytes received: 0 B, packets received: 0
[client] second 33.473245: 16004733.122400 bit/s, bytes received: 200289 B, packets received: 166
[client] second 33.573314: 94797733.887562 bit/s, bytes received: 1185783 B, packets received: 976
[client] second 33.673358: 94721566.870817 bit/s, bytes received: 1184544 B, packets received: 977
[client] second 33.773371: 94753120.199312 bit/s, bytes received: 1184568 B, packets received: 976
[client] second 33.873424: 94812392.276465 bit/s, bytes received: 1185783 B, packets received: 976
[client] second 33.973460: 94730276.686300 bit/s, bytes received: 1184556 B, packets received: 977
[client] second 34.074014: 13201566.294201 bit/s, bytes received: 165933 B, packets received: 151
[client] second 34.174070: 80266502.002507 bit/s, bytes received: 1003899 B, packets received: 829
[client] second 34.274477: 45429784.712375 bit/s, bytes received: 570180 B, packets received: 471
[client] second 34.374843: 0.000000 bit/s, bytes received: 0 B, packets received: 0
[client] second 34.475059: 0.000000 bit/s, bytes received: 0 B, packets received: 0
[client] second 34.575109: 69497736.846601 bit/s, bytes received: 869158 B, packets received: 716
[client] second 34.675148: 94727762.571949 bit/s, bytes received: 1184556 B, packets received: 977
[client] second 34.775220: 94794328.363152 bit/s, bytes received: 1185783 B, packets received: 976
[client] second 34.875263: 94723115.362752 bit/s, bytes received: 1184556 B, packets received: 977
[client] second 34.975324: 94804550.407829 bit/s, bytes received: 1185783 B, packets received: 976
[client] second 35.076240: 53938695.880286 bit/s, bytes received: 680405 B, packets received: 571
[client] second 35.176261: 39538387.417309 bit/s, bytes received: 494335 B, packets received: 414
[client] second 35.276488: 86086647.632531 bit/s, bytes received: 1078529 B, packets received: 890
[client] second 35.376692: 0.000000 bit/s, bytes received: 0 B, packets received: 0
[client] second 35.476872: 0.000000 bit/s, bytes received: 0 B, packets received: 0
[client] second 35.576962: 28446422.180586 bit/s, bytes received: 355901 B, packets received: 294
[client] second 35.677055: 94773512.424405 bit/s, bytes received: 1185774 B, packets received: 976
[client] second 35.777074: 94844711.504184 bit/s, bytes received: 1185783 B, packets received: 977
[client] second 35.877186: 94700249.760152 bit/s, bytes received: 1185070 B, packets received: 977
[client] second 35.977224: 94727678.296982 bit/s, bytes received: 1184556 B, packets received: 976
[client] second 36.077299: 94791889.229717 bit/s, bytes received: 1185783 B, packets received: 977
[client] second 36.177955: 682640.614683 bit/s, bytes received: 8589 B, packets received: 24
[client] second 36.278076: 92983346.852989 bit/s, bytes received: 1163697 B, packets received: 960
[client] second 36.378757: 32511888.043292 bit/s, bytes received: 409167 B, packets received: 337
[client] second 36.478923: 0.000000 bit/s, bytes received: 0 B, packets received: 0
[client] second 36.579165: 0.000000 bit/s, bytes received: 0 B, packets received: 0
[client] second 36.679187: 82199451.205566 bit/s, bytes received: 1027717 B, packets received: 848
[client] second 36.779202: 94750661.563518 bit/s, bytes received: 1184556 B, packets received: 976
[client] second 36.879258: 94809573.185696 bit/s, bytes received: 1185783 B, packets received: 976
[client] second 36.979301: 94723447.696927 bit/s, bytes received: 1184556 B, packets received: 977
[client] second 37.079372: 94795439.512929 bit/s, bytes received: 1185783 B, packets received: 976
[client] second 37.179418: 41825835.442348 bit/s, bytes received: 523061 B, packets received: 443
[client] second 37.279515: 51299254.586416 bit/s, bytes received: 641863 B, packets received: 535
[client] second 37.380429: 73805371.223723 bit/s, bytes received: 931001 B, packets received: 767
[client] second 37.481302: 0.000000 bit/s, bytes received: 0 B, packets received: 0
[client] second 37.581562: 0.000000 bit/s, bytes received: 0 B, packets received: 0
[client] second 37.681897: 34091407.532627 bit/s, bytes received: 427572 B, packets received: 352
[client] second 37.781918: 53341360.435922 bit/s, bytes received: 666908 B, packets received: 550
[client] second 37.881949: 94735477.680863 bit/s, bytes received: 1184556 B, packets received: 976
[client] second 37.982035: 94682542.674395 bit/s, bytes received: 1184556 B, packets received: 977
[client] second 38.082131: 94869585.739399 bit/s, bytes received: 1187010 B, packets received: 977
[client] second 38.182229: 94672193.545732 bit/s, bytes received: 1184556 B, packets received: 977
[client] second 38.282688: 36337073.544562 bit/s, bytes received: 456298 B, packets received: 387
[client] second 38.382758: 57042505.603974 bit/s, bytes received: 713534 B, packets received: 594
[client] second 38.483174: 68461598.381501 bit/s, bytes received: 859330 B, packets received: 708
[client] second 38.583409: 0.000000 bit/s, bytes received: 0 B, packets received: 0
[client] second 38.683637: 0.000000 bit/s, bytes received: 0 B, packets received: 0
[client] second 38.783696: 46177137.366318 bit/s, bytes received: 577554 B, packets received: 477
[client] second 38.883752: 94808842.618433 bit/s, bytes received: 1185783 B, packets received: 976
[client] second 38.983802: 94717786.025845 bit/s, bytes received: 1184556 B, packets received: 977
[client] second 39.083819: 94846004.959190 bit/s, bytes received: 1185783 B, packets received: 976
[client] second 39.183859: 94726474.791049 bit/s, bytes received: 1184556 B, packets received: 976
[client] second 39.284112: 77661799.105483 bit/s, bytes received: 973224 B, packets received: 808
[client] second 39.384171: 15424284.453234 bit/s, bytes received: 192918 B, packets received: 171
[client] second 39.484275: 94765049.789698 bit/s, bytes received: 1185792 B, packets received: 977
[client] second 39.584908: 15434692.483106 bit/s, bytes received: 194154 B, packets received: 160
[client] second 39.685097: 0.000000 bit/s, bytes received: 0 B, packets received: 0
[client] second 39.785130: 4456107.248633 bit/s, bytes received: 55720 B, packets received: 46
[client] second 39.885155: 94741504.237807 bit/s, bytes received: 1184556 B, packets received: 976
[client] second 39.985174: 94844514.264879 bit/s, bytes received: 1185783 B, packets received: 977
[client] second 40.085276: 94668366.048002 bit/s, bytes received: 1184556 B, packets received: 977
[client] total: bytes received: 277182419 B, packets received: 229046
