Bandwidth: 100 Mbit/s
RTT: 500 ms
BDP: 6250000 B/s
Max In-Flight Packets: 4882
[server] starting server with pid 156085, port 18080, cc cubic, iw 32
[server][session 0] open
[client] connection establishment time: 1.005655 s
[server][session 0][stream 0] open
[client] time to first byte: 1.507126 s
[client] second 1.000537: 955679.490114 bit/s, bytes received: 119524 B, packets received: 107
[client] second 2.000568: 3821177.627559 bit/s, bytes received: 477662 B, packets received: 394
[client] second 3.001272: 10258485.010154 bit/s, bytes received: 1283214 B, packets received: 1066
[client] second 4.001814: 22649972.453260 bit/s, bytes received: 2832779 B, packets received: 2347
[client] second 5.001888: 65079632.488084 bit/s, bytes received: 8135558 B, packets received: 6722
[client] second 6.001923: 71178850.007485 bit/s, bytes received: 8897667 B, packets received: 7357
[client] second 7.002000: 58607665.026953 bit/s, bytes received: 7326528 B, packets received: 6056
[client] second 8.002031: 58522165.294845 bit/s, bytes received: 7315492 B, packets received: 6050
[client] second 9.002092: 58697079.110288 bit/s, bytes received: 7337585 B, packets received: 6069
[client] second 10.002164: 59039911.458727 bit/s, bytes received: 7380523 B, packets received: 6089
[client] second 11.002202: 58610072.099974 bit/s, bytes received: 7326535 B, packets received: 6055
[client] second 12.002252: 58609359.143978 bit/s, bytes received: 7326535 B, packets received: 6055
[client] second 13.002281: 58600776.590638 bit/s, bytes received: 7325308 B, packets received: 6054
[client] second 14.002349: 58604132.547127 bit/s, bytes received: 7326018 B, packets received: 6055
[client] second 15.002382: 58600660.049400 bit/s, bytes received: 7325320 B, packets received: 6054
[client] second 16.002435: 58618975.008533 bit/s, bytes received: 7327762 B, packets received: 6055
[client] second 17.002472: 58610095.484521 bit/s, bytes received: 7326535 B, packets received: 6055
[client] second 18.003265: 61630639.813390 bit/s, bytes received: 7709935 B, packets received: 6372
[client] second 19.004259: 62852064.432477 bit/s, bytes received: 7864320 B, packets received: 6498
[client] second 20.005113: 62860863.998529 bit/s, bytes received: 7864320 B, packets received: 6498
[client] second 21.005790: 62871979.386113 bit/s, bytes received: 7864320 B, packets received: 6498
[client] second 22.006743: 62854656.997695 bit/s, bytes received: 7864320 B, packets received: 6498
[client] second 23.007292: 62880073.612268 bit/s, bytes received: 7864320 B, packets received: 6498
[client] second 24.007402: 60997223.105511 bit/s, bytes received: 7625489 B, packets received: 6301
[client] second 25.007466: 58608523.017849 bit/s, bytes received: 7326535 B, packets received: 6055
[client] second 26.007508: 58615560.559740 bit/s, bytes received: 7327257 B, packets received: 6055
[client] second 27.007757: 60825929.355864 bit/s, bytes received: 7605135 B, packets received: 6276
[client] second 28.007868: 64436919.279183 bit/s, bytes received: 8055506 B, packets received: 6654
[client] second 29.007909: 58482255.981041 bit/s, bytes received: 7310584 B, packets received: 6050
[client] second 30.007988: 58637094.438160 bit/s, bytes received: 7330216 B, packets received: 6058
[client] second 31.008163: 61973046.593763 bit/s, bytes received: 7747981 B, packets received: 6398
[client] second 32.008805: 62874127.786141 bit/s, bytes received: 7864320 B, packets received: 6492
[client] second 33.008851: 60618364.538118 bit/s, bytes received: 7577636 B, packets received: 6255
[client] second 34.008941: 58612745.450811 bit/s, bytes received: 7327257 B, packets received: 6056
[client] second 35.009033: 58606891.272168 bit/s, bytes received: 7326535 B, packets received: 6056
[client] second 36.009076: 58619553.904425 bit/s, bytes received: 7327762 B, packets received: 6055
[client] second 37.009152: 58598011.957444 bit/s, bytes received: 7325308 B, packets received: 6054
[client] second 38.009216: 58618344.719030 bit/s, bytes received: 7327762 B, packets received: 6056
[client] second 39.009311: 58612509.908475 bit/s, bytes received: 7327257 B, packets received: 6055
[client] second 40.009343: 58590696.761992 bit/s, bytes received: 7324072 B, packets received: 6054
[client] total: bytes received: 276479919 B, packets received: 228482
