Bandwidth: 100 Mbit/s
RTT: 500 ms
BDP: 6250000 B/s
Max In-Flight Packets: 4882
[server] starting server with pid 150014, port 18080, cc cubic, iw 32
[server][session 0] open
[client] connection establishment time: 1.005264 s
[server][session 0][stream 0] open
[client] time to first byte: 1.506333 s
[client] second 1.000348: 955860.093832 bit/s, bytes received: 119524 B, packets received: 107
[client] second 2.000955: 3818977.746843 bit/s, bytes received: 477662 B, packets received: 394
[client] second 3.001039: 10264836.207054 bit/s, bytes received: 1283212 B, packets received: 1065
[client] second 4.001085: 22612106.293773 bit/s, bytes received: 2826646 B, packets received: 2342
[client] second 5.001204: 65043268.958018 bit/s, bytes received: 8131372 B, packets received: 6719
[client] second 6.001232: 71193232.762234 bit/s, bytes received: 8899399 B, packets received: 7359
[client] second 7.001281: 58589782.197983 bit/s, bytes received: 7324081 B, packets received: 6055
[client] second 8.001348: 58500364.058981 bit/s, bytes received: 7313038 B, packets received: 6044
[client] second 9.001384: 58708311.060516 bit/s, bytes received: 7338805 B, packets received: 6069
[client] second 10.001575: 58993657.756772 bit/s, bytes received: 7375615 B, packets received: 6085
[client] second 11.001679: 58586562.906644 bit/s, bytes received: 7324081 B, packets received: 6054
[client] second 12.001710: 58620541.969432 bit/s, bytes received: 7327762 B, packets received: 6055
[client] second 13.001860: 58608942.222656 bit/s, bytes received: 7327248 B, packets received: 6055
[client] second 14.001890: 58620305.032441 bit/s, bytes received: 7327762 B, packets received: 6056
[client] second 15.001921: 58620372.223517 bit/s, bytes received: 7327771 B, packets received: 6056
[client] second 16.001952: 58610472.687464 bit/s, bytes received: 7326535 B, packets received: 6056
[client] second 17.001986: 58610246.517497 bit/s, bytes received: 7326535 B, packets received: 6054
[client] second 18.002190: 61774924.091799 bit/s, bytes received: 7723432 B, packets received: 6382
[client] second 19.002815: 62875237.637756 bit/s, bytes received: 7864320 B, packets received: 6498
[client] second 20.003577: 62866597.563920 bit/s, bytes received: 7864320 B, packets received: 6498
[client] second 21.004113: 62880913.869250 bit/s, bytes received: 7864320 B, packets received: 6498
[client] second 22.004155: 62911915.875088 bit/s, bytes received: 7864320 B, packets received: 6498
[client] second 23.004427: 62897394.294739 bit/s, bytes received: 7864320 B, packets received: 6498
[client] second 24.004463: 60614922.901418 bit/s, bytes received: 7577131 B, packets received: 6260
[client] second 25.004484: 58601106.526127 bit/s, bytes received: 7325299 B, packets received: 6054
[client] second 26.004557: 58617892.117859 bit/s, bytes received: 7327771 B, packets received: 6056
[client] second 27.005026: 61205042.866805 bit/s, bytes received: 7654215 B, packets received: 6322
[client] second 28.005598: 62878595.958256 bit/s, bytes received: 7864320 B, packets received: 6492
[client] second 29.005680: 61405371.715628 bit/s, bytes received: 7676301 B, packets received: 6335
[client] second 30.005751: 58623714.523413 bit/s, bytes received: 7328484 B, packets received: 6056
[client] second 31.005825: 58598093.929949 bit/s, bytes received: 7325308 B, packets received: 6054
[client] second 32.005868: 58609818.563450 bit/s, bytes received: 7326535 B, packets received: 6056
[client] second 33.005944: 58617640.824827 bit/s, bytes received: 7327762 B, packets received: 6057
[client] second 34.005972: 66867337.958572 bit/s, bytes received: 8358655 B, packets received: 6902
[client] second 35.006046: 61635677.025472 bit/s, bytes received: 7705027 B, packets received: 6370
[client] second 36.006427: 45389599.510385 bit/s, bytes received: 5675865 B, packets received: 4699
[client] second 37.006487: 75449695.417505 bit/s, bytes received: 9431771 B, packets received: 7775
[client] second 38.007454: 70416183.090895 bit/s, bytes received: 8810541 B, packets received: 7289
[client] second 39.008508: 62848343.111395 bit/s, bytes received: 7864320 B, packets received: 6492
[client] second 40.009145: 62874603.323916 bit/s, bytes received: 7864329 B, packets received: 6493
[client] total: bytes received: 279865714 B, packets received: 231259
