Bandwidth: 100 Mbit/s
RTT: 500 ms
BDP: 6250000 B/s
Max In-Flight Packets: 4882
[server] starting server with pid 158515, port 18080, cc cubic, iw 32
[server][session 0] open
[client] connection establishment time: 1.004974 s
[server][session 0][stream 0] open
[client] time to first byte: 1.506408 s
[client] second 1.000573: 955644.893299 bit/s, bytes received: 119524 B, packets received: 107
[client] second 2.001098: 3829103.252434 bit/s, bytes received: 478889 B, packets received: 395
[client] second 3.001753: 10268799.933627 bit/s, bytes received: 1284441 B, packets received: 1067
[client] second 4.002192: 22662008.364592 bit/s, bytes received: 2833996 B, packets received: 2346
[client] second 5.002297: 65038495.509341 bit/s, bytes received: 8130660 B, packets received: 6719
[client] second 6.002329: 58606347.776849 bit/s, bytes received: 7326030 B, packets received: 6059
[client] second 7.002384: 51082925.857146 bit/s, bytes received: 6385718 B, packets received: 5282
[client] second 8.002412: 57528533.323192 bit/s, bytes received: 7191270 B, packets received: 5943
[client] second 9.002445: 46037753.763195 bit/s, bytes received: 5754905 B, packets received: 4759
[client] second 10.002500: 58707152.692985 bit/s, bytes received: 7338805 B, packets received: 6064
[client] second 11.002600: 58626073.077626 bit/s, bytes received: 7328989 B, packets received: 6057
[client] second 12.002667: 46016469.264691 bit/s, bytes received: 5752444 B, packets received: 4758
[client] second 13.003598: 61602503.646213 bit/s, bytes received: 7707481 B, packets received: 6368
[client] second 14.004141: 62880436.422045 bit/s, bytes received: 7864320 B, packets received: 6498
[client] second 15.004823: 62871653.554390 bit/s, bytes received: 7864320 B, packets received: 6498
[client] second 16.005566: 62867893.979582 bit/s, bytes received: 7864320 B, packets received: 6498
[client] second 17.005862: 62895890.235526 bit/s, bytes received: 7864320 B, packets received: 6498
[client] second 18.006290: 62887686.833662 bit/s, bytes received: 7864320 B, packets received: 6498
[client] second 19.006364: 60999368.523035 bit/s, bytes received: 7625489 B, packets received: 6300
[client] second 20.006469: 58503853.394623 bit/s, bytes received: 7313751 B, packets received: 6035
[client] second 21.006942: 69197040.179551 bit/s, bytes received: 8653720 B, packets received: 7149
[client] second 22.006993: 60721917.163108 bit/s, bytes received: 7590628 B, packets received: 6260
[client] second 23.007362: 52629398.066812 bit/s, bytes received: 6581099 B, packets received: 5441
[client] second 24.007435: 67775418.436469 bit/s, bytes received: 8472549 B, packets received: 6990
[client] second 25.007528: 71345676.563769 bit/s, bytes received: 8919031 B, packets received: 7370
[client] second 26.007597: 58608192.547435 bit/s, bytes received: 7326535 B, packets received: 6055
[client] second 27.007680: 58607397.124709 bit/s, bytes received: 7326535 B, packets received: 6055
[client] second 28.007798: 58615271.658382 bit/s, bytes received: 7327762 B, packets received: 6057
[client] second 29.007853: 58604881.965663 bit/s, bytes received: 7326021 B, packets received: 6053
[client] second 30.007888: 58600423.650449 bit/s, bytes received: 7325308 B, packets received: 6054
[client] second 31.007935: 65782385.363224 bit/s, bytes received: 8223189 B, packets received: 6790
[client] second 32.008004: 58535449.950876 bit/s, bytes received: 7317432 B, packets received: 6045
[client] second 33.008102: 58626225.087283 bit/s, bytes received: 7328998 B, packets received: 6057
[client] second 34.008144: 58609810.534243 bit/s, bytes received: 7326535 B, packets received: 6055
[client] second 35.008206: 58608625.166135 bit/s, bytes received: 7326535 B, packets received: 6055
[client] second 36.008785: 74038854.808189 bit/s, bytes received: 9260208 B, packets received: 7647
[client] second 37.008876: 71345708.381024 bit/s, bytes received: 8919031 B, packets received: 7364
[client] second 38.008987: 58635249.743067 bit/s, bytes received: 7330216 B, packets received: 6071
[client] second 39.009881: 62858374.230769 bit/s, bytes received: 7864320 B, packets received: 6492
[client] second 40.010575: 62870888.057899 bit/s, bytes received: 7864320 B, packets received: 6492
[client] total: bytes received: 277503964 B, packets received: 229301
