Bandwidth: 100 Mbit/s
RTT: 500 ms
BDP: 6250000 B/s
Max In-Flight Packets: 4882
[server] starting server with pid 159308, port 18080, cc cubic, iw 32
[server][session 0] open
[client] connection establishment time: 1.004973 s
[server][session 0][stream 0] open
[client] time to first byte: 1.506085 s
[client] second 1.001084: 955157.499477 bit/s, bytes received: 119524 B, packets received: 107
[client] second 2.001874: 3828085.626518 bit/s, bytes received: 478889 B, packets received: 396
[client] second 3.002725: 10306009.903790 bit/s, bytes received: 1289347 B, packets received: 1069
[client] second 4.003583: 22627243.861219 bit/s, bytes received: 2830832 B, packets received: 2347
[client] second 5.003678: 65221415.723152 bit/s, bytes received: 8153458 B, packets received: 6737
[client] second 6.003753: 58598117.426042 bit/s, bytes received: 7325308 B, packets received: 6055
[client] second 7.003792: 58845536.305966 bit/s, bytes received: 7355983 B, packets received: 6081
[client] second 8.003826: 59183669.430747 bit/s, bytes received: 7398206 B, packets received: 6101
[client] second 9.003977: 56374934.123736 bit/s, bytes received: 7047935 B, packets received: 5825
[client] second 10.004095: 58624995.950603 bit/s, bytes received: 7328989 B, packets received: 6058
[client] second 11.004164: 58617997.178066 bit/s, bytes received: 7327753 B, packets received: 6055
[client] second 12.004204: 58619753.789118 bit/s, bytes received: 7327762 B, packets received: 6056
[client] second 13.004274: 58608265.890310 bit/s, bytes received: 7326544 B, packets received: 6056
[client] second 14.004366: 67357870.547346 bit/s, bytes received: 8420510 B, packets received: 6949
[client] second 15.004530: 70521863.004029 bit/s, bytes received: 8816685 B, packets received: 7287
[client] second 16.005552: 50280278.700743 bit/s, bytes received: 6291456 B, packets received: 5212
[client] second 17.006358: 62863904.454382 bit/s, bytes received: 7864320 B, packets received: 6498
[client] second 18.006810: 62886128.678136 bit/s, bytes received: 7864320 B, packets received: 6498
[client] second 19.007510: 62870565.692951 bit/s, bytes received: 7864320 B, packets received: 6498
[client] second 20.007747: 62899621.088393 bit/s, bytes received: 7864320 B, packets received: 6498
[client] second 21.008232: 62884078.389335 bit/s, bytes received: 7864320 B, packets received: 6498
[client] second 22.008339: 62907844.587590 bit/s, bytes received: 7864320 B, packets received: 6498
[client] second 23.008368: 58973755.922676 bit/s, bytes received: 7371934 B, packets received: 6091
[client] second 24.008404: 58600352.160509 bit/s, bytes received: 7325308 B, packets received: 6055
[client] second 25.008459: 58608985.677967 bit/s, bytes received: 7326526 B, packets received: 6054
[client] second 26.008984: 62852163.296117 bit/s, bytes received: 7860648 B, packets received: 6490
[client] second 27.009519: 62880920.970994 bit/s, bytes received: 7864320 B, packets received: 6492
[client] second 28.009546: 59747584.783793 bit/s, bytes received: 7468650 B, packets received: 6167
[client] second 29.009607: 58614475.065875 bit/s, bytes received: 7327257 B, packets received: 6055
[client] second 30.009645: 58600262.095152 bit/s, bytes received: 7325308 B, packets received: 6054
[client] second 31.009725: 52208682.739082 bit/s, bytes received: 6526606 B, packets received: 5396
[client] second 32.009763: 58610041.858332 bit/s, bytes received: 7326535 B, packets received: 6057
[client] second 33.009798: 58625732.446294 bit/s, bytes received: 7328475 B, packets received: 6055
[client] second 34.009878: 58597792.818348 bit/s, bytes received: 7325308 B, packets received: 6054
[client] second 35.009961: 58607449.486850 bit/s, bytes received: 7326544 B, packets received: 6055
[client] second 36.010032: 69142284.257781 bit/s, bytes received: 8643390 B, packets received: 7133
[client] second 37.010118: 67627314.748328 bit/s, bytes received: 8454144 B, packets received: 6989
[client] second 38.010151: 58620169.096422 bit/s, bytes received: 7327762 B, packets received: 6058
[client] second 39.010470: 60142275.487798 bit/s, bytes received: 7520184 B, packets received: 6214
[client] second 40.010999: 62881313.077743 bit/s, bytes received: 7864320 B, packets received: 6498
[client] total: bytes received: 277538320 B, packets received: 229346
