Bandwidth: 100 Mbit/s
RTT: 500 ms
BDP: 6250000 B/s
Max In-Flight Packets: 4882
[server] starting server with pid 159499, port 18080, cc cubic, iw 32
[server][session 0] open
[client] connection establishment time: 1.006310 s
[server][session 0][stream 0] open
[client] time to first byte: 1.507407 s
[client] second 1.000909: 965131.086720 bit/s, bytes received: 120751 B, packets received: 109
[client] second 2.001007: 3830737.989727 bit/s, bytes received: 478889 B, packets received: 394
[client] second 3.001088: 10255044.029321 bit/s, bytes received: 1281985 B, packets received: 1064
[client] second 4.001195: 22669650.339659 bit/s, bytes received: 2834008 B, packets received: 2348
[client] second 5.001248: 65031911.556051 bit/s, bytes received: 8129423 B, packets received: 6718
[client] second 6.001313: 71196405.591937 bit/s, bytes received: 8900121 B, packets received: 7359
[client] second 7.001374: 46006921.204547 bit/s, bytes received: 5751217 B, packets received: 4757
[client] second 8.001408: 60628819.156796 bit/s, bytes received: 7578863 B, packets received: 6261
[client] second 9.001487: 44727811.078108 bit/s, bytes received: 5591419 B, packets received: 4616
[client] second 10.001511: 58699190.096184 bit/s, bytes received: 7337578 B, packets received: 6064
[client] second 11.001545: 58620142.073424 bit/s, bytes received: 7327762 B, packets received: 6055
[client] second 12.001618: 58607976.357688 bit/s, bytes received: 7326535 B, packets received: 6056
[client] second 13.001713: 58612423.646300 bit/s, bytes received: 7327245 B, packets received: 6054
[client] second 14.001731: 58621057.317473 bit/s, bytes received: 7327765 B, packets received: 6056
[client] second 15.001789: 58599121.546386 bit/s, bytes received: 7325317 B, packets received: 6054
[client] second 16.001821: 58571170.188143 bit/s, bytes received: 7321627 B, packets received: 6053
[client] second 17.001869: 72593647.164016 bit/s, bytes received: 9074643 B, packets received: 7484
[client] second 18.002105: 69576399.299145 bit/s, bytes received: 8699110 B, packets received: 7197
[client] second 19.002142: 71261290.919723 bit/s, bytes received: 8907988 B, packets received: 7361
[client] second 20.002861: 54526032.066628 bit/s, bytes received: 6820652 B, packets received: 5644
[client] second 21.003573: 62869771.386255 bit/s, bytes received: 7864320 B, packets received: 6492
[client] second 22.003636: 58961947.647265 bit/s, bytes received: 7370707 B, packets received: 6087
[client] second 23.003665: 58620408.611538 bit/s, bytes received: 7327762 B, packets received: 6055
[client] second 24.003735: 58588553.363183 bit/s, bytes received: 7324081 B, packets received: 6053
[client] second 25.003758: 58620733.361053 bit/s, bytes received: 7327762 B, packets received: 6056
[client] second 26.003783: 58601034.017568 bit/s, bytes received: 7325308 B, packets received: 6054
[client] second 27.003838: 58605014.614416 bit/s, bytes received: 7326030 B, packets received: 6055
[client] second 28.003882: 58619489.777484 bit/s, bytes received: 7327762 B, packets received: 6056
[client] second 29.004613: 67138340.862443 bit/s, bytes received: 8398424 B, packets received: 6934
[client] second 30.004650: 52436655.550759 bit/s, bytes received: 6554827 B, packets received: 5421
[client] second 31.005227: 61110111.798885 bit/s, bytes received: 7643172 B, packets received: 6317
[client] second 32.006155: 62856215.289563 bit/s, bytes received: 7864320 B, packets received: 6498
[client] second 33.006279: 62906807.679556 bit/s, bytes received: 7864320 B, packets received: 6498
[client] second 34.007144: 62860174.822528 bit/s, bytes received: 7864320 B, packets received: 6498
[client] second 35.007678: 62880982.310018 bit/s, bytes received: 7864320 B, packets received: 6498
[client] second 36.008404: 62868909.313225 bit/s, bytes received: 7864320 B, packets received: 6498
[client] second 37.008456: 61318862.480871 bit/s, bytes received: 7665258 B, packets received: 6333
[client] second 38.008565: 58625509.859821 bit/s, bytes received: 7328989 B, packets received: 6058
[client] second 39.008652: 58626805.194880 bit/s, bytes received: 7328989 B, packets received: 6056
[client] second 40.009148: 60459465.950106 bit/s, bytes received: 7561180 B, packets received: 6246
[client] total: bytes received: 276459069 B, packets received: 228467
