Bandwidth: 100 Mbit/s
RTT: 500 ms
BDP: 6250000 B/s
Max In-Flight Packets: 4882
[server] starting server with pid 159701, port 18080, cc cubic, iw 32
[server][session 0] open
[client] connection establishment time: 1.004993 s
[server][session 0][stream 0] open
[client] time to first byte: 1.506053 s
[client] second 1.000592: 955626.791667 bit/s, bytes received: 119524 B, packets received: 107
[client] second 2.001195: 3828802.806910 bit/s, bytes received: 478889 B, packets received: 395
[client] second 3.001411: 10273291.287156 bit/s, bytes received: 1284438 B, packets received: 1066
[client] second 4.001435: 22661706.204346 bit/s, bytes received: 2832782 B, packets received: 2348
[client] second 5.001476: 65121062.139079 bit/s, bytes received: 8140466 B, packets received: 6726
[client] second 6.001508: 71169216.608304 bit/s, bytes received: 8896440 B, packets received: 7357
[client] second 7.001564: 58599111.448386 bit/s, bytes received: 7325301 B, packets received: 6056
[client] second 8.001616: 58501278.255387 bit/s, bytes received: 7313038 B, packets received: 6047
[client] second 9.001730: 58605654.720939 bit/s, bytes received: 7326542 B, packets received: 6061
[client] second 10.002012: 65101321.875478 bit/s, bytes received: 8139961 B, packets received: 6723
[client] second 11.002064: 53019038.397347 bit/s, bytes received: 6627725 B, packets received: 5482
[client] second 12.002682: 60564027.552101 bit/s, bytes received: 7575182 B, packets received: 6260
[client] second 13.003074: 62889957.134319 bit/s, bytes received: 7864320 B, packets received: 6498
[client] second 14.003312: 62899580.905105 bit/s, bytes received: 7864320 B, packets received: 6498
[client] second 15.003710: 62889537.699409 bit/s, bytes received: 7864320 B, packets received: 6497
[client] second 16.004746: 62849437.612476 bit/s, bytes received: 7864320 B, packets received: 6497
[client] second 17.005284: 62880688.499691 bit/s, bytes received: 7864320 B, packets received: 6498
[client] second 18.005330: 61829663.026670 bit/s, bytes received: 7729062 B, packets received: 6385
[client] second 19.005349: 58601340.377900 bit/s, bytes received: 7325308 B, packets received: 6054
[client] second 20.005373: 58591171.159489 bit/s, bytes received: 7324072 B, packets received: 6053
[client] second 21.006221: 59996932.360450 bit/s, bytes received: 7505974 B, packets received: 6201
[client] second 22.006639: 62888239.385170 bit/s, bytes received: 7864320 B, packets received: 6493
[client] second 23.006761: 62657522.462114 bit/s, bytes received: 7833140 B, packets received: 6462
[client] second 24.006843: 58597644.519531 bit/s, bytes received: 7325308 B, packets received: 6054
[client] second 25.006922: 58607652.046756 bit/s, bytes received: 7326535 B, packets received: 6056
[client] second 26.006956: 58606261.745635 bit/s, bytes received: 7326030 B, packets received: 6054
[client] second 27.006994: 58619859.828207 bit/s, bytes received: 7327762 B, packets received: 6056
[client] second 28.007040: 58609596.442408 bit/s, bytes received: 7326535 B, packets received: 6054
[client] second 29.007081: 58609784.895663 bit/s, bytes received: 7326526 B, packets received: 6055
[client] second 30.007142: 58598981.210003 bit/s, bytes received: 7325317 B, packets received: 6055
[client] second 31.007225: 65035756.048958 bit/s, bytes received: 8130145 B, packets received: 6706
[client] second 32.008197: 65937287.110099 bit/s, bytes received: 8250174 B, packets received: 6827
[client] second 33.008961: 62866514.078016 bit/s, bytes received: 7864320 B, packets received: 6505
[client] second 34.009366: 62889087.278311 bit/s, bytes received: 7864320 B, packets received: 6499
[client] second 35.009579: 62901154.820390 bit/s, bytes received: 7864320 B, packets received: 6498
[client] second 36.010121: 62880503.479152 bit/s, bytes received: 7864320 B, packets received: 6498
[client] second 37.010229: 60522206.033349 bit/s, bytes received: 7566088 B, packets received: 6251
[client] second 38.010332: 57269074.254349 bit/s, bytes received: 7159375 B, packets received: 5918
[client] second 39.010358: 58591047.945470 bit/s, bytes received: 7324072 B, packets received: 6052
[client] second 40.010653: 62660588.065435 bit/s, bytes received: 7834881 B, packets received: 6469
[client] total: bytes received: 279969792 B, packets received: 231371
