Bandwidth: 100 Mbit/s
RTT: 500 ms
BDP: 6250000 B/s
Max In-Flight Packets: 4882
[server] starting server with pid 1101102, port 18080, cc cubic, iw 32
[server][session 0] open
[client] connection establishment time: 1.005430 s
[server][session 0][stream 0] open
[client] time to first byte: 1.506837 s
[client] second 0.100364: 1469470.216829 bit/s, bytes received: 18435 B, packets received: 24
[client] second 0.201049: 779934.942056 bit/s, bytes received: 9816 B, packets received: 8
[client] second 0.302173: 776548.051081 bit/s, bytes received: 9816 B, packets received: 8
[client] second 0.402790: 97557.727370 bit/s, bytes received: 1227 B, packets received: 1
[client] second 0.503745: 972325.704625 bit/s, bytes received: 12270 B, packets received: 10
[client] second 0.604709: 1069441.197166 bit/s, bytes received: 13497 B, packets received: 11
[client] second 0.705200: 1307654.408538 bit/s, bytes received: 16426 B, packets received: 14
[client] second 0.805881: 1462438.860938 bit/s, bytes received: 18405 B, packets received: 15
[client] second 0.906369: 1562932.623101 bit/s, bytes received: 19632 B, packets received: 16
[client] second 1.007040: 1015189.277869 bit/s, bytes received: 12775 B, packets received: 11
[client] second 1.107293: 1957779.113695 bit/s, bytes received: 24534 B, packets received: 20
[client] second 1.207302: 2257476.962522 bit/s, bytes received: 28221 B, packets received: 23
[client] second 1.307461: 2686912.305950 bit/s, bytes received: 33640 B, packets received: 28
[client] second 1.408094: 3023371.716312 bit/s, bytes received: 38031 B, packets received: 31
[client] second 1.508759: 3062972.791838 bit/s, bytes received: 38542 B, packets received: 32
[client] second 1.609149: 3658529.831223 bit/s, bytes received: 45910 B, packets received: 38
[client] second 1.709189: 4357688.993409 bit/s, bytes received: 54493 B, packets received: 45
[client] second 1.809773: 4781452.193611 bit/s, bytes received: 60117 B, packets received: 49
[client] second 1.910485: 5636226.051587 bit/s, bytes received: 70955 B, packets received: 59
[client] second 2.010634: 6411305.753761 bit/s, bytes received: 80260 B, packets received: 66
[client] second 2.111516: 7143065.943734 bit/s, bytes received: 90076 B, packets received: 75
[client] second 2.211539: 8323629.713610 bit/s, bytes received: 104070 B, packets received: 86
[client] second 2.312101: 9256477.479778 bit/s, bytes received: 116356 B, packets received: 97
[client] second 2.412698: 1560527.831063 bit/s, bytes received: 19623 B, packets received: 17
[client] second 2.513650: 8831842.362126 bit/s, bytes received: 111449 B, packets received: 93
[client] second 2.613876: 7581562.696172 bit/s, bytes received: 94984 B, packets received: 80
[client] second 2.713970: 6217523.424236 bit/s, bytes received: 77792 B, packets received: 65
[client] second 2.814529: 17732409.837612 bit/s, bytes received: 222894 B, packets received: 184
[client] second 2.915069: 19158388.234109 bit/s, bytes received: 240772 B, packets received: 199
[client] second 3.015143: 18798603.646615 bit/s, bytes received: 235158 B, packets received: 194
[client] second 3.116146: 14017506.973245 bit/s, bytes received: 176976 B, packets received: 148
[client] second 3.216885: 0.000000 bit/s, bytes received: 0 B, packets received: 1
[client] second 3.317016: 17864803.020587 bit/s, bytes received: 223602 B, packets received: 185
[client] second 3.417338: 19925706.620815 bit/s, bytes received: 249874 B, packets received: 208
[client] second 3.517434: 36665072.991750 bit/s, bytes received: 458752 B, packets received: 378
[client] second 3.617610: 41379541.111811 bit/s, bytes received: 518153 B, packets received: 427
[client] second 3.717649: 42711401.586717 bit/s, bytes received: 534104 B, packets received: 440
[client] second 3.818675: 8921833.409169 bit/s, bytes received: 112667 B, packets received: 96
[client] second 3.919084: 0.000000 bit/s, bytes received: 0 B, packets received: 3
[client] second 4.019442: 41793473.279241 bit/s, bytes received: 524288 B, packets received: 435
[client] second 4.119539: 53946751.128300 bit/s, bytes received: 674992 B, packets received: 558
[client] second 4.219606: 77021133.657289 bit/s, bytes received: 963408 B, packets received: 793
[client] second 4.319678: 84119857.428482 bit/s, bytes received: 1052257 B, packets received: 867
[client] second 4.420495: 77713800.580670 bit/s, bytes received: 979359 B, packets received: 808
[client] second 4.520758: 0.000000 bit/s, bytes received: 0 B, packets received: 5
[client] second 4.620829: 17385119.311344 bit/s, bytes received: 217467 B, packets received: 184
[client] second 4.720872: 73564677.618868 bit/s, bytes received: 919958 B, packets received: 763
[client] second 4.820914: 94724757.173079 bit/s, bytes received: 1184556 B, packets received: 976
[client] second 4.921016: 94765941.780666 bit/s, bytes received: 1185783 B, packets received: 977
[client] second 5.021035: 94746543.531844 bit/s, bytes received: 1184556 B, packets received: 978
[client] second 5.121130: 94773037.779162 bit/s, bytes received: 1185783 B, packets received: 977
[client] second 5.221884: 32820693.203581 bit/s, bytes received: 413353 B, packets received: 353
[client] second 5.321944: 60775805.512353 bit/s, bytes received: 760153 B, packets received: 630
[client] second 5.422624: 64577366.443982 bit/s, bytes received: 812711 B, packets received: 679
[client] second 5.523083: 0.000000 bit/s, bytes received: 0 B, packets received: 0
[client] second 5.623237: 0.000000 bit/s, bytes received: 0 B, packets received: 0
[client] second 5.723312: 37751520.286319 bit/s, bytes received: 472249 B, packets received: 389
[client] second 5.823327: 94749978.515788 bit/s, bytes received: 1184556 B, packets received: 977
[client] second 5.923349: 94842300.120316 bit/s, bytes received: 1185783 B, packets received: 976
[client] second 6.023432: 94784090.528497 bit/s, bytes received: 1185783 B, packets received: 977
[client] second 6.123533: 94668715.966989 bit/s, bytes received: 1184556 B, packets received: 977
[client] second 6.224456: 85492973.633598 bit/s, bytes received: 1078529 B, packets received: 895
[client] second 6.324472: 7695618.918928 bit/s, bytes received: 96211 B, packets received: 91
[client] second 6.424570: 94769897.230871 bit/s, bytes received: 1185783 B, packets received: 977
[client] second 6.524621: 23257966.365224 bit/s, bytes received: 290870 B, packets received: 240
[client] second 6.624876: 0.000000 bit/s, bytes received: 0 B, packets received: 0
[client] second 6.725113: 0.000000 bit/s, bytes received: 0 B, packets received: 0
[client] second 6.825194: 14302337.873698 bit/s, bytes received: 178925 B, packets received: 147
[client] second 6.925228: 94732356.126262 bit/s, bytes received: 1184549 B, packets received: 977
[client] second 7.025338: 94758051.747964 bit/s, bytes received: 1185783 B, packets received: 977
[client] second 7.125373: 94829703.303902 bit/s, bytes received: 1185790 B, packets received: 976
[client] second 7.225392: 94787334.864317 bit/s, bytes received: 1185061 B, packets received: 977
[client] second 7.326453: 86210256.234227 bit/s, bytes received: 1089067 B, packets received: 899
[client] second 7.426831: 0.000000 bit/s, bytes received: 0 B, packets received: 13
[client] second 7.526864: 0.000000 bit/s, bytes received: 0 B, packets received: 821
[client] second 7.627915: 0.000000 bit/s, bytes received: 0 B, packets received: 478
[client] second 7.728211: 0.000000 bit/s, bytes received: 0 B, packets received: 0
[client] second 7.828327: 10179460.119882 bit/s, bytes received: 127391 B, packets received: 106
[client] second 7.928382: 12343953.919717 bit/s, bytes received: 154385 B, packets received: 976
[client] second 8.028428: 302965027.655956 bit/s, bytes received: 3788808 B, packets received: 977
[client] second 8.128451: 94743878.305330 bit/s, bytes received: 1184566 B, packets received: 977
[client] second 8.229013: 82441377.925709 bit/s, bytes received: 1036306 B, packets received: 854
[client] second 8.329261: 0.000000 bit/s, bytes received: 0 B, packets received: 1
[client] second 8.429612: 0.000000 bit/s, bytes received: 0 B, packets received: 11
[client] second 8.530657: 0.000000 bit/s, bytes received: 0 B, packets received: 1
[client] second 8.631265: 0.000000 bit/s, bytes received: 0 B, packets received: 0
[client] second 8.731442: 979061.177558 bit/s, bytes received: 12260 B, packets received: 11
[client] second 8.831470: 94836972.897604 bit/s, bytes received: 1185793 B, packets received: 977
[client] second 8.931648: 41574614.559053 bit/s, bytes received: 520607 B, packets received: 428
[client] second 9.031853: 0.000000 bit/s, bytes received: 0 B, packets received: 0
[client] second 9.132051: 0.000000 bit/s, bytes received: 0 B, packets received: 0
[client] second 9.232092: 629102.300825 bit/s, bytes received: 7867 B, packets received: 8
[client] second 9.332169: 94789974.005927 bit/s, bytes received: 1185783 B, packets received: 976
[client] second 9.432202: 94831556.112537 bit/s, bytes received: 1185783 B, packets received: 977
[client] second 9.532304: 94667778.757355 bit/s, bytes received: 1184556 B, packets received: 977
[client] second 9.632459: 94813830.030208 bit/s, bytes received: 1187010 B, packets received: 977
[client] second 9.732505: 94720630.978301 bit/s, bytes received: 1184556 B, packets received: 977
[client] second 9.832878: 16745921.135702 bit/s, bytes received: 210105 B, packets received: 185
[client] second 9.932920: 76647865.382438 bit/s, bytes received: 958500 B, packets received: 793
[client] second 10.033809: 48716148.893609 bit/s, bytes received: 614364 B, packets received: 507
[client] second 10.134340: 0.000000 bit/s, bytes received: 0 B, packets received: 0
[client] second 10.234531: 0.000000 bit/s, bytes received: 0 B, packets received: 0
[client] second 10.334626: 66426004.552062 bit/s, bytes received: 831109 B, packets received: 686
[client] second 10.434640: 94848202.104530 bit/s, bytes received: 1185774 B, packets received: 976
[client] second 10.534712: 94695937.186745 bit/s, bytes received: 1184556 B, packets received: 976
[client] second 10.634747: 94732440.574725 bit/s, bytes received: 1184565 B, packets received: 977
[client] second 10.734806: 94807239.389663 bit/s, bytes received: 1185783 B, packets received: 976
[client] second 10.834940: 57496383.426958 bit/s, bytes received: 719669 B, packets received: 602
[client] second 10.934974: 35608139.761399 bit/s, bytes received: 445255 B, packets received: 375
[client] second 11.035216: 89990967.057192 bit/s, bytes received: 1127609 B, packets received: 930
[client] second 11.135689: 0.000000 bit/s, bytes received: 0 B, packets received: 0
[client] second 11.235851: 0.000000 bit/s, bytes received: 0 B, packets received: 0
[client] second 11.335878: 12093491.521503 bit/s, bytes received: 151209 B, packets received: 125
[client] second 11.435915: 94729690.521156 bit/s, bytes received: 1184556 B, packets received: 977
[client] second 11.535932: 94747691.656515 bit/s, bytes received: 1184556 B, packets received: 976
[client] second 11.635952: 94843602.043762 bit/s, bytes received: 1185783 B, packets received: 976
[client] second 11.736026: 94793200.189133 bit/s, bytes received: 1185783 B, packets received: 977
[client] second 11.836187: 94709559.991091 bit/s, bytes received: 1185783 B, packets received: 977
[client] second 11.936630: 17027397.207631 bit/s, bytes received: 213786 B, packets received: 191
[client] second 12.036659: 76363580.743252 bit/s, bytes received: 954819 B, packets received: 789
[client] second 12.137059: 49246913.245657 bit/s, bytes received: 618045 B, packets received: 510
[client] second 12.237120: 0.000000 bit/s, bytes received: 0 B, packets received: 0
[client] second 12.337297: 0.000000 bit/s, bytes received: 0 B, packets received: 0
[client] second 12.437342: 65085295.102823 bit/s, bytes received: 813931 B, packets received: 672
[client] second 12.537406: 94801856.841468 bit/s, bytes received: 1185783 B, packets received: 976
[client] second 12.637446: 94726134.779266 bit/s, bytes received: 1184547 B, packets received: 976
[client] second 12.737465: 94845147.834713 bit/s, bytes received: 1185792 B, packets received: 977
[client] second 12.837564: 94670650.025347 bit/s, bytes received: 1184556 B, packets received: 977
[client] second 12.938324: 58503246.482898 bit/s, bytes received: 736847 B, packets received: 615
[client] second 13.038391: 34811994.044236 bit/s, bytes received: 435439 B, packets received: 367
[client] second 13.138696: 90813901.818375 bit/s, bytes received: 1138643 B, packets received: 939
[client] second 13.238983: 0.000000 bit/s, bytes received: 0 B, packets received: 0
[client] second 13.339195: 0.000000 bit/s, bytes received: 0 B, packets received: 0
[client] second 13.439222: 23951046.028752 bit/s, bytes received: 299468 B, packets received: 248
[client] second 13.539283: 94803753.958294 bit/s, bytes received: 1185771 B, packets received: 976
[client] second 13.639448: 94608275.115206 bit/s, bytes received: 1184556 B, packets received: 976
[client] second 13.739552: 94862901.473117 bit/s, bytes received: 1187022 B, packets received: 979
[client] second 13.839573: 94843346.018120 bit/s, bytes received: 1185783 B, packets received: 976
[client] second 13.939715: 94727468.638626 bit/s, bytes received: 1185783 B, packets received: 977
[client] second 14.040667: 4901741.693309 bit/s, bytes received: 61855 B, packets received: 67
[client] second 14.140704: 88899902.610864 bit/s, bytes received: 1111658 B, packets received: 917
[client] second 14.240945: 36904883.528790 bit/s, bytes received: 462421 B, packets received: 382
[client] second 14.341169: 0.000000 bit/s, bytes received: 0 B, packets received: 0
[client] second 14.441381: 0.000000 bit/s, bytes received: 0 B, packets received: 0
[client] second 14.541432: 78014950.526724 bit/s, bytes received: 975690 B, packets received: 805
[client] second 14.641445: 94850765.632650 bit/s, bytes received: 1185783 B, packets received: 976
[client] second 14.741508: 94703959.184973 bit/s, bytes received: 1184547 B, packets received: 976
[client] second 14.841550: 94823302.843947 bit/s, bytes received: 1185792 B, packets received: 977
[client] second 14.941701: 94719366.538979 bit/s, bytes received: 1185783 B, packets received: 977
[client] second 15.042773: 45325999.227003 bit/s, bytes received: 572646 B, packets received: 483
[client] second 15.142855: 48225478.283184 bit/s, bytes received: 603312 B, packets received: 503
[client] second 15.243005: 77545321.565765 bit/s, bytes received: 970770 B, packets received: 801
[client] second 15.343124: 0.000000 bit/s, bytes received: 0 B, packets received: 0
[client] second 15.443293: 0.000000 bit/s, bytes received: 0 B, packets received: 0
[client] second 15.543327: 37080890.248781 bit/s, bytes received: 463669 B, packets received: 382
[client] second 15.643366: 94726865.780316 bit/s, bytes received: 1184547 B, packets received: 976
[client] second 15.743377: 94754231.382334 bit/s, bytes received: 1184556 B, packets received: 977
[client] second 15.843525: 94763525.144949 bit/s, bytes received: 1186297 B, packets received: 977
[client] second 15.943595: 94796028.726534 bit/s, bytes received: 1185783 B, packets received: 977
[client] second 16.044002: 86479218.312278 bit/s, bytes received: 1085386 B, packets received: 899
[client] second 16.144091: 6611263.610469 bit/s, bytes received: 82714 B, packets received: 81
[client] second 16.244130: 94767399.493500 bit/s, bytes received: 1185061 B, packets received: 977
[client] second 16.344855: 24328286.480908 bit/s, bytes received: 306307 B, packets received: 252
[client] second 16.445052: 0.000000 bit/s, bytes received: 0 B, packets received: 0
[client] second 16.545279: 0.000000 bit/s, bytes received: 0 B, packets received: 0
[client] second 16.645339: 90980022.498375 bit/s, bytes received: 1137939 B, packets received: 938
[client] second 16.745373: 94732945.297169 bit/s, bytes received: 1184556 B, packets received: 976
[client] second 16.845389: 94748574.556789 bit/s, bytes received: 1184556 B, packets received: 977
[client] second 16.945490: 94767688.462222 bit/s, bytes received: 1185783 B, packets received: 977
[client] second 17.045584: 94773086.067782 bit/s, bytes received: 1185783 B, packets received: 976
[client] second 17.146402: 32662504.307639 bit/s, bytes received: 411621 B, packets received: 352
[client] second 17.246435: 60833169.462291 bit/s, bytes received: 760665 B, packets received: 632
[client] second 17.347298: 64516803.856032 bit/s, bytes received: 813417 B, packets received: 670
[client] second 17.447501: 0.000000 bit/s, bytes received: 0 B, packets received: 0
[client] second 17.547708: 0.000000 bit/s, bytes received: 0 B, packets received: 0
[client] second 17.647731: 50454715.919886 bit/s, bytes received: 630829 B, packets received: 521
[client] second 17.747795: 94800824.660539 bit/s, bytes received: 1185774 B, packets received: 976
[client] second 17.847846: 94815315.183490 bit/s, bytes received: 1185792 B, packets received: 977
[client] second 17.947945: 94670641.513425 bit/s, bytes received: 1184556 B, packets received: 977
[client] second 18.047963: 94747615.871851 bit/s, bytes received: 1184556 B, packets received: 976
[client] second 18.148765: 72914089.612853 bit/s, bytes received: 918731 B, packets received: 763
[client] second 18.248780: 20379365.738214 bit/s, bytes received: 254782 B, packets received: 220
[client] second 18.348860: 94787298.315934 bit/s, bytes received: 1185783 B, packets received: 977
[client] second 18.449412: 10622755.743748 bit/s, bytes received: 133517 B, packets received: 111
[client] second 18.549610: 0.000000 bit/s, bytes received: 0 B, packets received: 0
[client] second 18.649632: 9404606.126681 bit/s, bytes received: 117584 B, packets received: 98
[client] second 18.749655: 94841616.458880 bit/s, bytes received: 1185783 B, packets received: 976
[client] second 18.849736: 94687764.919740 bit/s, bytes received: 1184556 B, packets received: 977
[client] second 18.949749: 94849524.115693 bit/s, bytes received: 1185774 B, packets received: 976
[client] second 19.049846: 94672857.041970 bit/s, bytes received: 1184565 B, packets received: 976
[client] second 19.149946: 94767802.069757 bit/s, bytes received: 1185783 B, packets received: 977
[client] second 19.250124: 19660524.873876 bit/s, bytes received: 246193 B, packets received: 217
[client] second 19.350174: 73461373.925417 bit/s, bytes received: 918731 B, packets received: 761
[client] second 19.450194: 52417889.438114 bit/s, bytes received: 655351 B, packets received: 540
[client] second 19.550852: 0.000000 bit/s, bytes received: 0 B, packets received: 0
[client] second 19.651063: 0.000000 bit/s, bytes received: 0 B, packets received: 0
[client] second 19.751163: 62754306.704247 bit/s, bytes received: 785214 B, packets received: 647
[client] second 19.851210: 94719455.921687 bit/s, bytes received: 1184547 B, packets received: 977
[client] second 19.951378: 94801474.745513 bit/s, bytes received: 1187010 B, packets received: 977
[client] second 20.051429: 94716798.768661 bit/s, bytes received: 1184565 B, packets received: 977
[client] second 20.151466: 94770465.053321 bit/s, bytes received: 1185061 B, packets received: 976
[client] second 20.252388: 60548618.483780 bit/s, bytes received: 763841 B, packets received: 638
[client] second 20.352460: 32807802.911197 bit/s, bytes received: 410394 B, packets received: 347
[client] second 20.452732: 92842806.520102 bit/s, bytes received: 1163688 B, packets received: 959
[client] second 20.552923: 0.000000 bit/s, bytes received: 0 B, packets received: 0
[client] second 20.653119: 0.000000 bit/s, bytes received: 0 B, packets received: 0
[client] second 20.753134: 21852434.257940 bit/s, bytes received: 273196 B, packets received: 226
[client] second 20.853196: 94803698.644479 bit/s, bytes received: 1185783 B, packets received: 976
[client] second 20.953285: 94720405.500762 bit/s, bytes received: 1185061 B, packets received: 978
[client] second 21.053317: 94832743.977461 bit/s, bytes received: 1185783 B, packets received: 976
[client] second 21.153360: 94723060.447358 bit/s, bytes received: 1184556 B, packets received: 976
[client] second 21.253387: 94739416.687315 bit/s, bytes received: 1184556 B, packets received: 977
[client] second 21.353772: 7276244.576231 bit/s, bytes received: 91303 B, packets received: 90
[client] second 21.453831: 86035302.837450 bit/s, bytes received: 1076075 B, packets received: 889
[client] second 21.554046: 39754835.852355 bit/s, bytes received: 498007 B, packets received: 410
[client] second 21.654170: 0.000000 bit/s, bytes received: 0 B, packets received: 0
[client] second 21.754394: 0.000000 bit/s, bytes received: 0 B, packets received: 0
[client] second 21.854448: 74873470.470926 bit/s, bytes received: 936423 B, packets received: 773
[client] second 21.954551: 94764890.962621 bit/s, bytes received: 1185783 B, packets received: 977
[client] second 22.054564: 94751840.104530 bit/s, bytes received: 1184556 B, packets received: 976
[client] second 22.154580: 94847811.493151 bit/s, bytes received: 1185783 B, packets received: 976
[client] second 22.254617: 94729027.661398 bit/s, bytes received: 1184556 B, packets received: 976
[client] second 22.355007: 48860272.525811 bit/s, bytes received: 613137 B, packets received: 516
[client] second 22.455073: 44310066.373240 bit/s, bytes received: 554241 B, packets received: 463
[client] second 22.556058: 80791890.303315 bit/s, bytes received: 1019841 B, packets received: 841
[client] second 22.657092: 0.000000 bit/s, bytes received: 0 B, packets received: 0
[client] second 22.757206: 0.000000 bit/s, bytes received: 0 B, packets received: 0
[client] second 22.857278: 34810755.021824 bit/s, bytes received: 435448 B, packets received: 359
[client] second 22.957293: 94750720.300398 bit/s, bytes received: 1184556 B, packets received: 977
[client] second 23.057314: 94744370.507360 bit/s, bytes received: 1184556 B, packets received: 976
[client] second 23.157397: 94784528.070417 bit/s, bytes received: 1185783 B, packets received: 977
[client] second 23.257411: 94848628.012184 bit/s, bytes received: 1185783 B, packets received: 976
[client] second 23.358155: 88471020.484283 bit/s, bytes received: 1114112 B, packets received: 923
[client] second 23.458173: 4554914.607849 bit/s, bytes received: 56947 B, packets received: 59
[client] second 23.558200: 94739227.258974 bit/s, bytes received: 1184556 B, packets received: 976
[client] second 23.658599: 26500681.393787 bit/s, bytes received: 332579 B, packets received: 275
[client] second 23.758813: 0.000000 bit/s, bytes received: 0 B, packets received: 0
[client] second 23.859021: 0.000000 bit/s, bytes received: 0 B, packets received: 0
[client] second 23.959054: 88512497.790080 bit/s, bytes received: 1106759 B, packets received: 912
[client] second 24.059070: 94748140.768994 bit/s, bytes received: 1184547 B, packets received: 976
[client] second 24.159160: 94680674.774402 bit/s, bytes received: 1184565 B, packets received: 977
[client] second 24.259177: 94747541.034614 bit/s, bytes received: 1184556 B, packets received: 976
[client] second 24.359511: 91905314.890873 bit/s, bytes received: 1152654 B, packets received: 949
[client] second 24.459733: 38088041.493285 bit/s, bytes received: 477157 B, packets received: 403
[client] second 24.559797: 57928385.528913 bit/s, bytes received: 724568 B, packets received: 602
[client] second 24.660878: 67234613.692363 bit/s, bytes received: 849514 B, packets received: 701
[client] second 24.761134: 0.000000 bit/s, bytes received: 0 B, packets received: 0
[client] second 24.861339: 0.000000 bit/s, bytes received: 0 B, packets received: 0
[client] second 24.962235: 2862133.175084 bit/s, bytes received: 36097 B, packets received: 30
[client] second 25.062329: 59382084.972777 bit/s, bytes received: 742973 B, packets received: 613
[client] second 25.162397: 94797918.617023 bit/s, bytes received: 1185783 B, packets received: 976
[client] second 25.262432: 94732317.465285 bit/s, bytes received: 1184565 B, packets received: 976
[client] second 25.362445: 94849635.166522 bit/s, bytes received: 1185783 B, packets received: 977
[client] second 25.462536: 94679036.903147 bit/s, bytes received: 1184556 B, packets received: 977
[client] second 25.563371: 61224560.228063 bit/s, bytes received: 771699 B, packets received: 644
[client] second 25.663394: 32136979.892713 bit/s, bytes received: 401805 B, packets received: 340
[client] second 25.764319: 92826060.376307 bit/s, bytes received: 1171059 B, packets received: 965
[client] second 25.864829: 0.000000 bit/s, bytes received: 0 B, packets received: 0
[client] second 25.965030: 0.000000 bit/s, bytes received: 0 B, packets received: 0
[client] second 26.065054: 21948583.314296 bit/s, bytes received: 274423 B, packets received: 227
[client] second 26.165086: 94831720.838499 bit/s, bytes received: 1185774 B, packets received: 976
[client] second 26.265098: 94695994.095194 bit/s, bytes received: 1183843 B, packets received: 976
[client] second 26.365127: 94737424.886201 bit/s, bytes received: 1184556 B, packets received: 977
[client] second 26.465208: 94785619.101630 bit/s, bytes received: 1185783 B, packets received: 977
[client] second 26.565267: 94806669.934338 bit/s, bytes received: 1185783 B, packets received: 976
[client] second 26.665654: 7275350.932492 bit/s, bytes received: 91294 B, packets received: 91
[client] second 26.765730: 86119448.165673 bit/s, bytes received: 1077311 B, packets received: 889
[client] second 26.866202: 39459015.701947 bit/s, bytes received: 495562 B, packets received: 409
[client] second 26.966433: 0.000000 bit/s, bytes received: 0 B, packets received: 0
[client] second 27.066623: 0.000000 bit/s, bytes received: 0 B, packets received: 0
[client] second 27.166658: 75279336.952730 bit/s, bytes received: 941322 B, packets received: 777
[client] second 27.266703: 94820606.973135 bit/s, bytes received: 1185783 B, packets received: 976
[client] second 27.366765: 94705875.057456 bit/s, bytes received: 1184556 B, packets received: 977
[client] second 27.466843: 94788560.843929 bit/s, bytes received: 1185783 B, packets received: 976
[client] second 27.566871: 94737338.699836 bit/s, bytes received: 1184556 B, packets received: 976
[client] second 27.667188: 48602501.443128 bit/s, bytes received: 609456 B, packets received: 513
[client] second 27.767207: 44527264.496086 bit/s, bytes received: 556695 B, packets received: 466
[client] second 27.868185: 80602306.729802 bit/s, bytes received: 1017387 B, packets received: 838
[client] second 27.968374: 0.000000 bit/s, bytes received: 0 B, packets received: 0
[client] second 28.068567: 0.000000 bit/s, bytes received: 0 B, packets received: 0
[client] second 28.168586: 34044002.784624 bit/s, bytes received: 425632 B, packets received: 351
[client] second 28.268601: 94847925.292870 bit/s, bytes received: 1185783 B, packets received: 977
[client] second 28.368661: 94708047.262958 bit/s, bytes received: 1184556 B, packets received: 976
[client] second 28.468702: 94823997.324610 bit/s, bytes received: 1185783 B, packets received: 977
[client] second 28.568725: 94742482.690369 bit/s, bytes received: 1184556 B, packets received: 976
[client] second 28.669344: 89361341.719288 bit/s, bytes received: 1123928 B, packets received: 931
[client] second 28.769401: 3670211.720282 bit/s, bytes received: 45904 B, packets received: 51
[client] second 28.869481: 94786577.562969 bit/s, bytes received: 1185783 B, packets received: 976
[client] second 28.969664: 27341688.021933 bit/s, bytes received: 342395 B, packets received: 283
[client] second 29.069901: 0.000000 bit/s, bytes received: 0 B, packets received: 0
[client] second 29.170091: 0.000000 bit/s, bytes received: 0 B, packets received: 0
[client] second 29.270174: 87486864.598528 bit/s, bytes received: 1094489 B, packets received: 903
[client] second 29.370277: 94763687.961060 bit/s, bytes received: 1185774 B, packets received: 977
[client] second 29.470350: 94794196.258526 bit/s, bytes received: 1185792 B, packets received: 976
[client] second 29.570391: 94726001.350991 bit/s, bytes received: 1184556 B, packets received: 976
[client] second 29.670490: 94768438.276984 bit/s, bytes received: 1185783 B, packets received: 978
[client] second 29.770946: 36142610.304832 bit/s, bytes received: 453844 B, packets received: 385
[client] second 29.871004: 57147258.608801 bit/s, bytes received: 714752 B, packets received: 595
[client] second 29.971783: 68215015.263351 bit/s, bytes received: 859330 B, packets received: 708
[client] second 30.071991: 0.000000 bit/s, bytes received: 0 B, packets received: 0
[client] second 30.172219: 0.000000 bit/s, bytes received: 0 B, packets received: 0
[client] second 30.272269: 46574472.406145 bit/s, bytes received: 582471 B, packets received: 480
[client] second 30.372433: 94805467.877266 bit/s, bytes received: 1187010 B, packets received: 978
[client] second 30.472484: 94715804.600858 bit/s, bytes received: 1184556 B, packets received: 977
[client] second 30.572519: 94828973.817715 bit/s, bytes received: 1185783 B, packets received: 976
[client] second 30.672590: 94697919.673199 bit/s, bytes received: 1184556 B, packets received: 977
[client] second 30.773107: 76871189.262450 bit/s, bytes received: 965862 B, packets received: 802
[client] second 30.873141: 16311430.840299 bit/s, bytes received: 203961 B, packets received: 178
[client] second 30.973181: 94726949.257890 bit/s, bytes received: 1184565 B, packets received: 976
[client] second 31.074104: 14708675.242744 bit/s, bytes received: 185556 B, packets received: 154
[client] second 31.174327: 0.000000 bit/s, bytes received: 0 B, packets received: 0
[client] second 31.274395: 5926726.512409 bit/s, bytes received: 74134 B, packets received: 61
[client] second 31.374417: 94743715.967209 bit/s, bytes received: 1184556 B, packets received: 976
[client] second 31.474484: 94838936.466064 bit/s, bytes received: 1186288 B, packets received: 978
[client] second 31.574503: 94747038.017771 bit/s, bytes received: 1184556 B, packets received: 976
[client] second 31.674589: 94682393.205563 bit/s, bytes received: 1184556 B, packets received: 976
[client] second 31.774616: 94837560.207203 bit/s, bytes received: 1185783 B, packets received: 977
[client] second 31.874837: 23177927.873971 bit/s, bytes received: 290365 B, packets received: 253
[client] second 31.974911: 69913128.306098 bit/s, bytes received: 874559 B, packets received: 724
[client] second 32.075341: 55721842.125437 bit/s, bytes received: 699523 B, packets received: 577
[client] second 32.175575: 0.000000 bit/s, bytes received: 0 B, packets received: 0
[client] second 32.275808: 0.000000 bit/s, bytes received: 0 B, packets received: 0
[client] second 32.375841: 58928504.415573 bit/s, bytes received: 736856 B, packets received: 607
[client] second 32.475914: 94735939.709314 bit/s, bytes received: 1185061 B, packets received: 978
[client] second 32.575991: 94788743.090334 bit/s, bytes received: 1185774 B, packets received: 976
[client] second 32.676031: 94727878.163282 bit/s, bytes received: 1184565 B, packets received: 977
[client] second 32.776123: 94775022.387303 bit/s, bytes received: 1185783 B, packets received: 977
[client] second 32.876137: 64966889.602345 bit/s, bytes received: 812199 B, packets received: 676
[client] second 32.976164: 28014280.307999 bit/s, bytes received: 350271 B, packets received: 298
[client] second 33.076226: 94803043.962474 bit/s, bytes received: 1185783 B, packets received: 977
[client] second 33.176719: 3027343.863698 bit/s, bytes received: 38028 B, packets received: 32
[client] second 33.276912: 0.000000 bit/s, bytes received: 0 B, packets received: 0
[client] second 33.376969: 17134305.238753 bit/s, bytes received: 214300 B, packets received: 177
[client] second 33.476984: 94749629.890507 bit/s, bytes received: 1184556 B, packets received: 977
[client] second 33.577004: 94844191.856242 bit/s, bytes received: 1185783 B, packets received: 976
[client] second 33.677085: 94785571.747324 bit/s, bytes received: 1185783 B, packets received: 977
[client] second 33.777166: 94492163.732397 bit/s, bytes received: 1182102 B, packets received: 974
[client] second 33.877197: 95028670.561545 bit/s, bytes received: 1188237 B, packets received: 979
[client] second 33.977410: 11932741.351682 bit/s, bytes received: 149477 B, packets received: 138
[client] second 34.077423: 81225462.235898 bit/s, bytes received: 1015447 B, packets received: 839
[client] second 34.177872: 44490972.356937 bit/s, bytes received: 558635 B, packets received: 461
[client] second 34.278101: 0.000000 bit/s, bytes received: 0 B, packets received: 0
[client] second 34.378332: 0.000000 bit/s, bytes received: 0 B, packets received: 0
[client] second 34.478351: 70540700.995867 bit/s, bytes received: 881930 B, packets received: 727
[client] second 34.578417: 94702072.281387 bit/s, bytes received: 1184556 B, packets received: 976
[client] second 34.678432: 94749838.307486 bit/s, bytes received: 1184556 B, packets received: 977
[client] second 34.778452: 94844429.869465 bit/s, bytes received: 1185783 B, packets received: 976
[client] second 34.878532: 94688771.592673 bit/s, bytes received: 1184556 B, packets received: 977
[client] second 34.979454: 53019352.554751 bit/s, bytes received: 668857 B, packets received: 560
[client] second 35.079488: 40358075.787243 bit/s, bytes received: 504647 B, packets received: 424
[client] second 35.180397: 84784214.082886 bit/s, bytes received: 1069435 B, packets received: 881
[client] second 35.281316: 0.000000 bit/s, bytes received: 0 B, packets received: 0
[client] second 35.381544: 0.000000 bit/s, bytes received: 0 B, packets received: 0
[client] second 35.481571: 30664267.088134 bit/s, bytes received: 383409 B, packets received: 317
[client] second 35.581637: 94799971.062910 bit/s, bytes received: 1185774 B, packets received: 976
[client] second 35.681683: 94720565.651353 bit/s, bytes received: 1184556 B, packets received: 977
[client] second 35.781697: 94751801.147800 bit/s, bytes received: 1184565 B, packets received: 976
[client] second 35.881781: 94783286.484722 bit/s, bytes received: 1185783 B, packets received: 976
[client] second 35.981844: 45978049.914547 bit/s, bytes received: 575091 B, packets received: 474
[client] second 36.082128: 47151400.201578 bit/s, bytes received: 591060 B, packets received: 499
[client] second 36.182209: 94883871.003906 bit/s, bytes received: 1187010 B, packets received: 978
[client] second 36.282240: 30956014.118075 bit/s, bytes received: 387072 B, packets received: 320
[client] second 36.382427: 0.000000 bit/s, bytes received: 0 B, packets received: 0
[client] second 36.482467: 65186926.049618 bit/s, bytes received: 815167 B, packets received: 672
[client] second 36.582511: 94723014.053368 bit/s, bytes received: 1184556 B, packets received: 977
[client] second 36.682565: 94810554.485896 bit/s, bytes received: 1185774 B, packets received: 976
[client] second 36.782594: 94738060.387841 bit/s, bytes received: 1184565 B, packets received: 980
[client] second 36.883160: 75619371.152074 bit/s, bytes received: 950591 B, packets received: 785
[client] second 36.983269: 17716257.390181 bit/s, bytes received: 221695 B, packets received: 189
[client] second 37.083455: 94686821.721954 bit/s, bytes received: 1185783 B, packets received: 977
[client] second 37.184225: 13133104.979170 bit/s, bytes received: 165428 B, packets received: 144
[client] second 37.284606: 0.000000 bit/s, bytes received: 0 B, packets received: 0
[client] second 37.384721: 6355746.145723 bit/s, bytes received: 79538 B, packets received: 67
[client] second 37.484743: 94841265.623966 bit/s, bytes received: 1185783 B, packets received: 976
[client] second 37.584792: 94718157.138070 bit/s, bytes received: 1184556 B, packets received: 976
[client] second 37.684851: 94708767.567478 bit/s, bytes received: 1184556 B, packets received: 977
[client] second 37.784941: 94777905.708959 bit/s, bytes received: 1185783 B, packets received: 977
[client] second 37.884995: 94811522.367715 bit/s, bytes received: 1185783 B, packets received: 976
[client] second 37.985494: 22722959.517875 bit/s, bytes received: 285457 B, packets received: 249
[client] second 38.085577: 70692033.239664 bit/s, bytes received: 884375 B, packets received: 733
[client] second 38.185690: 55016583.749584 bit/s, bytes received: 688489 B, packets received: 567
[client] second 38.285728: 0.000000 bit/s, bytes received: 0 B, packets received: 0
[client] second 38.385911: 0.000000 bit/s, bytes received: 0 B, packets received: 0
[client] second 38.485975: 59244904.550496 bit/s, bytes received: 741033 B, packets received: 612
[client] second 38.586070: 94772385.414198 bit/s, bytes received: 1185783 B, packets received: 976
[client] second 38.686085: 94749773.038504 bit/s, bytes received: 1184547 B, packets received: 976
[client] second 38.786159: 94793267.014571 bit/s, bytes received: 1185792 B, packets received: 977
[client] second 38.886185: 94739540.763289 bit/s, bytes received: 1184556 B, packets received: 976
[client] second 38.986863: 64343362.937654 bit/s, bytes received: 809745 B, packets received: 675
[client] second 39.086921: 28887745.636885 bit/s, bytes received: 361305 B, packets received: 307
[client] second 39.186933: 94754079.661211 bit/s, bytes received: 1184565 B, packets received: 977
[client] second 39.287575: 2242567.315100 bit/s, bytes received: 28212 B, packets received: 23
[client] second 39.387806: 0.000000 bit/s, bytes received: 0 B, packets received: 0
[client] second 39.487847: 18118133.336071 bit/s, bytes received: 226570 B, packets received: 187
[client] second 39.587939: 94775166.603498 bit/s, bytes received: 1185774 B, packets received: 977
[client] second 39.687966: 94837380.063820 bit/s, bytes received: 1185783 B, packets received: 977
[client] second 39.788065: 94670414.529419 bit/s, bytes received: 1184556 B, packets received: 977
[client] second 39.888087: 94842641.624937 bit/s, bytes received: 1185792 B, packets received: 976
[client] second 39.988159: 94695674.123182 bit/s, bytes received: 1184556 B, packets received: 977
[client] second 40.088245: 10967192.372635 bit/s, bytes received: 137207 B, packets received: 127
[client] total: bytes received: 271379163 B, packets received: 224269
