Bandwidth: 100 Mbit/s
RTT: 500 ms
BDP: 6250000 B/s
Max In-Flight Packets: 4882
[server] starting server with pid 160630, port 18080, cc cubic, iw 32
[server][session 0] open
[client] connection establishment time: 1.005344 s
[server][session 0][stream 0] open
[client] time to first byte: 1.506466 s
[client] second 1.000880: 955351.916069 bit/s, bytes received: 119524 B, packets received: 106
[client] second 2.001511: 3828694.818614 bit/s, bytes received: 478889 B, packets received: 395
[client] second 3.002131: 10298595.062589 bit/s, bytes received: 1288122 B, packets received: 1069
[client] second 4.002740: 22642669.399384 bit/s, bytes received: 2832057 B, packets received: 2348
[client] second 5.002801: 65164763.103989 bit/s, bytes received: 8146096 B, packets received: 6731
[client] second 6.002834: 71173191.498533 bit/s, bytes received: 8896945 B, packets received: 7356
[client] second 7.002863: 58596666.762974 bit/s, bytes received: 7324796 B, packets received: 6054
[client] second 8.002901: 58502184.186766 bit/s, bytes received: 7313045 B, packets received: 6051
[client] second 9.002941: 61020983.442253 bit/s, bytes received: 7627934 B, packets received: 6294
[client] second 10.003034: 57925649.124423 bit/s, bytes received: 7241376 B, packets received: 5983
[client] second 11.003081: 58517160.381269 bit/s, bytes received: 7314987 B, packets received: 6046
[client] second 12.004080: 47182096.351787 bit/s, bytes received: 5903653 B, packets received: 4881
[client] second 13.004945: 62860192.345361 bit/s, bytes received: 7864320 B, packets received: 6498
[client] second 14.005122: 62903416.408170 bit/s, bytes received: 7864320 B, packets received: 6498
[client] second 15.006018: 62858238.892236 bit/s, bytes received: 7864320 B, packets received: 6498
[client] second 16.006572: 62879707.601588 bit/s, bytes received: 7864320 B, packets received: 6498
[client] second 17.007485: 62857180.194488 bit/s, bytes received: 7864320 B, packets received: 6498
[client] second 18.007513: 61982010.318472 bit/s, bytes received: 7747972 B, packets received: 6398
[client] second 19.007542: 57518769.975578 bit/s, bytes received: 7190050 B, packets received: 5936
[client] second 20.007567: 63093703.275455 bit/s, bytes received: 7886911 B, packets received: 6511
[client] second 21.007653: 58617058.801669 bit/s, bytes received: 7327762 B, packets received: 6051
[client] second 22.007673: 63158620.848590 bit/s, bytes received: 7894986 B, packets received: 6518
[client] second 23.007771: 58577150.962273 bit/s, bytes received: 7322863 B, packets received: 6049
[client] second 24.007804: 63226556.123299 bit/s, bytes received: 7903584 B, packets received: 6525
[client] second 25.007941: 58614063.997582 bit/s, bytes received: 7327762 B, packets received: 6050
[client] second 26.007970: 63103283.975084 bit/s, bytes received: 7888138 B, packets received: 6514
[client] second 27.008056: 58642457.699230 bit/s, bytes received: 7330938 B, packets received: 6054
[client] second 28.008331: 62950387.402680 bit/s, bytes received: 7870960 B, packets received: 6497
[client] second 29.008392: 60309047.094619 bit/s, bytes received: 7539094 B, packets received: 6224
[client] second 30.008621: 60999768.751919 bit/s, bytes received: 7626716 B, packets received: 6298
[client] second 31.008659: 60717007.481707 bit/s, bytes received: 7589906 B, packets received: 6266
[client] second 32.009555: 60552919.301244 bit/s, bytes received: 7575904 B, packets received: 6257
[client] second 33.009634: 61209263.669465 bit/s, bytes received: 7651761 B, packets received: 6319
[client] second 34.009686: 57786463.058869 bit/s, bytes received: 7223684 B, packets received: 5953
[client] second 35.009997: 52632406.952759 bit/s, bytes received: 6581099 B, packets received: 5440
[client] second 36.010742: 62867729.765230 bit/s, bytes received: 7864320 B, packets received: 6493
[client] second 37.011095: 58391350.829192 bit/s, bytes received: 7301490 B, packets received: 6029
[client] second 38.011504: 62898526.548459 bit/s, bytes received: 7865538 B, packets received: 6495
[client] second 39.011597: 58400792.785580 bit/s, bytes received: 7300777 B, packets received: 6029
[client] second 40.012141: 62880373.575777 bit/s, bytes received: 7864320 B, packets received: 6493
[client] total: bytes received: 277485559 B, packets received: 229203
