Bandwidth: 100 Mbit/s
RTT: 500 ms
BDP: 6250000 B/s
Max In-Flight Packets: 4882
[server] starting server with pid 161558, port 18080, cc cubic, iw 32
[server][session 0] open
[client] connection establishment time: 1.006119 s
[server][session 0][stream 0] open
[client] time to first byte: 1.507028 s
[client] second 1.000707: 955516.569225 bit/s, bytes received: 119524 B, packets received: 107
[client] second 2.001342: 3818870.929126 bit/s, bytes received: 477662 B, packets received: 394
[client] second 3.001633: 10262715.656060 bit/s, bytes received: 1283212 B, packets received: 1065
[client] second 4.002042: 22672612.569612 bit/s, bytes received: 2835235 B, packets received: 2350
[client] second 5.002093: 65041832.849355 bit/s, bytes received: 8130650 B, packets received: 6720
[client] second 6.002189: 57465850.227978 bit/s, bytes received: 7183915 B, packets received: 5944
[client] second 7.002218: 58512378.554589 bit/s, bytes received: 7314265 B, packets received: 6048
[client] second 8.002299: 58524962.640757 bit/s, bytes received: 7316214 B, packets received: 6047
[client] second 9.002394: 58498705.364664 bit/s, bytes received: 7313031 B, packets received: 6047
[client] second 10.002423: 45929931.756399 bit/s, bytes received: 5741408 B, packets received: 4749
[client] second 11.002501: 57457041.311601 bit/s, bytes received: 7182688 B, packets received: 5935
[client] second 12.002559: 58756135.411576 bit/s, bytes received: 7344940 B, packets received: 6072
[client] second 13.002666: 71898267.877891 bit/s, bytes received: 8988248 B, packets received: 7414
[client] second 14.002729: 58598788.215213 bit/s, bytes received: 7325308 B, packets received: 6064
[client] second 15.002752: 58601104.747375 bit/s, bytes received: 7325308 B, packets received: 6053
[client] second 16.003217: 59505560.003425 bit/s, bytes received: 7441656 B, packets received: 6150
[client] second 17.003715: 62883255.834880 bit/s, bytes received: 7864320 B, packets received: 6498
[client] second 18.004729: 62850798.493436 bit/s, bytes received: 7864320 B, packets received: 6498
[client] second 19.005130: 62889371.926092 bit/s, bytes received: 7864320 B, packets received: 6498
[client] second 20.005796: 62872649.783254 bit/s, bytes received: 7864320 B, packets received: 6498
[client] second 21.005868: 62910077.845684 bit/s, bytes received: 7864320 B, packets received: 6498
[client] second 22.006484: 62875780.230779 bit/s, bytes received: 7864320 B, packets received: 6498
[client] second 23.006585: 57108136.192461 bit/s, bytes received: 7139238 B, packets received: 5889
[client] second 24.007446: 68656120.793276 bit/s, bytes received: 8589402 B, packets received: 7097
[client] second 25.007559: 62609016.958741 bit/s, bytes received: 7827005 B, packets received: 6465
[client] second 26.007815: 58607047.644198 bit/s, bytes received: 7327762 B, packets received: 6066
[client] second 27.007997: 58680151.273768 bit/s, bytes received: 7336351 B, packets received: 6064
[client] second 28.008049: 51862555.555428 bit/s, bytes received: 6483156 B, packets received: 5360
[client] second 29.008103: 58605054.698067 bit/s, bytes received: 7326030 B, packets received: 6053
[client] second 30.008330: 61905077.052401 bit/s, bytes received: 7739888 B, packets received: 6396
[client] second 31.009253: 62856522.498512 bit/s, bytes received: 7864320 B, packets received: 6498
[client] second 32.009528: 62897268.094364 bit/s, bytes received: 7864320 B, packets received: 6498
[client] second 33.010049: 62881787.898601 bit/s, bytes received: 7864320 B, packets received: 6498
[client] second 34.010183: 62906117.936067 bit/s, bytes received: 7864320 B, packets received: 6498
[client] second 35.010873: 62871181.336854 bit/s, bytes received: 7864320 B, packets received: 6498
[client] second 36.010918: 60535797.220913 bit/s, bytes received: 7567315 B, packets received: 6252
[client] second 37.010959: 58590275.093859 bit/s, bytes received: 7324081 B, packets received: 6054
[client] second 38.011035: 58607819.944902 bit/s, bytes received: 7326535 B, packets received: 6054
[client] second 39.011062: 58151012.618497 bit/s, bytes received: 7269074 B, packets received: 5990
[client] second 40.011145: 70772987.653367 bit/s, bytes received: 8847360 B, packets received: 7315
[client] total: bytes received: 277935208 B, packets received: 229692
