Bandwidth: 100 Mbit/s
RTT: 500 ms
BDP: 6250000 B/s
Max In-Flight Packets: 4882
[server] starting server with pid 1102987, port 18080, cc cubic, iw 32
[server][session 0] open
[client] connection establishment time: 1.004532 s
[server][session 0][stream 0] open
[client] time to first byte: 1.505600 s
[client] second 0.100798: 1657912.390156 bit/s, bytes received: 20889 B, packets received: 26
[client] second 0.201702: 778237.611121 bit/s, bytes received: 9816 B, packets received: 8
[client] second 0.302412: 682280.414450 bit/s, bytes received: 8589 B, packets received: 7
[client] second 0.403078: 0.000000 bit/s, bytes received: 0 B, packets received: 0
[client] second 0.503420: 978258.532981 bit/s, bytes received: 12270 B, packets received: 10
[client] second 0.604135: 1072100.751417 bit/s, bytes received: 13497 B, packets received: 11
[client] second 0.704316: 1311710.133302 bit/s, bytes received: 16426 B, packets received: 14
[client] second 0.805421: 1553377.117080 bit/s, bytes received: 19632 B, packets received: 16
[client] second 0.905789: 1467005.658822 bit/s, bytes received: 18405 B, packets received: 15
[client] second 1.006322: 1016583.804145 bit/s, bytes received: 12775 B, packets received: 11
[client] second 1.106668: 1956420.786768 bit/s, bytes received: 24540 B, packets received: 20
[client] second 1.206813: 2254418.082476 bit/s, bytes received: 28221 B, packets received: 23
[client] second 1.307641: 2668135.802265 bit/s, bytes received: 33628 B, packets received: 28
[client] second 1.408311: 3120249.276638 bit/s, bytes received: 39264 B, packets received: 32
[client] second 1.509022: 2964106.823026 bit/s, bytes received: 37315 B, packets received: 31
[client] second 1.609523: 3752166.411530 bit/s, bytes received: 47137 B, packets received: 39
[client] second 1.710584: 4216552.122219 bit/s, bytes received: 53266 B, packets received: 44
[client] second 1.811082: 4883186.252761 bit/s, bytes received: 61344 B, packets received: 50
[client] second 1.911713: 5543265.431949 bit/s, bytes received: 69728 B, packets received: 58
[client] second 2.012406: 6376617.311376 bit/s, bytes received: 80260 B, packets received: 66
[client] second 2.112876: 7270076.167272 bit/s, bytes received: 91303 B, packets received: 76
[client] second 2.212956: 8220927.802414 bit/s, bytes received: 102844 B, packets received: 85
[client] second 2.313381: 9269040.041060 bit/s, bytes received: 116355 B, packets received: 97
[client] second 2.414165: 1655185.054017 bit/s, bytes received: 20852 B, packets received: 18
[client] second 2.514375: 8799036.233307 bit/s, bytes received: 110220 B, packets received: 92
[client] second 2.615215: 7632810.796797 bit/s, bytes received: 96211 B, packets received: 80
[client] second 2.715919: 6374759.175759 bit/s, bytes received: 80246 B, packets received: 69
[client] second 2.816815: 17965021.193888 bit/s, bytes received: 226575 B, packets received: 187
[client] second 2.917362: 19157224.694809 bit/s, bytes received: 240773 B, packets received: 198
[client] second 3.017442: 18601336.794973 bit/s, bytes received: 232703 B, packets received: 193
[client] second 3.118441: 13629277.790575 bit/s, bytes received: 172068 B, packets received: 143
[client] second 3.219329: 0.000000 bit/s, bytes received: 0 B, packets received: 2
[client] second 3.319374: 18958527.242098 bit/s, bytes received: 237088 B, packets received: 195
[client] second 3.419718: 20019985.544204 bit/s, bytes received: 251112 B, packets received: 209
[client] second 3.519729: 36892474.215150 bit/s, bytes received: 461206 B, packets received: 380
[client] second 3.619757: 41538561.094702 bit/s, bytes received: 519380 B, packets received: 429
[client] second 3.720321: 42293489.250849 bit/s, bytes received: 531650 B, packets received: 437
[client] second 3.820807: 7699850.717667 bit/s, bytes received: 96716 B, packets received: 83
[client] second 3.921301: 0.000000 bit/s, bytes received: 0 B, packets received: 3
[client] second 4.021323: 41934108.873492 bit/s, bytes received: 524288 B, packets received: 435
[client] second 4.121373: 56032472.349714 bit/s, bytes received: 700759 B, packets received: 579
[client] second 4.221694: 77119941.333633 bit/s, bytes received: 967089 B, packets received: 796
[client] second 4.321723: 84253845.737123 bit/s, bytes received: 1053484 B, packets received: 868
[client] second 4.422654: 75194513.204709 bit/s, bytes received: 948684 B, packets received: 783
[client] second 4.523090: 0.000000 bit/s, bytes received: 0 B, packets received: 5
[client] second 4.623168: 20227667.678404 bit/s, bytes received: 253043 B, packets received: 214
[client] second 4.723254: 73827632.605423 bit/s, bytes received: 923636 B, packets received: 766
[client] second 4.823307: 94755063.740051 bit/s, bytes received: 1185071 B, packets received: 977
[client] second 4.923327: 94844245.906949 bit/s, bytes received: 1185783 B, packets received: 976
[client] second 5.023418: 94678456.101571 bit/s, bytes received: 1184556 B, packets received: 976
[client] second 5.124061: 82276752.266179 bit/s, bytes received: 1035079 B, packets received: 857
[client] second 5.224125: 31927614.718242 bit/s, bytes received: 399351 B, packets received: 337
[client] second 5.324255: 93759056.654521 bit/s, bytes received: 1173513 B, packets received: 976
[client] second 5.424984: 0.000000 bit/s, bytes received: 0 B, packets received: 2
[client] second 5.525212: 0.000000 bit/s, bytes received: 0 B, packets received: 0
[client] second 5.625414: 0.000000 bit/s, bytes received: 0 B, packets received: 0
[client] second 5.725482: 94798181.028828 bit/s, bytes received: 1185783 B, packets received: 978
[client] second 5.825596: 94852485.101688 bit/s, bytes received: 1187010 B, packets received: 977
[client] second 5.925697: 94668847.423710 bit/s, bytes received: 1184556 B, packets received: 977
[client] second 6.025728: 94832244.678660 bit/s, bytes received: 1185770 B, packets received: 977
[client] second 6.125857: 94742097.466321 bit/s, bytes received: 1185796 B, packets received: 977
[client] second 6.226550: 22191820.445687 bit/s, bytes received: 279322 B, packets received: 279
[client] second 6.327313: 0.000000 bit/s, bytes received: 0 B, packets received: 3
[client] second 6.427484: 0.000000 bit/s, bytes received: 0 B, packets received: 0
[client] second 6.527668: 0.000000 bit/s, bytes received: 0 B, packets received: 0
[client] second 6.627840: 0.000000 bit/s, bytes received: 0 B, packets received: 0
[client] second 6.727880: 63674993.380833 bit/s, bytes received: 796248 B, packets received: 621
[client] second 6.828038: 94851291.328108 bit/s, bytes received: 1187515 B, packets received: 978
[client] second 6.928087: 94717357.167636 bit/s, bytes received: 1184556 B, packets received: 976
[client] second 7.028120: 94733531.502593 bit/s, bytes received: 1184556 B, packets received: 977
[client] second 7.128138: 94845908.233329 bit/s, bytes received: 1185783 B, packets received: 976
[client] second 7.228850: 59798107.374547 bit/s, bytes received: 752798 B, packets received: 628
[client] second 7.329863: 0.000000 bit/s, bytes received: 0 B, packets received: 4
[client] second 7.430036: 0.000000 bit/s, bytes received: 0 B, packets received: 0
[client] second 7.530189: 0.000000 bit/s, bytes received: 0 B, packets received: 0
[client] second 7.630366: 0.000000 bit/s, bytes received: 0 B, packets received: 0
[client] second 7.730408: 23652162.286693 bit/s, bytes received: 295778 B, packets received: 244
[client] second 7.830464: 94712130.711113 bit/s, bytes received: 1184556 B, packets received: 976
[client] second 7.930499: 94829104.635437 bit/s, bytes received: 1185783 B, packets received: 977
[client] second 8.030562: 94704648.444252 bit/s, bytes received: 1184556 B, packets received: 976
[client] second 8.130595: 94733674.503725 bit/s, bytes received: 1184556 B, packets received: 976
[client] second 8.230668: 94793245.656585 bit/s, bytes received: 1185783 B, packets received: 977
[client] second 8.331222: 5604464.931236 bit/s, bytes received: 70444 B, packets received: 75
[client] second 8.431243: 87932313.055289 bit/s, bytes received: 1099388 B, packets received: 908
[client] second 8.531435: 37805671.176053 bit/s, bytes received: 473476 B, packets received: 390
[client] second 8.631631: 0.000000 bit/s, bytes received: 0 B, packets received: 0
[client] second 8.731804: 0.000000 bit/s, bytes received: 0 B, packets received: 0
[client] second 8.831859: 78011238.645034 bit/s, bytes received: 975678 B, packets received: 804
[client] second 8.931884: 94740610.103284 bit/s, bytes received: 1184556 B, packets received: 976
[client] second 9.031912: 94835611.380864 bit/s, bytes received: 1185776 B, packets received: 977
[client] second 9.131992: 94689679.324916 bit/s, bytes received: 1184563 B, packets received: 976
[client] second 9.232097: 94762991.029153 bit/s, bytes received: 1185783 B, packets received: 978
[client] second 9.332537: 45806557.874631 bit/s, bytes received: 575100 B, packets received: 484
[client] second 9.432555: 47471246.754912 bit/s, bytes received: 593498 B, packets received: 495
[client] second 9.533496: 77715415.607669 bit/s, bytes received: 980584 B, packets received: 809
[client] second 9.634020: 0.000000 bit/s, bytes received: 0 B, packets received: 0
[client] second 9.734206: 0.000000 bit/s, bytes received: 0 B, packets received: 0
[client] second 9.834240: 37276982.423223 bit/s, bytes received: 466123 B, packets received: 384
[client] second 9.934298: 94708897.976669 bit/s, bytes received: 1184547 B, packets received: 976
[client] second 10.034340: 94765764.263334 bit/s, bytes received: 1185070 B, packets received: 977
[client] second 10.134456: 94752388.962775 bit/s, bytes received: 1185783 B, packets received: 977
[client] second 10.234492: 94730542.783048 bit/s, bytes received: 1184556 B, packets received: 976
[client] second 10.334771: 86491794.511634 bit/s, bytes received: 1084159 B, packets received: 898
[client] second 10.434795: 6615497.615365 bit/s, bytes received: 82714 B, packets received: 80
[client] second 10.534810: 94692511.388666 bit/s, bytes received: 1183834 B, packets received: 976
[client] second 10.635442: 24448350.911990 bit/s, bytes received: 307534 B, packets received: 254
[client] second 10.735792: 0.000000 bit/s, bytes received: 0 B, packets received: 0
[client] second 10.836002: 0.000000 bit/s, bytes received: 0 B, packets received: 0
[client] second 10.936020: 90822623.582514 bit/s, bytes received: 1135485 B, packets received: 936
[client] second 11.036045: 94740448.137925 bit/s, bytes received: 1184556 B, packets received: 976
[client] second 11.136077: 94734300.493892 bit/s, bytes received: 1184556 B, packets received: 976
[client] second 11.236097: 94745478.794228 bit/s, bytes received: 1184556 B, packets received: 977
[client] second 11.336833: 54968937.372502 bit/s, bytes received: 692170 B, packets received: 569
[client] second 11.437167: 72568430.526485 bit/s, bytes received: 910133 B, packets received: 757
[client] second 11.538077: 0.000000 bit/s, bytes received: 0 B, packets received: 4
[client] second 11.638305: 0.000000 bit/s, bytes received: 0 B, packets received: 0
[client] second 11.738544: 0.000000 bit/s, bytes received: 0 B, packets received: 0
[client] second 11.838581: 28110109.504589 bit/s, bytes received: 351507 B, packets received: 290
[client] second 11.938684: 94764773.575385 bit/s, bytes received: 1185783 B, packets received: 978
[client] second 12.038707: 94840778.252205 bit/s, bytes received: 1185783 B, packets received: 976
[client] second 12.138778: 94697670.793255 bit/s, bytes received: 1184556 B, packets received: 977
[client] second 12.238875: 94770882.831243 bit/s, bytes received: 1185783 B, packets received: 977
[client] second 12.339927: 22793084.894506 bit/s, bytes received: 287911 B, packets received: 240
[client] second 12.439965: 71016510.964743 bit/s, bytes received: 888047 B, packets received: 735
[client] second 12.541001: 54223769.301484 bit/s, bytes received: 684817 B, packets received: 571
[client] second 12.641212: 0.000000 bit/s, bytes received: 0 B, packets received: 0
[client] second 12.741421: 0.000000 bit/s, bytes received: 0 B, packets received: 0
[client] second 12.841517: 60892946.614172 bit/s, bytes received: 761892 B, packets received: 629
[client] second 12.941623: 94860421.547731 bit/s, bytes received: 1187010 B, packets received: 977
[client] second 13.041636: 94751316.309629 bit/s, bytes received: 1184547 B, packets received: 976
[client] second 13.141698: 94706251.041102 bit/s, bytes received: 1184565 B, packets received: 976
[client] second 13.241734: 94731179.148594 bit/s, bytes received: 1184556 B, packets received: 977
[client] second 13.342625: 62552932.240062 bit/s, bytes received: 788886 B, packets received: 657
[client] second 13.442659: 30759858.523381 bit/s, bytes received: 384627 B, packets received: 327
[client] second 13.542670: 94754391.499937 bit/s, bytes received: 1184556 B, packets received: 976
[client] second 13.643171: 389966.490165 bit/s, bytes received: 4899 B, packets received: 4
[client] second 13.744113: 0.000000 bit/s, bytes received: 0 B, packets received: 0
[client] second 13.844186: 20564634.087543 bit/s, bytes received: 257245 B, packets received: 212
[client] second 13.944198: 94750270.991912 bit/s, bytes received: 1184523 B, packets received: 977
[client] second 14.044215: 94848379.814887 bit/s, bytes received: 1185807 B, packets received: 976
[client] second 14.144248: 94675741.614950 bit/s, bytes received: 1183843 B, packets received: 977
[client] second 14.244346: 94770409.437535 bit/s, bytes received: 1185783 B, packets received: 977
[client] second 14.344446: 94767439.473328 bit/s, bytes received: 1185783 B, packets received: 977
[client] second 14.444467: 8578508.390598 bit/s, bytes received: 107254 B, packets received: 103
[client] second 14.544565: 84530885.683050 bit/s, bytes received: 1057670 B, packets received: 873
[client] second 14.645184: 40961922.688539 bit/s, bytes received: 515194 B, packets received: 425
[client] second 14.745419: 0.000000 bit/s, bytes received: 0 B, packets received: 0
[client] second 14.845649: 0.000000 bit/s, bytes received: 0 B, packets received: 0
[client] second 14.945731: 73928708.730363 bit/s, bytes received: 924866 B, packets received: 763
[client] second 15.045773: 94764550.102767 bit/s, bytes received: 1185061 B, packets received: 976
[client] second 15.145784: 94754534.564052 bit/s, bytes received: 1184556 B, packets received: 977
[client] second 15.245889: 94763238.101394 bit/s, bytes received: 1185783 B, packets received: 977
[client] second 15.345957: 94798019.981699 bit/s, bytes received: 1185783 B, packets received: 976
[client] second 15.446233: 49894542.216267 bit/s, bytes received: 625407 B, packets received: 525
[client] second 15.546308: 43227005.079050 bit/s, bytes received: 540744 B, packets received: 453
[client] second 15.647352: 81813434.621075 bit/s, bytes received: 1033338 B, packets received: 852
[client] second 15.747579: 0.000000 bit/s, bytes received: 0 B, packets received: 0
[client] second 15.847781: 0.000000 bit/s, bytes received: 0 B, packets received: 0
[client] second 15.947867: 33040363.565334 bit/s, bytes received: 413362 B, packets received: 341
[client] second 16.047979: 94756542.993941 bit/s, bytes received: 1185783 B, packets received: 978
[client] second 16.148007: 94835838.443697 bit/s, bytes received: 1185783 B, packets received: 976
[client] second 16.248090: 94686039.244509 bit/s, bytes received: 1184556 B, packets received: 977
[client] second 16.348189: 94866915.905343 bit/s, bytes received: 1187010 B, packets received: 977
[client] second 16.448725: 90215991.156518 bit/s, bytes received: 1133744 B, packets received: 939
[client] second 16.548820: 2786242.375793 bit/s, bytes received: 34861 B, packets received: 42
[client] second 16.648890: 94796007.886057 bit/s, bytes received: 1185783 B, packets received: 976
[client] second 16.749971: 27972700.977661 bit/s, bytes received: 353438 B, packets received: 292
[client] second 16.850188: 0.000000 bit/s, bytes received: 0 B, packets received: 0
[client] second 16.950412: 0.000000 bit/s, bytes received: 0 B, packets received: 0
[client] second 17.050510: 87473157.503926 bit/s, bytes received: 1094489 B, packets received: 902
[client] second 17.150579: 94698487.173746 bit/s, bytes received: 1184547 B, packets received: 976
[client] second 17.250622: 94724138.883732 bit/s, bytes received: 1184556 B, packets received: 976
[client] second 17.350640: 94846362.583361 bit/s, bytes received: 1185792 B, packets received: 977
[client] second 17.450691: 94715763.893999 bit/s, bytes received: 1184556 B, packets received: 976
[client] second 17.551172: 36329124.159635 bit/s, bytes received: 456298 B, packets received: 388
[client] second 17.651230: 56950816.499545 bit/s, bytes received: 712298 B, packets received: 592
[client] second 17.752240: 68253365.783324 bit/s, bytes received: 861784 B, packets received: 711
[client] second 17.852353: 0.000000 bit/s, bytes received: 0 B, packets received: 0
[client] second 17.952536: 0.000000 bit/s, bytes received: 0 B, packets received: 0
[client] second 18.052659: 46638391.295986 bit/s, bytes received: 583698 B, packets received: 481
[client] second 18.152681: 94743722.597816 bit/s, bytes received: 1184556 B, packets received: 976
[client] second 18.252710: 94736295.000716 bit/s, bytes received: 1184547 B, packets received: 976
[client] second 18.352750: 94768221.518069 bit/s, bytes received: 1185070 B, packets received: 977
[client] second 18.452834: 94782401.010600 bit/s, bytes received: 1185783 B, packets received: 977
[client] second 18.553505: 76811557.938869 bit/s, bytes received: 966584 B, packets received: 803
[client] second 18.653533: 16312229.220327 bit/s, bytes received: 203961 B, packets received: 178
[client] second 18.753590: 94752146.524060 bit/s, bytes received: 1185070 B, packets received: 978
[client] second 18.854245: 14707742.521555 bit/s, bytes received: 185051 B, packets received: 152
[client] second 18.955306: 0.000000 bit/s, bytes received: 0 B, packets received: 0
[client] second 19.055326: 6362531.204349 bit/s, bytes received: 79547 B, packets received: 66
[client] second 19.155355: 94736302.581523 bit/s, bytes received: 1184556 B, packets received: 977
[client] second 19.255465: 94759093.895328 bit/s, bytes received: 1185783 B, packets received: 977
[client] second 19.355479: 94849091.755734 bit/s, bytes received: 1185783 B, packets received: 976
[client] second 19.455491: 94753071.730164 bit/s, bytes received: 1184556 B, packets received: 976
[client] second 19.555571: 94688181.210462 bit/s, bytes received: 1184556 B, packets received: 977
[client] second 19.655917: 22757815.681959 bit/s, bytes received: 285457 B, packets received: 248
[client] second 19.755992: 70501441.252090 bit/s, bytes received: 881921 B, packets received: 730
[client] second 19.856108: 55308380.472860 bit/s, bytes received: 692161 B, packets received: 571
[client] second 19.957010: 0.000000 bit/s, bytes received: 0 B, packets received: 0
[client] second 20.057242: 0.000000 bit/s, bytes received: 0 B, packets received: 0
[client] second 20.157293: 60233907.011579 bit/s, bytes received: 753312 B, packets received: 621
[client] second 20.257324: 94735676.564897 bit/s, bytes received: 1184556 B, packets received: 976
[client] second 20.357337: 94849863.633833 bit/s, bytes received: 1185774 B, packets received: 977
[client] second 20.457435: 94672475.883670 bit/s, bytes received: 1184565 B, packets received: 976
[client] second 20.557495: 94805006.140667 bit/s, bytes received: 1185783 B, packets received: 977
[client] second 20.657885: 63452773.302066 bit/s, bytes received: 796248 B, packets received: 664
[client] second 20.757987: 29758334.756971 bit/s, bytes received: 372357 B, packets received: 316
[client] second 20.858077: 94678958.390465 bit/s, bytes received: 1184556 B, packets received: 977
[client] second 20.958965: 1361426.151978 bit/s, bytes received: 17169 B, packets received: 14
[client] second 21.059155: 0.000000 bit/s, bytes received: 0 B, packets received: 0
[client] second 21.159219: 19487333.419158 bit/s, bytes received: 243748 B, packets received: 201
[client] second 21.259256: 94728694.279239 bit/s, bytes received: 1184547 B, packets received: 977
[client] second 21.359266: 94755747.166663 bit/s, bytes received: 1184565 B, packets received: 976
[client] second 21.459338: 94792567.337471 bit/s, bytes received: 1185765 B, packets received: 976
[client] second 21.559365: 94739943.254959 bit/s, bytes received: 1184574 B, packets received: 977
[client] second 21.659415: 94757500.302274 bit/s, bytes received: 1185061 B, packets received: 977
[client] second 21.760376: 9665367.417558 bit/s, bytes received: 121978 B, packets received: 115
[client] second 21.860429: 84135945.232322 bit/s, bytes received: 1052257 B, packets received: 868
[client] second 21.960715: 41627035.344500 bit/s, bytes received: 521825 B, packets received: 431
[client] second 22.060874: 0.000000 bit/s, bytes received: 0 B, packets received: 0
[client] second 22.161056: 0.000000 bit/s, bytes received: 0 B, packets received: 0
[client] second 22.261097: 72977992.989441 bit/s, bytes received: 912605 B, packets received: 752
[client] second 22.361164: 94700582.400463 bit/s, bytes received: 1184547 B, packets received: 976
[client] second 22.461204: 94726833.661766 bit/s, bytes received: 1184556 B, packets received: 976
[client] second 22.561259: 94753390.881624 bit/s, bytes received: 1185070 B, packets received: 978
[client] second 22.661325: 94799851.214545 bit/s, bytes received: 1185783 B, packets received: 976
[client] second 22.761648: 50849942.145838 bit/s, bytes received: 637677 B, packets received: 535
[client] second 22.861744: 42294574.179953 bit/s, bytes received: 529187 B, packets received: 444
[client] second 22.962028: 83354178.957907 bit/s, bytes received: 1044895 B, packets received: 861
[client] second 23.062760: 0.000000 bit/s, bytes received: 0 B, packets received: 0
[client] second 23.162986: 0.000000 bit/s, bytes received: 0 B, packets received: 0
[client] second 23.263013: 31940486.849488 bit/s, bytes received: 399360 B, packets received: 330
[client] second 23.363046: 94871201.224869 bit/s, bytes received: 1186288 B, packets received: 977
[client] second 23.463114: 94699832.212542 bit/s, bytes received: 1184556 B, packets received: 976
[client] second 23.563163: 94717974.421739 bit/s, bytes received: 1184556 B, packets received: 976
[client] second 23.663263: 94767970.588101 bit/s, bytes received: 1185783 B, packets received: 978
[client] second 23.764075: 91235164.599364 bit/s, bytes received: 1149695 B, packets received: 951
[client] second 23.864117: 1806523.518277 bit/s, bytes received: 22591 B, packets received: 31
[client] second 23.964132: 94847732.781839 bit/s, bytes received: 1185783 B, packets received: 977
[client] second 24.064224: 29229909.540025 bit/s, bytes received: 365708 B, packets received: 302
[client] second 24.165262: 0.000000 bit/s, bytes received: 0 B, packets received: 0
[client] second 24.265444: 0.000000 bit/s, bytes received: 0 B, packets received: 0
[client] second 24.365464: 86265048.561472 bit/s, bytes received: 1078538 B, packets received: 889
[client] second 24.465562: 94671076.069817 bit/s, bytes received: 1184547 B, packets received: 977
[client] second 24.565575: 94851283.534580 bit/s, bytes received: 1185792 B, packets received: 976
[client] second 24.665590: 94749931.148072 bit/s, bytes received: 1184556 B, packets received: 976
[client] second 24.765667: 94692389.736769 bit/s, bytes received: 1184556 B, packets received: 977
[client] second 24.866355: 37521596.937643 bit/s, bytes received: 472249 B, packets received: 400
[client] second 24.966423: 55866762.556046 bit/s, bytes received: 698810 B, packets received: 582
[client] second 25.067171: 69501838.983155 bit/s, bytes received: 875272 B, packets received: 721
[client] second 25.167369: 0.000000 bit/s, bytes received: 0 B, packets received: 0
[client] second 25.267569: 0.000000 bit/s, bytes received: 0 B, packets received: 0
[client] second 25.367917: 13229280.563697 bit/s, bytes received: 165942 B, packets received: 137
[client] second 25.467959: 56960702.009963 bit/s, bytes received: 712307 B, packets received: 588
[client] second 25.567977: 94844951.289765 bit/s, bytes received: 1185774 B, packets received: 976
[client] second 25.668036: 94709237.258796 bit/s, bytes received: 1184565 B, packets received: 976
[client] second 25.768064: 94738001.675912 bit/s, bytes received: 1184556 B, packets received: 977
[client] second 25.868081: 94846725.667900 bit/s, bytes received: 1185783 B, packets received: 976
[client] second 25.968343: 53564540.368589 bit/s, bytes received: 671311 B, packets received: 563
[client] second 26.068404: 39562247.332264 bit/s, bytes received: 494831 B, packets received: 416
[client] second 26.168439: 86212342.396512 bit/s, bytes received: 1078033 B, packets received: 889
[client] second 26.268705: 0.000000 bit/s, bytes received: 0 B, packets received: 0
[client] second 26.368897: 0.000000 bit/s, bytes received: 0 B, packets received: 0
[client] second 26.468975: 28490436.379564 bit/s, bytes received: 356406 B, packets received: 295
[client] second 26.569032: 94807172.650081 bit/s, bytes received: 1185774 B, packets received: 976
[client] second 26.669083: 94717422.637673 bit/s, bytes received: 1184565 B, packets received: 977
[client] second 26.769323: 93852068.110501 bit/s, bytes received: 1175967 B, packets received: 968
[client] second 26.869742: 0.000000 bit/s, bytes received: 0 B, packets received: 0
[client] second 26.969791: 29046012.224838 bit/s, bytes received: 363254 B, packets received: 299
[client] second 27.069850: 94652128.135881 bit/s, bytes received: 1183843 B, packets received: 977
[client] second 27.169872: 94841699.901079 bit/s, bytes received: 1185783 B, packets received: 979
[client] second 27.269942: 94697150.326118 bit/s, bytes received: 1184556 B, packets received: 976
[client] second 27.369953: 85349785.417360 bit/s, bytes received: 1066981 B, packets received: 880
[client] second 27.470034: 94687839.662577 bit/s, bytes received: 1184556 B, packets received: 976
[client] second 27.570358: 9766962.030689 bit/s, bytes received: 122483 B, packets received: 117
[client] second 27.670403: 93053995.505737 bit/s, bytes received: 1163697 B, packets received: 960
[client] second 27.771248: 32458925.626435 bit/s, bytes received: 409167 B, packets received: 338
[client] second 27.871431: 0.000000 bit/s, bytes received: 0 B, packets received: 0
[client] second 27.971613: 0.000000 bit/s, bytes received: 0 B, packets received: 0
[client] second 28.071633: 72502834.025964 bit/s, bytes received: 906461 B, packets received: 748
[client] second 28.171687: 94811054.253491 bit/s, bytes received: 1185783 B, packets received: 976
[client] second 28.271740: 94713944.253880 bit/s, bytes received: 1184547 B, packets received: 977
[client] second 28.371836: 94772142.760315 bit/s, bytes received: 1185792 B, packets received: 976
[client] second 28.471912: 94790912.664296 bit/s, bytes received: 1185783 B, packets received: 977
[client] second 28.572717: 51036212.525601 bit/s, bytes received: 643090 B, packets received: 540
[client] second 28.672772: 42312340.090083 bit/s, bytes received: 529196 B, packets received: 443
[client] second 28.773007: 83395293.851284 bit/s, bytes received: 1044886 B, packets received: 862
[client] second 28.873749: 0.000000 bit/s, bytes received: 0 B, packets received: 0
[client] second 28.973955: 0.000000 bit/s, bytes received: 0 B, packets received: 0
[client] second 29.073986: 31840802.783980 bit/s, bytes received: 398133 B, packets received: 328
[client] second 29.174131: 94725893.699855 bit/s, bytes received: 1185783 B, packets received: 977
[client] second 29.274174: 94722680.667848 bit/s, bytes received: 1184547 B, packets received: 977
[client] second 29.374185: 94755092.474286 bit/s, bytes received: 1184565 B, packets received: 975
[client] second 29.474212: 94836191.134654 bit/s, bytes received: 1185783 B, packets received: 977
[client] second 29.575150: 91258596.060557 bit/s, bytes received: 1151427 B, packets received: 954
[client] second 29.675215: 1863108.997783 bit/s, bytes received: 23304 B, packets received: 32
[client] second 29.775322: 94860391.234113 bit/s, bytes received: 1187019 B, packets received: 977
[client] second 29.876354: 28706868.662964 bit/s, bytes received: 362541 B, packets received: 300
[client] second 29.977194: 0.000000 bit/s, bytes received: 0 B, packets received: 0
[client] second 30.077425: 0.000000 bit/s, bytes received: 0 B, packets received: 0
[client] second 30.177489: 87011705.420672 bit/s, bytes received: 1088345 B, packets received: 897
[client] second 30.277516: 94836608.299388 bit/s, bytes received: 1185783 B, packets received: 977
[client] second 30.377609: 94676808.328720 bit/s, bytes received: 1184556 B, packets received: 976
[client] second 30.477627: 94845680.643844 bit/s, bytes received: 1185783 B, packets received: 977
[client] second 30.577786: 69813040.108458 bit/s, bytes received: 874054 B, packets received: 720
[client] second 30.678738: 61251730.687686 bit/s, bytes received: 772935 B, packets received: 645
[client] second 30.778756: 57071915.963168 bit/s, bytes received: 713525 B, packets received: 594
[client] second 30.879242: 68414724.325277 bit/s, bytes received: 859339 B, packets received: 708
[client] second 30.979434: 0.000000 bit/s, bytes received: 0 B, packets received: 0
[client] second 31.079456: 11955545.561297 bit/s, bytes received: 149477 B, packets received: 123
[client] second 31.179496: 94726226.707869 bit/s, bytes received: 1184556 B, packets received: 976
[client] second 31.279604: 94760819.499448 bit/s, bytes received: 1185783 B, packets received: 978
[client] second 31.379622: 94844657.323920 bit/s, bytes received: 1185774 B, packets received: 976
[client] second 31.479666: 94665228.774489 bit/s, bytes received: 1183843 B, packets received: 980
[client] second 31.580335: 50089626.339852 bit/s, bytes received: 630306 B, packets received: 520
[client] second 31.680407: 43384081.118486 bit/s, bytes received: 542693 B, packets received: 454
[client] second 31.781302: 81683800.484356 bit/s, bytes received: 1030180 B, packets received: 854
[client] second 31.881773: 0.000000 bit/s, bytes received: 0 B, packets received: 0
[client] second 31.981983: 0.000000 bit/s, bytes received: 0 B, packets received: 0
[client] second 32.082050: 30945540.699885 bit/s, bytes received: 387081 B, packets received: 320
[client] second 32.182076: 94838091.160103 bit/s, bytes received: 1185783 B, packets received: 976
[client] second 32.282164: 94681233.419141 bit/s, bytes received: 1184556 B, packets received: 977
[client] second 32.382225: 94805310.280820 bit/s, bytes received: 1185783 B, packets received: 976
[client] second 32.482265: 94726388.624606 bit/s, bytes received: 1184556 B, packets received: 977
[client] second 32.583200: 92232772.991572 bit/s, bytes received: 1163697 B, packets received: 963
[client] second 32.683220: 882548.935540 bit/s, bytes received: 11034 B, packets received: 22
[client] second 32.783274: 94811840.194157 bit/s, bytes received: 1185792 B, packets received: 976
[client] second 32.884221: 29800727.575431 bit/s, bytes received: 376038 B, packets received: 311
[client] second 32.984402: 0.000000 bit/s, bytes received: 0 B, packets received: 0
[client] second 33.084616: 0.000000 bit/s, bytes received: 0 B, packets received: 0
[client] second 33.184718: 85271350.586684 bit/s, bytes received: 1066981 B, packets received: 879
[client] second 33.284774: 94751872.959710 bit/s, bytes received: 1185061 B, packets received: 978
[client] second 33.384793: 94844845.210142 bit/s, bytes received: 1185783 B, packets received: 976
[client] second 33.484837: 94723058.553725 bit/s, bytes received: 1184556 B, packets received: 976
[client] second 33.584867: 94735791.160363 bit/s, bytes received: 1184556 B, packets received: 976
[client] second 33.685632: 38467119.211865 bit/s, bytes received: 484519 B, packets received: 410
[client] second 33.785709: 54979267.323145 bit/s, bytes received: 687767 B, packets received: 573
[client] second 33.886688: 70217409.937055 bit/s, bytes received: 886315 B, packets received: 730
[client] second 33.986847: 0.000000 bit/s, bytes received: 0 B, packets received: 0
[client] second 34.087056: 0.000000 bit/s, bytes received: 0 B, packets received: 0
[client] second 34.187145: 44594784.398615 bit/s, bytes received: 557931 B, packets received: 460
[client] second 34.287181: 94730818.351007 bit/s, bytes received: 1184556 B, packets received: 977
[client] second 34.387197: 94846697.218665 bit/s, bytes received: 1185783 B, packets received: 976
[client] second 34.487268: 94698060.674204 bit/s, bytes received: 1184556 B, packets received: 976
[client] second 34.587303: 94731046.571733 bit/s, bytes received: 1184556 B, packets received: 976
[client] second 34.688149: 78762259.191535 bit/s, bytes received: 992856 B, packets received: 824
[client] second 34.788205: 14541817.028722 bit/s, bytes received: 181875 B, packets received: 161
[client] second 34.888250: 94821211.023488 bit/s, bytes received: 1185792 B, packets received: 977
[client] second 34.988915: 16307194.364304 bit/s, bytes received: 205197 B, packets received: 170
[client] second 35.089144: 0.000000 bit/s, bytes received: 0 B, packets received: 0
[client] second 35.189175: 2788012.788622 bit/s, bytes received: 34861 B, packets received: 29
[client] second 35.289191: 94748867.281649 bit/s, bytes received: 1184556 B, packets received: 977
[client] second 35.389278: 94780446.396885 bit/s, bytes received: 1185783 B, packets received: 976
[client] second 35.489291: 94752454.965940 bit/s, bytes received: 1184556 B, packets received: 977
[client] second 35.589311: 94843667.472759 bit/s, bytes received: 1185783 B, packets received: 976
[client] second 35.689389: 94690656.323610 bit/s, bytes received: 1184556 B, packets received: 977
[client] second 35.789510: 26476836.408736 bit/s, bytes received: 331361 B, packets received: 286
[client] second 35.889618: 66612944.144423 bit/s, bytes received: 833563 B, packets received: 691
[client] second 35.990447: 58754241.113780 bit/s, bytes received: 740519 B, packets received: 610
[client] second 36.091177: 0.000000 bit/s, bytes received: 0 B, packets received: 0
[client] second 36.191387: 0.000000 bit/s, bytes received: 0 B, packets received: 0
[client] second 36.291436: 56565297.466511 bit/s, bytes received: 707408 B, packets received: 583
[client] second 36.391506: 94795353.310267 bit/s, bytes received: 1185783 B, packets received: 977
[client] second 36.491553: 94720175.585072 bit/s, bytes received: 1184556 B, packets received: 976
[client] second 36.591626: 94793237.131434 bit/s, bytes received: 1185783 B, packets received: 977
[client] second 36.691654: 94738408.937245 bit/s, bytes received: 1184556 B, packets received: 977
[client] second 36.792193: 67108120.765335 bit/s, bytes received: 843370 B, packets received: 702
[client] second 36.892284: 26289357.210725 bit/s, bytes received: 328916 B, packets received: 280
[client] second 36.992299: 94750092.198500 bit/s, bytes received: 1184556 B, packets received: 976
[client] second 37.092630: 4735688.139882 bit/s, bytes received: 59392 B, packets received: 50
[client] second 37.192858: 0.000000 bit/s, bytes received: 0 B, packets received: 0
[client] second 37.292887: 14939633.666228 bit/s, bytes received: 186801 B, packets received: 155
[client] second 37.392984: 94770778.684221 bit/s, bytes received: 1185783 B, packets received: 977
[client] second 37.493001: 94748527.279269 bit/s, bytes received: 1184547 B, packets received: 976
[client] second 37.593023: 94841831.852588 bit/s, bytes received: 1185792 B, packets received: 976
[client] second 37.693104: 94687555.829644 bit/s, bytes received: 1184556 B, packets received: 976
[client] second 37.793158: 94811273.148434 bit/s, bytes received: 1185783 B, packets received: 977
[client] second 37.893653: 14185313.902580 bit/s, bytes received: 178194 B, packets received: 162
[client] second 37.993732: 79268548.639680 bit/s, bytes received: 991638 B, packets received: 819
[client] second 38.093975: 46385750.874111 bit/s, bytes received: 581226 B, packets received: 480
[client] second 38.194081: 0.000000 bit/s, bytes received: 0 B, packets received: 0
[client] second 38.294260: 0.000000 bit/s, bytes received: 0 B, packets received: 0
[client] second 38.394328: 68111581.894721 bit/s, bytes received: 851977 B, packets received: 703
[client] second 38.494399: 94794064.512740 bit/s, bytes received: 1185774 B, packets received: 976
[client] second 38.594417: 94748410.581645 bit/s, bytes received: 1184565 B, packets received: 976
[client] second 38.694451: 94830862.178084 bit/s, bytes received: 1185783 B, packets received: 977
[client] second 38.794481: 94735857.455387 bit/s, bytes received: 1184556 B, packets received: 976
[client] second 38.894982: 55625567.788385 bit/s, bytes received: 698801 B, packets received: 586
[client] second 38.995083: 37644298.517343 bit/s, bytes received: 471031 B, packets received: 395
[client] second 39.095146: 88091251.744553 bit/s, bytes received: 1101833 B, packets received: 909
[client] second 39.195466: 0.000000 bit/s, bytes received: 0 B, packets received: 0
[client] second 39.295694: 0.000000 bit/s, bytes received: 0 B, packets received: 0
[client] second 39.395819: 26476458.886882 bit/s, bytes received: 331370 B, packets received: 273
[client] second 39.495859: 94726956.757889 bit/s, bytes received: 1184556 B, packets received: 977
[client] second 39.595928: 94797034.764121 bit/s, bytes received: 1185783 B, packets received: 976
[client] second 39.695943: 94750100.724714 bit/s, bytes received: 1184556 B, packets received: 976
[client] second 39.796017: 94734723.253348 bit/s, bytes received: 1185061 B, packets received: 977
[client] second 39.896124: 94761427.214820 bit/s, bytes received: 1185783 B, packets received: 978
[client] second 39.996922: 2725987.185967 bit/s, bytes received: 34347 B, packets received: 44
[client] second 40.097030: 91133718.225284 bit/s, bytes received: 1140393 B, packets received: 940
[client] total: bytes received: 272240225 B, packets received: 224966
