Bandwidth: 100 Mbit/s
RTT: 500 ms
BDP: 6250000 B/s
Max In-Flight Packets: 4882
[server] starting server with pid 150573, port 18080, cc cubic, iw 32
[server][session 0] open
[client] connection establishment time: 1.005990 s
[server][session 0][stream 0] open
[client] time to first byte: 1.506952 s
[client] second 1.000615: 955605.410219 bit/s, bytes received: 119524 B, packets received: 107
[client] second 2.001329: 3828376.915650 bit/s, bytes received: 478889 B, packets received: 396
[client] second 3.002247: 10305308.159932 bit/s, bytes received: 1289346 B, packets received: 1069
[client] second 4.002682: 22636816.532072 bit/s, bytes received: 2830833 B, packets received: 2347
[client] second 5.002718: 65254630.564341 bit/s, bytes received: 8157129 B, packets received: 6739
[client] second 6.002790: 71160716.297266 bit/s, bytes received: 8895728 B, packets received: 7356
[client] second 7.002840: 50446933.443218 bit/s, bytes received: 6306180 B, packets received: 5215
[client] second 8.002876: 69007228.163506 bit/s, bytes received: 8626212 B, packets received: 7129
[client] second 9.002909: 64504931.272069 bit/s, bytes received: 8063382 B, packets received: 6666
[client] second 10.002947: 58566652.639306 bit/s, bytes received: 7321113 B, packets received: 6051
[client] second 11.003043: 58606673.744196 bit/s, bytes received: 7326535 B, packets received: 6060
[client] second 12.004001: 71372305.104989 bit/s, bytes received: 8930083 B, packets received: 7370
[client] second 13.004259: 50577847.884925 bit/s, bytes received: 6323863 B, packets received: 5232
[client] second 14.004606: 62892697.240585 bit/s, bytes received: 7864320 B, packets received: 6498
[client] second 15.005017: 62888768.121307 bit/s, bytes received: 7864320 B, packets received: 6498
[client] second 16.005577: 62879290.063014 bit/s, bytes received: 7864320 B, packets received: 6498
[client] second 17.005978: 62889359.981898 bit/s, bytes received: 7864320 B, packets received: 6498
[client] second 18.006148: 62903875.776699 bit/s, bytes received: 7864320 B, packets received: 6498
[client] second 19.006216: 61832307.844957 bit/s, bytes received: 7729567 B, packets received: 6386
[client] second 20.006262: 58599810.717770 bit/s, bytes received: 7325308 B, packets received: 6055
[client] second 21.006438: 55711952.278264 bit/s, bytes received: 6965221 B, packets received: 5752
[client] second 22.007148: 62869868.576703 bit/s, bytes received: 7864320 B, packets received: 6495
[client] second 23.008018: 62859935.596006 bit/s, bytes received: 7864320 B, packets received: 6492
[client] second 24.008253: 53068207.299572 bit/s, bytes received: 6635087 B, packets received: 5481
[client] second 25.008358: 56715295.339034 bit/s, bytes received: 7090158 B, packets received: 5854
[client] second 26.008376: 76030234.522542 bit/s, bytes received: 9503947 B, packets received: 7857
[client] second 27.008396: 58601267.830921 bit/s, bytes received: 7325308 B, packets received: 6059
[client] second 28.008527: 58712593.947777 bit/s, bytes received: 7340032 B, packets received: 6067
[client] second 29.008597: 58627784.721211 bit/s, bytes received: 7328989 B, packets received: 6056
[client] second 30.008731: 58643713.949957 bit/s, bytes received: 7331443 B, packets received: 6059
[client] second 31.008831: 58616224.530021 bit/s, bytes received: 7327762 B, packets received: 6057
[client] second 32.008949: 69315648.092591 bit/s, bytes received: 8665476 B, packets received: 7150
[client] second 33.009027: 66805033.149300 bit/s, bytes received: 8351284 B, packets received: 6899
[client] second 34.009077: 58609345.605894 bit/s, bytes received: 7326535 B, packets received: 6056
[client] second 35.010000: 62660497.978238 bit/s, bytes received: 7839789 B, packets received: 6478
[client] second 36.010516: 62882109.121649 bit/s, bytes received: 7864320 B, packets received: 6495
[client] second 37.011236: 57718472.760052 bit/s, bytes received: 7220003 B, packets received: 5967
[client] second 38.011649: 62898319.572015 bit/s, bytes received: 7865538 B, packets received: 6499
[client] second 39.011979: 62884082.363436 bit/s, bytes received: 7863102 B, packets received: 6497
[client] second 40.012388: 62888831.298672 bit/s, bytes received: 7864320 B, packets received: 6498
[client] total: bytes received: 282482246 B, packets received: 233436
