Bandwidth: 100 Mbit/s
RTT: 500 ms
BDP: 6250000 B/s
Max In-Flight Packets: 4882
[server] starting server with pid 1091594, port 18080, cc cubic, iw 32
[server][session 0] open
[client] connection establishment time: 1.004721 s
[server][session 0][stream 0] open
[client] time to first byte: 1.505643 s
[client] second 0.100950: 1460935.358217 bit/s, bytes received: 18435 B, packets received: 24
[client] second 0.201743: 779103.176524 bit/s, bytes received: 9816 B, packets received: 8
[client] second 0.302551: 778982.232454 bit/s, bytes received: 9816 B, packets received: 8
[client] second 0.403004: 97717.163405 bit/s, bytes received: 1227 B, packets received: 1
[client] second 0.503457: 977168.628216 bit/s, bytes received: 12270 B, packets received: 10
[client] second 0.604281: 1070938.784327 bit/s, bytes received: 13497 B, packets received: 11
[client] second 0.704925: 1305675.756856 bit/s, bytes received: 16426 B, packets received: 14
[client] second 0.805577: 1462853.026181 bit/s, bytes received: 18405 B, packets received: 15
[client] second 0.906593: 1554767.572761 bit/s, bytes received: 19632 B, packets received: 16
[client] second 1.006635: 1021094.050617 bit/s, bytes received: 12769 B, packets received: 11
[client] second 1.106842: 1959136.789481 bit/s, bytes received: 24540 B, packets received: 20
[client] second 1.207444: 2244180.112094 bit/s, bytes received: 28221 B, packets received: 23
[client] second 1.307476: 2689922.090127 bit/s, bytes received: 33635 B, packets received: 28
[client] second 1.407727: 3035357.673524 bit/s, bytes received: 38037 B, packets received: 31
[client] second 1.508344: 3064379.519997 bit/s, bytes received: 38541 B, packets received: 32
[client] second 1.608792: 3656395.472023 bit/s, bytes received: 45910 B, packets received: 38
[client] second 1.708813: 4358517.040432 bit/s, bytes received: 54493 B, packets received: 45
[client] second 1.809825: 4858327.507312 bit/s, bytes received: 61343 B, packets received: 50
[client] second 1.910199: 5557477.015900 bit/s, bytes received: 69729 B, packets received: 58
[client] second 2.010653: 6294060.371250 bit/s, bytes received: 79033 B, packets received: 65
[client] second 2.111210: 7263794.754977 bit/s, bytes received: 91303 B, packets received: 75
[client] second 2.212201: 8243882.970354 bit/s, bytes received: 104069 B, packets received: 87
[client] second 2.313214: 9215128.822533 bit/s, bytes received: 116357 B, packets received: 97
[client] second 2.413330: 1568104.526984 bit/s, bytes received: 19624 B, packets received: 18
[client] second 2.513904: 8864988.828382 bit/s, bytes received: 111448 B, packets received: 92
[client] second 2.614679: 7637669.880770 bit/s, bytes received: 96211 B, packets received: 81
[client] second 2.714694: 6320405.871530 bit/s, bytes received: 79017 B, packets received: 67
[client] second 2.814711: 18024975.769565 bit/s, bytes received: 225350 B, packets received: 185
[client] second 2.914735: 19060905.220039 bit/s, bytes received: 238318 B, packets received: 197
[client] second 3.014795: 18507024.323465 bit/s, bytes received: 231477 B, packets received: 192
[client] second 3.115831: 14110115.642407 bit/s, bytes received: 178203 B, packets received: 148
[client] second 3.215858: 0.000000 bit/s, bytes received: 0 B, packets received: 1
[client] second 3.315953: 17773239.124576 bit/s, bytes received: 222375 B, packets received: 185
[client] second 3.416080: 19964449.754292 bit/s, bytes received: 249874 B, packets received: 207
[client] second 3.516172: 36764665.992397 bit/s, bytes received: 459979 B, packets received: 380
[client] second 3.616561: 41193872.908870 bit/s, bytes received: 516926 B, packets received: 426
[client] second 3.716668: 42584352.437926 bit/s, bytes received: 532877 B, packets received: 438
[client] second 3.816736: 9203420.293687 bit/s, bytes received: 115121 B, packets received: 98
[client] second 3.917233: 0.000000 bit/s, bytes received: 0 B, packets received: 3
[client] second 4.018292: 41503466.822056 bit/s, bytes received: 524288 B, packets received: 435
[client] second 4.118344: 53676852.631399 bit/s, bytes received: 671311 B, packets received: 554
[client] second 4.218445: 76953641.407610 bit/s, bytes received: 962893 B, packets received: 793
[client] second 4.318475: 84058459.914078 bit/s, bytes received: 1051040 B, packets received: 866
[client] second 4.419069: 78316062.929716 bit/s, bytes received: 984772 B, packets received: 813
[client] second 4.519723: 0.000000 bit/s, bytes received: 0 B, packets received: 5
[client] second 4.619986: 17057887.433789 bit/s, bytes received: 213786 B, packets received: 181
[client] second 4.720141: 73678794.707601 bit/s, bytes received: 922412 B, packets received: 765
[client] second 4.820192: 94716447.395197 bit/s, bytes received: 1184556 B, packets received: 977
[client] second 4.920208: 94847296.552837 bit/s, bytes received: 1185783 B, packets received: 976
[client] second 5.020299: 94678408.805339 bit/s, bytes received: 1184556 B, packets received: 977
[client] second 5.120368: 86027067.157644 bit/s, bytes received: 1076075 B, packets received: 889
[client] second 5.220435: 28256725.139677 bit/s, bytes received: 353447 B, packets received: 300
[client] second 5.320491: 94808925.242644 bit/s, bytes received: 1185773 B, packets received: 977
[client] second 5.420563: 73642177.019103 bit/s, bytes received: 921195 B, packets received: 771
[client] second 5.520787: 54702490.557429 bit/s, bytes received: 685313 B, packets received: 566
[client] second 5.620987: 0.000000 bit/s, bytes received: 0 B, packets received: 0
[client] second 5.721044: 90157181.647111 bit/s, bytes received: 1127609 B, packets received: 930
[client] second 5.821057: 94850850.039340 bit/s, bytes received: 1185783 B, packets received: 976
[client] second 5.921078: 94744568.481488 bit/s, bytes received: 1184556 B, packets received: 977
[client] second 6.021225: 94723913.986250 bit/s, bytes received: 1185783 B, packets received: 977
[client] second 6.121276: 94715830.160996 bit/s, bytes received: 1184556 B, packets received: 978
[client] second 6.222123: 33569274.184995 bit/s, bytes received: 423169 B, packets received: 360
[client] second 6.322149: 60109704.643797 bit/s, bytes received: 751571 B, packets received: 624
[client] second 6.422852: 65244611.834397 bit/s, bytes received: 821293 B, packets received: 680
[client] second 6.523051: 0.000000 bit/s, bytes received: 0 B, packets received: 0
[client] second 6.623233: 0.000000 bit/s, bytes received: 0 B, packets received: 0
[client] second 6.723279: 49224585.497102 bit/s, bytes received: 615591 B, packets received: 507
[client] second 6.823321: 94724642.604306 bit/s, bytes received: 1184556 B, packets received: 977
[client] second 6.923336: 94847715.313516 bit/s, bytes received: 1185776 B, packets received: 976
[client] second 7.023415: 94690229.037647 bit/s, bytes received: 1184563 B, packets received: 976
[client] second 7.123435: 94844065.738166 bit/s, bytes received: 1185783 B, packets received: 981
[client] second 7.223680: 74631552.958604 bit/s, bytes received: 935187 B, packets received: 778
[client] second 7.323705: 18472530.499797 bit/s, bytes received: 230964 B, packets received: 200
[client] second 7.423769: 94802340.023605 bit/s, bytes received: 1185783 B, packets received: 977
[client] second 7.524250: 12429480.233208 bit/s, bytes received: 156117 B, packets received: 130
[client] second 7.624355: 0.000000 bit/s, bytes received: 0 B, packets received: 0
[client] second 7.724383: 6320886.586061 bit/s, bytes received: 79033 B, packets received: 65
[client] second 7.824396: 94850184.273801 bit/s, bytes received: 1185783 B, packets received: 977
[client] second 7.924488: 94774499.054327 bit/s, bytes received: 1185774 B, packets received: 977
[client] second 8.024502: 94653510.227248 bit/s, bytes received: 1183338 B, packets received: 976
[client] second 8.124568: 94800649.855060 bit/s, bytes received: 1185783 B, packets received: 977
[client] second 8.224593: 94740847.842914 bit/s, bytes received: 1184556 B, packets received: 976
[client] second 8.325183: 22840209.506108 bit/s, bytes received: 287189 B, packets received: 251
[client] second 8.425277: 0.000000 bit/s, bytes received: 0 B, packets received: 1
[client] second 8.525473: 0.000000 bit/s, bytes received: 0 B, packets received: 0
[client] second 8.625927: 0.000000 bit/s, bytes received: 0 B, packets received: 0
[client] second 8.726123: 0.000000 bit/s, bytes received: 0 B, packets received: 0
[client] second 8.826173: 58820112.301301 bit/s, bytes received: 735620 B, packets received: 606
[client] second 8.926277: 94763836.381274 bit/s, bytes received: 1185783 B, packets received: 977
[client] second 9.026328: 94814110.345761 bit/s, bytes received: 1185783 B, packets received: 977
[client] second 9.126369: 94725932.229139 bit/s, bytes received: 1184556 B, packets received: 977
[client] second 9.226381: 94851657.126621 bit/s, bytes received: 1185783 B, packets received: 976
[client] second 9.326578: 64986672.011888 bit/s, bytes received: 813931 B, packets received: 679
[client] second 9.426666: 28152782.477662 bit/s, bytes received: 352220 B, packets received: 299
[client] second 9.526711: 94819484.807879 bit/s, bytes received: 1185783 B, packets received: 977
[client] second 9.626990: 2781138.644959 bit/s, bytes received: 34861 B, packets received: 30
[client] second 9.727201: 0.000000 bit/s, bytes received: 0 B, packets received: 0
[client] second 9.827271: 17777372.376853 bit/s, bytes received: 222375 B, packets received: 184
[client] second 9.927298: 94837872.141312 bit/s, bytes received: 1185783 B, packets received: 976
[client] second 10.027334: 94729897.903471 bit/s, bytes received: 1184556 B, packets received: 976
[client] second 10.127379: 94722214.000891 bit/s, bytes received: 1184556 B, packets received: 977
[client] second 10.227397: 94845309.864981 bit/s, bytes received: 1185783 B, packets received: 979
[client] second 10.327494: 94672609.699548 bit/s, bytes received: 1184556 B, packets received: 976
[client] second 10.428132: 11394646.204709 bit/s, bytes received: 143342 B, packets received: 132
[client] second 10.528222: 0.000000 bit/s, bytes received: 0 B, packets received: 850
[client] second 10.628487: 0.000000 bit/s, bytes received: 0 B, packets received: 449
[client] second 10.728697: 0.000000 bit/s, bytes received: 0 B, packets received: 0
[client] second 10.828909: 0.000000 bit/s, bytes received: 0 B, packets received: 0
[client] second 10.928951: 195906433.508447 bit/s, bytes received: 2449877 B, packets received: 724
[client] second 11.028970: 94844665.039082 bit/s, bytes received: 1185783 B, packets received: 976
[client] second 11.128989: 94746958.444975 bit/s, bytes received: 1184556 B, packets received: 976
[client] second 11.229067: 94691205.104754 bit/s, bytes received: 1184556 B, packets received: 977
[client] second 11.329388: 22861282.017935 bit/s, bytes received: 286684 B, packets received: 236
[client] second 11.429407: 70048343.664696 bit/s, bytes received: 875777 B, packets received: 722
[client] second 11.529442: 94732059.883491 bit/s, bytes received: 1184565 B, packets received: 984
[client] second 11.630294: 86137650.796426 bit/s, bytes received: 1085891 B, packets received: 896
[client] second 11.730698: 0.000000 bit/s, bytes received: 0 B, packets received: 0
[client] second 11.830738: 60003396.834371 bit/s, bytes received: 750344 B, packets received: 618
[client] second 11.930859: 94847711.177009 bit/s, bytes received: 1187010 B, packets received: 978
[client] second 12.030921: 94703369.555302 bit/s, bytes received: 1184547 B, packets received: 976
[client] second 12.131291: 1858867.745938 bit/s, bytes received: 23322 B, packets received: 25
[client] second 12.231311: 91605337.565887 bit/s, bytes received: 1145292 B, packets received: 944
[client] second 12.331350: 94727734.164640 bit/s, bytes received: 1184556 B, packets received: 976
[client] second 12.431396: 94720005.040871 bit/s, bytes received: 1184547 B, packets received: 989
[client] second 12.531434: 94729820.306712 bit/s, bytes received: 1184565 B, packets received: 977
[client] second 12.632502: 1593927.734529 bit/s, bytes received: 20137 B, packets received: 18
[client] second 12.732556: 92515102.351434 bit/s, bytes received: 1157057 B, packets received: 953
[client] second 12.833350: 33002443.046470 bit/s, bytes received: 415807 B, packets received: 348
[client] second 12.933550: 0.000000 bit/s, bytes received: 0 B, packets received: 0
[client] second 13.033758: 0.000000 bit/s, bytes received: 0 B, packets received: 0
[client] second 13.133858: 81800731.620847 bit/s, bytes received: 1023531 B, packets received: 844
[client] second 13.233866: 94756839.756010 bit/s, bytes received: 1184556 B, packets received: 976
[client] second 13.333967: 94765980.816341 bit/s, bytes received: 1185774 B, packets received: 977
[client] second 13.433988: 94745544.089423 bit/s, bytes received: 1184565 B, packets received: 976
[client] second 13.534072: 94782362.182702 bit/s, bytes received: 1185783 B, packets received: 977
[client] second 13.634221: 42117267.241213 bit/s, bytes received: 527247 B, packets received: 445
[client] second 13.734269: 51087044.099620 bit/s, bytes received: 638892 B, packets received: 532
[client] second 13.835266: 73979423.895490 bit/s, bytes received: 933972 B, packets received: 771
[client] second 13.935471: 0.000000 bit/s, bytes received: 0 B, packets received: 0
[client] second 14.035656: 0.000000 bit/s, bytes received: 0 B, packets received: 0
[client] second 14.135689: 39631893.364758 bit/s, bytes received: 495562 B, packets received: 408
[client] second 14.235754: 94702581.445741 bit/s, bytes received: 1184556 B, packets received: 977
[client] second 14.335770: 94847022.378195 bit/s, bytes received: 1185774 B, packets received: 976
[client] second 14.435865: 94675138.381112 bit/s, bytes received: 1184565 B, packets received: 976
[client] second 14.535930: 94801493.984395 bit/s, bytes received: 1185783 B, packets received: 977
[client] second 14.636003: 84355839.424355 bit/s, bytes received: 1055216 B, packets received: 876
[client] second 14.736043: 8773101.544954 bit/s, bytes received: 109708 B, packets received: 101
[client] second 14.836080: 94729309.849132 bit/s, bytes received: 1184556 B, packets received: 976
[client] second 14.936813: 22125839.501038 bit/s, bytes received: 278600 B, packets received: 231
[client] second 15.036990: 0.000000 bit/s, bytes received: 0 B, packets received: 0
[client] second 15.137174: 0.000000 bit/s, bytes received: 0 B, packets received: 0
[client] second 15.237239: 92602343.272187 bit/s, bytes received: 1158284 B, packets received: 955
[client] second 15.337306: 94797850.872488 bit/s, bytes received: 1185774 B, packets received: 976
[client] second 15.437353: 94720230.497121 bit/s, bytes received: 1184556 B, packets received: 977
[client] second 15.537421: 94799441.476584 bit/s, bytes received: 1185792 B, packets received: 976
[client] second 15.637497: 94732892.475008 bit/s, bytes received: 1185061 B, packets received: 978
[client] second 15.737690: 31298678.495983 bit/s, bytes received: 391989 B, packets received: 335
[client] second 15.837776: 61936802.480350 bit/s, bytes received: 774875 B, packets received: 642
[client] second 15.938322: 63492288.295801 bit/s, bytes received: 797989 B, packets received: 659
[client] second 16.038543: 0.000000 bit/s, bytes received: 0 B, packets received: 0
[client] second 16.138725: 0.000000 bit/s, bytes received: 0 B, packets received: 0
[client] second 16.238785: 51081547.964691 bit/s, bytes received: 638904 B, packets received: 527
[client] second 16.338891: 94763019.428196 bit/s, bytes received: 1185783 B, packets received: 977
[client] second 16.438923: 94830987.080324 bit/s, bytes received: 1185774 B, packets received: 976
[client] second 16.539008: 94725692.247791 bit/s, bytes received: 1185070 B, packets received: 977
[client] second 16.639107: 94767980.055442 bit/s, bytes received: 1185783 B, packets received: 977
[client] second 16.739157: 72775422.768483 bit/s, bytes received: 910142 B, packets received: 757
[client] second 16.839215: 20330330.390656 bit/s, bytes received: 254277 B, packets received: 220
[client] second 16.939277: 94804056.781153 bit/s, bytes received: 1185783 B, packets received: 976
[client] second 17.039326: 10619096.360309 bit/s, bytes received: 132804 B, packets received: 111
[client] second 17.139558: 0.000000 bit/s, bytes received: 0 B, packets received: 0
[client] second 17.239619: 8869342.427524 bit/s, bytes received: 110935 B, packets received: 92
[client] second 17.339672: 94813046.139956 bit/s, bytes received: 1185783 B, packets received: 976
[client] second 17.439711: 94726274.918489 bit/s, bytes received: 1184547 B, packets received: 977
[client] second 17.539781: 94796946.663931 bit/s, bytes received: 1185783 B, packets received: 976
[client] second 17.639868: 94722288.905239 bit/s, bytes received: 1185070 B, packets received: 978
[client] second 17.739967: 94769497.694581 bit/s, bytes received: 1185783 B, packets received: 977
[client] second 17.840926: 20091772.939788 bit/s, bytes received: 253555 B, packets received: 222
[client] second 17.941005: 73734453.186086 bit/s, bytes received: 922412 B, packets received: 764
[client] second 18.041873: 51588550.394843 bit/s, bytes received: 650452 B, packets received: 536
[client] second 18.142101: 0.000000 bit/s, bytes received: 0 B, packets received: 0
[client] second 18.242334: 0.000000 bit/s, bytes received: 0 B, packets received: 0
[client] second 18.342474: 63218686.253003 bit/s, bytes received: 791340 B, packets received: 652
[client] second 18.442514: 94726292.042626 bit/s, bytes received: 1184556 B, packets received: 976
[client] second 18.542595: 94785758.323566 bit/s, bytes received: 1185783 B, packets received: 977
[client] second 18.642630: 94730921.571033 bit/s, bytes received: 1184556 B, packets received: 977
[client] second 18.742647: 94846991.194923 bit/s, bytes received: 1185783 B, packets received: 976
[client] second 18.843448: 60272488.213043 bit/s, bytes received: 759438 B, packets received: 635
[client] second 18.943553: 33091235.671453 bit/s, bytes received: 414075 B, packets received: 349
[client] second 19.044452: 91876885.865711 bit/s, bytes received: 1158789 B, packets received: 956
[client] second 19.144735: 0.000000 bit/s, bytes received: 0 B, packets received: 0
[client] second 19.244916: 0.000000 bit/s, bytes received: 0 B, packets received: 0
[client] second 19.344959: 22434325.287761 bit/s, bytes received: 280549 B, packets received: 231
[client] second 19.445017: 94807834.435148 bit/s, bytes received: 1185783 B, packets received: 977
[client] second 19.545054: 94728513.414729 bit/s, bytes received: 1184547 B, packets received: 976
[client] second 19.645069: 94848225.915108 bit/s, bytes received: 1185783 B, packets received: 977
[client] second 19.745166: 94673376.292334 bit/s, bytes received: 1184565 B, packets received: 977
[client] second 19.845191: 94839285.825865 bit/s, bytes received: 1185783 B, packets received: 976
[client] second 19.946221: 6686817.812800 bit/s, bytes received: 84446 B, packets received: 86
[client] second 20.046306: 87246997.442659 bit/s, bytes received: 1091521 B, packets received: 900
[client] second 20.146917: 38273790.374638 bit/s, bytes received: 481343 B, packets received: 398
[client] second 20.247574: 0.000000 bit/s, bytes received: 0 B, packets received: 0
[client] second 20.347768: 0.000000 bit/s, bytes received: 0 B, packets received: 0
[client] second 20.447802: 76809649.563656 bit/s, bytes received: 960449 B, packets received: 791
[client] second 20.547817: 94749834.518079 bit/s, bytes received: 1184556 B, packets received: 977
[client] second 20.647884: 94799148.270446 bit/s, bytes received: 1185783 B, packets received: 976
[client] second 20.747930: 94721464.141489 bit/s, bytes received: 1184556 B, packets received: 977
[client] second 20.847947: 94845888.319205 bit/s, bytes received: 1185783 B, packets received: 976
[client] second 20.948555: 46941145.966493 bit/s, bytes received: 590329 B, packets received: 498
[client] second 21.048599: 46437270.355306 bit/s, bytes received: 580721 B, packets received: 484
[client] second 21.149460: 78693947.282119 bit/s, bytes received: 992143 B, packets received: 819
[client] second 21.250551: 0.000000 bit/s, bytes received: 0 B, packets received: 0
[client] second 21.350739: 0.000000 bit/s, bytes received: 0 B, packets received: 0
[client] second 21.450835: 36665127.204259 bit/s, bytes received: 458752 B, packets received: 378
[client] second 21.550907: 94794516.868398 bit/s, bytes received: 1185783 B, packets received: 977
[client] second 21.650953: 94720344.108459 bit/s, bytes received: 1184556 B, packets received: 977
[client] second 21.751017: 94802016.006804 bit/s, bytes received: 1185783 B, packets received: 976
[client] second 21.851068: 94716256.165336 bit/s, bytes received: 1184556 B, packets received: 976
[client] second 21.951524: 86965483.478798 bit/s, bytes received: 1092026 B, packets received: 905
[client] second 22.051546: 6223116.577389 bit/s, bytes received: 77806 B, packets received: 76
[client] second 22.151583: 94729488.821419 bit/s, bytes received: 1184556 B, packets received: 976
[client] second 22.252299: 24663515.462822 bit/s, bytes received: 310502 B, packets received: 257
[client] second 22.352528: 0.000000 bit/s, bytes received: 0 B, packets received: 0
[client] second 22.452770: 0.000000 bit/s, bytes received: 0 B, packets received: 0
[client] second 22.552887: 90103237.041428 bit/s, bytes received: 1127609 B, packets received: 929
[client] second 22.652926: 94727107.314351 bit/s, bytes received: 1184556 B, packets received: 976
[client] second 22.752943: 94747966.461471 bit/s, bytes received: 1184547 B, packets received: 977
[client] second 22.853037: 94774067.664409 bit/s, bytes received: 1185792 B, packets received: 976
[client] second 22.953051: 94850030.636927 bit/s, bytes received: 1185783 B, packets received: 977
[client] second 23.053886: 33573176.589380 bit/s, bytes received: 423169 B, packets received: 362
[client] second 23.153958: 59983633.378076 bit/s, bytes received: 750335 B, packets received: 622
[client] second 23.254740: 65291554.614896 bit/s, bytes received: 822529 B, packets received: 679
[client] second 23.354924: 0.000000 bit/s, bytes received: 0 B, packets received: 0
[client] second 23.455105: 0.000000 bit/s, bytes received: 0 B, packets received: 0
[client] second 23.555129: 49137187.525381 bit/s, bytes received: 614364 B, packets received: 506
[client] second 23.655238: 94759670.351809 bit/s, bytes received: 1185783 B, packets received: 978
[client] second 23.755258: 94843000.671018 bit/s, bytes received: 1185771 B, packets received: 976
[client] second 23.855320: 94705160.475684 bit/s, bytes received: 1184556 B, packets received: 976
[client] second 23.955349: 94738447.121646 bit/s, bytes received: 1184568 B, packets received: 976
[client] second 24.055616: 74712990.794339 bit/s, bytes received: 936414 B, packets received: 779
[client] second 24.155661: 18566941.215361 bit/s, bytes received: 232191 B, packets received: 201
[client] second 24.255759: 94672390.272534 bit/s, bytes received: 1184556 B, packets received: 977
[client] second 24.356387: 12411312.207860 bit/s, bytes received: 156117 B, packets received: 129
[client] second 24.456944: 0.000000 bit/s, bytes received: 0 B, packets received: 0
[client] second 24.556970: 7891160.371779 bit/s, bytes received: 98665 B, packets received: 81
[client] second 24.657048: 94690843.665424 bit/s, bytes received: 1184556 B, packets received: 976
[client] second 24.757075: 94836522.021835 bit/s, bytes received: 1185783 B, packets received: 977
[client] second 24.857131: 94711116.719994 bit/s, bytes received: 1184547 B, packets received: 976
[client] second 24.957160: 94737551.792885 bit/s, bytes received: 1184565 B, packets received: 976
[client] second 25.057174: 94750717.458289 bit/s, bytes received: 1184556 B, packets received: 977
[client] second 25.158135: 21298102.526615 bit/s, bytes received: 268784 B, packets received: 235
[client] second 25.258172: 72546788.951868 bit/s, bytes received: 907174 B, packets received: 750
[client] second 25.358324: 53174414.770360 bit/s, bytes received: 665690 B, packets received: 550
[client] second 25.458548: 0.000000 bit/s, bytes received: 0 B, packets received: 0
[client] second 25.558777: 0.000000 bit/s, bytes received: 0 B, packets received: 0
[client] second 25.658798: 61291054.946873 bit/s, bytes received: 766295 B, packets received: 632
[client] second 25.758815: 94747004.649620 bit/s, bytes received: 1184544 B, packets received: 976
[client] second 25.858913: 94769497.694581 bit/s, bytes received: 1185783 B, packets received: 976
[client] second 25.958929: 94750489.320290 bit/s, bytes received: 1184568 B, packets received: 977
[client] second 26.058968: 94866106.727329 bit/s, bytes received: 1186288 B, packets received: 977
[client] second 26.159022: 62684528.887210 bit/s, bytes received: 783978 B, packets received: 654
[client] second 26.259123: 30403718.467986 bit/s, bytes received: 380432 B, packets received: 323
[client] second 26.359141: 94846285.771635 bit/s, bytes received: 1185792 B, packets received: 976
[client] second 26.460005: 526651.427484 bit/s, bytes received: 6640 B, packets received: 7
[client] second 26.560197: 0.000000 bit/s, bytes received: 0 B, packets received: 0
[client] second 26.660215: 19553377.599004 bit/s, bytes received: 244461 B, packets received: 201
[client] second 26.760271: 94710225.045293 bit/s, bytes received: 1184547 B, packets received: 976
[client] second 26.860316: 94722534.128952 bit/s, bytes received: 1184565 B, packets received: 977
[client] second 26.960344: 94836369.377319 bit/s, bytes received: 1185783 B, packets received: 976
[client] second 27.060361: 94690725.789507 bit/s, bytes received: 1183834 B, packets received: 976
[client] second 27.160376: 94848796.818104 bit/s, bytes received: 1185783 B, packets received: 977
[client] second 27.260505: 9785923.779204 bit/s, bytes received: 122483 B, packets received: 117
[client] second 27.360538: 83327214.531503 bit/s, bytes received: 1041936 B, packets received: 860
[client] second 27.461509: 42065772.931679 bit/s, bytes received: 530928 B, packets received: 438
[client] second 27.561717: 0.000000 bit/s, bytes received: 0 B, packets received: 0
[client] second 27.661921: 0.000000 bit/s, bytes received: 0 B, packets received: 0
[client] second 27.761955: 72746406.632833 bit/s, bytes received: 909637 B, packets received: 750
[client] second 27.861983: 94835307.316061 bit/s, bytes received: 1185774 B, packets received: 976
[client] second 27.962014: 94678235.551462 bit/s, bytes received: 1183843 B, packets received: 977
[client] second 28.062081: 94799100.902620 bit/s, bytes received: 1185783 B, packets received: 976
[client] second 28.162114: 94831297.307927 bit/s, bytes received: 1185783 B, packets received: 977
[client] second 28.262828: 50887201.384632 bit/s, bytes received: 640636 B, packets received: 538
[client] second 28.362877: 42413426.417865 bit/s, bytes received: 530423 B, packets received: 445
[client] second 28.463690: 82722126.216251 bit/s, bytes received: 1042441 B, packets received: 859
[client] second 28.563869: 0.000000 bit/s, bytes received: 0 B, packets received: 0
[client] second 28.664081: 0.000000 bit/s, bytes received: 0 B, packets received: 0
[client] second 28.764108: 31841262.679090 bit/s, bytes received: 398124 B, packets received: 328
[client] second 28.864138: 94735201.126268 bit/s, bytes received: 1184547 B, packets received: 977
[client] second 28.964153: 94849230.310161 bit/s, bytes received: 1185792 B, packets received: 976
[client] second 29.064171: 94747783.545584 bit/s, bytes received: 1184556 B, packets received: 976
[client] second 29.164254: 94686131.960110 bit/s, bytes received: 1184556 B, packets received: 977
[client] second 29.264426: 92151709.055916 bit/s, bytes received: 1153881 B, packets received: 955
[client] second 29.364455: 980597.068328 bit/s, bytes received: 12261 B, packets received: 23
[client] second 29.464475: 94844338.019567 bit/s, bytes received: 1185792 B, packets received: 976
[client] second 29.565370: 29718955.676178 bit/s, bytes received: 374811 B, packets received: 310
[client] second 29.665564: 0.000000 bit/s, bytes received: 0 B, packets received: 0
[client] second 29.765745: 0.000000 bit/s, bytes received: 0 B, packets received: 0
[client] second 29.865797: 85117901.244890 bit/s, bytes received: 1064527 B, packets received: 878
[client] second 29.965811: 94750034.510001 bit/s, bytes received: 1184547 B, packets received: 976
[client] second 30.065836: 94839304.789057 bit/s, bytes received: 1185783 B, packets received: 976
[client] second 30.165880: 94722988.594593 bit/s, bytes received: 1184565 B, packets received: 976
[client] second 30.265912: 94832313.574442 bit/s, bytes received: 1185783 B, packets received: 977
[client] second 30.366065: 38840763.551128 bit/s, bytes received: 486251 B, packets received: 413
[client] second 30.466122: 54262534.922191 bit/s, bytes received: 678664 B, packets received: 565
[client] second 30.566822: 71038122.216633 bit/s, bytes received: 894200 B, packets received: 737
[client] second 30.667018: 0.000000 bit/s, bytes received: 0 B, packets received: 0
[client] second 30.767199: 0.000000 bit/s, bytes received: 0 B, packets received: 0
[client] second 30.867223: 43404960.306384 bit/s, bytes received: 542693 B, packets received: 447
[client] second 30.967263: 94726841.236903 bit/s, bytes received: 1184556 B, packets received: 976
[client] second 31.067341: 94788291.855400 bit/s, bytes received: 1185783 B, packets received: 977
[client] second 31.167357: 94749747.361783 bit/s, bytes received: 1184556 B, packets received: 976
[client] second 31.267383: 94739831.538029 bit/s, bytes received: 1184556 B, packets received: 977
[client] second 31.367674: 80510080.695679 bit/s, bytes received: 1009312 B, packets received: 837
[client] second 31.467710: 12738855.668011 bit/s, bytes received: 159293 B, packets received: 142
[client] second 31.567812: 94668296.064515 bit/s, bytes received: 1184556 B, packets received: 977
[client] second 31.668396: 18214816.365020 bit/s, bytes received: 229015 B, packets received: 189
[client] second 31.768619: 0.000000 bit/s, bytes received: 0 B, packets received: 0
[client] second 31.868666: 1765323.448524 bit/s, bytes received: 22077 B, packets received: 19
[client] second 31.968763: 94772198.622145 bit/s, bytes received: 1185792 B, packets received: 976
[client] second 32.068789: 94739602.327825 bit/s, bytes received: 1184556 B, packets received: 977
[client] second 32.168877: 94778605.814345 bit/s, bytes received: 1185774 B, packets received: 977
[client] second 32.268902: 94839777.141016 bit/s, bytes received: 1185792 B, packets received: 976
[client] second 32.368973: 94696360.173309 bit/s, bytes received: 1184556 B, packets received: 977
[client] second 32.469997: 27154793.673776 bit/s, bytes received: 342909 B, packets received: 295
[client] second 32.570017: 66630429.336972 bit/s, bytes received: 833049 B, packets received: 691
[client] second 32.670819: 58714497.615516 bit/s, bytes received: 739815 B, packets received: 610
[client] second 32.771717: 0.000000 bit/s, bytes received: 0 B, packets received: 0
[client] second 32.871899: 0.000000 bit/s, bytes received: 0 B, packets received: 0
[client] second 32.971945: 56525837.485738 bit/s, bytes received: 706894 B, packets received: 583
[client] second 33.071957: 94850705.884186 bit/s, bytes received: 1185783 B, packets received: 976
[client] second 33.172055: 94671405.204081 bit/s, bytes received: 1184547 B, packets received: 976
[client] second 33.272111: 94752847.299794 bit/s, bytes received: 1185070 B, packets received: 978
[client] second 33.372196: 94781477.672854 bit/s, bytes received: 1185783 B, packets received: 976
[client] second 33.472739: 67106234.453908 bit/s, bytes received: 843379 B, packets received: 703
[client] second 33.572843: 26187009.174014 bit/s, bytes received: 327680 B, packets received: 280
[client] second 33.672950: 94761425.321614 bit/s, bytes received: 1185783 B, packets received: 977
[client] second 33.773434: 4729192.976009 bit/s, bytes received: 59401 B, packets received: 49
[client] second 33.873670: 0.000000 bit/s, bytes received: 0 B, packets received: 0
[client] second 33.973782: 15278537.082572 bit/s, bytes received: 191195 B, packets received: 158
[client] second 34.073819: 94868167.410342 bit/s, bytes received: 1186288 B, packets received: 977
[client] second 34.173849: 94735807.260575 bit/s, bytes received: 1184556 B, packets received: 976
[client] second 34.273936: 94682217.249187 bit/s, bytes received: 1184556 B, packets received: 977
[client] second 34.374037: 94766935.819186 bit/s, bytes received: 1185783 B, packets received: 977
[client] second 34.474104: 94799091.429061 bit/s, bytes received: 1185783 B, packets received: 976
[client] second 34.574337: 13831388.218292 bit/s, bytes received: 173295 B, packets received: 158
[client] second 34.674359: 79411025.456605 bit/s, bytes received: 992856 B, packets received: 821
[client] second 34.774542: 46315638.760808 bit/s, bytes received: 580008 B, packets received: 478
[client] second 34.874763: 0.000000 bit/s, bytes received: 0 B, packets received: 0
[client] second 34.974951: 0.000000 bit/s, bytes received: 0 B, packets received: 0
[client] second 35.075006: 68119644.496448 bit/s, bytes received: 851968 B, packets received: 702
[client] second 35.175084: 94690861.642707 bit/s, bytes received: 1184556 B, packets received: 976
[client] second 35.275106: 94744167.797866 bit/s, bytes received: 1184556 B, packets received: 977
[client] second 35.375167: 94804719.056892 bit/s, bytes received: 1185783 B, packets received: 976
[client] second 35.475196: 94736566.817953 bit/s, bytes received: 1184556 B, packets received: 976
[client] second 35.575808: 55662382.476707 bit/s, bytes received: 700037 B, packets received: 587
[client] second 35.675828: 37674211.218298 bit/s, bytes received: 471022 B, packets received: 396
[client] second 35.775852: 88126382.395934 bit/s, bytes received: 1101842 B, packets received: 908
[client] second 35.876127: 0.000000 bit/s, bytes received: 0 B, packets received: 0
[client] second 35.976301: 0.000000 bit/s, bytes received: 0 B, packets received: 0
[client] second 36.076400: 26384544.948339 bit/s, bytes received: 330134 B, packets received: 273
[client] second 36.176495: 94772379.733266 bit/s, bytes received: 1185783 B, packets received: 976
[client] second 36.276513: 94747698.287679 bit/s, bytes received: 1184556 B, packets received: 977
[client] second 36.376530: 94846194.500952 bit/s, bytes received: 1185774 B, packets received: 976
[client] second 36.476669: 94731861.755379 bit/s, bytes received: 1185792 B, packets received: 977
[client] second 36.576709: 94725930.335391 bit/s, bytes received: 1184556 B, packets received: 977
[client] second 36.677494: 2767149.821495 bit/s, bytes received: 34861 B, packets received: 45
[client] second 36.777553: 91039468.176609 bit/s, bytes received: 1138652 B, packets received: 938
[client] second 36.878502: 34410381.734179 bit/s, bytes received: 434212 B, packets received: 359
[client] second 36.978687: 0.000000 bit/s, bytes received: 0 B, packets received: 0
[client] second 37.078876: 0.000000 bit/s, bytes received: 0 B, packets received: 0
[client] second 37.178960: 80441283.892939 bit/s, bytes received: 1006353 B, packets received: 829
[client] second 37.278974: 94750278.828209 bit/s, bytes received: 1184556 B, packets received: 977
[client] second 37.378991: 94845880.613130 bit/s, bytes received: 1185774 B, packets received: 976
[client] second 37.479077: 94684301.732600 bit/s, bytes received: 1184565 B, packets received: 976
[client] second 37.579101: 94839598.719491 bit/s, bytes received: 1185783 B, packets received: 977
[client] second 37.679819: 43243565.685273 bit/s, bytes received: 544425 B, packets received: 460
[client] second 37.779835: 50122791.075680 bit/s, bytes received: 626634 B, packets received: 523
[client] second 37.880875: 74918816.521732 bit/s, bytes received: 946230 B, packets received: 780
[client] second 37.981078: 0.000000 bit/s, bytes received: 0 B, packets received: 0
[client] second 38.081290: 0.000000 bit/s, bytes received: 0 B, packets received: 0
[client] second 38.181317: 39634084.011007 bit/s, bytes received: 495562 B, packets received: 408
[client] second 38.281335: 94746673.384922 bit/s, bytes received: 1184547 B, packets received: 976
[client] second 38.381354: 94747743.675705 bit/s, bytes received: 1184565 B, packets received: 977
[client] second 38.481413: 94806380.945483 bit/s, bytes received: 1185783 B, packets received: 976
[client] second 38.581456: 94723947.622812 bit/s, bytes received: 1184556 B, packets received: 977
[client] second 38.681580: 84410556.507118 bit/s, bytes received: 1056443 B, packets received: 876
[client] second 38.781605: 8774420.334888 bit/s, bytes received: 109708 B, packets received: 101
[client] second 38.881682: 94692018.826433 bit/s, bytes received: 1184556 B, packets received: 977
[client] second 38.982423: 22123988.677219 bit/s, bytes received: 278600 B, packets received: 230
[client] second 39.082656: 0.000000 bit/s, bytes received: 0 B, packets received: 0
[client] second 39.182884: 0.000000 bit/s, bytes received: 0 B, packets received: 0
[client] second 39.282951: 92796535.965235 bit/s, bytes received: 1160738 B, packets received: 956
[client] second 39.382999: 94717943.983316 bit/s, bytes received: 1184547 B, packets received: 977
[client] second 39.483060: 94804909.498410 bit/s, bytes received: 1185783 B, packets received: 976
[client] second 39.583109: 94719326.482991 bit/s, bytes received: 1184565 B, packets received: 976
[client] second 39.683151: 94764871.219020 bit/s, bytes received: 1185061 B, packets received: 978
[client] second 39.784199: 30936817.636999 bit/s, bytes received: 390762 B, packets received: 334
[client] second 39.884219: 62860725.161122 bit/s, bytes received: 785918 B, packets received: 652
[client] second 39.984457: 62806058.383235 bit/s, bytes received: 786946 B, packets received: 649
[client] second 40.085369: 0.000000 bit/s, bytes received: 0 B, packets received: 0
[client] total: bytes received: 276824064 B, packets received: 228772
