Bandwidth: 100 Mbit/s
RTT: 500 ms
BDP: 6250000 B/s
Max In-Flight Packets: 4882
[server] starting server with pid 164835, port 18080, cc cubic, iw 32
[server][session 0] open
[client] connection establishment time: 1.005317 s
[server][session 0][stream 0] open
[client] time to first byte: 1.506617 s
[client] second 1.000563: 955654.197955 bit/s, bytes received: 119524 B, packets received: 107
[client] second 2.001650: 3826952.879092 bit/s, bytes received: 478889 B, packets received: 395
[client] second 3.002297: 10268869.602236 bit/s, bytes received: 1284439 B, packets received: 1067
[client] second 4.002538: 22680459.838057 bit/s, bytes received: 2835740 B, packets received: 2350
[client] second 5.002564: 65176846.385275 bit/s, bytes received: 8147323 B, packets received: 6732
[client] second 6.002717: 58583709.473360 bit/s, bytes received: 7324081 B, packets received: 6055
[client] second 7.002741: 59091833.682166 bit/s, bytes received: 7386658 B, packets received: 6106
[client] second 8.002768: 59531682.316755 bit/s, bytes received: 7441656 B, packets received: 6137
[client] second 9.002811: 57321575.964276 bit/s, bytes received: 7165510 B, packets received: 5923
[client] second 10.002922: 46014453.598541 bit/s, bytes received: 5752444 B, packets received: 4758
[client] second 11.003046: 58703179.884228 bit/s, bytes received: 7338805 B, packets received: 6065
[client] second 12.003088: 58609793.655334 bit/s, bytes received: 7326535 B, packets received: 6054
[client] second 13.003124: 58610155.850732 bit/s, bytes received: 7326535 B, packets received: 6055
[client] second 14.003199: 58603870.905612 bit/s, bytes received: 7326030 B, packets received: 6055
[client] second 15.003264: 58618259.610763 bit/s, bytes received: 7327762 B, packets received: 6055
[client] second 16.003283: 58591533.530441 bit/s, bytes received: 7324081 B, packets received: 6054
[client] second 17.003334: 58619132.275291 bit/s, bytes received: 7327762 B, packets received: 6056
[client] second 18.004337: 61705896.086100 bit/s, bytes received: 7720978 B, packets received: 6379
[client] second 19.005153: 62863327.519611 bit/s, bytes received: 7864320 B, packets received: 6498
[client] second 20.006018: 62860145.806244 bit/s, bytes received: 7864320 B, packets received: 6498
[client] second 21.006558: 62880618.676934 bit/s, bytes received: 7864320 B, packets received: 6498
[client] second 22.006908: 62892518.247807 bit/s, bytes received: 7864320 B, packets received: 6498
[client] second 23.007564: 62873353.872719 bit/s, bytes received: 7864320 B, packets received: 6498
[client] second 24.007676: 60840031.026160 bit/s, bytes received: 7605857 B, packets received: 6285
[client] second 25.007725: 58624916.181748 bit/s, bytes received: 7328475 B, packets received: 6055
[client] second 26.007758: 58600590.401798 bit/s, bytes received: 7325317 B, packets received: 6054
[client] second 27.008449: 60956045.180287 bit/s, bytes received: 7624767 B, packets received: 6298
[client] second 28.008963: 62882195.162972 bit/s, bytes received: 7864320 B, packets received: 6492
[client] second 29.009044: 56765740.695790 bit/s, bytes received: 7096293 B, packets received: 5857
[client] second 30.009077: 61594832.562812 bit/s, bytes received: 7699605 B, packets received: 6369
[client] second 31.009708: 62512010.549346 bit/s, bytes received: 7818930 B, packets received: 6461
[client] second 32.010279: 62878652.642379 bit/s, bytes received: 7864320 B, packets received: 6492
[client] second 33.010306: 44353104.115474 bit/s, bytes received: 5544288 B, packets received: 4580
[client] second 34.010380: 77677232.235494 bit/s, bytes received: 9710371 B, packets received: 8022
[client] second 35.010486: 61168351.654375 bit/s, bytes received: 7646853 B, packets received: 6322
[client] second 36.010574: 58518731.285521 bit/s, bytes received: 7315492 B, packets received: 6051
[client] second 37.010603: 58626244.242329 bit/s, bytes received: 7328484 B, packets received: 6056
[client] second 38.010695: 58626424.794395 bit/s, bytes received: 7328980 B, packets received: 6057
[client] second 39.011737: 62741189.548287 bit/s, bytes received: 7850823 B, packets received: 6487
[client] second 40.012112: 62890978.901679 bit/s, bytes received: 7864320 B, packets received: 6497
[client] total: bytes received: 275093847 B, packets received: 227328
