Bandwidth: 100 Mbit/s
RTT: 500 ms
BDP: 6250000 B/s
Max In-Flight Packets: 4882
[server] starting server with pid 165210, port 18080, cc cubic, iw 32
[server][session 0] open
[client] connection establishment time: 1.005558 s
[server][session 0][stream 0] open
[client] time to first byte: 1.506902 s
[client] second 1.000638: 955582.775846 bit/s, bytes received: 119524 B, packets received: 107
[client] second 2.000799: 3820679.380555 bit/s, bytes received: 477662 B, packets received: 394
[client] second 3.001300: 10260576.181459 bit/s, bytes received: 1283214 B, packets received: 1066
[client] second 4.001325: 22642023.896344 bit/s, bytes received: 2830325 B, packets received: 2344
[client] second 5.001385: 65047073.175609 bit/s, bytes received: 8131372 B, packets received: 6719
[client] second 6.001457: 58578618.908571 bit/s, bytes received: 7322854 B, packets received: 6054
[client] second 7.001500: 58806076.748859 bit/s, bytes received: 7351075 B, packets received: 6076
[client] second 8.001537: 59222748.770656 bit/s, bytes received: 7403114 B, packets received: 6105
[client] second 9.001594: 57334675.090354 bit/s, bytes received: 7167242 B, packets received: 5925
[client] second 10.001678: 58603142.393580 bit/s, bytes received: 7326012 B, packets received: 6053
[client] second 11.001737: 58618714.771513 bit/s, bytes received: 7327771 B, packets received: 6057
[client] second 12.001881: 55468396.636719 bit/s, bytes received: 6934546 B, packets received: 5731
[client] second 13.001984: 58606222.167846 bit/s, bytes received: 7326535 B, packets received: 6059
[client] second 14.002096: 54676979.142667 bit/s, bytes received: 6835385 B, packets received: 5649
[client] second 15.002131: 58600396.753804 bit/s, bytes received: 7325308 B, packets received: 6057
[client] second 16.003181: 61032240.222597 bit/s, bytes received: 7637037 B, packets received: 6310
[client] second 17.003597: 62888387.362501 bit/s, bytes received: 7864320 B, packets received: 6498
[client] second 18.003661: 65125370.492735 bit/s, bytes received: 8141188 B, packets received: 6717
[client] second 19.003701: 73564118.657523 bit/s, bytes received: 9195890 B, packets received: 7599
[client] second 20.003737: 71192723.914803 bit/s, bytes received: 8899408 B, packets received: 7355
[client] second 21.003846: 58704016.665201 bit/s, bytes received: 7338805 B, packets received: 6063
[client] second 22.003920: 58725718.486311 bit/s, bytes received: 7341259 B, packets received: 6066
[client] second 23.003946: 58610785.952455 bit/s, bytes received: 7326535 B, packets received: 6055
[client] second 24.004189: 58613550.342549 bit/s, bytes received: 7328475 B, packets received: 6057
[client] second 25.004253: 58618321.273202 bit/s, bytes received: 7327762 B, packets received: 6055
[client] second 26.004341: 58616950.604076 bit/s, bytes received: 7327762 B, packets received: 6057
[client] second 27.004393: 58599501.014643 bit/s, bytes received: 7325317 B, packets received: 6053
[client] second 28.004448: 58618893.180914 bit/s, bytes received: 7327762 B, packets received: 6056
[client] second 29.004494: 58595692.034455 bit/s, bytes received: 7324803 B, packets received: 6054
[client] second 30.004538: 58619526.823378 bit/s, bytes received: 7327762 B, packets received: 6055
[client] second 31.005318: 59329905.359025 bit/s, bytes received: 7422024 B, packets received: 6134
[client] second 32.005829: 62882458.567784 bit/s, bytes received: 7864320 B, packets received: 6498
[client] second 33.006178: 62892598.156294 bit/s, bytes received: 7864320 B, packets received: 6498
[client] second 34.006528: 62892528.935791 bit/s, bytes received: 7864320 B, packets received: 6498
[client] second 35.006922: 62889805.314832 bit/s, bytes received: 7864320 B, packets received: 6499
[client] second 36.007587: 62872753.265698 bit/s, bytes received: 7864320 B, packets received: 6488
[client] second 37.007683: 64981788.167142 bit/s, bytes received: 8123505 B, packets received: 6714
[client] second 38.007740: 60837617.366170 bit/s, bytes received: 7605135 B, packets received: 6287
[client] second 39.008254: 62882222.879766 bit/s, bytes received: 7864320 B, packets received: 6492
[client] second 40.008312: 61779832.275489 bit/s, bytes received: 7722927 B, packets received: 6374
[client] total: bytes received: 278256762 B, packets received: 229928
