Bandwidth: 100 Mbit/s
RTT: 500 ms
BDP: 6250000 B/s
Max In-Flight Packets: 4882
[server] starting server with pid 165946, port 18080, cc cubic, iw 32
[server][session 0] open
[client] connection establishment time: 1.005932 s
[server][session 0][stream 0] open
[client] time to first byte: 1.507188 s
[client] second 1.000530: 955686.450469 bit/s, bytes received: 119524 B, packets received: 107
[client] second 2.000824: 3820173.182339 bit/s, bytes received: 477662 B, packets received: 394
[client] second 3.001508: 10258691.833557 bit/s, bytes received: 1283214 B, packets received: 1065
[client] second 4.001525: 22661777.696595 bit/s, bytes received: 2832772 B, packets received: 2347
[client] second 5.001586: 65027436.642764 bit/s, bytes received: 8128925 B, packets received: 6718
[client] second 6.001612: 58610771.182917 bit/s, bytes received: 7326535 B, packets received: 6056
[client] second 7.001654: 65464513.352066 bit/s, bytes received: 8183411 B, packets received: 6768
[client] second 8.001756: 58518022.461240 bit/s, bytes received: 7315492 B, packets received: 6049
[client] second 9.001808: 57163988.820850 bit/s, bytes received: 7145878 B, packets received: 5905
[client] second 10.001854: 58527078.281477 bit/s, bytes received: 7316214 B, packets received: 6047
[client] second 11.001943: 58528512.878698 bit/s, bytes received: 7316719 B, packets received: 6051
[client] second 12.001994: 45948508.067267 bit/s, bytes received: 5743855 B, packets received: 4752
[client] second 13.002047: 58717161.899154 bit/s, bytes received: 7340032 B, packets received: 6065
[client] second 14.002154: 58435093.298117 bit/s, bytes received: 7305171 B, packets received: 6044
[client] second 15.002220: 58520049.566468 bit/s, bytes received: 7315492 B, packets received: 6048
[client] second 16.002253: 58518002.474476 bit/s, bytes received: 7314987 B, packets received: 6049
[client] second 17.002684: 58577179.746134 bit/s, bytes received: 7325308 B, packets received: 6056
[client] second 18.003404: 62869329.666681 bit/s, bytes received: 7864320 B, packets received: 6501
[client] second 19.004175: 62866076.236087 bit/s, bytes received: 7864320 B, packets received: 6501
[client] second 20.004642: 62885207.197607 bit/s, bytes received: 7864320 B, packets received: 6502
[client] second 21.005214: 62888335.205344 bit/s, bytes received: 7865538 B, packets received: 6504
[client] second 22.005759: 62870495.813652 bit/s, bytes received: 7863102 B, packets received: 6500
[client] second 23.005845: 50297926.738442 bit/s, bytes received: 6287775 B, packets received: 6231
[client] second 24.005882: 68512265.482730 bit/s, bytes received: 8564357 B, packets received: 6039
[client] second 25.006945: 69862213.354453 bit/s, bytes received: 8742055 B, packets received: 7224
[client] second 26.006973: 60036204.194951 bit/s, bytes received: 7504738 B, packets received: 6201
[client] second 27.007049: 58564479.336457 bit/s, bytes received: 7321113 B, packets received: 6050
[client] second 28.007108: 58618648.578658 bit/s, bytes received: 7327762 B, packets received: 6056
[client] second 29.007285: 61835415.750111 bit/s, bytes received: 7730803 B, packets received: 6384
[client] second 30.007668: 62890482.881753 bit/s, bytes received: 7864320 B, packets received: 6492
[client] second 31.007743: 60832515.216686 bit/s, bytes received: 7604630 B, packets received: 6278
[client] second 32.007767: 58620642.325312 bit/s, bytes received: 7327762 B, packets received: 6056
[client] second 33.007857: 58616829.864005 bit/s, bytes received: 7327762 B, packets received: 6055
[client] second 34.007877: 55828663.268736 bit/s, bytes received: 6978718 B, packets received: 5767
[client] second 35.007960: 58627037.806704 bit/s, bytes received: 7328989 B, packets received: 6059
[client] second 36.008075: 58634990.311898 bit/s, bytes received: 7330216 B, packets received: 6058
[client] second 37.008179: 58645415.612714 bit/s, bytes received: 7331443 B, packets received: 6058
[client] second 38.008245: 58637889.270579 bit/s, bytes received: 7330216 B, packets received: 6058
[client] second 39.008330: 58626929.121413 bit/s, bytes received: 7328989 B, packets received: 6057
[client] second 40.008348: 58636595.717495 bit/s, bytes received: 7329711 B, packets received: 6058
[client] total: bytes received: 273674150 B, packets received: 226210
