Bandwidth: 100 Mbit/s
RTT: 500 ms
BDP: 6250000 B/s
Max In-Flight Packets: 4882
[server] starting server with pid 166503, port 18080, cc cubic, iw 32
[server][session 0] open
[client] connection establishment time: 1.005691 s
[server][session 0][stream 0] open
[client] time to first byte: 1.506703 s
[client] second 1.000734: 955491.083273 bit/s, bytes received: 119524 B, packets received: 107
[client] second 2.001029: 3829983.139280 bit/s, bytes received: 478889 B, packets received: 395
[client] second 3.001408: 10271622.845171 bit/s, bytes received: 1284439 B, packets received: 1067
[client] second 4.002268: 22666417.247939 bit/s, bytes received: 2835740 B, packets received: 2350
[client] second 5.002333: 65105618.064021 bit/s, bytes received: 8138734 B, packets received: 6725
[client] second 6.002409: 71175969.830107 bit/s, bytes received: 8897667 B, packets received: 7358
[client] second 7.003171: 59022860.748428 bit/s, bytes received: 7383482 B, packets received: 6102
[client] second 8.004198: 58087168.684082 bit/s, bytes received: 7268351 B, packets received: 6013
[client] second 9.005130: 50284747.566799 bit/s, bytes received: 6291456 B, packets received: 5201
[client] second 10.005510: 62890740.323753 bit/s, bytes received: 7864330 B, packets received: 6498
[client] second 11.005972: 62885512.615753 bit/s, bytes received: 7864320 B, packets received: 6502
[client] second 12.006586: 62875996.956423 bit/s, bytes received: 7864320 B, packets received: 6499
[client] second 13.006781: 62902280.468416 bit/s, bytes received: 7864320 B, packets received: 6499
[client] second 14.006838: 50152119.985749 bit/s, bytes received: 6269370 B, packets received: 5472
[client] second 15.006866: 62712386.539738 bit/s, bytes received: 7839266 B, packets received: 6176
[client] second 16.006936: 69915939.398225 bit/s, bytes received: 8740115 B, packets received: 7226
[client] second 17.006967: 58606465.689251 bit/s, bytes received: 7326030 B, packets received: 6044
[client] second 18.007052: 58617091.624420 bit/s, bytes received: 7327762 B, packets received: 6055
[client] second 19.007102: 58619152.028947 bit/s, bytes received: 7327762 B, packets received: 6056
[client] second 20.007195: 58626476.211752 bit/s, bytes received: 7328989 B, packets received: 6058
[client] second 21.007249: 58638562.104032 bit/s, bytes received: 7330216 B, packets received: 6058
[client] second 22.007341: 58636373.560912 bit/s, bytes received: 7330216 B, packets received: 6058
[client] second 23.007378: 58605993.131595 bit/s, bytes received: 7326021 B, packets received: 6054
[client] second 24.007416: 58610134.485562 bit/s, bytes received: 7326544 B, packets received: 6056
[client] second 25.007446: 58610475.500680 bit/s, bytes received: 7326535 B, packets received: 6054
[client] second 26.007493: 58570238.306448 bit/s, bytes received: 7321627 B, packets received: 6051
[client] second 27.007531: 63632820.648879 bit/s, bytes received: 7954396 B, packets received: 6570
[client] second 28.007613: 58430757.906537 bit/s, bytes received: 7304449 B, packets received: 6036
[client] second 29.008670: 60097872.462152 bit/s, bytes received: 7520175 B, packets received: 6214
[client] second 30.009133: 62885489.987429 bit/s, bytes received: 7864320 B, packets received: 6498
[client] second 31.009446: 62894869.943331 bit/s, bytes received: 7864320 B, packets received: 6498
[client] second 32.010448: 62851544.978153 bit/s, bytes received: 7864320 B, packets received: 6498
[client] second 33.010865: 62888351.971088 bit/s, bytes received: 7864320 B, packets received: 6498
[client] second 34.011452: 62877629.641639 bit/s, bytes received: 7864320 B, packets received: 6498
[client] second 35.011520: 62454841.484842 bit/s, bytes received: 7807382 B, packets received: 6451
[client] second 36.011610: 58616807.708842 bit/s, bytes received: 7327762 B, packets received: 6057
[client] second 37.011670: 58608719.198772 bit/s, bytes received: 7326526 B, packets received: 6055
[client] second 38.012681: 59321950.203321 bit/s, bytes received: 7422746 B, packets received: 6132
[client] second 39.013006: 62894097.468283 bit/s, bytes received: 7864320 B, packets received: 6493
[client] second 40.013462: 62885931.808404 bit/s, bytes received: 7864320 B, packets received: 6492
[client] total: bytes received: 277989701 B, packets received: 229724
