Bandwidth: 100 Mbit/s
RTT: 500 ms
BDP: 6250000 B/s
Max In-Flight Packets: 4882
[server] starting server with pid 166689, port 18080, cc cubic, iw 32
[server][session 0] open
[client] connection establishment time: 1.005821 s
[server][session 0][stream 0] open
[client] time to first byte: 1.506905 s
[client] second 1.000803: 965233.509180 bit/s, bytes received: 120751 B, packets received: 108
[client] second 2.001256: 3819566.305579 bit/s, bytes received: 477662 B, packets received: 394
[client] second 3.001485: 10273170.245790 bit/s, bytes received: 1284441 B, packets received: 1067
[client] second 4.001873: 22673072.062846 bit/s, bytes received: 2835233 B, packets received: 2348
[client] second 5.001917: 65042318.885443 bit/s, bytes received: 8130650 B, packets received: 6719
[client] second 6.001959: 58586200.927349 bit/s, bytes received: 7323576 B, packets received: 6058
[client] second 7.001996: 46414513.549050 bit/s, bytes received: 5802029 B, packets received: 4797
[client] second 8.002114: 46053347.901790 bit/s, bytes received: 5757352 B, packets received: 4758
[client] second 9.002164: 58707520.533711 bit/s, bytes received: 7338805 B, packets received: 6065
[client] second 10.002201: 58032701.460900 bit/s, bytes received: 7254359 B, packets received: 5993
[client] second 11.002277: 58607779.215138 bit/s, bytes received: 7326523 B, packets received: 6055
[client] second 12.002362: 58617208.189108 bit/s, bytes received: 7327774 B, packets received: 6057
[client] second 13.002401: 58609955.998025 bit/s, bytes received: 7326535 B, packets received: 6054
[client] second 14.002431: 58639964.696262 bit/s, bytes received: 7330216 B, packets received: 6058
[client] second 15.002593: 61101939.739931 bit/s, bytes received: 7638974 B, packets received: 6312
[client] second 16.002658: 62910470.410161 bit/s, bytes received: 7864323 B, packets received: 6498
[client] second 17.002953: 62896033.595928 bit/s, bytes received: 7864320 B, packets received: 6498
[client] second 18.003420: 62885144.907503 bit/s, bytes received: 7864320 B, packets received: 6498
[client] second 19.004167: 62867636.099357 bit/s, bytes received: 7864320 B, packets received: 6498
[client] second 20.004199: 62912529.938484 bit/s, bytes received: 7864320 B, packets received: 6498
[client] second 21.004230: 61349657.559403 bit/s, bytes received: 7668948 B, packets received: 6337
[client] second 22.004304: 58617749.552488 bit/s, bytes received: 7327762 B, packets received: 6056
[client] second 23.004337: 58629972.755021 bit/s, bytes received: 7328989 B, packets received: 6057
[client] second 24.004781: 60442933.366957 bit/s, bytes received: 7558717 B, packets received: 6244
[client] second 25.005266: 62884051.048025 bit/s, bytes received: 7864320 B, packets received: 6492
[client] second 26.005376: 62177364.199700 bit/s, bytes received: 7773026 B, packets received: 6415
[client] second 27.005433: 58599155.901852 bit/s, bytes received: 7325308 B, packets received: 6054
[client] second 28.005503: 58623743.364250 bit/s, bytes received: 7328484 B, packets received: 6055
[client] second 29.005533: 58620333.579671 bit/s, bytes received: 7327762 B, packets received: 6057
[client] second 30.005597: 58618338.857571 bit/s, bytes received: 7327762 B, packets received: 6055
[client] second 31.005686: 58616888.592851 bit/s, bytes received: 7327762 B, packets received: 6057
[client] second 32.005718: 58620226.894065 bit/s, bytes received: 7327762 B, packets received: 6056
[client] second 33.005787: 58613929.557265 bit/s, bytes received: 7327248 B, packets received: 6054
[client] second 34.005871: 58626998.764369 bit/s, bytes received: 7328989 B, packets received: 6057
[client] second 35.005934: 58628274.413193 bit/s, bytes received: 7328998 B, packets received: 6057
[client] second 36.006011: 58607775.230572 bit/s, bytes received: 7326535 B, packets received: 6055
[client] second 37.006038: 58620476.492096 bit/s, bytes received: 7327762 B, packets received: 6056
[client] second 38.006360: 60519017.401159 bit/s, bytes received: 7567306 B, packets received: 6253
[client] second 39.006938: 62878195.715950 bit/s, bytes received: 7864320 B, packets received: 6498
[client] second 40.007768: 62862394.333549 bit/s, bytes received: 7864320 B, packets received: 6498
[client] total: bytes received: 272018563 B, packets received: 224796
