Bandwidth: 100 Mbit/s
RTT: 500 ms
BDP: 6250000 B/s
Max In-Flight Packets: 4882
[server] starting server with pid 166876, port 18080, cc cubic, iw 32
[server][session 0] open
[client] connection establishment time: 1.005387 s
[server][session 0][stream 0] open
[client] time to first byte: 1.506414 s
[client] second 1.000075: 956121.259456 bit/s, bytes received: 119524 B, packets received: 107
[client] second 2.000599: 3829102.747257 bit/s, bytes received: 478889 B, packets received: 395
[client] second 3.000974: 10271662.232354 bit/s, bytes received: 1284439 B, packets received: 1066
[client] second 4.001062: 22650387.545128 bit/s, bytes received: 2831547 B, packets received: 2346
[client] second 5.001106: 65018718.560054 bit/s, bytes received: 8127698 B, packets received: 6716
[client] second 6.001180: 58627583.232392 bit/s, bytes received: 7328989 B, packets received: 6064
[client] second 7.001202: 58826945.337052 bit/s, bytes received: 7353529 B, packets received: 6078
[client] second 8.001240: 71848407.244514 bit/s, bytes received: 8981391 B, packets received: 7417
[client] second 9.001272: 57430213.983317 bit/s, bytes received: 7179007 B, packets received: 5934
[client] second 10.001308: 58619984.156451 bit/s, bytes received: 7327762 B, packets received: 6055
[client] second 11.001387: 58607632.180338 bit/s, bytes received: 7326535 B, packets received: 6056
[client] second 12.001451: 66982691.126112 bit/s, bytes received: 8373370 B, packets received: 6913
[client] second 13.001695: 61792027.194332 bit/s, bytes received: 7725895 B, packets received: 6388
[client] second 14.001739: 58315235.004388 bit/s, bytes received: 7289725 B, packets received: 6038
[client] second 15.001778: 58708211.436294 bit/s, bytes received: 7338805 B, packets received: 6065
[client] second 16.002687: 59078765.555321 bit/s, bytes received: 7391566 B, packets received: 6107
[client] second 17.003198: 62882470.195105 bit/s, bytes received: 7864320 B, packets received: 6498
[client] second 18.003649: 62895955.031980 bit/s, bytes received: 7865538 B, packets received: 6499
[client] second 19.004348: 62870559.158985 bit/s, bytes received: 7864320 B, packets received: 6498
[client] second 20.004576: 62900270.505247 bit/s, bytes received: 7864320 B, packets received: 6498
[client] second 21.005624: 62848681.760384 bit/s, bytes received: 7864320 B, packets received: 6498
[client] second 22.005823: 62902050.228957 bit/s, bytes received: 7864320 B, packets received: 6498
[client] second 23.005860: 59124656.726583 bit/s, bytes received: 7390853 B, packets received: 6107
[client] second 24.005886: 58630286.766443 bit/s, bytes received: 7328980 B, packets received: 6057
[client] second 25.005957: 58637598.381526 bit/s, bytes received: 7330225 B, packets received: 6059
[client] second 26.006503: 62630975.846684 bit/s, bytes received: 7833140 B, packets received: 6466
[client] second 27.006896: 62889803.743206 bit/s, bytes received: 7864320 B, packets received: 6493
[client] second 28.006954: 60054066.916770 bit/s, bytes received: 7507192 B, packets received: 6199
[client] second 29.007001: 58629175.717740 bit/s, bytes received: 7328989 B, packets received: 6056
[client] second 30.007049: 58638909.813994 bit/s, bytes received: 7330216 B, packets received: 6058
[client] second 31.007129: 58613370.681601 bit/s, bytes received: 7327257 B, packets received: 6056
[client] second 32.007165: 58629632.650149 bit/s, bytes received: 7328971 B, packets received: 6056
[client] second 33.007210: 58590116.196646 bit/s, bytes received: 7324090 B, packets received: 6054
[client] second 34.007239: 58620391.436258 bit/s, bytes received: 7327762 B, packets received: 6056
[client] second 35.007344: 58625861.290924 bit/s, bytes received: 7328998 B, packets received: 6056
[client] second 36.007427: 58622856.568997 bit/s, bytes received: 7328475 B, packets received: 6056
[client] second 37.007466: 58600303.094051 bit/s, bytes received: 7325317 B, packets received: 6055
[client] second 38.007621: 72095127.295905 bit/s, bytes received: 9013293 B, packets received: 7433
[client] second 39.007793: 70042211.495748 bit/s, bytes received: 8756779 B, packets received: 7243
[client] second 40.007855: 72268725.365943 bit/s, bytes received: 9034152 B, packets received: 7466
[client] total: bytes received: 281656045 B, packets received: 232760
