Bandwidth: 100 Mbit/s
RTT: 500 ms
BDP: 6250000 B/s
Max In-Flight Packets: 4882
[server] starting server with pid 167058, port 18080, cc cubic, iw 32
[server][session 0] open
[client] connection establishment time: 1.004982 s
[server][session 0][stream 0] open
[client] time to first byte: 1.506193 s
[client] second 1.000657: 955564.282179 bit/s, bytes received: 119524 B, packets received: 107
[client] second 2.001355: 3818630.366886 bit/s, bytes received: 477662 B, packets received: 394
[client] second 3.001632: 10262871.524522 bit/s, bytes received: 1283214 B, packets received: 1066
[client] second 4.002003: 22663653.292166 bit/s, bytes received: 2834006 B, packets received: 2347
[client] second 5.002069: 65109583.710204 bit/s, bytes received: 8139239 B, packets received: 6726
[client] second 6.002099: 58596654.146658 bit/s, bytes received: 7324803 B, packets received: 6059
[client] second 7.002158: 65424209.441469 bit/s, bytes received: 8178503 B, packets received: 6762
[client] second 8.002190: 58512220.049703 bit/s, bytes received: 7314265 B, packets received: 6047
[client] second 9.002264: 57172611.799494 bit/s, bytes received: 7147105 B, packets received: 5906
[client] second 10.002355: 58514494.399307 bit/s, bytes received: 7314977 B, packets received: 6045
[client] second 11.002406: 58628928.458925 bit/s, bytes received: 7328990 B, packets received: 6058
[client] second 12.002456: 61112993.974052 bit/s, bytes received: 7639500 B, packets received: 6311
[client] second 13.002510: 71132361.242306 bit/s, bytes received: 8892037 B, packets received: 7349
[client] second 14.002548: 56410789.842000 bit/s, bytes received: 7051607 B, packets received: 5828
[client] second 15.002584: 71094414.262484 bit/s, bytes received: 8887126 B, packets received: 7341
[client] second 16.003501: 61550320.081436 bit/s, bytes received: 7700844 B, packets received: 6370
[client] second 17.003585: 62889696.763431 bit/s, bytes received: 7861875 B, packets received: 6496
[client] second 18.004390: 62863920.346149 bit/s, bytes received: 7864320 B, packets received: 6498
[client] second 19.004750: 62901706.058885 bit/s, bytes received: 7865538 B, packets received: 6499
[client] second 20.004803: 55879966.203316 bit/s, bytes received: 6985367 B, packets received: 5760
[client] second 21.004828: 69145374.839884 bit/s, bytes received: 8643390 B, packets received: 7141
[client] second 22.004891: 75066606.696585 bit/s, bytes received: 9383918 B, packets received: 7754
[client] second 23.005594: 64726561.084550 bit/s, bytes received: 8096511 B, packets received: 6685
[client] second 24.005710: 69300235.454185 bit/s, bytes received: 8663527 B, packets received: 7165
[client] second 25.005735: 58626303.446352 bit/s, bytes received: 7328475 B, packets received: 6056
[client] second 26.005762: 58630441.257199 bit/s, bytes received: 7328998 B, packets received: 6057
[client] second 27.005823: 58638113.136239 bit/s, bytes received: 7330216 B, packets received: 6059
[client] second 28.005920: 58655702.657479 bit/s, bytes received: 7332670 B, packets received: 6059
[client] second 29.005944: 71507537.763817 bit/s, bytes received: 8938663 B, packets received: 7374
[client] second 30.006884: 64970227.663313 bit/s, bytes received: 8128909 B, packets received: 6724
[client] second 31.007076: 62902557.288006 bit/s, bytes received: 7864329 B, packets received: 6498
[client] second 32.007103: 57841039.951375 bit/s, bytes received: 7230324 B, packets received: 5961
[client] second 33.008087: 67929391.506228 bit/s, bytes received: 8499534 B, packets received: 7024
[client] second 34.008752: 69546659.985240 bit/s, bytes received: 8699110 B, packets received: 7187
[client] second 35.009064: 56218773.878863 bit/s, bytes received: 7029539 B, packets received: 5832
[client] second 36.009823: 62870867.682805 bit/s, bytes received: 7864825 B, packets received: 6516
[client] second 37.010258: 62887168.361851 bit/s, bytes received: 7864320 B, packets received: 6515
[client] second 38.010649: 62890046.843322 bit/s, bytes received: 7864320 B, packets received: 6515
[client] second 39.011249: 62876797.955698 bit/s, bytes received: 7864320 B, packets received: 6515
[client] second 40.011307: 58834658.299997 bit/s, bytes received: 7354756 B, packets received: 6078
[client] total: bytes received: 287522383 B, packets received: 237684
