Bandwidth: 100 Mbit/s
RTT: 500 ms
BDP: 6250000 B/s
Max In-Flight Packets: 4882
[server] starting server with pid 167799, port 18080, cc cubic, iw 32
[server][session 0] open
[client] connection establishment time: 1.004997 s
[server][session 0][stream 0] open
[client] time to first byte: 1.505965 s
[client] second 1.000930: 955304.224321 bit/s, bytes received: 119524 B, packets received: 107
[client] second 2.001399: 3829314.967584 bit/s, bytes received: 478889 B, packets received: 396
[client] second 3.001558: 10283707.707848 bit/s, bytes received: 1285668 B, packets received: 1066
[client] second 4.002336: 22658473.099087 bit/s, bytes received: 2834511 B, packets received: 2350
[client] second 5.002423: 65241557.026436 bit/s, bytes received: 8155912 B, packets received: 6740
[client] second 6.002458: 57420235.344744 bit/s, bytes received: 7177780 B, packets received: 5937
[client] second 7.002486: 64299100.532869 bit/s, bytes received: 8037608 B, packets received: 6647
[client] second 8.002532: 58413341.954032 bit/s, bytes received: 7302002 B, packets received: 6035
[client] second 9.002606: 57152951.305340 bit/s, bytes received: 7144651 B, packets received: 5906
[client] second 10.002683: 57250963.053652 bit/s, bytes received: 7156921 B, packets received: 5915
[client] second 11.002704: 58797486.483989 bit/s, bytes received: 7349839 B, packets received: 6076
[client] second 12.003774: 69626440.937221 bit/s, bytes received: 8712616 B, packets received: 7194
[client] second 13.004736: 63495549.978932 bit/s, bytes received: 7944580 B, packets received: 6566
[client] second 14.004927: 75483040.699381 bit/s, bytes received: 9437184 B, packets received: 7811
[client] second 15.004954: 57037786.012875 bit/s, bytes received: 7129918 B, packets received: 5893
[client] second 16.004980: 58718854.861369 bit/s, bytes received: 7340041 B, packets received: 6066
[client] second 17.005647: 60360847.567924 bit/s, bytes received: 7550137 B, packets received: 6237
[client] second 18.006080: 62887290.561518 bit/s, bytes received: 7864320 B, packets received: 6492
[client] second 19.006179: 62276090.125343 bit/s, bytes received: 7785287 B, packets received: 6424
[client] second 20.006205: 58640249.268834 bit/s, bytes received: 7330216 B, packets received: 6058
[client] second 21.006266: 58618525.369764 bit/s, bytes received: 7327762 B, packets received: 6057
[client] second 22.006322: 58604948.687477 bit/s, bytes received: 7326030 B, packets received: 6054
[client] second 23.006382: 58608781.290192 bit/s, bytes received: 7326535 B, packets received: 6055
[client] second 24.006423: 58629445.517857 bit/s, bytes received: 7328989 B, packets received: 6056
[client] second 25.006439: 58631013.948759 bit/s, bytes received: 7328989 B, packets received: 6059
[client] second 26.006470: 58620292.663937 bit/s, bytes received: 7327762 B, packets received: 6056
[client] second 27.006505: 58625734.087756 bit/s, bytes received: 7328475 B, packets received: 6055
[client] second 28.006549: 58609788.818106 bit/s, bytes received: 7326544 B, packets received: 6056
[client] second 29.006580: 58590796.120707 bit/s, bytes received: 7324081 B, packets received: 6052
[client] second 30.006622: 58609828.116451 bit/s, bytes received: 7326535 B, packets received: 6056
[client] second 31.007007: 60456292.106631 bit/s, bytes received: 7559944 B, packets received: 6246
[client] second 32.007422: 62888447.207397 bit/s, bytes received: 7864320 B, packets received: 6498
[client] second 33.008474: 62848458.944759 bit/s, bytes received: 7864320 B, packets received: 6499
[client] second 34.008551: 62909707.145191 bit/s, bytes received: 7864320 B, packets received: 6498
[client] second 35.009225: 62872207.709082 bit/s, bytes received: 7864320 B, packets received: 6498
[client] second 36.009721: 62883339.239551 bit/s, bytes received: 7864320 B, packets received: 6498
[client] second 37.009762: 62040252.215310 bit/s, bytes received: 7755343 B, packets received: 6408
[client] second 38.009799: 58619929.114320 bit/s, bytes received: 7327762 B, packets received: 6057
[client] second 39.009862: 58628176.622983 bit/s, bytes received: 7328989 B, packets received: 6056
[client] second 40.010206: 59758016.851882 bit/s, bytes received: 7472322 B, packets received: 6174
[client] total: bytes received: 278175266 B, packets received: 229904
