Bandwidth: 100 Mbit/s
RTT: 220 ms
BDP: 2750000 B/s
Max In-Flight Packets: 2148
[server] starting server with pid 1215324, port 18080, cc cubic, iw 32
[server][session 0] open
[client] connection establishment time: 0.444449 s
[server][session 0][stream 0] open
[client] time to first byte: 0.665447 s
[client] second 0.101139: 2040531.628611 bit/s, bytes received: 25797 B, packets received: 28
[client] second 0.201856: 1072072.638819 bit/s, bytes received: 13497 B, packets received: 11
[client] second 0.302237: 2873691.465412 bit/s, bytes received: 36058 B, packets received: 30
[client] second 0.402937: 3314234.953125 bit/s, bytes received: 41718 B, packets received: 34
[client] second 0.503833: 3931583.158385 bit/s, bytes received: 49585 B, packets received: 41
[client] second 0.604445: 5795964.754447 bit/s, bytes received: 72893 B, packets received: 60
[client] second 0.704873: 7802437.686241 bit/s, bytes received: 97948 B, packets received: 81
[client] second 0.804952: 10281360.803867 bit/s, bytes received: 128618 B, packets received: 107
[client] second 0.905483: 13944764.509816 bit/s, bytes received: 175237 B, packets received: 144
[client] second 1.005549: 19094661.885433 bit/s, bytes received: 238838 B, packets received: 197
[client] second 1.106355: 13363223.818722 bit/s, bytes received: 168387 B, packets received: 141
[client] second 1.206956: 17390964.305229 bit/s, bytes received: 218694 B, packets received: 182
[client] second 1.307635: 43122296.782587 bit/s, bytes received: 542693 B, packets received: 447
[client] second 1.408107: 22867268.130571 bit/s, bytes received: 287189 B, packets received: 240
[client] second 1.508390: 39239457.057386 bit/s, bytes received: 491881 B, packets received: 409
[client] second 1.608452: 89172163.195822 bit/s, bytes received: 1115339 B, packets received: 918
[client] second 1.709399: 38826793.004925 bit/s, bytes received: 489932 B, packets received: 408
[client] second 1.809447: 69007421.751564 bit/s, bytes received: 863011 B, packets received: 716
[client] second 1.909476: 94737160.644985 bit/s, bytes received: 1184556 B, packets received: 976
[client] second 2.009495: 94845190.381874 bit/s, bytes received: 1185783 B, packets received: 977
[client] second 2.109514: 9011617.153243 bit/s, bytes received: 112667 B, packets received: 984
[client] second 2.209542: 0.000000 bit/s, bytes received: 0 B, packets received: 984
[client] second 2.309653: 0.000000 bit/s, bytes received: 0 B, packets received: 977
[client] second 2.410238: 292768.865522 bit/s, bytes received: 3681 B, packets received: 735
[client] second 2.510430: 0.000000 bit/s, bytes received: 0 B, packets received: 0
[client] second 2.611443: 399069728.800784 bit/s, bytes received: 5038910 B, packets received: 599
[client] second 2.711663: 0.000000 bit/s, bytes received: 0 B, packets received: 0
[client] second 2.812154: 0.000000 bit/s, bytes received: 0 B, packets received: 9
[client] second 2.912215: 86875647.096051 bit/s, bytes received: 1086613 B, packets received: 895
[client] second 3.012244: 94737074.459100 bit/s, bytes received: 1184556 B, packets received: 977
[client] second 3.112340: 69465074.108342 bit/s, bytes received: 869146 B, packets received: 977
[client] second 3.212356: 0.000000 bit/s, bytes received: 0 B, packets received: 976
[client] second 3.312431: 0.000000 bit/s, bytes received: 0 B, packets received: 976
[client] second 3.412481: 308981315.468858 bit/s, bytes received: 3864170 B, packets received: 977
[client] second 3.512502: 68772004.390975 bit/s, bytes received: 859835 B, packets received: 710
[client] second 3.612705: 0.000000 bit/s, bytes received: 0 B, packets received: 0
[client] second 3.712717: 71878176.559934 bit/s, bytes received: 898584 B, packets received: 741
[client] second 3.812805: 94779872.586341 bit/s, bytes received: 1185793 B, packets received: 977
[client] second 3.912859: 94516793.442853 bit/s, bytes received: 1182095 B, packets received: 974
[client] second 4.012904: 94525264.024749 bit/s, bytes received: 1182095 B, packets received: 974
[client] second 4.112919: 94749789.865434 bit/s, bytes received: 1184558 B, packets received: 976
[client] second 4.212937: 94592970.013966 bit/s, bytes received: 1182619 B, packets received: 974
[client] second 4.312987: 94618558.444069 bit/s, bytes received: 1183329 B, packets received: 976
[client] second 4.413029: 94626829.385293 bit/s, bytes received: 1183329 B, packets received: 974
[client] second 4.513071: 94725073.422206 bit/s, bytes received: 1184556 B, packets received: 976
[client] second 4.613085: 94652632.282846 bit/s, bytes received: 1183329 B, packets received: 976
[client] second 4.713121: 94731049.412662 bit/s, bytes received: 1184556 B, packets received: 976
[client] second 4.813185: 94507254.799644 bit/s, bytes received: 1182102 B, packets received: 973
[client] second 4.913205: 94843234.125866 bit/s, bytes received: 1185783 B, packets received: 977
[client] second 5.013303: 94672309.879271 bit/s, bytes received: 1184556 B, packets received: 977
[client] second 5.113411: 94759419.540059 bit/s, bytes received: 1185776 B, packets received: 977
[client] second 5.213434: 94742423.662103 bit/s, bytes received: 1184553 B, packets received: 976
[client] second 5.313451: 94748263.834645 bit/s, bytes received: 1184556 B, packets received: 975
[client] second 5.413461: 94755366.834310 bit/s, bytes received: 1184557 B, packets received: 977
[client] second 5.513471: 94754565.829777 bit/s, bytes received: 1184556 B, packets received: 976
[client] second 5.613526: 94753327.431856 bit/s, bytes received: 1185070 B, packets received: 977
[client] second 5.713543: 94847024.385905 bit/s, bytes received: 1185783 B, packets received: 976
[client] second 5.813557: 94652964.466714 bit/s, bytes received: 1183329 B, packets received: 975
[client] second 5.913574: 94748111.316289 bit/s, bytes received: 1184556 B, packets received: 977
[client] second 6.013591: 94846519.885480 bit/s, bytes received: 1185783 B, packets received: 976
[client] second 6.113666: 94693294.315998 bit/s, bytes received: 1184556 B, packets received: 976
[client] second 6.213686: 94746384.388046 bit/s, bytes received: 1184556 B, packets received: 976
[client] second 6.313702: 94748587.908618 bit/s, bytes received: 1184547 B, packets received: 976
[client] second 6.413745: 94821510.221726 bit/s, bytes received: 1185783 B, packets received: 977
[client] second 6.513758: 94654197.636909 bit/s, bytes received: 1183329 B, packets received: 976
[client] second 6.613769: 94754129.058942 bit/s, bytes received: 1184556 B, packets received: 975
[client] second 6.713789: 94842095.156849 bit/s, bytes received: 1185774 B, packets received: 977
[client] second 6.813811: 94646668.251126 bit/s, bytes received: 1183338 B, packets received: 976
[client] second 6.913863: 94756107.937263 bit/s, bytes received: 1185070 B, packets received: 977
[client] second 7.013934: 94795157.223476 bit/s, bytes received: 1185783 B, packets received: 976
[client] second 7.113988: 94713823.258768 bit/s, bytes received: 1184556 B, packets received: 976
[client] second 7.214004: 94749174.218397 bit/s, bytes received: 1184556 B, packets received: 976
[client] second 7.314020: 94846626.929874 bit/s, bytes received: 1185774 B, packets received: 977
[client] second 7.414035: 94653068.260594 bit/s, bytes received: 1183338 B, packets received: 976
[client] second 7.514054: 94745626.634518 bit/s, bytes received: 1184547 B, packets received: 976
[client] second 7.614074: 94746317.131006 bit/s, bytes received: 1184556 B, packets received: 976
[client] second 7.714092: 94844563.574628 bit/s, bytes received: 1185783 B, packets received: 976
[client] second 7.814105: 94654747.510569 bit/s, bytes received: 1183329 B, packets received: 976
[client] second 7.914115: 94754707.946969 bit/s, bytes received: 1184556 B, packets received: 976
[client] second 8.014223: 94760585.692027 bit/s, bytes received: 1185783 B, packets received: 977
[client] second 8.114249: 94739864.688357 bit/s, bytes received: 1184556 B, packets received: 976
[client] second 8.214362: 94796235.473989 bit/s, bytes received: 1186297 B, packets received: 977
[client] second 8.314417: 94712447.822540 bit/s, bytes received: 1184556 B, packets received: 976
[client] second 8.414434: 94748045.004114 bit/s, bytes received: 1184556 B, packets received: 976
[client] second 8.514452: 94746888.421579 bit/s, bytes received: 1184547 B, packets received: 977
[client] second 8.614470: 94747674.604955 bit/s, bytes received: 1184556 B, packets received: 976
[client] second 8.714485: 94750085.567001 bit/s, bytes received: 1184556 B, packets received: 976
[client] second 8.814493: 94756568.774073 bit/s, bytes received: 1184556 B, packets received: 976
[client] second 8.914515: 94744391.346703 bit/s, bytes received: 1184556 B, packets received: 976
[client] second 9.014586: 94794682.639962 bit/s, bytes received: 1185783 B, packets received: 976
[client] second 9.114637: 94716659.452975 bit/s, bytes received: 1184556 B, packets received: 976
[client] second 9.214664: 94837068.132949 bit/s, bytes received: 1185783 B, packets received: 977
[client] second 9.314692: 94639388.469223 bit/s, bytes received: 1183329 B, packets received: 976
[client] second 9.414783: 94776455.030618 bit/s, bytes received: 1185783 B, packets received: 976
[client] second 9.514841: 94849276.678490 bit/s, bytes received: 1186297 B, packets received: 978
[client] second 9.614863: 94644185.806519 bit/s, bytes received: 1183320 B, packets received: 976
[client] second 9.714889: 94838462.058556 bit/s, bytes received: 1185792 B, packets received: 976
[client] second 9.814989: 94669696.189866 bit/s, bytes received: 1184547 B, packets received: 977
[client] second 9.915006: 94846121.599462 bit/s, bytes received: 1185783 B, packets received: 976
[client] second 10.015026: 94648052.925785 bit/s, bytes received: 1183329 B, packets received: 976
[client] second 10.115084: 94807599.858219 bit/s, bytes received: 1185792 B, packets received: 976
[client] second 10.215118: 94732034.860894 bit/s, bytes received: 1184544 B, packets received: 976
[client] second 10.315179: 94706709.854056 bit/s, bytes received: 1184556 B, packets received: 977
[client] second 10.415192: 94751530.586942 bit/s, bytes received: 1184559 B, packets received: 976
[client] second 10.515271: 94787520.327420 bit/s, bytes received: 1185774 B, packets received: 976
[client] second 10.615316: 94722767.042048 bit/s, bytes received: 1184565 B, packets received: 976
[client] second 10.715378: 94746818.126566 bit/s, bytes received: 1185070 B, packets received: 977
[client] second 10.815394: 94749440.421322 bit/s, bytes received: 1184556 B, packets received: 976
[client] second 10.915415: 94744609.213110 bit/s, bytes received: 1184556 B, packets received: 977
[client] second 11.015431: 94847242.498653 bit/s, bytes received: 1185783 B, packets received: 976
[client] second 11.115446: 94652054.042415 bit/s, bytes received: 1183329 B, packets received: 976
[client] second 11.215466: 94843518.598215 bit/s, bytes received: 1185783 B, packets received: 976
[client] second 11.315572: 94664265.568541 bit/s, bytes received: 1184556 B, packets received: 977
[client] second 11.415594: 94742569.876821 bit/s, bytes received: 1184547 B, packets received: 975
[client] second 11.515613: 94747267.263956 bit/s, bytes received: 1184556 B, packets received: 977
[client] second 11.615634: 94842387.356604 bit/s, bytes received: 1185783 B, packets received: 976
[client] second 11.715649: 94750105.461500 bit/s, bytes received: 1184556 B, packets received: 976
[client] second 11.815759: 94659604.144368 bit/s, bytes received: 1184547 B, packets received: 977
[client] second 11.915773: 94849390.488643 bit/s, bytes received: 1185783 B, packets received: 976
[client] second 12.015839: 94645591.692244 bit/s, bytes received: 1183852 B, packets received: 977
[client] second 12.115865: 94740044.647684 bit/s, bytes received: 1184556 B, packets received: 976
[client] second 12.215881: 94847433.111049 bit/s, bytes received: 1185783 B, packets received: 976
[client] second 12.315996: 94656164.950447 bit/s, bytes received: 1184556 B, packets received: 977
[client] second 12.416103: 94760558.241029 bit/s, bytes received: 1185783 B, packets received: 977
[client] second 12.516118: 94847414.984826 bit/s, bytes received: 1185774 B, packets received: 976
[client] second 12.616228: 94661063.364193 bit/s, bytes received: 1184565 B, packets received: 977
[client] second 12.716252: 94741772.329478 bit/s, bytes received: 1184547 B, packets received: 976
[client] second 12.816268: 94748937.384311 bit/s, bytes received: 1184556 B, packets received: 976
[client] second 12.916348: 94786882.532005 bit/s, bytes received: 1185783 B, packets received: 976
[client] second 13.016393: 94722094.704283 bit/s, bytes received: 1184556 B, packets received: 977
[client] second 13.116412: 94746326.603823 bit/s, bytes received: 1184556 B, packets received: 976
[client] second 13.216473: 94747605.937881 bit/s, bytes received: 1185070 B, packets received: 977
[client] second 13.316496: 94743262.246420 bit/s, bytes received: 1184556 B, packets received: 976
[client] second 13.416517: 94842425.285475 bit/s, bytes received: 1185783 B, packets received: 976
[client] second 13.516540: 94742417.333276 bit/s, bytes received: 1184556 B, packets received: 976
[client] second 13.616605: 94703183.364567 bit/s, bytes received: 1184556 B, packets received: 976
[client] second 13.716710: 94762464.897840 bit/s, bytes received: 1185774 B, packets received: 977
[client] second 13.816767: 94710741.125485 bit/s, bytes received: 1184556 B, packets received: 977
[client] second 13.916878: 94756745.546582 bit/s, bytes received: 1185783 B, packets received: 977
[client] second 14.016953: 94792320.213096 bit/s, bytes received: 1185783 B, packets received: 976
[client] second 14.117017: 94703865.737773 bit/s, bytes received: 1184556 B, packets received: 977
[client] second 14.217040: 94742853.048935 bit/s, bytes received: 1184556 B, packets received: 976
[client] second 14.317145: 94861004.326229 bit/s, bytes received: 1187010 B, packets received: 977
[client] second 14.417204: 94651042.176519 bit/s, bytes received: 1183843 B, packets received: 976
[client] second 14.517224: 94844002.205127 bit/s, bytes received: 1185783 B, packets received: 977
[client] second 14.617248: 94740994.654835 bit/s, bytes received: 1184556 B, packets received: 976
[client] second 14.717262: 94751166.513593 bit/s, bytes received: 1184556 B, packets received: 976
[client] second 14.817332: 94697495.427575 bit/s, bytes received: 1184547 B, packets received: 976
[client] second 14.917379: 94720908.382144 bit/s, bytes received: 1184556 B, packets received: 977
[client] second 15.017397: 94747029.492108 bit/s, bytes received: 1184556 B, packets received: 975
[client] second 15.117424: 94739275.563129 bit/s, bytes received: 1184556 B, packets received: 977
[client] second 15.217523: 94767284.442083 bit/s, bytes received: 1185774 B, packets received: 977
[client] second 15.317545: 94744522.008072 bit/s, bytes received: 1184565 B, packets received: 975
[client] second 15.417615: 94796202.081771 bit/s, bytes received: 1185783 B, packets received: 977
[client] second 15.517628: 94752572.444221 bit/s, bytes received: 1184556 B, packets received: 976
[client] second 15.617641: 94751234.834267 bit/s, bytes received: 1184547 B, packets received: 976
[client] second 15.717699: 94751286.557742 bit/s, bytes received: 1185079 B, packets received: 977
[client] second 15.817758: 94708503.270852 bit/s, bytes received: 1184547 B, packets received: 976
[client] second 15.917776: 94747086.329892 bit/s, bytes received: 1184556 B, packets received: 976
[client] second 16.017794: 94747674.604955 bit/s, bytes received: 1184556 B, packets received: 977
[client] second 16.117907: 94755938.035727 bit/s, bytes received: 1185792 B, packets received: 977
[client] second 16.217925: 94747334.602073 bit/s, bytes received: 1184547 B, packets received: 976
[client] second 16.317939: 94751120.092067 bit/s, bytes received: 1184556 B, packets received: 976
[client] second 16.417957: 94747010.546195 bit/s, bytes received: 1184556 B, packets received: 976
[client] second 16.518037: 94786351.205232 bit/s, bytes received: 1185783 B, packets received: 976
[client] second 16.618076: 94727748.368293 bit/s, bytes received: 1184556 B, packets received: 976
[client] second 16.718097: 94744447.234077 bit/s, bytes received: 1184556 B, packets received: 977
[client] second 16.818137: 94824806.798583 bit/s, bytes received: 1185783 B, packets received: 976
[client] second 16.918171: 94675869.384595 bit/s, bytes received: 1183843 B, packets received: 977
[client] second 17.018192: 94842064.014212 bit/s, bytes received: 1185783 B, packets received: 976
[client] second 17.118299: 94663706.697672 bit/s, bytes received: 1184556 B, packets received: 977
[client] second 17.218319: 94744316.571353 bit/s, bytes received: 1184547 B, packets received: 976
[client] second 17.318340: 94745737.330638 bit/s, bytes received: 1184565 B, packets received: 976
[client] second 17.418362: 94842035.567773 bit/s, bytes received: 1185783 B, packets received: 976
[client] second 17.518380: 94746765.272713 bit/s, bytes received: 1184547 B, packets received: 976
[client] second 17.618407: 94738497.966933 bit/s, bytes received: 1184556 B, packets received: 976
[client] second 17.718456: 94718460.228616 bit/s, bytes received: 1184565 B, packets received: 976
[client] second 17.818503: 94720680.210264 bit/s, bytes received: 1184556 B, packets received: 976
[client] second 17.918520: 94747069.356262 bit/s, bytes received: 1184547 B, packets received: 977
[client] second 18.018542: 94841569.996810 bit/s, bytes received: 1185783 B, packets received: 976
[client] second 18.118655: 94657966.123619 bit/s, bytes received: 1184556 B, packets received: 977
[client] second 18.218707: 94756088.048873 bit/s, bytes received: 1185070 B, packets received: 977
[client] second 18.318732: 94839015.601214 bit/s, bytes received: 1185783 B, packets received: 976
[client] second 18.418813: 94687748.835853 bit/s, bytes received: 1184556 B, packets received: 976
[client] second 18.518862: 94717853.242384 bit/s, bytes received: 1184556 B, packets received: 977
[client] second 18.618884: 94841826.961073 bit/s, bytes received: 1185783 B, packets received: 976
[client] second 18.718986: 94667753.223144 bit/s, bytes received: 1184556 B, packets received: 976
[client] second 18.819006: 94746175.038982 bit/s, bytes received: 1184556 B, packets received: 976
[client] second 18.919017: 94752972.374095 bit/s, bytes received: 1184547 B, packets received: 977
[client] second 19.019092: 94791768.933957 bit/s, bytes received: 1185783 B, packets received: 976
[client] second 19.119150: 94709015.559218 bit/s, bytes received: 1184556 B, packets received: 977
[client] second 19.219169: 94746479.116433 bit/s, bytes received: 1184556 B, packets received: 976
[client] second 19.319187: 94748119.842147 bit/s, bytes received: 1184556 B, packets received: 976
[client] second 19.419240: 94755510.342123 bit/s, bytes received: 1185070 B, packets received: 977
[client] second 19.519319: 94787393.975167 bit/s, bytes received: 1185783 B, packets received: 976
[client] second 19.619376: 94710504.483495 bit/s, bytes received: 1184556 B, packets received: 976
[client] second 19.719400: 94839612.941978 bit/s, bytes received: 1185783 B, packets received: 977
[client] second 19.819473: 94695503.795036 bit/s, bytes received: 1184556 B, packets received: 976
[client] second 19.919506: 94732624.260440 bit/s, bytes received: 1184556 B, packets received: 977
[client] second 20.019531: 94839509.592006 bit/s, bytes received: 1185783 B, packets received: 976
[client] second 20.119552: 94743594.773288 bit/s, bytes received: 1184547 B, packets received: 976
[client] second 20.219574: 94744352.509753 bit/s, bytes received: 1184556 B, packets received: 976
[client] second 20.319642: 94699200.999775 bit/s, bytes received: 1184556 B, packets received: 976
[client] second 20.419692: 94718034.064816 bit/s, bytes received: 1184556 B, packets received: 977
[client] second 20.519770: 94788600.624053 bit/s, bytes received: 1185783 B, packets received: 976
[client] second 20.619789: 94746402.386425 bit/s, bytes received: 1184556 B, packets received: 976
[client] second 20.719832: 94764476.955225 bit/s, bytes received: 1185070 B, packets received: 977
[client] second 20.819891: 94708322.700055 bit/s, bytes received: 1184556 B, packets received: 977
[client] second 20.919975: 94783013.141560 bit/s, bytes received: 1185774 B, packets received: 976
[client] second 21.020020: 94721372.303465 bit/s, bytes received: 1184556 B, packets received: 976
[client] second 21.120045: 94740709.555972 bit/s, bytes received: 1184556 B, packets received: 977
[client] second 21.220159: 94755162.062328 bit/s, bytes received: 1185783 B, packets received: 977
[client] second 21.320184: 94740907.514801 bit/s, bytes received: 1184556 B, packets received: 976
[client] second 21.420283: 94768582.182184 bit/s, bytes received: 1185783 B, packets received: 977
[client] second 21.520301: 94746905.396518 bit/s, bytes received: 1184556 B, packets received: 975
[client] second 21.620322: 94744610.160357 bit/s, bytes received: 1184556 B, packets received: 977
[client] second 21.720424: 94765867.938637 bit/s, bytes received: 1185783 B, packets received: 976
[client] second 21.820450: 94740396.043922 bit/s, bytes received: 1184556 B, packets received: 977
[client] second 21.920510: 94846380.785016 bit/s, bytes received: 1186297 B, packets received: 977
[client] second 22.020534: 94742511.106525 bit/s, bytes received: 1184556 B, packets received: 976
[client] second 22.120597: 94704377.760742 bit/s, bytes received: 1184556 B, packets received: 976
[client] second 22.220657: 94706731.394623 bit/s, bytes received: 1184547 B, packets received: 977
[client] second 22.320738: 94786473.381450 bit/s, bytes received: 1185783 B, packets received: 976
[client] second 22.420790: 94715255.534546 bit/s, bytes received: 1184556 B, packets received: 977
[client] second 22.520801: 94851822.149684 bit/s, bytes received: 1185783 B, packets received: 976
[client] second 22.620816: 94652291.583864 bit/s, bytes received: 1183329 B, packets received: 976
[client] second 22.720839: 94742198.529750 bit/s, bytes received: 1184556 B, packets received: 976
[client] second 22.820950: 94758026.191504 bit/s, bytes received: 1185783 B, packets received: 977
[client] second 22.920965: 94750331.880444 bit/s, bytes received: 1184556 B, packets received: 976
[client] second 23.020981: 94748454.334687 bit/s, bytes received: 1184547 B, packets received: 976
[client] second 23.121032: 94758297.442439 bit/s, bytes received: 1185079 B, packets received: 976
[client] second 23.221047: 94749270.941488 bit/s, bytes received: 1184547 B, packets received: 976
[client] second 23.321065: 94746755.846401 bit/s, bytes received: 1184554 B, packets received: 976
[client] second 23.421089: 94742774.270042 bit/s, bytes received: 1184567 B, packets received: 977
[client] second 23.521113: 94741220.758870 bit/s, bytes received: 1184544 B, packets received: 976
[client] second 23.621129: 94847881.704466 bit/s, bytes received: 1185786 B, packets received: 976
[client] second 23.721158: 94737016.686233 bit/s, bytes received: 1184556 B, packets received: 976
[client] second 23.821210: 94715861.560554 bit/s, bytes received: 1184565 B, packets received: 976
[client] second 23.921230: 94743672.498468 bit/s, bytes received: 1184538 B, packets received: 976
[client] second 24.021269: 94728191.590110 bit/s, bytes received: 1184565 B, packets received: 976
[client] second 24.121333: 94704397.636052 bit/s, bytes received: 1184556 B, packets received: 976
[client] second 24.221509: 94891176.268857 bit/s, bytes received: 1188237 B, packets received: 979
[client] second 24.321522: 94751348.520857 bit/s, bytes received: 1184547 B, packets received: 976
[client] second 24.421588: 94646284.045343 bit/s, bytes received: 1183852 B, packets received: 976
[client] second 24.521760: 94797541.569859 bit/s, bytes received: 1187010 B, packets received: 978
[client] second 24.621828: 94699940.096825 bit/s, bytes received: 1184556 B, packets received: 977
[client] second 24.721938: 94757837.044212 bit/s, bytes received: 1185774 B, packets received: 977
[client] second 24.821956: 94747854.510275 bit/s, bytes received: 1184565 B, packets received: 976
[client] second 24.921997: 94823402.733810 bit/s, bytes received: 1185774 B, packets received: 976
[client] second 25.022082: 94684599.734476 bit/s, bytes received: 1184565 B, packets received: 977
[client] second 25.122095: 94751795.690758 bit/s, bytes received: 1184547 B, packets received: 975
[client] second 25.222116: 94744809.082738 bit/s, bytes received: 1184556 B, packets received: 976
[client] second 25.322200: 94782137.739133 bit/s, bytes received: 1185783 B, packets received: 977
[client] second 25.422243: 94724665.328669 bit/s, bytes received: 1184556 B, packets received: 977
[client] second 25.522262: 94745094.268978 bit/s, bytes received: 1184547 B, packets received: 976
[client] second 25.622321: 94750612.324990 bit/s, bytes received: 1185079 B, packets received: 977
[client] second 25.722393: 94794103.862907 bit/s, bytes received: 1185783 B, packets received: 976
[client] second 25.822451: 94709679.085488 bit/s, bytes received: 1184556 B, packets received: 977
[client] second 25.922471: 94746003.581842 bit/s, bytes received: 1184556 B, packets received: 975
[client] second 26.022540: 94796913.507988 bit/s, bytes received: 1185783 B, packets received: 977
[client] second 26.122603: 94704662.640983 bit/s, bytes received: 1184556 B, packets received: 977
[client] second 26.222629: 94837031.917714 bit/s, bytes received: 1185774 B, packets received: 976
[client] second 26.322726: 94673512.490094 bit/s, bytes received: 1184565 B, packets received: 976
[client] second 26.422744: 94747372.494453 bit/s, bytes received: 1184547 B, packets received: 977
[client] second 26.522774: 94834189.743077 bit/s, bytes received: 1185783 B, packets received: 976
[client] second 26.622828: 94712865.276939 bit/s, bytes received: 1184556 B, packets received: 976
[client] second 26.722859: 94734692.570615 bit/s, bytes received: 1184556 B, packets received: 976
[client] second 26.822919: 94749304.700612 bit/s, bytes received: 1185070 B, packets received: 977
[client] second 26.922962: 94723241.289672 bit/s, bytes received: 1184556 B, packets received: 977
[client] second 27.022994: 94734901.868938 bit/s, bytes received: 1184556 B, packets received: 976
[client] second 27.123117: 94745594.135373 bit/s, bytes received: 1185783 B, packets received: 977
[client] second 27.223194: 94790374.662069 bit/s, bytes received: 1185783 B, packets received: 976
[client] second 27.323246: 94714894.858244 bit/s, bytes received: 1184556 B, packets received: 976
[client] second 27.423270: 94740472.791788 bit/s, bytes received: 1184547 B, packets received: 977
[client] second 27.523345: 94791836.185879 bit/s, bytes received: 1185783 B, packets received: 976
[client] second 27.623407: 94706198.752350 bit/s, bytes received: 1184556 B, packets received: 976
[client] second 27.723513: 94762169.357560 bit/s, bytes received: 1185783 B, packets received: 977
[client] second 27.823528: 94848022.022846 bit/s, bytes received: 1185783 B, packets received: 977
[client] second 27.923542: 94751053.775680 bit/s, bytes received: 1184556 B, packets received: 976
[client] second 28.023576: 94675726.471904 bit/s, bytes received: 1183843 B, packets received: 976
[client] second 28.123681: 94763222.955166 bit/s, bytes received: 1185783 B, packets received: 977
[client] second 28.223730: 94717295.483528 bit/s, bytes received: 1184547 B, packets received: 976
[client] second 28.323758: 94836258.642368 bit/s, bytes received: 1185792 B, packets received: 977
[client] second 28.423779: 94743831.582465 bit/s, bytes received: 1184547 B, packets received: 976
[client] second 28.523849: 94698783.665820 bit/s, bytes received: 1184556 B, packets received: 976
[client] second 28.623891: 94724295.112285 bit/s, bytes received: 1184556 B, packets received: 976
[client] second 28.723969: 94789197.329909 bit/s, bytes received: 1185783 B, packets received: 977
[client] second 28.824000: 94734920.810009 bit/s, bytes received: 1184556 B, packets received: 976
[client] second 28.924042: 94724427.670248 bit/s, bytes received: 1184556 B, packets received: 977
[client] second 29.024057: 94847907.274563 bit/s, bytes received: 1185783 B, packets received: 976
[client] second 29.124169: 94658922.995200 bit/s, bytes received: 1184556 B, packets received: 977
[client] second 29.224252: 94824864.764267 bit/s, bytes received: 1186297 B, packets received: 977
[client] second 29.324350: 94671978.849625 bit/s, bytes received: 1184556 B, packets received: 977
[client] second 29.424381: 94833619.963955 bit/s, bytes received: 1185783 B, packets received: 976
[client] second 29.524395: 94749801.459249 bit/s, bytes received: 1184547 B, packets received: 976
[client] second 29.624469: 94695039.180818 bit/s, bytes received: 1184556 B, packets received: 976
[client] second 29.724512: 94723203.416879 bit/s, bytes received: 1184556 B, packets received: 977
[client] second 29.824595: 94785172.658925 bit/s, bytes received: 1185792 B, packets received: 976
[client] second 29.924646: 94715598.065540 bit/s, bytes received: 1184547 B, packets received: 977
[client] second 30.024723: 94789168.915174 bit/s, bytes received: 1185783 B, packets received: 976
[client] second 30.124779: 94711736.927940 bit/s, bytes received: 1184556 B, packets received: 977
[client] second 30.224811: 94832308.834342 bit/s, bytes received: 1185783 B, packets received: 976
[client] second 30.324870: 94708729.706258 bit/s, bytes received: 1184556 B, packets received: 976
[client] second 30.424894: 94740283.357784 bit/s, bytes received: 1184547 B, packets received: 976
[client] second 30.525003: 94802343.746941 bit/s, bytes received: 1186306 B, packets received: 978
[client] second 30.625107: 94665326.590276 bit/s, bytes received: 1184556 B, packets received: 976
[client] second 30.725127: 94745216.402601 bit/s, bytes received: 1184556 B, packets received: 977
[client] second 30.825143: 94749440.421322 bit/s, bytes received: 1184556 B, packets received: 976
[client] second 30.925160: 94748613.397200 bit/s, bytes received: 1184556 B, packets received: 976
[client] second 31.025231: 94794664.641879 bit/s, bytes received: 1185783 B, packets received: 976
[client] second 31.125284: 94714609.916441 bit/s, bytes received: 1184556 B, packets received: 977
[client] second 31.225309: 94838958.712010 bit/s, bytes received: 1185783 B, packets received: 976
[client] second 31.325385: 94692223.812599 bit/s, bytes received: 1184547 B, packets received: 976
[client] second 31.425425: 94726761.698027 bit/s, bytes received: 1184556 B, packets received: 976
[client] second 31.525445: 94744572.329212 bit/s, bytes received: 1184547 B, packets received: 976
[client] second 31.625470: 94741352.654123 bit/s, bytes received: 1184565 B, packets received: 977
[client] second 31.725516: 94761838.982758 bit/s, bytes received: 1185070 B, packets received: 977
[client] second 31.825531: 94750227.670754 bit/s, bytes received: 1184556 B, packets received: 976
[client] second 31.925562: 94833533.691839 bit/s, bytes received: 1185783 B, packets received: 976
[client] second 32.025664: 94667950.877209 bit/s, bytes received: 1184556 B, packets received: 977
[client] second 32.125688: 94741127.259542 bit/s, bytes received: 1184556 B, packets received: 976
[client] second 32.225730: 94822896.879231 bit/s, bytes received: 1185783 B, packets received: 976
[client] second 32.325812: 94687397.830049 bit/s, bytes received: 1184556 B, packets received: 976
[client] second 32.425826: 94750324.404000 bit/s, bytes received: 1184547 B, packets received: 976
[client] second 32.525846: 94746610.714978 bit/s, bytes received: 1184565 B, packets received: 977
[client] second 32.625875: 94735908.590234 bit/s, bytes received: 1184547 B, packets received: 976
[client] second 32.725944: 94797065.078203 bit/s, bytes received: 1185783 B, packets received: 976
[client] second 32.825980: 94730119.491058 bit/s, bytes received: 1184556 B, packets received: 976
[client] second 32.926014: 94732302.278885 bit/s, bytes received: 1184556 B, packets received: 977
[client] second 33.026075: 94748706.244361 bit/s, bytes received: 1185070 B, packets received: 977
[client] second 33.126142: 94798279.552047 bit/s, bytes received: 1185783 B, packets received: 976
[client] second 33.226155: 94752022.004147 bit/s, bytes received: 1184556 B, packets received: 976
[client] second 33.326214: 94709110.212896 bit/s, bytes received: 1184556 B, packets received: 977
[client] second 33.426243: 94737254.407828 bit/s, bytes received: 1184556 B, packets received: 976
[client] second 33.526320: 94789093.142631 bit/s, bytes received: 1185783 B, packets received: 976
[client] second 33.626417: 94770252.525542 bit/s, bytes received: 1185774 B, packets received: 977
[client] second 33.726477: 94707848.494914 bit/s, bytes received: 1184556 B, packets received: 977
[client] second 33.826497: 94843717.729876 bit/s, bytes received: 1185783 B, packets received: 976
[client] second 33.926517: 94745064.841313 bit/s, bytes received: 1184556 B, packets received: 976
[client] second 34.026540: 94742805.688343 bit/s, bytes received: 1184556 B, packets received: 976
[client] second 34.126636: 94772290.732076 bit/s, bytes received: 1185783 B, packets received: 977
[client] second 34.226686: 40744593.688592 bit/s, bytes received: 509564 B, packets received: 431
[client] second 34.326730: 84240734.426312 bit/s, bytes received: 1053475 B, packets received: 868
[client] second 34.427362: 67340730.757526 bit/s, bytes received: 847078 B, packets received: 697
[client] second 34.527426: 71194220.243030 bit/s, bytes received: 890501 B, packets received: 734
[client] second 34.627514: 82048120.510223 bit/s, bytes received: 1026499 B, packets received: 847
[client] second 34.727591: 56507007.634154 bit/s, bytes received: 706885 B, packets received: 581
[client] second 34.828254: 82067301.514943 bit/s, bytes received: 1032634 B, packets received: 852
[client] second 34.928271: 56483355.363889 bit/s, bytes received: 706163 B, packets received: 581
[client] second 35.028288: 82890605.451098 bit/s, bytes received: 1036315 B, packets received: 854
[client] second 35.128383: 55712998.798902 bit/s, bytes received: 697069 B, packets received: 574
[client] second 35.228401: 82889486.949601 bit/s, bytes received: 1036306 B, packets received: 855
[client] second 35.328473: 54549012.527063 bit/s, bytes received: 682354 B, packets received: 561
[client] second 35.428502: 84294762.308213 bit/s, bytes received: 1053998 B, packets received: 869
[client] second 35.528818: 67649594.531838 bit/s, bytes received: 848287 B, packets received: 699
[client] second 35.628853: 71272516.874754 bit/s, bytes received: 891223 B, packets received: 735
[client] second 35.728983: 82601424.916765 bit/s, bytes received: 1033852 B, packets received: 852
[client] second 35.829046: 56360518.108082 bit/s, bytes received: 704954 B, packets received: 580
[client] second 35.929456: 82134293.007783 bit/s, bytes received: 1030884 B, packets received: 850
[client] second 36.029606: 56899065.171645 bit/s, bytes received: 712307 B, packets received: 587
[client] second 36.129711: 82915098.770926 bit/s, bytes received: 1037524 B, packets received: 855
[client] second 36.229753: 56274326.134652 bit/s, bytes received: 703727 B, packets received: 579
[client] second 36.329801: 82865388.152916 bit/s, bytes received: 1036315 B, packets received: 854
[client] second 36.429834: 54961873.390769 bit/s, bytes received: 687253 B, packets received: 567
[client] second 36.529867: 84252248.429342 bit/s, bytes received: 1053493 B, packets received: 868
[client] second 36.630214: 68018604.453895 bit/s, bytes received: 853186 B, packets received: 702
[client] second 36.730269: 71691891.295249 bit/s, bytes received: 896645 B, packets received: 739
[client] second 36.830297: 82980852.273629 bit/s, bytes received: 1037542 B, packets received: 856
[client] second 36.930319: 56341198.166457 bit/s, bytes received: 704422 B, packets received: 580
[client] second 37.030816: 82299907.071788 bit/s, bytes received: 1033861 B, packets received: 851
[client] second 37.130831: 57270419.656433 bit/s, bytes received: 715988 B, packets received: 591
[client] second 37.230857: 82883185.651942 bit/s, bytes received: 1036306 B, packets received: 853
[client] second 37.330920: 56752982.581752 bit/s, bytes received: 709862 B, packets received: 586
[client] second 37.430950: 82879344.573882 bit/s, bytes received: 1036297 B, packets received: 854
[client] second 37.531022: 55334402.315514 bit/s, bytes received: 692179 B, packets received: 569
[client] second 37.631085: 84322611.768622 bit/s, bytes received: 1054702 B, packets received: 869
[client] second 37.731097: 68738064.822260 bit/s, bytes received: 859330 B, packets received: 708
[client] second 37.831115: 71424673.536390 bit/s, bytes received: 892964 B, packets received: 737
[client] second 37.931144: 83469209.723109 bit/s, bytes received: 1043668 B, packets received: 860
[client] second 38.031157: 56388697.375889 bit/s, bytes received: 704954 B, packets received: 581
[client] second 38.132007: 82789336.826958 bit/s, bytes received: 1043659 B, packets received: 859
[client] second 38.232022: 57271007.844581 bit/s, bytes received: 715997 B, packets received: 590
[client] second 38.332038: 82849885.294656 bit/s, bytes received: 1035792 B, packets received: 853
[client] second 38.432073: 57161308.539569 bit/s, bytes received: 714761 B, packets received: 590
[client] second 38.532129: 82956249.146110 bit/s, bytes received: 1037542 B, packets received: 854
[client] second 38.632178: 55681187.309229 bit/s, bytes received: 696356 B, packets received: 574
[client] second 38.732234: 84525231.240989 bit/s, bytes received: 1057156 B, packets received: 871
[client] second 38.832521: 69136871.498771 bit/s, bytes received: 866692 B, packets received: 714
[client] second 38.932608: 71474055.580250 bit/s, bytes received: 894200 B, packets received: 738
[client] second 39.032664: 84034882.654547 bit/s, bytes received: 1051021 B, packets received: 865
[client] second 39.132689: 56381930.203773 bit/s, bytes received: 704954 B, packets received: 581
[client] second 39.233375: 83315051.136766 bit/s, bytes received: 1048576 B, packets received: 865
[client] second 39.333448: 57293351.368909 bit/s, bytes received: 716692 B, packets received: 589
[client] second 39.433517: 82945991.234622 bit/s, bytes received: 1037542 B, packets received: 856
[client] second 39.533606: 57522151.568207 bit/s, bytes received: 719669 B, packets received: 592
[client] second 39.633687: 83034706.123718 bit/s, bytes received: 1038769 B, packets received: 856
[client] second 39.733733: 55976244.072490 bit/s, bytes received: 700028 B, packets received: 578
[client] second 39.833782: 84629987.784172 bit/s, bytes received: 1058392 B, packets received: 871
[client] second 39.933813: 69510235.397278 bit/s, bytes received: 869146 B, packets received: 716
[client] second 40.033848: 71608989.440212 bit/s, bytes received: 895427 B, packets received: 738
[client] total: bytes received: 433741788 B, packets received: 357477
