Bandwidth: 100 Mbit/s
RTT: 220 ms
BDP: 2750000 B/s
Max In-Flight Packets: 2148
[server] starting server with pid 1217035, port 18080, cc cubic, iw 32
[server][session 0] open
[client] connection establishment time: 0.445368 s
[server][session 0][stream 0] open
[client] time to first byte: 0.666509 s
[client] second 0.100901: 2629032.965082 bit/s, bytes received: 33159 B, packets received: 34
[client] second 0.201410: 488314.236380 bit/s, bytes received: 6135 B, packets received: 5
[client] second 0.302391: 3148232.096735 bit/s, bytes received: 39739 B, packets received: 33
[client] second 0.402934: 3221812.524562 bit/s, bytes received: 40491 B, packets received: 33
[client] second 0.503563: 3746422.377800 bit/s, bytes received: 47125 B, packets received: 39
[client] second 0.604410: 5977549.522802 bit/s, bytes received: 75352 B, packets received: 62
[client] second 0.704696: 7519924.668332 bit/s, bytes received: 94268 B, packets received: 78
[client] second 0.804847: 10469982.155691 bit/s, bytes received: 131072 B, packets received: 108
[client] second 0.905215: 14065266.145911 bit/s, bytes received: 176464 B, packets received: 145
[client] second 1.005295: 19189799.610119 bit/s, bytes received: 240065 B, packets received: 199
[client] second 1.105738: 13118477.439112 bit/s, bytes received: 164706 B, packets received: 138
[client] second 1.206445: 17762450.695813 bit/s, bytes received: 223602 B, packets received: 187
[client] second 1.306843: 43243425.868147 bit/s, bytes received: 542693 B, packets received: 447
[client] second 1.407352: 22468105.882325 bit/s, bytes received: 282281 B, packets received: 235
[client] second 1.507441: 39707859.420834 bit/s, bytes received: 496789 B, packets received: 413
[client] second 1.607488: 89184880.257013 bit/s, bytes received: 1115339 B, packets received: 918
[client] second 1.708109: 38562419.992528 bit/s, bytes received: 485024 B, packets received: 404
[client] second 1.808156: 69008742.628558 bit/s, bytes received: 863011 B, packets received: 717
[client] second 1.908170: 94849532.743070 bit/s, bytes received: 1185783 B, packets received: 976
[client] second 2.008265: 94674642.285189 bit/s, bytes received: 1184556 B, packets received: 977
[client] second 2.108283: 9207999.816274 bit/s, bytes received: 115121 B, packets received: 985
[client] second 2.208313: 0.000000 bit/s, bytes received: 0 B, packets received: 983
[client] second 2.308360: 0.000000 bit/s, bytes received: 0 B, packets received: 976
[client] second 2.409371: 97178.096960 bit/s, bytes received: 1227 B, packets received: 730
[client] second 2.509612: 0.000000 bit/s, bytes received: 0 B, packets received: 0
[client] second 2.610096: 401168436.878559 bit/s, bytes received: 5038910 B, packets received: 603
[client] second 2.710382: 0.000000 bit/s, bytes received: 0 B, packets received: 0
[client] second 2.810867: 0.000000 bit/s, bytes received: 0 B, packets received: 9
[client] second 2.910915: 87182106.755649 bit/s, bytes received: 1090294 B, packets received: 898
[client] second 3.010977: 94803548.947941 bit/s, bytes received: 1185783 B, packets received: 977
[client] second 3.110992: 68834179.117447 bit/s, bytes received: 860557 B, packets received: 976
[client] second 3.211081: 0.000000 bit/s, bytes received: 0 B, packets received: 976
[client] second 3.311101: 0.000000 bit/s, bytes received: 0 B, packets received: 976
[client] second 3.411124: 309651259.700941 bit/s, bytes received: 3871532 B, packets received: 978
[client] second 3.511154: 88611132.718410 bit/s, bytes received: 1107977 B, packets received: 914
[client] second 3.611830: 59470173.356336 bit/s, bytes received: 748395 B, packets received: 617
[client] second 3.711882: 70672197.876525 bit/s, bytes received: 883863 B, packets received: 728
[client] second 3.811986: 94764001.098896 bit/s, bytes received: 1185783 B, packets received: 978
[client] second 3.912000: 94554316.302550 bit/s, bytes received: 1182102 B, packets received: 973
[client] second 4.012052: 94715881.281315 bit/s, bytes received: 1184556 B, packets received: 976
[client] second 4.112105: 94657156.196079 bit/s, bytes received: 1183841 B, packets received: 976
[client] second 4.212132: 94640517.209388 bit/s, bytes received: 1183329 B, packets received: 976
[client] second 4.312155: 94742958.189618 bit/s, bytes received: 1184556 B, packets received: 976
[client] second 4.412242: 94681255.689283 bit/s, bytes received: 1184549 B, packets received: 975
[client] second 4.512264: 94743204.466005 bit/s, bytes received: 1184556 B, packets received: 976
[client] second 4.612317: 94715246.067941 bit/s, bytes received: 1184556 B, packets received: 976
[client] second 4.712333: 94749040.643827 bit/s, bytes received: 1184556 B, packets received: 977
[client] second 4.812356: 94742720.439397 bit/s, bytes received: 1184556 B, packets received: 976
[client] second 4.912405: 94717797.386380 bit/s, bytes received: 1184556 B, packets received: 976
[client] second 5.012521: 94752829.051356 bit/s, bytes received: 1185783 B, packets received: 977
[client] second 5.112546: 94838321.557586 bit/s, bytes received: 1185783 B, packets received: 976
[client] second 5.212595: 94717910.991882 bit/s, bytes received: 1184556 B, packets received: 976
[client] second 5.312648: 94714388.975650 bit/s, bytes received: 1184553 B, packets received: 976
[client] second 5.412725: 94732736.740038 bit/s, bytes received: 1185071 B, packets received: 978
[client] second 5.512745: 94746079.363927 bit/s, bytes received: 1184556 B, packets received: 976
[client] second 5.612825: 94785337.238924 bit/s, bytes received: 1185774 B, packets received: 976
[client] second 5.712878: 94714666.715334 bit/s, bytes received: 1184556 B, packets received: 977
[client] second 5.812895: 94748640.780051 bit/s, bytes received: 1184565 B, packets received: 976
[client] second 5.912916: 94842152.050248 bit/s, bytes received: 1185774 B, packets received: 976
[client] second 6.012978: 94706122.087570 bit/s, bytes received: 1184556 B, packets received: 976
[client] second 6.113008: 94735631.105616 bit/s, bytes received: 1184556 B, packets received: 976
[client] second 6.213052: 94724208.098945 bit/s, bytes received: 1184565 B, packets received: 977
[client] second 6.313070: 94844108.276466 bit/s, bytes received: 1185774 B, packets received: 976
[client] second 6.413146: 94692760.223018 bit/s, bytes received: 1184553 B, packets received: 976
[client] second 6.513177: 94734795.799084 bit/s, bytes received: 1184556 B, packets received: 976
[client] second 6.613221: 94723632.677090 bit/s, bytes received: 1184559 B, packets received: 976
[client] second 6.713285: 94744920.615592 bit/s, bytes received: 1185070 B, packets received: 977
[client] second 6.813313: 94835632.708517 bit/s, bytes received: 1185783 B, packets received: 977
[client] second 6.913333: 94745757.290902 bit/s, bytes received: 1184556 B, packets received: 976
[client] second 7.013426: 94676553.884408 bit/s, bytes received: 1184556 B, packets received: 977
[client] second 7.113449: 94742558.466822 bit/s, bytes received: 1184556 B, packets received: 976
[client] second 7.213465: 94847232.067151 bit/s, bytes received: 1185783 B, packets received: 976
[client] second 7.313485: 94745340.558342 bit/s, bytes received: 1184547 B, packets received: 976
[client] second 7.413546: 94706253.648195 bit/s, bytes received: 1184556 B, packets received: 976
[client] second 7.513601: 94712267.021436 bit/s, bytes received: 1184556 B, packets received: 977
[client] second 7.613635: 94830911.473639 bit/s, bytes received: 1185783 B, packets received: 976
[client] second 7.713729: 94772727.490704 bit/s, bytes received: 1185774 B, packets received: 977
[client] second 7.813748: 94648884.450985 bit/s, bytes received: 1183338 B, packets received: 976
[client] second 7.913811: 94745537.014265 bit/s, bytes received: 1185070 B, packets received: 977
[client] second 8.013824: 94752210.536258 bit/s, bytes received: 1184556 B, packets received: 975
[client] second 8.113845: 94744969.168499 bit/s, bytes received: 1184556 B, packets received: 977
[client] second 8.213955: 94757882.318361 bit/s, bytes received: 1185783 B, packets received: 976
[client] second 8.313974: 94746969.812509 bit/s, bytes received: 1184556 B, packets received: 977
[client] second 8.413998: 94839707.758664 bit/s, bytes received: 1185783 B, packets received: 976
[client] second 8.514102: 94666537.999785 bit/s, bytes received: 1184556 B, packets received: 977
[client] second 8.614173: 94794008.624281 bit/s, bytes received: 1185774 B, packets received: 976
[client] second 8.714237: 94704035.149566 bit/s, bytes received: 1184556 B, packets received: 977
[client] second 8.814251: 94849093.652445 bit/s, bytes received: 1185783 B, packets received: 976
[client] second 8.914264: 94654128.548243 bit/s, bytes received: 1183329 B, packets received: 976
[client] second 9.014373: 94759532.153064 bit/s, bytes received: 1185783 B, packets received: 977
[client] second 9.114432: 94749331.214672 bit/s, bytes received: 1185070 B, packets received: 977
[client] second 9.214448: 94749372.212601 bit/s, bytes received: 1184556 B, packets received: 976
[client] second 9.314465: 94748451.404476 bit/s, bytes received: 1184556 B, packets received: 976
[client] second 9.414485: 94745699.574747 bit/s, bytes received: 1184547 B, packets received: 976
[client] second 9.514556: 94795666.414613 bit/s, bytes received: 1185792 B, packets received: 976
[client] second 9.614610: 94712796.938223 bit/s, bytes received: 1184547 B, packets received: 977
[client] second 9.714630: 94745499.634058 bit/s, bytes received: 1184556 B, packets received: 976
[client] second 9.814650: 94745186.090305 bit/s, bytes received: 1184556 B, packets received: 976
[client] second 9.914755: 94861524.568693 bit/s, bytes received: 1187010 B, packets received: 977
[client] second 10.014872: 94652887.085713 bit/s, bytes received: 1184556 B, packets received: 976
[client] second 10.114893: 94745201.899130 bit/s, bytes received: 1184553 B, packets received: 976
[client] second 10.214982: 94777724.845202 bit/s, bytes received: 1185783 B, packets received: 977
[client] second 10.315035: 94714420.012964 bit/s, bytes received: 1184559 B, packets received: 977
[client] second 10.415087: 94756987.770134 bit/s, bytes received: 1185070 B, packets received: 976
[client] second 10.515109: 94841178.389742 bit/s, bytes received: 1185783 B, packets received: 977
[client] second 10.615127: 94747180.190938 bit/s, bytes received: 1184547 B, packets received: 976
[client] second 10.715144: 94650041.139424 bit/s, bytes received: 1183329 B, packets received: 976
[client] second 10.815215: 94795459.405874 bit/s, bytes received: 1185783 B, packets received: 976
[client] second 10.915270: 94712046.463957 bit/s, bytes received: 1184556 B, packets received: 977
[client] second 11.015296: 94837514.514015 bit/s, bytes received: 1185774 B, packets received: 976
[client] second 11.115400: 94666612.296622 bit/s, bytes received: 1184565 B, packets received: 977
[client] second 11.215468: 94798011.455690 bit/s, bytes received: 1185783 B, packets received: 976
[client] second 11.315491: 94742338.715442 bit/s, bytes received: 1184556 B, packets received: 976
[client] second 11.415541: 94716941.415858 bit/s, bytes received: 1184547 B, packets received: 977
[client] second 11.515610: 94797820.578765 bit/s, bytes received: 1185792 B, packets received: 976
[client] second 11.615634: 94782035.633772 bit/s, bytes received: 1185061 B, packets received: 977
[client] second 11.715691: 94710548.025532 bit/s, bytes received: 1184556 B, packets received: 976
[client] second 11.815755: 94802292.652589 bit/s, bytes received: 1185783 B, packets received: 977
[client] second 11.915874: 94652184.648133 bit/s, bytes received: 1184556 B, packets received: 977
[client] second 12.015889: 94847467.250664 bit/s, bytes received: 1185783 B, packets received: 976
[client] second 12.115955: 94702430.967230 bit/s, bytes received: 1184556 B, packets received: 976
[client] second 12.215977: 94743609.877616 bit/s, bytes received: 1184556 B, packets received: 976
[client] second 12.315993: 94749399.685546 bit/s, bytes received: 1184556 B, packets received: 976
[client] second 12.416044: 94716436.981670 bit/s, bytes received: 1184556 B, packets received: 977
[client] second 12.516069: 94839011.808598 bit/s, bytes received: 1185783 B, packets received: 976
[client] second 12.616092: 94742148.328218 bit/s, bytes received: 1184556 B, packets received: 976
[client] second 12.716155: 94705123.563806 bit/s, bytes received: 1184556 B, packets received: 976
[client] second 12.816252: 94811289.601139 bit/s, bytes received: 1186297 B, packets received: 978
[client] second 12.916265: 94752692.765020 bit/s, bytes received: 1184556 B, packets received: 976
[client] second 13.016287: 94644410.063031 bit/s, bytes received: 1183320 B, packets received: 976
[client] second 13.116310: 94841764.530216 bit/s, bytes received: 1185792 B, packets received: 976
[client] second 13.216388: 94690124.579674 bit/s, bytes received: 1184556 B, packets received: 976
[client] second 13.316422: 94732810.821342 bit/s, bytes received: 1184556 B, packets received: 976
[client] second 13.416444: 94742898.561166 bit/s, bytes received: 1184547 B, packets received: 977
[client] second 13.516466: 94842667.226864 bit/s, bytes received: 1185792 B, packets received: 976
[client] second 13.616534: 94699926.847865 bit/s, bytes received: 1184556 B, packets received: 976
[client] second 13.716592: 94708490.965927 bit/s, bytes received: 1184547 B, packets received: 977
[client] second 13.816617: 94839534.244272 bit/s, bytes received: 1185783 B, packets received: 976
[client] second 13.916725: 94661145.425136 bit/s, bytes received: 1184547 B, packets received: 977
[client] second 14.016743: 94748543.206104 bit/s, bytes received: 1184565 B, packets received: 976
[client] second 14.116794: 94756463.088501 bit/s, bytes received: 1185070 B, packets received: 976
[client] second 14.216824: 94736814.955297 bit/s, bytes received: 1184556 B, packets received: 977
[client] second 14.316853: 94736539.352449 bit/s, bytes received: 1184556 B, packets received: 976
[client] second 14.416921: 94797915.775025 bit/s, bytes received: 1185783 B, packets received: 976
[client] second 14.516978: 94710442.010207 bit/s, bytes received: 1184556 B, packets received: 977
[client] second 14.617002: 94742347.240261 bit/s, bytes received: 1184556 B, packets received: 976
[client] second 14.717016: 94849318.413229 bit/s, bytes received: 1185783 B, packets received: 976
[client] second 14.817044: 94737575.481513 bit/s, bytes received: 1184547 B, packets received: 976
[client] second 14.917068: 94741900.162934 bit/s, bytes received: 1184556 B, packets received: 976
[client] second 15.017146: 94690398.966369 bit/s, bytes received: 1184556 B, packets received: 976
[client] second 15.117164: 94747737.127372 bit/s, bytes received: 1184556 B, packets received: 976
[client] second 15.217180: 94748648.448331 bit/s, bytes received: 1184556 B, packets received: 977
[client] second 15.317198: 94747318.418215 bit/s, bytes received: 1184556 B, packets received: 976
[client] second 15.417214: 94790045.901368 bit/s, bytes received: 1185070 B, packets received: 976
[client] second 15.517262: 94719538.420606 bit/s, bytes received: 1184556 B, packets received: 977
[client] second 15.617281: 94746540.689986 bit/s, bytes received: 1184556 B, packets received: 975
[client] second 15.717301: 94843286.279002 bit/s, bytes received: 1185783 B, packets received: 977
[client] second 15.817379: 94690483.175018 bit/s, bytes received: 1184556 B, packets received: 976
[client] second 15.917391: 94752512.876722 bit/s, bytes received: 1184547 B, packets received: 976
[client] second 16.017441: 94717252.083766 bit/s, bytes received: 1184556 B, packets received: 976
[client] second 16.117460: 94746293.448972 bit/s, bytes received: 1184556 B, packets received: 977
[client] second 16.217545: 94782608.408938 bit/s, bytes received: 1185783 B, packets received: 976
[client] second 16.317596: 94715744.013918 bit/s, bytes received: 1184556 B, packets received: 976
[client] second 16.417671: 94791877.863175 bit/s, bytes received: 1185783 B, packets received: 977
[client] second 16.517714: 94724025.263291 bit/s, bytes received: 1184556 B, packets received: 977
[client] second 16.617776: 94746747.110565 bit/s, bytes received: 1185070 B, packets received: 977
[client] second 16.717797: 94744300.411455 bit/s, bytes received: 1184556 B, packets received: 976
[client] second 16.817875: 94788293.193262 bit/s, bytes received: 1185774 B, packets received: 976
[client] second 16.917896: 94743997.295225 bit/s, bytes received: 1184556 B, packets received: 976
[client] second 17.017931: 94731632.753659 bit/s, bytes received: 1184556 B, packets received: 976
[client] second 17.117954: 94841185.975321 bit/s, bytes received: 1185783 B, packets received: 977
[client] second 17.217975: 94744281.466634 bit/s, bytes received: 1184556 B, packets received: 976
[client] second 17.317991: 94749729.362133 bit/s, bytes received: 1184556 B, packets received: 976
[client] second 17.418095: 94665473.168232 bit/s, bytes received: 1184556 B, packets received: 977
[client] second 17.518110: 94750232.407553 bit/s, bytes received: 1184556 B, packets received: 976
[client] second 17.618142: 94832503.178815 bit/s, bytes received: 1185783 B, packets received: 976
[client] second 17.718238: 94673915.878809 bit/s, bytes received: 1184556 B, packets received: 976
[client] second 17.818251: 94751313.357496 bit/s, bytes received: 1184556 B, packets received: 976
[client] second 17.918317: 94742584.855606 bit/s, bytes received: 1185061 B, packets received: 977
[client] second 18.018331: 94752384.739964 bit/s, bytes received: 1184565 B, packets received: 977
[client] second 18.118403: 94793512.261876 bit/s, bytes received: 1185774 B, packets received: 976
[client] second 18.218421: 94747565.664578 bit/s, bytes received: 1184556 B, packets received: 976
[client] second 18.318571: 94720320.823556 bit/s, bytes received: 1185783 B, packets received: 977
[client] second 18.418594: 94742620.035279 bit/s, bytes received: 1184556 B, packets received: 977
[client] second 18.518612: 94845203.657760 bit/s, bytes received: 1185783 B, packets received: 976
[client] second 18.618632: 94648132.414875 bit/s, bytes received: 1183329 B, packets received: 976
[client] second 18.718648: 94847407.506354 bit/s, bytes received: 1185783 B, packets received: 976
[client] second 18.818667: 94746340.813051 bit/s, bytes received: 1184556 B, packets received: 976
[client] second 18.918767: 94669622.931215 bit/s, bytes received: 1184556 B, packets received: 977
[client] second 19.018849: 94785158.819774 bit/s, bytes received: 1185783 B, packets received: 976
[client] second 19.118906: 94751633.259761 bit/s, bytes received: 1185070 B, packets received: 977
[client] second 19.218954: 94718436.420871 bit/s, bytes received: 1184556 B, packets received: 977
[client] second 19.318984: 94834896.051160 bit/s, bytes received: 1185783 B, packets received: 976
[client] second 19.419088: 94665264.176574 bit/s, bytes received: 1184556 B, packets received: 976
[client] second 19.519158: 94796206.321816 bit/s, bytes received: 1185774 B, packets received: 977
[client] second 19.619176: 94747544.742513 bit/s, bytes received: 1184565 B, packets received: 976
[client] second 19.719207: 94735227.656404 bit/s, bytes received: 1184556 B, packets received: 976
[client] second 19.819242: 94730693.304195 bit/s, bytes received: 1184547 B, packets received: 976
[client] second 19.919261: 94746937.604503 bit/s, bytes received: 1184556 B, packets received: 977
[client] second 20.019341: 94786771.720048 bit/s, bytes received: 1185783 B, packets received: 976
[client] second 20.119411: 94796357.438915 bit/s, bytes received: 1185783 B, packets received: 977
[client] second 20.219426: 94749103.261217 bit/s, bytes received: 1184547 B, packets received: 976
[client] second 20.319468: 94767183.996025 bit/s, bytes received: 1185079 B, packets received: 977
[client] second 20.419646: 94693718.715994 bit/s, bytes received: 1185783 B, packets received: 977
[client] second 20.519707: 94706751.499623 bit/s, bytes received: 1184556 B, packets received: 977
[client] second 20.619723: 94749291.688542 bit/s, bytes received: 1184556 B, packets received: 976
[client] second 20.719839: 94752348.266618 bit/s, bytes received: 1185783 B, packets received: 977
[client] second 20.819862: 94742506.370497 bit/s, bytes received: 1184556 B, packets received: 976
[client] second 20.919886: 94839105.504780 bit/s, bytes received: 1185774 B, packets received: 976
[client] second 21.019978: 94678140.609365 bit/s, bytes received: 1184565 B, packets received: 976
[client] second 21.119996: 94748361.408757 bit/s, bytes received: 1184556 B, packets received: 977
[client] second 21.220016: 94744783.567299 bit/s, bytes received: 1184547 B, packets received: 976
[client] second 21.320133: 94751400.907820 bit/s, bytes received: 1185783 B, packets received: 977
[client] second 21.420156: 94841107.275004 bit/s, bytes received: 1185783 B, packets received: 976
[client] second 21.520204: 94661622.827935 bit/s, bytes received: 1183843 B, packets received: 977
[client] second 21.620216: 94753267.845816 bit/s, bytes received: 1184556 B, packets received: 976
[client] second 21.720236: 94844005.049888 bit/s, bytes received: 1185783 B, packets received: 976
[client] second 21.820249: 94751454.517547 bit/s, bytes received: 1184556 B, packets received: 976
[client] second 21.920315: 94702361.879772 bit/s, bytes received: 1184556 B, packets received: 976
[client] second 22.020334: 94745780.093312 bit/s, bytes received: 1184547 B, packets received: 976
[client] second 22.120385: 94715912.521536 bit/s, bytes received: 1184556 B, packets received: 976
[client] second 22.220405: 94745579.204405 bit/s, bytes received: 1184556 B, packets received: 977
[client] second 22.320489: 94782862.212704 bit/s, bytes received: 1185783 B, packets received: 976
[client] second 22.420537: 94817762.752889 bit/s, bytes received: 1185783 B, packets received: 977
[client] second 22.520554: 94747819.543411 bit/s, bytes received: 1184556 B, packets received: 976
[client] second 22.620573: 94747069.278549 bit/s, bytes received: 1184556 B, packets received: 976
[client] second 22.720583: 94655944.761895 bit/s, bytes received: 1183329 B, packets received: 976
[client] second 22.820635: 94757095.737834 bit/s, bytes received: 1185070 B, packets received: 976
[client] second 22.920652: 94748037.425585 bit/s, bytes received: 1184556 B, packets received: 977
[client] second 23.020671: 94745978.952690 bit/s, bytes received: 1184556 B, packets received: 976
[client] second 23.120688: 94748663.605584 bit/s, bytes received: 1184556 B, packets received: 976
[client] second 23.220703: 94847684.311062 bit/s, bytes received: 1185774 B, packets received: 976
[client] second 23.320725: 94743966.036474 bit/s, bytes received: 1184556 B, packets received: 976
[client] second 23.420825: 94768081.356104 bit/s, bytes received: 1185783 B, packets received: 977
[client] second 23.520839: 94652358.777080 bit/s, bytes received: 1183329 B, packets received: 975
[client] second 23.620862: 94841230.540618 bit/s, bytes received: 1185783 B, packets received: 977
[client] second 23.720877: 94749935.884842 bit/s, bytes received: 1184556 B, packets received: 976
[client] second 23.820984: 94663614.025983 bit/s, bytes received: 1184556 B, packets received: 977
[client] second 23.920998: 94750931.564296 bit/s, bytes received: 1184556 B, packets received: 975
[client] second 24.021013: 94749358.097569 bit/s, bytes received: 1184547 B, packets received: 977
[client] second 24.121036: 94784032.841167 bit/s, bytes received: 1185070 B, packets received: 976
[client] second 24.221058: 94745045.833850 bit/s, bytes received: 1184565 B, packets received: 976
[client] second 24.321095: 94727826.893425 bit/s, bytes received: 1184547 B, packets received: 976
[client] second 24.421115: 94746611.662258 bit/s, bytes received: 1184565 B, packets received: 976
[client] second 24.521130: 94749262.415358 bit/s, bytes received: 1184547 B, packets received: 977
[client] second 24.621251: 94748497.432628 bit/s, bytes received: 1185783 B, packets received: 977
[client] second 24.721272: 94744364.823904 bit/s, bytes received: 1184556 B, packets received: 976
[client] second 24.821302: 94835081.127159 bit/s, bytes received: 1185792 B, packets received: 976
[client] second 24.921387: 94683638.704928 bit/s, bytes received: 1184547 B, packets received: 977
[client] second 25.021459: 94793563.929964 bit/s, bytes received: 1185783 B, packets received: 976
[client] second 25.121518: 94708988.109687 bit/s, bytes received: 1184556 B, packets received: 977
[client] second 25.221537: 94745551.799855 bit/s, bytes received: 1184547 B, packets received: 976
[client] second 25.321590: 94755840.720973 bit/s, bytes received: 1185079 B, packets received: 976
[client] second 25.421609: 94746660.995467 bit/s, bytes received: 1184556 B, packets received: 976
[client] second 25.521635: 94739314.105246 bit/s, bytes received: 1184544 B, packets received: 977
[client] second 25.621650: 94750789.632907 bit/s, bytes received: 1184568 B, packets received: 976
[client] second 25.721675: 94839529.503451 bit/s, bytes received: 1185783 B, packets received: 976
[client] second 25.821739: 94703022.473566 bit/s, bytes received: 1184556 B, packets received: 976
[client] second 25.921801: 94705357.100383 bit/s, bytes received: 1184547 B, packets received: 976
[client] second 26.021885: 94783807.949988 bit/s, bytes received: 1185792 B, packets received: 977
[client] second 26.121933: 94817049.118272 bit/s, bytes received: 1185783 B, packets received: 977
[client] second 26.222040: 94663423.955025 bit/s, bytes received: 1184556 B, packets received: 976
[client] second 26.322069: 94736117.895520 bit/s, bytes received: 1184547 B, packets received: 977
[client] second 26.422092: 94841286.484348 bit/s, bytes received: 1185783 B, packets received: 976
[client] second 26.522149: 94710153.308960 bit/s, bytes received: 1184556 B, packets received: 976
[client] second 26.622253: 94707144.346880 bit/s, bytes received: 1185070 B, packets received: 977
[client] second 26.722270: 94748197.522256 bit/s, bytes received: 1184556 B, packets received: 976
[client] second 26.822342: 94794465.716146 bit/s, bytes received: 1185783 B, packets received: 977
[client] second 26.922405: 94703895.773404 bit/s, bytes received: 1184547 B, packets received: 977
[client] second 27.022426: 94843944.496122 bit/s, bytes received: 1185792 B, packets received: 976
[client] second 27.122443: 94748159.629504 bit/s, bytes received: 1184556 B, packets received: 976
[client] second 27.222510: 94700396.911431 bit/s, bytes received: 1184547 B, packets received: 976
[client] second 27.322555: 94722217.788089 bit/s, bytes received: 1184556 B, packets received: 976
[client] second 27.422634: 94787290.738973 bit/s, bytes received: 1185783 B, packets received: 977
[client] second 27.522758: 94744846.574599 bit/s, bytes received: 1185783 B, packets received: 977
[client] second 27.622813: 94712241.276358 bit/s, bytes received: 1184547 B, packets received: 976
[client] second 27.722847: 94830702.202775 bit/s, bytes received: 1185792 B, packets received: 977
[client] second 27.822868: 94687097.423989 bit/s, bytes received: 1183843 B, packets received: 976
[client] second 27.922897: 94737540.433002 bit/s, bytes received: 1184556 B, packets received: 976
[client] second 28.022909: 94752657.710897 bit/s, bytes received: 1184556 B, packets received: 976
[client] second 28.122933: 94742313.140994 bit/s, bytes received: 1184556 B, packets received: 976
[client] second 28.222953: 94745282.710817 bit/s, bytes received: 1184556 B, packets received: 977
[client] second 28.322975: 94841742.570442 bit/s, bytes received: 1185783 B, packets received: 976
[client] second 28.423075: 94670510.051723 bit/s, bytes received: 1184556 B, packets received: 976
[client] second 28.523089: 94750351.877706 bit/s, bytes received: 1184547 B, packets received: 976
[client] second 28.623105: 94748595.397982 bit/s, bytes received: 1184556 B, packets received: 977
[client] second 28.723116: 94754328.968738 bit/s, bytes received: 1184556 B, packets received: 976
[client] second 28.823183: 94798725.751111 bit/s, bytes received: 1185783 B, packets received: 976
[client] second 28.923193: 94755543.604683 bit/s, bytes received: 1184556 B, packets received: 976
[client] second 29.023255: 94705487.005090 bit/s, bytes received: 1184556 B, packets received: 976
[client] second 29.123316: 94747976.175849 bit/s, bytes received: 1185070 B, packets received: 977
[client] second 29.223338: 94743194.993813 bit/s, bytes received: 1184556 B, packets received: 976
[client] second 29.323420: 94784854.226423 bit/s, bytes received: 1185774 B, packets received: 977
[client] second 29.423436: 94750178.306731 bit/s, bytes received: 1184565 B, packets received: 976
[client] second 29.523452: 94747855.624955 bit/s, bytes received: 1184547 B, packets received: 976
[client] second 29.623499: 94818737.976130 bit/s, bytes received: 1185783 B, packets received: 977
[client] second 29.723526: 94738896.708333 bit/s, bytes received: 1184556 B, packets received: 976
[client] second 29.823585: 94708074.711944 bit/s, bytes received: 1184556 B, packets received: 976
[client] second 29.923613: 94738165.527143 bit/s, bytes received: 1184556 B, packets received: 976
[client] second 30.023655: 94724883.104365 bit/s, bytes received: 1184556 B, packets received: 976
[client] second 30.123737: 94784319.716618 bit/s, bytes received: 1185783 B, packets received: 977
[client] second 30.223781: 94722842.680043 bit/s, bytes received: 1184556 B, packets received: 977
[client] second 30.323815: 94773995.715649 bit/s, bytes received: 1185070 B, packets received: 976
[client] second 30.423861: 94720917.849881 bit/s, bytes received: 1184556 B, packets received: 976
[client] second 30.523888: 94738999.945965 bit/s, bytes received: 1184556 B, packets received: 977
[client] second 30.623904: 94846246.657740 bit/s, bytes received: 1185774 B, packets received: 976
[client] second 30.723974: 94698052.157353 bit/s, bytes received: 1184556 B, packets received: 976
[client] second 30.823992: 94747949.325281 bit/s, bytes received: 1184556 B, packets received: 976
[client] second 30.924040: 94816761.961557 bit/s, bytes received: 1185783 B, packets received: 977
[client] second 31.024062: 94645635.196428 bit/s, bytes received: 1183329 B, packets received: 976
[client] second 31.124082: 94843498.685095 bit/s, bytes received: 1185783 B, packets received: 976
[client] second 31.224145: 94704395.743165 bit/s, bytes received: 1184556 B, packets received: 976
[client] second 31.324197: 94714676.960106 bit/s, bytes received: 1184547 B, packets received: 977
[client] second 31.424213: 94750453.039489 bit/s, bytes received: 1184565 B, packets received: 976
[client] second 31.524235: 94743744.384104 bit/s, bytes received: 1184556 B, packets received: 976
[client] second 31.624287: 94755993.487840 bit/s, bytes received: 1185061 B, packets received: 976
[client] second 31.724311: 94840181.059749 bit/s, bytes received: 1185792 B, packets received: 977
[client] second 31.824377: 94700869.152796 bit/s, bytes received: 1184547 B, packets received: 976
[client] second 31.924435: 94710785.812227 bit/s, bytes received: 1184565 B, packets received: 977
[client] second 32.024455: 94745074.376431 bit/s, bytes received: 1184547 B, packets received: 976
[client] second 32.124478: 94743079.385825 bit/s, bytes received: 1184565 B, packets received: 976
[client] second 32.224546: 94796942.383812 bit/s, bytes received: 1185774 B, packets received: 976
[client] second 32.324600: 94713707.769813 bit/s, bytes received: 1184556 B, packets received: 976
[client] second 32.424685: 94782374.493984 bit/s, bytes received: 1185783 B, packets received: 977
[client] second 32.524738: 94714124.288681 bit/s, bytes received: 1184556 B, packets received: 977
[client] second 32.624770: 94831870.851184 bit/s, bytes received: 1185783 B, packets received: 976
[client] second 32.724857: 94682003.983201 bit/s, bytes received: 1184547 B, packets received: 976
[client] second 32.824922: 94744538.981021 bit/s, bytes received: 1185079 B, packets received: 978
[client] second 32.924941: 94746771.828345 bit/s, bytes received: 1184556 B, packets received: 976
[client] second 33.024979: 94825963.213948 bit/s, bytes received: 1185783 B, packets received: 976
[client] second 33.125065: 94683614.512190 bit/s, bytes received: 1184556 B, packets received: 976
[client] second 33.225080: 94750169.881843 bit/s, bytes received: 1184556 B, packets received: 977
[client] second 33.325156: 94790808.473247 bit/s, bytes received: 1185783 B, packets received: 976
[client] second 33.425179: 94742605.827167 bit/s, bytes received: 1184556 B, packets received: 976
[client] second 33.525229: 94716695.427157 bit/s, bytes received: 1184556 B, packets received: 977
[client] second 33.625250: 94744967.273990 bit/s, bytes received: 1184556 B, packets received: 976
[client] second 33.725263: 94750948.724223 bit/s, bytes received: 1184547 B, packets received: 976
[client] second 33.825285: 94743658.186240 bit/s, bytes received: 1184556 B, packets received: 976
[client] second 33.925303: 94748033.636321 bit/s, bytes received: 1184556 B, packets received: 976
[client] second 34.025317: 94849008.300527 bit/s, bytes received: 1185783 B, packets received: 976
[client] second 34.125364: 94663162.252488 bit/s, bytes received: 1183843 B, packets received: 977
[client] second 34.225387: 94840068.063801 bit/s, bytes received: 1185783 B, packets received: 976
[client] second 34.325407: 94746362.600544 bit/s, bytes received: 1184556 B, packets received: 976
[client] second 34.425481: 94694324.762556 bit/s, bytes received: 1184556 B, packets received: 976
[client] second 34.525528: 94718811.188151 bit/s, bytes received: 1184547 B, packets received: 977
[client] second 34.625561: 94832447.467099 bit/s, bytes received: 1185792 B, packets received: 976
[client] second 34.725582: 94743289.764813 bit/s, bytes received: 1184547 B, packets received: 976
[client] second 34.825601: 94649149.697753 bit/s, bytes received: 1183329 B, packets received: 976
[client] second 34.925641: 94824434.287181 bit/s, bytes received: 1185783 B, packets received: 976
[client] second 35.025691: 94716494.729440 bit/s, bytes received: 1184556 B, packets received: 977
[client] second 35.125705: 94751165.566215 bit/s, bytes received: 1184556 B, packets received: 975
[client] second 35.225720: 94751041.459790 bit/s, bytes received: 1184556 B, packets received: 977
[client] second 35.325736: 94748944.962984 bit/s, bytes received: 1184556 B, packets received: 975
[client] second 35.425798: 94746673.254036 bit/s, bytes received: 1185070 B, packets received: 978
[client] second 35.525820: 94744150.747574 bit/s, bytes received: 1184556 B, packets received: 976
[client] second 35.625840: 94843230.332912 bit/s, bytes received: 1185783 B, packets received: 976
[client] second 35.725860: 94745793.287190 bit/s, bytes received: 1184556 B, packets received: 976
[client] second 35.825955: 94673293.987198 bit/s, bytes received: 1184547 B, packets received: 977
[client] second 35.925990: 94829428.837433 bit/s, bytes received: 1185783 B, packets received: 976
[client] second 36.026051: 94706698.496180 bit/s, bytes received: 1184556 B, packets received: 976
[client] second 36.126107: 94710805.294544 bit/s, bytes received: 1184547 B, packets received: 977
[client] second 36.226126: 94747993.764332 bit/s, bytes received: 1184565 B, packets received: 976
[client] second 36.326195: 94796909.718739 bit/s, bytes received: 1185783 B, packets received: 976
[client] second 36.426253: 94709439.609171 bit/s, bytes received: 1184556 B, packets received: 977
[client] second 36.526267: 94848390.825533 bit/s, bytes received: 1185774 B, packets received: 976
[client] second 36.626288: 94688051.098588 bit/s, bytes received: 1183852 B, packets received: 976
[client] second 36.726342: 94712645.479488 bit/s, bytes received: 1184547 B, packets received: 977
[client] second 36.826356: 94751715.048949 bit/s, bytes received: 1184556 B, packets received: 976
[client] second 36.926469: 94755044.699194 bit/s, bytes received: 1185783 B, packets received: 977
[client] second 37.026554: 94782458.778996 bit/s, bytes received: 1185783 B, packets received: 976
[client] second 37.126602: 94719112.386740 bit/s, bytes received: 1184556 B, packets received: 976
[client] second 37.226677: 94791983.951003 bit/s, bytes received: 1185783 B, packets received: 977
[client] second 37.326737: 94707646.888179 bit/s, bytes received: 1184556 B, packets received: 977
[client] second 37.426863: 94840650.173921 bit/s, bytes received: 1187010 B, packets received: 977
[client] second 37.526928: 94702705.425251 bit/s, bytes received: 1184556 B, packets received: 976
[client] second 37.626976: 94719624.574586 bit/s, bytes received: 1184556 B, packets received: 976
[client] second 37.727050: 94792543.757668 bit/s, bytes received: 1185783 B, packets received: 977
[client] second 37.827065: 94790742.908603 bit/s, bytes received: 1185061 B, packets received: 977
[client] second 37.927173: 94662840.124345 bit/s, bytes received: 1184565 B, packets received: 977
[client] second 38.027187: 94750993.143636 bit/s, bytes received: 1184556 B, packets received: 976
[client] second 38.127414: 94744663.795162 bit/s, bytes received: 1187001 B, packets received: 978
[client] second 38.227522: 94760383.122968 bit/s, bytes received: 1185783 B, packets received: 977
[client] second 38.327545: 94744082.491453 bit/s, bytes received: 1184565 B, packets received: 976
[client] second 38.427574: 94833722.141059 bit/s, bytes received: 1185774 B, packets received: 976
[client] second 38.527642: 94700676.366305 bit/s, bytes received: 1184556 B, packets received: 976
[client] second 38.627692: 94815335.680875 bit/s, bytes received: 1185783 B, packets received: 977
[client] second 38.727758: 94701254.601390 bit/s, bytes received: 1184556 B, packets received: 976
[client] second 38.827822: 94703796.397235 bit/s, bytes received: 1184547 B, packets received: 977
[client] second 38.927904: 94784753.472377 bit/s, bytes received: 1185783 B, packets received: 976
[client] second 39.027918: 94792778.851541 bit/s, bytes received: 1185079 B, packets received: 977
[client] second 39.127973: 94711998.187564 bit/s, bytes received: 1184556 B, packets received: 976
[client] second 39.228028: 94712842.558237 bit/s, bytes received: 1184556 B, packets received: 976
[client] second 39.328147: 94750217.918937 bit/s, bytes received: 1185783 B, packets received: 978
[client] second 39.428164: 94846725.667900 bit/s, bytes received: 1185783 B, packets received: 976
[client] second 39.528263: 94670107.156980 bit/s, bytes received: 1184556 B, packets received: 976
[client] second 39.628287: 94741530.759004 bit/s, bytes received: 1184556 B, packets received: 977
[client] second 39.728300: 94752643.499774 bit/s, bytes received: 1184556 B, packets received: 976
[client] second 39.828316: 94748403.178813 bit/s, bytes received: 1184547 B, packets received: 976
[client] second 39.928334: 94747869.750954 bit/s, bytes received: 1184556 B, packets received: 976
[client] second 40.028374: 94824584.049683 bit/s, bytes received: 1185783 B, packets received: 976
[client] total: bytes received: 452451441 B, packets received: 372882
