Bandwidth: 100 Mbit/s
RTT: 220 ms
BDP: 2750000 B/s
Max In-Flight Packets: 2148
[server] starting server with pid 134338, port 18080, cc cubic, iw 32
[server][session 0] open
[client] connection establishment time: 0.444085 s
[server][session 0][stream 0] open
[client] time to first byte: 0.664921 s
[client] second 1.000065: 6923274.030380 bit/s, bytes received: 865465 B, packets received: 720
[client] second 2.000116: 51701531.145983 bit/s, bytes received: 6463019 B, packets received: 5345
[client] second 3.000179: 59142622.647485 bit/s, bytes received: 7393298 B, packets received: 6133
[client] second 4.000218: 88811369.791513 bit/s, bytes received: 11101856 B, packets received: 9155
[client] second 5.000260: 94593632.986355 bit/s, bytes received: 11824701 B, packets received: 9744
[client] second 6.000300: 94735321.428625 bit/s, bytes received: 11842384 B, packets received: 9757
[client] second 7.000384: 94746640.482944 bit/s, bytes received: 11844324 B, packets received: 9759
[client] second 8.000470: 94750529.682303 bit/s, bytes received: 11844838 B, packets received: 9760
[client] second 9.000587: 94747680.012683 bit/s, bytes received: 11844838 B, packets received: 9761
[client] second 10.000649: 94752911.837039 bit/s, bytes received: 11844847 B, packets received: 9759
[client] second 11.000679: 94751714.106187 bit/s, bytes received: 11844324 B, packets received: 9759
[client] second 12.000727: 94754200.617107 bit/s, bytes received: 11844838 B, packets received: 9760
[client] second 13.000811: 94750655.974032 bit/s, bytes received: 11844838 B, packets received: 9760
[client] second 14.000886: 94741906.275594 bit/s, bytes received: 11843620 B, packets received: 9759
[client] second 15.000947: 88746434.543418 bit/s, bytes received: 11093980 B, packets received: 9151
[client] second 16.001023: 69636620.263958 bit/s, bytes received: 8705245 B, packets received: 7173
[client] second 17.001062: 66542827.358030 bit/s, bytes received: 8318173 B, packets received: 6854
[client] second 18.001132: 69990376.502018 bit/s, bytes received: 8749408 B, packets received: 7209
[client] second 19.001160: 66959740.087713 bit/s, bytes received: 8370203 B, packets received: 6897
[client] second 20.001270: 70423523.482700 bit/s, bytes received: 8803910 B, packets received: 7255
[client] second 21.001432: 67308195.081915 bit/s, bytes received: 8414889 B, packets received: 6933
[client] second 22.001535: 70056764.216578 bit/s, bytes received: 8757997 B, packets received: 7216
[client] second 23.001591: 68520896.140556 bit/s, bytes received: 8565593 B, packets received: 7059
[client] second 24.002549: 68992676.255652 bit/s, bytes received: 8632347 B, packets received: 7112
[client] second 25.002572: 70410022.373403 bit/s, bytes received: 8801456 B, packets received: 7252
[client] second 26.002627: 68222372.182294 bit/s, bytes received: 8528260 B, packets received: 7028
[client] second 27.002708: 72071107.033434 bit/s, bytes received: 9009621 B, packets received: 7423
[client] second 28.002755: 68688295.043644 bit/s, bytes received: 8586443 B, packets received: 7075
[client] second 29.003161: 72371440.336349 bit/s, bytes received: 9050094 B, packets received: 7457
[client] second 30.003213: 69031518.986125 bit/s, bytes received: 8629388 B, packets received: 7111
[client] second 31.003273: 72871595.577261 bit/s, bytes received: 9109504 B, packets received: 7506
[client] second 32.003784: 60639301.100907 bit/s, bytes received: 7583780 B, packets received: 6255
[client] second 33.003822: 51050216.830945 bit/s, bytes received: 6381523 B, packets received: 5258
[client] second 34.003881: 48858176.152523 bit/s, bytes received: 6107632 B, packets received: 5034
[client] second 35.003937: 51681521.740558 bit/s, bytes received: 6460556 B, packets received: 5322
[client] second 36.004037: 49337065.622474 bit/s, bytes received: 6167746 B, packets received: 5083
[client] second 37.004133: 52109750.220724 bit/s, bytes received: 6514345 B, packets received: 5368
[client] second 38.004175: 49716919.934656 bit/s, bytes received: 6214877 B, packets received: 5120
[client] second 39.004223: 52553813.784815 bit/s, bytes received: 6569542 B, packets received: 5413
[client] second 40.004237: 50042222.791485 bit/s, bytes received: 6255368 B, packets received: 5155
[client] total: bytes received: 352629070 B, packets received: 290650
