Bandwidth: 100 Mbit/s
RTT: 220 ms
BDP: 2750000 B/s
Max In-Flight Packets: 2148
[server] starting server with pid 137861, port 18080, cc cubic, iw 32
[server][session 0] open
[client] connection establishment time: 0.444785 s
[server][session 0][stream 0] open
[client] time to first byte: 0.666095 s
[client] second 1.000129: 6942459.880020 bit/s, bytes received: 867919 B, packets received: 723
[client] second 2.000190: 51691177.979173 bit/s, bytes received: 6461792 B, packets received: 5344
[client] second 3.000274: 58784053.241661 bit/s, bytes received: 7348621 B, packets received: 6113
[client] second 4.000309: 91295677.233091 bit/s, bytes received: 11412358 B, packets received: 9412
[client] second 5.000363: 75542366.491517 bit/s, bytes received: 9443310 B, packets received: 7791
[client] second 6.000437: 68358509.950828 bit/s, bytes received: 8545447 B, packets received: 7041
[client] second 7.000536: 65103451.692904 bit/s, bytes received: 8138734 B, packets received: 6706
[client] second 8.000680: 68308776.112928 bit/s, bytes received: 8539826 B, packets received: 7037
[client] second 9.000715: 65926243.572504 bit/s, bytes received: 8241071 B, packets received: 6790
[client] second 10.001149: 67270224.091412 bit/s, bytes received: 8412426 B, packets received: 6932
[client] second 11.001199: 67826101.992296 bit/s, bytes received: 8478684 B, packets received: 6987
[client] second 12.001854: 66203409.567744 bit/s, bytes received: 8280849 B, packets received: 6822
[client] second 13.001921: 69715707.331411 bit/s, bytes received: 8715052 B, packets received: 7181
[client] second 14.001986: 66462557.467633 bit/s, bytes received: 8308357 B, packets received: 6847
[client] second 15.002019: 70340617.151215 bit/s, bytes received: 8792867 B, packets received: 7245
[client] second 16.002050: 66831983.861820 bit/s, bytes received: 8354261 B, packets received: 6883
[client] second 17.002104: 70755409.335784 bit/s, bytes received: 8844897 B, packets received: 7288
[client] second 18.002219: 67179707.850657 bit/s, bytes received: 8398424 B, packets received: 6921
[client] second 19.002264: 71182212.697251 bit/s, bytes received: 8898181 B, packets received: 7332
[client] second 20.002429: 67602330.529853 bit/s, bytes received: 8451690 B, packets received: 6964
[client] second 21.003210: 70621458.220225 bit/s, bytes received: 8834576 B, packets received: 7278
[client] second 22.003244: 69007391.937481 bit/s, bytes received: 8626221 B, packets received: 7109
[client] second 23.004224: 69436510.716927 bit/s, bytes received: 8688067 B, packets received: 7158
[client] second 24.004261: 70982344.839479 bit/s, bytes received: 8873118 B, packets received: 7311
[client] second 25.004335: 68431290.919820 bit/s, bytes received: 8554550 B, packets received: 7049
[client] second 26.004394: 72789101.082491 bit/s, bytes received: 9099174 B, packets received: 7498
[client] second 27.004449: 68976460.295636 bit/s, bytes received: 8622531 B, packets received: 7104
[client] second 28.004496: 73122141.846106 bit/s, bytes received: 9140693 B, packets received: 7532
[client] second 29.004608: 69473035.960792 bit/s, bytes received: 8685099 B, packets received: 7157
[client] second 30.004654: 73455795.237072 bit/s, bytes received: 9182402 B, packets received: 7566
[client] second 31.004696: 69884434.008632 bit/s, bytes received: 8735920 B, packets received: 7197
[client] second 32.004786: 73908154.973775 bit/s, bytes received: 9239349 B, packets received: 7613
[client] second 33.004827: 70094734.185993 bit/s, bytes received: 8762201 B, packets received: 7220
[client] second 34.005515: 73085015.741072 bit/s, bytes received: 9141911 B, packets received: 7533
[client] second 35.005537: 71894494.550134 bit/s, bytes received: 8987012 B, packets received: 7406
[client] second 36.006170: 71899702.558217 bit/s, bytes received: 8993156 B, packets received: 7409
[client] second 37.006254: 73928303.617432 bit/s, bytes received: 9241812 B, packets received: 7616
[client] second 38.006342: 71139861.011553 bit/s, bytes received: 8893264 B, packets received: 7327
[client] second 39.006391: 75503560.540223 bit/s, bytes received: 9438411 B, packets received: 7777
[client] second 40.006476: 71503152.444463 bit/s, bytes received: 8938654 B, packets received: 7365
[client] total: bytes received: 341612887 B, packets received: 281585
