Bandwidth: 100 Mbit/s
RTT: 220 ms
BDP: 2750000 B/s
Max In-Flight Packets: 2148
[server] starting server with pid 139367, port 18080, cc cubic, iw 32
[server][session 0] open
[client] connection establishment time: 0.445117 s
[server][session 0][stream 0] open
[client] time to first byte: 0.665905 s
[client] second 1.000656: 6948615.864467 bit/s, bytes received: 869146 B, packets received: 724
[client] second 2.000717: 51822812.288420 bit/s, bytes received: 6478248 B, packets received: 5357
[client] second 3.000746: 59130836.798937 bit/s, bytes received: 7391566 B, packets received: 6133
[client] second 4.000834: 88469155.920066 bit/s, bytes received: 11059626 B, packets received: 9120
[client] second 5.000897: 94585969.093812 bit/s, bytes received: 11823986 B, packets received: 9744
[client] second 6.000973: 94737524.600392 bit/s, bytes received: 11843097 B, packets received: 9757
[client] second 7.001001: 94746353.433071 bit/s, bytes received: 11843620 B, packets received: 9760
[client] second 8.001050: 94754086.538609 bit/s, bytes received: 11844838 B, packets received: 9759
[client] second 9.001118: 94748130.461747 bit/s, bytes received: 11844324 B, packets received: 9760
[client] second 10.001169: 94753821.619833 bit/s, bytes received: 11844838 B, packets received: 9759
[client] second 11.001200: 94745930.328355 bit/s, bytes received: 11843609 B, packets received: 9760
[client] second 12.001294: 94749861.266971 bit/s, bytes received: 11844840 B, packets received: 9760
[client] second 13.001399: 94754509.172509 bit/s, bytes received: 11845560 B, packets received: 9759
[client] second 14.001494: 94749721.821121 bit/s, bytes received: 11844838 B, packets received: 9760
[client] second 15.001522: 94756043.913579 bit/s, bytes received: 11844838 B, packets received: 9760
[client] second 16.001593: 75252408.546708 bit/s, bytes received: 9407222 B, packets received: 7762
[client] second 17.001641: 47075759.611766 bit/s, bytes received: 5884752 B, packets received: 4855
[client] second 18.002066: 47454629.382874 bit/s, bytes received: 5934337 B, packets received: 4890
[client] second 19.002165: 48533762.057640 bit/s, bytes received: 6067331 B, packets received: 5000
[client] second 20.002263: 47817676.320870 bit/s, bytes received: 5977796 B, packets received: 4925
[client] second 21.003274: 48156334.496713 bit/s, bytes received: 6025631 B, packets received: 4965
[client] second 22.003628: 48649136.903142 bit/s, bytes received: 6083291 B, packets received: 5012
[client] second 23.003657: 48007419.978705 bit/s, bytes received: 6001100 B, packets received: 4945
[client] second 24.003705: 49496568.591733 bit/s, bytes received: 6187369 B, packets received: 5099
[client] second 25.003862: 48951507.606097 bit/s, bytes received: 6119902 B, packets received: 5043
[client] second 26.004137: 49862387.217966 bit/s, bytes received: 6234509 B, packets received: 5136
[client] second 27.004174: 49408772.315882 bit/s, bytes received: 6176326 B, packets received: 5089
[client] second 28.004269: 50287694.157665 bit/s, bytes received: 6286557 B, packets received: 5181
[client] second 29.004317: 49726356.029044 bit/s, bytes received: 6216095 B, packets received: 5122
[client] second 30.004352: 50785440.415333 bit/s, bytes received: 6348403 B, packets received: 5231
[client] second 31.004441: 50077723.439711 bit/s, bytes received: 6260276 B, packets received: 5157
[client] second 32.005098: 51179831.963751 bit/s, bytes received: 6401678 B, packets received: 5276
[client] second 33.005237: 50652581.065626 bit/s, bytes received: 6332452 B, packets received: 5217
[client] second 34.005762: 50315029.690961 bit/s, bytes received: 6292683 B, packets received: 5185
[client] second 35.006311: 51342207.727641 bit/s, bytes received: 6421301 B, packets received: 5291
[client] second 36.006333: 51041332.607248 bit/s, bytes received: 6380305 B, packets received: 5257
[client] second 37.006388: 52259058.037051 bit/s, bytes received: 6532741 B, packets received: 5383
[client] second 38.006540: 51490119.458467 bit/s, bytes received: 6437243 B, packets received: 5304
[client] second 39.006643: 52551048.796556 bit/s, bytes received: 6569560 B, packets received: 5413
[client] second 40.007029: 51962994.599314 bit/s, bytes received: 6497880 B, packets received: 5354
[client] total: bytes received: 315143714 B, packets received: 259765
