Bandwidth: 100 Mbit/s
RTT: 220 ms
BDP: 2750000 B/s
Max In-Flight Packets: 2148
[server] starting server with pid 1225894, port 18080, cc cubic, iw 32
[server][session 0] open
[client] connection establishment time: 0.445645 s
[server][session 0][stream 0] open
[client] time to first byte: 0.666696 s
[client] second 0.100226: 2646749.488970 bit/s, bytes received: 33159 B, packets received: 34
[client] second 0.201231: 485918.169658 bit/s, bytes received: 6135 B, packets received: 5
[client] second 0.302245: 3147183.982014 bit/s, bytes received: 39739 B, packets received: 33
[client] second 0.402593: 3228052.188877 bit/s, bytes received: 40491 B, packets received: 33
[client] second 0.503022: 3754364.241320 bit/s, bytes received: 47131 B, packets received: 39
[client] second 0.603399: 6005141.992992 bit/s, bytes received: 75347 B, packets received: 62
[client] second 0.704248: 7477852.320151 bit/s, bytes received: 94267 B, packets received: 78
[client] second 0.804605: 10448526.154622 bit/s, bytes received: 131072 B, packets received: 108
[client] second 0.905410: 14198949.831887 bit/s, bytes received: 178917 B, packets received: 147
[client] second 1.005427: 19005812.067347 bit/s, bytes received: 237612 B, packets received: 198
[client] second 1.106358: 13054959.088273 bit/s, bytes received: 164706 B, packets received: 137
[client] second 1.207111: 18144128.445280 bit/s, bytes received: 228510 B, packets received: 190
[client] second 1.307153: 43495618.911142 bit/s, bytes received: 543920 B, packets received: 448
[client] second 1.407346: 22049106.042615 bit/s, bytes received: 276146 B, packets received: 232
[client] second 1.507390: 40314149.878700 bit/s, bytes received: 504151 B, packets received: 418
[client] second 1.607472: 89252363.496594 bit/s, bytes received: 1116566 B, packets received: 920
[client] second 1.708346: 37784415.713907 bit/s, bytes received: 476435 B, packets received: 397
[client] second 1.808437: 69958514.499554 bit/s, bytes received: 875274 B, packets received: 726
[client] second 1.908509: 94794361.282780 bit/s, bytes received: 1185790 B, packets received: 977
[client] second 2.008547: 94729343.939040 bit/s, bytes received: 1184556 B, packets received: 977
[client] second 2.108598: 8027617.027128 bit/s, bytes received: 100397 B, packets received: 986
[client] second 2.208636: 0.000000 bit/s, bytes received: 0 B, packets received: 982
[client] second 2.308735: 0.000000 bit/s, bytes received: 0 B, packets received: 977
[client] second 2.409481: 292298.105714 bit/s, bytes received: 3681 B, packets received: 722
[client] second 2.509962: 0.000000 bit/s, bytes received: 0 B, packets received: 0
[client] second 2.610763: 399911214.791297 bit/s, bytes received: 5038910 B, packets received: 602
[client] second 2.710992: 0.000000 bit/s, bytes received: 0 B, packets received: 0
[client] second 2.811044: 0.000000 bit/s, bytes received: 0 B, packets received: 9
[client] second 2.911120: 88040213.192770 bit/s, bytes received: 1101337 B, packets received: 908
[client] second 3.011177: 94807945.296359 bit/s, bytes received: 1185783 B, packets received: 976
[client] second 3.111271: 68388013.453069 bit/s, bytes received: 855649 B, packets received: 977
[client] second 3.211291: 0.000000 bit/s, bytes received: 0 B, packets received: 976
[client] second 3.311320: 0.000000 bit/s, bytes received: 0 B, packets received: 976
[client] second 3.411346: 309976474.144953 bit/s, bytes received: 3875718 B, packets received: 977
[client] second 3.511432: 88659962.493902 bit/s, bytes received: 1109204 B, packets received: 914
[client] second 3.612455: 50205985.410833 bit/s, bytes received: 633996 B, packets received: 523
[client] second 3.712554: 47334579.712776 bit/s, bytes received: 592268 B, packets received: 489
[client] second 3.812626: 94795153.363323 bit/s, bytes received: 1185793 B, packets received: 976
[client] second 3.912670: 94428493.916468 bit/s, bytes received: 1180868 B, packets received: 974
[client] second 4.012727: 94612127.119707 bit/s, bytes received: 1183329 B, packets received: 974
[client] second 4.112805: 94830100.034366 bit/s, bytes received: 1186295 B, packets received: 978
[client] second 4.212898: 94576809.789722 bit/s, bytes received: 1183319 B, packets received: 975
[client] second 4.312917: 94746953.418349 bit/s, bytes received: 1184553 B, packets received: 977
[client] second 4.412933: 94846848.985584 bit/s, bytes received: 1185786 B, packets received: 976
[client] second 4.512956: 94645461.332629 bit/s, bytes received: 1183339 B, packets received: 975
[client] second 4.613059: 94666816.459685 bit/s, bytes received: 1184549 B, packets received: 977
[client] second 4.713169: 94758653.748549 bit/s, bytes received: 1185783 B, packets received: 977
[client] second 4.813253: 94684576.632625 bit/s, bytes received: 1184556 B, packets received: 975
[client] second 4.913273: 94843939.620425 bit/s, bytes received: 1185783 B, packets received: 977
[client] second 5.013291: 94746852.348121 bit/s, bytes received: 1184556 B, packets received: 976
[client] second 5.113343: 94716206.937972 bit/s, bytes received: 1184556 B, packets received: 976
[client] second 5.213402: 94707994.258065 bit/s, bytes received: 1184556 B, packets received: 977
[client] second 5.313421: 94745233.755881 bit/s, bytes received: 1184543 B, packets received: 975
[client] second 5.413433: 94795652.440578 bit/s, bytes received: 1185081 B, packets received: 977
[client] second 5.513509: 94790244.898361 bit/s, bytes received: 1185783 B, packets received: 977
[client] second 5.613532: 94743246.143674 bit/s, bytes received: 1184556 B, packets received: 976
[client] second 5.713606: 94693923.557557 bit/s, bytes received: 1184556 B, packets received: 976
[client] second 5.813646: 94726195.460843 bit/s, bytes received: 1184556 B, packets received: 976
[client] second 5.913666: 94843787.900279 bit/s, bytes received: 1185783 B, packets received: 977
[client] second 6.013689: 94742696.759161 bit/s, bytes received: 1184556 B, packets received: 976
[client] second 6.113796: 94663814.499661 bit/s, bytes received: 1184556 B, packets received: 977
[client] second 6.213913: 94751295.857212 bit/s, bytes received: 1185783 B, packets received: 977
[client] second 6.313941: 94736736.029990 bit/s, bytes received: 1184544 B, packets received: 976
[client] second 6.413968: 94837976.495752 bit/s, bytes received: 1185786 B, packets received: 976
[client] second 6.513986: 94747640.501854 bit/s, bytes received: 1184556 B, packets received: 976
[client] second 6.614051: 94701187.137611 bit/s, bytes received: 1184547 B, packets received: 976
[client] second 6.714207: 94757670.046643 bit/s, bytes received: 1186306 B, packets received: 978
[client] second 6.814272: 94702836.976384 bit/s, bytes received: 1184556 B, packets received: 977
[client] second 6.914377: 94762126.759767 bit/s, bytes received: 1185783 B, packets received: 977
[client] second 7.014400: 94743456.427019 bit/s, bytes received: 1184556 B, packets received: 976
[client] second 7.114437: 94827345.262093 bit/s, bytes received: 1185783 B, packets received: 976
[client] second 7.214489: 94715202.521584 bit/s, bytes received: 1184556 B, packets received: 976
[client] second 7.314539: 94716190.687551 bit/s, bytes received: 1184547 B, packets received: 976
[client] second 7.414558: 94747707.760772 bit/s, bytes received: 1184556 B, packets received: 976
[client] second 7.514579: 94744035.184648 bit/s, bytes received: 1184556 B, packets received: 977
[client] second 7.614599: 94843227.488198 bit/s, bytes received: 1185783 B, packets received: 976
[client] second 7.714622: 94742583.094195 bit/s, bytes received: 1184556 B, packets received: 976
[client] second 7.814719: 94672835.748267 bit/s, bytes received: 1184556 B, packets received: 976
[client] second 7.914750: 94776261.060626 bit/s, bytes received: 1185070 B, packets received: 977
[client] second 8.014795: 94721804.038409 bit/s, bytes received: 1184556 B, packets received: 977
[client] second 8.114819: 94839856.621244 bit/s, bytes received: 1185783 B, packets received: 976
[client] second 8.214919: 94669775.196986 bit/s, bytes received: 1184556 B, packets received: 976
[client] second 8.314931: 94752947.618745 bit/s, bytes received: 1184556 B, packets received: 976
[client] second 8.414950: 94746834.349571 bit/s, bytes received: 1184556 B, packets received: 976
[client] second 8.514969: 94843412.256532 bit/s, bytes received: 1185774 B, packets received: 977
[client] second 8.614992: 94644521.473814 bit/s, bytes received: 1183329 B, packets received: 976
[client] second 8.715007: 94849128.741611 bit/s, bytes received: 1185783 B, packets received: 976
[client] second 8.815083: 94691660.822533 bit/s, bytes received: 1184547 B, packets received: 976
[client] second 8.915123: 94727192.608510 bit/s, bytes received: 1184565 B, packets received: 976
[client] second 9.015144: 94744595.951648 bit/s, bytes received: 1184556 B, packets received: 977
[client] second 9.115172: 94835923.771914 bit/s, bytes received: 1185783 B, packets received: 976
[client] second 9.215217: 94664497.344070 bit/s, bytes received: 1183843 B, packets received: 976
[client] second 9.315237: 94843827.726770 bit/s, bytes received: 1185783 B, packets received: 977
[client] second 9.415348: 94659656.735920 bit/s, bytes received: 1184556 B, packets received: 977
[client] second 9.515370: 94841899.025102 bit/s, bytes received: 1185783 B, packets received: 976
[client] second 9.615390: 94745621.831431 bit/s, bytes received: 1184556 B, packets received: 976
[client] second 9.715405: 94749304.098674 bit/s, bytes received: 1184547 B, packets received: 976
[client] second 9.815465: 94708422.300831 bit/s, bytes received: 1184565 B, packets received: 976
[client] second 9.915515: 94715717.346690 bit/s, bytes received: 1184547 B, packets received: 977
[client] second 10.015538: 94743201.624347 bit/s, bytes received: 1184556 B, packets received: 976
[client] second 10.115559: 94744710.568693 bit/s, bytes received: 1184556 B, packets received: 976
[client] second 10.215574: 94847875.031294 bit/s, bytes received: 1185783 B, packets received: 976
[client] second 10.315597: 94645537.732825 bit/s, bytes received: 1183329 B, packets received: 976
[client] second 10.415640: 94764188.997050 bit/s, bytes received: 1185070 B, packets received: 977
[client] second 10.515714: 94791548.650113 bit/s, bytes received: 1185774 B, packets received: 976
[client] second 10.615770: 94712291.819544 bit/s, bytes received: 1184565 B, packets received: 977
[client] second 10.715785: 94749504.936982 bit/s, bytes received: 1184547 B, packets received: 975
[client] second 10.815802: 94748383.197179 bit/s, bytes received: 1184556 B, packets received: 977
[client] second 10.915820: 94846080.822749 bit/s, bytes received: 1185783 B, packets received: 976
[client] second 11.015840: 94647490.828175 bit/s, bytes received: 1183329 B, packets received: 976
[client] second 11.115912: 94793539.129370 bit/s, bytes received: 1185780 B, packets received: 976
[client] second 11.215971: 94709172.684427 bit/s, bytes received: 1184556 B, packets received: 976
[client] second 11.316053: 94784803.861363 bit/s, bytes received: 1185786 B, packets received: 977
[client] second 11.416106: 94714644.942417 bit/s, bytes received: 1184556 B, packets received: 977
[client] second 11.516128: 94743582.408028 bit/s, bytes received: 1184556 B, packets received: 976
[client] second 11.616233: 94762650.241971 bit/s, bytes received: 1185783 B, packets received: 976
[client] second 11.716288: 94753438.232253 bit/s, bytes received: 1185070 B, packets received: 977
[client] second 11.816302: 94750786.722282 bit/s, bytes received: 1184547 B, packets received: 976
[client] second 11.916325: 94742499.740060 bit/s, bytes received: 1184556 B, packets received: 976
[client] second 12.016351: 94740184.827003 bit/s, bytes received: 1184556 B, packets received: 977
[client] second 12.116380: 94835486.902045 bit/s, bytes received: 1185792 B, packets received: 976
[client] second 12.216478: 94671530.994505 bit/s, bytes received: 1184547 B, packets received: 977
[client] second 12.316492: 94848893.549858 bit/s, bytes received: 1185783 B, packets received: 976
[client] second 12.416510: 94649530.119852 bit/s, bytes received: 1183329 B, packets received: 976
[client] second 12.516621: 94757594.415841 bit/s, bytes received: 1185792 B, packets received: 976
[client] second 12.616640: 94746724.538928 bit/s, bytes received: 1184547 B, packets received: 977
[client] second 12.716713: 94793305.332681 bit/s, bytes received: 1185783 B, packets received: 976
[client] second 12.816772: 94708026.439600 bit/s, bytes received: 1184556 B, packets received: 977
[client] second 12.916827: 94753220.419752 bit/s, bytes received: 1185070 B, packets received: 977
[client] second 13.016850: 94743563.463494 bit/s, bytes received: 1184556 B, packets received: 975
[client] second 13.116870: 94843564.113950 bit/s, bytes received: 1185783 B, packets received: 977
[client] second 13.216941: 94696373.421272 bit/s, bytes received: 1184556 B, packets received: 976
[client] second 13.316993: 94716164.337410 bit/s, bytes received: 1184556 B, packets received: 977
[client] second 13.417016: 94742225.051335 bit/s, bytes received: 1184556 B, packets received: 976
[client] second 13.517132: 94753395.967188 bit/s, bytes received: 1185783 B, packets received: 976
[client] second 13.617142: 94851423.741449 bit/s, bytes received: 1185774 B, packets received: 977
[client] second 13.717155: 94654697.349712 bit/s, bytes received: 1183329 B, packets received: 976
[client] second 13.817172: 94748044.056797 bit/s, bytes received: 1184556 B, packets received: 976
[client] second 13.917187: 94749829.880011 bit/s, bytes received: 1184547 B, packets received: 976
[client] second 14.017264: 94789073.252358 bit/s, bytes received: 1185783 B, packets received: 976
[client] second 14.117315: 94716817.702349 bit/s, bytes received: 1184565 B, packets received: 977
[client] second 14.217377: 94746930.805507 bit/s, bytes received: 1185070 B, packets received: 977
[client] second 14.317400: 94742890.937442 bit/s, bytes received: 1184556 B, packets received: 975
[client] second 14.417421: 94745157.672544 bit/s, bytes received: 1184556 B, packets received: 977
[client] second 14.517444: 94840515.604520 bit/s, bytes received: 1185783 B, packets received: 976
[client] second 14.617505: 94706480.804091 bit/s, bytes received: 1184556 B, packets received: 976
[client] second 14.717560: 94810524.550865 bit/s, bytes received: 1185783 B, packets received: 977
[client] second 14.817591: 94735157.574028 bit/s, bytes received: 1184556 B, packets received: 976
[client] second 14.917609: 94746811.690325 bit/s, bytes received: 1184547 B, packets received: 976
[client] second 15.017630: 94744020.028875 bit/s, bytes received: 1184556 B, packets received: 976
[client] second 15.117677: 94720688.731186 bit/s, bytes received: 1184556 B, packets received: 976
[client] second 15.217735: 94709450.967704 bit/s, bytes received: 1184556 B, packets received: 976
[client] second 15.317821: 94780865.912317 bit/s, bytes received: 1185783 B, packets received: 977
[client] second 15.417909: 94722556.734511 bit/s, bytes received: 1185070 B, packets received: 977
[client] second 15.517985: 94790050.727054 bit/s, bytes received: 1185783 B, packets received: 977
[client] second 15.618000: 94750768.616274 bit/s, bytes received: 1184556 B, packets received: 976
[client] second 15.718059: 94708530.935350 bit/s, bytes received: 1184556 B, packets received: 977
[client] second 15.818075: 94749154.324288 bit/s, bytes received: 1184556 B, packets received: 976
[client] second 15.918093: 94746945.259625 bit/s, bytes received: 1184547 B, packets received: 976
[client] second 16.018113: 94746410.839266 bit/s, bytes received: 1184565 B, packets received: 976
[client] second 16.118185: 94793280.185817 bit/s, bytes received: 1185774 B, packets received: 976
[client] second 16.218201: 94749393.054144 bit/s, bytes received: 1184556 B, packets received: 976
[client] second 16.318257: 94711479.456096 bit/s, bytes received: 1184556 B, packets received: 977
[client] second 16.418267: 94754955.231900 bit/s, bytes received: 1184556 B, packets received: 975
[client] second 16.518288: 94744410.291568 bit/s, bytes received: 1184556 B, packets received: 977
[client] second 16.618402: 94754952.891138 bit/s, bytes received: 1185783 B, packets received: 977
[client] second 16.718461: 94749806.576397 bit/s, bytes received: 1185070 B, packets received: 976
[client] second 16.818483: 94743109.744166 bit/s, bytes received: 1184556 B, packets received: 977
[client] second 16.918500: 94846266.572165 bit/s, bytes received: 1185774 B, packets received: 976
[client] second 17.018515: 94750692.721437 bit/s, bytes received: 1184565 B, packets received: 976
[client] second 17.118621: 94663431.908326 bit/s, bytes received: 1184547 B, packets received: 977
[client] second 17.218649: 94737947.690370 bit/s, bytes received: 1184556 B, packets received: 976
[client] second 17.318753: 94861254.493681 bit/s, bytes received: 1187001 B, packets received: 977
[client] second 17.418778: 94643985.671530 bit/s, bytes received: 1183338 B, packets received: 976
[client] second 17.518860: 94784037.851778 bit/s, bytes received: 1185774 B, packets received: 976
[client] second 17.618904: 94723459.160486 bit/s, bytes received: 1184565 B, packets received: 977
[client] second 17.718976: 94793044.748756 bit/s, bytes received: 1185765 B, packets received: 976
[client] second 17.818998: 94744379.865238 bit/s, bytes received: 1184574 B, packets received: 976
[client] second 17.919095: 94713997.357456 bit/s, bytes received: 1185070 B, packets received: 978
[client] second 18.019112: 94846606.181225 bit/s, bytes received: 1185783 B, packets received: 976
[client] second 18.119127: 94652226.283506 bit/s, bytes received: 1183329 B, packets received: 976
[client] second 18.219141: 94750476.930639 bit/s, bytes received: 1184547 B, packets received: 976
[client] second 18.319157: 94848466.893728 bit/s, bytes received: 1185792 B, packets received: 976
[client] second 18.419172: 94749557.041399 bit/s, bytes received: 1184547 B, packets received: 976
[client] second 18.519196: 94741345.110937 bit/s, bytes received: 1184556 B, packets received: 976
[client] second 18.619212: 94749783.361103 bit/s, bytes received: 1184556 B, packets received: 976
[client] second 18.719311: 94670178.088904 bit/s, bytes received: 1184556 B, packets received: 977
[client] second 18.819331: 94844032.549254 bit/s, bytes received: 1185783 B, packets received: 976
[client] second 18.919346: 94651847.732482 bit/s, bytes received: 1183329 B, packets received: 975
[client] second 19.019362: 94749127.798823 bit/s, bytes received: 1184556 B, packets received: 977
[client] second 19.119380: 94747960.693053 bit/s, bytes received: 1184556 B, packets received: 976
[client] second 19.219421: 94766651.853755 bit/s, bytes received: 1185070 B, packets received: 976
[client] second 19.319450: 94835682.957119 bit/s, bytes received: 1185783 B, packets received: 977
[client] second 19.419562: 94657284.753245 bit/s, bytes received: 1184547 B, packets received: 977
[client] second 19.519581: 94746025.369179 bit/s, bytes received: 1184556 B, packets received: 976
[client] second 19.619648: 94799458.057194 bit/s, bytes received: 1185783 B, packets received: 976
[client] second 19.719710: 94706152.374875 bit/s, bytes received: 1184556 B, packets received: 977
[client] second 19.819728: 94844783.572597 bit/s, bytes received: 1185783 B, packets received: 976
[client] second 19.919835: 94663453.269402 bit/s, bytes received: 1184556 B, packets received: 976
[client] second 20.019854: 94746859.926459 bit/s, bytes received: 1184556 B, packets received: 977
[client] second 20.119868: 94750998.827887 bit/s, bytes received: 1184556 B, packets received: 976
[client] second 20.219942: 94791867.861731 bit/s, bytes received: 1185774 B, packets received: 976
[client] second 20.319956: 94752108.101224 bit/s, bytes received: 1184565 B, packets received: 976
[client] second 20.419971: 94692838.364324 bit/s, bytes received: 1183843 B, packets received: 977
[client] second 20.520074: 94765206.205588 bit/s, bytes received: 1185783 B, packets received: 977
[client] second 20.620092: 94747686.919970 bit/s, bytes received: 1184556 B, packets received: 976
[client] second 20.720113: 94743938.620601 bit/s, bytes received: 1184547 B, packets received: 976
[client] second 20.820228: 94754479.522670 bit/s, bytes received: 1185792 B, packets received: 977
[client] second 20.920250: 94840958.251407 bit/s, bytes received: 1185774 B, packets received: 976
[client] second 21.020270: 94746071.715581 bit/s, bytes received: 1184565 B, packets received: 976
[client] second 21.120368: 94670778.148534 bit/s, bytes received: 1184547 B, packets received: 976
[client] second 21.220381: 94752393.266526 bit/s, bytes received: 1184565 B, packets received: 976
[client] second 21.320400: 94844263.791853 bit/s, bytes received: 1185774 B, packets received: 977
[client] second 21.420412: 94753552.072839 bit/s, bytes received: 1184556 B, packets received: 976
[client] second 21.520424: 94654191.011964 bit/s, bytes received: 1183329 B, packets received: 976
[client] second 21.620443: 94746661.942755 bit/s, bytes received: 1184556 B, packets received: 976
[client] second 21.720499: 94753509.258285 bit/s, bytes received: 1185070 B, packets received: 977
[client] second 21.820525: 94837697.685509 bit/s, bytes received: 1185783 B, packets received: 976
[client] second 21.920630: 94664894.424363 bit/s, bytes received: 1184556 B, packets received: 977
[client] second 22.020655: 94838543.422887 bit/s, bytes received: 1185783 B, packets received: 976
[client] second 22.120729: 94694842.359877 bit/s, bytes received: 1184556 B, packets received: 976
[client] second 22.220777: 94719080.197670 bit/s, bytes received: 1184556 B, packets received: 977
[client] second 22.320793: 94749025.486453 bit/s, bytes received: 1184556 B, packets received: 975
[client] second 22.420810: 94747337.444001 bit/s, bytes received: 1184547 B, packets received: 977
[client] second 22.520830: 94844231.815327 bit/s, bytes received: 1185792 B, packets received: 976
[client] second 22.620899: 94698569.504753 bit/s, bytes received: 1184547 B, packets received: 976
[client] second 22.720952: 94713552.345901 bit/s, bytes received: 1184547 B, packets received: 977
[client] second 22.820972: 94746613.556819 bit/s, bytes received: 1184565 B, packets received: 976
[client] second 22.921077: 94803999.647251 bit/s, bytes received: 1186297 B, packets received: 977
[client] second 23.021097: 94746415.648392 bit/s, bytes received: 1184556 B, packets received: 976
[client] second 23.121156: 94707292.895331 bit/s, bytes received: 1184556 B, packets received: 977
[client] second 23.221234: 94789456.851943 bit/s, bytes received: 1185783 B, packets received: 976
[client] second 23.321247: 94751864.736729 bit/s, bytes received: 1184556 B, packets received: 976
[client] second 23.421261: 94750251.456650 bit/s, bytes received: 1184547 B, packets received: 976
[client] second 23.521306: 94722665.734179 bit/s, bytes received: 1184565 B, packets received: 976
[client] second 23.621328: 94743352.281918 bit/s, bytes received: 1184547 B, packets received: 976
[client] second 23.721345: 94748124.578735 bit/s, bytes received: 1184556 B, packets received: 977
[client] second 23.821364: 94746691.308707 bit/s, bytes received: 1184556 B, packets received: 976
[client] second 23.921447: 94783212.417354 bit/s, bytes received: 1185780 B, packets received: 976
[client] second 24.021498: 94716720.041086 bit/s, bytes received: 1184556 B, packets received: 976
[client] second 24.121519: 94744263.766010 bit/s, bytes received: 1184559 B, packets received: 977
[client] second 24.221574: 94753559.450079 bit/s, bytes received: 1185070 B, packets received: 977
[client] second 24.321593: 94746549.215561 bit/s, bytes received: 1184556 B, packets received: 976
[client] second 24.421611: 94845575.384077 bit/s, bytes received: 1185783 B, packets received: 976
[client] second 24.521679: 94700607.281407 bit/s, bytes received: 1184556 B, packets received: 976
[client] second 24.621687: 94755302.141731 bit/s, bytes received: 1184547 B, packets received: 976
[client] second 24.721706: 94747393.174927 bit/s, bytes received: 1184565 B, packets received: 976
[client] second 24.821766: 94707038.060765 bit/s, bytes received: 1184547 B, packets received: 977
[client] second 24.921786: 94745818.863517 bit/s, bytes received: 1184556 B, packets received: 976
[client] second 25.021798: 94752814.980948 bit/s, bytes received: 1184556 B, packets received: 976
[client] second 25.121829: 94735598.905318 bit/s, bytes received: 1184556 B, packets received: 976
[client] second 25.221931: 94864397.850261 bit/s, bytes received: 1187010 B, packets received: 977
[client] second 25.322008: 94690739.586547 bit/s, bytes received: 1184556 B, packets received: 976
[client] second 25.422024: 94790786.095949 bit/s, bytes received: 1185070 B, packets received: 977
[client] second 25.522075: 94715515.866917 bit/s, bytes received: 1184556 B, packets received: 976
[client] second 25.622136: 94706156.874204 bit/s, bytes received: 1184547 B, packets received: 977
[client] second 25.722158: 94744687.775097 bit/s, bytes received: 1184565 B, packets received: 976
[client] second 25.822268: 94758165.494274 bit/s, bytes received: 1185774 B, packets received: 976
[client] second 25.922295: 94836749.567368 bit/s, bytes received: 1185783 B, packets received: 977
[client] second 26.022399: 94666033.951313 bit/s, bytes received: 1184556 B, packets received: 976
[client] second 26.122467: 94798142.188000 bit/s, bytes received: 1185783 B, packets received: 977
[client] second 26.222531: 94801030.246283 bit/s, bytes received: 1185774 B, packets received: 977
[client] second 26.322546: 94652949.961869 bit/s, bytes received: 1183338 B, packets received: 976
[client] second 26.422563: 94748686.341474 bit/s, bytes received: 1184556 B, packets received: 976
[client] second 26.522585: 94841204.939272 bit/s, bytes received: 1185783 B, packets received: 976
[client] second 26.622599: 94653556.914386 bit/s, bytes received: 1183329 B, packets received: 976
[client] second 26.722642: 94764236.358472 bit/s, bytes received: 1185070 B, packets received: 977
[client] second 26.822659: 94748590.661346 bit/s, bytes received: 1184556 B, packets received: 976
[client] second 26.922675: 94748422.125426 bit/s, bytes received: 1184547 B, packets received: 976
[client] second 27.022696: 94843553.683257 bit/s, bytes received: 1185783 B, packets received: 976
[client] second 27.122815: 94651652.390801 bit/s, bytes received: 1184556 B, packets received: 977
[client] second 27.222920: 94861909.303517 bit/s, bytes received: 1187019 B, packets received: 977
[client] second 27.322931: 94654839.637830 bit/s, bytes received: 1183320 B, packets received: 975
[client] second 27.422954: 94840948.926571 bit/s, bytes received: 1185783 B, packets received: 977
[client] second 27.522973: 94746190.195445 bit/s, bytes received: 1184556 B, packets received: 976
[client] second 27.622987: 94653179.299118 bit/s, bytes received: 1183329 B, packets received: 976
[client] second 27.723004: 94748734.655275 bit/s, bytes received: 1184556 B, packets received: 976
[client] second 27.823040: 94828572.835209 bit/s, bytes received: 1185783 B, packets received: 976
[client] second 27.923100: 94748750.749550 bit/s, bytes received: 1185070 B, packets received: 977
[client] second 28.023115: 94750082.724930 bit/s, bytes received: 1184556 B, packets received: 976
[client] second 28.123211: 94673765.491381 bit/s, bytes received: 1184556 B, packets received: 977
[client] second 28.223227: 94749351.371067 bit/s, bytes received: 1184556 B, packets received: 976
[client] second 28.323240: 94751838.209746 bit/s, bytes received: 1184556 B, packets received: 975
[client] second 28.423326: 94781081.826899 bit/s, bytes received: 1185783 B, packets received: 977
[client] second 28.523383: 94710822.530604 bit/s, bytes received: 1184556 B, packets received: 977
[client] second 28.623494: 94757681.653916 bit/s, bytes received: 1185783 B, packets received: 977
[client] second 28.723515: 94842536.227596 bit/s, bytes received: 1185783 B, packets received: 976
[client] second 28.823632: 94751168.202024 bit/s, bytes received: 1185774 B, packets received: 977
[client] second 28.923842: 94663350.927094 bit/s, bytes received: 1185783 B, packets received: 978
[client] second 29.023862: 94843308.897495 bit/s, bytes received: 1185774 B, packets received: 976
[client] second 29.123885: 94686363.199192 bit/s, bytes received: 1183852 B, packets received: 976
[client] second 29.223930: 94721540.831110 bit/s, bytes received: 1184556 B, packets received: 976
[client] second 29.323961: 94734084.548015 bit/s, bytes received: 1184547 B, packets received: 977
[client] second 29.424071: 94759025.574891 bit/s, bytes received: 1185792 B, packets received: 977
[client] second 29.524090: 94746581.423303 bit/s, bytes received: 1184556 B, packets received: 976
[client] second 29.624126: 94828791.811051 bit/s, bytes received: 1185783 B, packets received: 976
[client] second 29.724193: 94700847.659432 bit/s, bytes received: 1184556 B, packets received: 976
[client] second 29.824214: 94744522.066427 bit/s, bytes received: 1184556 B, packets received: 976
[client] second 29.924243: 94736228.704576 bit/s, bytes received: 1184547 B, packets received: 977
[client] second 30.024261: 94747587.452633 bit/s, bytes received: 1184556 B, packets received: 976
[client] second 30.124287: 94837816.201609 bit/s, bytes received: 1185783 B, packets received: 976
[client] second 30.224394: 94761731.075430 bit/s, bytes received: 1185783 B, packets received: 977
[client] second 30.324417: 94742538.575491 bit/s, bytes received: 1184556 B, packets received: 976
[client] second 30.424464: 94663028.840020 bit/s, bytes received: 1183843 B, packets received: 976
[client] second 30.524540: 94790781.004736 bit/s, bytes received: 1185783 B, packets received: 977
[client] second 30.624598: 94708945.515618 bit/s, bytes received: 1184556 B, packets received: 977
[client] second 30.724614: 94749941.568966 bit/s, bytes received: 1184556 B, packets received: 975
[client] second 30.824632: 94844696.203170 bit/s, bytes received: 1185774 B, packets received: 977
[client] second 30.924648: 94749201.691227 bit/s, bytes received: 1184556 B, packets received: 976
[client] second 31.024664: 94651009.252743 bit/s, bytes received: 1183329 B, packets received: 976
[client] second 31.124684: 94746164.618918 bit/s, bytes received: 1184556 B, packets received: 976
[client] second 31.224700: 94847468.198987 bit/s, bytes received: 1185783 B, packets received: 976
[client] second 31.324717: 94748091.422627 bit/s, bytes received: 1184556 B, packets received: 976
[client] second 31.424804: 94682059.267408 bit/s, bytes received: 1184556 B, packets received: 976
[client] second 31.524827: 94841188.819913 bit/s, bytes received: 1185783 B, packets received: 977
[client] second 31.624852: 94642060.400657 bit/s, bytes received: 1183329 B, packets received: 976
[client] second 31.724901: 94759379.217599 bit/s, bytes received: 1185070 B, packets received: 977
[client] second 31.824975: 94792887.601587 bit/s, bytes received: 1185783 B, packets received: 976
[client] second 31.925016: 94724693.641848 bit/s, bytes received: 1184547 B, packets received: 976
[client] second 32.025256: 94733915.115316 bit/s, bytes received: 1187010 B, packets received: 978
[client] second 32.125276: 94843041.633877 bit/s, bytes received: 1185783 B, packets received: 977
[client] second 32.225338: 94705438.735384 bit/s, bytes received: 1184556 B, packets received: 976
[client] second 32.325455: 94751993.359754 bit/s, bytes received: 1185783 B, packets received: 977
[client] second 32.425516: 94706263.113002 bit/s, bytes received: 1184556 B, packets received: 977
[client] second 32.525534: 94747673.657647 bit/s, bytes received: 1184556 B, packets received: 975
[client] second 32.625553: 94844505.730504 bit/s, bytes received: 1185783 B, packets received: 977
[client] second 32.725663: 94661024.020238 bit/s, bytes received: 1184556 B, packets received: 977
[client] second 32.825684: 94785662.783690 bit/s, bytes received: 1185070 B, packets received: 976
[client] second 32.925710: 94739693.254054 bit/s, bytes received: 1184556 B, packets received: 976
[client] second 33.025759: 94716621.431846 bit/s, bytes received: 1184547 B, packets received: 977
[client] second 33.125774: 94750455.037645 bit/s, bytes received: 1184556 B, packets received: 976
[client] second 33.225850: 94791700.318310 bit/s, bytes received: 1185792 B, packets received: 976
[client] second 33.325864: 94750646.510523 bit/s, bytes received: 1184547 B, packets received: 976
[client] second 33.425921: 94710209.155949 bit/s, bytes received: 1184556 B, packets received: 976
[client] second 33.525998: 94790050.727054 bit/s, bytes received: 1185783 B, packets received: 977
[client] second 33.626102: 94763809.875043 bit/s, bytes received: 1185783 B, packets received: 977
[client] second 33.726159: 94710787.507454 bit/s, bytes received: 1184556 B, packets received: 977
[client] second 33.826176: 94747845.120832 bit/s, bytes received: 1184556 B, packets received: 976
[client] second 33.926207: 94832491.581213 bit/s, bytes received: 1185774 B, packets received: 976
[client] second 34.027115: 68752986.138609 bit/s, bytes received: 867215 B, packets received: 720
[client] second 34.127156: 60394635.319328 bit/s, bytes received: 755243 B, packets received: 627
[client] second 34.227231: 82254569.636415 bit/s, bytes received: 1028953 B, packets received: 849
[client] second 34.327329: 56143439.493974 bit/s, bytes received: 702482 B, packets received: 578
[client] second 34.427400: 83001861.277297 bit/s, bytes received: 1038255 B, packets received: 855
[client] second 34.527446: 55584377.659259 bit/s, bytes received: 695129 B, packets received: 573
[client] second 34.627556: 82912471.348907 bit/s, bytes received: 1037542 B, packets received: 855
[client] second 34.727609: 55245565.257846 bit/s, bytes received: 690934 B, packets received: 570
[client] second 34.827624: 83284173.050554 bit/s, bytes received: 1041205 B, packets received: 858
[client] second 34.928056: 61959829.918199 bit/s, bytes received: 777843 B, packets received: 640
[client] second 35.028115: 76831721.577345 bit/s, bytes received: 960963 B, packets received: 793
[client] second 35.128514: 78331161.687549 bit/s, bytes received: 983049 B, packets received: 809
[client] second 35.228544: 60597119.720003 bit/s, bytes received: 757697 B, packets received: 624
[client] second 35.328656: 82125573.174397 bit/s, bytes received: 1027717 B, packets received: 847
[client] second 35.428714: 56658532.399213 bit/s, bytes received: 708635 B, packets received: 585
[client] second 35.528734: 82985020.620422 bit/s, bytes received: 1037533 B, packets received: 855
[client] second 35.628748: 56150001.247835 bit/s, bytes received: 701968 B, packets received: 577
[client] second 35.728816: 82946780.342193 bit/s, bytes received: 1037542 B, packets received: 855
[client] second 35.828870: 55482052.664122 bit/s, bytes received: 693902 B, packets received: 572
[client] second 35.928935: 83440421.031239 bit/s, bytes received: 1043677 B, packets received: 861
[client] second 36.029353: 62359030.754684 bit/s, bytes received: 782751 B, packets received: 644
[client] second 36.129489: 77123508.859685 bit/s, bytes received: 965348 B, packets received: 795
[client] second 36.229539: 78798993.112649 bit/s, bytes received: 985485 B, packets received: 812
[client] second 36.329604: 60423042.243513 bit/s, bytes received: 755775 B, packets received: 624
[client] second 36.429713: 82421317.491213 bit/s, bytes received: 1031398 B, packets received: 850
[client] second 36.529740: 56969467.079087 bit/s, bytes received: 712307 B, packets received: 586
[client] second 36.629753: 82950077.872934 bit/s, bytes received: 1037010 B, packets received: 855
[client] second 36.729854: 56535809.074003 bit/s, bytes received: 707408 B, packets received: 582
[client] second 36.829913: 82952747.240645 bit/s, bytes received: 1037533 B, packets received: 855
[client] second 36.929988: 55961863.616650 bit/s, bytes received: 700046 B, packets received: 578
[client] second 37.030055: 83634212.664974 bit/s, bytes received: 1046122 B, packets received: 861
[client] second 37.130626: 62654056.747262 bit/s, bytes received: 787650 B, packets received: 649
[client] second 37.230690: 77178637.075292 bit/s, bytes received: 965348 B, packets received: 795
[client] second 37.331003: 79124553.162053 bit/s, bytes received: 992152 B, packets received: 818
[client] second 37.431193: 60598387.961384 bit/s, bytes received: 758924 B, packets received: 625
[client] second 37.531216: 82983965.288451 bit/s, bytes received: 1037533 B, packets received: 856
[client] second 37.631256: 56962427.813210 bit/s, bytes received: 712316 B, packets received: 586
[client] second 37.731303: 82864663.623056 bit/s, bytes received: 1036297 B, packets received: 854
[client] second 37.831314: 57077166.648614 bit/s, bytes received: 713543 B, packets received: 588
[client] second 37.931452: 82944967.901164 bit/s, bytes received: 1038237 B, packets received: 855
[client] second 38.031550: 56341866.100783 bit/s, bytes received: 704963 B, packets received: 582
[client] second 38.131578: 83664923.585776 bit/s, bytes received: 1046113 B, packets received: 861
[client] second 38.231785: 63274735.004310 bit/s, bytes received: 792567 B, packets received: 653
[client] second 38.331849: 77023931.432482 bit/s, bytes received: 963417 B, packets received: 795
[client] second 38.432004: 79794874.752339 bit/s, bytes received: 998982 B, packets received: 822
[client] second 38.532039: 60440079.433337 bit/s, bytes received: 755766 B, packets received: 623
[client] second 38.632083: 83358389.744619 bit/s, bytes received: 1042441 B, packets received: 860
[client] second 38.732112: 57066178.797414 bit/s, bytes received: 713534 B, packets received: 587
[client] second 38.832204: 83179562.972402 bit/s, bytes received: 1040700 B, packets received: 858
[client] second 38.932238: 57160459.076175 bit/s, bytes received: 714752 B, packets received: 589
[client] second 39.032360: 83001409.887269 bit/s, bytes received: 1038778 B, packets received: 855
[client] second 39.132386: 56772514.456704 bit/s, bytes received: 709844 B, packets received: 585
[client] second 39.232693: 83630790.261160 bit/s, bytes received: 1048585 B, packets received: 864
[client] second 39.333441: 63518296.399143 bit/s, bytes received: 799920 B, packets received: 659
[client] second 39.433618: 77524832.810005 bit/s, bytes received: 970779 B, packets received: 800
[client] second 39.533902: 79693057.707876 bit/s, bytes received: 998991 B, packets received: 823
[client] second 39.633924: 60938129.722656 bit/s, bytes received: 761892 B, packets received: 628
[client] second 39.734018: 83905202.138637 bit/s, bytes received: 1049803 B, packets received: 865
[client] second 39.834093: 56941698.844446 bit/s, bytes received: 712307 B, packets received: 588
[client] second 39.934284: 83726320.969695 bit/s, bytes received: 1048576 B, packets received: 863
[client] second 40.034309: 57165990.265993 bit/s, bytes received: 714752 B, packets received: 589
[client] total: bytes received: 433793818 B, packets received: 357522
