Bandwidth: 100 Mbit/s
RTT: 220 ms
BDP: 2750000 B/s
Max In-Flight Packets: 2148
[server] starting server with pid 141793, port 18080, cc cubic, iw 32
[server][session 0] open
[client] connection establishment time: 0.445562 s
[server][session 0][stream 0] open
[client] time to first byte: 0.666424 s
[client] second 1.000135: 6942418.577937 bit/s, bytes received: 867919 B, packets received: 723
[client] second 2.000205: 51612187.198619 bit/s, bytes received: 6451976 B, packets received: 5336
[client] second 3.000242: 59154054.955659 bit/s, bytes received: 7394525 B, packets received: 6134
[client] second 4.000282: 87581981.918100 bit/s, bytes received: 10948186 B, packets received: 9028
[client] second 5.000368: 94560004.199638 bit/s, bytes received: 11821020 B, packets received: 9741
[client] second 6.000450: 94721473.218082 bit/s, bytes received: 11841155 B, packets received: 9757
[client] second 7.000534: 94750721.156992 bit/s, bytes received: 11844838 B, packets received: 9760
[client] second 8.000577: 94754683.924220 bit/s, bytes received: 11844847 B, packets received: 9759
[client] second 9.000649: 69676250.369896 bit/s, bytes received: 8710153 B, packets received: 7188
[client] second 10.000702: 68825312.756465 bit/s, bytes received: 8603621 B, packets received: 7088
[client] second 11.000731: 65612610.340238 bit/s, bytes received: 8201816 B, packets received: 6759
[client] second 12.001020: 68553913.936939 bit/s, bytes received: 8571719 B, packets received: 7062
[client] second 13.001070: 66699067.796824 bit/s, bytes received: 8337796 B, packets received: 6871
[client] second 14.001271: 67511566.478337 bit/s, bytes received: 8440647 B, packets received: 6954
[client] second 15.001301: 68518473.145779 bit/s, bytes received: 8565061 B, packets received: 7057
[client] second 16.001328: 66494494.485322 bit/s, bytes received: 8312038 B, packets received: 6850
[client] second 17.001400: 70440100.951801 bit/s, bytes received: 8805651 B, packets received: 7255
[client] second 18.001456: 66993023.519774 bit/s, bytes received: 8374597 B, packets received: 6901
[client] second 19.001501: 70795352.969760 bit/s, bytes received: 8849814 B, packets received: 7291
[client] second 20.001588: 67362268.576540 bit/s, bytes received: 8421015 B, packets received: 6939
[client] second 21.001652: 71220148.640196 bit/s, bytes received: 8903089 B, packets received: 7337
[client] second 22.001697: 67659578.323232 bit/s, bytes received: 8457825 B, packets received: 6968
[client] second 23.001737: 71726374.297869 bit/s, bytes received: 8966162 B, packets received: 7388
[client] second 24.001834: 68062526.468820 bit/s, bytes received: 8508637 B, packets received: 7012
[client] second 25.002264: 70787724.249683 bit/s, bytes received: 8852268 B, packets received: 7293
[client] second 26.002309: 69854588.219144 bit/s, bytes received: 8732221 B, packets received: 7196
[client] second 27.002360: 69717047.637430 bit/s, bytes received: 8715079 B, packets received: 7180
[client] second 28.002379: 71645313.151896 bit/s, bytes received: 8955832 B, packets received: 7379
[client] second 29.003446: 57482766.514547 bit/s, bytes received: 7193009 B, packets received: 5935
[client] second 30.003490: 49550004.286009 bit/s, bytes received: 6194027 B, packets received: 5105
[client] second 31.004104: 49213606.495539 bit/s, bytes received: 6155476 B, packets received: 5071
[client] second 32.004172: 51048697.067698 bit/s, bytes received: 6381523 B, packets received: 5259
[client] second 33.004196: 49105295.494552 bit/s, bytes received: 6138307 B, packets received: 5057
[client] second 34.004552: 51866408.141805 bit/s, bytes received: 6485610 B, packets received: 5345
[client] second 35.004634: 49612586.006642 bit/s, bytes received: 6202084 B, packets received: 5110
[client] second 36.004720: 52414585.245537 bit/s, bytes received: 6552382 B, packets received: 5398
[client] second 37.004969: 49893006.330690 bit/s, bytes received: 6238181 B, packets received: 5141
[client] second 38.005063: 52879492.345495 bit/s, bytes received: 6610556 B, packets received: 5447
[client] second 39.005090: 50232141.175831 bit/s, bytes received: 6279186 B, packets received: 5174
[client] second 40.005241: 53052941.216170 bit/s, bytes received: 6632624 B, packets received: 5465
[client] total: bytes received: 322362472 B, packets received: 265713
