Bandwidth: 100 Mbit/s
RTT: 220 ms
BDP: 2750000 B/s
Max In-Flight Packets: 2148
[server] starting server with pid 141971, port 18080, cc cubic, iw 32
[server][session 0] open
[client] connection establishment time: 0.444682 s
[server][session 0][stream 0] open
[client] time to first byte: 0.665442 s
[client] second 1.000174: 6912702.157603 bit/s, bytes received: 864238 B, packets received: 720
[client] second 2.000207: 51604298.604941 bit/s, bytes received: 6450749 B, packets received: 5334
[client] second 3.000247: 59163685.601588 bit/s, bytes received: 7395752 B, packets received: 6135
[client] second 4.000292: 92417650.916212 bit/s, bytes received: 11552734 B, packets received: 9528
[client] second 5.000336: 94626996.739319 bit/s, bytes received: 11828894 B, packets received: 9747
[client] second 6.000375: 94741104.213765 bit/s, bytes received: 11843097 B, packets received: 9757
[client] second 7.000482: 94748586.272215 bit/s, bytes received: 11844838 B, packets received: 9760
[client] second 8.000559: 88044109.852119 bit/s, bytes received: 11006367 B, packets received: 9080
[client] second 9.000956: 68683944.464435 bit/s, bytes received: 8588897 B, packets received: 7076
[client] second 10.001013: 65541877.757351 bit/s, bytes received: 8193203 B, packets received: 6752
[client] second 11.001878: 67614078.954378 bit/s, bytes received: 8459076 B, packets received: 6969
[client] second 12.001937: 67481962.010836 bit/s, bytes received: 8435739 B, packets received: 6952
[client] second 13.002604: 66500963.637866 bit/s, bytes received: 8318164 B, packets received: 6853
[client] second 14.002689: 69229628.012775 bit/s, bytes received: 8654442 B, packets received: 7131
[client] second 15.002721: 66523547.853768 bit/s, bytes received: 8315710 B, packets received: 6853
[client] second 16.002802: 70268481.052505 bit/s, bytes received: 8784269 B, packets received: 7237
[client] second 17.002892: 66853425.041611 bit/s, bytes received: 8357428 B, packets received: 6887
[client] second 18.002993: 70683373.159014 bit/s, bytes received: 8836317 B, packets received: 7281
[client] second 19.003040: 67203901.370723 bit/s, bytes received: 8400878 B, packets received: 6921
[client] second 20.003085: 71064352.988127 bit/s, bytes received: 8883448 B, packets received: 7320
[client] second 21.003112: 67592044.562169 bit/s, bytes received: 8449236 B, packets received: 6962
[client] second 22.003440: 70863658.710457 bit/s, bytes received: 8860857 B, packets received: 7301
[client] second 23.003491: 68697858.332765 bit/s, bytes received: 8587670 B, packets received: 7077
[client] second 24.003574: 69704664.888332 bit/s, bytes received: 8713810 B, packets received: 7179
[client] second 25.003643: 70626940.307487 bit/s, bytes received: 8828979 B, packets received: 7275
[client] second 26.004429: 68588667.626454 bit/s, bytes received: 8580317 B, packets received: 7070
[client] second 27.004582: 72585913.875561 bit/s, bytes received: 9074634 B, packets received: 7478
[client] second 28.004601: 68861278.856402 bit/s, bytes received: 8607816 B, packets received: 7093
[client] second 29.004637: 73118654.097968 bit/s, bytes received: 9140170 B, packets received: 7530
[client] second 30.004747: 69375153.555163 bit/s, bytes received: 8672838 B, packets received: 7146
[client] second 31.005197: 73406489.271564 bit/s, bytes received: 9179948 B, packets received: 7564
[client] second 32.005229: 69850008.912169 bit/s, bytes received: 8731526 B, packets received: 7195
[client] second 33.005293: 73919884.075888 bit/s, bytes received: 9240576 B, packets received: 7614
[client] second 34.005337: 70153362.159025 bit/s, bytes received: 8769554 B, packets received: 7227
[client] second 35.006298: 73021738.256145 bit/s, bytes received: 9136498 B, packets received: 7527
[client] second 36.006415: 71858303.813761 bit/s, bytes received: 8983331 B, packets received: 7403
[client] second 37.007023: 71940747.565626 bit/s, bytes received: 8998064 B, packets received: 7413
[client] second 38.007039: 73766336.625838 bit/s, bytes received: 9220944 B, packets received: 7598
[client] second 39.007086: 71172285.763813 bit/s, bytes received: 8896954 B, packets received: 7331
[client] second 40.007113: 75397339.680991 bit/s, bytes received: 9424914 B, packets received: 7767
[client] total: bytes received: 353114103 B, packets received: 291043
