Bandwidth: 100 Mbit/s
RTT: 220 ms
BDP: 2750000 B/s
Max In-Flight Packets: 2148
[server] starting server with pid 142147, port 18080, cc cubic, iw 32
[server][session 0] open
[client] connection establishment time: 0.445110 s
[server][session 0][stream 0] open
[client] time to first byte: 0.665815 s
[client] second 1.000611: 6919496.007501 bit/s, bytes received: 865465 B, packets received: 722
[client] second 2.000705: 51660019.766377 bit/s, bytes received: 6458111 B, packets received: 5340
[client] second 3.000748: 59114410.041259 bit/s, bytes received: 7389617 B, packets received: 6130
[client] second 4.000813: 85849980.454022 bit/s, bytes received: 10731946 B, packets received: 8852
[client] second 5.000832: 88245586.393505 bit/s, bytes received: 11030907 B, packets received: 9099
[client] second 6.000930: 68356777.346811 bit/s, bytes received: 8545436 B, packets received: 7041
[client] second 7.001007: 65006784.848232 bit/s, bytes received: 8126473 B, packets received: 6696
[client] second 8.001073: 68700942.959036 bit/s, bytes received: 8588184 B, packets received: 7078
[client] second 9.001097: 65461575.947097 bit/s, bytes received: 8182894 B, packets received: 6742
[client] second 10.002031: 68964912.220495 bit/s, bytes received: 8628669 B, packets received: 7109
[client] second 11.002058: 65999643.999429 bit/s, bytes received: 8250174 B, packets received: 6798
[client] second 12.002360: 67897328.863681 bit/s, bytes received: 8489727 B, packets received: 6995
[client] second 13.002458: 67836624.791758 bit/s, bytes received: 8480416 B, packets received: 6988
[client] second 14.003313: 66855512.567340 bit/s, bytes received: 8364077 B, packets received: 6892
[client] second 15.003387: 69784000.184794 bit/s, bytes received: 8723650 B, packets received: 7188
[client] second 16.003441: 66679104.336015 bit/s, bytes received: 8335333 B, packets received: 6869
[client] second 17.003481: 70785802.771883 bit/s, bytes received: 8848587 B, packets received: 7290
[client] second 18.003507: 67067934.471022 bit/s, bytes received: 8383709 B, packets received: 6909
[client] second 19.003591: 71116459.928975 bit/s, bytes received: 8890296 B, packets received: 7325
[client] second 20.003655: 67461913.662562 bit/s, bytes received: 8433285 B, packets received: 6949
[client] second 21.003713: 71548506.289434 bit/s, bytes received: 8944085 B, packets received: 7369
[client] second 22.003808: 67891691.957933 bit/s, bytes received: 8487264 B, packets received: 6994
[client] second 23.004143: 71141925.754399 bit/s, bytes received: 8895718 B, packets received: 7329
[client] second 24.004194: 69084730.813382 bit/s, bytes received: 8636037 B, packets received: 7116
[client] second 25.004468: 70093873.619888 bit/s, bytes received: 8764132 B, packets received: 7221
[client] second 26.004566: 70972289.896567 bit/s, bytes received: 8872405 B, packets received: 7312
[client] second 27.005137: 68946658.836191 bit/s, bytes received: 8623253 B, packets received: 7104
[client] second 28.005188: 72970508.375767 bit/s, bytes received: 9121774 B, packets received: 7517
[client] second 29.005218: 69276687.088395 bit/s, bytes received: 8659855 B, packets received: 7135
[client] second 30.005290: 73395069.023182 bit/s, bytes received: 9175040 B, packets received: 7560
[client] second 31.005347: 69844077.949284 bit/s, bytes received: 8731003 B, packets received: 7195
[client] second 32.005400: 73802948.103418 bit/s, bytes received: 9225861 B, packets received: 7601
[client] second 33.005467: 70147634.769326 bit/s, bytes received: 8769040 B, packets received: 7225
[client] second 34.005546: 74256478.436827 bit/s, bytes received: 9282799 B, packets received: 7649
[client] second 35.005598: 70500475.622522 bit/s, bytes received: 8813013 B, packets received: 7262
[client] second 36.005822: 73452596.100191 bit/s, bytes received: 9183629 B, packets received: 7567
[client] second 37.005845: 72100516.945003 bit/s, bytes received: 9012779 B, packets received: 7426
[client] second 38.005991: 72429441.224016 bit/s, bytes received: 9054993 B, packets received: 7461
[client] second 39.006068: 74050709.151662 bit/s, bytes received: 9257059 B, packets received: 7628
[client] second 40.006158: 71365464.458842 bit/s, bytes received: 8921485 B, packets received: 7352
[client] total: bytes received: 342179407 B, packets received: 282035
