Bandwidth: 100 Mbit/s
RTT: 220 ms
BDP: 2750000 B/s
Max In-Flight Packets: 2148
[server] starting server with pid 1216463, port 18080, cc cubic, iw 32
[server][session 0] open
[client] connection establishment time: 0.444640 s
[server][session 0][stream 0] open
[client] time to first byte: 0.665519 s
[client] second 0.100868: 2629909.897291 bit/s, bytes received: 33159 B, packets received: 34
[client] second 0.201641: 487033.197584 bit/s, bytes received: 6135 B, packets received: 5
[client] second 0.302474: 3152861.706563 bit/s, bytes received: 39739 B, packets received: 33
[client] second 0.403022: 3221629.881880 bit/s, bytes received: 40491 B, packets received: 33
[client] second 0.503852: 3738973.103831 bit/s, bytes received: 47125 B, packets received: 39
[client] second 0.604711: 6074137.750739 bit/s, bytes received: 76579 B, packets received: 63
[client] second 0.705396: 7392590.265291 bit/s, bytes received: 93041 B, packets received: 78
[client] second 0.805790: 10542413.148919 bit/s, bytes received: 132299 B, packets received: 108
[client] second 0.906580: 14103818.929383 bit/s, bytes received: 177691 B, packets received: 146
[client] second 1.007179: 18993410.213988 bit/s, bytes received: 238838 B, packets received: 199
[client] second 1.107791: 12998681.627209 bit/s, bytes received: 163479 B, packets received: 136
[client] second 1.207834: 18567306.641509 bit/s, bytes received: 232191 B, packets received: 194
[client] second 1.308104: 43298706.686772 bit/s, bytes received: 542693 B, packets received: 447
[client] second 1.408515: 21805832.665060 bit/s, bytes received: 273692 B, packets received: 228
[client] second 1.508612: 40685640.221998 bit/s, bytes received: 509059 B, packets received: 423
[client] second 1.608722: 89127865.426504 bit/s, bytes received: 1115339 B, packets received: 918
[client] second 1.709235: 37627116.421581 bit/s, bytes received: 472754 B, packets received: 394
[client] second 1.809324: 70057713.520227 bit/s, bytes received: 876498 B, packets received: 727
[client] second 1.909373: 94817098.143282 bit/s, bytes received: 1185793 B, packets received: 977
[client] second 2.009470: 94672557.680120 bit/s, bytes received: 1184556 B, packets received: 977
[client] second 2.109580: 7630711.642534 bit/s, bytes received: 95489 B, packets received: 986
[client] second 2.209664: 0.000000 bit/s, bytes received: 0 B, packets received: 984
[client] second 2.309775: 0.000000 bit/s, bytes received: 0 B, packets received: 976
[client] second 2.410350: 390392.289068 bit/s, bytes received: 4908 B, packets received: 721
[client] second 2.510544: 0.000000 bit/s, bytes received: 0 B, packets received: 0
[client] second 2.610766: 402416760.832853 bit/s, bytes received: 5041364 B, packets received: 601
[client] second 2.711129: 0.000000 bit/s, bytes received: 0 B, packets received: 0
[client] second 2.812057: 0.000000 bit/s, bytes received: 0 B, packets received: 10
[client] second 2.912171: 87124488.207989 bit/s, bytes received: 1090294 B, packets received: 899
[client] second 3.012188: 94846529.368521 bit/s, bytes received: 1185783 B, packets received: 976
[client] second 3.112218: 67842763.887618 bit/s, bytes received: 848287 B, packets received: 975
[client] second 3.212232: 0.000000 bit/s, bytes received: 0 B, packets received: 977
[client] second 3.312261: 0.000000 bit/s, bytes received: 0 B, packets received: 976
[client] second 3.412279: 310254346.329058 bit/s, bytes received: 3878894 B, packets received: 974
[client] second 3.512309: 88611532.234564 bit/s, bytes received: 1107977 B, packets received: 913
[client] second 3.613181: 63343629.357026 bit/s, bytes received: 798702 B, packets received: 659
[client] second 3.713202: 74112926.996830 bit/s, bytes received: 926598 B, packets received: 764
[client] second 3.813270: 94699361.877792 bit/s, bytes received: 1184556 B, packets received: 976
[client] second 3.913313: 94233805.907368 bit/s, bytes received: 1178421 B, packets received: 971
[client] second 4.013386: 94694735.433459 bit/s, bytes received: 1184556 B, packets received: 976
[client] second 4.113475: 94582310.817094 bit/s, bytes received: 1183320 B, packets received: 975
[client] second 4.213519: 94625445.492925 bit/s, bytes received: 1183338 B, packets received: 976
[client] second 4.313579: 94510250.291057 bit/s, bytes received: 1182092 B, packets received: 973
[client] second 4.413609: 94540956.968546 bit/s, bytes received: 1182112 B, packets received: 975
[client] second 4.513634: 94739588.978758 bit/s, bytes received: 1184549 B, packets received: 975
[client] second 4.613656: 94449861.312893 bit/s, bytes received: 1180882 B, packets received: 973
[client] second 4.713731: 94693169.998036 bit/s, bytes received: 1184549 B, packets received: 976
[client] second 4.813806: 94693720.477485 bit/s, bytes received: 1184563 B, packets received: 976
[client] second 4.913860: 94614851.532984 bit/s, bytes received: 1183322 B, packets received: 975
[client] second 5.013926: 94701504.446558 bit/s, bytes received: 1184556 B, packets received: 976
[client] second 5.113955: 94639168.968815 bit/s, bytes received: 1183329 B, packets received: 975
[client] second 5.214012: 94807582.705309 bit/s, bytes received: 1185776 B, packets received: 977
[client] second 5.314064: 94659230.591906 bit/s, bytes received: 1183848 B, packets received: 976
[client] second 5.414087: 94742663.606851 bit/s, bytes received: 1184556 B, packets received: 977
[client] second 5.514110: 94840951.771149 bit/s, bytes received: 1185783 B, packets received: 976
[client] second 5.614126: 94749448.947419 bit/s, bytes received: 1184556 B, packets received: 976
[client] second 5.714227: 94668186.360879 bit/s, bytes received: 1184556 B, packets received: 976
[client] second 5.814251: 94741951.311398 bit/s, bytes received: 1184556 B, packets received: 977
[client] second 5.914279: 94738591.732423 bit/s, bytes received: 1184556 B, packets received: 976
[client] second 6.014295: 94748593.503327 bit/s, bytes received: 1184556 B, packets received: 976
[client] second 6.114359: 94801695.781850 bit/s, bytes received: 1185783 B, packets received: 976
[client] second 6.214406: 94720120.546062 bit/s, bytes received: 1184547 B, packets received: 977
[client] second 6.314428: 94841313.033938 bit/s, bytes received: 1185783 B, packets received: 976
[client] second 6.414442: 94653664.805016 bit/s, bytes received: 1183329 B, packets received: 976
[client] second 6.514469: 94836648.119850 bit/s, bytes received: 1185783 B, packets received: 976
[client] second 6.614518: 94660860.230506 bit/s, bytes received: 1183843 B, packets received: 977
[client] second 6.714629: 94757616.343502 bit/s, bytes received: 1185783 B, packets received: 976
[client] second 6.814648: 94746448.803328 bit/s, bytes received: 1184556 B, packets received: 976
[client] second 6.914730: 94785334.029419 bit/s, bytes received: 1185783 B, packets received: 977
[client] second 7.014777: 94719521.379177 bit/s, bytes received: 1184556 B, packets received: 976
[client] second 7.114797: 94745518.579367 bit/s, bytes received: 1184556 B, packets received: 976
[client] second 7.214811: 94750682.510800 bit/s, bytes received: 1184547 B, packets received: 976
[client] second 7.314830: 94746911.951055 bit/s, bytes received: 1184565 B, packets received: 976
[client] second 7.414904: 94792101.825322 bit/s, bytes received: 1185774 B, packets received: 977
[client] second 7.514958: 94810845.783057 bit/s, bytes received: 1185783 B, packets received: 977
[client] second 7.614985: 94739074.769710 bit/s, bytes received: 1184556 B, packets received: 976
[client] second 7.715059: 94694771.390988 bit/s, bytes received: 1184556 B, packets received: 976
[client] second 7.815072: 94793172.615070 bit/s, bytes received: 1185070 B, packets received: 977
[client] second 7.915167: 94674723.628264 bit/s, bytes received: 1184556 B, packets received: 977
[client] second 8.015185: 94845150.554238 bit/s, bytes received: 1185783 B, packets received: 976
[client] second 8.115201: 94650837.962434 bit/s, bytes received: 1183329 B, packets received: 976
[client] second 8.215219: 94747123.352611 bit/s, bytes received: 1184547 B, packets received: 976
[client] second 8.315288: 94797497.542632 bit/s, bytes received: 1185792 B, packets received: 976
[client] second 8.415305: 94747872.676710 bit/s, bytes received: 1184547 B, packets received: 976
[client] second 8.515349: 94722660.892443 bit/s, bytes received: 1184556 B, packets received: 976
[client] second 8.615376: 94836573.029127 bit/s, bytes received: 1185774 B, packets received: 977
[client] second 8.715487: 94758183.154608 bit/s, bytes received: 1185792 B, packets received: 977
[client] second 8.815507: 94647311.034052 bit/s, bytes received: 1183329 B, packets received: 975
[client] second 8.915525: 94747975.850087 bit/s, bytes received: 1184556 B, packets received: 977
[client] second 9.015545: 94843232.089549 bit/s, bytes received: 1185774 B, packets received: 976
[client] second 9.115589: 94665502.777793 bit/s, bytes received: 1183852 B, packets received: 977
[client] second 9.215616: 94837472.979795 bit/s, bytes received: 1185783 B, packets received: 976
[client] second 9.315642: 94739728.298585 bit/s, bytes received: 1184556 B, packets received: 976
[client] second 9.415738: 94673558.354763 bit/s, bytes received: 1184556 B, packets received: 977
[client] second 9.515846: 94759541.791049 bit/s, bytes received: 1185774 B, packets received: 976
[client] second 9.615928: 94785104.836393 bit/s, bytes received: 1185783 B, packets received: 977
[client] second 9.715987: 94708898.188920 bit/s, bytes received: 1184556 B, packets received: 976
[client] second 9.816008: 94842051.687420 bit/s, bytes received: 1185783 B, packets received: 977
[client] second 9.916025: 94748450.457152 bit/s, bytes received: 1184556 B, packets received: 976
[client] second 10.016043: 94747585.558019 bit/s, bytes received: 1184556 B, packets received: 976
[client] second 10.116062: 94746959.392269 bit/s, bytes received: 1184556 B, packets received: 976
[client] second 10.216080: 94747263.474754 bit/s, bytes received: 1184556 B, packets received: 976
[client] second 10.316144: 94745126.080925 bit/s, bytes received: 1185070 B, packets received: 977
[client] second 10.416192: 94718458.195532 bit/s, bytes received: 1184556 B, packets received: 976
[client] second 10.516307: 94753934.496189 bit/s, bytes received: 1185783 B, packets received: 977
[client] second 10.616367: 94707068.348886 bit/s, bytes received: 1184547 B, packets received: 977
[client] second 10.716476: 94759635.328801 bit/s, bytes received: 1185783 B, packets received: 976
[client] second 10.816496: 94744558.061776 bit/s, bytes received: 1184556 B, packets received: 977
[client] second 10.916581: 94782722.052247 bit/s, bytes received: 1185783 B, packets received: 976
[client] second 11.016648: 94799017.535361 bit/s, bytes received: 1185783 B, packets received: 977
[client] second 11.116668: 94745639.829520 bit/s, bytes received: 1184556 B, packets received: 976
[client] second 11.216733: 94702495.322761 bit/s, bytes received: 1184556 B, packets received: 976
[client] second 11.316775: 94724983.470892 bit/s, bytes received: 1184556 B, packets received: 976
[client] second 11.416797: 94743285.926938 bit/s, bytes received: 1184556 B, packets received: 977
[client] second 11.516875: 94830377.409050 bit/s, bytes received: 1186297 B, packets received: 977
[client] second 11.617071: 94676763.004728 bit/s, bytes received: 1185783 B, packets received: 978
[client] second 11.717153: 94784043.534151 bit/s, bytes received: 1185774 B, packets received: 976
[client] second 11.817200: 94719918.067346 bit/s, bytes received: 1184556 B, packets received: 977
[client] second 11.917219: 94746370.178804 bit/s, bytes received: 1184556 B, packets received: 976
[client] second 12.017243: 94742429.604469 bit/s, bytes received: 1184565 B, packets received: 976
[client] second 12.117268: 94740136.546952 bit/s, bytes received: 1184547 B, packets received: 976
[client] second 12.217281: 94752422.477869 bit/s, bytes received: 1184553 B, packets received: 976
[client] second 12.317294: 94752283.486070 bit/s, bytes received: 1184556 B, packets received: 975
[client] second 12.417372: 94788208.692838 bit/s, bytes received: 1185786 B, packets received: 977
[client] second 12.517418: 94721179.160159 bit/s, bytes received: 1184556 B, packets received: 976
[client] second 12.617494: 94789641.002942 bit/s, bytes received: 1185774 B, packets received: 977
[client] second 12.717553: 94709408.373219 bit/s, bytes received: 1184556 B, packets received: 976
[client] second 12.817598: 94763588.255148 bit/s, bytes received: 1185079 B, packets received: 977
[client] second 12.917628: 94735523.139997 bit/s, bytes received: 1184556 B, packets received: 976
[client] second 13.017653: 94740913.197842 bit/s, bytes received: 1184556 B, packets received: 977
[client] second 13.117682: 94835228.825460 bit/s, bytes received: 1185783 B, packets received: 976
[client] second 13.217696: 94751314.304877 bit/s, bytes received: 1184556 B, packets received: 976
[client] second 13.317714: 94747261.580153 bit/s, bytes received: 1184556 B, packets received: 976
[client] second 13.417786: 94696503.062242 bit/s, bytes received: 1184556 B, packets received: 976
[client] second 13.517828: 94724451.341352 bit/s, bytes received: 1184556 B, packets received: 976
[client] second 13.617863: 94828573.532117 bit/s, bytes received: 1185774 B, packets received: 977
[client] second 13.717882: 94746578.581443 bit/s, bytes received: 1184556 B, packets received: 976
[client] second 13.817904: 94743683.761414 bit/s, bytes received: 1184556 B, packets received: 976
[client] second 13.917960: 94711191.500270 bit/s, bytes received: 1184547 B, packets received: 976
[client] second 14.018053: 94718104.293566 bit/s, bytes received: 1185079 B, packets received: 978
[client] second 14.118076: 94840947.978378 bit/s, bytes received: 1185783 B, packets received: 976
[client] second 14.218090: 94750801.774256 bit/s, bytes received: 1184556 B, packets received: 976
[client] second 14.318191: 94668608.153837 bit/s, bytes received: 1184556 B, packets received: 976
[client] second 14.418218: 94739764.290292 bit/s, bytes received: 1184556 B, packets received: 977
[client] second 14.518238: 94745306.392345 bit/s, bytes received: 1184556 B, packets received: 976
[client] second 14.618254: 94846761.703623 bit/s, bytes received: 1185783 B, packets received: 976
[client] second 14.718330: 94692644.266207 bit/s, bytes received: 1184556 B, packets received: 976
[client] second 14.818372: 94724707.844697 bit/s, bytes received: 1184547 B, packets received: 977
[client] second 14.918402: 94834145.184396 bit/s, bytes received: 1185783 B, packets received: 976
[client] second 15.018502: 94669026.167605 bit/s, bytes received: 1184556 B, packets received: 976
[client] second 15.118519: 94748428.668699 bit/s, bytes received: 1184556 B, packets received: 977
[client] second 15.218546: 94738984.791803 bit/s, bytes received: 1184556 B, packets received: 976
[client] second 15.318593: 94760959.059797 bit/s, bytes received: 1185070 B, packets received: 976
[client] second 15.418643: 94815313.884228 bit/s, bytes received: 1185783 B, packets received: 977
[client] second 15.518727: 94684918.156971 bit/s, bytes received: 1184556 B, packets received: 977
[client] second 15.618812: 94781328.384288 bit/s, bytes received: 1185774 B, packets received: 976
[client] second 15.718855: 94725083.926957 bit/s, bytes received: 1184565 B, packets received: 976
[client] second 15.818870: 94749216.942691 bit/s, bytes received: 1184547 B, packets received: 977
[client] second 15.918888: 94747867.856329 bit/s, bytes received: 1184556 B, packets received: 975
[client] second 16.018970: 94784807.455358 bit/s, bytes received: 1185783 B, packets received: 977
[client] second 16.119013: 94723586.880308 bit/s, bytes received: 1184556 B, packets received: 977
[client] second 16.219033: 94744944.539885 bit/s, bytes received: 1184556 B, packets received: 976
[client] second 16.319046: 94752194.430470 bit/s, bytes received: 1184556 B, packets received: 976
[client] second 16.419070: 94839892.651747 bit/s, bytes received: 1185783 B, packets received: 976
[client] second 16.519117: 94663177.391515 bit/s, bytes received: 1183843 B, packets received: 977
[client] second 16.619142: 94741375.420776 bit/s, bytes received: 1184556 B, packets received: 976
[client] second 16.719251: 94758721.900041 bit/s, bytes received: 1185783 B, packets received: 977
[client] second 16.819273: 94742677.859323 bit/s, bytes received: 1184547 B, packets received: 976
[client] second 16.919354: 94786087.911820 bit/s, bytes received: 1185783 B, packets received: 976
[client] second 17.019391: 94729714.194890 bit/s, bytes received: 1184556 B, packets received: 976
[client] second 17.119412: 94743929.148190 bit/s, bytes received: 1184547 B, packets received: 977
[client] second 17.219441: 94835795.975900 bit/s, bytes received: 1185792 B, packets received: 976
[client] second 17.319500: 94708239.406193 bit/s, bytes received: 1184556 B, packets received: 976
[client] second 17.419554: 94713825.152032 bit/s, bytes received: 1184556 B, packets received: 977
[client] second 17.519580: 94836902.025246 bit/s, bytes received: 1185774 B, packets received: 976
[client] second 17.619655: 94694015.667602 bit/s, bytes received: 1184565 B, packets received: 976
[client] second 17.719703: 94719127.534545 bit/s, bytes received: 1184556 B, packets received: 977
[client] second 17.819757: 94755094.587034 bit/s, bytes received: 1185070 B, packets received: 976
[client] second 17.919781: 94741005.073763 bit/s, bytes received: 1184556 B, packets received: 977
[client] second 18.019867: 94781769.350937 bit/s, bytes received: 1185783 B, packets received: 976
[client] second 18.119904: 94728311.718472 bit/s, bytes received: 1184547 B, packets received: 976
[client] second 18.219920: 94749204.533245 bit/s, bytes received: 1184556 B, packets received: 976
[client] second 18.319940: 94745456.059878 bit/s, bytes received: 1184556 B, packets received: 977
[client] second 18.419967: 94739721.646658 bit/s, bytes received: 1184565 B, packets received: 976
[client] second 18.519988: 94842268.681929 bit/s, bytes received: 1185774 B, packets received: 976
[client] second 18.620018: 94736251.439159 bit/s, bytes received: 1184556 B, packets received: 976
[client] second 18.720103: 94781418.958652 bit/s, bytes received: 1185783 B, packets received: 977
[client] second 18.820128: 94641941.407487 bit/s, bytes received: 1183320 B, packets received: 976
[client] second 18.920175: 94819392.247815 bit/s, bytes received: 1185792 B, packets received: 976
[client] second 19.020194: 94689015.411381 bit/s, bytes received: 1183843 B, packets received: 977
[client] second 19.120212: 94746365.223113 bit/s, bytes received: 1184544 B, packets received: 976
[client] second 19.220233: 94745533.016058 bit/s, bytes received: 1184568 B, packets received: 976
[client] second 19.320254: 94842732.366815 bit/s, bytes received: 1185774 B, packets received: 976
[client] second 19.420273: 94746176.933540 bit/s, bytes received: 1184556 B, packets received: 976
[client] second 19.520342: 94698908.581720 bit/s, bytes received: 1184556 B, packets received: 976
[client] second 19.620381: 94728241.776471 bit/s, bytes received: 1184565 B, packets received: 976
[client] second 19.720402: 94744089.232194 bit/s, bytes received: 1184547 B, packets received: 977
[client] second 19.820476: 94791923.329358 bit/s, bytes received: 1185783 B, packets received: 976
[client] second 19.920538: 94706446.730637 bit/s, bytes received: 1184556 B, packets received: 977
[client] second 20.020651: 94755513.206989 bit/s, bytes received: 1185783 B, packets received: 977
[client] second 20.120665: 94750495.878082 bit/s, bytes received: 1184547 B, packets received: 976
[client] second 20.220681: 94748976.225020 bit/s, bytes received: 1184556 B, packets received: 976
[client] second 20.320710: 94778656.953395 bit/s, bytes received: 1185079 B, packets received: 976
[client] second 20.420728: 94747467.144799 bit/s, bytes received: 1184556 B, packets received: 976
[client] second 20.520832: 94764797.242143 bit/s, bytes received: 1185783 B, packets received: 977
[client] second 20.620897: 94702179.224375 bit/s, bytes received: 1184556 B, packets received: 977
[client] second 20.720919: 94744069.285154 bit/s, bytes received: 1184556 B, packets received: 976
[client] second 20.820996: 94789673.752835 bit/s, bytes received: 1185783 B, packets received: 976
[client] second 20.921044: 94719106.706314 bit/s, bytes received: 1184556 B, packets received: 976
[client] second 21.021061: 94747685.025352 bit/s, bytes received: 1184556 B, packets received: 977
[client] second 21.121078: 94846587.215114 bit/s, bytes received: 1185783 B, packets received: 976
[client] second 21.221095: 94747970.250758 bit/s, bytes received: 1184547 B, packets received: 976
[client] second 21.321112: 94650413.997928 bit/s, bytes received: 1183329 B, packets received: 976
[client] second 21.421127: 94749753.993234 bit/s, bytes received: 1184556 B, packets received: 976
[client] second 21.521154: 94838075.989938 bit/s, bytes received: 1185783 B, packets received: 976
[client] second 21.621191: 94770180.592705 bit/s, bytes received: 1185070 B, packets received: 977
[client] second 21.721215: 94741696.516822 bit/s, bytes received: 1184556 B, packets received: 976
[client] second 21.821231: 94749516.208905 bit/s, bytes received: 1184556 B, packets received: 976
[client] second 21.921333: 94667355.080382 bit/s, bytes received: 1184556 B, packets received: 977
[client] second 22.021411: 94788374.647994 bit/s, bytes received: 1185774 B, packets received: 976
[client] second 22.121466: 94712844.633743 bit/s, bytes received: 1184565 B, packets received: 977
[client] second 22.221485: 94745493.068936 bit/s, bytes received: 1184547 B, packets received: 976
[client] second 22.321516: 94833438.887498 bit/s, bytes received: 1185783 B, packets received: 976
[client] second 22.421577: 94706436.319309 bit/s, bytes received: 1184556 B, packets received: 976
[client] second 22.521592: 94750797.037400 bit/s, bytes received: 1184556 B, packets received: 976
[client] second 22.621645: 94713861.124061 bit/s, bytes received: 1184556 B, packets received: 977
[client] second 22.721672: 94837789.653977 bit/s, bytes received: 1185783 B, packets received: 976
[client] second 22.821708: 94672616.571447 bit/s, bytes received: 1183843 B, packets received: 976
[client] second 22.921727: 94746346.496744 bit/s, bytes received: 1184556 B, packets received: 976
[client] second 23.021744: 94749021.697110 bit/s, bytes received: 1184556 B, packets received: 977
[client] second 23.121764: 94745672.036644 bit/s, bytes received: 1184556 B, packets received: 976
[client] second 23.221780: 94846112.946816 bit/s, bytes received: 1185774 B, packets received: 976
[client] second 23.321796: 94749610.943555 bit/s, bytes received: 1184556 B, packets received: 976
[client] second 23.421899: 94667078.935825 bit/s, bytes received: 1184556 B, packets received: 977
[client] second 23.521920: 94744921.805792 bit/s, bytes received: 1184556 B, packets received: 976
[client] second 23.622000: 94786340.787120 bit/s, bytes received: 1185783 B, packets received: 976
[client] second 23.722043: 94723791.395406 bit/s, bytes received: 1184556 B, packets received: 976
[client] second 23.822065: 94743907.307967 bit/s, bytes received: 1184556 B, packets received: 976
[client] second 23.922083: 94844960.899288 bit/s, bytes received: 1185783 B, packets received: 977
[client] second 24.022108: 94741267.442064 bit/s, bytes received: 1184556 B, packets received: 976
[client] second 24.122121: 94694808.659473 bit/s, bytes received: 1183843 B, packets received: 976
[client] second 24.222165: 94722671.307338 bit/s, bytes received: 1184556 B, packets received: 977
[client] second 24.322235: 94796713.625509 bit/s, bytes received: 1185783 B, packets received: 976
[client] second 24.422297: 94704396.443178 bit/s, bytes received: 1184547 B, packets received: 977
[client] second 24.522327: 94834587.928891 bit/s, bytes received: 1185783 B, packets received: 976
[client] second 24.622428: 94668746.230375 bit/s, bytes received: 1184556 B, packets received: 976
[client] second 24.722446: 94747911.432728 bit/s, bytes received: 1184556 B, packets received: 977
[client] second 24.822552: 94761372.311865 bit/s, bytes received: 1185783 B, packets received: 976
[client] second 24.922575: 94743648.713957 bit/s, bytes received: 1184556 B, packets received: 977
[client] second 25.022657: 94784082.004993 bit/s, bytes received: 1185783 B, packets received: 976
[client] second 25.122708: 94716876.245168 bit/s, bytes received: 1184556 B, packets received: 976
[client] second 25.222728: 94744599.799583 bit/s, bytes received: 1184547 B, packets received: 977
[client] second 25.322772: 94764416.122835 bit/s, bytes received: 1185079 B, packets received: 976
[client] second 25.422809: 94827390.502296 bit/s, bytes received: 1185774 B, packets received: 977
[client] second 25.522840: 94734548.619364 bit/s, bytes received: 1184556 B, packets received: 976
[client] second 25.622918: 94690809.603221 bit/s, bytes received: 1184556 B, packets received: 976
[client] second 25.722946: 94738258.344855 bit/s, bytes received: 1184556 B, packets received: 976
[client] second 25.822968: 94840650.087405 bit/s, bytes received: 1185774 B, packets received: 977
[client] second 25.923074: 94665267.556956 bit/s, bytes received: 1184565 B, packets received: 976
[client] second 26.023097: 94741629.302811 bit/s, bytes received: 1184547 B, packets received: 977
[client] second 26.123114: 94847427.529124 bit/s, bytes received: 1185792 B, packets received: 976
[client] second 26.223140: 94739530.344684 bit/s, bytes received: 1184556 B, packets received: 976
[client] second 26.323232: 94677235.873915 bit/s, bytes received: 1184556 B, packets received: 977
[client] second 26.423348: 94751852.458111 bit/s, bytes received: 1185774 B, packets received: 977
[client] second 26.523413: 94745136.433245 bit/s, bytes received: 1185079 B, packets received: 977
[client] second 26.623434: 94842394.942376 bit/s, bytes received: 1185783 B, packets received: 976
[client] second 26.723452: 94649473.340240 bit/s, bytes received: 1183329 B, packets received: 976
[client] second 26.823464: 94850225.915647 bit/s, bytes received: 1185774 B, packets received: 976
[client] second 26.923486: 94646381.534303 bit/s, bytes received: 1183338 B, packets received: 976
[client] second 27.023587: 94766931.314067 bit/s, bytes received: 1185774 B, packets received: 977
[client] second 27.123605: 94747140.325849 bit/s, bytes received: 1184556 B, packets received: 976
[client] second 27.223680: 94791169.354130 bit/s, bytes received: 1185783 B, packets received: 976
[client] second 27.323739: 94709115.156187 bit/s, bytes received: 1184565 B, packets received: 977
[client] second 27.423764: 94838273.973150 bit/s, bytes received: 1185774 B, packets received: 976
[client] second 27.523777: 94751717.056762 bit/s, bytes received: 1184547 B, packets received: 976
[client] second 27.623853: 94692750.576534 bit/s, bytes received: 1184565 B, packets received: 976
[client] second 27.723949: 94772107.996116 bit/s, bytes received: 1185783 B, packets received: 977
[client] second 27.824017: 94741495.062196 bit/s, bytes received: 1185070 B, packets received: 977
[client] second 27.924069: 94715176.015125 bit/s, bytes received: 1184556 B, packets received: 976
[client] second 28.024090: 94744615.843842 bit/s, bytes received: 1184556 B, packets received: 977
[client] second 28.124108: 94845035.812903 bit/s, bytes received: 1185783 B, packets received: 976
[client] second 28.224130: 94744141.275192 bit/s, bytes received: 1184556 B, packets received: 976
[client] second 28.324195: 94702658.104789 bit/s, bytes received: 1184556 B, packets received: 976
[client] second 28.424240: 94721816.346699 bit/s, bytes received: 1184556 B, packets received: 977
[client] second 28.524261: 94743962.301637 bit/s, bytes received: 1184547 B, packets received: 976
[client] second 28.624287: 94740733.205650 bit/s, bytes received: 1184565 B, packets received: 976
[client] second 28.724316: 94735801.570241 bit/s, bytes received: 1184547 B, packets received: 976
[client] second 28.824416: 94767137.699558 bit/s, bytes received: 1185774 B, packets received: 976
[client] second 28.924443: 94837718.725988 bit/s, bytes received: 1185792 B, packets received: 977
[client] second 29.024490: 94663758.355345 bit/s, bytes received: 1183843 B, packets received: 976
[client] second 29.124515: 94839021.290138 bit/s, bytes received: 1185783 B, packets received: 977
[client] second 29.224557: 94723902.174786 bit/s, bytes received: 1184556 B, packets received: 976
[client] second 29.324611: 94713923.601860 bit/s, bytes received: 1184556 B, packets received: 976
[client] second 29.424646: 94731093.920570 bit/s, bytes received: 1184556 B, packets received: 976
[client] second 29.524672: 94739804.070632 bit/s, bytes received: 1184556 B, packets received: 976
[client] second 29.624699: 94836684.147916 bit/s, bytes received: 1185783 B, packets received: 977
[client] second 29.724757: 94709552.987348 bit/s, bytes received: 1184547 B, packets received: 976
[client] second 29.824815: 94709523.851690 bit/s, bytes received: 1184556 B, packets received: 977
[client] second 29.924831: 94748705.288057 bit/s, bytes received: 1184556 B, packets received: 976
[client] second 30.024846: 94848550.247861 bit/s, bytes received: 1185783 B, packets received: 976
[client] second 30.124873: 94739052.985569 bit/s, bytes received: 1184556 B, packets received: 976
[client] second 30.224968: 94673955.603870 bit/s, bytes received: 1184556 B, packets received: 977
[client] second 30.325016: 94760534.732497 bit/s, bytes received: 1185070 B, packets received: 976
[client] second 30.425058: 94724802.621926 bit/s, bytes received: 1184556 B, packets received: 977
[client] second 30.525148: 94776927.842188 bit/s, bytes received: 1185774 B, packets received: 976
[client] second 30.625195: 94818532.642323 bit/s, bytes received: 1185792 B, packets received: 977
[client] second 30.725277: 94686409.725032 bit/s, bytes received: 1184547 B, packets received: 976
[client] second 30.825322: 94721587.223658 bit/s, bytes received: 1184556 B, packets received: 977
[client] second 30.925338: 94847475.785571 bit/s, bytes received: 1185783 B, packets received: 976
[client] second 31.025353: 94652154.358579 bit/s, bytes received: 1183329 B, packets received: 976
[client] second 31.125374: 94744404.608108 bit/s, bytes received: 1184556 B, packets received: 976
[client] second 31.225481: 94761501.996534 bit/s, bytes received: 1185783 B, packets received: 977
[client] second 31.325497: 94847865.547984 bit/s, bytes received: 1185783 B, packets received: 976
[client] second 31.425517: 94646759.354244 bit/s, bytes received: 1183329 B, packets received: 976
[client] second 31.525571: 94754632.430762 bit/s, bytes received: 1185070 B, packets received: 977
[client] second 31.625680: 94758684.984638 bit/s, bytes received: 1185783 B, packets received: 977
[client] second 31.725705: 94740278.621944 bit/s, bytes received: 1184547 B, packets received: 976
[client] second 31.825732: 94738948.800688 bit/s, bytes received: 1184556 B, packets received: 976
[client] second 31.925749: 94846344.449560 bit/s, bytes received: 1185783 B, packets received: 976
[client] second 32.025767: 94748087.633359 bit/s, bytes received: 1184556 B, packets received: 976
[client] second 32.125865: 94671755.642371 bit/s, bytes received: 1184556 B, packets received: 977
[client] second 32.225878: 94751912.106378 bit/s, bytes received: 1184556 B, packets received: 976
[client] second 32.325949: 94795106.070533 bit/s, bytes received: 1185783 B, packets received: 976
[client] second 32.426022: 94793671.916061 bit/s, bytes received: 1185783 B, packets received: 977
[client] second 32.526124: 94667114.342967 bit/s, bytes received: 1184547 B, packets received: 976
[client] second 32.626241: 94752357.613056 bit/s, bytes received: 1185792 B, packets received: 977
[client] second 32.726364: 94787532.475554 bit/s, bytes received: 1186297 B, packets received: 978
[client] second 32.826394: 94734973.830852 bit/s, bytes received: 1184547 B, packets received: 976
[client] second 32.926441: 94720721.043812 bit/s, bytes received: 1184565 B, packets received: 977
[client] second 33.026454: 94751591.053161 bit/s, bytes received: 1184547 B, packets received: 976
[client] second 33.126528: 94793536.976534 bit/s, bytes received: 1185792 B, packets received: 976
[client] second 33.226581: 94712993.835304 bit/s, bytes received: 1184547 B, packets received: 977
[client] second 33.326600: 94747724.729651 bit/s, bytes received: 1184565 B, packets received: 976
[client] second 33.426615: 94847381.793319 bit/s, bytes received: 1185774 B, packets received: 976
[client] second 33.526635: 94745211.666303 bit/s, bytes received: 1184556 B, packets received: 976
[client] second 33.626666: 94735209.662271 bit/s, bytes received: 1184556 B, packets received: 976
[client] second 33.726720: 94713191.859476 bit/s, bytes received: 1184556 B, packets received: 976
[client] second 33.826762: 94725057.325642 bit/s, bytes received: 1184556 B, packets received: 976
[client] second 33.926782: 94744823.352157 bit/s, bytes received: 1184547 B, packets received: 976
[client] second 34.026839: 94752153.036674 bit/s, bytes received: 1185079 B, packets received: 977
[client] second 34.126861: 94743378.754684 bit/s, bytes received: 1184556 B, packets received: 976
[client] second 34.226876: 94750469.248112 bit/s, bytes received: 1184556 B, packets received: 977
[client] second 34.326889: 94752157.481919 bit/s, bytes received: 1184556 B, packets received: 975
[client] second 34.426914: 94839390.123511 bit/s, bytes received: 1185783 B, packets received: 977
[client] second 34.526985: 94696483.830028 bit/s, bytes received: 1184547 B, packets received: 976
[client] second 34.627032: 94720331.925970 bit/s, bytes received: 1184565 B, packets received: 977
[client] second 34.727122: 94777369.748211 bit/s, bytes received: 1185783 B, packets received: 976
[client] second 34.827173: 94716625.372197 bit/s, bytes received: 1184556 B, packets received: 977
[client] second 34.927189: 94748105.717973 bit/s, bytes received: 1184547 B, packets received: 976
[client] second 35.027290: 94767333.440432 bit/s, bytes received: 1185783 B, packets received: 976
[client] second 35.127308: 94744772.676650 bit/s, bytes received: 1184523 B, packets received: 977
[client] second 35.227373: 94746585.554382 bit/s, bytes received: 1185103 B, packets received: 977
[client] second 35.327390: 94846343.501260 bit/s, bytes received: 1185783 B, packets received: 976
[client] second 35.427412: 94744080.651995 bit/s, bytes received: 1184556 B, packets received: 976
[client] second 35.527489: 94690747.155912 bit/s, bytes received: 1184556 B, packets received: 976
[client] second 35.627533: 94723273.481570 bit/s, bytes received: 1184556 B, packets received: 977
[client] second 35.727549: 94748930.752974 bit/s, bytes received: 1184556 B, packets received: 976
[client] second 35.827569: 94745836.861681 bit/s, bytes received: 1184556 B, packets received: 976
[client] second 35.927596: 94836398.576779 bit/s, bytes received: 1185774 B, packets received: 976
[client] second 36.027659: 94704209.294163 bit/s, bytes received: 1184556 B, packets received: 976
[client] second 36.127713: 94714290.897254 bit/s, bytes received: 1184556 B, packets received: 977
[client] second 36.227787: 94791828.608193 bit/s, bytes received: 1185783 B, packets received: 976
[client] second 36.327838: 94716813.763474 bit/s, bytes received: 1184556 B, packets received: 977
[client] second 36.427853: 94750211.565640 bit/s, bytes received: 1184556 B, packets received: 976
[client] second 36.527876: 94782960.142140 bit/s, bytes received: 1185070 B, packets received: 976
[client] second 36.627926: 94816006.643453 bit/s, bytes received: 1185783 B, packets received: 977
[client] second 36.727947: 94645951.244833 bit/s, bytes received: 1183329 B, packets received: 976
[client] second 36.827964: 94846827.136980 bit/s, bytes received: 1185783 B, packets received: 976
[client] second 36.928037: 94695600.314243 bit/s, bytes received: 1184556 B, packets received: 976
[client] second 37.028088: 94714840.731910 bit/s, bytes received: 1184547 B, packets received: 977
[client] second 37.128111: 94841392.682797 bit/s, bytes received: 1185783 B, packets received: 976
[client] second 37.228220: 94660639.172041 bit/s, bytes received: 1184556 B, packets received: 977
[client] second 37.328239: 94746794.563327 bit/s, bytes received: 1184556 B, packets received: 976
[client] second 37.428258: 94844413.749010 bit/s, bytes received: 1185783 B, packets received: 976
[client] second 37.528280: 94743956.564129 bit/s, bytes received: 1184556 B, packets received: 976
[client] second 37.628353: 94694927.522684 bit/s, bytes received: 1184556 B, packets received: 976
[client] second 37.728431: 94731824.749522 bit/s, bytes received: 1185070 B, packets received: 977
[client] second 37.828451: 94745607.622418 bit/s, bytes received: 1184556 B, packets received: 977
[client] second 37.928538: 94779115.278146 bit/s, bytes received: 1185774 B, packets received: 976
[client] second 38.028585: 94720368.724285 bit/s, bytes received: 1184556 B, packets received: 977
[client] second 38.128702: 94752224.285518 bit/s, bytes received: 1185783 B, packets received: 976
[client] second 38.228735: 94830896.305771 bit/s, bytes received: 1185783 B, packets received: 977
[client] second 38.328834: 94670994.286562 bit/s, bytes received: 1184556 B, packets received: 977
[client] second 38.429004: 94799657.645940 bit/s, bytes received: 1187010 B, packets received: 977
[client] second 38.529037: 94732977.495664 bit/s, bytes received: 1184556 B, packets received: 976
[client] second 38.629090: 94714394.081266 bit/s, bytes received: 1184556 B, packets received: 977
[client] second 38.729196: 94762532.860286 bit/s, bytes received: 1185783 B, packets received: 976
[client] second 38.829220: 94741687.992120 bit/s, bytes received: 1184556 B, packets received: 977
[client] second 38.929238: 94787914.470918 bit/s, bytes received: 1185070 B, packets received: 976
[client] second 39.029290: 94714650.453740 bit/s, bytes received: 1184547 B, packets received: 977
[client] second 39.129310: 94845028.352920 bit/s, bytes received: 1185792 B, packets received: 976
[client] second 39.229321: 94654815.030375 bit/s, bytes received: 1183320 B, packets received: 975
[client] second 39.329414: 94774066.053348 bit/s, bytes received: 1185783 B, packets received: 977
[client] second 39.429447: 94733442.482240 bit/s, bytes received: 1184556 B, packets received: 976
[client] second 39.529526: 94788637.169433 bit/s, bytes received: 1185792 B, packets received: 977
[client] second 39.629546: 94745057.325684 bit/s, bytes received: 1184547 B, packets received: 976
[client] second 39.729600: 94811058.991466 bit/s, bytes received: 1185783 B, packets received: 977
[client] second 39.829635: 94633370.553041 bit/s, bytes received: 1183329 B, packets received: 976
[client] second 39.929690: 94809985.378420 bit/s, bytes received: 1185783 B, packets received: 976
[client] second 40.029736: 94720692.395582 bit/s, bytes received: 1184547 B, packets received: 976
[client] total: bytes received: 452519422 B, packets received: 372942
