Bandwidth: 100 Mbit/s
RTT: 220 ms
BDP: 2750000 B/s
Max In-Flight Packets: 2148
[server] starting server with pid 1228779, port 18080, cc cubic, iw 32
[server][session 0] open
[client] connection establishment time: 0.445051 s
[server][session 0][stream 0] open
[client] time to first byte: 0.666252 s
[client] second 0.100373: 2642879.370807 bit/s, bytes received: 33159 B, packets received: 34
[client] second 0.201129: 487115.801926 bit/s, bytes received: 6135 B, packets received: 5
[client] second 0.301213: 3176473.711516 bit/s, bytes received: 39739 B, packets received: 33
[client] second 0.401422: 3232510.928166 bit/s, bytes received: 40491 B, packets received: 33
[client] second 0.502333: 3638702.698396 bit/s, bytes received: 45898 B, packets received: 38
[client] second 0.603153: 6076463.226870 bit/s, bytes received: 76579 B, packets received: 63
[client] second 0.703671: 7404929.941880 bit/s, bytes received: 93041 B, packets received: 78
[client] second 0.804146: 10436209.191843 bit/s, bytes received: 131072 B, packets received: 108
[client] second 0.904412: 14079562.064216 bit/s, bytes received: 176464 B, packets received: 145
[client] second 1.004686: 18957050.098038 bit/s, bytes received: 237611 B, packets received: 197
[client] second 1.105066: 13419865.205218 bit/s, bytes received: 168387 B, packets received: 140
[client] second 1.205133: 17483932.174273 bit/s, bytes received: 218694 B, packets received: 182
[client] second 1.305421: 43094780.783744 bit/s, bytes received: 540239 B, packets received: 446
[client] second 1.405690: 23109451.669032 bit/s, bytes received: 289643 B, packets received: 241
[client] second 1.505771: 38533870.421992 bit/s, bytes received: 482065 B, packets received: 401
[client] second 1.605797: 88713360.095274 bit/s, bytes received: 1109204 B, packets received: 914
[client] second 1.706039: 40372841.635878 bit/s, bytes received: 505883 B, packets received: 420
[client] second 1.806095: 67096798.747442 bit/s, bytes received: 839183 B, packets received: 696
[client] second 1.906108: 94654848.322311 bit/s, bytes received: 1183330 B, packets received: 976
[client] second 2.006205: 94770801.149349 bit/s, bytes received: 1185792 B, packets received: 976
[client] second 2.106263: 10814344.969793 bit/s, bytes received: 135258 B, packets received: 987
[client] second 2.206305: 0.000000 bit/s, bytes received: 0 B, packets received: 983
[client] second 2.306323: 0.000000 bit/s, bytes received: 0 B, packets received: 976
[client] second 2.406379: 98105.899502 bit/s, bytes received: 1227 B, packets received: 754
[client] second 2.506639: 0.000000 bit/s, bytes received: 0 B, packets received: 0
[client] second 2.607165: 401394370.531290 bit/s, bytes received: 5043818 B, packets received: 601
[client] second 2.707345: 0.000000 bit/s, bytes received: 0 B, packets received: 0
[client] second 2.808035: 0.000000 bit/s, bytes received: 0 B, packets received: 9
[client] second 2.908069: 84151892.816193 bit/s, bytes received: 1052257 B, packets received: 868
[client] second 3.008163: 94773952.430794 bit/s, bytes received: 1185783 B, packets received: 977
[client] second 3.108181: 74760597.710772 bit/s, bytes received: 934682 B, packets received: 975
[client] second 3.208231: 0.000000 bit/s, bytes received: 0 B, packets received: 977
[client] second 3.308249: 0.000000 bit/s, bytes received: 0 B, packets received: 976
[client] second 3.408291: 303861744.246207 bit/s, bytes received: 3799861 B, packets received: 979
[client] second 3.508304: 88135800.108458 bit/s, bytes received: 1101842 B, packets received: 908
[client] second 3.608421: 88240455.432830 bit/s, bytes received: 1104296 B, packets received: 910
[client] second 3.708472: 84039861.543283 bit/s, bytes received: 1051030 B, packets received: 867
[client] second 3.808575: 94764951.549695 bit/s, bytes received: 1185783 B, packets received: 977
[client] second 3.908598: 94055694.270825 bit/s, bytes received: 1175967 B, packets received: 970
[client] second 4.008676: 94788621.461273 bit/s, bytes received: 1185783 B, packets received: 976
[client] second 4.108714: 94729078.795963 bit/s, bytes received: 1184556 B, packets received: 977
[client] second 4.208733: 94352980.726212 bit/s, bytes received: 1179648 B, packets received: 972
[client] second 4.308844: 94757609.717813 bit/s, bytes received: 1185783 B, packets received: 977
[client] second 4.408940: 94477734.415613 bit/s, bytes received: 1182102 B, packets received: 974
[client] second 4.509013: 94793394.373344 bit/s, bytes received: 1185783 B, packets received: 976
[client] second 4.609112: 94572941.514737 bit/s, bytes received: 1183329 B, packets received: 975
[client] second 4.709136: 94741002.793571 bit/s, bytes received: 1184546 B, packets received: 977
[client] second 4.809166: 94736434.542739 bit/s, bytes received: 1184559 B, packets received: 975
[client] second 4.909184: 94747193.374569 bit/s, bytes received: 1184556 B, packets received: 976
[client] second 5.009216: 94831950.484184 bit/s, bytes received: 1185783 B, packets received: 977
[client] second 5.109300: 94685011.816433 bit/s, bytes received: 1184556 B, packets received: 976
[client] second 5.209325: 94781936.923101 bit/s, bytes received: 1185068 B, packets received: 977
[client] second 5.309423: 94671506.899934 bit/s, bytes received: 1184556 B, packets received: 977
[client] second 5.409448: 94740749.337106 bit/s, bytes received: 1184556 B, packets received: 975
[client] second 5.509468: 94844061.945146 bit/s, bytes received: 1185783 B, packets received: 977
[client] second 5.609573: 94663824.347275 bit/s, bytes received: 1184547 B, packets received: 977
[client] second 5.709598: 94741620.705439 bit/s, bytes received: 1184565 B, packets received: 976
[client] second 5.809677: 94787009.826134 bit/s, bytes received: 1185774 B, packets received: 976
[client] second 5.909730: 94812958.957636 bit/s, bytes received: 1185783 B, packets received: 977
[client] second 6.009751: 94744317.461801 bit/s, bytes received: 1184556 B, packets received: 976
[client] second 6.109763: 94753409.959114 bit/s, bytes received: 1184556 B, packets received: 976
[client] second 6.209779: 94748437.194614 bit/s, bytes received: 1184556 B, packets received: 976
[client] second 6.309849: 94698378.637743 bit/s, bytes received: 1184556 B, packets received: 976
[client] second 6.409945: 94715326.822006 bit/s, bytes received: 1185070 B, packets received: 978
[client] second 6.509966: 94842361.754633 bit/s, bytes received: 1185783 B, packets received: 976
[client] second 6.610079: 94658024.745630 bit/s, bytes received: 1184556 B, packets received: 977
[client] second 6.710097: 94747317.470913 bit/s, bytes received: 1184556 B, packets received: 976
[client] second 6.810122: 94837319.199400 bit/s, bytes received: 1185774 B, packets received: 976
[client] second 6.910217: 94674577.967508 bit/s, bytes received: 1184556 B, packets received: 977
[client] second 7.010241: 94742799.057864 bit/s, bytes received: 1184556 B, packets received: 975
[client] second 7.110265: 94839673.624635 bit/s, bytes received: 1185783 B, packets received: 977
[client] second 7.210372: 94662430.113840 bit/s, bytes received: 1184556 B, packets received: 976
[client] second 7.310389: 94749224.427375 bit/s, bytes received: 1184556 B, packets received: 977
[client] second 7.410412: 94840576.288332 bit/s, bytes received: 1185783 B, packets received: 976
[client] second 7.510428: 94749301.161954 bit/s, bytes received: 1184556 B, packets received: 976
[client] second 7.610465: 94728812.707439 bit/s, bytes received: 1184556 B, packets received: 977
[client] second 7.710482: 94691814.903623 bit/s, bytes received: 1183843 B, packets received: 975
[client] second 7.810499: 94748256.256081 bit/s, bytes received: 1184556 B, packets received: 977
[client] second 7.910572: 94792856.768344 bit/s, bytes received: 1185774 B, packets received: 976
[client] second 8.010625: 94714423.427219 bit/s, bytes received: 1184556 B, packets received: 977
[client] second 8.110653: 94737390.790477 bit/s, bytes received: 1184556 B, packets received: 976
[client] second 8.210709: 94711966.949925 bit/s, bytes received: 1184556 B, packets received: 976
[client] second 8.310945: 94835656.170555 bit/s, bytes received: 1188237 B, packets received: 978
[client] second 8.410997: 94812902.099688 bit/s, bytes received: 1185783 B, packets received: 977
[client] second 8.511020: 94742543.311522 bit/s, bytes received: 1184556 B, packets received: 976
[client] second 8.611039: 94746415.648392 bit/s, bytes received: 1184556 B, packets received: 976
[client] second 8.711059: 94745504.370385 bit/s, bytes received: 1184556 B, packets received: 976
[client] second 8.811125: 94701290.293858 bit/s, bytes received: 1184547 B, packets received: 976
[client] second 8.911224: 94811038.033356 bit/s, bytes received: 1186306 B, packets received: 978
[client] second 9.011249: 94739365.560762 bit/s, bytes received: 1184547 B, packets received: 976
[client] second 9.111346: 94672806.428080 bit/s, bytes received: 1184556 B, packets received: 976
[client] second 9.211362: 94750305.252014 bit/s, bytes received: 1184565 B, packets received: 976
[client] second 9.311382: 94745278.038613 bit/s, bytes received: 1184547 B, packets received: 977
[client] second 9.411497: 94752785.515529 bit/s, bytes received: 1185783 B, packets received: 976
[client] second 9.511525: 94737893.704890 bit/s, bytes received: 1184556 B, packets received: 977
[client] second 9.611631: 94762882.915245 bit/s, bytes received: 1185792 B, packets received: 977
[client] second 9.711647: 94749273.783531 bit/s, bytes received: 1184547 B, packets received: 976
[client] second 9.811672: 94740845.001398 bit/s, bytes received: 1184556 B, packets received: 976
[client] second 9.911683: 94753393.978699 bit/s, bytes received: 1184547 B, packets received: 976
[client] second 10.011700: 94846558.880560 bit/s, bytes received: 1185792 B, packets received: 976
[client] second 10.111740: 94669860.798756 bit/s, bytes received: 1183843 B, packets received: 976
[client] second 10.211766: 94739479.198834 bit/s, bytes received: 1184556 B, packets received: 977
[client] second 10.311784: 94845696.764730 bit/s, bytes received: 1185783 B, packets received: 976
[client] second 10.411856: 94695923.938905 bit/s, bytes received: 1184556 B, packets received: 976
[client] second 10.511910: 94811857.820833 bit/s, bytes received: 1185783 B, packets received: 977
[client] second 10.611932: 94743682.814185 bit/s, bytes received: 1184556 B, packets received: 976
[client] second 10.712002: 94698587.775640 bit/s, bytes received: 1184556 B, packets received: 976
[client] second 10.812059: 94709083.113208 bit/s, bytes received: 1184544 B, packets received: 977
[client] second 10.912077: 94748048.995607 bit/s, bytes received: 1184568 B, packets received: 976
[client] second 11.012101: 94839753.104507 bit/s, bytes received: 1185774 B, packets received: 976
[client] second 11.112119: 94746321.939447 bit/s, bytes received: 1184547 B, packets received: 976
[client] second 11.212215: 94674813.955117 bit/s, bytes received: 1184565 B, packets received: 976
[client] second 11.312247: 94734070.363413 bit/s, bytes received: 1184556 B, packets received: 977
[client] second 11.412301: 94754212.895263 bit/s, bytes received: 1185070 B, packets received: 976
[client] second 11.512329: 94737780.998559 bit/s, bytes received: 1184556 B, packets received: 977
[client] second 11.612387: 94807804.114178 bit/s, bytes received: 1185783 B, packets received: 976
[client] second 11.712418: 94735341.303722 bit/s, bytes received: 1184556 B, packets received: 976
[client] second 11.812463: 94721320.230437 bit/s, bytes received: 1184556 B, packets received: 976
[client] second 11.912476: 94752376.331447 bit/s, bytes received: 1184556 B, packets received: 977
[client] second 12.012501: 94740533.410829 bit/s, bytes received: 1184547 B, packets received: 975
[client] second 12.112518: 94747649.974935 bit/s, bytes received: 1184556 B, packets received: 977
[client] second 12.212546: 94836226.214275 bit/s, bytes received: 1185783 B, packets received: 976
[client] second 12.312619: 94695715.759044 bit/s, bytes received: 1184556 B, packets received: 976
[client] second 12.412656: 94729544.691213 bit/s, bytes received: 1184556 B, packets received: 977
[client] second 12.512676: 94745599.097012 bit/s, bytes received: 1184556 B, packets received: 976
[client] second 12.612738: 94746329.538631 bit/s, bytes received: 1185070 B, packets received: 977
[client] second 12.712756: 94747612.082621 bit/s, bytes received: 1184556 B, packets received: 976
[client] second 12.812771: 94848224.966770 bit/s, bytes received: 1185783 B, packets received: 976
[client] second 12.912840: 94699745.148212 bit/s, bytes received: 1184556 B, packets received: 976
[client] second 13.012872: 94733405.548312 bit/s, bytes received: 1184556 B, packets received: 976
[client] second 13.112906: 94732950.979255 bit/s, bytes received: 1184556 B, packets received: 977
[client] second 13.212927: 94743684.760636 bit/s, bytes received: 1184547 B, packets received: 975
[client] second 13.312946: 94844357.801590 bit/s, bytes received: 1185783 B, packets received: 977
[client] second 13.412963: 94748600.134617 bit/s, bytes received: 1184556 B, packets received: 976
[client] second 13.512982: 94648872.426857 bit/s, bytes received: 1183329 B, packets received: 976
[client] second 13.613081: 94768195.911319 bit/s, bytes received: 1185783 B, packets received: 976
[client] second 13.713104: 94742961.978475 bit/s, bytes received: 1184556 B, packets received: 977
[client] second 13.813136: 94832351.495256 bit/s, bytes received: 1185783 B, packets received: 976
[client] second 13.913184: 94759725.869109 bit/s, bytes received: 1185070 B, packets received: 977
[client] second 14.013200: 94651072.953323 bit/s, bytes received: 1183320 B, packets received: 975
[client] second 14.113222: 94743634.453926 bit/s, bytes received: 1184565 B, packets received: 977
[client] second 14.213240: 94844788.185910 bit/s, bytes received: 1185774 B, packets received: 976
[client] second 14.313324: 94684814.091120 bit/s, bytes received: 1184556 B, packets received: 976
[client] second 14.413359: 94829558.708445 bit/s, bytes received: 1185783 B, packets received: 977
[client] second 14.513393: 94732979.389693 bit/s, bytes received: 1184556 B, packets received: 976
[client] second 14.613489: 94672702.388850 bit/s, bytes received: 1184556 B, packets received: 977
[client] second 14.713504: 94750905.985209 bit/s, bytes received: 1184556 B, packets received: 976
[client] second 14.813588: 94782625.455417 bit/s, bytes received: 1185783 B, packets received: 976
[client] second 14.913607: 94747176.323188 bit/s, bytes received: 1184556 B, packets received: 976
[client] second 15.013651: 94722012.332991 bit/s, bytes received: 1184556 B, packets received: 977
[client] second 15.113729: 94829749.173960 bit/s, bytes received: 1186297 B, packets received: 977
[client] second 15.213755: 94739972.663871 bit/s, bytes received: 1184556 B, packets received: 976
[client] second 15.313846: 94678891.229118 bit/s, bytes received: 1184556 B, packets received: 977
[client] second 15.413908: 94802784.866884 bit/s, bytes received: 1185774 B, packets received: 976
[client] second 15.514181: 94702864.437333 bit/s, bytes received: 1187010 B, packets received: 979
[client] second 15.614209: 94835826.314546 bit/s, bytes received: 1185792 B, packets received: 976
[client] second 15.714314: 94665255.122130 bit/s, bytes received: 1184547 B, packets received: 977
[client] second 15.814428: 94754227.897693 bit/s, bytes received: 1185783 B, packets received: 977
[client] second 15.914446: 94747403.675436 bit/s, bytes received: 1184556 B, packets received: 975
[client] second 16.014460: 94751247.040838 bit/s, bytes received: 1184556 B, packets received: 977
[client] second 16.114481: 94744955.906936 bit/s, bytes received: 1184556 B, packets received: 976
[client] second 16.214492: 94850745.633657 bit/s, bytes received: 1185774 B, packets received: 976
[client] second 16.314550: 94653982.899808 bit/s, bytes received: 1183852 B, packets received: 977
[client] second 16.414656: 94761225.588763 bit/s, bytes received: 1185783 B, packets received: 976
[client] second 16.514681: 94741785.552689 bit/s, bytes received: 1184556 B, packets received: 976
[client] second 16.614696: 94749596.733345 bit/s, bytes received: 1184556 B, packets received: 977
[client] second 16.714771: 94791431.728571 bit/s, bytes received: 1185783 B, packets received: 976
[client] second 16.814827: 94711883.649653 bit/s, bytes received: 1184556 B, packets received: 977
[client] second 16.914840: 94751656.310835 bit/s, bytes received: 1184556 B, packets received: 976
[client] second 17.014855: 94750023.041484 bit/s, bytes received: 1184556 B, packets received: 976
[client] second 17.114925: 94795752.564710 bit/s, bytes received: 1185774 B, packets received: 976
[client] second 17.214945: 94746189.248166 bit/s, bytes received: 1184556 B, packets received: 976
[client] second 17.314992: 94719413.450274 bit/s, bytes received: 1184556 B, packets received: 977
[client] second 17.415017: 94740733.235215 bit/s, bytes received: 1184556 B, packets received: 976
[client] second 17.515188: 94840273.289802 bit/s, bytes received: 1187524 B, packets received: 978
[client] second 17.615352: 94707350.251939 bit/s, bytes received: 1185783 B, packets received: 977
[client] second 17.715414: 94705937.524719 bit/s, bytes received: 1184556 B, packets received: 977
[client] second 17.815527: 94755498.063230 bit/s, bytes received: 1185783 B, packets received: 977
[client] second 17.915545: 94747556.191513 bit/s, bytes received: 1184556 B, packets received: 976
[client] second 18.015557: 94752179.388635 bit/s, bytes received: 1184547 B, packets received: 976
[client] second 18.115593: 94829215.792562 bit/s, bytes received: 1185792 B, packets received: 976
[client] second 18.215660: 94700135.713821 bit/s, bytes received: 1184547 B, packets received: 976
[client] second 18.315702: 94724697.521535 bit/s, bytes received: 1184556 B, packets received: 977
[client] second 18.415725: 94839432.453463 bit/s, bytes received: 1185765 B, packets received: 976
[client] second 18.515839: 94658471.276085 bit/s, bytes received: 1184574 B, packets received: 977
[client] second 18.615856: 94747358.284807 bit/s, bytes received: 1184547 B, packets received: 976
[client] second 18.715943: 94821802.026159 bit/s, bytes received: 1186306 B, packets received: 977
[client] second 18.816034: 94678568.666792 bit/s, bytes received: 1184556 B, packets received: 977
[client] second 18.916112: 94788699.127359 bit/s, bytes received: 1185783 B, packets received: 976
[client] second 19.016162: 94716626.318885 bit/s, bytes received: 1184556 B, packets received: 977
[client] second 19.116184: 94841528.275806 bit/s, bytes received: 1185783 B, packets received: 976
[client] second 19.216204: 94745619.936895 bit/s, bytes received: 1184556 B, packets received: 976
[client] second 19.316308: 94665465.061009 bit/s, bytes received: 1184547 B, packets received: 977
[client] second 19.416328: 94843959.533730 bit/s, bytes received: 1185783 B, packets received: 976
[client] second 19.516401: 94694778.014747 bit/s, bytes received: 1184556 B, packets received: 976
[client] second 19.616448: 94720467.187717 bit/s, bytes received: 1184556 B, packets received: 977
[client] second 19.716468: 94745402.065840 bit/s, bytes received: 1184556 B, packets received: 976
[client] second 19.816487: 94844682.107890 bit/s, bytes received: 1185783 B, packets received: 976
[client] second 19.916600: 94657588.864351 bit/s, bytes received: 1184556 B, packets received: 977
[client] second 20.016671: 94738617.902371 bit/s, bytes received: 1185070 B, packets received: 976
[client] second 20.116744: 94793445.524439 bit/s, bytes received: 1185783 B, packets received: 977
[client] second 20.216794: 94716881.925326 bit/s, bytes received: 1184556 B, packets received: 977
[client] second 20.316825: 94832904.924409 bit/s, bytes received: 1185774 B, packets received: 976
[client] second 20.416842: 94747811.964919 bit/s, bytes received: 1184556 B, packets received: 976
[client] second 20.516900: 94709190.668671 bit/s, bytes received: 1184556 B, packets received: 976
[client] second 20.616951: 94717081.677987 bit/s, bytes received: 1184556 B, packets received: 976
[client] second 20.716986: 94829321.717814 bit/s, bytes received: 1185783 B, packets received: 977
[client] second 20.817081: 94674683.902559 bit/s, bytes received: 1184556 B, packets received: 976
[client] second 20.917097: 94748401.196317 bit/s, bytes received: 1184556 B, packets received: 976
[client] second 21.017120: 94743197.535827 bit/s, bytes received: 1184553 B, packets received: 977
[client] second 21.117131: 94753611.760731 bit/s, bytes received: 1184556 B, packets received: 975
[client] second 21.217168: 94770730.287550 bit/s, bytes received: 1185073 B, packets received: 977
[client] second 21.317214: 94721046.611287 bit/s, bytes received: 1184556 B, packets received: 976
[client] second 21.417236: 94744110.963584 bit/s, bytes received: 1184556 B, packets received: 977
[client] second 21.517317: 94784868.432602 bit/s, bytes received: 1185774 B, packets received: 976
[client] second 21.617356: 94727543.836107 bit/s, bytes received: 1184556 B, packets received: 976
[client] second 21.717370: 94751211.040406 bit/s, bytes received: 1184556 B, packets received: 976
[client] second 21.817393: 94840712.159745 bit/s, bytes received: 1185781 B, packets received: 977
[client] second 21.917438: 94721422.049174 bit/s, bytes received: 1184555 B, packets received: 976
[client] second 22.017531: 94677043.856458 bit/s, bytes received: 1184556 B, packets received: 977
[client] second 22.117547: 94748697.995169 bit/s, bytes received: 1184559 B, packets received: 975
[client] second 22.217558: 94754096.846068 bit/s, bytes received: 1184556 B, packets received: 976
[client] second 22.317575: 94748315.937301 bit/s, bytes received: 1184556 B, packets received: 976
[client] second 22.417591: 94848549.299516 bit/s, bytes received: 1185783 B, packets received: 977
[client] second 22.517651: 94649729.220602 bit/s, bytes received: 1183843 B, packets received: 977
[client] second 22.617670: 94746154.269614 bit/s, bytes received: 1184547 B, packets received: 976
[client] second 22.717694: 94840452.237167 bit/s, bytes received: 1185792 B, packets received: 976
[client] second 22.817713: 94745678.734670 bit/s, bytes received: 1184547 B, packets received: 976
[client] second 22.917777: 94704239.827865 bit/s, bytes received: 1184565 B, packets received: 976
[client] second 23.017823: 94721266.145582 bit/s, bytes received: 1184547 B, packets received: 976
[client] second 23.117847: 94741321.431389 bit/s, bytes received: 1184556 B, packets received: 977
[client] second 23.217865: 94845215.037093 bit/s, bytes received: 1185783 B, packets received: 976
[client] second 23.317930: 94704116.791711 bit/s, bytes received: 1184565 B, packets received: 976
[client] second 23.417948: 94746514.239478 bit/s, bytes received: 1184547 B, packets received: 976
[client] second 23.517997: 94717357.966332 bit/s, bytes received: 1184547 B, packets received: 976
[client] second 23.618017: 94746292.429883 bit/s, bytes received: 1184565 B, packets received: 977
[client] second 23.718041: 94839837.657832 bit/s, bytes received: 1185783 B, packets received: 976
[client] second 23.818061: 94688317.694242 bit/s, bytes received: 1183843 B, packets received: 976
[client] second 23.918108: 94817670.823259 bit/s, bytes received: 1185783 B, packets received: 977
[client] second 24.018139: 94736216.397200 bit/s, bytes received: 1184556 B, packets received: 976
[client] second 24.118367: 94744433.085607 bit/s, bytes received: 1187010 B, packets received: 978
[client] second 24.218457: 94777048.742821 bit/s, bytes received: 1185783 B, packets received: 977
[client] second 24.318474: 94650477.403092 bit/s, bytes received: 1183329 B, packets received: 976
[client] second 24.418497: 94742032.770176 bit/s, bytes received: 1184556 B, packets received: 976
[client] second 24.518515: 94844856.461874 bit/s, bytes received: 1185774 B, packets received: 976
[client] second 24.618616: 94669614.419479 bit/s, bytes received: 1184556 B, packets received: 977
[client] second 24.718641: 94838983.363990 bit/s, bytes received: 1185783 B, packets received: 976
[client] second 24.818659: 94648305.861553 bit/s, bytes received: 1183320 B, packets received: 976
[client] second 24.918754: 94773546.900544 bit/s, bytes received: 1185792 B, packets received: 976
[client] second 25.018820: 94742678.544898 bit/s, bytes received: 1185070 B, packets received: 978
[client] second 25.118862: 94823302.552936 bit/s, bytes received: 1185783 B, packets received: 976
[client] second 25.218955: 94675641.112162 bit/s, bytes received: 1184556 B, packets received: 977
[client] second 25.318971: 94748820.953400 bit/s, bytes received: 1184547 B, packets received: 976
[client] second 25.418986: 94751285.773684 bit/s, bytes received: 1184565 B, packets received: 976
[client] second 25.519063: 94788598.175653 bit/s, bytes received: 1185774 B, packets received: 976
[client] second 25.619110: 94720836.548994 bit/s, bytes received: 1184565 B, packets received: 977
[client] second 25.719124: 94750473.141151 bit/s, bytes received: 1184547 B, packets received: 975
[client] second 25.819146: 94743257.510318 bit/s, bytes received: 1184556 B, packets received: 977
[client] second 25.919160: 94751373.042567 bit/s, bytes received: 1184556 B, packets received: 976
[client] second 26.019183: 94840901.516963 bit/s, bytes received: 1185783 B, packets received: 976
[client] second 26.119203: 94647557.068287 bit/s, bytes received: 1183329 B, packets received: 976
[client] second 26.219247: 94764045.965844 bit/s, bytes received: 1185070 B, packets received: 977
[client] second 26.319421: 94795556.178292 bit/s, bytes received: 1187010 B, packets received: 977
[client] second 26.419482: 94707057.217068 bit/s, bytes received: 1184556 B, packets received: 977
[client] second 26.519505: 94840247.269217 bit/s, bytes received: 1185783 B, packets received: 976
[client] second 26.619569: 94704554.745939 bit/s, bytes received: 1184556 B, packets received: 976
[client] second 26.719617: 94717586.123940 bit/s, bytes received: 1184547 B, packets received: 976
[client] second 26.819635: 94748021.321216 bit/s, bytes received: 1184556 B, packets received: 976
[client] second 26.919656: 94743260.400747 bit/s, bytes received: 1184547 B, packets received: 977
[client] second 27.019730: 94793482.036782 bit/s, bytes received: 1185792 B, packets received: 976
[client] second 27.119781: 94716028.962545 bit/s, bytes received: 1184556 B, packets received: 977
[client] second 27.219799: 94747547.665757 bit/s, bytes received: 1184556 B, packets received: 976
[client] second 27.319838: 94825203.681135 bit/s, bytes received: 1185774 B, packets received: 976
[client] second 27.419886: 94719983.521466 bit/s, bytes received: 1184565 B, packets received: 977
[client] second 27.519908: 94686440.441239 bit/s, bytes received: 1183843 B, packets received: 976
[client] second 27.619918: 94852569.502696 bit/s, bytes received: 1185783 B, packets received: 976
[client] second 27.719935: 94748534.769084 bit/s, bytes received: 1184556 B, packets received: 976
[client] second 27.820035: 94670051.357274 bit/s, bytes received: 1184556 B, packets received: 976
[client] second 27.920049: 94848371.858564 bit/s, bytes received: 1185774 B, packets received: 977
[client] second 28.020123: 94694854.661162 bit/s, bytes received: 1184556 B, packets received: 976
[client] second 28.120174: 94716371.660506 bit/s, bytes received: 1184556 B, packets received: 976
[client] second 28.220189: 94749844.938951 bit/s, bytes received: 1184556 B, packets received: 976
[client] second 28.320208: 94746161.777082 bit/s, bytes received: 1184556 B, packets received: 977
[client] second 28.420238: 94736787.489649 bit/s, bytes received: 1184556 B, packets received: 976
[client] second 28.520260: 94841443.885706 bit/s, bytes received: 1185783 B, packets received: 976
[client] second 28.620335: 94693063.438485 bit/s, bytes received: 1184556 B, packets received: 976
[client] second 28.720431: 94715025.915018 bit/s, bytes received: 1185070 B, packets received: 978
[client] second 28.820451: 94745659.722153 bit/s, bytes received: 1184556 B, packets received: 976
[client] second 28.920526: 94790562.612371 bit/s, bytes received: 1185774 B, packets received: 976
[client] second 29.020545: 94746646.786142 bit/s, bytes received: 1184556 B, packets received: 976
[client] second 29.120586: 94824630.776052 bit/s, bytes received: 1185792 B, packets received: 977
[client] second 29.220666: 94688172.325796 bit/s, bytes received: 1184547 B, packets received: 976
[client] second 29.320718: 94714644.942417 bit/s, bytes received: 1184556 B, packets received: 977
[client] second 29.420807: 94778739.016860 bit/s, bytes received: 1185783 B, packets received: 976
[client] second 29.520852: 94820963.650732 bit/s, bytes received: 1185792 B, packets received: 977
[client] second 29.620961: 94660237.670878 bit/s, bytes received: 1184547 B, packets received: 977
[client] second 29.720984: 94742878.623674 bit/s, bytes received: 1184556 B, packets received: 976
[client] second 29.820997: 94752246.537450 bit/s, bytes received: 1184556 B, packets received: 976
[client] second 29.921055: 94750410.728263 bit/s, bytes received: 1185070 B, packets received: 977
[client] second 30.021071: 94749371.265258 bit/s, bytes received: 1184556 B, packets received: 976
[client] second 30.121115: 94820596.547491 bit/s, bytes received: 1185783 B, packets received: 976
[client] second 30.221206: 94678551.640102 bit/s, bytes received: 1184556 B, packets received: 977
[client] second 30.321230: 94741068.566668 bit/s, bytes received: 1184547 B, packets received: 976
[client] second 30.421344: 94852229.292785 bit/s, bytes received: 1187010 B, packets received: 977
[client] second 30.521359: 94653264.163934 bit/s, bytes received: 1183338 B, packets received: 976
[client] second 30.621377: 94746515.186771 bit/s, bytes received: 1184547 B, packets received: 976
[client] second 30.721391: 94849016.835712 bit/s, bytes received: 1185783 B, packets received: 976
[client] second 30.821413: 94645367.408563 bit/s, bytes received: 1183329 B, packets received: 976
[client] second 30.921437: 94839289.448752 bit/s, bytes received: 1185774 B, packets received: 976
[client] second 31.021497: 94708063.353741 bit/s, bytes received: 1184556 B, packets received: 976
[client] second 31.121544: 94720895.248456 bit/s, bytes received: 1184565 B, packets received: 977
[client] second 31.221565: 94785006.061733 bit/s, bytes received: 1185070 B, packets received: 976
[client] second 31.321621: 94712169.521652 bit/s, bytes received: 1184556 B, packets received: 977
[client] second 31.421708: 94780171.772541 bit/s, bytes received: 1185783 B, packets received: 976
[client] second 31.521743: 94730761.532740 bit/s, bytes received: 1184556 B, packets received: 977
[client] second 31.621772: 94737603.889153 bit/s, bytes received: 1184556 B, packets received: 976
[client] second 31.721789: 94846469.625394 bit/s, bytes received: 1185783 B, packets received: 976
[client] second 31.821893: 94665788.075957 bit/s, bytes received: 1184556 B, packets received: 977
[client] second 31.921914: 94744143.225145 bit/s, bytes received: 1184547 B, packets received: 975
[client] second 32.021932: 94747472.828627 bit/s, bytes received: 1184556 B, packets received: 977
[client] second 32.122045: 94755518.885899 bit/s, bytes received: 1185783 B, packets received: 977
[client] second 32.222055: 94755179.779105 bit/s, bytes received: 1184556 B, packets received: 975
[client] second 32.322070: 94749779.571699 bit/s, bytes received: 1184556 B, packets received: 976
[client] second 32.422133: 94746246.214059 bit/s, bytes received: 1185070 B, packets received: 977
[client] second 32.522152: 94745813.179887 bit/s, bytes received: 1184556 B, packets received: 977
[client] second 32.622183: 94833901.534479 bit/s, bytes received: 1185783 B, packets received: 976
[client] second 32.722206: 94741996.776745 bit/s, bytes received: 1184556 B, packets received: 976
[client] second 32.822293: 94682201.167186 bit/s, bytes received: 1184556 B, packets received: 977
[client] second 32.922414: 94747905.024411 bit/s, bytes received: 1185783 B, packets received: 976
[client] second 33.022430: 94749590.101915 bit/s, bytes received: 1184556 B, packets received: 977
[client] second 33.122456: 94738838.001275 bit/s, bytes received: 1184547 B, packets received: 976
[client] second 33.222477: 94744853.603576 bit/s, bytes received: 1184556 B, packets received: 976
[client] second 33.322490: 94850271.524593 bit/s, bytes received: 1185783 B, packets received: 976
[client] second 33.422555: 94703436.059185 bit/s, bytes received: 1184556 B, packets received: 976
[client] second 33.522602: 94817520.134869 bit/s, bytes received: 1185783 B, packets received: 977
[client] second 33.622690: 94681120.847583 bit/s, bytes received: 1184556 B, packets received: 976
[client] second 33.722775: 94725750.928255 bit/s, bytes received: 1185070 B, packets received: 977
[client] second 33.822791: 94748707.182715 bit/s, bytes received: 1184556 B, packets received: 977
[client] second 33.922811: 94744703.050428 bit/s, bytes received: 1184547 B, packets received: 976
[client] second 34.022826: 94751267.773587 bit/s, bytes received: 1184565 B, packets received: 976
[client] second 34.122855: 94834503.345083 bit/s, bytes received: 1185774 B, packets received: 976
[client] second 34.222949: 94675188.043149 bit/s, bytes received: 1184556 B, packets received: 976
[client] second 34.323027: 94788607.254076 bit/s, bytes received: 1185783 B, packets received: 977
[client] second 34.423051: 94741854.697680 bit/s, bytes received: 1184556 B, packets received: 976
[client] second 34.523104: 94813048.035225 bit/s, bytes received: 1185783 B, packets received: 977
[client] second 34.623215: 94658949.470183 bit/s, bytes received: 1184556 B, packets received: 977
[client] second 34.723297: 94784650.241934 bit/s, bytes received: 1185783 B, packets received: 976
[client] second 34.823346: 94718705.291294 bit/s, bytes received: 1184556 B, packets received: 976
[client] second 34.923369: 94783439.631814 bit/s, bytes received: 1185070 B, packets received: 977
[client] second 35.023427: 94709950.745858 bit/s, bytes received: 1184556 B, packets received: 977
[client] second 35.123460: 94830077.008441 bit/s, bytes received: 1185774 B, packets received: 976
[client] second 35.223479: 94648402.110996 bit/s, bytes received: 1183329 B, packets received: 976
[client] second 35.323572: 94774602.923598 bit/s, bytes received: 1185783 B, packets received: 976
[client] second 35.423594: 94742748.900576 bit/s, bytes received: 1184547 B, packets received: 977
[client] second 35.523608: 94752131.785984 bit/s, bytes received: 1184565 B, packets received: 976
[client] second 35.623719: 94757539.674870 bit/s, bytes received: 1185783 B, packets received: 977
[client] second 35.723805: 94781149.063658 bit/s, bytes received: 1185783 B, packets received: 976
[client] second 35.823849: 94722245.134402 bit/s, bytes received: 1184547 B, packets received: 977
[client] second 35.923876: 94836504.955964 bit/s, bytes received: 1185783 B, packets received: 976
[client] second 36.023887: 94656764.061693 bit/s, bytes received: 1183338 B, packets received: 976
[client] second 36.123943: 94752414.522205 bit/s, bytes received: 1185070 B, packets received: 977
[client] second 36.223966: 94840288.826924 bit/s, bytes received: 1185774 B, packets received: 976
[client] second 36.324046: 94689394.511436 bit/s, bytes received: 1184565 B, packets received: 976
[client] second 36.424084: 94728240.698868 bit/s, bytes received: 1184547 B, packets received: 977
[client] second 36.524116: 94832779.273668 bit/s, bytes received: 1185792 B, packets received: 976
[client] second 36.624142: 94739256.638663 bit/s, bytes received: 1184547 B, packets received: 976
[client] second 36.724189: 94719870.858602 bit/s, bytes received: 1184565 B, packets received: 976
[client] second 36.824247: 94709422.363108 bit/s, bytes received: 1184547 B, packets received: 977
[client] second 36.924286: 94727698.182073 bit/s, bytes received: 1184556 B, packets received: 975
[client] second 37.024378: 94775684.257451 bit/s, bytes received: 1185783 B, packets received: 978
[client] second 37.124491: 94853246.851927 bit/s, bytes received: 1187010 B, packets received: 977
[client] second 37.224579: 94681510.592268 bit/s, bytes received: 1184556 B, packets received: 976
[client] second 37.324669: 94719701.544261 bit/s, bytes received: 1185070 B, packets received: 977
[client] second 37.424691: 94841558.618350 bit/s, bytes received: 1185783 B, packets received: 977
[client] second 37.524709: 94748195.627617 bit/s, bytes received: 1184556 B, packets received: 976
[client] second 37.624777: 94699511.400204 bit/s, bytes received: 1184556 B, packets received: 976
[client] second 37.724824: 94719711.675474 bit/s, bytes received: 1184556 B, packets received: 976
[client] second 37.824840: 94749684.836713 bit/s, bytes received: 1184556 B, packets received: 977
[client] second 37.924864: 94740755.997036 bit/s, bytes received: 1184547 B, packets received: 975
[client] second 38.024887: 94841823.318761 bit/s, bytes received: 1185792 B, packets received: 977
[client] second 38.124905: 94746383.513264 bit/s, bytes received: 1184547 B, packets received: 976
[client] second 38.224922: 94748498.770712 bit/s, bytes received: 1184556 B, packets received: 976
[client] second 38.325014: 94677548.968088 bit/s, bytes received: 1184556 B, packets received: 977
[client] second 38.425033: 94845254.864783 bit/s, bytes received: 1185783 B, packets received: 976
[client] second 38.525056: 94742349.134666 bit/s, bytes received: 1184556 B, packets received: 976
[client] second 38.625108: 94658508.177368 bit/s, bytes received: 1183843 B, packets received: 977
[client] second 38.725124: 94748365.198047 bit/s, bytes received: 1184556 B, packets received: 976
[client] second 38.825147: 94841369.925967 bit/s, bytes received: 1185783 B, packets received: 976
[client] second 38.925179: 94733951.983973 bit/s, bytes received: 1184556 B, packets received: 976
[client] second 39.025263: 94684703.403148 bit/s, bytes received: 1184556 B, packets received: 976
[client] second 39.125288: 94740965.323743 bit/s, bytes received: 1184547 B, packets received: 977
[client] second 39.225313: 94837959.369454 bit/s, bytes received: 1185783 B, packets received: 976
[client] second 39.325414: 94767080.666539 bit/s, bytes received: 1185783 B, packets received: 977
[client] second 39.425431: 94650403.588133 bit/s, bytes received: 1183329 B, packets received: 976
[client] second 39.525543: 94854841.450809 bit/s, bytes received: 1187010 B, packets received: 977
[client] second 39.625554: 94754175.483416 bit/s, bytes received: 1184556 B, packets received: 976
[client] second 39.725590: 94730393.162628 bit/s, bytes received: 1184556 B, packets received: 976
[client] second 39.825639: 94718230.982176 bit/s, bytes received: 1184556 B, packets received: 977
[client] second 39.925657: 94787931.529563 bit/s, bytes received: 1185070 B, packets received: 976
[client] second 40.025733: 94692383.113345 bit/s, bytes received: 1184556 B, packets received: 976
[client] total: bytes received: 452929112 B, packets received: 373278
