Bandwidth: 100 Mbit/s
RTT: 220 ms
BDP: 2750000 B/s
Max In-Flight Packets: 2148
[server] starting server with pid 124134, port 18080, cc cubic, iw 32
[server][session 0] open
[client] connection establishment time: 0.444619 s
[server][session 0][stream 0] open
[client] time to first byte: 0.665796 s
[client] second 1.000148: 6942331.012205 bit/s, bytes received: 867919 B, packets received: 724
[client] second 2.000282: 51746291.890824 bit/s, bytes received: 6469154 B, packets received: 5348
[client] second 3.000370: 59180404.083575 bit/s, bytes received: 7398206 B, packets received: 6137
[client] second 4.000407: 88919613.468436 bit/s, bytes received: 11115353 B, packets received: 9168
[client] second 5.000442: 94633450.834488 bit/s, bytes received: 11829602 B, packets received: 9746
[client] second 6.000483: 94744982.150013 bit/s, bytes received: 11843609 B, packets received: 9759
[client] second 7.000515: 94755638.086574 bit/s, bytes received: 11844838 B, packets received: 9760
[client] second 8.000559: 94744773.796915 bit/s, bytes received: 11843620 B, packets received: 9759
[client] second 9.000677: 68296595.648288 bit/s, bytes received: 8538076 B, packets received: 7044
[client] second 10.000786: 65528937.340360 bit/s, bytes received: 8192009 B, packets received: 6751
[client] second 11.001677: 68414614.943091 bit/s, bytes received: 8559449 B, packets received: 7052
[client] second 12.001753: 66638399.684931 bit/s, bytes received: 8330434 B, packets received: 6864
[client] second 13.002243: 67340809.292814 bit/s, bytes received: 8421728 B, packets received: 6939
[client] second 14.002332: 68489216.691659 bit/s, bytes received: 8561912 B, packets received: 7055
[client] second 15.002383: 66370967.903379 bit/s, bytes received: 8296791 B, packets received: 6836
[client] second 16.002475: 70277460.236905 bit/s, bytes received: 8785496 B, packets received: 7239
[client] second 17.002586: 66875884.321483 bit/s, bytes received: 8360405 B, packets received: 6890
[client] second 18.002667: 70655297.657046 bit/s, bytes received: 8832636 B, packets received: 7278
[client] second 19.002740: 67241330.917309 bit/s, bytes received: 8405777 B, packets received: 6926
[client] second 20.002773: 71026063.694606 bit/s, bytes received: 8878549 B, packets received: 7316
[client] second 21.002842: 67628468.322798 bit/s, bytes received: 8454144 B, packets received: 6966
[client] second 22.002872: 71546410.374902 bit/s, bytes received: 8943571 B, packets received: 7368
[client] second 23.002957: 67965156.446991 bit/s, bytes received: 8496367 B, packets received: 7001
[client] second 24.003769: 70638867.163734 bit/s, bytes received: 8837021 B, packets received: 7281
[client] second 25.003830: 69696567.291428 bit/s, bytes received: 8712607 B, packets received: 7180
[client] second 26.004100: 69525159.553342 bit/s, bytes received: 8692993 B, packets received: 7162
[client] second 27.004201: 71614125.072082 bit/s, bytes received: 8952665 B, packets received: 7378
[client] second 28.004236: 68806907.047374 bit/s, bytes received: 8601167 B, packets received: 7087
[client] second 29.004339: 73172703.552576 bit/s, bytes received: 9147532 B, packets received: 7536
[client] second 30.004442: 69252093.109206 bit/s, bytes received: 8657401 B, packets received: 7135
[client] second 31.004478: 73544930.842267 bit/s, bytes received: 9193445 B, packets received: 7574
[client] second 32.004543: 69774740.359012 bit/s, bytes received: 8722414 B, packets received: 7188
[client] second 33.004567: 73834606.350512 bit/s, bytes received: 9229542 B, packets received: 7604
[client] second 34.004661: 70208697.841619 bit/s, bytes received: 8776916 B, packets received: 7232
[client] second 35.004705: 74137251.538284 bit/s, bytes received: 9267561 B, packets received: 7636
[client] second 36.004766: 70705814.360187 bit/s, bytes received: 8838771 B, packets received: 7283
[client] second 37.005165: 72964698.551507 bit/s, bytes received: 9124219 B, packets received: 7518
[client] second 38.005274: 72681631.549325 bit/s, bytes received: 9086200 B, packets received: 7487
[client] second 39.006216: 71789315.149469 bit/s, bytes received: 8982113 B, packets received: 7401
[client] second 40.006247: 74731117.528952 bit/s, bytes received: 9341686 B, packets received: 7697
[client] total: bytes received: 353435125 B, packets received: 291306
