Bandwidth: 100 Mbit/s
RTT: 220 ms
BDP: 2750000 B/s
Max In-Flight Packets: 2148
[server] starting server with pid 1230660, port 18080, cc cubic, iw 32
[server][session 0] open
[client] connection establishment time: 0.445053 s
[server][session 0][stream 0] open
[client] time to first byte: 0.666298 s
[client] second 0.100721: 2633736.972051 bit/s, bytes received: 33159 B, packets received: 34
[client] second 0.201402: 487482.070284 bit/s, bytes received: 6135 B, packets received: 5
[client] second 0.301536: 3174859.497298 bit/s, bytes received: 39739 B, packets received: 33
[client] second 0.401744: 3232564.831447 bit/s, bytes received: 40491 B, packets received: 33
[client] second 0.502310: 3651644.026358 bit/s, bytes received: 45904 B, packets received: 38
[client] second 0.602327: 6124793.579017 bit/s, bytes received: 76573 B, packets received: 63
[client] second 0.703220: 7377371.521882 bit/s, bytes received: 93041 B, packets received: 77
[client] second 0.803738: 10529482.784593 bit/s, bytes received: 132299 B, packets received: 109
[client] second 0.903877: 13999413.179354 bit/s, bytes received: 175237 B, packets received: 144
[client] second 1.004412: 19005310.086646 bit/s, bytes received: 238838 B, packets received: 198
[client] second 1.104500: 13361097.282113 bit/s, bytes received: 167160 B, packets received: 140
[client] second 1.204845: 17533223.341930 bit/s, bytes received: 219921 B, packets received: 183
[client] second 1.305558: 43205536.746004 bit/s, bytes received: 543920 B, packets received: 448
[client] second 1.405625: 22763621.672341 bit/s, bytes received: 284735 B, packets received: 238
[client] second 1.505699: 39222980.034245 bit/s, bytes received: 490654 B, packets received: 407
[client] second 1.605780: 88860996.710013 bit/s, bytes received: 1111658 B, packets received: 917
[client] second 1.706112: 39456280.510202 bit/s, bytes received: 494840 B, packets received: 411
[client] second 1.806129: 68006121.123600 bit/s, bytes received: 850226 B, packets received: 705
[client] second 1.906148: 94689976.788000 bit/s, bytes received: 1183844 B, packets received: 977
[client] second 2.006226: 94788288.066840 bit/s, bytes received: 1185783 B, packets received: 976
[client] second 2.106244: 9993182.612541 bit/s, bytes received: 124937 B, packets received: 987
[client] second 2.206263: 0.000000 bit/s, bytes received: 0 B, packets received: 983
[client] second 2.306369: 0.000000 bit/s, bytes received: 0 B, packets received: 977
[client] second 2.406624: 195820.336995 bit/s, bytes received: 2454 B, packets received: 744
[client] second 2.507078: 0.000000 bit/s, bytes received: 0 B, packets received: 0
[client] second 2.607580: 401293423.135590 bit/s, bytes received: 5041364 B, packets received: 601
[client] second 2.708251: 0.000000 bit/s, bytes received: 0 B, packets received: 0
[client] second 2.809023: 0.000000 bit/s, bytes received: 0 B, packets received: 9
[client] second 2.909080: 86094478.659471 bit/s, bytes received: 1076797 B, packets received: 887
[client] second 3.009163: 94783999.611203 bit/s, bytes received: 1185783 B, packets received: 977
[client] second 3.109179: 70207656.640738 bit/s, bytes received: 877735 B, packets received: 976
[client] second 3.209283: 0.000000 bit/s, bytes received: 0 B, packets received: 977
[client] second 3.309342: 0.000000 bit/s, bytes received: 0 B, packets received: 976
[client] second 3.409389: 308105162.629415 bit/s, bytes received: 3853127 B, packets received: 976
[client] second 3.509409: 88620480.214197 bit/s, bytes received: 1107977 B, packets received: 914
[client] second 3.609955: 61498806.192273 bit/s, bytes received: 772935 B, packets received: 637
[client] second 3.709998: 71602863.429230 bit/s, bytes received: 895418 B, packets received: 738
[client] second 3.810052: 94713255.283013 bit/s, bytes received: 1184556 B, packets received: 977
[client] second 3.910065: 94360257.278419 bit/s, bytes received: 1179648 B, packets received: 971
[client] second 4.010147: 94686745.022939 bit/s, bytes received: 1184556 B, packets received: 976
[client] second 4.110185: 94531420.363476 bit/s, bytes received: 1182102 B, packets received: 975
[client] second 4.210257: 94598015.135358 bit/s, bytes received: 1183316 B, packets received: 975
[client] second 4.310282: 94741816.544919 bit/s, bytes received: 1184569 B, packets received: 976
[client] second 4.410362: 94491890.870284 bit/s, bytes received: 1182102 B, packets received: 973
[client] second 4.510409: 94720056.293598 bit/s, bytes received: 1184556 B, packets received: 977
[client] second 4.610427: 94550726.477353 bit/s, bytes received: 1182095 B, packets received: 973
[client] second 4.710445: 94747534.403472 bit/s, bytes received: 1184556 B, packets received: 977
[client] second 4.810488: 94723935.313968 bit/s, bytes received: 1184556 B, packets received: 976
[client] second 4.910507: 94648500.526806 bit/s, bytes received: 1183329 B, packets received: 974
[client] second 5.010571: 94702916.073726 bit/s, bytes received: 1184553 B, packets received: 976
[client] second 5.110677: 94664674.087463 bit/s, bytes received: 1184556 B, packets received: 977
[client] second 5.210763: 94822411.254335 bit/s, bytes received: 1186298 B, packets received: 977
[client] second 5.310811: 94718975.109978 bit/s, bytes received: 1184556 B, packets received: 976
[client] second 5.410873: 94705289.194254 bit/s, bytes received: 1184556 B, packets received: 976
[client] second 5.510895: 94743386.332467 bit/s, bytes received: 1184556 B, packets received: 977
[client] second 5.610971: 94791154.198972 bit/s, bytes received: 1185783 B, packets received: 976
[client] second 5.711045: 32414078.932479 bit/s, bytes received: 405477 B, packets received: 344
[client] second 5.811063: 82987772.740514 bit/s, bytes received: 1037533 B, packets received: 855
[client] second 5.912084: 51608111.888162 bit/s, bytes received: 651688 B, packets received: 537
[client] second 6.012133: 78310007.447818 bit/s, bytes received: 979359 B, packets received: 808
[client] second 6.113117: 67493849.248390 bit/s, bytes received: 851968 B, packets received: 701
[client] second 6.213196: 62472541.078806 bit/s, bytes received: 781524 B, packets received: 645
[client] second 6.313208: 82362086.837038 bit/s, bytes received: 1029657 B, packets received: 847
[client] second 6.413276: 47448196.908758 bit/s, bytes received: 593505 B, packets received: 489
[client] second 6.513296: 83084267.061697 bit/s, bytes received: 1038760 B, packets received: 856
[client] second 6.613346: 46868237.878838 bit/s, bytes received: 586143 B, packets received: 484
[client] second 6.713429: 83031930.938680 bit/s, bytes received: 1038769 B, packets received: 856
[client] second 6.813549: 46737285.460408 bit/s, bytes received: 584916 B, packets received: 481
[client] second 6.913579: 83370812.333996 bit/s, bytes received: 1042441 B, packets received: 860
[client] second 7.014114: 51271044.020467 bit/s, bytes received: 644317 B, packets received: 530
[client] second 7.114188: 79074533.947240 bit/s, bytes received: 989166 B, packets received: 816
[client] second 7.214341: 67857488.044259 bit/s, bytes received: 849514 B, packets received: 699
[client] second 7.314361: 62510144.847147 bit/s, bytes received: 781533 B, packets received: 644
[client] second 7.414554: 82744578.584223 bit/s, bytes received: 1036306 B, packets received: 854
[client] second 7.514573: 47471158.789518 bit/s, bytes received: 593505 B, packets received: 489
[client] second 7.614593: 82945080.285087 bit/s, bytes received: 1037019 B, packets received: 854
[client] second 7.714622: 47368789.632184 bit/s, bytes received: 592278 B, packets received: 488
[client] second 7.814731: 83108424.175955 bit/s, bytes received: 1039987 B, packets received: 858
[client] second 7.914764: 47169950.141680 bit/s, bytes received: 589824 B, packets received: 486
[client] second 8.014837: 83334446.687263 bit/s, bytes received: 1042441 B, packets received: 859
[client] second 8.115454: 51815007.940963 bit/s, bytes received: 651679 B, packets received: 536
[client] second 8.215477: 79213018.220483 bit/s, bytes received: 990393 B, packets received: 816
[client] second 8.315625: 68155749.376220 bit/s, bytes received: 853204 B, packets received: 703
[client] second 8.415653: 62602466.795967 bit/s, bytes received: 782751 B, packets received: 645
[client] second 8.515672: 83084708.153725 bit/s, bytes received: 1038760 B, packets received: 856
[client] second 8.615774: 47530267.821985 bit/s, bytes received: 594732 B, packets received: 491
[client] second 8.715852: 83232427.635122 bit/s, bytes received: 1041223 B, packets received: 857
[client] second 8.815883: 47563729.629102 bit/s, bytes received: 594732 B, packets received: 491
[client] second 8.915903: 83182573.864774 bit/s, bytes received: 1039987 B, packets received: 856
[client] second 9.016000: 47531874.775817 bit/s, bytes received: 594723 B, packets received: 491
[client] second 9.116065: 83536694.672060 bit/s, bytes received: 1044895 B, packets received: 860
[client] second 9.216373: 52464683.706412 bit/s, bytes received: 657823 B, packets received: 542
[client] second 9.316415: 78903416.579544 bit/s, bytes received: 986712 B, packets received: 813
[client] second 9.416835: 68752310.738798 bit/s, bytes received: 863011 B, packets received: 711
[client] second 9.516866: 62502431.116953 bit/s, bytes received: 781524 B, packets received: 645
[client] second 9.616886: 83673219.477974 bit/s, bytes received: 1046122 B, packets received: 861
[client] second 9.716932: 47458669.149983 bit/s, bytes received: 593505 B, packets received: 490
[client] second 9.816961: 83664972.578574 bit/s, bytes received: 1046122 B, packets received: 861
[client] second 9.917035: 47346958.042883 bit/s, bytes received: 592275 B, packets received: 488
[client] second 10.017049: 83481905.305144 bit/s, bytes received: 1043668 B, packets received: 860
[client] second 10.117105: 47846463.014410 bit/s, bytes received: 598416 B, packets received: 493
[client] second 10.217164: 83640870.238528 bit/s, bytes received: 1046122 B, packets received: 862
[client] second 10.318082: 52826669.955680 bit/s, bytes received: 666394 B, packets received: 549
[client] second 10.418136: 79133034.567611 bit/s, bytes received: 989698 B, packets received: 816
[client] second 10.518389: 68964457.166328 bit/s, bytes received: 864238 B, packets received: 712
[client] second 10.618449: 62876811.905972 bit/s, bytes received: 786432 B, packets received: 649
[client] second 10.718512: 84028813.145281 bit/s, bytes received: 1051030 B, packets received: 866
[client] second 10.818552: 47558894.438811 bit/s, bytes received: 594723 B, packets received: 489
[client] second 10.918591: 83853389.756004 bit/s, bytes received: 1048576 B, packets received: 864
[client] second 11.018670: 47542093.050237 bit/s, bytes received: 594741 B, packets received: 491
[client] second 11.118704: 83660497.231278 bit/s, bytes received: 1046122 B, packets received: 861
[client] second 11.218789: 47831988.067661 bit/s, bytes received: 598404 B, packets received: 493
[client] second 11.318840: 84039154.291593 bit/s, bytes received: 1051030 B, packets received: 866
[client] second 11.419700: 53052323.808848 bit/s, bytes received: 668857 B, packets received: 551
[client] second 11.519727: 79504523.742570 bit/s, bytes received: 994074 B, packets received: 820
[client] second 11.620015: 68982490.496282 bit/s, bytes received: 864761 B, packets received: 712
[client] second 11.720062: 63277396.346321 bit/s, bytes received: 791340 B, packets received: 652
[client] second 11.820096: 84446332.469277 bit/s, bytes received: 1055938 B, packets received: 870
[client] second 11.920115: 47666638.748816 bit/s, bytes received: 595950 B, packets received: 491
[client] second 12.020191: 84313026.372607 bit/s, bytes received: 1054711 B, packets received: 869
[client] second 12.120210: 47472253.607194 bit/s, bytes received: 593514 B, packets received: 490
[client] second 12.220245: 84150356.239684 bit/s, bytes received: 1052248 B, packets received: 866
[client] second 12.320299: 47748912.231572 bit/s, bytes received: 597186 B, packets received: 493
[client] second 12.420371: 84119133.744750 bit/s, bytes received: 1052248 B, packets received: 867
[client] second 12.521025: 53356745.593796 bit/s, bytes received: 671320 B, packets received: 552
[client] second 12.621045: 79453948.366711 bit/s, bytes received: 993370 B, packets received: 819
[client] second 12.721601: 69341428.925331 bit/s, bytes received: 871591 B, packets received: 718
[client] second 12.821686: 63646300.731824 bit/s, bytes received: 796248 B, packets received: 656
[client] second 12.921725: 84932542.196832 bit/s, bytes received: 1062073 B, packets received: 876
[client] second 13.021739: 47571519.890771 bit/s, bytes received: 594732 B, packets received: 490
[client] second 13.121766: 84788399.155018 bit/s, bytes received: 1060133 B, packets received: 874
[client] second 13.221834: 47546138.288301 bit/s, bytes received: 594732 B, packets received: 490
[client] second 13.321866: 84644577.609199 bit/s, bytes received: 1058392 B, packets received: 871
[client] second 13.421887: 47568141.625621 bit/s, bytes received: 594732 B, packets received: 490
[client] second 13.521955: 84417059.908264 bit/s, bytes received: 1055929 B, packets received: 870
[client] second 13.622367: 53582297.544628 bit/s, bytes received: 672538 B, packets received: 554
[client] second 13.722390: 79507956.767328 bit/s, bytes received: 994074 B, packets received: 820
[client] second 13.823037: 69711091.619323 bit/s, bytes received: 877031 B, packets received: 722
[client] second 13.923110: 63849505.804604 bit/s, bytes received: 798702 B, packets received: 658
[client] second 14.023128: 85343077.576934 bit/s, bytes received: 1066972 B, packets received: 880
[client] second 14.123239: 47623619.188369 bit/s, bytes received: 595959 B, packets received: 491
[client] second 14.223257: 85286067.186390 bit/s, bytes received: 1066268 B, packets received: 878
[client] second 14.323268: 47377193.381361 bit/s, bytes received: 592278 B, packets received: 488
[client] second 14.423482: 85273669.702166 bit/s, bytes received: 1068199 B, packets received: 880
[client] second 14.523651: 47400032.770437 bit/s, bytes received: 593505 B, packets received: 489
[client] second 14.623681: 85136825.834736 bit/s, bytes received: 1064527 B, packets received: 877
[client] second 14.723746: 53473521.475053 bit/s, bytes received: 668857 B, packets received: 551
[client] second 14.823790: 79434458.666026 bit/s, bytes received: 993361 B, packets received: 820
[client] second 14.924341: 70126516.831839 bit/s, bytes received: 881416 B, packets received: 725
[client] second 15.024378: 63872693.172528 bit/s, bytes received: 798702 B, packets received: 658
[client] second 15.124438: 85740989.181127 bit/s, bytes received: 1072403 B, packets received: 884
[client] second 15.224455: 47668485.745772 bit/s, bytes received: 595959 B, packets received: 492
[client] second 15.324482: 85630001.740233 bit/s, bytes received: 1070662 B, packets received: 882
[client] second 15.424686: 47481099.159706 bit/s, bytes received: 594723 B, packets received: 489
[client] second 15.524744: 85938723.274986 bit/s, bytes received: 1074857 B, packets received: 887
[client] second 15.624818: 47445342.636326 bit/s, bytes received: 593505 B, packets received: 488
[client] second 15.724896: 85487487.152616 bit/s, bytes received: 1069435 B, packets received: 882
[client] second 15.825120: 53487271.156308 bit/s, bytes received: 670084 B, packets received: 551
[client] second 15.925155: 79792322.677496 bit/s, bytes received: 997755 B, packets received: 822
[client] second 16.025775: 70118746.736555 bit/s, bytes received: 881921 B, packets received: 727
[client] second 16.125805: 64171499.566824 bit/s, bytes received: 802383 B, packets received: 661
[client] second 16.225831: 86022785.896952 bit/s, bytes received: 1075570 B, packets received: 886
[client] second 16.325852: 47806171.051232 bit/s, bytes received: 597700 B, packets received: 494
[client] second 16.425892: 85912538.837298 bit/s, bytes received: 1074334 B, packets received: 884
[client] second 16.526053: 47697992.743617 bit/s, bytes received: 597186 B, packets received: 492
[client] second 16.626067: 86271241.545006 bit/s, bytes received: 1078538 B, packets received: 889
[client] second 16.726082: 47571329.157968 bit/s, bytes received: 594732 B, packets received: 490
[client] second 16.826154: 85982312.390919 bit/s, bytes received: 1075561 B, packets received: 886
[client] second 16.926530: 53504218.314675 bit/s, bytes received: 671311 B, packets received: 553
[client] second 17.026655: 80252132.573545 bit/s, bytes received: 1004413 B, packets received: 828
[client] second 17.127150: 70165665.161382 bit/s, bytes received: 881407 B, packets received: 726
[client] second 17.227399: 64030997.277278 bit/s, bytes received: 802383 B, packets received: 661
[client] second 17.327479: 86508545.871291 bit/s, bytes received: 1082219 B, packets received: 893
[client] second 17.427600: 48109230.855895 bit/s, bytes received: 602094 B, packets received: 495
[client] second 17.527674: 85980840.610105 bit/s, bytes received: 1075561 B, packets received: 886
[client] second 17.627720: 47794106.475706 bit/s, bytes received: 597700 B, packets received: 494
[client] second 17.727733: 86721173.728672 bit/s, bytes received: 1084150 B, packets received: 892
[client] second 17.827757: 47763279.732251 bit/s, bytes received: 597186 B, packets received: 492
[client] second 17.927771: 86565255.434610 bit/s, bytes received: 1082219 B, packets received: 892
[client] second 18.028467: 52846304.598555 bit/s, bytes received: 665176 B, packets received: 548
[client] second 18.128532: 81533740.812027 bit/s, bytes received: 1019832 B, packets received: 840
[client] second 18.229348: 69107197.305819 bit/s, bytes received: 870887 B, packets received: 718
[client] second 18.329372: 65254283.497062 bit/s, bytes received: 815880 B, packets received: 672
[client] second 18.429416: 86637955.235152 bit/s, bytes received: 1083446 B, packets received: 894
[client] second 18.529529: 47819184.599728 bit/s, bytes received: 598413 B, packets received: 492
[client] second 18.629623: 86748435.166714 bit/s, bytes received: 1085377 B, packets received: 894
[client] second 18.729659: 47994936.713872 bit/s, bytes received: 600154 B, packets received: 495
[client] second 18.829780: 86725500.533212 bit/s, bytes received: 1085377 B, packets received: 894
[client] second 18.929822: 47950815.628768 bit/s, bytes received: 599640 B, packets received: 495
[client] second 19.029855: 86843313.048401 bit/s, bytes received: 1085900 B, packets received: 894
[client] second 19.130202: 52736690.698815 bit/s, bytes received: 661495 B, packets received: 545
[client] second 19.230241: 82185090.024402 bit/s, bytes received: 1027717 B, packets received: 847
[client] second 19.330984: 69116668.778156 bit/s, bytes received: 870373 B, packets received: 717
[client] second 19.431121: 65963783.863188 bit/s, bytes received: 825678 B, packets received: 680
[client] second 19.532044: 85688470.838089 bit/s, bytes received: 1080992 B, packets received: 891
[client] second 19.632096: 48730940.114286 bit/s, bytes received: 609456 B, packets received: 503
[client] second 19.732158: 87014036.769386 bit/s, bytes received: 1088345 B, packets received: 897
[client] second 19.832202: 48244431.222712 bit/s, bytes received: 603321 B, packets received: 496
[client] second 19.932218: 86959260.526286 bit/s, bytes received: 1087127 B, packets received: 897
[client] second 20.032258: 48146777.405358 bit/s, bytes received: 602094 B, packets received: 496
[client] second 20.132306: 87082045.559056 bit/s, bytes received: 1089058 B, packets received: 896
[client] second 20.232737: 52203731.962242 bit/s, bytes received: 655360 B, packets received: 540
[client] second 20.332781: 83260623.538278 bit/s, bytes received: 1041214 B, packets received: 859
[client] second 20.433729: 68392526.373160 bit/s, bytes received: 863011 B, packets received: 710
[client] second 20.533898: 67160734.093559 bit/s, bytes received: 840925 B, packets received: 694
[client] second 20.633965: 85735083.849001 bit/s, bytes received: 1072403 B, packets received: 883
[client] second 20.733986: 49235810.837778 bit/s, bytes received: 615582 B, packets received: 508
[client] second 20.834047: 87408616.224260 bit/s, bytes received: 1093262 B, packets received: 900
[client] second 20.934140: 48219639.325391 bit/s, bytes received: 603312 B, packets received: 497
[client] second 21.034325: 87299544.016110 bit/s, bytes received: 1093262 B, packets received: 901
[client] second 21.134341: 47669221.154820 bit/s, bytes received: 595959 B, packets received: 491
[client] second 21.234371: 87827009.676030 bit/s, bytes received: 1098161 B, packets received: 906
[client] second 21.334915: 51811244.760352 bit/s, bytes received: 651165 B, packets received: 535
[client] second 21.434999: 84011738.566809 bit/s, bytes received: 1051030 B, packets received: 867
[client] second 21.535199: 68650172.286808 bit/s, bytes received: 859844 B, packets received: 708
[client] second 21.635217: 67220786.286546 bit/s, bytes received: 840408 B, packets received: 693
[client] second 21.735436: 86093834.821168 bit/s, bytes received: 1078541 B, packets received: 888
[client] second 21.835510: 49896701.224167 bit/s, bytes received: 624169 B, packets received: 514
[client] second 21.935531: 87050141.921776 bit/s, bytes received: 1088347 B, packets received: 898
[client] second 22.035634: 48411968.167378 bit/s, bytes received: 605775 B, packets received: 498
[client] second 22.135683: 87613933.882351 bit/s, bytes received: 1095716 B, packets received: 903
[client] second 22.235716: 47955681.062052 bit/s, bytes received: 599640 B, packets received: 494
[client] second 22.335799: 87974810.773207 bit/s, bytes received: 1100606 B, packets received: 907
[client] second 22.436855: 52076237.286167 bit/s, bytes received: 657823 B, packets received: 542
[client] second 22.536927: 84511135.057285 bit/s, bytes received: 1057156 B, packets received: 872
[client] second 22.637933: 67965164.945190 bit/s, bytes received: 858103 B, packets received: 706
[client] second 22.737952: 68438350.043953 bit/s, bytes received: 855649 B, packets received: 705
[client] second 22.838974: 84730241.292345 bit/s, bytes received: 1069949 B, packets received: 882
[client] second 22.939004: 51685170.223714 bit/s, bytes received: 646257 B, packets received: 533
[client] second 23.039123: 87258054.437821 bit/s, bytes received: 1092026 B, packets received: 900
[client] second 23.139142: 49041825.959915 bit/s, bytes received: 613137 B, packets received: 504
[client] second 23.239182: 87523455.385203 bit/s, bytes received: 1094480 B, packets received: 902
[client] second 23.339251: 48036036.440800 bit/s, bytes received: 600867 B, packets received: 496
[client] second 23.439311: 88389139.743211 bit/s, bytes received: 1105523 B, packets received: 911
[client] second 23.539439: 50793724.096331 bit/s, bytes received: 635737 B, packets received: 523
[client] second 23.639476: 85915284.456570 bit/s, bytes received: 1074334 B, packets received: 885
[client] second 23.740081: 67356737.392825 bit/s, bytes received: 847060 B, packets received: 698
[client] second 23.840118: 69309446.709216 bit/s, bytes received: 866683 B, packets received: 714
[client] second 23.940163: 85165738.440348 bit/s, bytes received: 1065050 B, packets received: 878
[client] second 24.040209: 51521620.382976 bit/s, bytes received: 644317 B, packets received: 531
[client] second 24.140292: 87738798.170218 bit/s, bytes received: 1097647 B, packets received: 905
[client] second 24.240320: 49078503.904250 bit/s, bytes received: 613651 B, packets received: 506
[client] second 24.340350: 87588753.458596 bit/s, bytes received: 1095193 B, packets received: 902
[client] second 24.440444: 48653740.514609 bit/s, bytes received: 608743 B, packets received: 502
[client] second 24.540460: 88623872.945442 bit/s, bytes received: 1107977 B, packets received: 912
[client] second 24.640927: 51069690.109577 bit/s, bytes received: 641349 B, packets received: 528
[client] second 24.740956: 85963255.856006 bit/s, bytes received: 1074857 B, packets received: 886
[client] second 24.841739: 67822622.056343 bit/s, bytes received: 854422 B, packets received: 704
[client] second 24.941783: 69501097.432097 bit/s, bytes received: 869146 B, packets received: 716
[client] second 25.042807: 84589945.657521 bit/s, bytes received: 1068199 B, packets received: 880
[client] second 25.142908: 52571281.451509 bit/s, bytes received: 657805 B, packets received: 542
[client] second 25.242940: 87825706.555598 bit/s, bytes received: 1098170 B, packets received: 906
[client] second 25.342988: 49461042.504343 bit/s, bytes received: 618559 B, packets received: 510
[client] second 25.443007: 87991038.775520 bit/s, bytes received: 1100101 B, packets received: 905
[client] second 25.543090: 48854962.198168 bit/s, bytes received: 611197 B, packets received: 504
[client] second 25.643185: 88652615.973051 bit/s, bytes received: 1109204 B, packets received: 915
[client] second 25.743363: 50432452.653569 bit/s, bytes received: 631533 B, packets received: 519
[client] second 25.843475: 86970862.309853 bit/s, bytes received: 1088345 B, packets received: 897
[client] second 25.944551: 67140594.345437 bit/s, bytes received: 848287 B, packets received: 699
[client] second 26.044627: 70655771.606959 bit/s, bytes received: 883870 B, packets received: 728
[client] second 26.145448: 83982169.563516 bit/s, bytes received: 1058392 B, packets received: 872
[client] second 26.245468: 53538903.689465 bit/s, bytes received: 669371 B, packets received: 553
[client] second 26.345494: 88377485.559047 bit/s, bytes received: 1105009 B, packets received: 909
[client] second 26.445564: 49351154.528063 bit/s, bytes received: 617323 B, packets received: 510
[client] second 26.545595: 88316550.921888 bit/s, bytes received: 1104296 B, packets received: 909
[client] second 26.645614: 49041432.720865 bit/s, bytes received: 613137 B, packets received: 506
[client] second 26.745673: 88782115.420504 bit/s, bytes received: 1110431 B, packets received: 915
[client] second 26.845726: 49851213.038761 bit/s, bytes received: 623467 B, packets received: 513
[client] second 26.945772: 87868905.955796 bit/s, bytes received: 1098865 B, packets received: 906
[client] second 27.046426: 67129939.270182 bit/s, bytes received: 844615 B, packets received: 696
[client] second 27.146446: 71226059.086631 bit/s, bytes received: 890507 B, packets received: 734
[client] second 27.246682: 84570888.474655 bit/s, bytes received: 1059631 B, packets received: 872
[client] second 27.346750: 53668085.922685 bit/s, bytes received: 671302 B, packets received: 553
[client] second 27.446794: 88305453.762673 bit/s, bytes received: 1104305 B, packets received: 911
[client] second 27.546845: 49949312.863618 bit/s, bytes received: 624685 B, packets received: 514
[client] second 27.646900: 88351110.912776 bit/s, bytes received: 1105000 B, packets received: 911
[client] second 27.746942: 49366551.478700 bit/s, bytes received: 617341 B, packets received: 508
[client] second 27.846982: 89092588.709702 bit/s, bytes received: 1114103 B, packets received: 919
[client] second 27.948016: 49714739.608767 bit/s, bytes received: 627861 B, packets received: 516
[client] second 28.048034: 88917290.208191 bit/s, bytes received: 1111658 B, packets received: 916
[client] second 28.148135: 67401986.518028 bit/s, bytes received: 843379 B, packets received: 695
[client] second 28.248185: 71304332.303347 bit/s, bytes received: 891746 B, packets received: 736
[client] second 28.348900: 83971862.853752 bit/s, bytes received: 1057156 B, packets received: 870
[client] second 28.449042: 54845952.091426 bit/s, bytes received: 686549 B, packets received: 566
[client] second 28.549078: 88270333.383985 bit/s, bytes received: 1103782 B, packets received: 909
[client] second 28.649237: 50092368.957572 bit/s, bytes received: 627148 B, packets received: 518
[client] second 28.749317: 88762899.689549 bit/s, bytes received: 1110422 B, packets received: 915
[client] second 28.849365: 49615850.358674 bit/s, bytes received: 620499 B, packets received: 510
[client] second 28.949382: 88819618.701399 bit/s, bytes received: 1110431 B, packets received: 916
[client] second 29.049483: 50121538.525152 bit/s, bytes received: 627148 B, packets received: 516
[client] second 29.149510: 89006481.649084 bit/s, bytes received: 1112885 B, packets received: 918
[client] second 29.249582: 67911329.989403 bit/s, bytes received: 849505 B, packets received: 699
[client] second 29.349720: 71395398.031948 bit/s, bytes received: 893677 B, packets received: 737
[client] second 29.450108: 84581502.782429 bit/s, bytes received: 1061369 B, packets received: 874
[client] second 29.550181: 54547907.124423 bit/s, bytes received: 682345 B, packets received: 562
[client] second 29.650277: 88847443.298147 bit/s, bytes received: 1111658 B, packets received: 917
[client] second 29.750324: 50245619.840074 bit/s, bytes received: 628366 B, packets received: 518
[client] second 29.850337: 88488003.647122 bit/s, bytes received: 1106245 B, packets received: 911
[client] second 29.950376: 50053267.042615 bit/s, bytes received: 625912 B, packets received: 516
[client] second 30.050446: 89067990.619017 bit/s, bytes received: 1114121 B, packets received: 917
[client] second 30.150817: 50669843.946524 bit/s, bytes received: 635728 B, packets received: 524
[client] second 30.250917: 89040678.838152 bit/s, bytes received: 1114112 B, packets received: 918
[client] second 30.351929: 67572021.831269 bit/s, bytes received: 853195 B, packets received: 703
[client] second 30.452005: 72265122.533899 bit/s, bytes received: 904007 B, packets received: 746
[client] second 30.552628: 84147520.647092 bit/s, bytes received: 1058392 B, packets received: 871
[client] second 30.652652: 55653788.267193 bit/s, bytes received: 695842 B, packets received: 573
[client] second 30.752668: 88918118.782022 bit/s, bytes received: 1111658 B, packets received: 916
[client] second 30.852725: 50634018.614638 bit/s, bytes received: 633283 B, packets received: 522
[client] second 30.952786: 88486054.476888 bit/s, bytes received: 1106750 B, packets received: 912
[client] second 31.052857: 50584776.051735 bit/s, bytes received: 632760 B, packets received: 521
[client] second 31.152869: 89118603.527084 bit/s, bytes received: 1114112 B, packets received: 918
[client] second 31.253289: 49961748.847626 bit/s, bytes received: 627148 B, packets received: 518
[client] second 31.353348: 90253180.480526 bit/s, bytes received: 1128827 B, packets received: 930
[client] second 31.454393: 66966643.037659 bit/s, bytes received: 845833 B, packets received: 696
[client] second 31.554436: 73369138.116301 bit/s, bytes received: 917504 B, packets received: 757
[client] second 31.654859: 83629767.702912 bit/s, bytes received: 1049803 B, packets received: 864
[client] second 31.754870: 56487704.518076 bit/s, bytes received: 706172 B, packets received: 582
[client] second 31.854890: 89209423.526655 bit/s, bytes received: 1115339 B, packets received: 920
[client] second 31.954980: 50910708.148544 bit/s, bytes received: 636955 B, packets received: 525
[client] second 32.055066: 88758926.791440 bit/s, bytes received: 1110440 B, packets received: 915
[client] second 32.155109: 50794931.757910 bit/s, bytes received: 635214 B, packets received: 523
[client] second 32.255380: 89084422.447030 bit/s, bytes received: 1116566 B, packets received: 919
[client] second 32.355427: 50343401.026010 bit/s, bytes received: 629593 B, packets received: 519
[client] second 32.455515: 90325756.567173 bit/s, bytes received: 1130063 B, packets received: 931
[client] second 32.555653: 67083539.757647 bit/s, bytes received: 839698 B, packets received: 692
[client] second 32.655669: 73487442.009279 bit/s, bytes received: 918740 B, packets received: 757
[client] second 32.756589: 83704294.894760 bit/s, bytes received: 1055929 B, packets received: 870
[client] second 32.856653: 56850758.255020 bit/s, bytes received: 711089 B, packets received: 586
[client] second 32.956686: 89785206.536237 bit/s, bytes received: 1122692 B, packets received: 926
[client] second 33.056706: 50946952.516686 bit/s, bytes received: 636964 B, packets received: 524
[client] second 33.156767: 89074033.996611 bit/s, bytes received: 1114103 B, packets received: 919
[client] second 33.256841: 50526958.680484 bit/s, bytes received: 632056 B, packets received: 520
[client] second 33.356928: 89444022.515951 bit/s, bytes received: 1119020 B, packets received: 923
[client] second 33.456994: 50685769.437599 bit/s, bytes received: 633987 B, packets received: 522
[client] second 33.557092: 90357179.863558 bit/s, bytes received: 1130577 B, packets received: 932
[client] second 33.658126: 67029944.110833 bit/s, bytes received: 846537 B, packets received: 696
[client] second 33.758196: 74469707.798468 bit/s, bytes received: 931524 B, packets received: 769
[client] second 33.858585: 83364522.754049 bit/s, bytes received: 1046113 B, packets received: 861
[client] second 33.958603: 57564119.076584 bit/s, bytes received: 719678 B, packets received: 593
[client] second 34.058648: 90167769.405847 bit/s, bytes received: 1127609 B, packets received: 930
[client] second 34.158671: 50805519.575715 bit/s, bytes received: 635214 B, packets received: 522
[client] second 34.258705: 89826556.568492 bit/s, bytes received: 1123215 B, packets received: 926
[client] second 34.358776: 50487090.524949 bit/s, bytes received: 631533 B, packets received: 521
[client] second 34.458810: 89981623.585285 bit/s, bytes received: 1125155 B, packets received: 927
[client] second 34.558842: 50646184.548178 bit/s, bytes received: 633283 B, packets received: 522
[client] second 34.658933: 90420947.431701 bit/s, bytes received: 1131281 B, packets received: 932
[client] second 34.759535: 67261539.888024 bit/s, bytes received: 845833 B, packets received: 696
[client] second 34.859684: 74564525.915572 bit/s, bytes received: 933446 B, packets received: 769
[client] second 34.960405: 83522195.311754 bit/s, bytes received: 1051553 B, packets received: 867
[client] second 35.060448: 58039060.820340 bit/s, bytes received: 725804 B, packets received: 598
[client] second 35.160504: 90648521.797385 bit/s, bytes received: 1133735 B, packets received: 934
[client] second 35.260557: 50733728.482482 bit/s, bytes received: 634510 B, packets received: 523
[client] second 35.360587: 90279323.568276 bit/s, bytes received: 1128827 B, packets received: 931
[client] second 35.460717: 50456775.743216 bit/s, bytes received: 631533 B, packets received: 519
[client] second 35.560768: 90596806.525958 bit/s, bytes received: 1133031 B, packets received: 935
[client] second 35.660855: 50674510.346504 bit/s, bytes received: 633987 B, packets received: 522
[client] second 35.760920: 90683203.954472 bit/s, bytes received: 1134267 B, packets received: 934
[client] second 35.861968: 66673081.407024 bit/s, bytes received: 842152 B, packets received: 694
[client] second 35.962071: 75481197.740325 bit/s, bytes received: 944489 B, packets received: 779
[client] second 36.062930: 82685687.772335 bit/s, bytes received: 1042450 B, packets received: 858
[client] second 36.162967: 59219798.770009 bit/s, bytes received: 740519 B, packets received: 611
[client] second 36.263009: 91291305.123327 bit/s, bytes received: 1141620 B, packets received: 940
[client] second 36.363107: 50766504.141405 bit/s, bytes received: 635205 B, packets received: 524
[client] second 36.463151: 90800110.935852 bit/s, bytes received: 1135494 B, packets received: 935
[client] second 36.563191: 50404068.872310 bit/s, bytes received: 630306 B, packets received: 519
[client] second 36.663297: 91135520.775739 bit/s, bytes received: 1140393 B, packets received: 940
[client] second 36.763344: 50596904.094134 bit/s, bytes received: 632760 B, packets received: 521
[client] second 36.863431: 91249961.596017 bit/s, bytes received: 1141620 B, packets received: 942
[client] second 36.963575: 66351426.837352 bit/s, bytes received: 830586 B, packets received: 683
[client] second 37.063601: 75482714.049791 bit/s, bytes received: 943785 B, packets received: 778
[client] second 37.163802: 83522249.446954 bit/s, bytes received: 1046122 B, packets received: 862
[client] second 37.263883: 59096157.153280 bit/s, bytes received: 739301 B, packets received: 609
[client] second 37.363901: 91509390.658765 bit/s, bytes received: 1144074 B, packets received: 944
[client] second 37.463937: 50799128.472669 bit/s, bytes received: 635214 B, packets received: 522
[client] second 37.563967: 91301746.576172 bit/s, bytes received: 1141620 B, packets received: 942
[client] second 37.663983: 50316633.103834 bit/s, bytes received: 629061 B, packets received: 518
[client] second 37.764011: 91698636.185471 bit/s, bytes received: 1146546 B, packets received: 944
[client] second 37.864062: 50594877.208713 bit/s, bytes received: 632760 B, packets received: 521
[client] second 37.964096: 91592077.641802 bit/s, bytes received: 1145292 B, packets received: 944
[client] second 38.065054: 66538298.633958 bit/s, bytes received: 839698 B, packets received: 692
[client] second 38.165177: 75563517.130087 bit/s, bytes received: 945707 B, packets received: 780
[client] second 38.265562: 83761705.046646 bit/s, bytes received: 1051048 B, packets received: 865
[client] second 38.365611: 59311633.264750 bit/s, bytes received: 741755 B, packets received: 612
[client] second 38.465669: 92158564.830720 bit/s, bytes received: 1152654 B, packets received: 949
[client] second 38.565768: 50709645.707669 bit/s, bytes received: 634501 B, packets received: 523
[client] second 38.665782: 91764969.045442 bit/s, bytes received: 1147223 B, packets received: 946
[client] second 38.765795: 50460417.070260 bit/s, bytes received: 630838 B, packets received: 519
[client] second 38.865832: 91942246.111378 bit/s, bytes received: 1149695 B, packets received: 947
[client] second 38.965881: 50735630.499662 bit/s, bytes received: 634501 B, packets received: 524
[client] second 39.065952: 92048949.939606 bit/s, bytes received: 1151436 B, packets received: 949
[client] second 39.166370: 66658733.862991 bit/s, bytes received: 836721 B, packets received: 688
[client] second 39.266414: 76058528.507724 bit/s, bytes received: 951147 B, packets received: 784
[client] second 39.367396: 83070319.494129 bit/s, bytes received: 1048576 B, packets received: 864
[client] second 39.467457: 59990779.247158 bit/s, bytes received: 750344 B, packets received: 619
[client] second 39.567476: 92489416.614147 bit/s, bytes received: 1156335 B, packets received: 952
[client] second 39.667549: 50723432.554471 bit/s, bytes received: 634510 B, packets received: 524
[client] second 39.767562: 91963732.156388 bit/s, bytes received: 1149686 B, packets received: 946
[client] second 39.867634: 50822243.470205 bit/s, bytes received: 635737 B, packets received: 525
[client] second 39.967656: 92387970.963136 bit/s, bytes received: 1155108 B, packets received: 952
[client] second 40.067741: 50872303.586653 bit/s, bytes received: 636441 B, packets received: 524
[client] total: bytes received: 345622853 B, packets received: 284871
