Bandwidth: 100 Mbit/s
RTT: 220 ms
BDP: 2750000 B/s
Max In-Flight Packets: 2148
[server] starting server with pid 1231036, port 18080, cc cubic, iw 32
[server][session 0] open
[client] connection establishment time: 0.445120 s
[server][session 0][stream 0] open
[client] time to first byte: 0.665838 s
[client] second 0.100740: 2418988.892066 bit/s, bytes received: 30461 B, packets received: 31
[client] second 0.201290: 683358.759221 bit/s, bytes received: 8589 B, packets received: 7
[client] second 0.301311: 3001710.802793 bit/s, bytes received: 37529 B, packets received: 31
[client] second 0.401770: 3322188.761608 bit/s, bytes received: 41718 B, packets received: 34
[client] second 0.502109: 3659919.278505 bit/s, bytes received: 45904 B, packets received: 38
[client] second 0.603108: 5773640.740310 bit/s, bytes received: 72892 B, packets received: 60
[client] second 0.703882: 7483548.392170 bit/s, bytes received: 94268 B, packets received: 78
[client] second 0.804170: 10259894.581573 bit/s, bytes received: 128618 B, packets received: 107
[client] second 0.904187: 13820901.860439 bit/s, bytes received: 172790 B, packets received: 142
[client] second 1.004530: 18649948.632974 bit/s, bytes received: 233923 B, packets received: 194
[client] second 1.105184: 14456042.750096 bit/s, bytes received: 181884 B, packets received: 151
[client] second 1.205229: 15917763.260874 bit/s, bytes received: 199062 B, packets received: 166
[client] second 1.305269: 42515112.572135 bit/s, bytes received: 531650 B, packets received: 439
[client] second 1.405838: 25285148.890731 bit/s, bytes received: 317864 B, packets received: 264
[client] second 1.505872: 35273699.783203 bit/s, bytes received: 441069 B, packets received: 366
[client] second 1.606025: 88013013.415802 bit/s, bytes received: 1101842 B, packets received: 908
[client] second 1.706367: 44187860.134043 bit/s, bytes received: 554241 B, packets received: 460
[client] second 1.806401: 63285708.173504 bit/s, bytes received: 791340 B, packets received: 659
[client] second 1.906422: 94843296.709636 bit/s, bytes received: 1185783 B, packets received: 976
[client] second 2.006513: 94677329.061614 bit/s, bytes received: 1184549 B, packets received: 977
[client] second 2.106550: 94730070.394514 bit/s, bytes received: 1184563 B, packets received: 982
[client] second 2.206654: 94764471.588592 bit/s, bytes received: 1185783 B, packets received: 983
[client] second 2.306682: 75635671.297444 bit/s, bytes received: 945718 B, packets received: 976
[client] second 2.406763: 0.000000 bit/s, bytes received: 0 B, packets received: 981
[client] second 2.506808: 0.000000 bit/s, bytes received: 0 B, packets received: 985
[client] second 2.606866: 90589835.872689 bit/s, bytes received: 1133029 B, packets received: 995
[client] second 2.706886: 186113033.828757 bit/s, bytes received: 2326889 B, packets received: 978
[client] second 2.807448: 127021504.461266 bit/s, bytes received: 1596682 B, packets received: 66
[client] second 2.907637: 0.000000 bit/s, bytes received: 0 B, packets received: 0
[client] second 3.007678: 61866963.162661 bit/s, bytes received: 773657 B, packets received: 638
[client] second 3.107745: 94798580.807005 bit/s, bytes received: 1185783 B, packets received: 976
[client] second 3.207789: 51817263.736363 bit/s, bytes received: 647998 B, packets received: 976
[client] second 3.307810: 0.000000 bit/s, bytes received: 0 B, packets received: 746
[client] second 3.407887: 0.000000 bit/s, bytes received: 0 B, packets received: 977
[client] second 3.507924: 96143011.569145 bit/s, bytes received: 1202239 B, packets received: 992
[client] second 3.607939: 147563499.201931 bit/s, bytes received: 1844824 B, packets received: 980
[client] second 3.708003: 169136824.916633 bit/s, bytes received: 2115557 B, packets received: 150
[client] second 3.808250: 0.000000 bit/s, bytes received: 0 B, packets received: 0
[client] second 3.908361: 58294137.228280 bit/s, bytes received: 729485 B, packets received: 602
[client] second 4.008422: 94804560.829944 bit/s, bytes received: 1185783 B, packets received: 976
[client] second 4.108466: 94723173.118666 bit/s, bytes received: 1184556 B, packets received: 977
[client] second 4.208506: 86345801.799081 bit/s, bytes received: 1079756 B, packets received: 977
[client] second 4.308565: 0.000000 bit/s, bytes received: 0 B, packets received: 976
[client] second 4.408588: 0.000000 bit/s, bytes received: 0 B, packets received: 976
[client] second 4.508611: 0.000000 bit/s, bytes received: 0 B, packets received: 976
[client] second 4.608688: 292296908.257347 bit/s, bytes received: 3656509 B, packets received: 982
[client] second 4.709690: 126817464.754450 bit/s, bytes received: 1601095 B, packets received: 340
[client] second 4.810003: 0.000000 bit/s, bytes received: 0 B, packets received: 0
[client] second 4.910034: 36296070.404591 bit/s, bytes received: 453844 B, packets received: 374
[client] second 5.010101: 94701435.360452 bit/s, bytes received: 1184556 B, packets received: 976
[client] second 5.110115: 94849444.545275 bit/s, bytes received: 1185783 B, packets received: 977
[client] second 5.210213: 94670591.837155 bit/s, bytes received: 1184549 B, packets received: 976
[client] second 5.310229: 94750120.619220 bit/s, bytes received: 1184556 B, packets received: 977
[client] second 5.410247: 94845054.778394 bit/s, bytes received: 1185783 B, packets received: 976
[client] second 5.510264: 94748005.177570 bit/s, bytes received: 1184549 B, packets received: 976
[client] second 5.610303: 94671117.073687 bit/s, bytes received: 1183848 B, packets received: 977
[client] second 5.710330: 94737656.306099 bit/s, bytes received: 1184541 B, packets received: 976
[client] second 5.810357: 94738592.990825 bit/s, bytes received: 1184559 B, packets received: 976
[client] second 5.910382: 94840656.148465 bit/s, bytes received: 1185795 B, packets received: 976
[client] second 6.010495: 94656703.876966 bit/s, bytes received: 1184556 B, packets received: 977
[client] second 6.110519: 94839717.073836 bit/s, bytes received: 1185774 B, packets received: 976
[client] second 6.210535: 94749304.951319 bit/s, bytes received: 1184556 B, packets received: 976
[client] second 6.310642: 94663504.889967 bit/s, bytes received: 1184565 B, packets received: 976
[client] second 6.410663: 94744263.228499 bit/s, bytes received: 1184544 B, packets received: 976
[client] second 6.510684: 94842378.871383 bit/s, bytes received: 1185786 B, packets received: 977
[client] second 6.610733: 94718316.187057 bit/s, bytes received: 1184556 B, packets received: 976
[client] second 6.710814: 94687534.575116 bit/s, bytes received: 1184553 B, packets received: 977
[client] second 6.810883: 94740340.318318 bit/s, bytes received: 1185073 B, packets received: 977
[client] second 6.910974: 94776310.154606 bit/s, bytes received: 1185783 B, packets received: 976
[client] second 7.011021: 94720185.052662 bit/s, bytes received: 1184556 B, packets received: 976
[client] second 7.111047: 94837523.047196 bit/s, bytes received: 1185774 B, packets received: 977
[client] second 7.211065: 94648562.983099 bit/s, bytes received: 1183329 B, packets received: 976
[client] second 7.311078: 94851465.626210 bit/s, bytes received: 1185792 B, packets received: 976
[client] second 7.411139: 94706131.319092 bit/s, bytes received: 1184547 B, packets received: 976
[client] second 7.511155: 94748934.542310 bit/s, bytes received: 1184556 B, packets received: 976
[client] second 7.611204: 94718496.064531 bit/s, bytes received: 1184556 B, packets received: 977
[client] second 7.711223: 94844352.112026 bit/s, bytes received: 1185783 B, packets received: 976
[client] second 7.811297: 94694458.182897 bit/s, bytes received: 1184556 B, packets received: 976
[client] second 7.911352: 94712786.708143 bit/s, bytes received: 1184556 B, packets received: 977
[client] second 8.011368: 94846821.447119 bit/s, bytes received: 1185783 B, packets received: 976
[client] second 8.111426: 94750753.526321 bit/s, bytes received: 1185070 B, packets received: 977
[client] second 8.211508: 94686353.342993 bit/s, bytes received: 1184556 B, packets received: 976
[client] second 8.311549: 94726246.592350 bit/s, bytes received: 1184556 B, packets received: 976
[client] second 8.411565: 94846377.524115 bit/s, bytes received: 1185774 B, packets received: 977
[client] second 8.511580: 94653085.295635 bit/s, bytes received: 1183338 B, packets received: 976
[client] second 8.611654: 94792782.458967 bit/s, bytes received: 1185783 B, packets received: 976
[client] second 8.711682: 94737973.262461 bit/s, bytes received: 1184556 B, packets received: 976
[client] second 8.811722: 94725953.924529 bit/s, bytes received: 1184547 B, packets received: 976
[client] second 8.911740: 94746837.191447 bit/s, bytes received: 1184556 B, packets received: 977
[client] second 9.011818: 94788616.725541 bit/s, bytes received: 1185783 B, packets received: 976
[client] second 9.111868: 94717699.875209 bit/s, bytes received: 1184556 B, packets received: 977
[client] second 9.211883: 94749779.571699 bit/s, bytes received: 1184556 B, packets received: 976
[client] second 9.311949: 94743752.225984 bit/s, bytes received: 1185070 B, packets received: 977
[client] second 9.411971: 94841112.015983 bit/s, bytes received: 1185783 B, packets received: 976
[client] second 9.511988: 94748479.824212 bit/s, bytes received: 1184556 B, packets received: 976
[client] second 9.612094: 94663354.366558 bit/s, bytes received: 1184547 B, packets received: 977
[client] second 9.712106: 94753574.683922 bit/s, bytes received: 1184565 B, packets received: 975
[client] second 9.812119: 94752654.868672 bit/s, bytes received: 1184556 B, packets received: 977
[client] second 9.912141: 94743563.463494 bit/s, bytes received: 1184556 B, packets received: 976
[client] second 10.012216: 94790933.913320 bit/s, bytes received: 1185774 B, packets received: 976
[client] second 10.112261: 94721835.282537 bit/s, bytes received: 1184556 B, packets received: 977
[client] second 10.212337: 94790401.183162 bit/s, bytes received: 1185783 B, packets received: 976
[client] second 10.312403: 94702554.946346 bit/s, bytes received: 1184556 B, packets received: 976
[client] second 10.412427: 94740594.029948 bit/s, bytes received: 1184547 B, packets received: 977
[client] second 10.512448: 94843220.042224 bit/s, bytes received: 1185792 B, packets received: 976
[client] second 10.612475: 94681821.939438 bit/s, bytes received: 1183843 B, packets received: 976
[client] second 10.712498: 94742860.626634 bit/s, bytes received: 1184556 B, packets received: 977
[client] second 10.812573: 94791995.317570 bit/s, bytes received: 1185783 B, packets received: 976
[client] second 10.912628: 94711554.990889 bit/s, bytes received: 1184547 B, packets received: 976
[client] second 11.012644: 94749314.424733 bit/s, bytes received: 1184556 B, packets received: 977
[client] second 11.112756: 94756704.846683 bit/s, bytes received: 1185783 B, packets received: 976
[client] second 11.212774: 94747425.382998 bit/s, bytes received: 1184565 B, packets received: 977
[client] second 11.312794: 94843119.248471 bit/s, bytes received: 1185774 B, packets received: 976
[client] second 11.412862: 94699776.377790 bit/s, bytes received: 1184556 B, packets received: 976
[client] second 11.512882: 94745859.596214 bit/s, bytes received: 1184556 B, packets received: 976
[client] second 11.612900: 94745052.124214 bit/s, bytes received: 1184523 B, packets received: 976
[client] second 11.713004: 94766474.578275 bit/s, bytes received: 1185816 B, packets received: 977
[client] second 11.813014: 94796344.084964 bit/s, bytes received: 1185070 B, packets received: 977
[client] second 11.913029: 94750311.038487 bit/s, bytes received: 1184556 B, packets received: 976
[client] second 12.013047: 94649197.960089 bit/s, bytes received: 1183329 B, packets received: 976
[client] second 12.113219: 94796791.578538 bit/s, bytes received: 1187001 B, packets received: 977
[client] second 12.213241: 94743839.107212 bit/s, bytes received: 1184556 B, packets received: 976
[client] second 12.313281: 94726578.948497 bit/s, bytes received: 1184556 B, packets received: 976
[client] second 12.413302: 94745127.297331 bit/s, bytes received: 1184565 B, packets received: 977
[client] second 12.513317: 94749715.249709 bit/s, bytes received: 1184547 B, packets received: 976
[client] second 12.613428: 94757435.557173 bit/s, bytes received: 1185783 B, packets received: 977
[client] second 12.713498: 94796265.550787 bit/s, bytes received: 1185783 B, packets received: 976
[client] second 12.813568: 94697984.968915 bit/s, bytes received: 1184556 B, packets received: 976
[client] second 12.913592: 94741467.332737 bit/s, bytes received: 1184547 B, packets received: 977
[client] second 13.013613: 94842756.216159 bit/s, bytes received: 1185783 B, packets received: 976
[client] second 13.113712: 94711065.097484 bit/s, bytes received: 1185070 B, packets received: 977
[client] second 13.213774: 94706348.296352 bit/s, bytes received: 1184556 B, packets received: 976
[client] second 13.313789: 94750366.830073 bit/s, bytes received: 1184565 B, packets received: 976
[client] second 13.413803: 94751858.104982 bit/s, bytes received: 1184556 B, packets received: 976
[client] second 13.513817: 94749933.142257 bit/s, bytes received: 1184547 B, packets received: 977
[client] second 13.613840: 94743382.543575 bit/s, bytes received: 1184556 B, packets received: 976
[client] second 13.713910: 94796435.612386 bit/s, bytes received: 1185792 B, packets received: 976
[client] second 13.813973: 94704528.000008 bit/s, bytes received: 1184547 B, packets received: 976
[client] second 13.914016: 94822296.905559 bit/s, bytes received: 1185783 B, packets received: 977
[client] second 14.014165: 94721148.390169 bit/s, bytes received: 1185783 B, packets received: 977
[client] second 14.114216: 94715603.906916 bit/s, bytes received: 1184556 B, packets received: 976
[client] second 14.214239: 94742028.073600 bit/s, bytes received: 1184547 B, packets received: 977
[client] second 14.314287: 94761113.263307 bit/s, bytes received: 1185079 B, packets received: 976
[client] second 14.414311: 94840467.247162 bit/s, bytes received: 1185783 B, packets received: 977
[client] second 14.514327: 94650828.498900 bit/s, bytes received: 1183329 B, packets received: 976
[client] second 14.614350: 94840762.132991 bit/s, bytes received: 1185783 B, packets received: 976
[client] second 14.714451: 94669170.865539 bit/s, bytes received: 1184556 B, packets received: 977
[client] second 14.814471: 94842293.335817 bit/s, bytes received: 1185774 B, packets received: 976
[client] second 14.914489: 94747672.710338 bit/s, bytes received: 1184556 B, packets received: 976
[client] second 15.014592: 94667976.934368 bit/s, bytes received: 1184565 B, packets received: 977
[client] second 15.114610: 94746306.782828 bit/s, bytes received: 1184547 B, packets received: 976
[client] second 15.214624: 94751289.672965 bit/s, bytes received: 1184556 B, packets received: 976
[client] second 15.314644: 94745632.251376 bit/s, bytes received: 1184556 B, packets received: 976
[client] second 15.414753: 94759559.603468 bit/s, bytes received: 1185783 B, packets received: 977
[client] second 15.514815: 94746968.680841 bit/s, bytes received: 1185070 B, packets received: 977
[client] second 15.614893: 94788758.797730 bit/s, bytes received: 1185783 B, packets received: 976
[client] second 15.715013: 94748570.301243 bit/s, bytes received: 1185783 B, packets received: 977
[client] second 15.815066: 94713887.629784 bit/s, bytes received: 1184556 B, packets received: 976
[client] second 15.915145: 94788323.111031 bit/s, bytes received: 1185783 B, packets received: 977
[client] second 16.015200: 94711848.625719 bit/s, bytes received: 1184556 B, packets received: 977
[client] second 16.115214: 94750179.456778 bit/s, bytes received: 1184547 B, packets received: 976
[client] second 16.215229: 94849235.905982 bit/s, bytes received: 1185783 B, packets received: 976
[client] second 16.315245: 94749305.898660 bit/s, bytes received: 1184556 B, packets received: 976
[client] second 16.415356: 94659384.418449 bit/s, bytes received: 1184556 B, packets received: 977
[client] second 16.515377: 94843031.203299 bit/s, bytes received: 1185783 B, packets received: 976
[client] second 16.615485: 94662246.666845 bit/s, bytes received: 1184556 B, packets received: 977
[client] second 16.715540: 94752602.974105 bit/s, bytes received: 1185070 B, packets received: 976
[client] second 16.815553: 94752836.771418 bit/s, bytes received: 1184556 B, packets received: 976
[client] second 16.915565: 94752817.823182 bit/s, bytes received: 1184556 B, packets received: 976
[client] second 17.015587: 94743743.436874 bit/s, bytes received: 1184556 B, packets received: 976
[client] second 17.115606: 94746059.471118 bit/s, bytes received: 1184556 B, packets received: 977
[client] second 17.215673: 94799237.322087 bit/s, bytes received: 1185783 B, packets received: 976
[client] second 17.315733: 94805740.014582 bit/s, bytes received: 1185774 B, packets received: 977
[client] second 17.415757: 94741172.724098 bit/s, bytes received: 1184556 B, packets received: 976
[client] second 17.515825: 94699900.349955 bit/s, bytes received: 1184556 B, packets received: 976
[client] second 17.615876: 94716457.808726 bit/s, bytes received: 1184556 B, packets received: 977
[client] second 17.715891: 94848847.080658 bit/s, bytes received: 1185783 B, packets received: 976
[client] second 17.815974: 94685812.186661 bit/s, bytes received: 1184556 B, packets received: 976
[client] second 17.916018: 94721911.972759 bit/s, bytes received: 1184556 B, packets received: 977
[client] second 18.016083: 94744454.771224 bit/s, bytes received: 1185070 B, packets received: 977
[client] second 18.116100: 94846604.284614 bit/s, bytes received: 1185783 B, packets received: 976
[client] second 18.216127: 94737356.384287 bit/s, bytes received: 1184544 B, packets received: 976
[client] second 18.316139: 94655702.469854 bit/s, bytes received: 1183329 B, packets received: 976
[client] second 18.416168: 94736676.996242 bit/s, bytes received: 1184559 B, packets received: 976
[client] second 18.516192: 94840828.506260 bit/s, bytes received: 1185783 B, packets received: 976
[client] second 18.616255: 94703873.309237 bit/s, bytes received: 1184556 B, packets received: 976
[client] second 18.716299: 94723268.747466 bit/s, bytes received: 1184556 B, packets received: 977
[client] second 18.816376: 94789490.002670 bit/s, bytes received: 1185783 B, packets received: 976
[client] second 18.916426: 94717387.462128 bit/s, bytes received: 1184556 B, packets received: 976
[client] second 19.016444: 94747046.543436 bit/s, bytes received: 1184556 B, packets received: 976
[client] second 19.116468: 94839649.920463 bit/s, bytes received: 1185783 B, packets received: 977
[client] second 19.216483: 94652650.264249 bit/s, bytes received: 1183329 B, packets received: 976
[client] second 19.316530: 94760830.245750 bit/s, bytes received: 1185070 B, packets received: 976
[client] second 19.416559: 94835157.719644 bit/s, bytes received: 1185783 B, packets received: 977
[client] second 19.516638: 94688932.071431 bit/s, bytes received: 1184547 B, packets received: 976
[client] second 19.616683: 94722073.874747 bit/s, bytes received: 1184556 B, packets received: 977
[client] second 19.716698: 94750585.669666 bit/s, bytes received: 1184565 B, packets received: 976
[client] second 19.816808: 94856663.509100 bit/s, bytes received: 1187010 B, packets received: 977
[client] second 19.916828: 94744780.725525 bit/s, bytes received: 1184547 B, packets received: 976
[client] second 20.016896: 94700136.938958 bit/s, bytes received: 1184556 B, packets received: 976
[client] second 20.116932: 94730146.952840 bit/s, bytes received: 1184556 B, packets received: 976
[client] second 20.216973: 94823855.146768 bit/s, bytes received: 1185783 B, packets received: 977
[client] second 20.316993: 94745235.411572 bit/s, bytes received: 1184547 B, packets received: 976
[client] second 20.417014: 94744218.001538 bit/s, bytes received: 1184556 B, packets received: 976
[client] second 20.517057: 94765811.406256 bit/s, bytes received: 1185079 B, packets received: 977
[client] second 20.617083: 94739654.420956 bit/s, bytes received: 1184556 B, packets received: 976
[client] second 20.717156: 94695444.180329 bit/s, bytes received: 1184556 B, packets received: 976
[client] second 20.817208: 94715462.853664 bit/s, bytes received: 1184556 B, packets received: 976
[client] second 20.917323: 94753301.323004 bit/s, bytes received: 1185783 B, packets received: 978
[client] second 21.017397: 94792802.350796 bit/s, bytes received: 1185783 B, packets received: 976
[client] second 21.117446: 94717852.295672 bit/s, bytes received: 1184556 B, packets received: 976
[client] second 21.217469: 94743060.488885 bit/s, bytes received: 1184556 B, packets received: 977
[client] second 21.317488: 94844041.898102 bit/s, bytes received: 1185774 B, packets received: 976
[client] second 21.417600: 94756411.429838 bit/s, bytes received: 1185783 B, packets received: 977
[client] second 21.517624: 94643624.458855 bit/s, bytes received: 1183329 B, packets received: 976
[client] second 21.617725: 94766379.155046 bit/s, bytes received: 1185783 B, packets received: 977
[client] second 21.717786: 94747936.405903 bit/s, bytes received: 1185070 B, packets received: 976
[client] second 21.817860: 94792252.960487 bit/s, bytes received: 1185783 B, packets received: 977
[client] second 21.917911: 94716078.189723 bit/s, bytes received: 1184556 B, packets received: 976
[client] second 22.017939: 94738211.935977 bit/s, bytes received: 1184556 B, packets received: 977
[client] second 22.118017: 94788229.734440 bit/s, bytes received: 1185774 B, packets received: 976
[client] second 22.218067: 94716979.434813 bit/s, bytes received: 1184556 B, packets received: 977
[client] second 22.318145: 94788352.472400 bit/s, bytes received: 1185783 B, packets received: 976
[client] second 22.418198: 94714656.302199 bit/s, bytes received: 1184556 B, packets received: 977
[client] second 22.518215: 94846822.395429 bit/s, bytes received: 1185783 B, packets received: 976
[client] second 22.618228: 94654082.173716 bit/s, bytes received: 1183329 B, packets received: 976
[client] second 22.718253: 94838139.515038 bit/s, bytes received: 1185783 B, packets received: 976
[client] second 22.818281: 94738221.407173 bit/s, bytes received: 1184556 B, packets received: 976
[client] second 22.918338: 94751712.805893 bit/s, bytes received: 1185070 B, packets received: 977
[client] second 23.018434: 94673720.091497 bit/s, bytes received: 1184556 B, packets received: 977
[client] second 23.118514: 94787013.233621 bit/s, bytes received: 1185783 B, packets received: 976
[client] second 23.218567: 94813097.312261 bit/s, bytes received: 1185783 B, packets received: 977
[client] second 23.318594: 94736420.960439 bit/s, bytes received: 1184538 B, packets received: 976
[client] second 23.418688: 94675804.265339 bit/s, bytes received: 1184565 B, packets received: 976
[client] second 23.518712: 94741041.098345 bit/s, bytes received: 1184547 B, packets received: 977
[client] second 23.618734: 94744900.904981 bit/s, bytes received: 1184565 B, packets received: 976
[client] second 23.718837: 94763821.644516 bit/s, bytes received: 1185765 B, packets received: 977
[client] second 23.818851: 94751989.562495 bit/s, bytes received: 1184574 B, packets received: 976
[client] second 23.918871: 94744751.360535 bit/s, bytes received: 1184547 B, packets received: 976
[client] second 24.018889: 94748515.733864 bit/s, bytes received: 1184565 B, packets received: 976
[client] second 24.118918: 94833252.640447 bit/s, bytes received: 1185765 B, packets received: 976
[client] second 24.218952: 94676189.744247 bit/s, bytes received: 1183852 B, packets received: 977
[client] second 24.318962: 94755653.367923 bit/s, bytes received: 1184565 B, packets received: 975
[client] second 24.419039: 94789540.602587 bit/s, bytes received: 1185774 B, packets received: 977
[client] second 24.519099: 94706907.670827 bit/s, bytes received: 1184556 B, packets received: 977
[client] second 24.619173: 94792395.043577 bit/s, bytes received: 1185783 B, packets received: 976
[client] second 24.719231: 94807856.228357 bit/s, bytes received: 1185783 B, packets received: 977
[client] second 24.819250: 94649009.642626 bit/s, bytes received: 1183329 B, packets received: 976
[client] second 24.919275: 94740365.734710 bit/s, bytes received: 1184556 B, packets received: 976
[client] second 25.019381: 94762528.127160 bit/s, bytes received: 1185783 B, packets received: 977
[client] second 25.119499: 94750865.246794 bit/s, bytes received: 1185783 B, packets received: 977
[client] second 25.219582: 94783902.064716 bit/s, bytes received: 1185783 B, packets received: 976
[client] second 25.319626: 94722765.988314 bit/s, bytes received: 1184556 B, packets received: 977
[client] second 25.419683: 94751769.624641 bit/s, bytes received: 1185070 B, packets received: 976
[client] second 25.519717: 94732377.092051 bit/s, bytes received: 1184556 B, packets received: 976
[client] second 25.619744: 94835861.950212 bit/s, bytes received: 1185774 B, packets received: 977
[client] second 25.719794: 94716525.023381 bit/s, bytes received: 1184556 B, packets received: 976
[client] second 25.819813: 94747614.842685 bit/s, bytes received: 1184565 B, packets received: 976
[client] second 25.919835: 94742853.094608 bit/s, bytes received: 1184547 B, packets received: 976
[client] second 26.019880: 94721922.387491 bit/s, bytes received: 1184556 B, packets received: 977
[client] second 26.119902: 94743876.996508 bit/s, bytes received: 1184556 B, packets received: 976
[client] second 26.219919: 94846243.929812 bit/s, bytes received: 1185783 B, packets received: 976
[client] second 26.319933: 94751469.675699 bit/s, bytes received: 1184556 B, packets received: 976
[client] second 26.420040: 94663421.118151 bit/s, bytes received: 1184556 B, packets received: 977
[client] second 26.520072: 94733970.924664 bit/s, bytes received: 1184556 B, packets received: 976
[client] second 26.620140: 94839256.976153 bit/s, bytes received: 1186297 B, packets received: 977
[client] second 26.720224: 94684447.970353 bit/s, bytes received: 1184556 B, packets received: 976
[client] second 26.820243: 94746772.775636 bit/s, bytes received: 1184556 B, packets received: 976
[client] second 26.920266: 94742871.045972 bit/s, bytes received: 1184556 B, packets received: 977
[client] second 27.020293: 94836867.132988 bit/s, bytes received: 1185783 B, packets received: 976
[client] second 27.120363: 94697910.210060 bit/s, bytes received: 1184556 B, packets received: 976
[client] second 27.220403: 94727044.819158 bit/s, bytes received: 1184556 B, packets received: 976
[client] second 27.320420: 94748793.389766 bit/s, bytes received: 1184556 B, packets received: 977
[client] second 27.420444: 94839099.038837 bit/s, bytes received: 1185783 B, packets received: 976
[client] second 27.520462: 94746963.258354 bit/s, bytes received: 1184547 B, packets received: 976
[client] second 27.620566: 94665771.053864 bit/s, bytes received: 1184556 B, packets received: 977
[client] second 27.720591: 94741020.228571 bit/s, bytes received: 1184556 B, packets received: 976
[client] second 27.820812: 94751379.553397 bit/s, bytes received: 1187010 B, packets received: 977
[client] second 27.920858: 94762663.037378 bit/s, bytes received: 1185070 B, packets received: 977
[client] second 28.020884: 94739607.063562 bit/s, bytes received: 1184556 B, packets received: 976
[client] second 28.120962: 94788143.154650 bit/s, bytes received: 1185783 B, packets received: 977
[client] second 28.221024: 94705524.625852 bit/s, bytes received: 1184547 B, packets received: 977
[client] second 28.321187: 94806954.326223 bit/s, bytes received: 1187019 B, packets received: 977
[client] second 28.421206: 94745758.305922 bit/s, bytes received: 1184547 B, packets received: 976
[client] second 28.521257: 94715708.987128 bit/s, bytes received: 1184556 B, packets received: 976
[client] second 28.621282: 94741286.385680 bit/s, bytes received: 1184556 B, packets received: 977
[client] second 28.721299: 94845721.420213 bit/s, bytes received: 1185783 B, packets received: 976
[client] second 28.821324: 94643074.714419 bit/s, bytes received: 1183329 B, packets received: 976
[client] second 28.921338: 94849664.565887 bit/s, bytes received: 1185783 B, packets received: 976
[client] second 29.021434: 94672885.876372 bit/s, bytes received: 1184556 B, packets received: 976
[client] second 29.121499: 94745024.768414 bit/s, bytes received: 1185070 B, packets received: 978
[client] second 29.221517: 94747209.478656 bit/s, bytes received: 1184556 B, packets received: 976
[client] second 29.321536: 94746135.253292 bit/s, bytes received: 1184556 B, packets received: 976
[client] second 29.421554: 94746365.514755 bit/s, bytes received: 1184547 B, packets received: 976
[client] second 29.521572: 94845541.245824 bit/s, bytes received: 1185783 B, packets received: 976
[client] second 29.621673: 94669096.152172 bit/s, bytes received: 1184556 B, packets received: 977
[client] second 29.721753: 94786919.469382 bit/s, bytes received: 1185783 B, packets received: 976
[client] second 29.821813: 94707857.013527 bit/s, bytes received: 1184556 B, packets received: 977
[client] second 29.921842: 94835527.471051 bit/s, bytes received: 1185783 B, packets received: 976
[client] second 30.021868: 94739720.721387 bit/s, bytes received: 1184556 B, packets received: 976
[client] second 30.121959: 94678156.244263 bit/s, bytes received: 1184556 B, packets received: 977
[client] second 30.221976: 94747825.227282 bit/s, bytes received: 1184556 B, packets received: 976
[client] second 30.322045: 94740936.468632 bit/s, bytes received: 1185070 B, packets received: 977
[client] second 30.422068: 94839377.628332 bit/s, bytes received: 1185774 B, packets received: 976
[client] second 30.522097: 94737859.601098 bit/s, bytes received: 1184565 B, packets received: 976
[client] second 30.622187: 94679795.550466 bit/s, bytes received: 1184556 B, packets received: 977
[client] second 30.722210: 94741345.145152 bit/s, bytes received: 1184547 B, packets received: 976
[client] second 30.822279: 94797595.577770 bit/s, bytes received: 1185783 B, packets received: 976
[client] second 30.922327: 94718830.259756 bit/s, bytes received: 1184556 B, packets received: 977
[client] second 31.022351: 94840768.928841 bit/s, bytes received: 1185792 B, packets received: 976
[client] second 31.122456: 94664132.626899 bit/s, bytes received: 1184547 B, packets received: 977
[client] second 31.222474: 94747664.184561 bit/s, bytes received: 1184556 B, packets received: 976
[client] second 31.322493: 94746734.884024 bit/s, bytes received: 1184556 B, packets received: 976
[client] second 31.422515: 94841731.191941 bit/s, bytes received: 1185783 B, packets received: 976
[client] second 31.522531: 94650507.976503 bit/s, bytes received: 1183320 B, packets received: 976
[client] second 31.622585: 94755402.237054 bit/s, bytes received: 1185079 B, packets received: 977
[client] second 31.722658: 94792064.883625 bit/s, bytes received: 1185774 B, packets received: 976
[client] second 31.822711: 94713548.559367 bit/s, bytes received: 1184547 B, packets received: 977
[client] second 31.922730: 94846837.793358 bit/s, bytes received: 1185801 B, packets received: 976
[client] second 32.022766: 94729653.590154 bit/s, bytes received: 1184556 B, packets received: 976
[client] second 32.122781: 94749563.672875 bit/s, bytes received: 1184547 B, packets received: 976
[client] second 32.222887: 94762672.014412 bit/s, bytes received: 1185783 B, packets received: 977
[client] second 32.322962: 94693349.527179 bit/s, bytes received: 1184565 B, packets received: 976
[client] second 32.423006: 94722984.702092 bit/s, bytes received: 1184556 B, packets received: 976
[client] second 32.523034: 94835729.216662 bit/s, bytes received: 1185774 B, packets received: 977
[client] second 32.623145: 94659224.621774 bit/s, bytes received: 1184556 B, packets received: 977
[client] second 32.723164: 94747075.909626 bit/s, bytes received: 1184556 B, packets received: 976
[client] second 32.823214: 94757871.407751 bit/s, bytes received: 1185070 B, packets received: 976
[client] second 32.923230: 94749125.904147 bit/s, bytes received: 1184556 B, packets received: 976
[client] second 33.023251: 94844344.525941 bit/s, bytes received: 1185783 B, packets received: 977
[client] second 33.123264: 94750444.616639 bit/s, bytes received: 1184556 B, packets received: 976
[client] second 33.223338: 94694165.794131 bit/s, bytes received: 1184556 B, packets received: 976
[client] second 33.323388: 94717075.051108 bit/s, bytes received: 1184556 B, packets received: 977
[client] second 33.423473: 94782412.374869 bit/s, bytes received: 1185783 B, packets received: 976
[client] second 33.523524: 94715511.918229 bit/s, bytes received: 1184547 B, packets received: 977
[client] second 33.623542: 94747702.076916 bit/s, bytes received: 1184556 B, packets received: 976
[client] second 33.723619: 94788931.179226 bit/s, bytes received: 1185783 B, packets received: 976
[client] second 33.823661: 94725384.939128 bit/s, bytes received: 1184556 B, packets received: 976
[client] second 33.923677: 94749363.686517 bit/s, bytes received: 1184556 B, packets received: 976
[client] second 34.023690: 94751707.469833 bit/s, bytes received: 1184556 B, packets received: 976
[client] second 34.123754: 94744682.958645 bit/s, bytes received: 1185070 B, packets received: 978
[client] second 34.223770: 94749676.310573 bit/s, bytes received: 1184556 B, packets received: 976
[client] second 34.323796: 94740129.891815 bit/s, bytes received: 1184556 B, packets received: 976
[client] second 34.423831: 94829705.643230 bit/s, bytes received: 1185783 B, packets received: 976
[client] second 34.523919: 94680913.678778 bit/s, bytes received: 1184556 B, packets received: 976
[client] second 34.623953: 94830609.065176 bit/s, bytes received: 1185783 B, packets received: 977
[client] second 34.723972: 94745055.431157 bit/s, bytes received: 1184547 B, packets received: 976
[client] second 34.824120: 94722950.170924 bit/s, bytes received: 1185783 B, packets received: 977
[client] second 34.924177: 94710209.155949 bit/s, bytes received: 1184556 B, packets received: 977
[client] second 35.024301: 94745679.301273 bit/s, bytes received: 1185783 B, packets received: 977
[client] second 35.124327: 94837161.048313 bit/s, bytes received: 1185783 B, packets received: 976
[client] second 35.224340: 94751709.477589 bit/s, bytes received: 1184547 B, packets received: 976
[client] second 35.324380: 94670055.302741 bit/s, bytes received: 1183852 B, packets received: 976
[client] second 35.424399: 94746545.426416 bit/s, bytes received: 1184556 B, packets received: 977
[client] second 35.524419: 94844210.821395 bit/s, bytes received: 1185783 B, packets received: 976
[client] second 35.624439: 94744533.491819 bit/s, bytes received: 1184547 B, packets received: 976
[client] second 35.724554: 94753872.030296 bit/s, bytes received: 1185783 B, packets received: 977
[client] second 35.824579: 94740413.092862 bit/s, bytes received: 1184556 B, packets received: 976
[client] second 35.924647: 94700916.744681 bit/s, bytes received: 1184556 B, packets received: 976
[client] second 36.024914: 94804977.465370 bit/s, bytes received: 1188237 B, packets received: 979
[client] second 36.124987: 94695767.803924 bit/s, bytes received: 1184556 B, packets received: 976
[client] second 36.225085: 94770023.151774 bit/s, bytes received: 1185783 B, packets received: 977
[client] second 36.325150: 94702100.673307 bit/s, bytes received: 1184556 B, packets received: 977
[client] second 36.425227: 94830637.044082 bit/s, bytes received: 1186297 B, packets received: 977
[client] second 36.525246: 94746356.041859 bit/s, bytes received: 1184547 B, packets received: 976
[client] second 36.625263: 94748508.155318 bit/s, bytes received: 1184565 B, packets received: 976
[client] second 36.725329: 94701305.436078 bit/s, bytes received: 1184547 B, packets received: 976
[client] second 36.825376: 94720007.062284 bit/s, bytes received: 1184556 B, packets received: 977
[client] second 36.925406: 94834758.580977 bit/s, bytes received: 1185783 B, packets received: 976
[client] second 37.025420: 94750778.089980 bit/s, bytes received: 1184556 B, packets received: 976
[client] second 37.125489: 94699313.614329 bit/s, bytes received: 1184556 B, packets received: 976
[client] second 37.225534: 94722358.861461 bit/s, bytes received: 1184556 B, packets received: 977
[client] second 37.325563: 94834873.297447 bit/s, bytes received: 1185783 B, packets received: 976
[client] second 37.425580: 94747758.915507 bit/s, bytes received: 1184556 B, packets received: 976
[client] second 37.525600: 94745152.052137 bit/s, bytes received: 1184547 B, packets received: 976
[client] second 37.625691: 94678525.154154 bit/s, bytes received: 1184556 B, packets received: 977
[client] second 37.725726: 94773064.131796 bit/s, bytes received: 1185079 B, packets received: 976
[client] second 37.825767: 94725167.161125 bit/s, bytes received: 1184556 B, packets received: 977
[client] second 37.925790: 94841199.250086 bit/s, bytes received: 1185783 B, packets received: 976
[client] second 38.025854: 94703703.898023 bit/s, bytes received: 1184556 B, packets received: 976
[client] second 38.125910: 94711925.299770 bit/s, bytes received: 1184556 B, packets received: 976
[client] second 38.225927: 94748281.833738 bit/s, bytes received: 1184556 B, packets received: 977
[client] second 38.326011: 94782735.310651 bit/s, bytes received: 1185783 B, packets received: 976
[client] second 38.426066: 94811076.048180 bit/s, bytes received: 1185783 B, packets received: 977
[client] second 38.526093: 94738952.589225 bit/s, bytes received: 1184556 B, packets received: 976
[client] second 38.626190: 94769739.369910 bit/s, bytes received: 1185774 B, packets received: 977
[client] second 38.726209: 94648337.762309 bit/s, bytes received: 1183329 B, packets received: 976
[client] second 38.826230: 94842215.728843 bit/s, bytes received: 1185783 B, packets received: 976
[client] second 38.926308: 94731869.238853 bit/s, bytes received: 1185070 B, packets received: 977
[client] second 39.026352: 94722966.712609 bit/s, bytes received: 1184556 B, packets received: 976
[client] second 39.126382: 94735725.812501 bit/s, bytes received: 1184556 B, packets received: 976
[client] second 39.226421: 94727652.730448 bit/s, bytes received: 1184556 B, packets received: 977
[client] second 39.326538: 94751472.834497 bit/s, bytes received: 1185783 B, packets received: 976
[client] second 39.426553: 94750645.458257 bit/s, bytes received: 1184556 B, packets received: 976
[client] second 39.526636: 94783892.594194 bit/s, bytes received: 1185783 B, packets received: 977
[client] second 39.626689: 94713301.488632 bit/s, bytes received: 1184547 B, packets received: 977
[client] second 39.726707: 94747513.562746 bit/s, bytes received: 1184556 B, packets received: 976
[client] second 39.826814: 94762036.831219 bit/s, bytes received: 1185783 B, packets received: 977
[client] second 39.926834: 94744097.757392 bit/s, bytes received: 1184547 B, packets received: 975
[client] second 40.026954: 94749944.316653 bit/s, bytes received: 1185792 B, packets received: 978
[client] total: bytes received: 449309394 B, packets received: 370332
