Bandwidth: 100 Mbit/s
RTT: 220 ms
BDP: 2750000 B/s
Max In-Flight Packets: 2148
[server] starting server with pid 1232232, port 18080, cc cubic, iw 32
[server][session 0] open
[client] connection establishment time: 0.445369 s
[server][session 0][stream 0] open
[client] time to first byte: 0.666387 s
[client] second 0.100564: 2716053.004281 bit/s, bytes received: 34142 B, packets received: 34
[client] second 0.201429: 389272.690020 bit/s, bytes received: 4908 B, packets received: 4
[client] second 0.302466: 3068666.854539 bit/s, bytes received: 38756 B, packets received: 32
[client] second 0.403094: 3219038.364858 bit/s, bytes received: 40491 B, packets received: 33
[client] second 0.503313: 3762250.265656 bit/s, bytes received: 47131 B, packets received: 39
[client] second 0.603743: 5806381.758568 bit/s, bytes received: 72892 B, packets received: 60
[client] second 0.703835: 7534562.075010 bit/s, bytes received: 94268 B, packets received: 78
[client] second 0.804086: 10165691.024211 bit/s, bytes received: 127391 B, packets received: 105
[client] second 0.904102: 13919237.037967 bit/s, bytes received: 174017 B, packets received: 144
[client] second 1.004264: 18487550.017542 bit/s, bytes received: 231469 B, packets received: 191
[client] second 1.104965: 14546864.728750 bit/s, bytes received: 183111 B, packets received: 153
[client] second 1.205249: 15642744.973913 bit/s, bytes received: 196089 B, packets received: 164
[client] second 1.305614: 42614160.669816 bit/s, bytes received: 534623 B, packets received: 441
[client] second 1.406208: 25278894.104847 bit/s, bytes received: 317864 B, packets received: 264
[client] second 1.506709: 34717945.498674 bit/s, bytes received: 436146 B, packets received: 363
[client] second 1.606734: 88322648.306195 bit/s, bytes received: 1104311 B, packets received: 909
[client] second 1.707196: 44330895.440668 bit/s, bytes received: 556695 B, packets received: 462
[client] second 1.807220: 63193355.409187 bit/s, bytes received: 790113 B, packets received: 657
[client] second 1.907254: 94733193.415543 bit/s, bytes received: 1184556 B, packets received: 976
[client] second 2.007326: 94793695.597255 bit/s, bytes received: 1185783 B, packets received: 977
[client] second 2.107413: 15224701.843544 bit/s, bytes received: 190473 B, packets received: 985
[client] second 2.207431: 0.000000 bit/s, bytes received: 0 B, packets received: 980
[client] second 2.307488: 0.000000 bit/s, bytes received: 0 B, packets received: 980
[client] second 2.408315: 292063.365492 bit/s, bytes received: 3681 B, packets received: 528
[client] second 2.509025: 0.000000 bit/s, bytes received: 0 B, packets received: 3
[client] second 2.609091: 402452090.686914 bit/s, bytes received: 5034002 B, packets received: 871
[client] second 2.710074: 0.000000 bit/s, bytes received: 0 B, packets received: 1
[client] second 2.810835: 0.000000 bit/s, bytes received: 0 B, packets received: 11
[client] second 2.910880: 77291971.075644 bit/s, bytes received: 966584 B, packets received: 796
[client] second 3.010922: 94724493.949369 bit/s, bytes received: 1184556 B, packets received: 976
[client] second 3.111073: 92170981.063580 bit/s, bytes received: 1153881 B, packets received: 978
[client] second 3.211125: 0.000000 bit/s, bytes received: 0 B, packets received: 976
[client] second 3.311150: 0.000000 bit/s, bytes received: 0 B, packets received: 977
[client] second 3.411271: 5334582.381336 bit/s, bytes received: 66763 B, packets received: 983
[client] second 3.511340: 369397021.279436 bit/s, bytes received: 4620649 B, packets received: 906
[client] second 3.611537: 86602577.873523 bit/s, bytes received: 1084664 B, packets received: 894
[client] second 3.711610: 68401248.561292 bit/s, bytes received: 855642 B, packets received: 707
[client] second 3.811628: 94846975.476375 bit/s, bytes received: 1185790 B, packets received: 976
[client] second 3.911642: 94454977.374254 bit/s, bytes received: 1180857 B, packets received: 973
[client] second 4.011728: 94585544.546676 bit/s, bytes received: 1183337 B, packets received: 976
[client] second 4.111755: 94837046.750868 bit/s, bytes received: 1185773 B, packets received: 976
[client] second 4.211781: 94543641.072073 bit/s, bytes received: 1182115 B, packets received: 974
[client] second 4.311886: 94762454.336507 bit/s, bytes received: 1185776 B, packets received: 977
[client] second 4.411924: 94533237.894489 bit/s, bytes received: 1182109 B, packets received: 975
[client] second 4.511990: 94742646.468773 bit/s, bytes received: 1185068 B, packets received: 976
[client] second 4.612089: 94768051.139659 bit/s, bytes received: 1185776 B, packets received: 977
[client] second 4.712100: 94657108.546685 bit/s, bytes received: 1183336 B, packets received: 976
[client] second 4.812120: 94744419.703537 bit/s, bytes received: 1184549 B, packets received: 976
[client] second 4.912136: 94847479.578864 bit/s, bytes received: 1185783 B, packets received: 976
[client] second 5.012158: 94743946.261796 bit/s, bytes received: 1184554 B, packets received: 976
[client] second 5.112250: 94677309.183601 bit/s, bytes received: 1184555 B, packets received: 976
[client] second 5.212279: 94737094.348137 bit/s, bytes received: 1184556 B, packets received: 976
[client] second 5.312297: 94845468.268935 bit/s, bytes received: 1185786 B, packets received: 977
[client] second 5.412313: 94749308.866996 bit/s, bytes received: 1184554 B, packets received: 976
[client] second 5.512411: 94671665.792291 bit/s, bytes received: 1184556 B, packets received: 977
[client] second 5.612429: 94746924.342389 bit/s, bytes received: 1184556 B, packets received: 976
[client] second 5.712486: 94752444.825977 bit/s, bytes received: 1185070 B, packets received: 976
[client] second 5.812502: 94846871.707579 bit/s, bytes received: 1185783 B, packets received: 977
[client] second 5.912579: 94691730.237493 bit/s, bytes received: 1184556 B, packets received: 976
[client] second 6.012629: 94716053.418214 bit/s, bytes received: 1184547 B, packets received: 977
[client] second 6.112710: 94785924.064499 bit/s, bytes received: 1185783 B, packets received: 976
[client] second 6.212818: 94761153.462710 bit/s, bytes received: 1185792 B, packets received: 977
[client] second 6.312878: 94706873.369442 bit/s, bytes received: 1184547 B, packets received: 977
[client] second 6.412896: 94845599.091211 bit/s, bytes received: 1185783 B, packets received: 976
[client] second 6.512913: 94649965.843315 bit/s, bytes received: 1183326 B, packets received: 976
[client] second 6.612936: 94742615.299241 bit/s, bytes received: 1184556 B, packets received: 976
[client] second 6.713016: 94787303.239508 bit/s, bytes received: 1185786 B, packets received: 976
[client] second 6.813126: 94758158.706628 bit/s, bytes received: 1185783 B, packets received: 977
[client] second 6.913189: 94746496.188213 bit/s, bytes received: 1185070 B, packets received: 977
[client] second 7.013240: 94715833.947684 bit/s, bytes received: 1184556 B, packets received: 977
[client] second 7.113261: 94843311.742236 bit/s, bytes received: 1185774 B, packets received: 976
[client] second 7.213276: 94650546.486428 bit/s, bytes received: 1183329 B, packets received: 976
[client] second 7.313294: 94845389.520554 bit/s, bytes received: 1185783 B, packets received: 976
[client] second 7.413372: 94692014.435883 bit/s, bytes received: 1184565 B, packets received: 976
[client] second 7.513421: 94717342.818978 bit/s, bytes received: 1184547 B, packets received: 977
[client] second 7.613451: 94833819.054051 bit/s, bytes received: 1185783 B, packets received: 976
[client] second 7.713513: 94705535.274845 bit/s, bytes received: 1184556 B, packets received: 976
[client] second 7.813565: 94715804.600858 bit/s, bytes received: 1184556 B, packets received: 977
[client] second 7.913587: 94743537.888385 bit/s, bytes received: 1184556 B, packets received: 976
[client] second 8.013661: 94791277.748171 bit/s, bytes received: 1185774 B, packets received: 976
[client] second 8.113712: 94716962.394306 bit/s, bytes received: 1184556 B, packets received: 977
[client] second 8.213768: 94752652.097852 bit/s, bytes received: 1185079 B, packets received: 977
[client] second 8.313788: 94746042.420145 bit/s, bytes received: 1184556 B, packets received: 976
[client] second 8.413866: 94788220.819952 bit/s, bytes received: 1185783 B, packets received: 976
[client] second 8.513915: 94718251.810022 bit/s, bytes received: 1184556 B, packets received: 977
[client] second 8.613931: 94748351.075665 bit/s, bytes received: 1184547 B, packets received: 975
[client] second 8.713952: 94843544.338281 bit/s, bytes received: 1185792 B, packets received: 977
[client] second 8.813981: 94736771.389104 bit/s, bytes received: 1184556 B, packets received: 976
[client] second 8.913997: 94750180.302789 bit/s, bytes received: 1184556 B, packets received: 976
[client] second 9.014068: 94696035.289482 bit/s, bytes received: 1184547 B, packets received: 976
[client] second 9.114105: 94728565.496061 bit/s, bytes received: 1184547 B, packets received: 976
[client] second 9.214178: 94794302.350737 bit/s, bytes received: 1185792 B, packets received: 977
[client] second 9.314239: 94705819.926427 bit/s, bytes received: 1184547 B, packets received: 977
[client] second 9.414296: 94752064.020621 bit/s, bytes received: 1185079 B, packets received: 976
[client] second 9.514316: 94746298.185378 bit/s, bytes received: 1184556 B, packets received: 977
[client] second 9.614331: 94848136.771406 bit/s, bytes received: 1185783 B, packets received: 976
[client] second 9.714349: 94747237.897647 bit/s, bytes received: 1184556 B, packets received: 976
[client] second 9.814453: 94665147.316041 bit/s, bytes received: 1184547 B, packets received: 977
[client] second 9.914481: 94836828.448873 bit/s, bytes received: 1185792 B, packets received: 976
[client] second 10.014504: 94742096.272266 bit/s, bytes received: 1184547 B, packets received: 976
[client] second 10.114599: 94772481.043334 bit/s, bytes received: 1185783 B, packets received: 977
[client] second 10.214617: 94649219.725472 bit/s, bytes received: 1183329 B, packets received: 976
[client] second 10.314637: 94844003.153380 bit/s, bytes received: 1185783 B, packets received: 976
[client] second 10.414747: 94660295.931695 bit/s, bytes received: 1184556 B, packets received: 976
[client] second 10.514767: 94843584.975343 bit/s, bytes received: 1185783 B, packets received: 977
[client] second 10.614842: 94734867.158785 bit/s, bytes received: 1185070 B, packets received: 977
[client] second 10.714943: 94668889.035985 bit/s, bytes received: 1184556 B, packets received: 977
[client] second 10.814963: 94745691.929290 bit/s, bytes received: 1184556 B, packets received: 976
[client] second 10.914984: 94842350.375984 bit/s, bytes received: 1185783 B, packets received: 976
[client] second 11.015045: 94706019.633950 bit/s, bytes received: 1184547 B, packets received: 976
[client] second 11.115098: 94715376.870305 bit/s, bytes received: 1184565 B, packets received: 976
[client] second 11.215212: 94753362.020667 bit/s, bytes received: 1185774 B, packets received: 978
[client] second 11.315231: 94746934.762621 bit/s, bytes received: 1184556 B, packets received: 976
[client] second 11.415252: 94744637.630541 bit/s, bytes received: 1184556 B, packets received: 976
[client] second 11.515276: 94839196.698968 bit/s, bytes received: 1185783 B, packets received: 976
[client] second 11.615297: 94744951.170665 bit/s, bytes received: 1184556 B, packets received: 976
[client] second 11.715394: 94672604.024698 bit/s, bytes received: 1184556 B, packets received: 976
[client] second 11.815412: 94747865.014391 bit/s, bytes received: 1184556 B, packets received: 977
[client] second 11.915430: 94787676.598232 bit/s, bytes received: 1185070 B, packets received: 976
[client] second 12.015479: 94718660.795027 bit/s, bytes received: 1184556 B, packets received: 977
[client] second 12.115505: 94837827.579170 bit/s, bytes received: 1185783 B, packets received: 976
[client] second 12.215520: 94651448.661911 bit/s, bytes received: 1183320 B, packets received: 976
[client] second 12.315538: 94845856.077309 bit/s, bytes received: 1185783 B, packets received: 976
[client] second 12.415559: 94744049.393189 bit/s, bytes received: 1184556 B, packets received: 976
[client] second 12.515655: 94673636.858489 bit/s, bytes received: 1184556 B, packets received: 976
[client] second 12.615741: 94780612.451608 bit/s, bytes received: 1185774 B, packets received: 977
[client] second 12.715792: 94717293.887098 bit/s, bytes received: 1184565 B, packets received: 977
[client] second 12.815813: 94744476.598656 bit/s, bytes received: 1184556 B, packets received: 976
[client] second 12.915885: 94793800.741901 bit/s, bytes received: 1185783 B, packets received: 976
[client] second 13.015937: 94812806.965992 bit/s, bytes received: 1185774 B, packets received: 977
[client] second 13.115997: 94749368.996777 bit/s, bytes received: 1185079 B, packets received: 977
[client] second 13.216016: 94648177.163548 bit/s, bytes received: 1183320 B, packets received: 976
[client] second 13.316033: 94846435.486497 bit/s, bytes received: 1185783 B, packets received: 976
[client] second 13.416049: 94749118.325446 bit/s, bytes received: 1184556 B, packets received: 976
[client] second 13.516061: 94655003.047836 bit/s, bytes received: 1183329 B, packets received: 976
[client] second 13.616100: 94825205.853485 bit/s, bytes received: 1185783 B, packets received: 976
[client] second 13.716197: 94673153.542435 bit/s, bytes received: 1184556 B, packets received: 977
[client] second 13.816279: 94784880.379834 bit/s, bytes received: 1185783 B, packets received: 976
[client] second 13.916328: 94717948.860443 bit/s, bytes received: 1184556 B, packets received: 977
[client] second 14.016343: 94749858.201882 bit/s, bytes received: 1184556 B, packets received: 976
[client] second 14.116367: 94840222.616580 bit/s, bytes received: 1185783 B, packets received: 976
[client] second 14.216383: 94748994.224384 bit/s, bytes received: 1184556 B, packets received: 976
[client] second 14.316485: 94667791.473072 bit/s, bytes received: 1184547 B, packets received: 977
[client] second 14.416518: 94774849.063620 bit/s, bytes received: 1185079 B, packets received: 976
[client] second 14.516684: 94803790.702029 bit/s, bytes received: 1187010 B, packets received: 978
[client] second 14.616778: 94674395.890975 bit/s, bytes received: 1184547 B, packets received: 976
[client] second 14.716792: 94751423.143075 bit/s, bytes received: 1184565 B, packets received: 976
[client] second 14.816808: 94749591.996610 bit/s, bytes received: 1184556 B, packets received: 977
[client] second 14.916828: 94745427.707193 bit/s, bytes received: 1184547 B, packets received: 976
[client] second 15.016846: 94747095.802862 bit/s, bytes received: 1184556 B, packets received: 976
[client] second 15.116955: 94759392.061598 bit/s, bytes received: 1185783 B, packets received: 977
[client] second 15.216974: 94746479.116433 bit/s, bytes received: 1184556 B, packets received: 976
[client] second 15.317085: 94757267.076293 bit/s, bytes received: 1185783 B, packets received: 976
[client] second 15.417107: 94841289.174366 bit/s, bytes received: 1185774 B, packets received: 977
[client] second 15.517129: 94743784.167786 bit/s, bytes received: 1184556 B, packets received: 976
[client] second 15.617176: 94663296.224021 bit/s, bytes received: 1183852 B, packets received: 977
[client] second 15.717191: 94848250.571906 bit/s, bytes received: 1185783 B, packets received: 976
[client] second 15.817202: 94753673.343555 bit/s, bytes received: 1184556 B, packets received: 976
[client] second 15.917221: 94649162.946233 bit/s, bytes received: 1183329 B, packets received: 976
[client] second 16.017247: 94837904.377780 bit/s, bytes received: 1185783 B, packets received: 976
[client] second 16.117260: 94752354.541189 bit/s, bytes received: 1184556 B, packets received: 976
[client] second 16.217367: 94662522.783211 bit/s, bytes received: 1184556 B, packets received: 977
[client] second 16.317399: 94734665.106198 bit/s, bytes received: 1184556 B, packets received: 976
[client] second 16.417498: 94767881.830859 bit/s, bytes received: 1185774 B, packets received: 977
[client] second 16.517516: 94747314.629009 bit/s, bytes received: 1184556 B, packets received: 976
[client] second 16.617534: 94747751.337024 bit/s, bytes received: 1184556 B, packets received: 976
[client] second 16.717555: 94842758.112617 bit/s, bytes received: 1185783 B, packets received: 976
[client] second 16.817654: 94670823.101414 bit/s, bytes received: 1184556 B, packets received: 977
[client] second 16.917719: 94744058.049653 bit/s, bytes received: 1185070 B, packets received: 977
[client] second 17.017740: 94745065.788569 bit/s, bytes received: 1184556 B, packets received: 976
[client] second 17.117774: 94829830.775148 bit/s, bytes received: 1185783 B, packets received: 976
[client] second 17.217824: 94717294.685307 bit/s, bytes received: 1184556 B, packets received: 976
[client] second 17.317857: 94732587.327150 bit/s, bytes received: 1184556 B, packets received: 976
[client] second 17.417903: 94720908.382144 bit/s, bytes received: 1184556 B, packets received: 977
[client] second 17.517982: 94787898.793922 bit/s, bytes received: 1185783 B, packets received: 976
[client] second 17.618143: 94709516.287675 bit/s, bytes received: 1185774 B, packets received: 978
[client] second 17.718212: 94797388.113840 bit/s, bytes received: 1185783 B, packets received: 976
[client] second 17.818277: 94702520.875717 bit/s, bytes received: 1184556 B, packets received: 977
[client] second 17.918297: 94843878.932308 bit/s, bytes received: 1185783 B, packets received: 976
[client] second 18.018316: 94745928.747151 bit/s, bytes received: 1184556 B, packets received: 976
[client] second 18.118357: 94669129.296756 bit/s, bytes received: 1183843 B, packets received: 977
[client] second 18.218376: 94746764.250021 bit/s, bytes received: 1184556 B, packets received: 976
[client] second 18.318396: 94843403.860829 bit/s, bytes received: 1185783 B, packets received: 976
[client] second 18.418466: 94696984.421435 bit/s, bytes received: 1184547 B, packets received: 976
[client] second 18.518584: 94751747.179410 bit/s, bytes received: 1185792 B, packets received: 977
[client] second 18.618633: 94717902.327588 bit/s, bytes received: 1184547 B, packets received: 977
[client] second 18.718650: 94747913.327355 bit/s, bytes received: 1184556 B, packets received: 976
[client] second 18.818668: 94747760.810127 bit/s, bytes received: 1184556 B, packets received: 975
[client] second 18.918686: 94845029.174983 bit/s, bytes received: 1185783 B, packets received: 977
[client] second 19.018707: 94646650.533086 bit/s, bytes received: 1183329 B, packets received: 976
[client] second 19.118768: 94804687.790447 bit/s, bytes received: 1185783 B, packets received: 976
[client] second 19.218828: 94707981.953366 bit/s, bytes received: 1184556 B, packets received: 976
[client] second 19.318884: 94752047.090505 bit/s, bytes received: 1185070 B, packets received: 978
[client] second 19.418917: 94635369.502404 bit/s, bytes received: 1183329 B, packets received: 974
[client] second 19.519023: 94860463.242215 bit/s, bytes received: 1187010 B, packets received: 979
[client] second 19.619043: 94843113.559012 bit/s, bytes received: 1185774 B, packets received: 976
[client] second 19.719075: 94734332.693307 bit/s, bytes received: 1184556 B, packets received: 976
[client] second 19.819120: 94721316.443310 bit/s, bytes received: 1184556 B, packets received: 976
[client] second 19.919182: 94706379.530286 bit/s, bytes received: 1184556 B, packets received: 977
[client] second 20.019293: 94756764.476780 bit/s, bytes received: 1185783 B, packets received: 977
[client] second 20.119309: 94749441.368666 bit/s, bytes received: 1184556 B, packets received: 976
[client] second 20.219381: 94794768.841405 bit/s, bytes received: 1185783 B, packets received: 976
[client] second 20.319436: 94712600.226100 bit/s, bytes received: 1184556 B, packets received: 976
[client] second 20.419451: 94750351.775047 bit/s, bytes received: 1184556 B, packets received: 976
[client] second 20.519475: 94741762.820111 bit/s, bytes received: 1184556 B, packets received: 977
[client] second 20.619535: 94748394.709210 bit/s, bytes received: 1185070 B, packets received: 977
[client] second 20.719562: 94836604.316844 bit/s, bytes received: 1185774 B, packets received: 976
[client] second 20.819581: 94747199.926958 bit/s, bytes received: 1184565 B, packets received: 976
[client] second 20.919676: 94771524.077189 bit/s, bytes received: 1185774 B, packets received: 977
[client] second 21.019701: 94740510.650805 bit/s, bytes received: 1184556 B, packets received: 976
[client] second 21.119781: 94688413.588655 bit/s, bytes received: 1184547 B, packets received: 976
[client] second 21.219823: 94726010.037451 bit/s, bytes received: 1184574 B, packets received: 976
[client] second 21.319840: 94747857.519594 bit/s, bytes received: 1184547 B, packets received: 977
[client] second 21.419864: 94741772.292017 bit/s, bytes received: 1184556 B, packets received: 976
[client] second 21.519879: 94846921.856247 bit/s, bytes received: 1185774 B, packets received: 976
[client] second 21.619949: 94698102.312165 bit/s, bytes received: 1184556 B, packets received: 976
[client] second 21.720003: 94812282.352474 bit/s, bytes received: 1185783 B, packets received: 977
[client] second 21.820053: 94660064.167997 bit/s, bytes received: 1183852 B, packets received: 976
[client] second 21.920083: 94736724.034592 bit/s, bytes received: 1184556 B, packets received: 977
[client] second 22.020098: 94847813.389811 bit/s, bytes received: 1185783 B, packets received: 976
[client] second 22.120207: 94759600.305819 bit/s, bytes received: 1185783 B, packets received: 977
[client] second 22.220232: 94740899.937415 bit/s, bytes received: 1184556 B, packets received: 976
[client] second 22.320297: 94702331.332781 bit/s, bytes received: 1184547 B, packets received: 976
[client] second 22.420348: 94717027.866797 bit/s, bytes received: 1184565 B, packets received: 977
[client] second 22.520399: 94421515.496008 bit/s, bytes received: 1180875 B, packets received: 973
[client] second 22.620481: 95079681.402685 bit/s, bytes received: 1189464 B, packets received: 980
[client] second 22.720500: 94745408.761777 bit/s, bytes received: 1184547 B, packets received: 976
[client] second 22.820516: 94847327.847392 bit/s, bytes received: 1185783 B, packets received: 976
[client] second 22.920579: 94704729.838897 bit/s, bytes received: 1184556 B, packets received: 976
[client] second 23.020653: 94736185.849266 bit/s, bytes received: 1185070 B, packets received: 977
[client] second 23.120710: 94807829.697495 bit/s, bytes received: 1185783 B, packets received: 977
[client] second 23.220725: 94750846.300726 bit/s, bytes received: 1184556 B, packets received: 976
[client] second 23.320740: 94749886.622462 bit/s, bytes received: 1184556 B, packets received: 976
[client] second 23.420847: 94662797.955576 bit/s, bytes received: 1184556 B, packets received: 977
[client] second 23.520867: 94746042.420145 bit/s, bytes received: 1184556 B, packets received: 975
[client] second 23.620893: 94837147.588678 bit/s, bytes received: 1185774 B, packets received: 977
[client] second 23.721000: 94663081.640101 bit/s, bytes received: 1184556 B, packets received: 977
[client] second 23.821020: 94843671.265747 bit/s, bytes received: 1185783 B, packets received: 976
[client] second 23.921102: 94686773.405669 bit/s, bytes received: 1184556 B, packets received: 976
[client] second 24.021148: 94721316.443310 bit/s, bytes received: 1184556 B, packets received: 977
[client] second 24.121221: 94792775.828359 bit/s, bytes received: 1185783 B, packets received: 976
[client] second 24.221332: 94799404.815179 bit/s, bytes received: 1186297 B, packets received: 978
[client] second 24.321361: 94736183.249425 bit/s, bytes received: 1184556 B, packets received: 976
[client] second 24.421379: 94649532.958834 bit/s, bytes received: 1183329 B, packets received: 976
[client] second 24.521469: 94777879.194857 bit/s, bytes received: 1185783 B, packets received: 977
[client] second 24.621494: 94838189.766296 bit/s, bytes received: 1185783 B, packets received: 976
[client] second 24.721510: 94749924.516596 bit/s, bytes received: 1184556 B, packets received: 976
[client] second 24.821608: 94670615.474847 bit/s, bytes received: 1184547 B, packets received: 976
[client] second 24.921631: 94742626.665733 bit/s, bytes received: 1184556 B, packets received: 976
[client] second 25.021705: 94792786.247886 bit/s, bytes received: 1185783 B, packets received: 977
[client] second 25.121760: 94712315.298103 bit/s, bytes received: 1184556 B, packets received: 976
[client] second 25.221774: 94751529.360967 bit/s, bytes received: 1184556 B, packets received: 976
[client] second 25.321789: 94848174.704876 bit/s, bytes received: 1185783 B, packets received: 977
[client] second 25.421823: 94732131.818948 bit/s, bytes received: 1184556 B, packets received: 976
[client] second 25.521866: 94764875.742298 bit/s, bytes received: 1185070 B, packets received: 977
[client] second 25.621887: 94743928.200949 bit/s, bytes received: 1184547 B, packets received: 976
[client] second 25.721902: 94751413.669311 bit/s, bytes received: 1184565 B, packets received: 976
[client] second 25.821914: 94752261.813029 bit/s, bytes received: 1184547 B, packets received: 976
[client] second 25.921940: 94739533.186121 bit/s, bytes received: 1184556 B, packets received: 976
[client] second 26.022003: 94705023.239360 bit/s, bytes received: 1184556 B, packets received: 976
[client] second 26.122055: 94714819.126036 bit/s, bytes received: 1184556 B, packets received: 976
[client] second 26.222078: 94840907.206114 bit/s, bytes received: 1185783 B, packets received: 977
[client] second 26.322091: 94752668.132391 bit/s, bytes received: 1184556 B, packets received: 976
[client] second 26.422202: 94658628.934780 bit/s, bytes received: 1184556 B, packets received: 977
[client] second 26.522282: 94784103.524785 bit/s, bytes received: 1185750 B, packets received: 976
[client] second 26.622326: 94725492.882153 bit/s, bytes received: 1184589 B, packets received: 976
[client] second 26.722340: 94751376.832098 bit/s, bytes received: 1184556 B, packets received: 976
[client] second 26.822410: 94739534.333128 bit/s, bytes received: 1185070 B, packets received: 978
[client] second 26.922496: 94780906.967579 bit/s, bytes received: 1185774 B, packets received: 976
[client] second 27.022538: 94724457.022419 bit/s, bytes received: 1184556 B, packets received: 976
[client] second 27.122561: 94840251.061932 bit/s, bytes received: 1185783 B, packets received: 977
[client] second 27.222582: 94745548.825718 bit/s, bytes received: 1184565 B, packets received: 976
[client] second 27.322685: 94666834.414916 bit/s, bytes received: 1184547 B, packets received: 976
[client] second 27.422715: 94735357.403781 bit/s, bytes received: 1184556 B, packets received: 977
[client] second 27.522804: 94778448.304371 bit/s, bytes received: 1185783 B, packets received: 976
[client] second 27.622837: 94832289.148783 bit/s, bytes received: 1185792 B, packets received: 977
[client] second 27.722856: 94745209.835366 bit/s, bytes received: 1184547 B, packets received: 976
[client] second 27.822866: 94755345.584686 bit/s, bytes received: 1184556 B, packets received: 976
[client] second 27.922974: 94661680.630076 bit/s, bytes received: 1184547 B, packets received: 976
[client] second 28.023010: 94771878.951470 bit/s, bytes received: 1185079 B, packets received: 977
[client] second 28.123058: 94817286.047565 bit/s, bytes received: 1185783 B, packets received: 977
[client] second 28.223076: 94649419.399672 bit/s, bytes received: 1183329 B, packets received: 976
[client] second 28.323179: 94764607.908411 bit/s, bytes received: 1185783 B, packets received: 977
[client] second 28.423194: 94750675.774046 bit/s, bytes received: 1184556 B, packets received: 976
[client] second 28.523207: 94752620.761985 bit/s, bytes received: 1184556 B, packets received: 975
[client] second 28.623229: 94743053.858370 bit/s, bytes received: 1184556 B, packets received: 977
[client] second 28.723245: 94748568.961938 bit/s, bytes received: 1184547 B, packets received: 976
[client] second 28.823264: 94844203.235333 bit/s, bytes received: 1185783 B, packets received: 976
[client] second 28.923278: 94653553.128754 bit/s, bytes received: 1183329 B, packets received: 976
[client] second 29.023300: 94743462.110365 bit/s, bytes received: 1184556 B, packets received: 976
[client] second 29.123317: 94845838.888017 bit/s, bytes received: 1185774 B, packets received: 976
[client] second 29.223414: 94671932.958627 bit/s, bytes received: 1184547 B, packets received: 977
[client] second 29.323478: 94844258.769970 bit/s, bytes received: 1186315 B, packets received: 977
[client] second 29.423492: 94653013.679337 bit/s, bytes received: 1183329 B, packets received: 976
[client] second 29.523517: 94740946.348927 bit/s, bytes received: 1184556 B, packets received: 976
[client] second 29.623533: 94749802.308124 bit/s, bytes received: 1184556 B, packets received: 976
[client] second 29.723562: 94834760.477115 bit/s, bytes received: 1185783 B, packets received: 976
[client] second 29.823582: 94745341.441029 bit/s, bytes received: 1184556 B, packets received: 976
[client] second 29.923670: 94779671.770925 bit/s, bytes received: 1185783 B, packets received: 977
[client] second 30.023684: 94750865.248172 bit/s, bytes received: 1184556 B, packets received: 976
[client] second 30.123703: 94647827.031040 bit/s, bytes received: 1183320 B, packets received: 976
[client] second 30.223717: 94751111.565669 bit/s, bytes received: 1184556 B, packets received: 976
[client] second 30.323732: 94848374.804429 bit/s, bytes received: 1185783 B, packets received: 976
[client] second 30.423805: 94695759.287485 bit/s, bytes received: 1184556 B, packets received: 976
[client] second 30.523898: 94717591.255733 bit/s, bytes received: 1185070 B, packets received: 978
[client] second 30.623915: 94846036.252894 bit/s, bytes received: 1185783 B, packets received: 976
[client] second 30.723933: 94649562.294996 bit/s, bytes received: 1183329 B, packets received: 976
[client] second 30.823981: 94817352.387979 bit/s, bytes received: 1185783 B, packets received: 976
[client] second 30.924058: 94691646.026626 bit/s, bytes received: 1184556 B, packets received: 977
[client] second 31.024079: 94743717.861668 bit/s, bytes received: 1184556 B, packets received: 976
[client] second 31.124116: 94728990.335733 bit/s, bytes received: 1184544 B, packets received: 976
[client] second 31.224138: 94842617.019411 bit/s, bytes received: 1185795 B, packets received: 976
[client] second 31.324152: 94652426.275311 bit/s, bytes received: 1183320 B, packets received: 976
[client] second 31.424180: 94737587.788330 bit/s, bytes received: 1184556 B, packets received: 976
[client] second 31.524198: 94846075.132978 bit/s, bytes received: 1185783 B, packets received: 976
[client] second 31.624299: 94669088.586268 bit/s, bytes received: 1184556 B, packets received: 977
[client] second 31.724318: 94843832.468022 bit/s, bytes received: 1185783 B, packets received: 976
[client] second 31.824419: 94709988.372538 bit/s, bytes received: 1185070 B, packets received: 977
[client] second 31.924477: 94709755.756027 bit/s, bytes received: 1184556 B, packets received: 976
[client] second 32.024490: 94751947.159949 bit/s, bytes received: 1184556 B, packets received: 976
[client] second 32.124500: 94754083.712971 bit/s, bytes received: 1184547 B, packets received: 976
[client] second 32.224526: 94741116.808107 bit/s, bytes received: 1184565 B, packets received: 976
[client] second 32.324541: 94750021.246919 bit/s, bytes received: 1184547 B, packets received: 977
[client] second 32.424625: 94782992.903233 bit/s, bytes received: 1185783 B, packets received: 976
[client] second 32.524673: 94719278.066121 bit/s, bytes received: 1184556 B, packets received: 977
[client] second 32.624692: 94843661.783277 bit/s, bytes received: 1185783 B, packets received: 976
[client] second 32.724715: 94743252.774216 bit/s, bytes received: 1184556 B, packets received: 976
[client] second 32.824788: 94695362.801645 bit/s, bytes received: 1184556 B, packets received: 976
[client] second 32.924833: 94721535.150394 bit/s, bytes received: 1184556 B, packets received: 977
[client] second 33.024853: 94843756.608059 bit/s, bytes received: 1185783 B, packets received: 976
[client] second 33.124913: 94650208.804744 bit/s, bytes received: 1183843 B, packets received: 977
[client] second 33.224989: 94790460.855677 bit/s, bytes received: 1185783 B, packets received: 976
[client] second 33.325039: 94815180.856597 bit/s, bytes received: 1185774 B, packets received: 977
[client] second 33.425117: 94690697.955060 bit/s, bytes received: 1184556 B, packets received: 976
[client] second 33.525165: 94718983.630593 bit/s, bytes received: 1184556 B, packets received: 977
[client] second 33.625183: 94845115.468015 bit/s, bytes received: 1185783 B, packets received: 976
[client] second 33.725200: 94650575.823218 bit/s, bytes received: 1183329 B, packets received: 976
[client] second 33.825224: 94839938.164002 bit/s, bytes received: 1185783 B, packets received: 976
[client] second 33.925289: 94703297.881437 bit/s, bytes received: 1184556 B, packets received: 976
[client] second 34.025344: 94711377.225017 bit/s, bytes received: 1184556 B, packets received: 977
[client] second 34.125362: 94845175.084339 bit/s, bytes received: 1185774 B, packets received: 976
[client] second 34.225376: 94752058.836960 bit/s, bytes received: 1184565 B, packets received: 976
[client] second 34.325424: 94661999.400428 bit/s, bytes received: 1183843 B, packets received: 976
[client] second 34.425449: 94740473.711366 bit/s, bytes received: 1184556 B, packets received: 976
[client] second 34.525462: 94752297.697085 bit/s, bytes received: 1184556 B, packets received: 977
[client] second 34.625481: 94844073.190748 bit/s, bytes received: 1185774 B, packets received: 976
[client] second 34.725505: 94742473.175535 bit/s, bytes received: 1184565 B, packets received: 976
[client] second 34.825602: 94671970.790720 bit/s, bytes received: 1184547 B, packets received: 977
[client] second 34.925621: 94747456.643794 bit/s, bytes received: 1184565 B, packets received: 976
[client] second 35.025733: 94755761.330351 bit/s, bytes received: 1185774 B, packets received: 977
[client] second 35.125808: 94791579.076744 bit/s, bytes received: 1185792 B, packets received: 976
[client] second 35.225869: 94706105.763994 bit/s, bytes received: 1184547 B, packets received: 977
[client] second 35.325886: 94845564.830801 bit/s, bytes received: 1185774 B, packets received: 976
[client] second 35.425899: 94655553.548577 bit/s, bytes received: 1183338 B, packets received: 976
[client] second 35.525914: 94846921.856247 bit/s, bytes received: 1185774 B, packets received: 976
[client] second 35.625928: 94694498.102944 bit/s, bytes received: 1183843 B, packets received: 976
[client] second 35.725981: 94715008.622631 bit/s, bytes received: 1184565 B, packets received: 976
[client] second 35.826003: 94743434.690956 bit/s, bytes received: 1184547 B, packets received: 977
[client] second 35.926020: 94846662.245112 bit/s, bytes received: 1185792 B, packets received: 976
[client] second 36.026039: 94746680.963290 bit/s, bytes received: 1184547 B, packets received: 976
[client] second 36.126103: 94704064.738049 bit/s, bytes received: 1184565 B, packets received: 976
[client] second 36.226123: 94744194.376419 bit/s, bytes received: 1184547 B, packets received: 976
[client] second 36.326172: 94816650.132020 bit/s, bytes received: 1185783 B, packets received: 977
[client] second 36.426247: 94693665.236326 bit/s, bytes received: 1184556 B, packets received: 976
[client] second 36.526297: 94716545.850476 bit/s, bytes received: 1184556 B, packets received: 977
[client] second 36.626316: 94745561.272591 bit/s, bytes received: 1184547 B, packets received: 976
[client] second 36.726345: 94835907.849755 bit/s, bytes received: 1185792 B, packets received: 976
[client] second 36.826394: 94759486.243614 bit/s, bytes received: 1185070 B, packets received: 977
[client] second 36.926438: 94723442.962805 bit/s, bytes received: 1184556 B, packets received: 976
[client] second 37.026527: 94680167.311010 bit/s, bytes received: 1184556 B, packets received: 977
[client] second 37.126549: 94841581.375271 bit/s, bytes received: 1185783 B, packets received: 976
[client] second 37.226615: 94701610.441876 bit/s, bytes received: 1184556 B, packets received: 976
[client] second 37.326664: 94718195.953547 bit/s, bytes received: 1184556 B, packets received: 976
[client] second 37.426679: 94750106.408858 bit/s, bytes received: 1184556 B, packets received: 976
[client] second 37.526692: 94751464.102503 bit/s, bytes received: 1184547 B, packets received: 976
[client] second 37.626715: 94841458.108746 bit/s, bytes received: 1185783 B, packets received: 977
[client] second 37.726823: 94660923.212849 bit/s, bytes received: 1184547 B, packets received: 977
[client] second 37.826833: 94755647.683157 bit/s, bytes received: 1184565 B, packets received: 975
[client] second 37.926854: 94744724.777437 bit/s, bytes received: 1184556 B, packets received: 977
[client] second 38.026880: 94740358.157410 bit/s, bytes received: 1184556 B, packets received: 976
[client] second 38.126931: 94756821.083643 bit/s, bytes received: 1185070 B, packets received: 976
[client] second 38.226960: 94736724.034592 bit/s, bytes received: 1184556 B, packets received: 977
[client] second 38.327063: 94764800.294418 bit/s, bytes received: 1185774 B, packets received: 976
[client] second 38.427096: 94831605.636852 bit/s, bytes received: 1185792 B, packets received: 977
[client] second 38.527113: 94747705.001388 bit/s, bytes received: 1184547 B, packets received: 976
[client] second 38.627199: 94684242.132449 bit/s, bytes received: 1184565 B, packets received: 976
[client] second 38.727216: 94747431.227702 bit/s, bytes received: 1184547 B, packets received: 976
[client] second 38.827238: 94743709.336602 bit/s, bytes received: 1184556 B, packets received: 976
[client] second 38.927253: 94848088.406277 bit/s, bytes received: 1185783 B, packets received: 977
[client] second 39.027277: 94644044.577668 bit/s, bytes received: 1183329 B, packets received: 976
[client] second 39.127383: 94762133.386088 bit/s, bytes received: 1185783 B, packets received: 977
[client] second 39.227403: 94843072.925625 bit/s, bytes received: 1185783 B, packets received: 976
[client] second 39.327510: 94704452.803273 bit/s, bytes received: 1185070 B, packets received: 977
[client] second 39.427568: 94710248.911473 bit/s, bytes received: 1184556 B, packets received: 977
[client] second 39.527591: 94741337.567638 bit/s, bytes received: 1184547 B, packets received: 976
[client] second 39.627664: 94794350.660663 bit/s, bytes received: 1185792 B, packets received: 976
[client] second 39.727688: 94740863.028223 bit/s, bytes received: 1184547 B, packets received: 976
[client] second 39.827728: 94726753.176013 bit/s, bytes received: 1184556 B, packets received: 977
[client] second 39.927749: 94842911.725932 bit/s, bytes received: 1185783 B, packets received: 976
[client] second 40.027771: 94645391.064674 bit/s, bytes received: 1183329 B, packets received: 976
[client] total: bytes received: 452629644 B, packets received: 373040
