Bandwidth: 100 Mbit/s
RTT: 220 ms
BDP: 2750000 B/s
Max In-Flight Packets: 2148
[server] starting server with pid 147771, port 18080, cc cubic, iw 32
[server][session 0] open
[client] connection establishment time: 0.445266 s
[server][session 0][stream 0] open
[client] time to first byte: 0.666321 s
[client] second 1.000478: 6940039.248605 bit/s, bytes received: 867919 B, packets received: 723
[client] second 2.000518: 51794429.313382 bit/s, bytes received: 6474567 B, packets received: 5354
[client] second 3.000570: 59168771.197555 bit/s, bytes received: 7396474 B, packets received: 6135
[client] second 4.000693: 88367985.807185 bit/s, bytes received: 11047356 B, packets received: 9111
[client] second 5.000728: 94623748.521494 bit/s, bytes received: 11828382 B, packets received: 9747
[client] second 6.000779: 94743991.263290 bit/s, bytes received: 11843609 B, packets received: 9758
[client] second 7.000803: 94746698.017332 bit/s, bytes received: 11843620 B, packets received: 9759
[client] second 8.000906: 94748944.574462 bit/s, bytes received: 11844838 B, packets received: 9761
[client] second 9.000940: 94751428.155062 bit/s, bytes received: 11844324 B, packets received: 9758
[client] second 10.001024: 94750745.021603 bit/s, bytes received: 11844847 B, packets received: 9761
[client] second 11.001116: 94749925.239870 bit/s, bytes received: 11844829 B, packets received: 9760
[client] second 12.001155: 94755087.847716 bit/s, bytes received: 11844847 B, packets received: 9759
[client] second 13.001180: 94752200.738710 bit/s, bytes received: 11844324 B, packets received: 9759
[client] second 14.001241: 94743107.344049 bit/s, bytes received: 11843611 B, packets received: 9760
[client] second 15.001325: 94750764.075472 bit/s, bytes received: 11844838 B, packets received: 9760
[client] second 16.001416: 94750153.641268 bit/s, bytes received: 11844847 B, packets received: 9760
[client] second 17.001444: 94751957.611323 bit/s, bytes received: 11844324 B, packets received: 9759
[client] second 18.001661: 94757851.326491 bit/s, bytes received: 11847301 B, packets received: 9761
[client] second 19.001717: 94743575.159279 bit/s, bytes received: 11843611 B, packets received: 9760
[client] second 20.001765: 94749999.278035 bit/s, bytes received: 11844324 B, packets received: 9759
[client] second 21.001845: 94751134.237135 bit/s, bytes received: 11844838 B, packets received: 9759
[client] second 22.001932: 94750474.447542 bit/s, bytes received: 11844838 B, packets received: 9761
[client] second 23.002023: 94750059.667806 bit/s, bytes received: 11844838 B, packets received: 9760
[client] second 24.002051: 77127166.574833 bit/s, bytes received: 9641163 B, packets received: 7953
[client] second 25.002132: 70743660.378468 bit/s, bytes received: 8843679 B, packets received: 7287
[client] second 26.002154: 67975152.499738 bit/s, bytes received: 8497080 B, packets received: 7001
[client] second 27.002615: 69771024.328347 bit/s, bytes received: 8725391 B, packets received: 7190
[client] second 28.002645: 69738002.823972 bit/s, bytes received: 8717515 B, packets received: 7183
[client] second 29.003196: 68751809.927419 bit/s, bytes received: 8598713 B, packets received: 7085
[client] second 30.003487: 71566913.202286 bit/s, bytes received: 8948470 B, packets received: 7374
[client] second 31.003602: 69001821.719111 bit/s, bytes received: 8626212 B, packets received: 7108
[client] second 32.003645: 72240704.464463 bit/s, bytes received: 9030480 B, packets received: 7441
[client] second 33.003693: 69389087.208950 bit/s, bytes received: 8674056 B, packets received: 7146
[client] second 34.003718: 72707452.266983 bit/s, bytes received: 9088654 B, packets received: 7489
[client] second 35.003776: 69667385.265840 bit/s, bytes received: 8708926 B, packets received: 7176
[client] second 36.003798: 73109988.937196 bit/s, bytes received: 9138952 B, packets received: 7531
[client] second 37.003875: 70052831.767138 bit/s, bytes received: 8757284 B, packets received: 7216
[client] second 38.004560: 73110673.179649 bit/s, bytes received: 9145078 B, packets received: 7534
[client] second 39.004646: 71031962.825207 bit/s, bytes received: 8879767 B, packets received: 7318
[client] second 40.004684: 71873817.372858 bit/s, bytes received: 8984567 B, packets received: 7402
[client] total: bytes received: 401823293 B, packets received: 331178
