Bandwidth: 100 Mbit/s
RTT: 220 ms
BDP: 2750000 B/s
Max In-Flight Packets: 2148
[server] starting server with pid 1234100, port 18080, cc cubic, iw 32
[server][session 0] open
[client] connection establishment time: 0.445125 s
[server][session 0][stream 0] open
[client] time to first byte: 0.666051 s
[client] second 0.100952: 2044305.833724 bit/s, bytes received: 25797 B, packets received: 27
[client] second 0.202302: 1065373.105697 bit/s, bytes received: 13497 B, packets received: 11
[client] second 0.303005: 2961986.476468 bit/s, bytes received: 37285 B, packets received: 31
[client] second 0.403994: 3207550.334730 bit/s, bytes received: 40491 B, packets received: 33
[client] second 0.504294: 3954946.747751 bit/s, bytes received: 49585 B, packets received: 41
[client] second 0.604395: 5825556.013660 bit/s, bytes received: 72893 B, packets received: 60
[client] second 0.704779: 7708089.722687 bit/s, bytes received: 96721 B, packets received: 81
[client] second 0.804857: 10379455.241472 bit/s, bytes received: 129845 B, packets received: 106
[client] second 0.905400: 14040980.676137 bit/s, bytes received: 176464 B, packets received: 145
[client] second 1.005833: 18926928.481637 bit/s, bytes received: 237611 B, packets received: 197
[client] second 1.106338: 13403268.801409 bit/s, bytes received: 168387 B, packets received: 141
[client] second 1.206458: 17376378.197091 bit/s, bytes received: 217467 B, packets received: 182
[client] second 1.306504: 43101112.368765 bit/s, bytes received: 539012 B, packets received: 443
[client] second 1.406832: 23291410.523390 bit/s, bytes received: 292097 B, packets received: 244
[client] second 1.506926: 38627174.835158 bit/s, bytes received: 483292 B, packets received: 402
[client] second 1.606959: 88706545.647953 bit/s, bytes received: 1109204 B, packets received: 913
[client] second 1.707208: 40272491.056480 bit/s, bytes received: 504656 B, packets received: 420
[client] second 1.807294: 67077110.509345 bit/s, bytes received: 839186 B, packets received: 697
[client] second 1.907319: 94838797.526302 bit/s, bytes received: 1185783 B, packets received: 976
[client] second 2.007395: 94693286.162410 bit/s, bytes received: 1184563 B, packets received: 977
[client] second 2.107489: 10279792.517520 bit/s, bytes received: 128618 B, packets received: 987
[client] second 2.207537: 0.000000 bit/s, bytes received: 0 B, packets received: 984
[client] second 2.307557: 0.000000 bit/s, bytes received: 0 B, packets received: 976
[client] second 2.408406: 1500056.346313 bit/s, bytes received: 18910 B, packets received: 752
[client] second 2.508605: 0.000000 bit/s, bytes received: 0 B, packets received: 0
[client] second 2.609061: 400694094.459297 bit/s, bytes received: 5031548 B, packets received: 600
[client] second 2.709264: 0.000000 bit/s, bytes received: 0 B, packets received: 0
[client] second 2.809625: 0.000000 bit/s, bytes received: 0 B, packets received: 9
[client] second 2.909643: 84754437.947767 bit/s, bytes received: 1059619 B, packets received: 873
[client] second 3.009750: 94858451.525142 bit/s, bytes received: 1187010 B, packets received: 978
[client] second 3.109783: 71904837.109191 bit/s, bytes received: 899099 B, packets received: 977
[client] second 3.209843: 0.000000 bit/s, bytes received: 0 B, packets received: 977
[client] second 3.309858: 0.000000 bit/s, bytes received: 0 B, packets received: 976
[client] second 3.409994: 306127929.542920 bit/s, bytes received: 3831763 B, packets received: 976
[client] second 3.510074: 88468362.743269 bit/s, bytes received: 1106750 B, packets received: 912
[client] second 3.610121: 74445000.771187 bit/s, bytes received: 931001 B, packets received: 768
[client] second 3.710172: 70714362.082941 bit/s, bytes received: 884375 B, packets received: 729
[client] second 3.810215: 94821588.889522 bit/s, bytes received: 1185783 B, packets received: 977
[client] second 3.910257: 94038173.352782 bit/s, bytes received: 1175967 B, packets received: 970
[client] second 4.010280: 94742531.945050 bit/s, bytes received: 1184556 B, packets received: 976
[client] second 4.110304: 94447165.508795 bit/s, bytes received: 1180875 B, packets received: 972
[client] second 4.210364: 94707365.775995 bit/s, bytes received: 1184556 B, packets received: 976
[client] second 4.310441: 94495807.395152 bit/s, bytes received: 1182102 B, packets received: 975
[client] second 4.410473: 94537839.824012 bit/s, bytes received: 1182102 B, packets received: 974
[client] second 4.510511: 94728649.835486 bit/s, bytes received: 1184556 B, packets received: 976
[client] second 4.610569: 94610404.181783 bit/s, bytes received: 1183318 B, packets received: 974
[client] second 4.710590: 94745822.463950 bit/s, bytes received: 1184567 B, packets received: 976
[client] second 4.810687: 94574350.107647 bit/s, bytes received: 1183322 B, packets received: 976
[client] second 4.910727: 94726316.661543 bit/s, bytes received: 1184556 B, packets received: 975
[client] second 5.010759: 94635351.527566 bit/s, bytes received: 1183329 B, packets received: 975
[client] second 5.110782: 94841515.000949 bit/s, bytes received: 1185783 B, packets received: 977
[client] second 5.210888: 94664230.562384 bit/s, bytes received: 1184554 B, packets received: 977
[client] second 5.310904: 94748431.099422 bit/s, bytes received: 1184555 B, packets received: 976
[client] second 5.410968: 94745372.675385 bit/s, bytes received: 1185071 B, packets received: 977
[client] second 5.510984: 94749450.842107 bit/s, bytes received: 1184556 B, packets received: 976
[client] second 5.611001: 94748444.773207 bit/s, bytes received: 1184556 B, packets received: 976
[client] second 5.711021: 94745863.385303 bit/s, bytes received: 1184556 B, packets received: 976
[client] second 5.811038: 94845544.916670 bit/s, bytes received: 1185774 B, packets received: 976
[client] second 5.911057: 94747124.143656 bit/s, bytes received: 1184565 B, packets received: 976
[client] second 6.011119: 94704854.527532 bit/s, bytes received: 1184547 B, packets received: 976
[client] second 6.111172: 94812207.490592 bit/s, bytes received: 1185783 B, packets received: 977
[client] second 6.211187: 94652425.024006 bit/s, bytes received: 1183329 B, packets received: 976
[client] second 6.311257: 94796497.639702 bit/s, bytes received: 1185783 B, packets received: 976
[client] second 6.411382: 94743841.644401 bit/s, bytes received: 1185783 B, packets received: 977
[client] second 6.511447: 94801290.293000 bit/s, bytes received: 1185783 B, packets received: 977
[client] second 6.611500: 94657477.890020 bit/s, bytes received: 1183843 B, packets received: 977
[client] second 6.711588: 94778743.751606 bit/s, bytes received: 1185783 B, packets received: 976
[client] second 6.811627: 94727587.393814 bit/s, bytes received: 1184556 B, packets received: 976
[client] second 6.911650: 94742826.526997 bit/s, bytes received: 1184556 B, packets received: 976
[client] second 7.011760: 94757602.303200 bit/s, bytes received: 1185774 B, packets received: 978
[client] second 7.111771: 94755182.482108 bit/s, bytes received: 1184565 B, packets received: 975
[client] second 7.211864: 94772910.230441 bit/s, bytes received: 1185774 B, packets received: 977
[client] second 7.311909: 94722274.596108 bit/s, bytes received: 1184556 B, packets received: 977
[client] second 7.411920: 94753287.866625 bit/s, bytes received: 1184547 B, packets received: 976
[client] second 7.511940: 94746810.591532 bit/s, bytes received: 1184565 B, packets received: 976
[client] second 7.611957: 94845847.542693 bit/s, bytes received: 1185783 B, packets received: 976
[client] second 7.711971: 94750883.248254 bit/s, bytes received: 1184556 B, packets received: 976
[client] second 7.811995: 94741130.133656 bit/s, bytes received: 1184547 B, packets received: 976
[client] second 7.912042: 94664558.451023 bit/s, bytes received: 1183852 B, packets received: 976
[client] second 8.012060: 94745969.549298 bit/s, bytes received: 1184547 B, packets received: 977
[client] second 8.112081: 94844134.145567 bit/s, bytes received: 1185792 B, packets received: 976
[client] second 8.212102: 94743227.247791 bit/s, bytes received: 1184547 B, packets received: 976
[client] second 8.312131: 94638782.953324 bit/s, bytes received: 1183329 B, packets received: 976
[client] second 8.412210: 94787955.621886 bit/s, bytes received: 1185783 B, packets received: 976
[client] second 8.512296: 94781551.539212 bit/s, bytes received: 1185783 B, packets received: 977
[client] second 8.612406: 94758577.078238 bit/s, bytes received: 1185783 B, packets received: 977
[client] second 8.712463: 94710106.927613 bit/s, bytes received: 1184556 B, packets received: 977
[client] second 8.812491: 94737654.085869 bit/s, bytes received: 1184556 B, packets received: 976
[client] second 8.912595: 94764051.422709 bit/s, bytes received: 1185781 B, packets received: 977
[client] second 9.012608: 94752389.187147 bit/s, bytes received: 1184555 B, packets received: 975
[client] second 9.112678: 94739290.385469 bit/s, bytes received: 1185073 B, packets received: 978
[client] second 9.212701: 94840206.334760 bit/s, bytes received: 1185774 B, packets received: 976
[client] second 9.312718: 94650320.309855 bit/s, bytes received: 1183329 B, packets received: 976
[client] second 9.412734: 94846911.536660 bit/s, bytes received: 1185783 B, packets received: 976
[client] second 9.512843: 94662078.350124 bit/s, bytes received: 1184556 B, packets received: 977
[client] second 9.612929: 94780109.272050 bit/s, bytes received: 1185783 B, packets received: 976
[client] second 9.712976: 94819148.353033 bit/s, bytes received: 1185783 B, packets received: 977
[client] second 9.812993: 94747561.875352 bit/s, bytes received: 1184556 B, packets received: 976
[client] second 9.913009: 94651088.746799 bit/s, bytes received: 1183329 B, packets received: 976
[client] second 10.013023: 94751841.999314 bit/s, bytes received: 1184556 B, packets received: 976
[client] second 10.113039: 94847377.160067 bit/s, bytes received: 1185783 B, packets received: 976
[client] second 10.213055: 94749223.480035 bit/s, bytes received: 1184556 B, packets received: 976
[client] second 10.313067: 94753399.537458 bit/s, bytes received: 1184556 B, packets received: 976
[client] second 10.413117: 94659876.251980 bit/s, bytes received: 1183843 B, packets received: 977
[client] second 10.513144: 94738235.624558 bit/s, bytes received: 1184547 B, packets received: 976
[client] second 10.613163: 94746014.949147 bit/s, bytes received: 1184556 B, packets received: 976
[client] second 10.713202: 94728470.866370 bit/s, bytes received: 1184556 B, packets received: 975
[client] second 10.813382: 94790306.903961 bit/s, bytes received: 1187019 B, packets received: 979
[client] second 10.913403: 94743464.055130 bit/s, bytes received: 1184547 B, packets received: 976
[client] second 11.013428: 94839652.764963 bit/s, bytes received: 1185783 B, packets received: 976
[client] second 11.113481: 94714203.806336 bit/s, bytes received: 1184556 B, packets received: 976
[client] second 11.213540: 94708523.363141 bit/s, bytes received: 1184556 B, packets received: 976
[client] second 11.313558: 94746612.683780 bit/s, bytes received: 1184556 B, packets received: 977
[client] second 11.413574: 94749386.518065 bit/s, bytes received: 1184547 B, packets received: 976
[client] second 11.513600: 94838208.729049 bit/s, bytes received: 1185783 B, packets received: 976
[client] second 11.613636: 94673641.990130 bit/s, bytes received: 1183852 B, packets received: 976
[client] second 11.713652: 94748881.491640 bit/s, bytes received: 1184556 B, packets received: 976
[client] second 11.813669: 94749194.112514 bit/s, bytes received: 1184556 B, packets received: 977
[client] second 11.913686: 94747914.274668 bit/s, bytes received: 1184556 B, packets received: 975
[client] second 12.013696: 94754784.690430 bit/s, bytes received: 1184556 B, packets received: 976
[client] second 12.113715: 94746556.793851 bit/s, bytes received: 1184556 B, packets received: 977
[client] second 12.213743: 94836745.774934 bit/s, bytes received: 1185783 B, packets received: 976
[client] second 12.313766: 94741868.905567 bit/s, bytes received: 1184556 B, packets received: 976
[client] second 12.413791: 94740768.310346 bit/s, bytes received: 1184547 B, packets received: 976
[client] second 12.513852: 94706702.282139 bit/s, bytes received: 1184556 B, packets received: 976
[client] second 12.613894: 94724106.691246 bit/s, bytes received: 1184556 B, packets received: 976
[client] second 12.713921: 94739780.391854 bit/s, bytes received: 1184556 B, packets received: 977
[client] second 12.813949: 94835833.703245 bit/s, bytes received: 1185783 B, packets received: 976
[client] second 12.913987: 94671120.371381 bit/s, bytes received: 1183843 B, packets received: 977
[client] second 13.014068: 94785811.360602 bit/s, bytes received: 1185783 B, packets received: 976
[client] second 13.114119: 94716489.996014 bit/s, bytes received: 1184556 B, packets received: 976
[client] second 13.214135: 94748758.338529 bit/s, bytes received: 1184556 B, packets received: 977
[client] second 13.314154: 94845334.520263 bit/s, bytes received: 1185783 B, packets received: 976
[client] second 13.414177: 94742295.144169 bit/s, bytes received: 1184556 B, packets received: 976
[client] second 13.514203: 94739466.885953 bit/s, bytes received: 1184556 B, packets received: 976
[client] second 13.614304: 94668408.086008 bit/s, bytes received: 1184547 B, packets received: 977
[client] second 13.714326: 94842370.288622 bit/s, bytes received: 1185783 B, packets received: 976
[client] second 13.814436: 94659909.198309 bit/s, bytes received: 1184556 B, packets received: 977
[client] second 13.914453: 94748805.705072 bit/s, bytes received: 1184556 B, packets received: 976
[client] second 14.014561: 94759658.046425 bit/s, bytes received: 1185783 B, packets received: 976
[client] second 14.114626: 94744334.523524 bit/s, bytes received: 1185070 B, packets received: 978
[client] second 14.214648: 94841705.590325 bit/s, bytes received: 1185783 B, packets received: 976
[client] second 14.314715: 94701259.333294 bit/s, bytes received: 1184556 B, packets received: 976
[client] second 14.414771: 94711424.554193 bit/s, bytes received: 1184556 B, packets received: 977
[client] second 14.514798: 94738774.528307 bit/s, bytes received: 1184556 B, packets received: 976
[client] second 14.614873: 94790729.318560 bit/s, bytes received: 1185774 B, packets received: 976
[client] second 14.714920: 94719809.190788 bit/s, bytes received: 1184556 B, packets received: 977
[client] second 14.814942: 94744297.569732 bit/s, bytes received: 1184556 B, packets received: 976
[client] second 14.915059: 94751540.975660 bit/s, bytes received: 1185783 B, packets received: 977
[client] second 15.015076: 94748368.987337 bit/s, bytes received: 1184556 B, packets received: 976
[client] second 15.115087: 94753295.321020 bit/s, bytes received: 1184556 B, packets received: 976
[client] second 15.215103: 94750002.199664 bit/s, bytes received: 1184556 B, packets received: 976
[client] second 15.315126: 94742246.836935 bit/s, bytes received: 1184556 B, packets received: 976
[client] second 15.415169: 94765361.679777 bit/s, bytes received: 1185070 B, packets received: 977
[client] second 15.515186: 94748301.727480 bit/s, bytes received: 1184556 B, packets received: 975
[client] second 15.615218: 94733061.426090 bit/s, bytes received: 1184544 B, packets received: 977
[client] second 15.715242: 94840121.216112 bit/s, bytes received: 1185786 B, packets received: 976
[client] second 15.815354: 94756784.353495 bit/s, bytes received: 1185783 B, packets received: 977
[client] second 15.915417: 94703593.859785 bit/s, bytes received: 1184547 B, packets received: 976
[client] second 16.015450: 94733905.601624 bit/s, bytes received: 1184565 B, packets received: 976
[client] second 16.115490: 94726876.271926 bit/s, bytes received: 1184556 B, packets received: 977
[client] second 16.215509: 94745949.587180 bit/s, bytes received: 1184556 B, packets received: 975
[client] second 16.315535: 94837744.910445 bit/s, bytes received: 1185774 B, packets received: 977
[client] second 16.415637: 94766419.638695 bit/s, bytes received: 1185792 B, packets received: 977
[client] second 16.515664: 94739676.205373 bit/s, bytes received: 1184556 B, packets received: 976
[client] second 16.615711: 94760852.977615 bit/s, bytes received: 1185070 B, packets received: 977
[client] second 16.715779: 94699448.941417 bit/s, bytes received: 1184556 B, packets received: 976
[client] second 16.815812: 94733137.541444 bit/s, bytes received: 1184556 B, packets received: 976
[client] second 16.915856: 94722334.134390 bit/s, bytes received: 1184547 B, packets received: 976
[client] second 17.015871: 94750931.564296 bit/s, bytes received: 1184556 B, packets received: 976
[client] second 17.115894: 94839833.865150 bit/s, bytes received: 1185783 B, packets received: 977
[client] second 17.215913: 94748044.918987 bit/s, bytes received: 1184565 B, packets received: 976
[client] second 17.315993: 94687239.454307 bit/s, bytes received: 1184547 B, packets received: 976
[client] second 17.416096: 94765727.828436 bit/s, bytes received: 1185783 B, packets received: 977
[client] second 17.516161: 94702236.954761 bit/s, bytes received: 1184556 B, packets received: 976
[client] second 17.616179: 94845970.820628 bit/s, bytes received: 1185783 B, packets received: 977
[client] second 17.716247: 94700082.996561 bit/s, bytes received: 1184556 B, packets received: 976
[client] second 17.816283: 94729070.214487 bit/s, bytes received: 1184547 B, packets received: 976
[client] second 17.916361: 94733510.665708 bit/s, bytes received: 1185079 B, packets received: 978
[client] second 18.016378: 94747695.445752 bit/s, bytes received: 1184556 B, packets received: 976
[client] second 18.116541: 94806635.877466 bit/s, bytes received: 1187010 B, packets received: 977
[client] second 18.216584: 94723556.581850 bit/s, bytes received: 1184556 B, packets received: 976
[client] second 18.316625: 94823753.726834 bit/s, bytes received: 1185783 B, packets received: 977
[client] second 18.416649: 94741327.114480 bit/s, bytes received: 1184556 B, packets received: 976
[client] second 18.516756: 94761630.734951 bit/s, bytes received: 1185783 B, packets received: 977
[client] second 18.616859: 94667042.999323 bit/s, bytes received: 1184556 B, packets received: 976
[client] second 18.716953: 94773252.040856 bit/s, bytes received: 1185774 B, packets received: 977
[client] second 18.817001: 94718576.536253 bit/s, bytes received: 1184556 B, packets received: 977
[client] second 18.917019: 94747041.884459 bit/s, bytes received: 1184547 B, packets received: 976
[client] second 19.017043: 94741629.230064 bit/s, bytes received: 1184565 B, packets received: 976
[client] second 19.117081: 94770021.438552 bit/s, bytes received: 1185070 B, packets received: 976
[client] second 19.217094: 94751719.785896 bit/s, bytes received: 1184556 B, packets received: 976
[client] second 19.317111: 94748225.941840 bit/s, bytes received: 1184556 B, packets received: 977
[client] second 19.417134: 94743396.751921 bit/s, bytes received: 1184556 B, packets received: 975
[client] second 19.517245: 94757343.744484 bit/s, bytes received: 1185783 B, packets received: 978
[client] second 19.617267: 94742942.133325 bit/s, bytes received: 1184547 B, packets received: 976
[client] second 19.717287: 94844335.174807 bit/s, bytes received: 1185792 B, packets received: 976
[client] second 19.817360: 94695012.367971 bit/s, bytes received: 1184547 B, packets received: 976
[client] second 19.917375: 94750352.722409 bit/s, bytes received: 1184556 B, packets received: 976
[client] second 20.017481: 94761839.935624 bit/s, bytes received: 1185783 B, packets received: 977
[client] second 20.117541: 94707223.800779 bit/s, bytes received: 1184556 B, packets received: 977
[client] second 20.217561: 94746233.770301 bit/s, bytes received: 1184556 B, packets received: 976
[client] second 20.317614: 94754694.935240 bit/s, bytes received: 1185070 B, packets received: 977
[client] second 20.417632: 94845600.039497 bit/s, bytes received: 1185783 B, packets received: 976
[client] second 20.517661: 94736934.288986 bit/s, bytes received: 1184556 B, packets received: 976
[client] second 20.617680: 94746708.359913 bit/s, bytes received: 1184556 B, packets received: 976
[client] second 20.717769: 94680811.513673 bit/s, bytes received: 1184556 B, packets received: 976
[client] second 20.817795: 94738453.464311 bit/s, bytes received: 1184547 B, packets received: 976
[client] second 20.917821: 94838380.342308 bit/s, bytes received: 1185783 B, packets received: 977
[client] second 21.017841: 94746072.732989 bit/s, bytes received: 1184556 B, packets received: 976
[client] second 21.117861: 94744553.325545 bit/s, bytes received: 1184556 B, packets received: 976
[client] second 21.217915: 94713464.486624 bit/s, bytes received: 1184556 B, packets received: 976
[client] second 21.317970: 94810953.808531 bit/s, bytes received: 1185783 B, packets received: 977
[client] second 21.418081: 94659151.815184 bit/s, bytes received: 1184556 B, packets received: 977
[client] second 21.518103: 94743898.782867 bit/s, bytes received: 1184556 B, packets received: 976
[client] second 21.618154: 94755958.446214 bit/s, bytes received: 1185061 B, packets received: 977
[client] second 21.718173: 94845161.110486 bit/s, bytes received: 1185792 B, packets received: 976
[client] second 21.818198: 94740389.440733 bit/s, bytes received: 1184547 B, packets received: 976
[client] second 21.918301: 94666769.680515 bit/s, bytes received: 1184554 B, packets received: 977
[client] second 22.018317: 94749419.169335 bit/s, bytes received: 1184555 B, packets received: 975
[client] second 22.118342: 94741669.315169 bit/s, bytes received: 1184568 B, packets received: 976
[client] second 22.218362: 94744982.491920 bit/s, bytes received: 1184547 B, packets received: 977
[client] second 22.318387: 94839159.720836 bit/s, bytes received: 1185783 B, packets received: 976
[client] second 22.418485: 94671685.653873 bit/s, bytes received: 1184556 B, packets received: 976
[client] second 22.518507: 94743264.140861 bit/s, bytes received: 1184556 B, packets received: 977
[client] second 22.618526: 94844678.314821 bit/s, bytes received: 1185783 B, packets received: 976
[client] second 22.718545: 94746366.389674 bit/s, bytes received: 1184556 B, packets received: 976
[client] second 22.818594: 94758936.909108 bit/s, bytes received: 1185070 B, packets received: 977
[client] second 22.918610: 94651657.511735 bit/s, bytes received: 1183329 B, packets received: 976
[client] second 23.018683: 94792560.283640 bit/s, bytes received: 1185774 B, packets received: 976
[client] second 23.118731: 94718803.751267 bit/s, bytes received: 1184556 B, packets received: 976
[client] second 23.218753: 94745141.506092 bit/s, bytes received: 1184565 B, packets received: 977
[client] second 23.318773: 94842315.145036 bit/s, bytes received: 1185774 B, packets received: 976
[client] second 23.418786: 94654303.636153 bit/s, bytes received: 1183329 B, packets received: 976
[client] second 23.518794: 94756607.621039 bit/s, bytes received: 1184556 B, packets received: 976
[client] second 23.618875: 94786343.628423 bit/s, bytes received: 1185783 B, packets received: 976
[client] second 23.718930: 94810393.784401 bit/s, bytes received: 1185783 B, packets received: 977
[client] second 23.819041: 94656628.211177 bit/s, bytes received: 1184523 B, packets received: 976
[client] second 23.919058: 94751093.799995 bit/s, bytes received: 1184589 B, packets received: 976
[client] second 24.019181: 94842850.443138 bit/s, bytes received: 1187001 B, packets received: 978
[client] second 24.119236: 94656822.872115 bit/s, bytes received: 1183852 B, packets received: 976
[client] second 24.219261: 94740483.183015 bit/s, bytes received: 1184556 B, packets received: 977
[client] second 24.319284: 94840139.961858 bit/s, bytes received: 1185774 B, packets received: 976
[client] second 24.419384: 94669403.006024 bit/s, bytes received: 1184547 B, packets received: 977
[client] second 24.519409: 94840333.877204 bit/s, bytes received: 1185801 B, packets received: 976
[client] second 24.619510: 94666703.375976 bit/s, bytes received: 1184538 B, packets received: 977
[client] second 24.719522: 94754233.145056 bit/s, bytes received: 1184565 B, packets received: 976
[client] second 24.819543: 94744252.158481 bit/s, bytes received: 1184547 B, packets received: 976
[client] second 24.919556: 94752268.210435 bit/s, bytes received: 1184565 B, packets received: 976
[client] second 25.019582: 94739393.028113 bit/s, bytes received: 1184547 B, packets received: 976
[client] second 25.119621: 94826448.804803 bit/s, bytes received: 1185792 B, packets received: 976
[client] second 25.219695: 94693202.201176 bit/s, bytes received: 1184547 B, packets received: 976
[client] second 25.319757: 94748174.940003 bit/s, bytes received: 1185079 B, packets received: 977
[client] second 25.419776: 94745656.947327 bit/s, bytes received: 1184547 B, packets received: 977
[client] second 25.519795: 94747228.345727 bit/s, bytes received: 1184565 B, packets received: 976
[client] second 25.619821: 94738852.208366 bit/s, bytes received: 1184547 B, packets received: 976
[client] second 25.719924: 94863890.826756 bit/s, bytes received: 1187019 B, packets received: 977
[client] second 25.819941: 94747469.120159 bit/s, bytes received: 1184547 B, packets received: 976
[client] second 25.919965: 94742853.950467 bit/s, bytes received: 1184565 B, packets received: 976
[client] second 26.020067: 94667033.958053 bit/s, bytes received: 1184547 B, packets received: 977
[client] second 26.120083: 94748777.285141 bit/s, bytes received: 1184556 B, packets received: 976
[client] second 26.220101: 94748435.299966 bit/s, bytes received: 1184556 B, packets received: 976
[client] second 26.320122: 94743852.368462 bit/s, bytes received: 1184556 B, packets received: 976
[client] second 26.420141: 94843522.253553 bit/s, bytes received: 1185774 B, packets received: 976
[client] second 26.520203: 94706843.537149 bit/s, bytes received: 1184565 B, packets received: 976
[client] second 26.620366: 94749366.854205 bit/s, bytes received: 1186297 B, packets received: 978
[client] second 26.720425: 94708835.717751 bit/s, bytes received: 1184556 B, packets received: 977
[client] second 26.820444: 94746651.522583 bit/s, bytes received: 1184556 B, packets received: 975
[client] second 26.920560: 94752953.980472 bit/s, bytes received: 1185783 B, packets received: 978
[client] second 27.020577: 94845951.854771 bit/s, bytes received: 1185783 B, packets received: 976
[client] second 27.120663: 94682623.085038 bit/s, bytes received: 1184556 B, packets received: 976
[client] second 27.220705: 94724912.456818 bit/s, bytes received: 1184556 B, packets received: 977
[client] second 27.320793: 94778650.321187 bit/s, bytes received: 1185774 B, packets received: 976
[client] second 27.420830: 94729580.675183 bit/s, bytes received: 1184556 B, packets received: 977
[client] second 27.520859: 94834865.712879 bit/s, bytes received: 1185783 B, packets received: 976
[client] second 27.620885: 94740037.070436 bit/s, bytes received: 1184556 B, packets received: 976
[client] second 27.720946: 94706845.202284 bit/s, bytes received: 1184556 B, packets received: 976
[client] second 27.820998: 94756317.239404 bit/s, bytes received: 1185070 B, packets received: 977
[client] second 27.921047: 94717637.392428 bit/s, bytes received: 1184556 B, packets received: 977
[client] second 28.021068: 94744800.557476 bit/s, bytes received: 1184556 B, packets received: 976
[client] second 28.121099: 94832768.406992 bit/s, bytes received: 1185774 B, packets received: 976
[client] second 28.221129: 94736458.853113 bit/s, bytes received: 1184565 B, packets received: 976
[client] second 28.321286: 94713118.114393 bit/s, bytes received: 1185774 B, packets received: 977
[client] second 28.421340: 94713578.081732 bit/s, bytes received: 1184556 B, packets received: 977
[client] second 28.521357: 94748815.178387 bit/s, bytes received: 1184556 B, packets received: 976
[client] second 28.621383: 94837876.881967 bit/s, bytes received: 1185783 B, packets received: 976
[client] second 28.721401: 94747524.930414 bit/s, bytes received: 1184556 B, packets received: 976
[client] second 28.821465: 94703981.202728 bit/s, bytes received: 1184556 B, packets received: 976
[client] second 28.921508: 94722901.382438 bit/s, bytes received: 1184556 B, packets received: 976
[client] second 29.021644: 94775617.678362 bit/s, bytes received: 1186297 B, packets received: 978
[client] second 29.121695: 94715958.908570 bit/s, bytes received: 1184556 B, packets received: 977
[client] second 29.221717: 94841914.196491 bit/s, bytes received: 1185783 B, packets received: 976
[client] second 29.321734: 94747032.411428 bit/s, bytes received: 1184547 B, packets received: 976
[client] second 29.421756: 94744003.925872 bit/s, bytes received: 1184556 B, packets received: 976
[client] second 29.521856: 94669582.264043 bit/s, bytes received: 1184556 B, packets received: 977
[client] second 29.621873: 94846256.257694 bit/s, bytes received: 1185783 B, packets received: 976
[client] second 29.721901: 94738736.643092 bit/s, bytes received: 1184556 B, packets received: 976
[client] second 29.821995: 94675049.947819 bit/s, bytes received: 1184556 B, packets received: 977
[client] second 29.922013: 94747780.703651 bit/s, bytes received: 1184556 B, packets received: 975
[client] second 30.022032: 94746338.918487 bit/s, bytes received: 1184556 B, packets received: 977
[client] second 30.122056: 94740777.782126 bit/s, bytes received: 1184547 B, packets received: 976
[client] second 30.222106: 94815918.855001 bit/s, bytes received: 1185792 B, packets received: 977
[client] second 30.322121: 94693567.392377 bit/s, bytes received: 1183843 B, packets received: 976
[client] second 30.422138: 94747877.413309 bit/s, bytes received: 1184547 B, packets received: 976
[client] second 30.522160: 94744277.621173 bit/s, bytes received: 1184565 B, packets received: 976
[client] second 30.622179: 94843522.253553 bit/s, bytes received: 1185774 B, packets received: 976
[client] second 30.722199: 94745123.571254 bit/s, bytes received: 1184556 B, packets received: 976
[client] second 30.822262: 94705090.437786 bit/s, bytes received: 1184556 B, packets received: 976
[client] second 30.922283: 94745454.099911 bit/s, bytes received: 1184565 B, packets received: 976
[client] second 31.022323: 94726204.848826 bit/s, bytes received: 1184547 B, packets received: 976
[client] second 31.122340: 94845951.854771 bit/s, bytes received: 1185783 B, packets received: 977
[client] second 31.222409: 94699316.453355 bit/s, bytes received: 1184556 B, packets received: 976
[client] second 31.322464: 94712639.037023 bit/s, bytes received: 1184556 B, packets received: 977
[client] second 31.422508: 94821095.085399 bit/s, bytes received: 1185783 B, packets received: 976
[client] second 31.522600: 94718273.540527 bit/s, bytes received: 1185070 B, packets received: 977
[client] second 31.622664: 94802193.173611 bit/s, bytes received: 1185783 B, packets received: 977
[client] second 31.722686: 94742959.136832 bit/s, bytes received: 1184556 B, packets received: 976
[client] second 31.822794: 94760664.258765 bit/s, bytes received: 1185783 B, packets received: 977
[client] second 31.922810: 94748805.705072 bit/s, bytes received: 1184556 B, packets received: 976
[client] second 32.022826: 94750096.935285 bit/s, bytes received: 1184556 B, packets received: 977
[client] second 32.122913: 94681826.552693 bit/s, bytes received: 1184556 B, packets received: 976
[client] second 32.222960: 94719648.243290 bit/s, bytes received: 1184556 B, packets received: 977
[client] second 32.322975: 94750542.195243 bit/s, bytes received: 1184556 B, packets received: 976
[client] second 32.422996: 94743872.313763 bit/s, bytes received: 1184547 B, packets received: 976
[client] second 32.523013: 94747895.328402 bit/s, bytes received: 1184556 B, packets received: 976
[client] second 32.623033: 94843806.729791 bit/s, bytes received: 1185774 B, packets received: 976
[client] second 32.723097: 94704056.220183 bit/s, bytes received: 1184565 B, packets received: 976
[client] second 32.823196: 94712462.605647 bit/s, bytes received: 1185070 B, packets received: 978
[client] second 32.923270: 94792160.133098 bit/s, bytes received: 1185783 B, packets received: 976
[client] second 33.023318: 94718804.697999 bit/s, bytes received: 1184556 B, packets received: 976
[client] second 33.123344: 94838237.173193 bit/s, bytes received: 1185783 B, packets received: 977
[client] second 33.223364: 94745295.025210 bit/s, bytes received: 1184556 B, packets received: 976
[client] second 33.323445: 94688025.101012 bit/s, bytes received: 1184556 B, packets received: 976
[client] second 33.423487: 94724989.152023 bit/s, bytes received: 1184556 B, packets received: 977
[client] second 33.523513: 94738909.036771 bit/s, bytes received: 1184547 B, packets received: 976
[client] second 33.623621: 94759952.429950 bit/s, bytes received: 1185783 B, packets received: 977
[client] second 33.723639: 94845828.576885 bit/s, bytes received: 1185783 B, packets received: 976
[client] second 33.823714: 94693656.720266 bit/s, bytes received: 1184556 B, packets received: 976
[client] second 33.923758: 94722370.223094 bit/s, bytes received: 1184556 B, packets received: 976
[client] second 34.023828: 94739620.486105 bit/s, bytes received: 1185070 B, packets received: 978
[client] second 34.123905: 94789257.000908 bit/s, bytes received: 1185783 B, packets received: 976
[client] second 34.223930: 94740511.597971 bit/s, bytes received: 1184556 B, packets received: 976
[client] second 34.324026: 94771817.324304 bit/s, bytes received: 1185783 B, packets received: 977
[client] second 34.424089: 94803075.227834 bit/s, bytes received: 1185783 B, packets received: 977
[client] second 34.524112: 94742466.587888 bit/s, bytes received: 1184556 B, packets received: 976
[client] second 34.624187: 94693230.587993 bit/s, bytes received: 1184547 B, packets received: 976
[client] second 34.724240: 94713739.008601 bit/s, bytes received: 1184556 B, packets received: 976
[client] second 34.824346: 94861111.406634 bit/s, bytes received: 1187010 B, packets received: 978
[client] second 34.924373: 94640811.462087 bit/s, bytes received: 1183329 B, packets received: 976
[client] second 35.024485: 94756301.635615 bit/s, bytes received: 1185783 B, packets received: 977
[client] second 35.124514: 94737152.121099 bit/s, bytes received: 1184556 B, packets received: 976
[client] second 35.224560: 94859366.764948 bit/s, bytes received: 1186297 B, packets received: 977
[client] second 35.324583: 94743187.416060 bit/s, bytes received: 1184556 B, packets received: 976
[client] second 35.424691: 94759744.184180 bit/s, bytes received: 1185783 B, packets received: 977
[client] second 35.524715: 94643636.997598 bit/s, bytes received: 1183320 B, packets received: 976
[client] second 35.624729: 94848555.937929 bit/s, bytes received: 1185783 B, packets received: 976
[client] second 35.724801: 94696291.094709 bit/s, bytes received: 1184556 B, packets received: 976
[client] second 35.824842: 94725843.223066 bit/s, bytes received: 1184556 B, packets received: 976
[client] second 35.924862: 94745768.658148 bit/s, bytes received: 1184556 B, packets received: 976
[client] second 36.024970: 94760019.636734 bit/s, bytes received: 1185783 B, packets received: 977
[client] second 36.124999: 94834951.039345 bit/s, bytes received: 1185783 B, packets received: 977
[client] second 36.225074: 94694215.944827 bit/s, bytes received: 1184556 B, packets received: 976
[client] second 36.325132: 94709566.446279 bit/s, bytes received: 1184556 B, packets received: 977
[client] second 36.425182: 94757854.359924 bit/s, bytes received: 1185070 B, packets received: 977
[client] second 36.525258: 94790794.265394 bit/s, bytes received: 1185783 B, packets received: 976
[client] second 36.625377: 94749210.129598 bit/s, bytes received: 1185774 B, packets received: 977
[client] second 36.725434: 94711064.102869 bit/s, bytes received: 1184565 B, packets received: 977
[client] second 36.825451: 94747440.700814 bit/s, bytes received: 1184547 B, packets received: 976
[client] second 36.925473: 94743633.558308 bit/s, bytes received: 1184556 B, packets received: 976
[client] second 37.025577: 94764182.856937 bit/s, bytes received: 1185783 B, packets received: 976
[client] second 37.125763: 94785095.919842 bit/s, bytes received: 1187010 B, packets received: 978
[client] second 37.225813: 94716242.911810 bit/s, bytes received: 1184556 B, packets received: 977
[client] second 37.325828: 94750979.880387 bit/s, bytes received: 1184556 B, packets received: 975
[client] second 37.425851: 94839835.595883 bit/s, bytes received: 1185774 B, packets received: 977
[client] second 37.525869: 94747733.338132 bit/s, bytes received: 1184556 B, packets received: 976
[client] second 37.625911: 94667783.243769 bit/s, bytes received: 1183852 B, packets received: 976
[client] second 37.725928: 94748293.201589 bit/s, bytes received: 1184556 B, packets received: 977
[client] second 37.825946: 94747296.630283 bit/s, bytes received: 1184556 B, packets received: 976
[client] second 37.925968: 94842589.328190 bit/s, bytes received: 1185783 B, packets received: 976
[client] second 38.026002: 94732208.525844 bit/s, bytes received: 1184556 B, packets received: 976
[client] second 38.126061: 94708589.620008 bit/s, bytes received: 1184556 B, packets received: 976
[client] second 38.226102: 94725587.568256 bit/s, bytes received: 1184556 B, packets received: 976
[client] second 38.326127: 94838826.918949 bit/s, bytes received: 1185783 B, packets received: 977
[client] second 38.426144: 94748283.728379 bit/s, bytes received: 1184556 B, packets received: 976
[client] second 38.526158: 94750573.562677 bit/s, bytes received: 1184547 B, packets received: 976
[client] second 38.626263: 94665091.120832 bit/s, bytes received: 1184556 B, packets received: 977
[client] second 38.726284: 94744240.735294 bit/s, bytes received: 1184556 B, packets received: 976
[client] second 38.826365: 94785793.365887 bit/s, bytes received: 1185783 B, packets received: 976
[client] second 38.926454: 94819570.651414 bit/s, bytes received: 1186297 B, packets received: 978
[client] second 39.026481: 94738766.004131 bit/s, bytes received: 1184556 B, packets received: 976
[client] second 39.126497: 94749868.622760 bit/s, bytes received: 1184556 B, packets received: 976
[client] second 39.226513: 94748549.926301 bit/s, bytes received: 1184556 B, packets received: 976
[client] second 39.326578: 94702370.135583 bit/s, bytes received: 1184547 B, packets received: 976
[client] second 39.426695: 94753218.858399 bit/s, bytes received: 1185792 B, packets received: 977
[client] second 39.526745: 94716424.519682 bit/s, bytes received: 1184547 B, packets received: 976
[client] second 39.626766: 94841999.535641 bit/s, bytes received: 1185783 B, packets received: 977
[client] second 39.726781: 94652805.472435 bit/s, bytes received: 1183329 B, packets received: 976
[client] second 39.826799: 94746642.049701 bit/s, bytes received: 1184556 B, packets received: 976
[client] second 39.926824: 94838932.163738 bit/s, bytes received: 1185783 B, packets received: 976
[client] second 40.026912: 94681030.033749 bit/s, bytes received: 1184556 B, packets received: 976
[client] total: bytes received: 452587421 B, packets received: 372998
