Bandwidth: 100 Mbit/s
RTT: 2000 ms
BDP: 25000000 B/s
Max In-Flight Packets: 19531
[server] starting server with pid 707827, port 18080, cc cubic, iw 32
[server][session 0] open
[client] connection establishment time: 4.005338 s
[server][session 0][stream 0] open
[client] time to first byte: 6.006513 s
[client] second 1.000475: 284768.933241 bit/s, bytes received: 35613 B, packets received: 38
[client] second 2.000933: 29434.511105 bit/s, bytes received: 3681 B, packets received: 3
[client] second 3.001557: 415764.751137 bit/s, bytes received: 52003 B, packets received: 43
[client] second 4.001618: 235569.540506 bit/s, bytes received: 29448 B, packets received: 24
[client] second 5.002090: 636052.094441 bit/s, bytes received: 79544 B, packets received: 66
[client] second 6.002137: 661680.504670 bit/s, bytes received: 82714 B, packets received: 68
[client] second 7.002578: 1097124.116700 bit/s, bytes received: 137201 B, packets received: 114
[client] second 8.003374: 1434345.780253 bit/s, bytes received: 179436 B, packets received: 148
[client] second 9.003741: 1984352.457015 bit/s, bytes received: 248135 B, packets received: 205
[client] second 10.003920: 1606120.356693 bit/s, bytes received: 200801 B, packets received: 170
[client] second 11.004552: 2062297.574527 bit/s, bytes received: 257950 B, packets received: 215
[client] second 12.005009: 4667384.951428 bit/s, bytes received: 583690 B, packets received: 483
[client] second 13.005032: 1655449.850158 bit/s, bytes received: 206936 B, packets received: 177
[client] second 14.005218: 6991136.479490 bit/s, bytes received: 874054 B, packets received: 724
[client] second 15.005820: 9778898.374435 bit/s, bytes received: 1223098 B, packets received: 1008
[client] second 16.006586: 4191092.881030 bit/s, bytes received: 524288 B, packets received: 443
[client] second 17.006625: 16150084.532182 bit/s, bytes received: 2018841 B, packets received: 1667
[client] second 18.006832: 13206669.085347 bit/s, bytes received: 1651175 B, packets received: 1372
[client] second 19.006882: 14013533.215166 bit/s, bytes received: 1751779 B, packets received: 1453
[client] second 20.007456: 32104668.189172 bit/s, bytes received: 4015389 B, packets received: 3309
[client] second 21.007554: 12581681.046071 bit/s, bytes received: 1572864 B, packets received: 1310
[client] second 22.007910: 6701343.387268 bit/s, bytes received: 837966 B, packets received: 698
[client] second 23.008141: 31400860.927634 bit/s, bytes received: 3926012 B, packets received: 3248
[client] second 24.008374: 12216985.383446 bit/s, bytes received: 1527478 B, packets received: 1268
[client] second 25.008408: 21000240.257674 bit/s, bytes received: 2625121 B, packets received: 2166
[client] second 26.008473: 29328775.799902 bit/s, bytes received: 3666335 B, packets received: 3022
[client] second 27.009039: 0.000000 bit/s, bytes received: 0 B, packets received: 12
[client] second 28.009068: 26816428.642839 bit/s, bytes received: 3352152 B, packets received: 2763
[client] second 29.009884: 23495286.607260 bit/s, bytes received: 2939304 B, packets received: 2422
[client] second 30.011145: 0.000000 bit/s, bytes received: 0 B, packets received: 12
[client] second 31.011184: 33935911.119842 bit/s, bytes received: 4242157 B, packets received: 3496
[client] second 32.011684: 16386198.966062 bit/s, bytes received: 2049299 B, packets received: 1689
[client] second 33.012254: 0.000000 bit/s, bytes received: 0 B, packets received: 9
[client] second 34.012639: 41795310.376631 bit/s, bytes received: 5226424 B, packets received: 4307
[client] second 35.013362: 8514099.820526 bit/s, bytes received: 1065032 B, packets received: 878
[client] second 36.013496: 0.000000 bit/s, bytes received: 0 B, packets received: 12
[client] second 37.013562: 49770597.642152 bit/s, bytes received: 6221734 B, packets received: 5126
[client] second 38.014042: 557508.861824 bit/s, bytes received: 69722 B, packets received: 59
[client] second 39.015014: 0.000000 bit/s, bytes received: 0 B, packets received: 12
[client] second 40.016097: 50277216.578125 bit/s, bytes received: 6291456 B, packets received: 5185
[client] total: bytes received: 59768832 B, packets received: 49424
