Bandwidth: 100 Mbit/s
RTT: 2000 ms
BDP: 25000000 B/s
Max In-Flight Packets: 19531
[server] starting server with pid 691687, port 18080, cc cubic, iw 32
[server][session 0] open
[client] connection establishment time: 4.004728 s
[server][session 0][stream 0] open
[client] time to first byte: 6.057399 s
[client] second 1.000080: 194592.631658 bit/s, bytes received: 24326 B, packets received: 31
[client] second 2.000438: 117749.771988 bit/s, bytes received: 14724 B, packets received: 12
[client] second 3.001188: 349002.225994 bit/s, bytes received: 43658 B, packets received: 36
[client] second 4.001781: 284495.252210 bit/s, bytes received: 35583 B, packets received: 29
[client] second 5.002615: 592506.034237 bit/s, bytes received: 74125 B, packets received: 61
[client] second 6.003717: 674872.159280 bit/s, bytes received: 84452 B, packets received: 70
[client] second 7.004184: 1018652.487925 bit/s, bytes received: 127391 B, packets received: 105
[client] second 8.004315: 1382082.846255 bit/s, bytes received: 172783 B, packets received: 142
[client] second 9.004477: 1900524.346920 bit/s, bytes received: 237604 B, packets received: 197
[client] second 10.004731: 1709845.299190 bit/s, bytes received: 213785 B, packets received: 178
[client] second 11.005799: 2716706.511262 bit/s, bytes received: 339951 B, packets received: 283
[client] second 12.006682: 4787177.675780 bit/s, bytes received: 598925 B, packets received: 495
[client] second 13.007040: 2096400.740120 bit/s, bytes received: 262144 B, packets received: 220
[client] second 14.008046: 7724818.522845 bit/s, bytes received: 966574 B, packets received: 798
[client] second 15.008474: 6944499.629158 bit/s, bytes received: 868434 B, packets received: 721
[client] second 16.009313: 6590220.478671 bit/s, bytes received: 824469 B, packets received: 689
[client] second 17.009778: 19262105.471224 bit/s, bytes received: 2408881 B, packets received: 1986
[client] second 18.010196: 7684417.393041 bit/s, bytes received: 960954 B, packets received: 805
[client] second 19.010229: 23548800.302518 bit/s, bytes received: 2943697 B, packets received: 2432
[client] second 20.010391: 22584096.413110 bit/s, bytes received: 2823471 B, packets received: 2328
[client] second 21.010903: 12576480.375360 bit/s, bytes received: 1572864 B, packets received: 1316
[client] second 22.010937: 20515235.793545 bit/s, bytes received: 2564493 B, packets received: 2113
[client] second 23.011133: 29809881.384918 bit/s, bytes received: 3726963 B, packets received: 3085
[client] second 24.011976: 0.000000 bit/s, bytes received: 0 B, packets received: 12
[client] second 25.012282: 36321817.446618 bit/s, bytes received: 4541616 B, packets received: 3742
[client] second 26.012421: 13996774.238429 bit/s, bytes received: 1749840 B, packets received: 1443
[client] second 27.013201: 0.000000 bit/s, bytes received: 0 B, packets received: 12
[client] second 28.013546: 42560640.497408 bit/s, bytes received: 5321913 B, packets received: 4385
[client] second 29.013632: 7755676.050156 bit/s, bytes received: 969543 B, packets received: 800
[client] second 30.014274: 0.000000 bit/s, bytes received: 0 B, packets received: 12
[client] second 31.014485: 49973480.258050 bit/s, bytes received: 6248006 B, packets received: 5149
[client] second 32.014642: 347545.586525 bit/s, bytes received: 43450 B, packets received: 36
[client] second 33.015478: 0.000000 bit/s, bytes received: 0 B, packets received: 10
[client] second 34.015902: 50310310.542024 bit/s, bytes received: 6291456 B, packets received: 5185
[client] second 35.016001: 0.000000 bit/s, bytes received: 0 B, packets received: 0
[client] second 36.016133: 4547078.526094 bit/s, bytes received: 568460 B, packets received: 480
[client] second 37.016482: 45767982.845471 bit/s, bytes received: 5722996 B, packets received: 4717
[client] second 38.016725: 0.000000 bit/s, bytes received: 0 B, packets received: 5
[client] second 39.016768: 12509629.003778 bit/s, bytes received: 1563770 B, packets received: 1293
[client] second 40.017611: 37789624.733166 bit/s, bytes received: 4727686 B, packets received: 3897
[client] total: bytes received: 59638987 B, packets received: 49310
