Bandwidth: 100 Mbit/s
RTT: 2000 ms
BDP: 25000000 B/s
Max In-Flight Packets: 19531
[server] starting server with pid 692060, port 18080, cc cubic, iw 32
[server][session 0] open
[client] connection establishment time: 4.005445 s
[server][session 0][stream 0] open
[client] time to first byte: 6.056421 s
[client] second 1.000183: 194572.619693 bit/s, bytes received: 24326 B, packets received: 29
[client] second 2.001282: 117662.681301 bit/s, bytes received: 14724 B, packets received: 12
[client] second 3.002252: 348925.224661 bit/s, bytes received: 43658 B, packets received: 36
[client] second 4.002881: 284485.336665 bit/s, bytes received: 35583 B, packets received: 29
[client] second 5.003276: 592765.474711 bit/s, bytes received: 74125 B, packets received: 61
[client] second 6.003744: 675244.141048 bit/s, bytes received: 84445 B, packets received: 70
[client] second 7.003976: 1018946.986817 bit/s, bytes received: 127398 B, packets received: 105
[client] second 8.004789: 1381141.271641 bit/s, bytes received: 172783 B, packets received: 142
[client] second 9.005459: 1909313.029483 bit/s, bytes received: 238824 B, packets received: 198
[client] second 10.006077: 1699469.692041 bit/s, bytes received: 212565 B, packets received: 177
[client] second 11.006890: 3676835.475479 bit/s, bytes received: 459978 B, packets received: 379
[client] second 12.007445: 2800572.727141 bit/s, bytes received: 350266 B, packets received: 293
[client] second 13.008277: 6276529.281156 bit/s, bytes received: 785219 B, packets received: 647
[client] second 14.009369: 8389270.282631 bit/s, bytes received: 1049803 B, packets received: 866
[client] second 15.009396: 4272635.040888 bit/s, bytes received: 534094 B, packets received: 450
[client] second 16.010239: 16200082.923673 bit/s, bytes received: 2026718 B, packets received: 1670
[client] second 17.010842: 13060066.278322 bit/s, bytes received: 1633492 B, packets received: 1349
[client] second 18.011534: 14626548.059964 bit/s, bytes received: 1829583 B, packets received: 1522
[client] second 19.011943: 31487767.968428 bit/s, bytes received: 3937585 B, packets received: 3245
[client] second 20.012915: 12570694.253129 bit/s, bytes received: 1572864 B, packets received: 1313
[client] second 21.013381: 17440622.094138 bit/s, bytes received: 2181093 B, packets received: 1807
[client] second 22.013409: 23998778.442488 bit/s, bytes received: 2999932 B, packets received: 2484
[client] second 23.014406: 21444975.520755 bit/s, bytes received: 2683295 B, packets received: 2224
[client] second 24.015757: 25131895.840088 bit/s, bytes received: 3145728 B, packets received: 2602
[client] second 25.016137: 25156241.811400 bit/s, bytes received: 3145728 B, packets received: 2608
[client] second 26.016230: 5703704.276169 bit/s, bytes received: 713029 B, packets received: 599
[client] second 27.017232: 32012417.697642 bit/s, bytes received: 4005563 B, packets received: 3310
[client] second 28.018093: 12572089.078247 bit/s, bytes received: 1572864 B, packets received: 1304
[client] second 29.018590: 37729981.822046 bit/s, bytes received: 4718592 B, packets received: 3892
[client] second 30.019070: 12576876.721591 bit/s, bytes received: 1572864 B, packets received: 1304
[client] second 31.019540: 0.000000 bit/s, bytes received: 0 B, packets received: 11
[client] second 32.020346: 50291144.869783 bit/s, bytes received: 6291456 B, packets received: 5185
[client] second 33.020442: 0.000000 bit/s, bytes received: 0 B, packets received: 0
[client] second 34.020491: 6198765.241704 bit/s, bytes received: 774884 B, packets received: 649
[client] second 35.021286: 44097502.522199 bit/s, bytes received: 5516572 B, packets received: 4547
[client] second 36.021525: 0.000000 bit/s, bytes received: 0 B, packets received: 7
[client] second 37.021604: 14193917.956592 bit/s, bytes received: 1774380 B, packets received: 1467
[client] second 38.022500: 36104291.806594 bit/s, bytes received: 4517076 B, packets received: 3723
[client] second 39.023253: 0.000000 bit/s, bytes received: 0 B, packets received: 12
[client] second 40.023316: 22215008.679200 bit/s, bytes received: 2777052 B, packets received: 2288
[client] total: bytes received: 63598141 B, packets received: 52617
