Bandwidth: 100 Mbit/s
RTT: 2000 ms
BDP: 25000000 B/s
Max In-Flight Packets: 19531
[server] starting server with pid 692245, port 18080, cc cubic, iw 32
[server][session 0] open
[client] connection establishment time: 4.005613 s
[server][session 0][stream 0] open
[client] time to first byte: 6.006809 s
[client] second 1.000386: 284794.626048 bit/s, bytes received: 35613 B, packets received: 38
[client] second 2.000804: 29435.649449 bit/s, bytes received: 3681 B, packets received: 3
[client] second 3.000844: 406191.872558 bit/s, bytes received: 50776 B, packets received: 42
[client] second 4.001560: 245224.360504 bit/s, bytes received: 30675 B, packets received: 25
[client] second 5.002323: 626058.826727 bit/s, bytes received: 78317 B, packets received: 65
[client] second 6.002440: 661633.853102 bit/s, bytes received: 82714 B, packets received: 68
[client] second 7.003451: 1106298.370921 bit/s, bytes received: 138427 B, packets received: 115
[client] second 8.003801: 1434992.692098 bit/s, bytes received: 179437 B, packets received: 148
[client] second 9.004716: 1973458.419741 bit/s, bytes received: 246908 B, packets received: 204
[client] second 10.005617: 1614770.102983 bit/s, bytes received: 202028 B, packets received: 171
[client] second 11.006204: 2062373.524920 bit/s, bytes received: 257948 B, packets received: 215
[client] second 12.006602: 4667660.651383 bit/s, bytes received: 583690 B, packets received: 483
[client] second 13.006880: 1655044.610922 bit/s, bytes received: 206938 B, packets received: 177
[client] second 14.007902: 6985289.660072 bit/s, bytes received: 874054 B, packets received: 723
[client] second 15.008433: 9779586.277028 bit/s, bytes received: 1223098 B, packets received: 1009
[client] second 16.009415: 4190192.315128 bit/s, bytes received: 524288 B, packets received: 443
[client] second 17.010260: 16146901.208671 bit/s, bytes received: 2020068 B, packets received: 1669
[client] second 18.010565: 13195560.436103 bit/s, bytes received: 1649948 B, packets received: 1370
[client] second 19.010594: 14082560.774590 bit/s, bytes received: 1760371 B, packets received: 1459
[client] second 20.011607: 32021913.976837 bit/s, bytes received: 4006797 B, packets received: 3303
[client] second 21.012626: 12570109.808254 bit/s, bytes received: 1572864 B, packets received: 1310
[client] second 22.012957: 6852735.386247 bit/s, bytes received: 856876 B, packets received: 711
[client] second 23.012995: 31436456.149638 bit/s, bytes received: 3929706 B, packets received: 3250
[client] second 24.013961: 12027377.161875 bit/s, bytes received: 1504874 B, packets received: 1250
[client] second 25.014012: 21225608.637404 bit/s, bytes received: 2653335 B, packets received: 2189
[client] second 26.014328: 29095767.191020 bit/s, bytes received: 3638121 B, packets received: 2999
[client] second 27.014519: 0.000000 bit/s, bytes received: 0 B, packets received: 12
[client] second 28.014903: 27032605.020531 bit/s, bytes received: 3380373 B, packets received: 2785
[client] second 29.015374: 23277743.176955 bit/s, bytes received: 2911083 B, packets received: 2400
[client] second 30.015562: 0.000000 bit/s, bytes received: 0 B, packets received: 10
[client] second 31.015588: 34185794.315489 bit/s, bytes received: 4273337 B, packets received: 3521
[client] second 32.016452: 16131017.768755 bit/s, bytes received: 2018119 B, packets received: 1664
[client] second 33.017333: 0.000000 bit/s, bytes received: 0 B, packets received: 10
[client] second 34.017360: 42118588.860646 bit/s, bytes received: 5264966 B, packets received: 4338
[client] second 35.017937: 8207189.031540 bit/s, bytes received: 1026490 B, packets received: 847
[client] second 36.018505: 0.000000 bit/s, bytes received: 0 B, packets received: 9
[client] second 37.018828: 50085693.324100 bit/s, bytes received: 6262730 B, packets received: 5160
[client] second 38.019058: 229755.140694 bit/s, bytes received: 28726 B, packets received: 25
[client] second 39.019674: 0.000000 bit/s, bytes received: 0 B, packets received: 12
[client] second 40.020278: 50301308.765618 bit/s, bytes received: 6291456 B, packets received: 5185
[client] total: bytes received: 59768832 B, packets received: 49417
