Bandwidth: 100 Mbit/s
RTT: 2000 ms
BDP: 25000000 B/s
Max In-Flight Packets: 19531
[server] starting server with pid 688915, port 18080, cc cubic, iw 32
[server][session 0] open
[client] connection establishment time: 4.005735 s
[server][session 0][stream 0] open
[client] time to first byte: 6.006636 s
[client] second 1.001086: 284595.178372 bit/s, bytes received: 35613 B, packets received: 39
[client] second 2.001142: 107969.954438 bit/s, bytes received: 13497 B, packets received: 11
[client] second 3.001890: 327435.180972 bit/s, bytes received: 40960 B, packets received: 34
[client] second 4.001940: 255203.205387 bit/s, bytes received: 31902 B, packets received: 27
[client] second 5.002488: 616382.180035 bit/s, bytes received: 77090 B, packets received: 63
[client] second 6.002644: 700866.470691 bit/s, bytes received: 87622 B, packets received: 73
[client] second 7.003696: 1067029.607561 bit/s, bytes received: 133519 B, packets received: 109
[client] second 8.003889: 1435218.857803 bit/s, bytes received: 179437 B, packets received: 148
[client] second 9.004747: 1983377.169548 bit/s, bytes received: 248135 B, packets received: 205
[client] second 10.005694: 1604888.592589 bit/s, bytes received: 200801 B, packets received: 170
[client] second 11.006593: 2061723.702068 bit/s, bytes received: 257947 B, packets received: 215
[client] second 12.007083: 4667237.702449 bit/s, bytes received: 583691 B, packets received: 483
[client] second 13.008062: 1653885.083009 bit/s, bytes received: 206938 B, packets received: 177
[client] second 14.008314: 7010294.720787 bit/s, bytes received: 876508 B, packets received: 725
[client] second 15.008667: 9761711.611645 bit/s, bytes received: 1220644 B, packets received: 1007
[client] second 16.008901: 4193324.980224 bit/s, bytes received: 524288 B, packets received: 443
[client] second 17.009699: 16167258.925972 bit/s, bytes received: 2022522 B, packets received: 1670
[client] second 18.010051: 13175315.250830 bit/s, bytes received: 1647494 B, packets received: 1369
[client] second 19.010097: 14082327.732887 bit/s, bytes received: 1760371 B, packets received: 1459
[client] second 20.010535: 32040324.555465 bit/s, bytes received: 4006797 B, packets received: 3303
[client] second 21.010841: 12579060.782172 bit/s, bytes received: 1572864 B, packets received: 1310
[client] second 22.011175: 6809434.960083 bit/s, bytes received: 851463 B, packets received: 709
[client] second 23.011615: 31423708.751133 bit/s, bytes received: 3929692 B, packets received: 3250
[client] second 24.012475: 12072016.782186 bit/s, bytes received: 1510301 B, packets received: 1254
[client] second 25.013054: 21263460.937769 bit/s, bytes received: 2659470 B, packets received: 2194
[client] second 26.013222: 29051018.032592 bit/s, bytes received: 3631986 B, packets received: 2994
[client] second 27.013729: 0.000000 bit/s, bytes received: 0 B, packets received: 12
[client] second 28.014000: 27114164.251287 bit/s, bytes received: 3390189 B, packets received: 2794
[client] second 29.014828: 23190917.640170 bit/s, bytes received: 2901267 B, packets received: 2391
[client] second 30.015226: 0.000000 bit/s, bytes received: 0 B, packets received: 12
[client] second 31.015246: 34343063.043812 bit/s, bytes received: 4292969 B, packets received: 3538
[client] second 32.015344: 15986329.627450 bit/s, bytes received: 1998487 B, packets received: 1647
[client] second 33.016220: 0.000000 bit/s, bytes received: 0 B, packets received: 10
[client] second 34.016269: 42206018.888211 bit/s, bytes received: 5276009 B, packets received: 4347
[client] second 35.017123: 8116644.045086 bit/s, bytes received: 1015447 B, packets received: 838
[client] second 36.018193: 0.000000 bit/s, bytes received: 0 B, packets received: 12
[client] second 37.018235: 50227316.654045 bit/s, bytes received: 6278681 B, packets received: 5174
[client] second 38.018437: 102179.412790 bit/s, bytes received: 12775 B, packets received: 11
[client] second 39.018937: 0.000000 bit/s, bytes received: 0 B, packets received: 10
[client] second 40.019753: 50290561.868218 bit/s, bytes received: 6291456 B, packets received: 5185
[client] total: bytes received: 59768832 B, packets received: 49422
