Bandwidth: 100 Mbit/s
RTT: 2000 ms
BDP: 25000000 B/s
Max In-Flight Packets: 19531
[server] starting server with pid 693230, port 18080, cc cubic, iw 32
[server][session 0] open
[client] connection establishment time: 4.005228 s
[server][session 0][stream 0] open
[client] time to first byte: 6.005895 s
[client] second 1.000809: 284674.073875 bit/s, bytes received: 35613 B, packets received: 38
[client] second 2.000993: 78513.471789 bit/s, bytes received: 9816 B, packets received: 8
[client] second 3.001934: 366599.167292 bit/s, bytes received: 45868 B, packets received: 38
[client] second 4.001993: 304278.182078 bit/s, bytes received: 38037 B, packets received: 31
[client] second 5.002564: 567315.453012 bit/s, bytes received: 70955 B, packets received: 59
[client] second 6.002634: 730325.460748 bit/s, bytes received: 91297 B, packets received: 75
[client] second 7.003229: 1028332.151625 bit/s, bytes received: 128618 B, packets received: 106
[client] second 8.004085: 1434260.400746 bit/s, bytes received: 179436 B, packets received: 148
[client] second 9.004599: 1984058.872356 bit/s, bytes received: 248135 B, packets received: 205
[client] second 10.005300: 1605283.044932 bit/s, bytes received: 200801 B, packets received: 170
[client] second 11.006173: 2071614.471690 bit/s, bytes received: 259178 B, packets received: 216
[client] second 12.006802: 4666580.356222 bit/s, bytes received: 583689 B, packets received: 483
[client] second 13.007721: 1644160.920752 bit/s, bytes received: 205709 B, packets received: 176
[client] second 14.008109: 7009343.659707 bit/s, bytes received: 876508 B, packets received: 725
[client] second 15.008346: 9762840.696279 bit/s, bytes received: 1220644 B, packets received: 1007
[client] second 16.008511: 4193610.640997 bit/s, bytes received: 524288 B, packets received: 443
[client] second 17.008882: 16154548.013341 bit/s, bytes received: 2020068 B, packets received: 1668
[client] second 18.009561: 13190621.592587 bit/s, bytes received: 1649948 B, packets received: 1371
[client] second 19.009592: 14072707.451211 bit/s, bytes received: 1759141 B, packets received: 1458
[client] second 20.009648: 33140383.409441 bit/s, bytes received: 4142780 B, packets received: 3415
[client] second 21.009693: 5311352.999738 bit/s, bytes received: 663949 B, packets received: 564
[client] second 22.010162: 31344396.032652 bit/s, bytes received: 3919890 B, packets received: 3232
[client] second 23.010841: 16765838.065187 bit/s, bytes received: 2097152 B, packets received: 1732
[client] second 24.011912: 12569450.520715 bit/s, bytes received: 1572864 B, packets received: 1314
[client] second 25.012377: 37731197.445223 bit/s, bytes received: 4718592 B, packets received: 3890
[client] second 26.012712: 12578701.242023 bit/s, bytes received: 1572864 B, packets received: 1308
[client] second 27.012756: 28168836.683937 bit/s, bytes received: 3521261 B, packets received: 2912
[client] second 28.012953: 22157205.533025 bit/s, bytes received: 2770195 B, packets received: 2297
[client] second 29.012975: 10632760.699088 bit/s, bytes received: 1329125 B, packets received: 1108
[client] second 30.013427: 27103470.189049 bit/s, bytes received: 3389467 B, packets received: 2804
[client] second 31.014211: 12573056.885967 bit/s, bytes received: 1572864 B, packets received: 1308
[client] second 32.014426: 28806001.182461 bit/s, bytes received: 3601521 B, packets received: 2967
[client] second 33.015524: 21495858.931479 bit/s, bytes received: 2689935 B, packets received: 2220
[client] second 34.016127: 0.000000 bit/s, bytes received: 0 B, packets received: 11
[client] second 35.016295: 49431810.801242 bit/s, bytes received: 6180016 B, packets received: 5092
[client] second 36.016381: 891443.720944 bit/s, bytes received: 111440 B, packets received: 93
[client] second 37.017185: 0.000000 bit/s, bytes received: 0 B, packets received: 12
[client] second 38.017852: 50298063.932414 bit/s, bytes received: 6291456 B, packets received: 5185
[client] second 39.018433: 0.000000 bit/s, bytes received: 0 B, packets received: 0
[client] second 40.018509: 4062343.357993 bit/s, bytes received: 507832 B, packets received: 430
[client] total: bytes received: 60802179 B, packets received: 50320
