Bandwidth: 100 Mbit/s
RTT: 2000 ms
BDP: 25000000 B/s
Max In-Flight Packets: 19531
[server] starting server with pid 693828, port 18080, cc cubic, iw 32
[server][session 0] open
[client] connection establishment time: 4.005305 s
[server][session 0][stream 0] open
[client] time to first byte: 6.006552 s
[client] second 1.000605: 284732.137959 bit/s, bytes received: 35613 B, packets received: 37
[client] second 2.000742: 29443.948542 bit/s, bytes received: 3681 B, packets received: 3
[client] second 3.001844: 415565.918364 bit/s, bytes received: 52003 B, packets received: 43
[client] second 4.001941: 265006.347916 bit/s, bytes received: 33129 B, packets received: 27
[client] second 5.001982: 597063.789063 bit/s, bytes received: 74636 B, packets received: 62
[client] second 6.002431: 651602.713619 bit/s, bytes received: 81487 B, packets received: 67
[client] second 7.002979: 1116621.328728 bit/s, bytes received: 139654 B, packets received: 115
[client] second 8.003125: 1435285.724900 bit/s, bytes received: 179437 B, packets received: 148
[client] second 9.004010: 1973517.147218 bit/s, bytes received: 246908 B, packets received: 204
[client] second 10.004084: 1616104.983565 bit/s, bytes received: 202028 B, packets received: 171
[client] second 11.004266: 2053417.175389 bit/s, bytes received: 256724 B, packets received: 214
[client] second 12.004998: 4666095.144510 bit/s, bytes received: 583689 B, packets received: 483
[client] second 13.005045: 1665225.722734 bit/s, bytes received: 208163 B, packets received: 178
[client] second 14.005781: 6967673.701298 bit/s, bytes received: 871600 B, packets received: 721
[client] second 15.006523: 9797152.156260 bit/s, bytes received: 1225552 B, packets received: 1011
[client] second 16.007536: 4190056.049946 bit/s, bytes received: 524288 B, packets received: 443
[client] second 17.008104: 16092510.286439 bit/s, bytes received: 2012706 B, packets received: 1662
[client] second 18.008783: 13249491.147721 bit/s, bytes received: 1657310 B, packets received: 1377
[client] second 19.009413: 13985796.850084 bit/s, bytes received: 1749326 B, packets received: 1450
[client] second 20.009748: 32131972.110663 bit/s, bytes received: 4017842 B, packets received: 3312
[client] second 21.010098: 12578507.560107 bit/s, bytes received: 1572864 B, packets received: 1310
[client] second 22.010228: 6536003.254191 bit/s, bytes received: 817107 B, packets received: 678
[client] second 23.010281: 31573316.715536 bit/s, bytes received: 3946871 B, packets received: 3264
[client] second 24.011097: 12209857.581650 bit/s, bytes received: 1527478 B, packets received: 1267
[client] second 25.011200: 20867105.115242 bit/s, bytes received: 2608656 B, packets received: 2153
[client] second 26.011405: 29456347.486457 bit/s, bytes received: 3682800 B, packets received: 3035
[client] second 27.012076: 0.000000 bit/s, bytes received: 0 B, packets received: 11
[client] second 28.012116: 26694320.284725 bit/s, bytes received: 3336923 B, packets received: 2750
[client] second 29.012955: 23616453.243731 bit/s, bytes received: 2954533 B, packets received: 2435
[client] second 30.013546: 0.000000 bit/s, bytes received: 0 B, packets received: 10
[client] second 31.013850: 33897495.907180 bit/s, bytes received: 4238476 B, packets received: 3493
[client] second 32.014395: 16414919.328506 bit/s, bytes received: 2052980 B, packets received: 1692
[client] second 33.015078: 0.000000 bit/s, bytes received: 0 B, packets received: 10
[client] second 34.015140: 41808814.528393 bit/s, bytes received: 5226424 B, packets received: 4307
[client] second 35.015960: 8513275.131419 bit/s, bytes received: 1065032 B, packets received: 878
[client] second 36.017068: 0.000000 bit/s, bytes received: 0 B, packets received: 11
[client] second 37.017111: 49742276.675658 bit/s, bytes received: 6218053 B, packets received: 5124
[client] second 38.017159: 587195.657827 bit/s, bytes received: 73403 B, packets received: 61
[client] second 39.018303: 0.000000 bit/s, bytes received: 0 B, packets received: 11
[client] second 40.018647: 50314347.814019 bit/s, bytes received: 6291456 B, packets received: 5185
[client] total: bytes received: 59768832 B, packets received: 49413
