Bandwidth: 100 Mbit/s
RTT: 2000 ms
BDP: 25000000 B/s
Max In-Flight Packets: 19531
[server] starting server with pid 689309, port 18080, cc cubic, iw 32
[server][session 0] open
[client] connection establishment time: 4.005817 s
[server][session 0][stream 0] open
[client] time to first byte: 6.006547 s
[client] second 1.000608: 284731.146554 bit/s, bytes received: 35613 B, packets received: 40
[client] second 2.000722: 29444.632152 bit/s, bytes received: 3681 B, packets received: 3
[client] second 3.001701: 405810.921318 bit/s, bytes received: 50776 B, packets received: 42
[client] second 4.001767: 284645.157060 bit/s, bytes received: 35583 B, packets received: 29
[client] second 5.002044: 587109.010906 bit/s, bytes received: 73409 B, packets received: 61
[client] second 6.002112: 681298.023284 bit/s, bytes received: 85168 B, packets received: 71
[client] second 7.002471: 1087393.656124 bit/s, bytes received: 135973 B, packets received: 111
[client] second 8.002853: 1434946.610601 bit/s, bytes received: 179437 B, packets received: 148
[client] second 9.003773: 1973449.959408 bit/s, bytes received: 246908 B, packets received: 204
[client] second 10.004610: 1614872.422836 bit/s, bytes received: 202028 B, packets received: 171
[client] second 11.005044: 2062704.120158 bit/s, bytes received: 257950 B, packets received: 215
[client] second 12.006009: 4664994.741909 bit/s, bytes received: 583687 B, packets received: 483
[client] second 13.006355: 1654939.172594 bit/s, bytes received: 206939 B, packets received: 177
[client] second 14.007325: 7005274.662929 bit/s, bytes received: 876508 B, packets received: 725
[client] second 15.007775: 9760751.521349 bit/s, bytes received: 1220644 B, packets received: 1007
[client] second 16.008741: 4190257.543715 bit/s, bytes received: 524288 B, packets received: 443
[client] second 17.009216: 16192107.422321 bit/s, bytes received: 2024976 B, packets received: 1673
[client] second 18.009888: 13151488.078726 bit/s, bytes received: 1645040 B, packets received: 1366
[client] second 19.010460: 14147684.345120 bit/s, bytes received: 1769472 B, packets received: 1467
[client] second 20.010810: 31970365.519981 bit/s, bytes received: 3997696 B, packets received: 3295
[client] second 21.011547: 12573643.602665 bit/s, bytes received: 1572864 B, packets received: 1310
[client] second 22.011563: 6933428.843857 bit/s, bytes received: 866692 B, packets received: 717
[client] second 23.011592: 31407285.168598 bit/s, bytes received: 3926025 B, packets received: 3247
[client] second 24.012621: 11977584.394657 bit/s, bytes received: 1498739 B, packets received: 1245
[client] second 25.012647: 21314449.085434 bit/s, bytes received: 2664375 B, packets received: 2198
[client] second 26.013450: 28993384.317285 bit/s, bytes received: 3627081 B, packets received: 2989
[client] second 27.014451: 0.000000 bit/s, bytes received: 0 B, packets received: 12
[client] second 28.014480: 27209067.345183 bit/s, bytes received: 3401232 B, packets received: 2803
[client] second 29.014718: 23116284.845647 bit/s, bytes received: 2890224 B, packets received: 2382
[client] second 30.015389: 0.000000 bit/s, bytes received: 0 B, packets received: 12
[client] second 31.015417: 34342822.545851 bit/s, bytes received: 4292969 B, packets received: 3538
[client] second 32.016296: 15973852.922654 bit/s, bytes received: 1998487 B, packets received: 1647
[client] second 33.017063: 0.000000 bit/s, bytes received: 0 B, packets received: 10
[client] second 34.017084: 42226820.403783 bit/s, bytes received: 5278463 B, packets received: 4349
[client] second 35.017441: 8101055.843975 bit/s, bytes received: 1012993 B, packets received: 836
[client] second 36.018499: 0.000000 bit/s, bytes received: 0 B, packets received: 12
[client] second 37.018714: 50248096.478113 bit/s, bytes received: 6282362 B, packets received: 5177
[client] second 38.019181: 72718.074473 bit/s, bytes received: 9094 B, packets received: 8
[client] second 39.019500: 0.000000 bit/s, bytes received: 0 B, packets received: 12
[client] second 40.019829: 50315087.241870 bit/s, bytes received: 6291456 B, packets received: 5185
[client] total: bytes received: 59768832 B, packets received: 49420
