Bandwidth: 100 Mbit/s
RTT: 2000 ms
BDP: 25000000 B/s
Max In-Flight Packets: 19531
[server] starting server with pid 696681, port 18080, cc cubic, iw 32
[server][session 0] open
[client] connection establishment time: 4.004142 s
[server][session 0][stream 0] open
[client] time to first byte: 6.055288 s
[client] second 1.000904: 194432.343599 bit/s, bytes received: 24326 B, packets received: 30
[client] second 2.001132: 117765.180276 bit/s, bytes received: 14724 B, packets received: 12
[client] second 3.001705: 349063.812253 bit/s, bytes received: 43658 B, packets received: 36
[client] second 4.001855: 284621.483527 bit/s, bytes received: 35583 B, packets received: 29
[client] second 5.002042: 592889.123805 bit/s, bytes received: 74125 B, packets received: 61
[client] second 6.002610: 675232.007711 bit/s, bytes received: 84452 B, packets received: 70
[client] second 7.002656: 1028896.379589 bit/s, bytes received: 128618 B, packets received: 106
[client] second 8.003551: 1371221.367070 bit/s, bytes received: 171556 B, packets received: 141
[client] second 9.003689: 1910383.457740 bit/s, bytes received: 238831 B, packets received: 198
[client] second 10.003753: 1710170.778233 bit/s, bytes received: 213785 B, packets received: 178
[client] second 11.003932: 2719089.737025 bit/s, bytes received: 339947 B, packets received: 283
[client] second 12.004915: 4776920.864797 bit/s, bytes received: 597702 B, packets received: 495
[client] second 13.005455: 2096019.510179 bit/s, bytes received: 262144 B, packets received: 220
[client] second 14.005885: 7748907.532695 bit/s, bytes received: 969029 B, packets received: 800
[client] second 15.005929: 6927527.348130 bit/s, bytes received: 865979 B, packets received: 719
[client] second 16.006092: 6604484.706001 bit/s, bytes received: 825696 B, packets received: 690
[client] second 17.006387: 19265375.714694 bit/s, bytes received: 2408881 B, packets received: 1985
[client] second 18.006465: 7677221.023048 bit/s, bytes received: 959727 B, packets received: 805
[client] second 19.006532: 23547989.077468 bit/s, bytes received: 2943697 B, packets received: 2432
[client] second 20.007535: 22565122.207481 bit/s, bytes received: 2823471 B, packets received: 2328
[client] second 21.008350: 12572676.357869 bit/s, bytes received: 1572864 B, packets received: 1318
[client] second 22.008712: 20596820.890345 bit/s, bytes received: 2575536 B, packets received: 2123
[client] second 23.008777: 29725433.940508 bit/s, bytes received: 3715920 B, packets received: 3074
[client] second 24.009784: 0.000000 bit/s, bytes received: 0 B, packets received: 11
[client] second 25.009888: 36446914.249661 bit/s, bytes received: 4556340 B, packets received: 3754
[client] second 26.010868: 13867347.609415 bit/s, bytes received: 1735116 B, packets received: 1431
[client] second 27.011704: 0.000000 bit/s, bytes received: 0 B, packets received: 12
[client] second 28.012018: 42679680.368031 bit/s, bytes received: 5336637 B, packets received: 4397
[client] second 29.012182: 7637295.886308 bit/s, bytes received: 954819 B, packets received: 788
[client] second 30.013199: 0.000000 bit/s, bytes received: 0 B, packets received: 12
[client] second 31.013496: 50126177.877887 bit/s, bytes received: 6267638 B, packets received: 5165
[client] second 32.013856: 190475.528048 bit/s, bytes received: 23818 B, packets received: 20
[client] second 33.013973: 0.000000 bit/s, bytes received: 0 B, packets received: 9
[client] second 34.014298: 50315326.110732 bit/s, bytes received: 6291456 B, packets received: 5185
[client] second 35.014374: 0.000000 bit/s, bytes received: 0 B, packets received: 0
[client] second 36.014523: 4747333.231271 bit/s, bytes received: 593505 B, packets received: 501
[client] second 37.014766: 45572527.632349 bit/s, bytes received: 5697951 B, packets received: 4696
[client] second 38.014933: 0.000000 bit/s, bytes received: 0 B, packets received: 6
[client] second 39.015006: 12689967.038332 bit/s, bytes received: 1586361 B, packets received: 1312
[client] second 40.015590: 37618808.785554 bit/s, bytes received: 4705095 B, packets received: 3878
[client] total: bytes received: 59638987 B, packets received: 49310
