Bandwidth: 100 Mbit/s
RTT: 2000 ms
BDP: 25000000 B/s
Max In-Flight Packets: 19531
[server] starting server with pid 700351, port 18080, cc cubic, iw 32
[server][session 0] open
[client] connection establishment time: 4.005001 s
[server][session 0][stream 0] open
[client] time to first byte: 6.006135 s
[client] second 1.000794: 284678.117308 bit/s, bytes received: 35613 B, packets received: 38
[client] second 2.000903: 58889.547943 bit/s, bytes received: 7362 B, packets received: 6
[client] second 3.001745: 386250.813509 bit/s, bytes received: 48322 B, packets received: 40
[client] second 4.001824: 294456.951971 bit/s, bytes received: 36810 B, packets received: 30
[client] second 5.001978: 567552.724012 bit/s, bytes received: 70955 B, packets received: 59
[client] second 6.002160: 671405.390633 bit/s, bytes received: 83941 B, packets received: 69
[client] second 7.003163: 1096500.062410 bit/s, bytes received: 137200 B, packets received: 114
[client] second 8.004251: 1433935.622802 bit/s, bytes received: 179437 B, packets received: 148
[client] second 9.005210: 1983171.669378 bit/s, bytes received: 248134 B, packets received: 205
[client] second 10.006024: 1605108.619768 bit/s, bytes received: 200802 B, packets received: 170
[client] second 11.006787: 2071843.997265 bit/s, bytes received: 259178 B, packets received: 216
[client] second 12.007436: 4666485.466854 bit/s, bytes received: 583689 B, packets received: 483
[client] second 13.007828: 1645025.013307 bit/s, bytes received: 205709 B, packets received: 176
[client] second 14.008766: 7005499.160747 bit/s, bytes received: 876508 B, packets received: 725
[client] second 15.009342: 9759531.768681 bit/s, bytes received: 1220644 B, packets received: 1007
[client] second 16.010275: 4190392.984706 bit/s, bytes received: 524288 B, packets received: 443
[client] second 17.010965: 16169024.983413 bit/s, bytes received: 2022522 B, packets received: 1671
[client] second 18.011377: 13174511.638117 bit/s, bytes received: 1647494 B, packets received: 1368
[client] second 19.012248: 14109902.571483 bit/s, bytes received: 1765273 B, packets received: 1465
[client] second 20.012270: 33298569.816521 bit/s, bytes received: 4162415 B, packets received: 3430
[client] second 21.012588: 5241217.548688 bit/s, bytes received: 655360 B, packets received: 557
[client] second 22.013611: 31189768.873800 bit/s, bytes received: 3902712 B, packets received: 3218
[client] second 23.015466: 16746167.934802 bit/s, bytes received: 2097152 B, packets received: 1732
[client] second 24.015667: 12580383.091391 bit/s, bytes received: 1572864 B, packets received: 1314
[client] second 25.016506: 37717067.693886 bit/s, bytes received: 4718592 B, packets received: 3890
[client] second 26.017395: 12571736.957875 bit/s, bytes received: 1572864 B, packets received: 1309
[client] second 27.017499: 28612872.862093 bit/s, bytes received: 3576981 B, packets received: 2960
[client] second 28.017574: 21714169.526439 bit/s, bytes received: 2714475 B, packets received: 2251
[client] second 29.017793: 10944718.236896 bit/s, bytes received: 1368389 B, packets received: 1139
[client] second 30.018856: 26773149.229725 bit/s, bytes received: 3350203 B, packets received: 2775
[client] second 31.019128: 12579502.086949 bit/s, bytes received: 1572864 B, packets received: 1309
[client] second 32.019210: 29357709.599956 bit/s, bytes received: 3670016 B, packets received: 3024
[client] second 33.020250: 20949725.686123 bit/s, bytes received: 2621440 B, packets received: 2163
[client] second 34.021248: 0.000000 bit/s, bytes received: 0 B, packets received: 10
[client] second 35.021355: 50017953.326570 bit/s, bytes received: 6252914 B, packets received: 5153
[client] second 36.021932: 308158.266022 bit/s, bytes received: 38542 B, packets received: 32
[client] second 37.022560: 0.000000 bit/s, bytes received: 0 B, packets received: 12
[client] second 38.023394: 50289702.616290 bit/s, bytes received: 6291456 B, packets received: 5185
[client] second 39.023472: 0.000000 bit/s, bytes received: 0 B, packets received: 0
[client] second 40.023589: 4664927.873483 bit/s, bytes received: 583184 B, packets received: 493
[client] total: bytes received: 60877531 B, packets received: 50389
