Bandwidth: 100 Mbit/s
RTT: 2000 ms
BDP: 25000000 B/s
Max In-Flight Packets: 19531
[server] starting server with pid 700554, port 18080, cc cubic, iw 32
[server][session 0] open
[client] connection establishment time: 4.005048 s
[server][session 0][stream 0] open
[client] time to first byte: 6.006016 s
[client] second 1.000095: 284877.178814 bit/s, bytes received: 35613 B, packets received: 38
[client] second 2.000421: 29438.403316 bit/s, bytes received: 3681 B, packets received: 3
[client] second 3.001196: 415701.784974 bit/s, bytes received: 52003 B, packets received: 43
[client] second 4.001330: 255181.757415 bit/s, bytes received: 31902 B, packets received: 27
[client] second 5.001758: 616456.252891 bit/s, bytes received: 77090 B, packets received: 63
[client] second 6.001866: 671454.914147 bit/s, bytes received: 83941 B, packets received: 69
[client] second 7.002069: 1087571.681904 bit/s, bytes received: 135974 B, packets received: 112
[client] second 8.002125: 1435407.265518 bit/s, bytes received: 179436 B, packets received: 148
[client] second 9.002226: 1984881.212162 bit/s, bytes received: 248135 B, packets received: 205
[client] second 10.003158: 1604911.609304 bit/s, bytes received: 200801 B, packets received: 170
[client] second 11.003633: 2062603.034247 bit/s, bytes received: 257948 B, packets received: 215
[client] second 12.003975: 4658128.243049 bit/s, bytes received: 582465 B, packets received: 482
[client] second 13.004833: 1663876.904426 bit/s, bytes received: 208163 B, packets received: 178
[client] second 14.005280: 7008934.854025 bit/s, bytes received: 876508 B, packets received: 725
[client] second 15.005808: 9759999.032831 bit/s, bytes received: 1220644 B, packets received: 1007
[client] second 16.006674: 4190670.939736 bit/s, bytes received: 524288 B, packets received: 443
[client] second 17.006727: 16169512.895389 bit/s, bytes received: 2021295 B, packets received: 1669
[client] second 18.006798: 13188822.374625 bit/s, bytes received: 1648721 B, packets received: 1370
[client] second 19.006862: 14032991.740883 bit/s, bytes received: 1754236 B, packets received: 1455
[client] second 20.007874: 32071025.938926 bit/s, bytes received: 4012932 B, packets received: 3307
[client] second 21.008309: 12577434.841562 bit/s, bytes received: 1572864 B, packets received: 1310
[client] second 22.008374: 6752368.015700 bit/s, bytes received: 844101 B, packets received: 700
[client] second 23.008471: 31454138.379987 bit/s, bytes received: 3932150 B, packets received: 3253
[client] second 24.008777: 12117934.577965 bit/s, bytes received: 1515205 B, packets received: 1259
[client] second 25.008875: 21116616.864299 bit/s, bytes received: 2639835 B, packets received: 2178
[client] second 26.009231: 29202572.672598 bit/s, bytes received: 3651621 B, packets received: 3010
[client] second 27.009740: 0.000000 bit/s, bytes received: 0 B, packets received: 11
[client] second 28.010208: 26932241.849117 bit/s, bytes received: 3368103 B, packets received: 2775
[client] second 29.010475: 23380566.775817 bit/s, bytes received: 2923353 B, packets received: 2410
[client] second 30.010940: 0.000000 bit/s, bytes received: 0 B, packets received: 12
[client] second 31.010968: 34097418.821842 bit/s, bytes received: 4262294 B, packets received: 3512
[client] second 32.011557: 16223736.925532 bit/s, bytes received: 2029162 B, packets received: 1673
[client] second 33.011896: 0.000000 bit/s, bytes received: 0 B, packets received: 9
[client] second 34.011990: 41925236.906646 bit/s, bytes received: 5241148 B, packets received: 4318
[client] second 35.013080: 8393316.342744 bit/s, bytes received: 1050308 B, packets received: 867
[client] second 36.014076: 0.000000 bit/s, bytes received: 0 B, packets received: 12
[client] second 37.014108: 49923604.018810 bit/s, bytes received: 6240644 B, packets received: 5142
[client] second 38.014222: 406449.760243 bit/s, bytes received: 50812 B, packets received: 43
[client] second 39.014447: 0.000000 bit/s, bytes received: 0 B, packets received: 11
[client] second 40.014907: 50308513.982005 bit/s, bytes received: 6291456 B, packets received: 5185
[client] total: bytes received: 59768832 B, packets received: 49419
