Bandwidth: 100 Mbit/s
RTT: 2000 ms
BDP: 25000000 B/s
Max In-Flight Packets: 19531
[server] starting server with pid 701568, port 18080, cc cubic, iw 32
[server][session 0] open
[client] connection establishment time: 4.005384 s
[server][session 0][stream 0] open
[client] time to first byte: 6.006203 s
[client] second 1.000993: 284621.546985 bit/s, bytes received: 35613 B, packets received: 38
[client] second 2.001033: 98156.038226 bit/s, bytes received: 12270 B, packets received: 10
[client] second 3.001103: 347287.915930 bit/s, bytes received: 43414 B, packets received: 36
[client] second 4.001229: 245368.993702 bit/s, bytes received: 30675 B, packets received: 25
[client] second 5.001399: 616615.488608 bit/s, bytes received: 77090 B, packets received: 64
[client] second 6.001441: 651868.319716 bit/s, bytes received: 81487 B, packets received: 67
[client] second 7.002007: 1116599.554662 bit/s, bytes received: 139654 B, packets received: 116
[client] second 8.002081: 1435389.354877 bit/s, bytes received: 179437 B, packets received: 148
[client] second 9.002627: 1974187.264447 bit/s, bytes received: 246908 B, packets received: 204
[client] second 10.003121: 1615425.262671 bit/s, bytes received: 202028 B, packets received: 171
[client] second 11.004050: 2061669.012553 bit/s, bytes received: 257948 B, packets received: 215
[client] second 12.004336: 4658371.170133 bit/s, bytes received: 582463 B, packets received: 482
[client] second 13.004849: 1664466.205402 bit/s, bytes received: 208165 B, packets received: 178
[client] second 14.004894: 6992119.214539 bit/s, bytes received: 874054 B, packets received: 723
[client] second 15.005772: 9776206.122120 bit/s, bytes received: 1223098 B, packets received: 1009
[client] second 16.006287: 4192143.306458 bit/s, bytes received: 524288 B, packets received: 443
[client] second 17.006314: 16111027.294494 bit/s, bytes received: 2013933 B, packets received: 1663
[client] second 18.007400: 13234294.163694 bit/s, bytes received: 1656083 B, packets received: 1376
[client] second 19.007718: 13999961.786158 bit/s, bytes received: 1750552 B, packets received: 1452
[client] second 20.007809: 33276619.754995 bit/s, bytes received: 4159958 B, packets received: 3429
[client] second 21.007892: 5193370.612118 bit/s, bytes received: 649225 B, packets received: 552
[client] second 22.008682: 31383410.495117 bit/s, bytes received: 3926025 B, packets received: 3237
[client] second 23.009212: 16768329.690754 bit/s, bytes received: 2097152 B, packets received: 1732
[client] second 24.009442: 12580029.915146 bit/s, bytes received: 1572864 B, packets received: 1312
[client] second 25.009780: 37735991.951742 bit/s, bytes received: 4718592 B, packets received: 3890
[client] second 26.009905: 12581329.029763 bit/s, bytes received: 1572864 B, packets received: 1309
[client] second 27.009935: 28100533.236908 bit/s, bytes received: 3512672 B, packets received: 2907
[client] second 28.010145: 22225601.245447 bit/s, bytes received: 2778784 B, packets received: 2302
[client] second 29.010171: 10481447.817763 bit/s, bytes received: 1310215 B, packets received: 1091
[client] second 30.011241: 27237875.096284 bit/s, bytes received: 3408377 B, packets received: 2820
[client] second 31.012053: 12572701.432567 bit/s, bytes received: 1572864 B, packets received: 1308
[client] second 32.012126: 28790422.120837 bit/s, bytes received: 3599067 B, packets received: 2965
[client] second 33.013198: 21516059.177811 bit/s, bytes received: 2692389 B, packets received: 2223
[client] second 34.013434: 0.000000 bit/s, bytes received: 0 B, packets received: 11
[client] second 35.013481: 49378888.527329 bit/s, bytes received: 6172654 B, packets received: 5086
[client] second 36.014209: 949725.615009 bit/s, bytes received: 118802 B, packets received: 99
[client] second 37.014889: 0.000000 bit/s, bytes received: 0 B, packets received: 12
[client] second 38.015114: 50320362.199486 bit/s, bytes received: 6291456 B, packets received: 5185
[client] second 39.015198: 0.000000 bit/s, bytes received: 0 B, packets received: 0
[client] second 40.015271: 4042727.195098 bit/s, bytes received: 505378 B, packets received: 427
[client] total: bytes received: 60799725 B, packets received: 50318
