Bandwidth: 100 Mbit/s
RTT: 2000 ms
BDP: 25000000 B/s
Max In-Flight Packets: 19531
[server] starting server with pid 701769, port 18080, cc cubic, iw 32
[server][session 0] open
[client] connection establishment time: 4.005962 s
[server][session 0][stream 0] open
[client] time to first byte: 6.006952 s
[client] second 1.000748: 284691.346098 bit/s, bytes received: 35613 B, packets received: 38
[client] second 2.000819: 68707.071573 bit/s, bytes received: 8589 B, packets received: 7
[client] second 3.001644: 376449.645501 bit/s, bytes received: 47095 B, packets received: 39
[client] second 4.001682: 304284.268929 bit/s, bytes received: 38037 B, packets received: 31
[client] second 5.001786: 567580.978389 bit/s, bytes received: 70955 B, packets received: 59
[client] second 6.002002: 651707.105486 bit/s, bytes received: 81481 B, packets received: 67
[client] second 7.002876: 1106504.967770 bit/s, bytes received: 138434 B, packets received: 114
[client] second 8.003329: 1434837.959576 bit/s, bytes received: 179436 B, packets received: 148
[client] second 9.004108: 1983536.005656 bit/s, bytes received: 248135 B, packets received: 205
[client] second 10.005187: 1604676.451410 bit/s, bytes received: 200801 B, packets received: 170
[client] second 11.006164: 2061577.873464 bit/s, bytes received: 257949 B, packets received: 215
[client] second 12.006266: 4669027.021538 bit/s, bytes received: 583688 B, packets received: 483
[client] second 13.006861: 1654527.327915 bit/s, bytes received: 206939 B, packets received: 177
[client] second 14.007492: 6997832.109019 bit/s, bytes received: 875281 B, packets received: 725
[client] second 15.008513: 9764998.190737 bit/s, bytes received: 1221871 B, packets received: 1007
[client] second 16.008886: 4192742.228676 bit/s, bytes received: 524288 B, packets received: 443
[client] second 17.009643: 16167940.926872 bit/s, bytes received: 2022522 B, packets received: 1670
[client] second 18.010087: 13174091.584403 bit/s, bytes received: 1647494 B, packets received: 1369
[client] second 19.010143: 14101811.962544 bit/s, bytes received: 1762825 B, packets received: 1461
[client] second 20.011096: 32004235.834174 bit/s, bytes received: 4004343 B, packets received: 3301
[client] second 21.011895: 12572865.953209 bit/s, bytes received: 1572864 B, packets received: 1310
[client] second 22.012286: 6852333.965750 bit/s, bytes received: 856876 B, packets received: 710
[client] second 23.012697: 31493407.769174 bit/s, bytes received: 3938295 B, packets received: 3258
[client] second 24.013156: 11964782.039076 bit/s, bytes received: 1496285 B, packets received: 1242
[client] second 25.013211: 21245148.615662 bit/s, bytes received: 2655789 B, packets received: 2191
[client] second 26.013243: 29084434.178949 bit/s, bytes received: 3635667 B, packets received: 2996
[client] second 27.013347: 0.000000 bit/s, bytes received: 0 B, packets received: 11
[client] second 28.013747: 27032163.376419 bit/s, bytes received: 3380373 B, packets received: 2786
[client] second 29.014391: 23273673.240876 bit/s, bytes received: 2911083 B, packets received: 2399
[client] second 30.015314: 0.000000 bit/s, bytes received: 0 B, packets received: 12
[client] second 31.015346: 34283750.040507 bit/s, bytes received: 4285607 B, packets received: 3531
[client] second 32.016296: 16031567.653841 bit/s, bytes received: 2005849 B, packets received: 1654
[client] second 33.016750: 0.000000 bit/s, bytes received: 0 B, packets received: 10
[client] second 34.016802: 42176401.261477 bit/s, bytes received: 5272328 B, packets received: 4344
[client] second 35.017527: 8147120.441733 bit/s, bytes received: 1019128 B, packets received: 841
[client] second 36.018531: 0.000000 bit/s, bytes received: 0 B, packets received: 11
[client] second 37.018877: 50162964.410964 bit/s, bytes received: 6272546 B, packets received: 5168
[client] second 38.019644: 151164.062606 bit/s, bytes received: 18910 B, packets received: 17
[client] second 39.019884: 0.000000 bit/s, bytes received: 0 B, packets received: 12
[client] second 40.019936: 50328980.966641 bit/s, bytes received: 6291456 B, packets received: 5185
[client] total: bytes received: 59768832 B, packets received: 49417
