Bandwidth: 100 Mbit/s
RTT: 2000 ms
BDP: 25000000 B/s
Max In-Flight Packets: 19531
[server] starting server with pid 702374, port 18080, cc cubic, iw 32
[server][session 0] open
[client] connection establishment time: 4.005018 s
[server][session 0][stream 0] open
[client] time to first byte: 6.057510 s
[client] second 1.000287: 194552.381171 bit/s, bytes received: 24326 B, packets received: 30
[client] second 2.001313: 117671.173121 bit/s, bytes received: 14724 B, packets received: 12
[client] second 3.002406: 299864.469135 bit/s, bytes received: 37524 B, packets received: 31
[client] second 4.002634: 117765.078550 bit/s, bytes received: 14724 B, packets received: 12
[client] second 5.003267: 294253.955583 bit/s, bytes received: 36805 B, packets received: 30
[client] second 6.003668: 131635.209016 bit/s, bytes received: 16461 B, packets received: 14
[client] second 7.004684: 303939.077537 bit/s, bytes received: 38031 B, packets received: 31
[client] second 8.004924: 131704.405694 bit/s, bytes received: 16467 B, packets received: 14
[client] second 9.005377: 313921.669485 bit/s, bytes received: 39258 B, packets received: 32
[client] second 10.005593: 127532.460895 bit/s, bytes received: 15945 B, packets received: 13
[client] second 11.006077: 318094.158532 bit/s, bytes received: 39781 B, packets received: 33
[client] second 12.007103: 127429.242433 bit/s, bytes received: 15945 B, packets received: 13
[client] second 13.007212: 337795.277938 bit/s, bytes received: 42229 B, packets received: 35
[client] second 14.007282: 127519.045613 bit/s, bytes received: 15941 B, packets received: 13
[client] second 15.008297: 347255.579688 bit/s, bytes received: 43451 B, packets received: 36
[client] second 16.008582: 127523.631918 bit/s, bytes received: 15945 B, packets received: 13
[client] second 17.008643: 357514.094396 bit/s, bytes received: 44692 B, packets received: 37
[client] second 18.009473: 127454.216442 bit/s, bytes received: 15945 B, packets received: 13
[client] second 19.010230: 366954.273960 bit/s, bytes received: 45904 B, packets received: 38
[client] second 20.010356: 127591.959266 bit/s, bytes received: 15951 B, packets received: 13
[client] second 21.011483: 366866.574389 bit/s, bytes received: 45910 B, packets received: 38
[client] second 22.012662: 127457.713463 bit/s, bytes received: 15951 B, packets received: 13
[client] second 23.013480: 376739.985300 bit/s, bytes received: 47131 B, packets received: 39
[client] second 24.014485: 137285.970900 bit/s, bytes received: 17178 B, packets received: 14
[client] second 25.015263: 386563.428379 bit/s, bytes received: 48358 B, packets received: 40
[client] second 26.016050: 137316.054065 bit/s, bytes received: 17178 B, packets received: 14
[client] second 27.017134: 386444.495564 bit/s, bytes received: 48358 B, packets received: 40
[client] second 28.017302: 147167.217924 bit/s, bytes received: 18399 B, packets received: 15
[client] second 29.017616: 386734.721538 bit/s, bytes received: 48357 B, packets received: 40
[client] second 30.018212: 156906.442494 bit/s, bytes received: 19625 B, packets received: 16
[client] second 31.018810: 376934.753592 bit/s, bytes received: 47145 B, packets received: 39
[client] second 32.019859: 166649.183673 bit/s, bytes received: 20853 B, packets received: 17
[client] second 33.020866: 386434.864342 bit/s, bytes received: 48353 B, packets received: 40
[client] second 34.020982: 176667.679507 bit/s, bytes received: 22086 B, packets received: 18
[client] second 35.022038: 386487.415167 bit/s, bytes received: 48362 B, packets received: 40
[client] second 36.023033: 186318.665470 bit/s, bytes received: 23313 B, packets received: 19
[client] second 37.023824: 396366.090344 bit/s, bytes received: 49585 B, packets received: 41
[client] second 38.024929: 176445.222472 bit/s, bytes received: 22080 B, packets received: 18
[client] second 39.026053: 406095.449222 bit/s, bytes received: 50819 B, packets received: 42
[client] second 40.026878: 186350.177805 bit/s, bytes received: 23313 B, packets received: 19
[client] total: bytes received: 1232403 B, packets received: 1025
