Bandwidth: 100 Mbit/s
RTT: 2000 ms
BDP: 25000000 B/s
Max In-Flight Packets: 19531
[server] starting server with pid 703097, port 18080, cc cubic, iw 32
[server][session 0] open
[client] connection establishment time: 4.005701 s
[server][session 0][stream 0] open
[client] time to first byte: 6.006730 s
[client] second 1.000370: 284799.016247 bit/s, bytes received: 35613 B, packets received: 38
[client] second 2.000764: 29436.394525 bit/s, bytes received: 3681 B, packets received: 3
[client] second 3.001512: 405952.553308 bit/s, bytes received: 50782 B, packets received: 43
[client] second 4.001713: 255164.427442 bit/s, bytes received: 31902 B, packets received: 26
[client] second 5.001920: 616545.304872 bit/s, bytes received: 77084 B, packets received: 64
[client] second 6.002012: 651835.039083 bit/s, bytes received: 81487 B, packets received: 67
[client] second 7.002040: 1117200.450259 bit/s, bytes received: 139654 B, packets received: 115
[client] second 8.002725: 1424703.582249 bit/s, bytes received: 178210 B, packets received: 147
[client] second 9.003097: 1984335.577349 bit/s, bytes received: 248134 B, packets received: 205
[client] second 10.003322: 1615868.781783 bit/s, bytes received: 202029 B, packets received: 171
[client] second 11.003570: 2043459.856924 bit/s, bytes received: 255496 B, packets received: 213
[client] second 12.004024: 4657589.566119 bit/s, bytes received: 582463 B, packets received: 482
[client] second 13.004979: 1683328.587848 bit/s, bytes received: 210617 B, packets received: 180
[client] second 14.005378: 6960205.666863 bit/s, bytes received: 870373 B, packets received: 720
[client] second 15.005937: 9808751.801325 bit/s, bytes received: 1226779 B, packets received: 1012
[client] second 16.006879: 4190354.925711 bit/s, bytes received: 524288 B, packets received: 443
[client] second 17.007750: 16068029.663919 bit/s, bytes received: 2010252 B, packets received: 1660
[client] second 18.008106: 13273385.400552 bit/s, bytes received: 1659764 B, packets received: 1379
[client] second 19.008185: 13944419.171773 bit/s, bytes received: 1743190 B, packets received: 1445
[client] second 20.009147: 32160871.059097 bit/s, bytes received: 4023978 B, packets received: 3317
[client] second 21.009195: 12582317.925859 bit/s, bytes received: 1572864 B, packets received: 1310
[client] second 22.009673: 6592594.536180 bit/s, bytes received: 824469 B, packets received: 688
[client] second 23.009848: 31402599.634389 bit/s, bytes received: 3926012 B, packets received: 3247
[client] second 24.010437: 12320546.032113 bit/s, bytes received: 1540975 B, packets received: 1279
[client] second 25.010536: 20979270.905468 bit/s, bytes received: 2622667 B, packets received: 2165
[client] second 26.011014: 29336286.556088 bit/s, bytes received: 3668789 B, packets received: 3024
[client] second 27.011567: 0.000000 bit/s, bytes received: 0 B, packets received: 11
[client] second 28.011704: 26813528.818025 bit/s, bytes received: 3352152 B, packets received: 2762
[client] second 29.011904: 23509735.718703 bit/s, bytes received: 2939304 B, packets received: 2423
[client] second 30.012169: 0.000000 bit/s, bytes received: 0 B, packets received: 12
[client] second 31.012463: 33986194.826598 bit/s, bytes received: 4249519 B, packets received: 3502
[client] second 32.013633: 16316394.674134 bit/s, bytes received: 2041937 B, packets received: 1683
[client] second 33.014659: 0.000000 bit/s, bytes received: 0 B, packets received: 10
[client] second 34.014859: 41910960.451779 bit/s, bytes received: 5239921 B, packets received: 4318
[client] second 35.015380: 8407906.560139 bit/s, bytes received: 1051535 B, packets received: 867
[client] second 36.016270: 0.000000 bit/s, bytes received: 0 B, packets received: 11
[client] second 37.016514: 49854073.110300 bit/s, bytes received: 6233282 B, packets received: 5137
[client] second 38.017149: 465096.739846 bit/s, bytes received: 58174 B, packets received: 48
[client] second 39.017617: 0.000000 bit/s, bytes received: 0 B, packets received: 12
[client] second 40.018057: 50309491.548993 bit/s, bytes received: 6291456 B, packets received: 5185
[client] total: bytes received: 59768832 B, packets received: 49424
