Bandwidth: 100 Mbit/s
RTT: 2000 ms
BDP: 25000000 B/s
Max In-Flight Packets: 19531
[server] starting server with pid 690330, port 18080, cc cubic, iw 32
[server][session 0] open
[client] connection establishment time: 4.004900 s
[server][session 0][stream 0] open
[client] time to first byte: 6.005763 s
[client] second 1.000162: 284818.211770 bit/s, bytes received: 35608 B, packets received: 38
[client] second 2.000877: 49044.903565 bit/s, bytes received: 6135 B, packets received: 6
[client] second 3.001220: 386483.547064 bit/s, bytes received: 48327 B, packets received: 39
[client] second 4.001427: 235535.233137 bit/s, bytes received: 29448 B, packets received: 24
[client] second 5.001487: 636314.135491 bit/s, bytes received: 79544 B, packets received: 66
[client] second 6.002010: 661365.443846 bit/s, bytes received: 82714 B, packets received: 68
[client] second 7.002814: 1106525.968051 bit/s, bytes received: 138427 B, packets received: 115
[client] second 8.003842: 1434021.928707 bit/s, bytes received: 179437 B, packets received: 148
[client] second 9.004111: 1974732.802800 bit/s, bytes received: 246908 B, packets received: 204
[client] second 10.005090: 1614643.488460 bit/s, bytes received: 202028 B, packets received: 171
[client] second 11.005423: 2053084.852440 bit/s, bytes received: 256721 B, packets received: 214
[client] second 12.005725: 4668111.761389 bit/s, bytes received: 583690 B, packets received: 483
[client] second 13.006289: 1664381.461951 bit/s, bytes received: 208165 B, packets received: 178
[client] second 14.007033: 6967611.602858 bit/s, bytes received: 871600 B, packets received: 722
[client] second 15.007507: 9799770.487399 bit/s, bytes received: 1225552 B, packets received: 1010
[client] second 16.007641: 4193744.185476 bit/s, bytes received: 524288 B, packets received: 443
[client] second 17.008235: 16092087.095649 bit/s, bytes received: 2012706 B, packets received: 1663
[client] second 18.008889: 13249817.163540 bit/s, bytes received: 1657310 B, packets received: 1376
[client] second 19.009471: 13966862.713260 bit/s, bytes received: 1746874 B, packets received: 1449
[client] second 20.009610: 32157870.993624 bit/s, bytes received: 4020294 B, packets received: 3313
[client] second 21.010390: 12573109.362712 bit/s, bytes received: 1572864 B, packets received: 1310
[client] second 22.010960: 6631234.445720 bit/s, bytes received: 829377 B, packets received: 691
[client] second 23.011076: 31424086.702529 bit/s, bytes received: 3928466 B, packets received: 3249
[client] second 24.011482: 12263921.266901 bit/s, bytes received: 1533613 B, packets received: 1274
[client] second 25.011510: 20937445.186224 bit/s, bytes received: 2617254 B, packets received: 2159
[client] second 26.011545: 29392604.042035 bit/s, bytes received: 3674202 B, packets received: 3028
[client] second 27.011592: 0.000000 bit/s, bytes received: 0 B, packets received: 12
[client] second 28.011610: 26714529.929128 bit/s, bytes received: 3339377 B, packets received: 2752
[client] second 29.011774: 23612795.511049 bit/s, bytes received: 2952079 B, packets received: 2433
[client] second 30.012296: 0.000000 bit/s, bytes received: 0 B, packets received: 12
[client] second 31.012365: 33856416.419313 bit/s, bytes received: 4232341 B, packets received: 3487
[client] second 32.012651: 16468202.436389 bit/s, bytes received: 2059115 B, packets received: 1698
[client] second 33.012977: 0.000000 bit/s, bytes received: 0 B, packets received: 10
[client] second 34.013289: 41660981.480514 bit/s, bytes received: 5209246 B, packets received: 4292
[client] second 35.013669: 8654385.189015 bit/s, bytes received: 1082210 B, packets received: 893
[client] second 36.014662: 0.000000 bit/s, bytes received: 0 B, packets received: 10
[client] second 37.014702: 49555910.805152 bit/s, bytes received: 6194740 B, packets received: 5105
[client] second 38.014895: 773579.651404 bit/s, bytes received: 96716 B, packets received: 80
[client] second 39.014948: 0.000000 bit/s, bytes received: 0 B, packets received: 12
[client] second 40.015031: 50327463.271429 bit/s, bytes received: 6291456 B, packets received: 5185
[client] total: bytes received: 59768832 B, packets received: 49422
