Bandwidth: 100 Mbit/s
RTT: 2000 ms
BDP: 25000000 B/s
Max In-Flight Packets: 19531
[server] starting server with pid 705957, port 18080, cc cubic, iw 32
[server][session 0] open
[client] connection establishment time: 4.005336 s
[server][session 0][stream 0] open
[client] time to first byte: 6.006223 s
[client] second 1.001015: 284615.374964 bit/s, bytes received: 35613 B, packets received: 37
[client] second 2.001069: 88339.219876 bit/s, bytes received: 11043 B, packets received: 9
[client] second 3.001358: 357024.822682 bit/s, bytes received: 44641 B, packets received: 37
[client] second 4.001802: 245291.043436 bit/s, bytes received: 30675 B, packets received: 25
[client] second 5.002745: 616139.125597 bit/s, bytes received: 77090 B, packets received: 64
[client] second 6.002776: 720586.018524 bit/s, bytes received: 90076 B, packets received: 75
[client] second 7.003098: 1048181.548467 bit/s, bytes received: 131065 B, packets received: 107
[client] second 8.003893: 1434355.562539 bit/s, bytes received: 179437 B, packets received: 148
[client] second 9.004413: 1984049.429173 bit/s, bytes received: 248135 B, packets received: 205
[client] second 10.004587: 1606127.992464 bit/s, bytes received: 200801 B, packets received: 170
[client] second 11.004645: 2063464.882363 bit/s, bytes received: 257948 B, packets received: 215
[client] second 12.005674: 4654904.711236 bit/s, bytes received: 582462 B, packets received: 482
[client] second 13.006758: 1663524.352001 bit/s, bytes received: 208166 B, packets received: 178
[client] second 14.006981: 6990876.334271 bit/s, bytes received: 874054 B, packets received: 723
[client] second 15.007396: 9780720.286774 bit/s, bytes received: 1223098 B, packets received: 1009
[client] second 16.008464: 4189829.166085 bit/s, bytes received: 524288 B, packets received: 443
[client] second 17.009131: 16149781.543333 bit/s, bytes received: 2020068 B, packets received: 1668
[client] second 18.009655: 13192664.342011 bit/s, bytes received: 1649948 B, packets received: 1371
[client] second 19.010424: 14062335.827837 bit/s, bytes received: 1759144 B, packets received: 1459
[client] second 20.011337: 32034972.581159 bit/s, bytes received: 4008024 B, packets received: 3303
[client] second 21.011699: 12578351.555125 bit/s, bytes received: 1572864 B, packets received: 1310
[client] second 22.012026: 6823335.278826 bit/s, bytes received: 853195 B, packets received: 711
[client] second 23.012063: 31446264.262126 bit/s, bytes received: 3930933 B, packets received: 3250
[client] second 24.012343: 12055245.421029 bit/s, bytes received: 1507328 B, packets received: 1252
[client] second 25.012396: 14826476.311561 bit/s, bytes received: 1853406 B, packets received: 1531
[client] second 26.012797: 35490140.487434 bit/s, bytes received: 4438050 B, packets received: 3657
[client] second 27.013857: 0.000000 bit/s, bytes received: 0 B, packets received: 14
[client] second 28.014040: 3370879.584105 bit/s, bytes received: 421437 B, packets received: 348
[client] second 29.014394: 40830897.605838 bit/s, bytes received: 5105673 B, packets received: 4207
[client] second 30.014762: 6112520.524004 bit/s, bytes received: 764346 B, packets received: 634
[client] second 31.014923: 0.000000 bit/s, bytes received: 0 B, packets received: 8
[client] second 32.015312: 32748337.677901 bit/s, bytes received: 4095134 B, packets received: 3374
[client] second 33.016356: 17552235.476076 bit/s, bytes received: 2196322 B, packets received: 1811
[client] second 34.016836: 0.000000 bit/s, bytes received: 0 B, packets received: 12
[client] second 35.017123: 21338392.081342 bit/s, bytes received: 2668066 B, packets received: 2198
[client] second 36.017580: 28973879.140050 bit/s, bytes received: 3623390 B, packets received: 2987
[client] second 37.017867: 0.000000 bit/s, bytes received: 0 B, packets received: 14
[client] second 38.018242: 9885016.697115 bit/s, bytes received: 1236090 B, packets received: 1019
[client] second 39.019280: 40400965.537145 bit/s, bytes received: 5055366 B, packets received: 4166
[client] second 40.019542: 0.000000 bit/s, bytes received: 0 B, packets received: 12
[client] total: bytes received: 53477376 B, packets received: 44243
