Bandwidth: 100 Mbit/s
RTT: 2000 ms
BDP: 25000000 B/s
Max In-Flight Packets: 19531
[server] starting server with pid 706147, port 18080, cc cubic, iw 32
[server][session 0] open
[client] connection establishment time: 4.005291 s
[server][session 0][stream 0] open
[client] time to first byte: 6.006440 s
[client] second 1.000204: 284846.116421 bit/s, bytes received: 35613 B, packets received: 37
[client] second 2.000747: 29432.029975 bit/s, bytes received: 3681 B, packets received: 3
[client] second 3.001711: 405864.704621 bit/s, bytes received: 50782 B, packets received: 43
[client] second 4.001751: 274836.774567 bit/s, bytes received: 34356 B, packets received: 28
[client] second 5.002056: 596858.484591 bit/s, bytes received: 74630 B, packets received: 62
[client] second 6.002101: 651866.065007 bit/s, bytes received: 81487 B, packets received: 67
[client] second 7.002604: 1116670.255678 bit/s, bytes received: 139654 B, packets received: 116
[client] second 8.002795: 1425409.110976 bit/s, bytes received: 178210 B, packets received: 147
[client] second 9.003776: 1983133.366203 bit/s, bytes received: 248135 B, packets received: 205
[client] second 10.004152: 1615616.521725 bit/s, bytes received: 202028 B, packets received: 171
[client] second 11.005085: 2051870.579388 bit/s, bytes received: 256723 B, packets received: 214
[client] second 12.005961: 4655610.118508 bit/s, bytes received: 582461 B, packets received: 482
[client] second 13.006244: 1674660.595675 bit/s, bytes received: 209392 B, packets received: 179
[client] second 14.006289: 6992118.816006 bit/s, bytes received: 874054 B, packets received: 723
[client] second 15.007155: 9776322.807689 bit/s, bytes received: 1223098 B, packets received: 1009
[client] second 16.007744: 4191832.541644 bit/s, bytes received: 524288 B, packets received: 443
[client] second 17.008138: 16114935.259919 bit/s, bytes received: 2015160 B, packets received: 1664
[client] second 18.008796: 13230141.006061 bit/s, bytes received: 1654856 B, packets received: 1375
[client] second 19.009452: 14024689.584768 bit/s, bytes received: 1754236 B, packets received: 1455
[client] second 20.010040: 33230641.848480 bit/s, bytes received: 4156274 B, packets received: 3425
[client] second 21.010146: 5271769.946249 bit/s, bytes received: 659041 B, packets received: 561
[client] second 22.011196: 31296818.915467 bit/s, bytes received: 3916209 B, packets received: 3228
[client] second 23.011759: 16767775.088682 bit/s, bytes received: 2097152 B, packets received: 1732
[client] second 24.012503: 12573561.205987 bit/s, bytes received: 1572864 B, packets received: 1312
[client] second 25.013723: 37702724.801140 bit/s, bytes received: 4718592 B, packets received: 3890
[client] second 26.014290: 12575791.260018 bit/s, bytes received: 1572864 B, packets received: 1308
[client] second 27.014428: 28356695.551880 bit/s, bytes received: 3545079 B, packets received: 2933
[client] second 28.015056: 21957233.422623 bit/s, bytes received: 2746377 B, packets received: 2276
[client] second 29.015645: 10754271.927117 bit/s, bytes received: 1345076 B, packets received: 1121
[client] second 30.016217: 26972701.044556 bit/s, bytes received: 3373516 B, packets received: 2791
[client] second 31.016408: 12580508.896352 bit/s, bytes received: 1572864 B, packets received: 1309
[client] second 32.016453: 29040656.857203 bit/s, bytes received: 3630247 B, packets received: 2992
[client] second 33.017289: 21271884.535239 bit/s, bytes received: 2661209 B, packets received: 2196
[client] second 34.017763: 0.000000 bit/s, bytes received: 0 B, packets received: 11
[client] second 35.017808: 49614580.664683 bit/s, bytes received: 6202102 B, packets received: 5110
[client] second 36.018804: 714121.159513 bit/s, bytes received: 89354 B, packets received: 75
[client] second 37.019295: 0.000000 bit/s, bytes received: 0 B, packets received: 12
[client] second 38.020265: 50282822.926393 bit/s, bytes received: 6291456 B, packets received: 5185
[client] second 39.020342: 0.000000 bit/s, bytes received: 0 B, packets received: 0
[client] second 40.020392: 4302064.066498 bit/s, bytes received: 537785 B, packets received: 455
[client] total: bytes received: 60832132 B, packets received: 50345
