Bandwidth: 100 Mbit/s
RTT: 2000 ms
BDP: 25000000 B/s
Max In-Flight Packets: 19531
[server] starting server with pid 706871, port 18080, cc cubic, iw 32
[server][session 0] open
[client] connection establishment time: 4.004731 s
[server][session 0][stream 0] open
[client] time to first byte: 6.005809 s
[client] second 1.000412: 284786.763542 bit/s, bytes received: 35613 B, packets received: 39
[client] second 2.000632: 58883.085585 bit/s, bytes received: 7362 B, packets received: 6
[client] second 3.001560: 376410.587838 bit/s, bytes received: 47095 B, packets received: 39
[client] second 4.001661: 314080.247743 bit/s, bytes received: 39264 B, packets received: 32
[client] second 5.002714: 557236.930276 bit/s, bytes received: 69728 B, packets received: 58
[client] second 6.003747: 749282.318801 bit/s, bytes received: 93757 B, packets received: 78
[client] second 7.003908: 1018907.672608 bit/s, bytes received: 127384 B, packets received: 105
[client] second 8.004808: 1434204.874272 bit/s, bytes received: 179437 B, packets received: 148
[client] second 9.005178: 1984345.954713 bit/s, bytes received: 248135 B, packets received: 205
[client] second 10.005625: 1605691.465001 bit/s, bytes received: 200801 B, packets received: 170
[client] second 11.006453: 2061884.652290 bit/s, bytes received: 257949 B, packets received: 215
[client] second 12.006501: 4659487.175084 bit/s, bytes received: 582464 B, packets received: 482
[client] second 13.007355: 1663882.498593 bit/s, bytes received: 208163 B, packets received: 178
[client] second 14.008091: 6997100.254334 bit/s, bytes received: 875281 B, packets received: 724
[client] second 15.009131: 9764814.984795 bit/s, bytes received: 1221871 B, packets received: 1008
[client] second 16.009222: 4193919.639847 bit/s, bytes received: 524288 B, packets received: 443
[client] second 17.009795: 16161107.297400 bit/s, bytes received: 2021295 B, packets received: 1669
[client] second 18.010469: 13180888.114762 bit/s, bytes received: 1648721 B, packets received: 1369
[client] second 19.011207: 14092144.528501 bit/s, bytes received: 1762819 B, packets received: 1462
[client] second 20.011413: 32028211.003344 bit/s, bytes received: 4004349 B, packets received: 3300
[client] second 21.011713: 12579150.632694 bit/s, bytes received: 1572864 B, packets received: 1310
[client] second 22.011741: 6825360.153455 bit/s, bytes received: 853195 B, packets received: 708
[client] second 23.011795: 31431812.734547 bit/s, bytes received: 3929191 B, packets received: 3250
[client] second 24.012335: 12066043.829558 bit/s, bytes received: 1509070 B, packets received: 1253
[client] second 25.012372: 21196465.684176 bit/s, bytes received: 2649654 B, packets received: 2186
[client] second 26.012421: 29132998.679614 bit/s, bytes received: 3641802 B, packets received: 3002
[client] second 27.012863: 0.000000 bit/s, bytes received: 0 B, packets received: 11
[client] second 28.013094: 26987667.905602 bit/s, bytes received: 3374238 B, packets received: 2780
[client] second 29.013402: 23330557.721611 bit/s, bytes received: 2917218 B, packets received: 2405
[client] second 30.013626: 0.000000 bit/s, bytes received: 0 B, packets received: 12
[client] second 31.013672: 34136040.519322 bit/s, bytes received: 4267202 B, packets received: 3517
[client] second 32.014036: 16188137.931355 bit/s, bytes received: 2024254 B, packets received: 1668
[client] second 33.014840: 0.000000 bit/s, bytes received: 0 B, packets received: 9
[client] second 34.015233: 42005078.150481 bit/s, bytes received: 5252696 B, packets received: 4329
[client] second 35.015550: 8307444.131052 bit/s, bytes received: 1038760 B, packets received: 856
[client] second 36.015971: 0.000000 bit/s, bytes received: 0 B, packets received: 12
[client] second 37.016372: 49973841.730441 bit/s, bytes received: 6249233 B, packets received: 5149
[client] second 38.017317: 337465.299459 bit/s, bytes received: 42223 B, packets received: 36
[client] second 39.017487: 0.000000 bit/s, bytes received: 0 B, packets received: 12
[client] second 40.018067: 50302467.337488 bit/s, bytes received: 6291456 B, packets received: 5185
[client] total: bytes received: 59768832 B, packets received: 49420
