Bandwidth: 100 Mbit/s
RTT: 2000 ms
BDP: 25000000 B/s
Max In-Flight Packets: 19531
[server] starting server with pid 707088, port 18080, cc cubic, iw 32
[server][session 0] open
[client] connection establishment time: 4.004314 s
[server][session 0][stream 0] open
[client] time to first byte: 6.005142 s
[client] second 1.000689: 284708.152963 bit/s, bytes received: 35613 B, packets received: 37
[client] second 2.000780: 58890.589427 bit/s, bytes received: 7362 B, packets received: 6
[client] second 3.001199: 386414.125713 bit/s, bytes received: 48322 B, packets received: 40
[client] second 4.001368: 245358.657802 bit/s, bytes received: 30675 B, packets received: 25
[client] second 5.002128: 616251.447386 bit/s, bytes received: 77090 B, packets received: 64
[client] second 6.002178: 691125.804477 bit/s, bytes received: 86395 B, packets received: 71
[client] second 7.003232: 1076832.727560 bit/s, bytes received: 134746 B, packets received: 112
[client] second 8.003634: 1434918.397993 bit/s, bytes received: 179437 B, packets received: 148
[client] second 9.004475: 1983411.879207 bit/s, bytes received: 248135 B, packets received: 205
[client] second 10.005145: 1605332.626202 bit/s, bytes received: 200801 B, packets received: 170
[client] second 11.005671: 2072303.798046 bit/s, bytes received: 259174 B, packets received: 216
[client] second 12.006709: 4654875.900471 bit/s, bytes received: 582464 B, packets received: 482
[client] second 13.007687: 1653886.117330 bit/s, bytes received: 206938 B, packets received: 177
[client] second 14.008023: 7019525.651097 bit/s, bytes received: 877735 B, packets received: 726
[client] second 15.008263: 9752992.014664 bit/s, bytes received: 1219417 B, packets received: 1006
[client] second 16.009307: 4189932.069851 bit/s, bytes received: 524288 B, packets received: 443
[client] second 17.009361: 16169479.701186 bit/s, bytes received: 2021295 B, packets received: 1669
[client] second 18.009586: 13186800.073281 bit/s, bytes received: 1648721 B, packets received: 1370
[client] second 19.009629: 14062734.269663 bit/s, bytes received: 1757917 B, packets received: 1457
[client] second 20.010375: 32050083.830324 bit/s, bytes received: 4009251 B, packets received: 3305
[client] second 21.010581: 12580329.333870 bit/s, bytes received: 1572864 B, packets received: 1310
[client] second 22.010675: 6752175.483209 bit/s, bytes received: 844101 B, packets received: 701
[client] second 23.010699: 31446608.809646 bit/s, bytes received: 3930923 B, packets received: 3252
[client] second 24.011707: 12119233.716439 bit/s, bytes received: 1516432 B, packets received: 1259
[client] second 25.011952: 21113511.961223 bit/s, bytes received: 2639835 B, packets received: 2178
[client] second 26.012760: 29189397.503137 bit/s, bytes received: 3651621 B, packets received: 3009
[client] second 27.013026: 0.000000 bit/s, bytes received: 0 B, packets received: 13
[client] second 28.013356: 26984984.383262 bit/s, bytes received: 3374238 B, packets received: 2780
[client] second 29.013922: 23324549.115969 bit/s, bytes received: 2917218 B, packets received: 2405
[client] second 30.014703: 0.000000 bit/s, bytes received: 0 B, packets received: 12
[client] second 31.014804: 34222512.458317 bit/s, bytes received: 4278245 B, packets received: 3526
[client] second 32.014978: 16102883.183704 bit/s, bytes received: 2013211 B, packets received: 1659
[client] second 33.015387: 0.000000 bit/s, bytes received: 0 B, packets received: 10
[client] second 34.015719: 42037093.020532 bit/s, bytes received: 5256377 B, packets received: 4332
[client] second 35.016757: 8272045.748865 bit/s, bytes received: 1035079 B, packets received: 853
[client] second 36.017817: 0.000000 bit/s, bytes received: 0 B, packets received: 11
[client] second 37.017842: 50080942.354425 bit/s, bytes received: 6260276 B, packets received: 5158
[client] second 38.018437: 249291.888210 bit/s, bytes received: 31180 B, packets received: 27
[client] second 39.018749: 0.000000 bit/s, bytes received: 0 B, packets received: 12
[client] second 40.019829: 50277308.335428 bit/s, bytes received: 6291456 B, packets received: 5185
[client] total: bytes received: 59768832 B, packets received: 49421
